01.04.2016 07:45:38	Copy d:\CB_IN\a0106960_116.esd --> M:\CB_IN
01.04.2016 07:45:38	Copy d:\CB_IN\a0106960_117.epd --> M:\CB_IN
01.04.2016 07:45:39	Copy d:\CB_IN\a0106960_118.esd --> M:\CB_IN
01.04.2016 07:45:39	Copy d:\CB_IN\a0106960_119.epd --> M:\CB_IN
01.04.2016 07:45:39	Copy d:\CB_IN\a0106960_120.esd --> M:\CB_IN
01.04.2016 07:45:40	Copy d:\CB_IN\a0106960_121.epd --> M:\CB_IN
01.04.2016 07:45:40	Copy d:\CB_IN\a0106960_122.esd --> M:\CB_IN
01.04.2016 07:45:40	Copy d:\CB_IN\a0106960_123.esd --> M:\CB_IN
01.04.2016 07:45:41	Copy d:\CB_IN\a0106960_124.epd --> M:\CB_IN
01.04.2016 07:45:41	Copy d:\CB_IN\a0106960_125.epd --> M:\CB_IN
01.04.2016 07:45:41	Copy d:\CB_IN\a0106960_126.esd --> M:\CB_IN
01.04.2016 07:45:42	Copy d:\CB_IN\a0106960_127.esd --> M:\CB_IN
01.04.2016 07:45:42	Copy d:\CB_IN\a0106960_128.epd --> M:\CB_IN
01.04.2016 07:45:43	Copy d:\CB_IN\a0106960_129.esd --> M:\CB_IN
01.04.2016 07:45:43	Copy d:\CB_IN\a0106960_130.esd --> M:\CB_IN
01.04.2016 07:45:43	Copy d:\CB_IN\a0106960_131.epd --> M:\CB_IN
01.04.2016 07:45:44	Copy d:\CB_IN\a0106960_132.esd --> M:\CB_IN
01.04.2016 07:45:44	Copy d:\CB_IN\a0106960_133.epd --> M:\CB_IN
01.04.2016 07:45:45	Copy d:\CB_IN\a0106960_134.esd --> M:\CB_IN
01.04.2016 07:45:45	Copy d:\CB_IN\a0106960_135.epd --> M:\CB_IN
01.04.2016 07:45:45	Copy d:\CB_IN\a0106960_136.esd --> M:\CB_IN
01.04.2016 07:45:46	Copy d:\CB_IN\a0106960_137.esd --> M:\CB_IN
01.04.2016 07:45:46	Copy d:\CB_IN\a0106960_138.epd --> M:\CB_IN
01.04.2016 07:45:46	Copy d:\CB_IN\a0106960_139.esd --> M:\CB_IN
01.04.2016 07:45:47	Copy d:\CB_IN\a0106960_140.esd --> M:\CB_IN
01.04.2016 07:45:48	Copy d:\CB_IN\a0106960_141.esd --> M:\CB_IN
01.04.2016 07:45:48	Copy d:\CB_IN\a0106960_142.esd --> M:\CB_IN
01.04.2016 07:45:48	Copy d:\CB_IN\a0106960_143.esd --> M:\CB_IN
01.04.2016 07:45:48	Скопировано 28 файлов
01.04.2016 07:45:48	Delete d:\CB_IN\a0106960_116.esd
01.04.2016 07:45:49	Delete d:\CB_IN\a0106960_117.epd
01.04.2016 07:45:49	Delete d:\CB_IN\a0106960_118.esd
01.04.2016 07:45:49	Delete d:\CB_IN\a0106960_119.epd
01.04.2016 07:45:49	Delete d:\CB_IN\a0106960_120.esd
01.04.2016 07:45:49	Delete d:\CB_IN\a0106960_121.epd
01.04.2016 07:45:49	Delete d:\CB_IN\a0106960_122.esd
01.04.2016 07:45:50	Delete d:\CB_IN\a0106960_123.esd
01.04.2016 07:45:50	Delete d:\CB_IN\a0106960_124.epd
01.04.2016 07:45:50	Delete d:\CB_IN\a0106960_125.epd
01.04.2016 07:45:50	Delete d:\CB_IN\a0106960_126.esd
01.04.2016 07:45:50	Delete d:\CB_IN\a0106960_127.esd
01.04.2016 07:45:50	Delete d:\CB_IN\a0106960_128.epd
01.04.2016 07:45:50	Delete d:\CB_IN\a0106960_129.esd
01.04.2016 07:45:50	Delete d:\CB_IN\a0106960_130.esd
01.04.2016 07:45:51	Delete d:\CB_IN\a0106960_131.epd
01.04.2016 07:45:51	Delete d:\CB_IN\a0106960_132.esd
01.04.2016 07:45:51	Delete d:\CB_IN\a0106960_133.epd
01.04.2016 07:45:51	Delete d:\CB_IN\a0106960_134.esd
01.04.2016 07:45:51	Delete d:\CB_IN\a0106960_135.epd
01.04.2016 07:45:51	Delete d:\CB_IN\a0106960_136.esd
01.04.2016 07:45:51	Delete d:\CB_IN\a0106960_137.esd
01.04.2016 07:45:52	Delete d:\CB_IN\a0106960_138.epd
01.04.2016 07:45:52	Delete d:\CB_IN\a0106960_139.esd
01.04.2016 07:45:52	Delete d:\CB_IN\a0106960_140.esd
01.04.2016 07:45:52	Delete d:\CB_IN\a0106960_141.esd
01.04.2016 07:45:52	Delete d:\CB_IN\a0106960_142.esd
01.04.2016 07:45:52	Delete d:\CB_IN\a0106960_143.esd
01.04.2016 07:45:52	Удалено 28 файлов
01.04.2016 09:30:03	Copy d:\CB_IN\a0106960_001.esd --> M:\CB_IN
01.04.2016 09:30:03	Copy d:\CB_IN\a0106960_002.esd --> M:\CB_IN
01.04.2016 09:30:04	Copy d:\CB_IN\a0106960_003.esd --> M:\CB_IN
01.04.2016 09:30:05	Copy d:\CB_IN\a0106960_004.epd --> M:\CB_IN
01.04.2016 09:30:05	Скопировано 4 файлов
01.04.2016 09:30:05	Delete d:\CB_IN\a0106960_001.esd
01.04.2016 09:30:05	Delete d:\CB_IN\a0106960_002.esd
01.04.2016 09:30:05	Delete d:\CB_IN\a0106960_003.esd
01.04.2016 09:30:05	Delete d:\CB_IN\a0106960_004.epd
01.04.2016 09:30:05	Удалено 4 файлов
01.04.2016 10:20:08	Copy d:\CB_IN\a0106960_005.esd --> M:\CB_IN
01.04.2016 10:20:08	Copy d:\CB_IN\a0106960_006.epd --> M:\CB_IN
01.04.2016 10:20:09	Copy d:\CB_IN\a0106960_007.esd --> M:\CB_IN
01.04.2016 10:20:09	Copy d:\CB_IN\a0106960_008.epd --> M:\CB_IN
01.04.2016 10:20:09	Скопировано 4 файлов
01.04.2016 10:20:09	Error copy d:\CB_IN\a0106960_005.esd
01.04.2016 10:20:09	Delete d:\CB_IN\a0106960_006.epd
01.04.2016 10:20:10	Delete d:\CB_IN\a0106960_007.esd
01.04.2016 10:20:10	Delete d:\CB_IN\a0106960_008.epd
01.04.2016 10:20:10	Удалено 3 файлов
01.04.2016 10:37:28	Copy d:\CB_IN\a0106960_005.esd --> M:\CB_IN
01.04.2016 10:37:28	Скопировано 1 файлов
01.04.2016 10:37:29	Delete d:\CB_IN\a0106960_005.esd
01.04.2016 10:37:29	Удалено 1 файлов
01.04.2016 10:48:34	Copy d:\CB_IN\a0106960_009.esd --> M:\CB_IN
01.04.2016 10:48:35	Copy d:\CB_IN\a0106960_010.epd --> M:\CB_IN
01.04.2016 10:48:35	Copy d:\CB_IN\a0106960_011.esd --> M:\CB_IN
01.04.2016 10:48:36	Copy d:\CB_IN\a0106960_012.epd --> M:\CB_IN
01.04.2016 10:48:36	Copy d:\CB_IN\a0106960_013.esd --> M:\CB_IN
01.04.2016 10:48:36	Copy d:\CB_IN\a0106960_014.esd --> M:\CB_IN
01.04.2016 10:48:37	Copy d:\CB_IN\a0106960_015.esd --> M:\CB_IN
01.04.2016 10:48:37	Скопировано 7 файлов
01.04.2016 10:48:37	Delete d:\CB_IN\a0106960_009.esd
01.04.2016 10:48:37	Delete d:\CB_IN\a0106960_010.epd
01.04.2016 10:48:37	Delete d:\CB_IN\a0106960_011.esd
01.04.2016 10:48:37	Delete d:\CB_IN\a0106960_012.epd
01.04.2016 10:48:37	Delete d:\CB_IN\a0106960_013.esd
01.04.2016 10:48:38	Delete d:\CB_IN\a0106960_014.esd
01.04.2016 10:48:38	Delete d:\CB_IN\a0106960_015.esd
01.04.2016 10:48:38	Удалено 7 файлов
01.04.2016 11:05:37	Copy d:\CB_IN\a0106960_016.epd --> M:\CB_IN
01.04.2016 11:05:38	Copy d:\CB_IN\a0106960_017.esd --> M:\CB_IN
01.04.2016 11:05:38	Copy d:\CB_IN\a0106960_018.esd --> M:\CB_IN
01.04.2016 11:05:38	Copy d:\CB_IN\a0106960_019.esd --> M:\CB_IN
01.04.2016 11:05:38	Скопировано 4 файлов
01.04.2016 11:05:38	Delete d:\CB_IN\a0106960_016.epd
01.04.2016 11:05:39	Delete d:\CB_IN\a0106960_017.esd
01.04.2016 11:05:39	Delete d:\CB_IN\a0106960_018.esd
01.04.2016 11:05:39	Delete d:\CB_IN\a0106960_019.esd
01.04.2016 11:05:39	Удалено 4 файлов
01.04.2016 11:15:21	Copy d:\CB_IN\a0106960_020.esd --> M:\CB_IN
01.04.2016 11:15:21	Copy d:\CB_IN\a0106960_021.esd --> M:\CB_IN
01.04.2016 11:15:21	Скопировано 2 файлов
01.04.2016 11:15:21	Delete d:\CB_IN\a0106960_020.esd
01.04.2016 11:15:21	Delete d:\CB_IN\a0106960_021.esd
01.04.2016 11:15:21	Удалено 2 файлов
01.04.2016 11:55:59	Copy d:\CB_IN\a0106960_022.epd --> M:\CB_IN
01.04.2016 11:56:00	Copy d:\CB_IN\a0106960_023.esd --> M:\CB_IN
01.04.2016 11:56:00	Copy d:\CB_IN\a0106960_024.esd --> M:\CB_IN
01.04.2016 11:56:01	Copy d:\CB_IN\a0106960_025.epd --> M:\CB_IN
01.04.2016 11:56:01	Copy d:\CB_IN\a0106960_026.esd --> M:\CB_IN
01.04.2016 11:56:01	Copy d:\CB_IN\a0106960_027.esd --> M:\CB_IN
01.04.2016 11:56:02	Copy d:\CB_IN\a0106960_028.esd --> M:\CB_IN
01.04.2016 11:56:02	Скопировано 7 файлов
01.04.2016 11:56:02	Delete d:\CB_IN\a0106960_022.epd
01.04.2016 11:56:02	Delete d:\CB_IN\a0106960_023.esd
01.04.2016 11:56:02	Delete d:\CB_IN\a0106960_024.esd
01.04.2016 11:56:02	Delete d:\CB_IN\a0106960_025.epd
01.04.2016 11:56:02	Delete d:\CB_IN\a0106960_026.esd
01.04.2016 11:56:02	Delete d:\CB_IN\a0106960_027.esd
01.04.2016 11:56:03	Delete d:\CB_IN\a0106960_028.esd
01.04.2016 11:56:03	Удалено 7 файлов
01.04.2016 12:19:07	Copy d:\CB_IN\a0106960_029.esd --> M:\CB_IN
01.04.2016 12:19:07	Copy d:\CB_IN\a0106960_030.epd --> M:\CB_IN
01.04.2016 12:19:07	Copy d:\CB_IN\a0106960_031.esd --> M:\CB_IN
01.04.2016 12:19:08	Copy d:\CB_IN\a0106960_032.epd --> M:\CB_IN
01.04.2016 12:19:08	Copy d:\CB_IN\a0106960_033.esd --> M:\CB_IN
01.04.2016 12:19:09	Copy d:\CB_IN\a0106960_034.esd --> M:\CB_IN
01.04.2016 12:19:09	Скопировано 6 файлов
01.04.2016 12:19:09	Error copy d:\CB_IN\a0106960_029.esd
01.04.2016 12:19:09	Delete d:\CB_IN\a0106960_030.epd
01.04.2016 12:19:09	Delete d:\CB_IN\a0106960_031.esd
01.04.2016 12:19:09	Delete d:\CB_IN\a0106960_032.epd
01.04.2016 12:19:09	Delete d:\CB_IN\a0106960_033.esd
01.04.2016 12:19:09	Delete d:\CB_IN\a0106960_034.esd
01.04.2016 12:19:09	Удалено 5 файлов
01.04.2016 12:37:55	Copy d:\CB_IN\a0106960_029.esd --> M:\CB_IN
01.04.2016 12:37:55	Copy d:\CB_IN\a0106960_035.esd --> M:\CB_IN
01.04.2016 12:37:56	Copy d:\CB_IN\a0106960_036.epd --> M:\CB_IN
01.04.2016 12:37:56	Скопировано 3 файлов
01.04.2016 12:37:56	Error copy d:\CB_IN\a0106960_029.esd
01.04.2016 12:37:56	Delete d:\CB_IN\a0106960_035.esd
01.04.2016 12:37:56	Delete d:\CB_IN\a0106960_036.epd
01.04.2016 12:37:56	Удалено 2 файлов
01.04.2016 13:53:32	Copy d:\CB_IN\a0106960_029.esd --> M:\CB_IN
01.04.2016 13:53:33	Copy d:\CB_IN\a0106960_037.esd --> M:\CB_IN
01.04.2016 13:53:33	Copy d:\CB_IN\a0106960_038.epd --> M:\CB_IN
01.04.2016 13:53:33	Copy d:\CB_IN\a0106960_039.esd --> M:\CB_IN
01.04.2016 13:53:34	Copy d:\CB_IN\a0106960_040.epd --> M:\CB_IN
01.04.2016 13:53:34	Copy d:\CB_IN\a0106960_041.esd --> M:\CB_IN
01.04.2016 13:53:35	Copy d:\CB_IN\a0106960_042.esd --> M:\CB_IN
01.04.2016 13:53:35	Copy d:\CB_IN\a0106960_043.epd --> M:\CB_IN
01.04.2016 13:53:35	Copy d:\CB_IN\a0106960_044.esd --> M:\CB_IN
01.04.2016 13:53:36	Copy d:\CB_IN\a0106960_045.epd --> M:\CB_IN
01.04.2016 13:53:36	Copy d:\CB_IN\a0106960_046.esd --> M:\CB_IN
01.04.2016 13:53:36	Скопировано 11 файлов
01.04.2016 13:53:36	Error copy d:\CB_IN\a0106960_029.esd
01.04.2016 13:53:36	Delete d:\CB_IN\a0106960_037.esd
01.04.2016 13:53:37	Delete d:\CB_IN\a0106960_038.epd
01.04.2016 13:53:37	Delete d:\CB_IN\a0106960_039.esd
01.04.2016 13:53:37	Delete d:\CB_IN\a0106960_040.epd
01.04.2016 13:53:37	Delete d:\CB_IN\a0106960_041.esd
01.04.2016 13:53:37	Delete d:\CB_IN\a0106960_042.esd
01.04.2016 13:53:37	Delete d:\CB_IN\a0106960_043.epd
01.04.2016 13:53:37	Delete d:\CB_IN\a0106960_044.esd
01.04.2016 13:53:38	Delete d:\CB_IN\a0106960_045.epd
01.04.2016 13:53:38	Delete d:\CB_IN\a0106960_046.esd
01.04.2016 13:53:38	Удалено 10 файлов
01.04.2016 14:12:25	Copy d:\CB_IN\a0106960_029.esd --> M:\CB_IN
01.04.2016 14:12:25	Copy d:\CB_IN\a0106960_047.epd --> M:\CB_IN
01.04.2016 14:12:25	Copy d:\CB_IN\a0106960_048.esd --> M:\CB_IN
01.04.2016 14:12:26	Copy d:\CB_IN\a0106960_049.esd --> M:\CB_IN
01.04.2016 14:12:27	Copy d:\CB_IN\a0106960_050.esd --> M:\CB_IN
01.04.2016 14:12:27	Скопировано 5 файлов
01.04.2016 14:12:27	Error copy d:\CB_IN\a0106960_029.esd
01.04.2016 14:12:27	Delete d:\CB_IN\a0106960_047.epd
01.04.2016 14:12:27	Delete d:\CB_IN\a0106960_048.esd
01.04.2016 14:12:27	Delete d:\CB_IN\a0106960_049.esd
01.04.2016 14:12:27	Delete d:\CB_IN\a0106960_050.esd
01.04.2016 14:12:27	Удалено 4 файлов
01.04.2016 15:08:43	Copy d:\CB_IN\a0106960_029.esd --> M:\CB_IN
01.04.2016 15:08:44	Copy d:\CB_IN\a0106960_051.epd --> M:\CB_IN
01.04.2016 15:08:44	Copy d:\CB_IN\a0106960_052.esd --> M:\CB_IN
01.04.2016 15:08:45	Copy d:\CB_IN\a0106960_053.epd --> M:\CB_IN
01.04.2016 15:08:45	Copy d:\CB_IN\a0106960_054.esd --> M:\CB_IN
01.04.2016 15:08:46	Copy d:\CB_IN\a0106960_055.epd --> M:\CB_IN
01.04.2016 15:08:46	Copy d:\CB_IN\a0106960_056.esd --> M:\CB_IN
01.04.2016 15:08:46	Copy d:\CB_IN\a0106960_057.esd --> M:\CB_IN
01.04.2016 15:08:47	Copy d:\CB_IN\a0106960_058.esd --> M:\CB_IN
01.04.2016 15:08:47	Скопировано 9 файлов
01.04.2016 15:08:47	Error copy d:\CB_IN\a0106960_029.esd
01.04.2016 15:08:47	Delete d:\CB_IN\a0106960_051.epd
01.04.2016 15:08:47	Delete d:\CB_IN\a0106960_052.esd
01.04.2016 15:08:47	Delete d:\CB_IN\a0106960_053.epd
01.04.2016 15:08:47	Delete d:\CB_IN\a0106960_054.esd
01.04.2016 15:08:48	Delete d:\CB_IN\a0106960_055.epd
01.04.2016 15:08:48	Delete d:\CB_IN\a0106960_056.esd
01.04.2016 15:08:48	Delete d:\CB_IN\a0106960_057.esd
01.04.2016 15:08:48	Delete d:\CB_IN\a0106960_058.esd
01.04.2016 15:08:48	Удалено 8 файлов
01.04.2016 15:13:47	Copy d:\CB_IN\a0106960_029.esd --> M:\CB_IN
01.04.2016 15:13:47	Скопировано 1 файлов
01.04.2016 15:13:47	Delete d:\CB_IN\a0106960_029.esd
01.04.2016 15:13:47	Удалено 1 файлов
01.04.2016 15:32:40	Copy d:\CB_IN\a0106960_059.esd --> M:\CB_IN
01.04.2016 15:32:41	Copy d:\CB_IN\a0106960_060.epd --> M:\CB_IN
01.04.2016 15:32:41	Copy d:\CB_IN\a0106960_061.esd --> M:\CB_IN
01.04.2016 15:32:41	Copy d:\CB_IN\a0106960_062.esd --> M:\CB_IN
01.04.2016 15:32:42	Copy d:\CB_IN\a0106960_063.esd --> M:\CB_IN
01.04.2016 15:32:42	Скопировано 5 файлов
01.04.2016 15:32:42	Error copy d:\CB_IN\a0106960_059.esd
01.04.2016 15:32:42	Delete d:\CB_IN\a0106960_060.epd
01.04.2016 15:32:42	Delete d:\CB_IN\a0106960_061.esd
01.04.2016 15:32:42	Delete d:\CB_IN\a0106960_062.esd
01.04.2016 15:32:43	Delete d:\CB_IN\a0106960_063.esd
01.04.2016 15:32:43	Удалено 4 файлов
01.04.2016 15:43:06	Copy d:\CB_IN\a0106960_059.esd --> M:\CB_IN
01.04.2016 15:43:07	Copy d:\CB_IN\a0106960_064.epd --> M:\CB_IN
01.04.2016 15:43:07	Copy d:\CB_IN\a0106960_065.esd --> M:\CB_IN
01.04.2016 15:43:07	Copy d:\CB_IN\a0106960_066.esd --> M:\CB_IN
01.04.2016 15:43:08	Copy d:\CB_IN\a0106960_067.esd --> M:\CB_IN
01.04.2016 15:43:08	Скопировано 5 файлов
01.04.2016 15:43:08	Error copy d:\CB_IN\a0106960_059.esd
01.04.2016 15:43:08	Delete d:\CB_IN\a0106960_064.epd
01.04.2016 15:43:08	Delete d:\CB_IN\a0106960_065.esd
01.04.2016 15:43:08	Delete d:\CB_IN\a0106960_066.esd
01.04.2016 15:43:08	Delete d:\CB_IN\a0106960_067.esd
01.04.2016 15:43:08	Удалено 4 файлов
01.04.2016 15:59:41	Copy d:\CB_IN\a0106960_059.esd --> M:\CB_IN
01.04.2016 15:59:41	Copy d:\CB_IN\a0106960_068.epd --> M:\CB_IN
01.04.2016 15:59:42	Copy d:\CB_IN\a0106960_069.esd --> M:\CB_IN
01.04.2016 15:59:42	Скопировано 3 файлов
01.04.2016 15:59:42	Delete d:\CB_IN\a0106960_059.esd
01.04.2016 15:59:42	Delete d:\CB_IN\a0106960_068.epd
01.04.2016 15:59:42	Delete d:\CB_IN\a0106960_069.esd
01.04.2016 15:59:42	Удалено 3 файлов
01.04.2016 16:17:12	Copy d:\CB_IN\a0106960_070.esd --> M:\CB_IN
01.04.2016 16:17:12	Copy d:\CB_IN\a0106960_071.epd --> M:\CB_IN
01.04.2016 16:17:13	Copy d:\CB_IN\a0106960_072.esd --> M:\CB_IN
01.04.2016 16:17:13	Copy d:\CB_IN\a0106960_073.esd --> M:\CB_IN
01.04.2016 16:17:14	Copy d:\CB_IN\a0106960_074.esd --> M:\CB_IN
01.04.2016 16:17:14	Скопировано 5 файлов
01.04.2016 16:17:14	Error copy d:\CB_IN\a0106960_070.esd
01.04.2016 16:17:14	Delete d:\CB_IN\a0106960_071.epd
01.04.2016 16:17:14	Delete d:\CB_IN\a0106960_072.esd
01.04.2016 16:17:14	Delete d:\CB_IN\a0106960_073.esd
01.04.2016 16:17:14	Delete d:\CB_IN\a0106960_074.esd
01.04.2016 16:17:14	Удалено 4 файлов
01.04.2016 16:25:35	Copy d:\CB_IN\a0106960_070.esd --> M:\CB_IN
01.04.2016 16:25:36	Copy d:\CB_IN\a0106960_075.epd --> M:\CB_IN
01.04.2016 16:25:36	Copy d:\CB_IN\a0106960_076.esd --> M:\CB_IN
01.04.2016 16:25:37	Copy d:\CB_IN\a0106960_077.esd --> M:\CB_IN
01.04.2016 16:25:37	Copy d:\CB_IN\a0106960_078.esd --> M:\CB_IN
01.04.2016 16:25:38	Copy d:\CB_IN\a0106960_079.esd --> M:\CB_IN
01.04.2016 16:25:38	Скопировано 6 файлов
01.04.2016 16:25:38	Error copy d:\CB_IN\a0106960_070.esd
01.04.2016 16:25:38	Delete d:\CB_IN\a0106960_075.epd
01.04.2016 16:25:38	Delete d:\CB_IN\a0106960_076.esd
01.04.2016 16:25:38	Delete d:\CB_IN\a0106960_077.esd
01.04.2016 16:25:38	Delete d:\CB_IN\a0106960_078.esd
01.04.2016 16:25:38	Delete d:\CB_IN\a0106960_079.esd
01.04.2016 16:25:38	Удалено 5 файлов
01.04.2016 16:39:39	Copy d:\CB_IN\a0106960_070.esd --> M:\CB_IN
01.04.2016 16:39:39	Copy d:\CB_IN\a0106960_080.epd --> M:\CB_IN
01.04.2016 16:39:40	Copy d:\CB_IN\a0106960_081.esd --> M:\CB_IN
01.04.2016 16:39:40	Copy d:\CB_IN\a0106960_082.esd --> M:\CB_IN
01.04.2016 16:39:40	Copy d:\CB_IN\a0106960_083.esd --> M:\CB_IN
01.04.2016 16:39:40	Скопировано 5 файлов
01.04.2016 16:39:40	Error copy d:\CB_IN\a0106960_070.esd
01.04.2016 16:39:41	Delete d:\CB_IN\a0106960_080.epd
01.04.2016 16:39:41	Delete d:\CB_IN\a0106960_081.esd
01.04.2016 16:39:41	Delete d:\CB_IN\a0106960_082.esd
01.04.2016 16:39:41	Delete d:\CB_IN\a0106960_083.esd
01.04.2016 16:39:41	Удалено 4 файлов
01.04.2016 16:47:58	Copy d:\CB_IN\a0106960_070.esd --> M:\CB_IN
01.04.2016 16:47:58	Copy d:\CB_IN\a0106960_084.esd --> M:\CB_IN
01.04.2016 16:47:59	Copy d:\CB_IN\a0106960_085.esd --> M:\CB_IN
01.04.2016 16:47:59	Скопировано 3 файлов
01.04.2016 16:47:59	Error copy d:\CB_IN\a0106960_070.esd
01.04.2016 16:47:59	Delete d:\CB_IN\a0106960_084.esd
01.04.2016 16:47:59	Delete d:\CB_IN\a0106960_085.esd
01.04.2016 16:47:59	Удалено 2 файлов
01.04.2016 16:56:02	Copy d:\CB_IN\a0106960_070.esd --> M:\CB_IN
01.04.2016 16:56:03	Copy d:\CB_IN\a0106960_086.esd --> M:\CB_IN
01.04.2016 16:56:03	Copy d:\CB_IN\a0106960_087.epd --> M:\CB_IN
01.04.2016 16:56:03	Скопировано 3 файлов
01.04.2016 16:56:03	Error copy d:\CB_IN\a0106960_070.esd
01.04.2016 16:56:03	Delete d:\CB_IN\a0106960_086.esd
01.04.2016 16:56:03	Delete d:\CB_IN\a0106960_087.epd
01.04.2016 16:56:03	Удалено 2 файлов
01.04.2016 16:59:54	Copy d:\CB_IN\a0106960_070.esd --> M:\CB_IN
01.04.2016 16:59:54	Copy d:\CB_IN\a0106960_088.epd --> M:\CB_IN
01.04.2016 16:59:55	Copy d:\CB_IN\a0106960_089.esd --> M:\CB_IN
01.04.2016 16:59:55	Copy d:\CB_IN\a0106960_090.esd --> M:\CB_IN
01.04.2016 16:59:55	Copy d:\CB_IN\a0106960_091.esd --> M:\CB_IN
01.04.2016 16:59:55	Скопировано 5 файлов
01.04.2016 16:59:55	Delete d:\CB_IN\a0106960_070.esd
01.04.2016 16:59:56	Delete d:\CB_IN\a0106960_088.epd
01.04.2016 16:59:56	Delete d:\CB_IN\a0106960_089.esd
01.04.2016 16:59:56	Delete d:\CB_IN\a0106960_090.esd
01.04.2016 16:59:56	Delete d:\CB_IN\a0106960_091.esd
01.04.2016 16:59:56	Удалено 5 файлов
