04.04.2016 07:46:12	Copy d:\CB_IN\a0406960_092.epd --> M:\CB_IN
04.04.2016 07:46:13	Copy d:\CB_IN\a0406960_093.esd --> M:\CB_IN
04.04.2016 07:46:13	Copy d:\CB_IN\a0406960_094.esd --> M:\CB_IN
04.04.2016 07:46:14	Copy d:\CB_IN\a0406960_095.epd --> M:\CB_IN
04.04.2016 07:46:14	Copy d:\CB_IN\a0406960_096.esd --> M:\CB_IN
04.04.2016 07:46:14	Copy d:\CB_IN\a0406960_097.epd --> M:\CB_IN
04.04.2016 07:46:15	Copy d:\CB_IN\a0406960_098.esd --> M:\CB_IN
04.04.2016 07:46:15	Copy d:\CB_IN\a0406960_099.epd --> M:\CB_IN
04.04.2016 07:46:16	Copy d:\CB_IN\a0406960_100.esd --> M:\CB_IN
04.04.2016 07:46:16	Copy d:\CB_IN\a0406960_101.esd --> M:\CB_IN
04.04.2016 07:46:16	Copy d:\CB_IN\a0406960_102.epd --> M:\CB_IN
04.04.2016 07:46:17	Copy d:\CB_IN\a0406960_103.esd --> M:\CB_IN
04.04.2016 07:46:17	Copy d:\CB_IN\a0406960_104.esd --> M:\CB_IN
04.04.2016 07:46:18	Copy d:\CB_IN\a0406960_105.epd --> M:\CB_IN
04.04.2016 07:46:18	Copy d:\CB_IN\a0406960_106.esd --> M:\CB_IN
04.04.2016 07:46:18	Copy d:\CB_IN\a0406960_107.esd --> M:\CB_IN
04.04.2016 07:46:19	Copy d:\CB_IN\a0406960_108.epd --> M:\CB_IN
04.04.2016 07:46:19	Copy d:\CB_IN\a0406960_109.esd --> M:\CB_IN
04.04.2016 07:46:20	Copy d:\CB_IN\a0406960_110.epd --> M:\CB_IN
04.04.2016 07:46:20	Copy d:\CB_IN\a0406960_111.epd --> M:\CB_IN
04.04.2016 07:46:20	Copy d:\CB_IN\a0406960_112.esd --> M:\CB_IN
04.04.2016 07:46:21	Copy d:\CB_IN\a0406960_113.epd --> M:\CB_IN
04.04.2016 07:46:21	Copy d:\CB_IN\a0406960_114.esd --> M:\CB_IN
04.04.2016 07:46:22	Copy d:\CB_IN\a0406960_115.epd --> M:\CB_IN
04.04.2016 07:46:22	Copy d:\CB_IN\a0406960_116.esd --> M:\CB_IN
04.04.2016 07:46:23	Copy d:\CB_IN\a0406960_117.esd --> M:\CB_IN
04.04.2016 07:46:23	Copy d:\CB_IN\a0406960_118.epd --> M:\CB_IN
04.04.2016 07:46:23	Copy d:\CB_IN\a0406960_119.esd --> M:\CB_IN
04.04.2016 07:46:24	Copy d:\CB_IN\a0406960_120.esd --> M:\CB_IN
04.04.2016 07:46:24	Copy d:\CB_IN\a0406960_121.esd --> M:\CB_IN
04.04.2016 07:46:25	Copy d:\CB_IN\a0406960_122.epd --> M:\CB_IN
04.04.2016 07:46:25	Copy d:\CB_IN\a0406960_123.esd --> M:\CB_IN
04.04.2016 07:46:25	Copy d:\CB_IN\a0406960_124.esd --> M:\CB_IN
04.04.2016 07:46:26	Copy d:\CB_IN\a0406960_125.esd --> M:\CB_IN
04.04.2016 07:46:27	Copy d:\CB_IN\a0406960_126.esd --> M:\CB_IN
04.04.2016 07:46:27	Скопировано 35 файлов
04.04.2016 07:46:27	Delete d:\CB_IN\a0406960_092.epd
04.04.2016 07:46:27	Delete d:\CB_IN\a0406960_093.esd
04.04.2016 07:46:27	Delete d:\CB_IN\a0406960_094.esd
04.04.2016 07:46:27	Delete d:\CB_IN\a0406960_095.epd
04.04.2016 07:46:27	Delete d:\CB_IN\a0406960_096.esd
04.04.2016 07:46:27	Delete d:\CB_IN\a0406960_097.epd
04.04.2016 07:46:28	Delete d:\CB_IN\a0406960_098.esd
04.04.2016 07:46:28	Delete d:\CB_IN\a0406960_099.epd
04.04.2016 07:46:28	Delete d:\CB_IN\a0406960_100.esd
04.04.2016 07:46:28	Delete d:\CB_IN\a0406960_101.esd
04.04.2016 07:46:28	Delete d:\CB_IN\a0406960_102.epd
04.04.2016 07:46:28	Delete d:\CB_IN\a0406960_103.esd
04.04.2016 07:46:28	Delete d:\CB_IN\a0406960_104.esd
04.04.2016 07:46:29	Delete d:\CB_IN\a0406960_105.epd
04.04.2016 07:46:29	Delete d:\CB_IN\a0406960_106.esd
04.04.2016 07:46:29	Delete d:\CB_IN\a0406960_107.esd
04.04.2016 07:46:29	Delete d:\CB_IN\a0406960_108.epd
04.04.2016 07:46:29	Delete d:\CB_IN\a0406960_109.esd
04.04.2016 07:46:29	Delete d:\CB_IN\a0406960_110.epd
04.04.2016 07:46:29	Delete d:\CB_IN\a0406960_111.epd
04.04.2016 07:46:30	Delete d:\CB_IN\a0406960_112.esd
04.04.2016 07:46:30	Delete d:\CB_IN\a0406960_113.epd
04.04.2016 07:46:30	Delete d:\CB_IN\a0406960_114.esd
04.04.2016 07:46:30	Delete d:\CB_IN\a0406960_115.epd
04.04.2016 07:46:30	Delete d:\CB_IN\a0406960_116.esd
04.04.2016 07:46:30	Delete d:\CB_IN\a0406960_117.esd
04.04.2016 07:46:30	Delete d:\CB_IN\a0406960_118.epd
04.04.2016 07:46:31	Delete d:\CB_IN\a0406960_119.esd
04.04.2016 07:46:31	Delete d:\CB_IN\a0406960_120.esd
04.04.2016 07:46:31	Delete d:\CB_IN\a0406960_121.esd
04.04.2016 07:46:31	Delete d:\CB_IN\a0406960_122.epd
04.04.2016 07:46:31	Delete d:\CB_IN\a0406960_123.esd
04.04.2016 07:46:31	Delete d:\CB_IN\a0406960_124.esd
04.04.2016 07:46:31	Delete d:\CB_IN\a0406960_125.esd
04.04.2016 07:46:32	Delete d:\CB_IN\a0406960_126.esd
04.04.2016 07:46:32	Удалено 35 файлов
04.04.2016 09:58:41	Copy d:\CB_IN\a0406960_001.esd --> M:\CB_IN
04.04.2016 09:58:42	Copy d:\CB_IN\a0406960_002.esd --> M:\CB_IN
04.04.2016 09:58:42	Copy d:\CB_IN\a0406960_003.esd --> M:\CB_IN
04.04.2016 09:58:43	Copy d:\CB_IN\a0406960_004.epd --> M:\CB_IN
04.04.2016 09:58:43	Скопировано 4 файлов
04.04.2016 09:58:43	Delete d:\CB_IN\a0406960_001.esd
04.04.2016 09:58:43	Delete d:\CB_IN\a0406960_002.esd
04.04.2016 09:58:43	Delete d:\CB_IN\a0406960_003.esd
04.04.2016 09:58:43	Delete d:\CB_IN\a0406960_004.epd
04.04.2016 09:58:43	Удалено 4 файлов
04.04.2016 11:07:13	Copy d:\CB_IN\a0406960_005.esd --> M:\CB_IN
04.04.2016 11:07:14	Copy d:\CB_IN\a0406960_006.epd --> M:\CB_IN
04.04.2016 11:07:14	Copy d:\CB_IN\a0406960_007.esd --> M:\CB_IN
04.04.2016 11:07:15	Copy d:\CB_IN\a0406960_008.epd --> M:\CB_IN
04.04.2016 11:07:15	Copy d:\CB_IN\a0406960_009.epd --> M:\CB_IN
04.04.2016 11:07:16	Copy d:\CB_IN\a0406960_010.esd --> M:\CB_IN
04.04.2016 11:07:16	Copy d:\CB_IN\a0406960_011.epd --> M:\CB_IN
04.04.2016 11:07:16	Copy d:\CB_IN\a0406960_012.esd --> M:\CB_IN
04.04.2016 11:07:17	Copy d:\CB_IN\a0406960_013.epd --> M:\CB_IN
04.04.2016 11:07:17	Copy d:\CB_IN\a0406960_014.esd --> M:\CB_IN
04.04.2016 11:07:18	Copy d:\CB_IN\a0406960_015.esd --> M:\CB_IN
04.04.2016 11:07:18	Copy d:\CB_IN\a0406960_016.esd --> M:\CB_IN
04.04.2016 11:07:18	Скопировано 12 файлов
04.04.2016 11:07:18	Delete d:\CB_IN\a0406960_005.esd
04.04.2016 11:07:18	Delete d:\CB_IN\a0406960_006.epd
04.04.2016 11:07:18	Delete d:\CB_IN\a0406960_007.esd
04.04.2016 11:07:18	Delete d:\CB_IN\a0406960_008.epd
04.04.2016 11:07:19	Delete d:\CB_IN\a0406960_009.epd
04.04.2016 11:07:19	Delete d:\CB_IN\a0406960_010.esd
04.04.2016 11:07:19	Delete d:\CB_IN\a0406960_011.epd
04.04.2016 11:07:19	Delete d:\CB_IN\a0406960_012.esd
04.04.2016 11:07:19	Delete d:\CB_IN\a0406960_013.epd
04.04.2016 11:07:19	Delete d:\CB_IN\a0406960_014.esd
04.04.2016 11:07:20	Delete d:\CB_IN\a0406960_015.esd
04.04.2016 11:07:20	Delete d:\CB_IN\a0406960_016.esd
04.04.2016 11:07:20	Удалено 12 файлов
04.04.2016 11:44:51	Copy d:\CB_IN\a0406960_017.esd --> M:\CB_IN
04.04.2016 11:44:52	Copy d:\CB_IN\a0406960_018.epd --> M:\CB_IN
04.04.2016 11:44:52	Copy d:\CB_IN\a0406960_019.esd --> M:\CB_IN
04.04.2016 11:44:53	Copy d:\CB_IN\a0406960_020.epd --> M:\CB_IN
04.04.2016 11:44:53	Copy d:\CB_IN\a0406960_021.esd --> M:\CB_IN
04.04.2016 11:44:53	Скопировано 5 файлов
04.04.2016 11:44:53	Error copy d:\CB_IN\a0406960_017.esd
04.04.2016 11:44:53	Delete d:\CB_IN\a0406960_018.epd
04.04.2016 11:44:53	Delete d:\CB_IN\a0406960_019.esd
04.04.2016 11:44:53	Delete d:\CB_IN\a0406960_020.epd
04.04.2016 11:44:54	Delete d:\CB_IN\a0406960_021.esd
04.04.2016 11:44:54	Удалено 4 файлов
04.04.2016 11:53:29	Copy d:\CB_IN\a0406960_017.esd --> M:\CB_IN
04.04.2016 11:53:30	Copy d:\CB_IN\a0406960_022.esd --> M:\CB_IN
04.04.2016 11:53:30	Copy d:\CB_IN\a0406960_023.esd --> M:\CB_IN
04.04.2016 11:53:30	Copy d:\CB_IN\a0406960_024.esd --> M:\CB_IN
04.04.2016 11:53:31	Copy d:\CB_IN\a0406960_025.esd --> M:\CB_IN
04.04.2016 11:53:31	Скопировано 5 файлов
04.04.2016 11:53:31	Error copy d:\CB_IN\a0406960_017.esd
04.04.2016 11:53:31	Delete d:\CB_IN\a0406960_022.esd
04.04.2016 11:53:31	Delete d:\CB_IN\a0406960_023.esd
04.04.2016 11:53:31	Delete d:\CB_IN\a0406960_024.esd
04.04.2016 11:53:31	Delete d:\CB_IN\a0406960_025.esd
04.04.2016 11:53:31	Удалено 4 файлов
04.04.2016 12:57:04	Copy d:\CB_IN\a0406960_017.esd --> M:\CB_IN
04.04.2016 12:57:04	Copy d:\CB_IN\a0406960_026.esd --> M:\CB_IN
04.04.2016 12:57:04	Copy d:\CB_IN\a0406960_027.epd --> M:\CB_IN
04.04.2016 12:57:05	Copy d:\CB_IN\a0406960_028.esd --> M:\CB_IN
04.04.2016 12:57:05	Copy d:\CB_IN\a0406960_029.epd --> M:\CB_IN
04.04.2016 12:57:06	Copy d:\CB_IN\a0406960_030.esd --> M:\CB_IN
04.04.2016 12:57:06	Copy d:\CB_IN\a0406960_031.esd --> M:\CB_IN
04.04.2016 12:57:06	Copy d:\CB_IN\a0406960_032.epd --> M:\CB_IN
04.04.2016 12:57:07	Copy d:\CB_IN\a0406960_033.esd --> M:\CB_IN
04.04.2016 12:57:07	Copy d:\CB_IN\a0406960_034.epd --> M:\CB_IN
04.04.2016 12:57:07	Скопировано 10 файлов
04.04.2016 12:57:07	Error copy d:\CB_IN\a0406960_017.esd
04.04.2016 12:57:07	Delete d:\CB_IN\a0406960_026.esd
04.04.2016 12:57:08	Delete d:\CB_IN\a0406960_027.epd
04.04.2016 12:57:08	Delete d:\CB_IN\a0406960_028.esd
04.04.2016 12:57:08	Delete d:\CB_IN\a0406960_029.epd
04.04.2016 12:57:08	Delete d:\CB_IN\a0406960_030.esd
04.04.2016 12:57:08	Delete d:\CB_IN\a0406960_031.esd
04.04.2016 12:57:08	Delete d:\CB_IN\a0406960_032.epd
04.04.2016 12:57:08	Delete d:\CB_IN\a0406960_033.esd
04.04.2016 12:57:09	Delete d:\CB_IN\a0406960_034.epd
04.04.2016 12:57:09	Удалено 9 файлов
04.04.2016 14:12:17	Copy d:\CB_IN\a0406960_017.esd --> M:\CB_IN
04.04.2016 14:12:17	Copy d:\CB_IN\a0406960_035.epd --> M:\CB_IN
04.04.2016 14:12:18	Copy d:\CB_IN\a0406960_036.esd --> M:\CB_IN
04.04.2016 14:12:18	Copy d:\CB_IN\a0406960_037.esd --> M:\CB_IN
04.04.2016 14:12:18	Copy d:\CB_IN\a0406960_038.epd --> M:\CB_IN
04.04.2016 14:12:19	Copy d:\CB_IN\a0406960_039.esd --> M:\CB_IN
04.04.2016 14:12:19	Copy d:\CB_IN\a0406960_040.epd --> M:\CB_IN
04.04.2016 14:12:20	Copy d:\CB_IN\a0406960_041.esd --> M:\CB_IN
04.04.2016 14:12:20	Copy d:\CB_IN\a0406960_042.esd --> M:\CB_IN
04.04.2016 14:12:21	Copy d:\CB_IN\a0406960_043.esd --> M:\CB_IN
04.04.2016 14:12:21	Copy d:\CB_IN\a0406960_044.epd --> M:\CB_IN
04.04.2016 14:12:22	Copy d:\CB_IN\a0406960_045.esd --> M:\CB_IN
04.04.2016 14:12:22	Copy d:\CB_IN\a0406960_046.epd --> M:\CB_IN
04.04.2016 14:12:22	Copy d:\CB_IN\a0406960_047.esd --> M:\CB_IN
04.04.2016 14:12:23	Copy d:\CB_IN\a0406960_048.esd --> M:\CB_IN
04.04.2016 14:12:23	Скопировано 15 файлов
04.04.2016 14:12:23	Error copy d:\CB_IN\a0406960_017.esd
04.04.2016 14:12:23	Error copy d:\CB_IN\a0406960_035.epd
04.04.2016 14:12:23	Delete d:\CB_IN\a0406960_036.esd
04.04.2016 14:12:23	Delete d:\CB_IN\a0406960_037.esd
04.04.2016 14:12:23	Delete d:\CB_IN\a0406960_038.epd
04.04.2016 14:12:23	Delete d:\CB_IN\a0406960_039.esd
04.04.2016 14:12:24	Delete d:\CB_IN\a0406960_040.epd
04.04.2016 14:12:24	Delete d:\CB_IN\a0406960_041.esd
04.04.2016 14:12:24	Delete d:\CB_IN\a0406960_042.esd
04.04.2016 14:12:24	Delete d:\CB_IN\a0406960_043.esd
04.04.2016 14:12:24	Delete d:\CB_IN\a0406960_044.epd
04.04.2016 14:12:24	Delete d:\CB_IN\a0406960_045.esd
04.04.2016 14:12:24	Delete d:\CB_IN\a0406960_046.epd
04.04.2016 14:12:25	Delete d:\CB_IN\a0406960_047.esd
04.04.2016 14:12:25	Delete d:\CB_IN\a0406960_048.esd
04.04.2016 14:12:25	Удалено 13 файлов
04.04.2016 14:29:07	Copy d:\CB_IN\a0406960_017.esd --> M:\CB_IN
04.04.2016 14:29:08	Copy d:\CB_IN\a0406960_035.epd --> M:\CB_IN
04.04.2016 14:29:08	Copy d:\CB_IN\a0406960_049.esd --> M:\CB_IN
04.04.2016 14:29:09	Copy d:\CB_IN\a0406960_050.epd --> M:\CB_IN
04.04.2016 14:29:10	Copy d:\CB_IN\a0406960_051.esd --> M:\CB_IN
04.04.2016 14:29:11	Copy d:\CB_IN\a0406960_052.esd --> M:\CB_IN
04.04.2016 14:29:12	Copy d:\CB_IN\a0406960_053.esd --> M:\CB_IN
04.04.2016 14:29:12	Скопировано 7 файлов
04.04.2016 14:29:12	Error copy d:\CB_IN\a0406960_017.esd
04.04.2016 14:29:12	Delete d:\CB_IN\a0406960_035.epd
04.04.2016 14:29:12	Delete d:\CB_IN\a0406960_049.esd
04.04.2016 14:29:13	Delete d:\CB_IN\a0406960_050.epd
04.04.2016 14:29:13	Delete d:\CB_IN\a0406960_051.esd
04.04.2016 14:29:13	Delete d:\CB_IN\a0406960_052.esd
04.04.2016 14:29:13	Delete d:\CB_IN\a0406960_053.esd
04.04.2016 14:29:13	Удалено 6 файлов
04.04.2016 14:41:39	Copy d:\CB_IN\a0406960_017.esd --> M:\CB_IN
04.04.2016 14:41:40	Copy d:\CB_IN\a0406960_054.epd --> M:\CB_IN
04.04.2016 14:41:41	Copy d:\CB_IN\a0406960_055.esd --> M:\CB_IN
04.04.2016 14:41:41	Copy d:\CB_IN\a0406960_056.esd --> M:\CB_IN
04.04.2016 14:41:42	Copy d:\CB_IN\a0406960_057.esd --> M:\CB_IN
04.04.2016 14:41:42	Скопировано 5 файлов
04.04.2016 14:41:42	Error copy d:\CB_IN\a0406960_017.esd
04.04.2016 14:41:42	Delete d:\CB_IN\a0406960_054.epd
04.04.2016 14:41:42	Delete d:\CB_IN\a0406960_055.esd
04.04.2016 14:41:42	Delete d:\CB_IN\a0406960_056.esd
04.04.2016 14:41:42	Delete d:\CB_IN\a0406960_057.esd
04.04.2016 14:41:42	Удалено 4 файлов
04.04.2016 15:06:46	Copy d:\CB_IN\a0406960_017.esd --> M:\CB_IN
04.04.2016 15:06:46	Copy d:\CB_IN\a0406960_058.epd --> M:\CB_IN
04.04.2016 15:06:46	Copy d:\CB_IN\a0406960_059.esd --> M:\CB_IN
04.04.2016 15:06:47	Copy d:\CB_IN\a0406960_060.esd --> M:\CB_IN
04.04.2016 15:06:48	Copy d:\CB_IN\a0406960_061.esd --> M:\CB_IN
04.04.2016 15:06:48	Скопировано 5 файлов
04.04.2016 15:06:48	Error copy d:\CB_IN\a0406960_017.esd
04.04.2016 15:06:48	Delete d:\CB_IN\a0406960_058.epd
04.04.2016 15:06:48	Delete d:\CB_IN\a0406960_059.esd
04.04.2016 15:06:48	Delete d:\CB_IN\a0406960_060.esd
04.04.2016 15:06:48	Delete d:\CB_IN\a0406960_061.esd
04.04.2016 15:06:48	Удалено 4 файлов
04.04.2016 15:33:09	Copy d:\CB_IN\a0406960_017.esd --> M:\CB_IN
04.04.2016 15:33:09	Copy d:\CB_IN\a0406960_062.esd --> M:\CB_IN
04.04.2016 15:33:10	Copy d:\CB_IN\a0406960_063.epd --> M:\CB_IN
04.04.2016 15:33:10	Copy d:\CB_IN\a0406960_064.esd --> M:\CB_IN
04.04.2016 15:33:11	Copy d:\CB_IN\a0406960_065.esd --> M:\CB_IN
04.04.2016 15:33:11	Copy d:\CB_IN\a0406960_066.esd --> M:\CB_IN
04.04.2016 15:33:11	Скопировано 6 файлов
04.04.2016 15:33:11	Error copy d:\CB_IN\a0406960_017.esd
04.04.2016 15:33:11	Delete d:\CB_IN\a0406960_062.esd
04.04.2016 15:33:11	Delete d:\CB_IN\a0406960_063.epd
04.04.2016 15:33:11	Delete d:\CB_IN\a0406960_064.esd
04.04.2016 15:33:11	Delete d:\CB_IN\a0406960_065.esd
04.04.2016 15:33:12	Delete d:\CB_IN\a0406960_066.esd
04.04.2016 15:33:12	Удалено 5 файлов
04.04.2016 15:46:46	Copy d:\CB_IN\a0406960_017.esd --> M:\CB_IN
04.04.2016 15:46:47	Copy d:\CB_IN\a0406960_067.esd --> M:\CB_IN
04.04.2016 15:46:47	Copy d:\CB_IN\a0406960_068.epd --> M:\CB_IN
04.04.2016 15:46:47	Скопировано 3 файлов
04.04.2016 15:46:47	Delete d:\CB_IN\a0406960_017.esd
04.04.2016 15:46:47	Delete d:\CB_IN\a0406960_067.esd
04.04.2016 15:46:47	Delete d:\CB_IN\a0406960_068.epd
04.04.2016 15:46:47	Удалено 3 файлов
04.04.2016 16:32:56	Copy d:\CB_IN\a0406960_069.epd --> M:\CB_IN
04.04.2016 16:32:56	Copy d:\CB_IN\a0406960_070.esd --> M:\CB_IN
04.04.2016 16:32:56	Copy d:\CB_IN\a0406960_071.esd --> M:\CB_IN
04.04.2016 16:32:57	Copy d:\CB_IN\a0406960_072.epd --> M:\CB_IN
04.04.2016 16:32:57	Copy d:\CB_IN\a0406960_073.esd --> M:\CB_IN
04.04.2016 16:32:58	Copy d:\CB_IN\a0406960_074.epd --> M:\CB_IN
04.04.2016 16:32:58	Copy d:\CB_IN\a0406960_075.esd --> M:\CB_IN
04.04.2016 16:32:59	Copy d:\CB_IN\a0406960_076.esd --> M:\CB_IN
04.04.2016 16:32:59	Copy d:\CB_IN\a0406960_077.esd --> M:\CB_IN
04.04.2016 16:32:59	Copy d:\CB_IN\a0406960_078.esd --> M:\CB_IN
04.04.2016 16:32:59	Скопировано 10 файлов
04.04.2016 16:32:59	Delete d:\CB_IN\a0406960_069.epd
04.04.2016 16:33:00	Delete d:\CB_IN\a0406960_070.esd
04.04.2016 16:33:00	Delete d:\CB_IN\a0406960_071.esd
04.04.2016 16:33:00	Delete d:\CB_IN\a0406960_072.epd
04.04.2016 16:33:00	Delete d:\CB_IN\a0406960_073.esd
04.04.2016 16:33:00	Delete d:\CB_IN\a0406960_074.epd
04.04.2016 16:33:00	Delete d:\CB_IN\a0406960_075.esd
04.04.2016 16:33:00	Delete d:\CB_IN\a0406960_076.esd
04.04.2016 16:33:01	Delete d:\CB_IN\a0406960_077.esd
04.04.2016 16:33:01	Delete d:\CB_IN\a0406960_078.esd
04.04.2016 16:33:01	Удалено 10 файлов
04.04.2016 16:56:21	Copy d:\CB_IN\a0406960_079.esd --> M:\CB_IN
04.04.2016 16:56:22	Copy d:\CB_IN\a0406960_080.epd --> M:\CB_IN
04.04.2016 16:56:22	Copy d:\CB_IN\a0406960_081.esd --> M:\CB_IN
04.04.2016 16:56:22	Copy d:\CB_IN\a0406960_082.esd --> M:\CB_IN
04.04.2016 16:56:22	Скопировано 4 файлов
04.04.2016 16:56:22	Error copy d:\CB_IN\a0406960_079.esd
04.04.2016 16:56:23	Delete d:\CB_IN\a0406960_080.epd
04.04.2016 16:56:23	Delete d:\CB_IN\a0406960_081.esd
04.04.2016 16:56:23	Delete d:\CB_IN\a0406960_082.esd
04.04.2016 16:56:23	Удалено 3 файлов
04.04.2016 17:08:20	Copy d:\CB_IN\a0406960_079.esd --> M:\CB_IN
04.04.2016 17:08:21	Copy d:\CB_IN\a0406960_083.epd --> M:\CB_IN
04.04.2016 17:08:21	Copy d:\CB_IN\a0406960_084.esd --> M:\CB_IN
04.04.2016 17:08:21	Скопировано 3 файлов
04.04.2016 17:08:21	Error copy d:\CB_IN\a0406960_079.esd
04.04.2016 17:08:21	Delete d:\CB_IN\a0406960_083.epd
04.04.2016 17:08:21	Delete d:\CB_IN\a0406960_084.esd
04.04.2016 17:08:21	Удалено 2 файлов
04.04.2016 17:30:18	Copy d:\CB_IN\a0406960_079.esd --> M:\CB_IN
04.04.2016 17:30:18	Copy d:\CB_IN\a0406960_085.epd --> M:\CB_IN
04.04.2016 17:30:19	Copy d:\CB_IN\a0406960_086.esd --> M:\CB_IN
04.04.2016 17:30:19	Copy d:\CB_IN\a0406960_087.epd --> M:\CB_IN
04.04.2016 17:30:19	Copy d:\CB_IN\a0406960_088.esd --> M:\CB_IN
04.04.2016 17:30:20	Copy d:\CB_IN\a0406960_089.esd --> M:\CB_IN
04.04.2016 17:30:20	Скопировано 6 файлов
04.04.2016 17:30:20	Error copy d:\CB_IN\a0406960_079.esd
04.04.2016 17:30:20	Delete d:\CB_IN\a0406960_085.epd
04.04.2016 17:30:20	Delete d:\CB_IN\a0406960_086.esd
04.04.2016 17:30:20	Delete d:\CB_IN\a0406960_087.epd
04.04.2016 17:30:20	Delete d:\CB_IN\a0406960_088.esd
04.04.2016 17:30:20	Delete d:\CB_IN\a0406960_089.esd
04.04.2016 17:30:20	Удалено 5 файлов
04.04.2016 17:40:27	Copy d:\CB_IN\a0406960_079.esd --> M:\CB_IN
04.04.2016 17:40:28	Copy d:\CB_IN\a0406960_090.epd --> M:\CB_IN
04.04.2016 17:40:28	Copy d:\CB_IN\a0406960_091.esd --> M:\CB_IN
04.04.2016 17:40:29	Copy d:\CB_IN\a0406960_092.esd --> M:\CB_IN
04.04.2016 17:40:29	Copy d:\CB_IN\a0406960_093.esd --> M:\CB_IN
04.04.2016 17:40:29	Скопировано 5 файлов
04.04.2016 17:40:29	Error copy d:\CB_IN\a0406960_079.esd
04.04.2016 17:40:29	Delete d:\CB_IN\a0406960_090.epd
04.04.2016 17:40:29	Delete d:\CB_IN\a0406960_091.esd
04.04.2016 17:40:29	Delete d:\CB_IN\a0406960_092.esd
04.04.2016 17:40:29	Delete d:\CB_IN\a0406960_093.esd
04.04.2016 17:40:29	Удалено 4 файлов
04.04.2016 17:51:15	Copy d:\CB_IN\a0406960_079.esd --> M:\CB_IN
04.04.2016 17:51:16	Copy d:\CB_IN\a0406960_094.epd --> M:\CB_IN
04.04.2016 17:51:16	Copy d:\CB_IN\a0406960_095.esd --> M:\CB_IN
04.04.2016 17:51:16	Copy d:\CB_IN\a0406960_096.esd --> M:\CB_IN
04.04.2016 17:51:17	Copy d:\CB_IN\a0406960_097.esd --> M:\CB_IN
04.04.2016 17:51:17	Скопировано 5 файлов
04.04.2016 17:51:17	Error copy d:\CB_IN\a0406960_079.esd
04.04.2016 17:51:17	Delete d:\CB_IN\a0406960_094.epd
04.04.2016 17:51:17	Delete d:\CB_IN\a0406960_095.esd
04.04.2016 17:51:17	Delete d:\CB_IN\a0406960_096.esd
04.04.2016 17:51:17	Delete d:\CB_IN\a0406960_097.esd
04.04.2016 17:51:17	Удалено 4 файлов
04.04.2016 17:52:42	Copy d:\CB_IN\a0406960_079.esd --> M:\CB_IN
04.04.2016 17:52:42	Скопировано 1 файлов
04.04.2016 17:52:43	Delete d:\CB_IN\a0406960_079.esd
04.04.2016 17:52:43	Удалено 1 файлов
04.04.2016 17:58:50	Copy d:\CB_IN\a0406960_098.esd --> M:\CB_IN
04.04.2016 17:58:50	Copy d:\CB_IN\a0406960_099.epd --> M:\CB_IN
04.04.2016 17:58:50	Скопировано 2 файлов
04.04.2016 17:58:50	Delete d:\CB_IN\a0406960_098.esd
04.04.2016 17:58:50	Delete d:\CB_IN\a0406960_099.epd
04.04.2016 17:58:50	Удалено 2 файлов
