05.04.2016 07:48:43	Copy d:\CB_IN\a0506960_100.esd --> M:\CB_IN
05.04.2016 07:48:44	Copy d:\CB_IN\a0506960_101.epd --> M:\CB_IN
05.04.2016 07:48:44	Copy d:\CB_IN\a0506960_102.esd --> M:\CB_IN
05.04.2016 07:48:45	Copy d:\CB_IN\a0506960_103.esd --> M:\CB_IN
05.04.2016 07:48:45	Copy d:\CB_IN\a0506960_104.esd --> M:\CB_IN
05.04.2016 07:48:46	Copy d:\CB_IN\a0506960_105.epd --> M:\CB_IN
05.04.2016 07:48:46	Copy d:\CB_IN\a0506960_106.epd --> M:\CB_IN
05.04.2016 07:48:46	Copy d:\CB_IN\a0506960_107.esd --> M:\CB_IN
05.04.2016 07:48:47	Copy d:\CB_IN\a0506960_108.epd --> M:\CB_IN
05.04.2016 07:48:47	Copy d:\CB_IN\a0506960_109.esd --> M:\CB_IN
05.04.2016 07:48:48	Copy d:\CB_IN\a0506960_110.esd --> M:\CB_IN
05.04.2016 07:48:48	Copy d:\CB_IN\a0506960_111.epd --> M:\CB_IN
05.04.2016 07:48:49	Copy d:\CB_IN\a0506960_112.esd --> M:\CB_IN
05.04.2016 07:48:49	Copy d:\CB_IN\a0506960_113.epd --> M:\CB_IN
05.04.2016 07:48:50	Copy d:\CB_IN\a0506960_114.esd --> M:\CB_IN
05.04.2016 07:48:50	Copy d:\CB_IN\a0506960_115.epd --> M:\CB_IN
05.04.2016 07:48:50	Copy d:\CB_IN\a0506960_116.esd --> M:\CB_IN
05.04.2016 07:48:51	Copy d:\CB_IN\a0506960_117.esd --> M:\CB_IN
05.04.2016 07:48:51	Copy d:\CB_IN\a0506960_118.epd --> M:\CB_IN
05.04.2016 07:48:52	Copy d:\CB_IN\a0506960_119.esd --> M:\CB_IN
05.04.2016 07:48:52	Copy d:\CB_IN\a0506960_120.epd --> M:\CB_IN
05.04.2016 07:48:52	Copy d:\CB_IN\a0506960_121.esd --> M:\CB_IN
05.04.2016 07:48:53	Copy d:\CB_IN\a0506960_122.epd --> M:\CB_IN
05.04.2016 07:48:53	Copy d:\CB_IN\a0506960_123.esd --> M:\CB_IN
05.04.2016 07:48:54	Copy d:\CB_IN\a0506960_124.epd --> M:\CB_IN
05.04.2016 07:48:54	Copy d:\CB_IN\a0506960_125.esd --> M:\CB_IN
05.04.2016 07:48:54	Copy d:\CB_IN\a0506960_126.epd --> M:\CB_IN
05.04.2016 07:48:55	Copy d:\CB_IN\a0506960_127.esd --> M:\CB_IN
05.04.2016 07:48:55	Copy d:\CB_IN\a0506960_128.esd --> M:\CB_IN
05.04.2016 07:48:56	Copy d:\CB_IN\a0506960_129.esd --> M:\CB_IN
05.04.2016 07:48:56	Copy d:\CB_IN\a0506960_130.esd --> M:\CB_IN
05.04.2016 07:48:57	Copy d:\CB_IN\a0506960_131.esd --> M:\CB_IN
05.04.2016 07:48:57	Скопировано 32 файлов
05.04.2016 07:48:57	Delete d:\CB_IN\a0506960_100.esd
05.04.2016 07:48:57	Delete d:\CB_IN\a0506960_101.epd
05.04.2016 07:48:57	Delete d:\CB_IN\a0506960_102.esd
05.04.2016 07:48:58	Delete d:\CB_IN\a0506960_103.esd
05.04.2016 07:48:58	Delete d:\CB_IN\a0506960_104.esd
05.04.2016 07:48:58	Delete d:\CB_IN\a0506960_105.epd
05.04.2016 07:48:58	Delete d:\CB_IN\a0506960_106.epd
05.04.2016 07:48:58	Delete d:\CB_IN\a0506960_107.esd
05.04.2016 07:48:58	Delete d:\CB_IN\a0506960_108.epd
05.04.2016 07:48:58	Delete d:\CB_IN\a0506960_109.esd
05.04.2016 07:48:59	Delete d:\CB_IN\a0506960_110.esd
05.04.2016 07:48:59	Delete d:\CB_IN\a0506960_111.epd
05.04.2016 07:48:59	Delete d:\CB_IN\a0506960_112.esd
05.04.2016 07:48:59	Delete d:\CB_IN\a0506960_113.epd
05.04.2016 07:48:59	Delete d:\CB_IN\a0506960_114.esd
05.04.2016 07:48:59	Delete d:\CB_IN\a0506960_115.epd
05.04.2016 07:48:59	Delete d:\CB_IN\a0506960_116.esd
05.04.2016 07:49:00	Delete d:\CB_IN\a0506960_117.esd
05.04.2016 07:49:00	Delete d:\CB_IN\a0506960_118.epd
05.04.2016 07:49:00	Delete d:\CB_IN\a0506960_119.esd
05.04.2016 07:49:00	Delete d:\CB_IN\a0506960_120.epd
05.04.2016 07:49:00	Delete d:\CB_IN\a0506960_121.esd
05.04.2016 07:49:00	Delete d:\CB_IN\a0506960_122.epd
05.04.2016 07:49:00	Delete d:\CB_IN\a0506960_123.esd
05.04.2016 07:49:01	Delete d:\CB_IN\a0506960_124.epd
05.04.2016 07:49:01	Delete d:\CB_IN\a0506960_125.esd
05.04.2016 07:49:01	Delete d:\CB_IN\a0506960_126.epd
05.04.2016 07:49:01	Delete d:\CB_IN\a0506960_127.esd
05.04.2016 07:49:01	Delete d:\CB_IN\a0506960_128.esd
05.04.2016 07:49:01	Delete d:\CB_IN\a0506960_129.esd
05.04.2016 07:49:01	Delete d:\CB_IN\a0506960_130.esd
05.04.2016 07:49:02	Delete d:\CB_IN\a0506960_131.esd
05.04.2016 07:49:02	Удалено 32 файлов
05.04.2016 09:30:36	Copy d:\CB_IN\a0506960_001.esd --> M:\CB_IN
05.04.2016 09:30:37	Copy d:\CB_IN\a0506960_002.esd --> M:\CB_IN
05.04.2016 09:30:38	Copy d:\CB_IN\a0506960_003.epd --> M:\CB_IN
05.04.2016 09:30:39	Copy d:\CB_IN\a0506960_004.esd --> M:\CB_IN
05.04.2016 09:30:40	Copy d:\CB_IN\a0506960_005.esd --> M:\CB_IN
05.04.2016 09:30:40	Copy d:\CB_IN\a0506960_006.epd --> M:\CB_IN
05.04.2016 09:30:41	Copy d:\CB_IN\a0506960_007.esd --> M:\CB_IN
05.04.2016 09:30:41	Скопировано 7 файлов
05.04.2016 09:30:41	Delete d:\CB_IN\a0506960_001.esd
05.04.2016 09:30:42	Delete d:\CB_IN\a0506960_002.esd
05.04.2016 09:30:42	Delete d:\CB_IN\a0506960_003.epd
05.04.2016 09:30:42	Delete d:\CB_IN\a0506960_004.esd
05.04.2016 09:30:43	Delete d:\CB_IN\a0506960_005.esd
05.04.2016 09:30:43	Delete d:\CB_IN\a0506960_006.epd
05.04.2016 09:30:43	Delete d:\CB_IN\a0506960_007.esd
05.04.2016 09:30:43	Удалено 7 файлов
05.04.2016 09:47:04	Copy d:\CB_IN\a0506960_008.epd --> M:\CB_IN
05.04.2016 09:47:04	Copy d:\CB_IN\a0506960_009.esd --> M:\CB_IN
05.04.2016 09:47:05	Copy d:\CB_IN\a0506960_010.esd --> M:\CB_IN
05.04.2016 09:47:05	Copy d:\CB_IN\a0506960_011.esd --> M:\CB_IN
05.04.2016 09:47:05	Скопировано 4 файлов
05.04.2016 09:47:05	Delete d:\CB_IN\a0506960_008.epd
05.04.2016 09:47:05	Delete d:\CB_IN\a0506960_009.esd
05.04.2016 09:47:05	Delete d:\CB_IN\a0506960_010.esd
05.04.2016 09:47:06	Delete d:\CB_IN\a0506960_011.esd
05.04.2016 09:47:06	Удалено 4 файлов
05.04.2016 10:06:01	Copy d:\CB_IN\a0506960_012.esd --> M:\CB_IN
05.04.2016 10:06:01	Copy d:\CB_IN\a0506960_013.epd --> M:\CB_IN
05.04.2016 10:06:01	Скопировано 2 файлов
05.04.2016 10:06:01	Delete d:\CB_IN\a0506960_012.esd
05.04.2016 10:06:02	Delete d:\CB_IN\a0506960_013.epd
05.04.2016 10:06:02	Удалено 2 файлов
05.04.2016 10:25:32	Copy d:\CB_IN\a0506960_014.epd --> M:\CB_IN
05.04.2016 10:25:33	Copy d:\CB_IN\a0506960_015.esd --> M:\CB_IN
05.04.2016 10:25:33	Copy d:\CB_IN\a0506960_016.esd --> M:\CB_IN
05.04.2016 10:25:33	Скопировано 3 файлов
05.04.2016 10:25:33	Delete d:\CB_IN\a0506960_014.epd
05.04.2016 10:25:33	Delete d:\CB_IN\a0506960_015.esd
05.04.2016 10:25:33	Delete d:\CB_IN\a0506960_016.esd
05.04.2016 10:25:33	Удалено 3 файлов
05.04.2016 11:43:57	Copy d:\CB_IN\a0506960_017.esd --> M:\CB_IN
05.04.2016 11:43:58	Copy d:\CB_IN\a0506960_018.epd --> M:\CB_IN
05.04.2016 11:43:58	Copy d:\CB_IN\a0506960_019.esd --> M:\CB_IN
05.04.2016 11:43:58	Copy d:\CB_IN\a0506960_020.epd --> M:\CB_IN
05.04.2016 11:43:59	Copy d:\CB_IN\a0506960_021.epd --> M:\CB_IN
05.04.2016 11:43:59	Copy d:\CB_IN\a0506960_022.esd --> M:\CB_IN
05.04.2016 11:43:59	Copy d:\CB_IN\a0506960_023.esd --> M:\CB_IN
05.04.2016 11:44:00	Copy d:\CB_IN\a0506960_024.esd --> M:\CB_IN
05.04.2016 11:44:00	Copy d:\CB_IN\a0506960_025.esd --> M:\CB_IN
05.04.2016 11:44:01	Copy d:\CB_IN\a0506960_026.esd --> M:\CB_IN
05.04.2016 11:44:01	Copy d:\CB_IN\a0506960_027.epd --> M:\CB_IN
05.04.2016 11:44:01	Copy d:\CB_IN\a0506960_028.esd --> M:\CB_IN
05.04.2016 11:44:02	Copy d:\CB_IN\a0506960_029.esd --> M:\CB_IN
05.04.2016 11:44:02	Скопировано 13 файлов
05.04.2016 11:44:02	Delete d:\CB_IN\a0506960_017.esd
05.04.2016 11:44:02	Delete d:\CB_IN\a0506960_018.epd
05.04.2016 11:44:02	Delete d:\CB_IN\a0506960_019.esd
05.04.2016 11:44:02	Delete d:\CB_IN\a0506960_020.epd
05.04.2016 11:44:02	Delete d:\CB_IN\a0506960_021.epd
05.04.2016 11:44:03	Delete d:\CB_IN\a0506960_022.esd
05.04.2016 11:44:03	Delete d:\CB_IN\a0506960_023.esd
05.04.2016 11:44:03	Delete d:\CB_IN\a0506960_024.esd
05.04.2016 11:44:03	Delete d:\CB_IN\a0506960_025.esd
05.04.2016 11:44:03	Delete d:\CB_IN\a0506960_026.esd
05.04.2016 11:44:03	Delete d:\CB_IN\a0506960_027.epd
05.04.2016 11:44:03	Delete d:\CB_IN\a0506960_028.esd
05.04.2016 11:44:03	Delete d:\CB_IN\a0506960_029.esd
05.04.2016 11:44:03	Удалено 13 файлов
05.04.2016 12:02:47	Copy d:\CB_IN\a0506960_030.epd --> M:\CB_IN
05.04.2016 12:02:47	Copy d:\CB_IN\a0506960_031.esd --> M:\CB_IN
05.04.2016 12:02:47	Скопировано 2 файлов
05.04.2016 12:02:48	Delete d:\CB_IN\a0506960_030.epd
05.04.2016 12:02:48	Delete d:\CB_IN\a0506960_031.esd
05.04.2016 12:02:48	Удалено 2 файлов
05.04.2016 12:26:43	Copy d:\CB_IN\a0506960_032.esd --> M:\CB_IN
05.04.2016 12:26:43	Copy d:\CB_IN\a0506960_033.epd --> M:\CB_IN
05.04.2016 12:26:44	Copy d:\CB_IN\a0506960_034.epd --> M:\CB_IN
05.04.2016 12:26:44	Copy d:\CB_IN\a0506960_035.esd --> M:\CB_IN
05.04.2016 12:26:44	Скопировано 4 файлов
05.04.2016 12:26:44	Delete d:\CB_IN\a0506960_032.esd
05.04.2016 12:26:44	Delete d:\CB_IN\a0506960_033.epd
05.04.2016 12:26:44	Delete d:\CB_IN\a0506960_034.epd
05.04.2016 12:26:45	Delete d:\CB_IN\a0506960_035.esd
05.04.2016 12:26:45	Удалено 4 файлов
05.04.2016 12:44:07	Copy d:\CB_IN\a0506960_036.esd --> M:\CB_IN
05.04.2016 12:44:08	Copy d:\CB_IN\a0506960_037.epd --> M:\CB_IN
05.04.2016 12:44:08	Copy d:\CB_IN\a0506960_038.esd --> M:\CB_IN
05.04.2016 12:44:08	Copy d:\CB_IN\a0506960_039.esd --> M:\CB_IN
05.04.2016 12:44:09	Copy d:\CB_IN\a0506960_040.esd --> M:\CB_IN
05.04.2016 12:44:09	Скопировано 5 файлов
05.04.2016 12:44:09	Delete d:\CB_IN\a0506960_036.esd
05.04.2016 12:44:09	Delete d:\CB_IN\a0506960_037.epd
05.04.2016 12:44:09	Delete d:\CB_IN\a0506960_038.esd
05.04.2016 12:44:09	Delete d:\CB_IN\a0506960_039.esd
05.04.2016 12:44:09	Delete d:\CB_IN\a0506960_040.esd
05.04.2016 12:44:09	Удалено 5 файлов
05.04.2016 14:12:27	Copy d:\CB_IN\a0506960_041.esd --> M:\CB_IN
05.04.2016 14:12:27	Copy d:\CB_IN\a0506960_042.epd --> M:\CB_IN
05.04.2016 14:12:27	Copy d:\CB_IN\a0506960_043.esd --> M:\CB_IN
05.04.2016 14:12:28	Copy d:\CB_IN\a0506960_044.epd --> M:\CB_IN
05.04.2016 14:12:28	Copy d:\CB_IN\a0506960_045.esd --> M:\CB_IN
05.04.2016 14:12:29	Copy d:\CB_IN\a0506960_046.esd --> M:\CB_IN
05.04.2016 14:12:29	Copy d:\CB_IN\a0506960_047.epd --> M:\CB_IN
05.04.2016 14:12:29	Copy d:\CB_IN\a0506960_048.esd --> M:\CB_IN
05.04.2016 14:12:30	Copy d:\CB_IN\a0506960_049.esd --> M:\CB_IN
05.04.2016 14:12:30	Copy d:\CB_IN\a0506960_050.epd --> M:\CB_IN
05.04.2016 14:12:31	Copy d:\CB_IN\a0506960_051.esd --> M:\CB_IN
05.04.2016 14:12:31	Copy d:\CB_IN\a0506960_052.epd --> M:\CB_IN
05.04.2016 14:12:31	Скопировано 12 файлов
05.04.2016 14:12:31	Error copy d:\CB_IN\a0506960_041.esd
05.04.2016 14:12:31	Delete d:\CB_IN\a0506960_042.epd
05.04.2016 14:12:31	Delete d:\CB_IN\a0506960_043.esd
05.04.2016 14:12:31	Delete d:\CB_IN\a0506960_044.epd
05.04.2016 14:12:31	Delete d:\CB_IN\a0506960_045.esd
05.04.2016 14:12:32	Delete d:\CB_IN\a0506960_046.esd
05.04.2016 14:12:32	Delete d:\CB_IN\a0506960_047.epd
05.04.2016 14:12:32	Delete d:\CB_IN\a0506960_048.esd
05.04.2016 14:12:32	Delete d:\CB_IN\a0506960_049.esd
05.04.2016 14:12:32	Delete d:\CB_IN\a0506960_050.epd
05.04.2016 14:12:32	Delete d:\CB_IN\a0506960_051.esd
05.04.2016 14:12:32	Delete d:\CB_IN\a0506960_052.epd
05.04.2016 14:12:32	Удалено 11 файлов
05.04.2016 14:34:12	Copy d:\CB_IN\a0506960_041.esd --> M:\CB_IN
05.04.2016 14:34:12	Copy d:\CB_IN\a0506960_053.epd --> M:\CB_IN
05.04.2016 14:34:13	Copy d:\CB_IN\a0506960_054.esd --> M:\CB_IN
05.04.2016 14:34:13	Copy d:\CB_IN\a0506960_055.esd --> M:\CB_IN
05.04.2016 14:34:13	Copy d:\CB_IN\a0506960_056.esd --> M:\CB_IN
05.04.2016 14:34:13	Скопировано 5 файлов
05.04.2016 14:34:13	Error copy d:\CB_IN\a0506960_041.esd
05.04.2016 14:34:14	Delete d:\CB_IN\a0506960_053.epd
05.04.2016 14:34:14	Delete d:\CB_IN\a0506960_054.esd
05.04.2016 14:34:14	Delete d:\CB_IN\a0506960_055.esd
05.04.2016 14:34:14	Delete d:\CB_IN\a0506960_056.esd
05.04.2016 14:34:14	Удалено 4 файлов
05.04.2016 14:51:43	Copy d:\CB_IN\a0506960_041.esd --> M:\CB_IN
05.04.2016 14:51:43	Copy d:\CB_IN\a0506960_057.epd --> M:\CB_IN
05.04.2016 14:51:44	Copy d:\CB_IN\a0506960_058.esd --> M:\CB_IN
05.04.2016 14:51:44	Copy d:\CB_IN\a0506960_059.esd --> M:\CB_IN
05.04.2016 14:51:45	Copy d:\CB_IN\a0506960_060.esd --> M:\CB_IN
05.04.2016 14:51:45	Скопировано 5 файлов
05.04.2016 14:51:45	Error copy d:\CB_IN\a0506960_041.esd
05.04.2016 14:51:45	Delete d:\CB_IN\a0506960_057.epd
05.04.2016 14:51:45	Delete d:\CB_IN\a0506960_058.esd
05.04.2016 14:51:45	Delete d:\CB_IN\a0506960_059.esd
05.04.2016 14:51:45	Delete d:\CB_IN\a0506960_060.esd
05.04.2016 14:51:45	Удалено 4 файлов
05.04.2016 15:07:33	Copy d:\CB_IN\a0506960_041.esd --> M:\CB_IN
05.04.2016 15:07:33	Copy d:\CB_IN\a0506960_061.epd --> M:\CB_IN
05.04.2016 15:07:34	Copy d:\CB_IN\a0506960_062.esd --> M:\CB_IN
05.04.2016 15:07:34	Copy d:\CB_IN\a0506960_063.esd --> M:\CB_IN
05.04.2016 15:07:35	Copy d:\CB_IN\a0506960_064.esd --> M:\CB_IN
05.04.2016 15:07:35	Скопировано 5 файлов
05.04.2016 15:07:35	Error copy d:\CB_IN\a0506960_041.esd
05.04.2016 15:07:35	Delete d:\CB_IN\a0506960_061.epd
05.04.2016 15:07:35	Delete d:\CB_IN\a0506960_062.esd
05.04.2016 15:07:35	Delete d:\CB_IN\a0506960_063.esd
05.04.2016 15:07:35	Delete d:\CB_IN\a0506960_064.esd
05.04.2016 15:07:35	Удалено 4 файлов
05.04.2016 15:17:55	Copy d:\CB_IN\a0506960_041.esd --> M:\CB_IN
05.04.2016 15:17:55	Скопировано 1 файлов
05.04.2016 15:17:55	Delete d:\CB_IN\a0506960_041.esd
05.04.2016 15:17:55	Удалено 1 файлов
05.04.2016 15:24:24	Copy d:\CB_IN\a0506960_065.esd --> M:\CB_IN
05.04.2016 15:24:24	Copy d:\CB_IN\a0506960_066.esd --> M:\CB_IN
05.04.2016 15:24:25	Copy d:\CB_IN\a0506960_067.epd --> M:\CB_IN
05.04.2016 15:24:25	Copy d:\CB_IN\a0506960_068.esd --> M:\CB_IN
05.04.2016 15:24:25	Copy d:\CB_IN\a0506960_069.esd --> M:\CB_IN
05.04.2016 15:24:26	Copy d:\CB_IN\a0506960_070.esd --> M:\CB_IN
05.04.2016 15:24:26	Скопировано 6 файлов
05.04.2016 15:24:26	Delete d:\CB_IN\a0506960_065.esd
05.04.2016 15:24:26	Delete d:\CB_IN\a0506960_066.esd
05.04.2016 15:24:26	Delete d:\CB_IN\a0506960_067.epd
05.04.2016 15:24:26	Delete d:\CB_IN\a0506960_068.esd
05.04.2016 15:24:27	Delete d:\CB_IN\a0506960_069.esd
05.04.2016 15:24:27	Delete d:\CB_IN\a0506960_070.esd
05.04.2016 15:24:27	Удалено 6 файлов
05.04.2016 15:50:28	Copy d:\CB_IN\a0506960_071.esd --> M:\CB_IN
05.04.2016 15:50:29	Copy d:\CB_IN\a0506960_072.epd --> M:\CB_IN
05.04.2016 15:50:29	Copy d:\CB_IN\a0506960_073.esd --> M:\CB_IN
05.04.2016 15:50:30	Copy d:\CB_IN\a0506960_074.esd --> M:\CB_IN
05.04.2016 15:50:30	Скопировано 4 файлов
05.04.2016 15:50:30	Delete d:\CB_IN\a0506960_071.esd
05.04.2016 15:50:30	Delete d:\CB_IN\a0506960_072.epd
05.04.2016 15:50:30	Delete d:\CB_IN\a0506960_073.esd
05.04.2016 15:50:30	Delete d:\CB_IN\a0506960_074.esd
05.04.2016 15:50:30	Удалено 4 файлов
05.04.2016 16:01:05	Copy d:\CB_IN\a0506960_075.epd --> M:\CB_IN
05.04.2016 16:01:06	Copy d:\CB_IN\a0506960_076.esd --> M:\CB_IN
05.04.2016 16:01:06	Copy d:\CB_IN\a0506960_077.esd --> M:\CB_IN
05.04.2016 16:01:06	Copy d:\CB_IN\a0506960_078.esd --> M:\CB_IN
05.04.2016 16:01:06	Скопировано 4 файлов
05.04.2016 16:01:06	Delete d:\CB_IN\a0506960_075.epd
05.04.2016 16:01:07	Delete d:\CB_IN\a0506960_076.esd
05.04.2016 16:01:07	Delete d:\CB_IN\a0506960_077.esd
05.04.2016 16:01:07	Delete d:\CB_IN\a0506960_078.esd
05.04.2016 16:01:07	Удалено 4 файлов
05.04.2016 16:33:10	Copy d:\CB_IN\a0506960_079.esd --> M:\CB_IN
05.04.2016 16:33:11	Copy d:\CB_IN\a0506960_080.epd --> M:\CB_IN
05.04.2016 16:33:11	Copy d:\CB_IN\a0506960_081.esd --> M:\CB_IN
05.04.2016 16:33:12	Copy d:\CB_IN\a0506960_082.epd --> M:\CB_IN
05.04.2016 16:33:12	Copy d:\CB_IN\a0506960_083.esd --> M:\CB_IN
05.04.2016 16:33:13	Copy d:\CB_IN\a0506960_084.esd --> M:\CB_IN
05.04.2016 16:33:13	Скопировано 6 файлов
05.04.2016 16:33:13	Error copy d:\CB_IN\a0506960_079.esd
05.04.2016 16:33:13	Delete d:\CB_IN\a0506960_080.epd
05.04.2016 16:33:13	Delete d:\CB_IN\a0506960_081.esd
05.04.2016 16:33:13	Delete d:\CB_IN\a0506960_082.epd
05.04.2016 16:33:13	Delete d:\CB_IN\a0506960_083.esd
05.04.2016 16:33:13	Delete d:\CB_IN\a0506960_084.esd
05.04.2016 16:33:13	Удалено 5 файлов
05.04.2016 16:51:23	Copy d:\CB_IN\a0506960_079.esd --> M:\CB_IN
05.04.2016 16:51:23	Скопировано 1 файлов
05.04.2016 16:51:23	Delete d:\CB_IN\a0506960_079.esd
05.04.2016 16:51:23	Удалено 1 файлов
05.04.2016 16:52:52	Copy d:\CB_IN\a0506960_085.esd --> M:\CB_IN
05.04.2016 16:52:52	Copy d:\CB_IN\a0506960_086.epd --> M:\CB_IN
05.04.2016 16:52:53	Copy d:\CB_IN\a0506960_087.esd --> M:\CB_IN
05.04.2016 16:52:53	Copy d:\CB_IN\a0506960_088.esd --> M:\CB_IN
05.04.2016 16:52:53	Скопировано 4 файлов
05.04.2016 16:52:53	Delete d:\CB_IN\a0506960_085.esd
05.04.2016 16:52:53	Delete d:\CB_IN\a0506960_086.epd
05.04.2016 16:52:53	Delete d:\CB_IN\a0506960_087.esd
05.04.2016 16:52:54	Delete d:\CB_IN\a0506960_088.esd
05.04.2016 16:52:54	Удалено 4 файлов
05.04.2016 17:04:59	Copy d:\CB_IN\a0506960_089.esd --> M:\CB_IN
05.04.2016 17:04:59	Copy d:\CB_IN\a0506960_090.epd --> M:\CB_IN
05.04.2016 17:05:00	Copy d:\CB_IN\a0506960_091.esd --> M:\CB_IN
05.04.2016 17:05:00	Copy d:\CB_IN\a0506960_092.esd --> M:\CB_IN
05.04.2016 17:05:00	Скопировано 4 файлов
05.04.2016 17:05:00	Error copy d:\CB_IN\a0506960_089.esd
05.04.2016 17:05:00	Delete d:\CB_IN\a0506960_090.epd
05.04.2016 17:05:00	Delete d:\CB_IN\a0506960_091.esd
05.04.2016 17:05:00	Delete d:\CB_IN\a0506960_092.esd
05.04.2016 17:05:00	Удалено 3 файлов
05.04.2016 17:19:50	Copy d:\CB_IN\a0506960_089.esd --> M:\CB_IN
05.04.2016 17:19:50	Copy d:\CB_IN\a0506960_093.esd --> M:\CB_IN
05.04.2016 17:19:51	Copy d:\CB_IN\a0506960_094.esd --> M:\CB_IN
05.04.2016 17:19:51	Copy d:\CB_IN\a0506960_095.epd --> M:\CB_IN
05.04.2016 17:19:51	Copy d:\CB_IN\a0506960_096.esd --> M:\CB_IN
05.04.2016 17:19:51	Скопировано 5 файлов
05.04.2016 17:19:51	Error copy d:\CB_IN\a0506960_089.esd
05.04.2016 17:19:52	Delete d:\CB_IN\a0506960_093.esd
05.04.2016 17:19:52	Delete d:\CB_IN\a0506960_094.esd
05.04.2016 17:19:52	Delete d:\CB_IN\a0506960_095.epd
05.04.2016 17:19:52	Delete d:\CB_IN\a0506960_096.esd
05.04.2016 17:19:52	Удалено 4 файлов
05.04.2016 17:26:55	Copy d:\CB_IN\a0506960_089.esd --> M:\CB_IN
05.04.2016 17:26:55	Скопировано 1 файлов
05.04.2016 17:26:55	Delete d:\CB_IN\a0506960_089.esd
05.04.2016 17:26:55	Удалено 1 файлов
05.04.2016 17:44:51	Copy d:\CB_IN\a0506960_097.esd --> M:\CB_IN
05.04.2016 17:44:52	Copy d:\CB_IN\a0506960_098.esd --> M:\CB_IN
05.04.2016 17:44:52	Copy d:\CB_IN\a0506960_099.esd --> M:\CB_IN
05.04.2016 17:44:53	Copy d:\CB_IN\a0506960_100.esd --> M:\CB_IN
05.04.2016 17:44:53	Copy d:\CB_IN\a0506960_101.epd --> M:\CB_IN
05.04.2016 17:44:53	Copy d:\CB_IN\a0506960_102.epd --> M:\CB_IN
05.04.2016 17:44:54	Copy d:\CB_IN\a0506960_103.esd --> M:\CB_IN
05.04.2016 17:44:54	Скопировано 7 файлов
05.04.2016 17:44:54	Error copy d:\CB_IN\a0506960_097.esd
05.04.2016 17:44:54	Delete d:\CB_IN\a0506960_098.esd
05.04.2016 17:44:54	Delete d:\CB_IN\a0506960_099.esd
05.04.2016 17:44:54	Delete d:\CB_IN\a0506960_100.esd
05.04.2016 17:44:54	Delete d:\CB_IN\a0506960_101.epd
05.04.2016 17:44:55	Delete d:\CB_IN\a0506960_102.epd
05.04.2016 17:44:55	Delete d:\CB_IN\a0506960_103.esd
05.04.2016 17:44:55	Удалено 6 файлов
05.04.2016 17:51:08	Copy d:\CB_IN\a0506960_097.esd --> M:\CB_IN
05.04.2016 17:51:08	Скопировано 1 файлов
05.04.2016 17:51:08	Delete d:\CB_IN\a0506960_097.esd
05.04.2016 17:51:08	Удалено 1 файлов
05.04.2016 17:51:50	Copy d:\CB_IN\a0506960_104.esd --> M:\CB_IN
05.04.2016 17:51:50	Copy d:\CB_IN\a0506960_105.esd --> M:\CB_IN
05.04.2016 17:51:50	Скопировано 2 файлов
05.04.2016 17:51:50	Error copy d:\CB_IN\a0506960_104.esd
05.04.2016 17:51:50	Delete d:\CB_IN\a0506960_105.esd
05.04.2016 17:51:50	Удалено 1 файлов
05.04.2016 18:03:51	Copy d:\CB_IN\a0506960_104.esd --> M:\CB_IN
05.04.2016 18:03:51	Copy d:\CB_IN\a0506960_106.esd --> M:\CB_IN
05.04.2016 18:03:52	Copy d:\CB_IN\a0506960_107.epd --> M:\CB_IN
05.04.2016 18:03:52	Скопировано 3 файлов
05.04.2016 18:03:52	Error copy d:\CB_IN\a0506960_104.esd
05.04.2016 18:03:52	Delete d:\CB_IN\a0506960_106.esd
05.04.2016 18:03:52	Delete d:\CB_IN\a0506960_107.epd
05.04.2016 18:03:52	Удалено 2 файлов
