06.04.2016 08:00:21	Copy d:\CB_IN\a0506960_104.esd --> M:\CB_IN
06.04.2016 08:00:21	Copy d:\CB_IN\a0606960_108.esd --> M:\CB_IN
06.04.2016 08:00:21	Copy d:\CB_IN\a0606960_109.epd --> M:\CB_IN
06.04.2016 08:00:22	Copy d:\CB_IN\a0606960_110.esd --> M:\CB_IN
06.04.2016 08:00:22	Copy d:\CB_IN\a0606960_111.esd --> M:\CB_IN
06.04.2016 08:00:23	Copy d:\CB_IN\a0606960_112.epd --> M:\CB_IN
06.04.2016 08:00:23	Copy d:\CB_IN\a0606960_113.esd --> M:\CB_IN
06.04.2016 08:00:23	Copy d:\CB_IN\a0606960_114.esd --> M:\CB_IN
06.04.2016 08:00:24	Copy d:\CB_IN\a0606960_115.epd --> M:\CB_IN
06.04.2016 08:00:24	Copy d:\CB_IN\a0606960_116.esd --> M:\CB_IN
06.04.2016 08:00:25	Copy d:\CB_IN\a0606960_117.epd --> M:\CB_IN
06.04.2016 08:00:25	Copy d:\CB_IN\a0606960_118.esd --> M:\CB_IN
06.04.2016 08:00:25	Copy d:\CB_IN\a0606960_119.epd --> M:\CB_IN
06.04.2016 08:00:26	Copy d:\CB_IN\a0606960_120.epd --> M:\CB_IN
06.04.2016 08:00:26	Copy d:\CB_IN\a0606960_121.esd --> M:\CB_IN
06.04.2016 08:00:27	Copy d:\CB_IN\a0606960_122.epd --> M:\CB_IN
06.04.2016 08:00:27	Copy d:\CB_IN\a0606960_123.esd --> M:\CB_IN
06.04.2016 08:00:28	Copy d:\CB_IN\a0606960_124.esd --> M:\CB_IN
06.04.2016 08:00:28	Copy d:\CB_IN\a0606960_125.esd --> M:\CB_IN
06.04.2016 08:00:28	Copy d:\CB_IN\a0606960_126.epd --> M:\CB_IN
06.04.2016 08:00:29	Copy d:\CB_IN\a0606960_127.esd --> M:\CB_IN
06.04.2016 08:00:29	Copy d:\CB_IN\a0606960_128.epd --> M:\CB_IN
06.04.2016 08:00:30	Copy d:\CB_IN\a0606960_129.epd --> M:\CB_IN
06.04.2016 08:00:30	Copy d:\CB_IN\a0606960_130.esd --> M:\CB_IN
06.04.2016 08:00:31	Copy d:\CB_IN\a0606960_131.esd --> M:\CB_IN
06.04.2016 08:00:31	Copy d:\CB_IN\a0606960_132.epd --> M:\CB_IN
06.04.2016 08:00:31	Copy d:\CB_IN\a0606960_133.epd --> M:\CB_IN
06.04.2016 08:00:32	Copy d:\CB_IN\a0606960_134.esd --> M:\CB_IN
06.04.2016 08:00:32	Copy d:\CB_IN\a0606960_135.esd --> M:\CB_IN
06.04.2016 08:00:33	Copy d:\CB_IN\a0606960_136.esd --> M:\CB_IN
06.04.2016 08:00:34	Copy d:\CB_IN\a0606960_137.esd --> M:\CB_IN
06.04.2016 08:00:34	Copy d:\CB_IN\a0606960_138.esd --> M:\CB_IN
06.04.2016 08:00:34	Скопировано 32 файлов
06.04.2016 08:00:34	Error copy d:\CB_IN\a0506960_104.esd
06.04.2016 08:00:34	Delete d:\CB_IN\a0606960_108.esd
06.04.2016 08:00:35	Error copy d:\CB_IN\a0606960_109.epd
06.04.2016 08:00:35	Delete d:\CB_IN\a0606960_110.esd
06.04.2016 08:00:35	Delete d:\CB_IN\a0606960_111.esd
06.04.2016 08:00:35	Delete d:\CB_IN\a0606960_112.epd
06.04.2016 08:00:35	Delete d:\CB_IN\a0606960_113.esd
06.04.2016 08:00:35	Delete d:\CB_IN\a0606960_114.esd
06.04.2016 08:00:36	Delete d:\CB_IN\a0606960_115.epd
06.04.2016 08:00:36	Delete d:\CB_IN\a0606960_116.esd
06.04.2016 08:00:36	Delete d:\CB_IN\a0606960_117.epd
06.04.2016 08:00:36	Delete d:\CB_IN\a0606960_118.esd
06.04.2016 08:00:36	Delete d:\CB_IN\a0606960_119.epd
06.04.2016 08:00:36	Delete d:\CB_IN\a0606960_120.epd
06.04.2016 08:00:36	Delete d:\CB_IN\a0606960_121.esd
06.04.2016 08:00:37	Delete d:\CB_IN\a0606960_122.epd
06.04.2016 08:00:37	Delete d:\CB_IN\a0606960_123.esd
06.04.2016 08:00:37	Delete d:\CB_IN\a0606960_124.esd
06.04.2016 08:00:37	Delete d:\CB_IN\a0606960_125.esd
06.04.2016 08:00:37	Delete d:\CB_IN\a0606960_126.epd
06.04.2016 08:00:37	Delete d:\CB_IN\a0606960_127.esd
06.04.2016 08:00:37	Delete d:\CB_IN\a0606960_128.epd
06.04.2016 08:00:38	Delete d:\CB_IN\a0606960_129.epd
06.04.2016 08:00:38	Delete d:\CB_IN\a0606960_130.esd
06.04.2016 08:00:38	Delete d:\CB_IN\a0606960_131.esd
06.04.2016 08:00:38	Delete d:\CB_IN\a0606960_132.epd
06.04.2016 08:00:38	Delete d:\CB_IN\a0606960_133.epd
06.04.2016 08:00:38	Delete d:\CB_IN\a0606960_134.esd
06.04.2016 08:00:39	Delete d:\CB_IN\a0606960_135.esd
06.04.2016 08:00:39	Delete d:\CB_IN\a0606960_136.esd
06.04.2016 08:00:39	Delete d:\CB_IN\a0606960_137.esd
06.04.2016 08:00:39	Delete d:\CB_IN\a0606960_138.esd
06.04.2016 08:00:39	Удалено 30 файлов
06.04.2016 09:19:54	Copy d:\CB_IN\a0506960_104.esd --> M:\CB_IN
06.04.2016 09:19:55	Copy d:\CB_IN\a0606960_001.esd --> M:\CB_IN
06.04.2016 09:19:56	Copy d:\CB_IN\a0606960_109.epd --> M:\CB_IN
06.04.2016 09:19:56	Copy d:\CB_IN\a0606960_002.esd --> M:\CB_IN
06.04.2016 09:19:57	Copy d:\CB_IN\a0606960_003.epd --> M:\CB_IN
06.04.2016 09:19:57	Copy d:\CB_IN\a0606960_004.esd --> M:\CB_IN
06.04.2016 09:19:57	Copy d:\CB_IN\a0606960_005.esd --> M:\CB_IN
06.04.2016 09:19:58	Copy d:\CB_IN\a0606960_006.epd --> M:\CB_IN
06.04.2016 09:19:58	Copy d:\CB_IN\a0606960_007.esd --> M:\CB_IN
06.04.2016 09:19:58	Скопировано 9 файлов
06.04.2016 09:19:58	Delete d:\CB_IN\a0506960_104.esd
06.04.2016 09:19:58	Delete d:\CB_IN\a0606960_001.esd
06.04.2016 09:19:59	Delete d:\CB_IN\a0606960_109.epd
06.04.2016 09:19:59	Delete d:\CB_IN\a0606960_002.esd
06.04.2016 09:19:59	Delete d:\CB_IN\a0606960_003.epd
06.04.2016 09:19:59	Delete d:\CB_IN\a0606960_004.esd
06.04.2016 09:19:59	Delete d:\CB_IN\a0606960_005.esd
06.04.2016 09:19:59	Delete d:\CB_IN\a0606960_006.epd
06.04.2016 09:19:59	Delete d:\CB_IN\a0606960_007.esd
06.04.2016 09:19:59	Удалено 9 файлов
06.04.2016 10:20:08	Copy d:\CB_IN\a0606960_008.epd --> M:\CB_IN
06.04.2016 10:20:09	Copy d:\CB_IN\a0606960_009.esd --> M:\CB_IN
06.04.2016 10:20:09	Copy d:\CB_IN\a0606960_010.esd --> M:\CB_IN
06.04.2016 10:20:10	Copy d:\CB_IN\a0606960_011.epd --> M:\CB_IN
06.04.2016 10:20:10	Copy d:\CB_IN\a0606960_012.esd --> M:\CB_IN
06.04.2016 10:20:10	Copy d:\CB_IN\a0606960_013.epd --> M:\CB_IN
06.04.2016 10:20:11	Copy d:\CB_IN\a0606960_014.esd --> M:\CB_IN
06.04.2016 10:20:11	Copy d:\CB_IN\a0606960_015.esd --> M:\CB_IN
06.04.2016 10:20:11	Скопировано 8 файлов
06.04.2016 10:20:11	Delete d:\CB_IN\a0606960_008.epd
06.04.2016 10:20:12	Delete d:\CB_IN\a0606960_009.esd
06.04.2016 10:20:12	Delete d:\CB_IN\a0606960_010.esd
06.04.2016 10:20:12	Delete d:\CB_IN\a0606960_011.epd
06.04.2016 10:20:12	Delete d:\CB_IN\a0606960_012.esd
06.04.2016 10:20:12	Delete d:\CB_IN\a0606960_013.epd
06.04.2016 10:20:12	Delete d:\CB_IN\a0606960_014.esd
06.04.2016 10:20:12	Delete d:\CB_IN\a0606960_015.esd
06.04.2016 10:20:12	Удалено 8 файлов
06.04.2016 10:45:41	Copy d:\CB_IN\a0606960_016.esd --> M:\CB_IN
06.04.2016 10:45:42	Copy d:\CB_IN\a0606960_017.esd --> M:\CB_IN
06.04.2016 10:45:42	Copy d:\CB_IN\a0606960_018.esd --> M:\CB_IN
06.04.2016 10:45:43	Copy d:\CB_IN\a0606960_019.epd --> M:\CB_IN
06.04.2016 10:45:43	Copy d:\CB_IN\a0606960_020.esd --> M:\CB_IN
06.04.2016 10:45:43	Copy d:\CB_IN\a0606960_021.esd --> M:\CB_IN
06.04.2016 10:45:43	Скопировано 6 файлов
06.04.2016 10:45:43	Error copy d:\CB_IN\a0606960_016.esd
06.04.2016 10:45:44	Delete d:\CB_IN\a0606960_017.esd
06.04.2016 10:45:44	Delete d:\CB_IN\a0606960_018.esd
06.04.2016 10:45:44	Delete d:\CB_IN\a0606960_019.epd
06.04.2016 10:45:44	Delete d:\CB_IN\a0606960_020.esd
06.04.2016 10:45:44	Delete d:\CB_IN\a0606960_021.esd
06.04.2016 10:45:44	Удалено 5 файлов
06.04.2016 11:00:24	Copy d:\CB_IN\a0606960_016.esd --> M:\CB_IN
06.04.2016 11:00:25	Copy d:\CB_IN\a0606960_022.epd --> M:\CB_IN
06.04.2016 11:00:25	Copy d:\CB_IN\a0606960_023.esd --> M:\CB_IN
06.04.2016 11:00:25	Скопировано 3 файлов
06.04.2016 11:00:25	Delete d:\CB_IN\a0606960_016.esd
06.04.2016 11:00:25	Delete d:\CB_IN\a0606960_022.epd
06.04.2016 11:00:26	Delete d:\CB_IN\a0606960_023.esd
06.04.2016 11:00:26	Удалено 3 файлов
06.04.2016 11:08:51	Copy d:\CB_IN\a0606960_024.esd --> M:\CB_IN
06.04.2016 11:08:52	Copy d:\CB_IN\a0606960_025.esd --> M:\CB_IN
06.04.2016 11:08:52	Скопировано 2 файлов
06.04.2016 11:08:52	Delete d:\CB_IN\a0606960_024.esd
06.04.2016 11:08:52	Delete d:\CB_IN\a0606960_025.esd
06.04.2016 11:08:52	Удалено 2 файлов
06.04.2016 11:28:07	Copy d:\CB_IN\a0606960_026.epd --> M:\CB_IN
06.04.2016 11:28:07	Copy d:\CB_IN\a0606960_027.esd --> M:\CB_IN
06.04.2016 11:28:07	Copy d:\CB_IN\a0606960_028.esd --> M:\CB_IN
06.04.2016 11:28:08	Copy d:\CB_IN\a0606960_029.esd --> M:\CB_IN
06.04.2016 11:28:08	Скопировано 4 файлов
06.04.2016 11:28:08	Delete d:\CB_IN\a0606960_026.epd
06.04.2016 11:28:08	Delete d:\CB_IN\a0606960_027.esd
06.04.2016 11:28:08	Delete d:\CB_IN\a0606960_028.esd
06.04.2016 11:28:08	Delete d:\CB_IN\a0606960_029.esd
06.04.2016 11:28:08	Удалено 4 файлов
06.04.2016 11:58:28	Copy d:\CB_IN\a0606960_030.esd --> M:\CB_IN
06.04.2016 11:58:28	Copy d:\CB_IN\a0606960_031.epd --> M:\CB_IN
06.04.2016 11:58:28	Copy d:\CB_IN\a0606960_032.epd --> M:\CB_IN
06.04.2016 11:58:29	Copy d:\CB_IN\a0606960_033.esd --> M:\CB_IN
06.04.2016 11:58:29	Скопировано 4 файлов
06.04.2016 11:58:29	Delete d:\CB_IN\a0606960_030.esd
06.04.2016 11:58:29	Delete d:\CB_IN\a0606960_031.epd
06.04.2016 11:58:29	Delete d:\CB_IN\a0606960_032.epd
06.04.2016 11:58:29	Delete d:\CB_IN\a0606960_033.esd
06.04.2016 11:58:29	Удалено 4 файлов
06.04.2016 12:13:51	Copy d:\CB_IN\a0606960_034.esd --> M:\CB_IN
06.04.2016 12:13:52	Copy d:\CB_IN\a0606960_035.esd --> M:\CB_IN
06.04.2016 12:13:52	Скопировано 2 файлов
06.04.2016 12:13:52	Error copy d:\CB_IN\a0606960_034.esd
06.04.2016 12:13:52	Delete d:\CB_IN\a0606960_035.esd
06.04.2016 12:13:52	Удалено 1 файлов
06.04.2016 12:22:29	Copy d:\CB_IN\a0606960_034.esd --> M:\CB_IN
06.04.2016 12:22:30	Copy d:\CB_IN\a0606960_036.epd --> M:\CB_IN
06.04.2016 12:22:30	Copy d:\CB_IN\a0606960_037.esd --> M:\CB_IN
06.04.2016 12:22:31	Copy d:\CB_IN\a0606960_038.esd --> M:\CB_IN
06.04.2016 12:22:31	Скопировано 4 файлов
06.04.2016 12:22:31	Error copy d:\CB_IN\a0606960_034.esd
06.04.2016 12:22:31	Delete d:\CB_IN\a0606960_036.epd
06.04.2016 12:22:31	Delete d:\CB_IN\a0606960_037.esd
06.04.2016 12:22:31	Delete d:\CB_IN\a0606960_038.esd
06.04.2016 12:22:31	Удалено 3 файлов
06.04.2016 12:43:10	Copy d:\CB_IN\a0606960_034.esd --> M:\CB_IN
06.04.2016 12:43:11	Copy d:\CB_IN\a0606960_039.esd --> M:\CB_IN
06.04.2016 12:43:11	Copy d:\CB_IN\a0606960_040.esd --> M:\CB_IN
06.04.2016 12:43:12	Copy d:\CB_IN\a0606960_041.epd --> M:\CB_IN
06.04.2016 12:43:12	Скопировано 4 файлов
06.04.2016 12:43:12	Error copy d:\CB_IN\a0606960_034.esd
06.04.2016 12:43:12	Delete d:\CB_IN\a0606960_039.esd
06.04.2016 12:43:12	Delete d:\CB_IN\a0606960_040.esd
06.04.2016 12:43:12	Delete d:\CB_IN\a0606960_041.epd
06.04.2016 12:43:12	Удалено 3 файлов
06.04.2016 12:54:15	Copy d:\CB_IN\a0606960_034.esd --> M:\CB_IN
06.04.2016 12:54:16	Copy d:\CB_IN\a0606960_042.esd --> M:\CB_IN
06.04.2016 12:54:16	Copy d:\CB_IN\a0606960_043.esd --> M:\CB_IN
06.04.2016 12:54:16	Скопировано 3 файлов
06.04.2016 12:54:16	Error copy d:\CB_IN\a0606960_034.esd
06.04.2016 12:54:16	Delete d:\CB_IN\a0606960_042.esd
06.04.2016 12:54:16	Delete d:\CB_IN\a0606960_043.esd
06.04.2016 12:54:16	Удалено 2 файлов
06.04.2016 14:23:56	Copy d:\CB_IN\a0606960_034.esd --> M:\CB_IN
06.04.2016 14:23:57	Copy d:\CB_IN\a0606960_044.epd --> M:\CB_IN
06.04.2016 14:23:57	Copy d:\CB_IN\a0606960_034.esd --> M:\CB_IN
06.04.2016 14:23:57	Copy d:\CB_IN\a0606960_034.esd --> M:\CB_IN
06.04.2016 14:23:57	Copy d:\CB_IN\a0606960_034.esd --> M:\CB_IN
06.04.2016 14:23:57	Copy d:\CB_IN\a0606960_045.esd --> M:\CB_IN
06.04.2016 14:23:58	Copy d:\CB_IN\a0606960_044.epd --> M:\CB_IN
06.04.2016 14:23:58	Copy d:\CB_IN\a0606960_044.epd --> M:\CB_IN
06.04.2016 14:23:58	Copy d:\CB_IN\a0606960_044.epd --> M:\CB_IN
06.04.2016 14:23:58	Copy d:\CB_IN\a0606960_045.esd --> M:\CB_IN
06.04.2016 14:23:58	Copy d:\CB_IN\a0606960_045.esd --> M:\CB_IN
06.04.2016 14:23:58	Copy d:\CB_IN\a0606960_045.esd --> M:\CB_IN
06.04.2016 14:23:58	Copy d:\CB_IN\a0606960_046.esd --> M:\CB_IN
06.04.2016 14:23:58	Copy d:\CB_IN\a0606960_045.esd --> M:\CB_IN
06.04.2016 14:23:58	Copy d:\CB_IN\a0606960_046.esd --> M:\CB_IN
06.04.2016 14:23:58	Copy d:\CB_IN\a0606960_046.esd --> M:\CB_IN
06.04.2016 14:23:58	Copy d:\CB_IN\a0606960_047.epd --> M:\CB_IN
06.04.2016 14:23:58	Copy d:\CB_IN\a0606960_047.epd --> M:\CB_IN
06.04.2016 14:23:58	Copy d:\CB_IN\a0606960_047.epd --> M:\CB_IN
06.04.2016 14:23:59	Copy d:\CB_IN\a0606960_046.esd --> M:\CB_IN
06.04.2016 14:23:59	Copy d:\CB_IN\a0606960_048.esd --> M:\CB_IN
06.04.2016 14:23:59	Copy d:\CB_IN\a0606960_048.esd --> M:\CB_IN
06.04.2016 14:23:59	Copy d:\CB_IN\a0606960_047.epd --> M:\CB_IN
06.04.2016 14:24:00	Copy d:\CB_IN\a0606960_049.epd --> M:\CB_IN
06.04.2016 14:24:00	Copy d:\CB_IN\a0606960_048.esd --> M:\CB_IN
06.04.2016 14:24:00	Copy d:\CB_IN\a0606960_048.esd --> M:\CB_IN
06.04.2016 14:24:00	Copy d:\CB_IN\a0606960_047.epd --> M:\CB_IN
06.04.2016 14:24:00	Copy d:\CB_IN\a0606960_049.epd --> M:\CB_IN
06.04.2016 14:24:00	Copy d:\CB_IN\a0606960_049.epd --> M:\CB_IN
06.04.2016 14:24:01	Copy d:\CB_IN\a0606960_050.esd --> M:\CB_IN
06.04.2016 14:24:01	Copy d:\CB_IN\a0606960_050.esd --> M:\CB_IN
06.04.2016 14:24:01	Copy d:\CB_IN\a0606960_049.epd --> M:\CB_IN
06.04.2016 14:24:01	Copy d:\CB_IN\a0606960_048.esd --> M:\CB_IN
06.04.2016 14:24:01	Copy d:\CB_IN\a0606960_051.epd --> M:\CB_IN
06.04.2016 14:24:02	Copy d:\CB_IN\a0606960_051.epd --> M:\CB_IN
06.04.2016 14:24:02	Copy d:\CB_IN\a0606960_050.esd --> M:\CB_IN
06.04.2016 14:24:02	Copy d:\CB_IN\a0606960_052.esd --> M:\CB_IN
06.04.2016 14:24:02	Copy d:\CB_IN\a0606960_049.epd --> M:\CB_IN
06.04.2016 14:24:02	Copy d:\CB_IN\a0606960_051.epd --> M:\CB_IN
06.04.2016 14:24:02	Copy d:\CB_IN\a0606960_052.esd --> M:\CB_IN
06.04.2016 14:24:02	Copy d:\CB_IN\a0606960_053.esd --> M:\CB_IN
06.04.2016 14:24:02	Copy d:\CB_IN\a0606960_051.epd --> M:\CB_IN
06.04.2016 14:24:02	Copy d:\CB_IN\a0606960_053.esd --> M:\CB_IN
06.04.2016 14:24:02	Copy d:\CB_IN\a0606960_050.esd --> M:\CB_IN
06.04.2016 14:24:02	Copy d:\CB_IN\a0606960_052.esd --> M:\CB_IN
06.04.2016 14:24:02	Copy d:\CB_IN\a0606960_054.epd --> M:\CB_IN
06.04.2016 14:24:02	Copy d:\CB_IN\a0606960_054.epd --> M:\CB_IN
06.04.2016 14:24:03	Copy d:\CB_IN\a0606960_052.esd --> M:\CB_IN
06.04.2016 14:24:03	Copy d:\CB_IN\a0606960_051.epd --> M:\CB_IN
06.04.2016 14:24:03	Copy d:\CB_IN\a0606960_055.esd --> M:\CB_IN
06.04.2016 14:24:03	Copy d:\CB_IN\a0606960_053.esd --> M:\CB_IN
06.04.2016 14:24:03	Copy d:\CB_IN\a0606960_055.esd --> M:\CB_IN
06.04.2016 14:24:03	Copy d:\CB_IN\a0606960_053.esd --> M:\CB_IN
06.04.2016 14:24:03	Copy d:\CB_IN\a0606960_056.epd --> M:\CB_IN
06.04.2016 14:24:03	Copy d:\CB_IN\a0606960_052.esd --> M:\CB_IN
06.04.2016 14:24:03	Copy d:\CB_IN\a0606960_054.epd --> M:\CB_IN
06.04.2016 14:24:03	Copy d:\CB_IN\a0606960_056.epd --> M:\CB_IN
06.04.2016 14:24:03	Copy d:\CB_IN\a0606960_057.esd --> M:\CB_IN
06.04.2016 14:24:03	Скопировано 15 файлов
06.04.2016 14:24:03	Error copy d:\CB_IN\a0606960_034.esd
06.04.2016 14:24:03	Copy d:\CB_IN\a0606960_054.epd --> M:\CB_IN
06.04.2016 14:24:04	Copy d:\CB_IN\a0606960_057.esd --> M:\CB_IN
06.04.2016 14:24:04	Скопировано 15 файлов
06.04.2016 14:24:03	Delete d:\CB_IN\a0606960_044.epd
06.04.2016 14:24:04	Copy d:\CB_IN\a0606960_055.esd --> M:\CB_IN
06.04.2016 14:24:04	Copy d:\CB_IN\a0606960_055.esd --> M:\CB_IN
06.04.2016 14:24:04	Copy d:\CB_IN\a0606960_053.esd --> M:\CB_IN
06.04.2016 14:24:04	Error copy d:\CB_IN\a0606960_034.esd
06.04.2016 14:24:04	Delete d:\CB_IN\a0606960_045.esd
06.04.2016 14:24:04	Delete d:\CB_IN\a0606960_045.esd
06.04.2016 14:24:04	Copy d:\CB_IN\a0606960_056.epd --> M:\CB_IN
06.04.2016 14:24:04	Delete d:\CB_IN\a0606960_046.esd
06.04.2016 14:24:04	Delete d:\CB_IN\a0606960_046.esd
06.04.2016 14:24:04	Delete d:\CB_IN\a0606960_047.epd
06.04.2016 14:24:04	Delete d:\CB_IN\a0606960_047.epd
06.04.2016 14:24:04	Copy d:\CB_IN\a0606960_056.epd --> M:\CB_IN
06.04.2016 14:24:04	Copy d:\CB_IN\a0606960_054.epd --> M:\CB_IN
06.04.2016 14:24:04	Delete d:\CB_IN\a0606960_048.esd
06.04.2016 14:24:04	Delete d:\CB_IN\a0606960_048.esd
06.04.2016 14:24:04	Copy d:\CB_IN\a0606960_057.esd --> M:\CB_IN
06.04.2016 14:24:04	Скопировано 15 файлов
06.04.2016 14:24:04	Error copy d:\CB_IN\a0606960_034.esd
06.04.2016 14:24:04	Delete d:\CB_IN\a0606960_049.epd
06.04.2016 14:24:04	Delete d:\CB_IN\a0606960_049.epd
06.04.2016 14:24:04	Delete d:\CB_IN\a0606960_050.esd
06.04.2016 14:24:04	Delete d:\CB_IN\a0606960_050.esd
06.04.2016 14:24:04	Delete d:\CB_IN\a0606960_049.epd
06.04.2016 14:24:04	Copy d:\CB_IN\a0606960_057.esd --> M:\CB_IN
06.04.2016 14:24:04	Скопировано 15 файлов
06.04.2016 14:24:04	Copy d:\CB_IN\a0606960_055.esd --> M:\CB_IN
06.04.2016 14:24:04	Error copy d:\CB_IN\a0606960_034.esd
06.04.2016 14:24:04	Delete d:\CB_IN\a0606960_051.epd
06.04.2016 14:24:04	Delete d:\CB_IN\a0606960_051.epd
06.04.2016 14:24:04	Delete d:\CB_IN\a0606960_050.esd
06.04.2016 14:24:05	Delete d:\CB_IN\a0606960_051.epd
06.04.2016 14:24:05	Delete d:\CB_IN\a0606960_051.epd
06.04.2016 14:24:05	Delete d:\CB_IN\a0606960_052.esd
06.04.2016 14:24:05	Delete d:\CB_IN\a0606960_052.esd
06.04.2016 14:24:05	Delete d:\CB_IN\a0606960_052.esd
06.04.2016 14:24:05	Delete d:\CB_IN\a0606960_052.esd
06.04.2016 14:24:05	Copy d:\CB_IN\a0606960_056.epd --> M:\CB_IN
06.04.2016 14:24:05	Delete d:\CB_IN\a0606960_053.esd
06.04.2016 14:24:05	Delete d:\CB_IN\a0606960_053.esd
06.04.2016 14:24:05	Delete d:\CB_IN\a0606960_053.esd
06.04.2016 14:24:05	Delete d:\CB_IN\a0606960_054.epd
06.04.2016 14:24:05	Delete d:\CB_IN\a0606960_054.epd
06.04.2016 14:24:05	Delete d:\CB_IN\a0606960_054.epd
06.04.2016 14:24:05	Copy d:\CB_IN\a0606960_057.esd --> M:\CB_IN
06.04.2016 14:24:05	Скопировано 15 файлов
06.04.2016 14:24:05	Delete d:\CB_IN\a0606960_055.esd
06.04.2016 14:24:05	Delete d:\CB_IN\a0606960_055.esd
06.04.2016 14:24:05	Delete d:\CB_IN\a0606960_055.esd
06.04.2016 14:24:05	Error copy d:\CB_IN\a0606960_034.esd
06.04.2016 14:24:05	Delete d:\CB_IN\a0606960_055.esd
06.04.2016 14:24:05	Delete d:\CB_IN\a0606960_056.epd
06.04.2016 14:24:05	Delete d:\CB_IN\a0606960_056.epd
06.04.2016 14:24:05	Delete d:\CB_IN\a0606960_056.epd
06.04.2016 14:24:05	Delete d:\CB_IN\a0606960_056.epd
06.04.2016 14:24:06	Delete d:\CB_IN\a0606960_057.esd
06.04.2016 14:24:06	Удалено 9 файлов
06.04.2016 14:24:06	Delete d:\CB_IN\a0606960_057.esd
06.04.2016 14:24:06	Удалено 14 файлов
06.04.2016 14:24:06	Delete d:\CB_IN\a0606960_057.esd
06.04.2016 14:24:06	Delete d:\CB_IN\a0606960_057.esd
06.04.2016 14:24:06	Удалено 3 файлов
06.04.2016 14:24:06	Удалено 7 файлов
06.04.2016 14:41:22	Copy d:\CB_IN\a0606960_034.esd --> M:\CB_IN
06.04.2016 14:41:23	Copy d:\CB_IN\a0606960_058.epd --> M:\CB_IN
06.04.2016 14:41:23	Copy d:\CB_IN\a0606960_059.esd --> M:\CB_IN
06.04.2016 14:41:23	Copy d:\CB_IN\a0606960_060.esd --> M:\CB_IN
06.04.2016 14:41:24	Copy d:\CB_IN\a0606960_061.esd --> M:\CB_IN
06.04.2016 14:41:24	Скопировано 5 файлов
06.04.2016 14:41:24	Error copy d:\CB_IN\a0606960_034.esd
06.04.2016 14:41:24	Delete d:\CB_IN\a0606960_058.epd
06.04.2016 14:41:24	Delete d:\CB_IN\a0606960_059.esd
06.04.2016 14:41:24	Delete d:\CB_IN\a0606960_060.esd
06.04.2016 14:41:24	Delete d:\CB_IN\a0606960_061.esd
06.04.2016 14:41:24	Удалено 4 файлов
06.04.2016 14:55:45	Copy d:\CB_IN\a0606960_034.esd --> M:\CB_IN
06.04.2016 14:55:45	Copy d:\CB_IN\a0606960_062.esd --> M:\CB_IN
06.04.2016 14:55:46	Copy d:\CB_IN\a0606960_063.esd --> M:\CB_IN
06.04.2016 14:55:46	Скопировано 3 файлов
06.04.2016 14:55:46	Error copy d:\CB_IN\a0606960_034.esd
06.04.2016 14:55:46	Delete d:\CB_IN\a0606960_062.esd
06.04.2016 14:55:46	Delete d:\CB_IN\a0606960_063.esd
06.04.2016 14:55:46	Удалено 2 файлов
06.04.2016 15:15:25	Copy d:\CB_IN\a0606960_034.esd --> M:\CB_IN
06.04.2016 15:15:26	Copy d:\CB_IN\a0606960_064.epd --> M:\CB_IN
06.04.2016 15:15:26	Copy d:\CB_IN\a0606960_065.esd --> M:\CB_IN
06.04.2016 15:15:26	Copy d:\CB_IN\a0606960_066.esd --> M:\CB_IN
06.04.2016 15:15:27	Copy d:\CB_IN\a0606960_067.esd --> M:\CB_IN
06.04.2016 15:15:27	Скопировано 5 файлов
06.04.2016 15:15:27	Error copy d:\CB_IN\a0606960_034.esd
06.04.2016 15:15:27	Delete d:\CB_IN\a0606960_064.epd
06.04.2016 15:15:27	Delete d:\CB_IN\a0606960_065.esd
06.04.2016 15:15:27	Delete d:\CB_IN\a0606960_066.esd
06.04.2016 15:15:27	Delete d:\CB_IN\a0606960_067.esd
06.04.2016 15:15:27	Удалено 4 файлов
06.04.2016 15:32:59	Copy d:\CB_IN\a0606960_034.esd --> M:\CB_IN
06.04.2016 15:32:59	Copy d:\CB_IN\a0606960_068.esd --> M:\CB_IN
06.04.2016 15:33:00	Copy d:\CB_IN\a0606960_069.epd --> M:\CB_IN
06.04.2016 15:33:01	Copy d:\CB_IN\a0606960_070.esd --> M:\CB_IN
06.04.2016 15:33:01	Copy d:\CB_IN\a0606960_071.esd --> M:\CB_IN
06.04.2016 15:33:02	Copy d:\CB_IN\a0606960_072.esd --> M:\CB_IN
06.04.2016 15:33:02	Скопировано 6 файлов
06.04.2016 15:33:02	Error copy d:\CB_IN\a0606960_034.esd
06.04.2016 15:33:02	Delete d:\CB_IN\a0606960_068.esd
06.04.2016 15:33:02	Delete d:\CB_IN\a0606960_069.epd
06.04.2016 15:33:02	Delete d:\CB_IN\a0606960_070.esd
06.04.2016 15:33:02	Delete d:\CB_IN\a0606960_071.esd
06.04.2016 15:33:03	Delete d:\CB_IN\a0606960_072.esd
06.04.2016 15:33:03	Удалено 5 файлов
06.04.2016 15:55:22	Copy d:\CB_IN\a0606960_034.esd --> M:\CB_IN
06.04.2016 15:55:23	Copy d:\CB_IN\a0606960_073.esd --> M:\CB_IN
06.04.2016 15:55:23	Copy d:\CB_IN\a0606960_074.epd --> M:\CB_IN
06.04.2016 15:55:23	Скопировано 3 файлов
06.04.2016 15:55:23	Error copy d:\CB_IN\a0606960_034.esd
06.04.2016 15:55:23	Delete d:\CB_IN\a0606960_073.esd
06.04.2016 15:55:24	Delete d:\CB_IN\a0606960_074.epd
06.04.2016 15:55:24	Удалено 2 файлов
06.04.2016 16:24:27	Copy d:\CB_IN\a0606960_034.esd --> M:\CB_IN
06.04.2016 16:24:27	Copy d:\CB_IN\a0606960_075.epd --> M:\CB_IN
06.04.2016 16:24:28	Copy d:\CB_IN\a0606960_076.esd --> M:\CB_IN
06.04.2016 16:24:28	Copy d:\CB_IN\a0606960_077.esd --> M:\CB_IN
06.04.2016 16:24:28	Copy d:\CB_IN\a0606960_078.epd --> M:\CB_IN
06.04.2016 16:24:29	Copy d:\CB_IN\a0606960_079.esd --> M:\CB_IN
06.04.2016 16:24:29	Copy d:\CB_IN\a0606960_080.esd --> M:\CB_IN
06.04.2016 16:24:30	Copy d:\CB_IN\a0606960_081.epd --> M:\CB_IN
06.04.2016 16:24:30	Copy d:\CB_IN\a0606960_082.esd --> M:\CB_IN
06.04.2016 16:24:30	Скопировано 9 файлов
06.04.2016 16:24:30	Error copy d:\CB_IN\a0606960_034.esd
06.04.2016 16:24:31	Delete d:\CB_IN\a0606960_075.epd
06.04.2016 16:24:31	Delete d:\CB_IN\a0606960_076.esd
06.04.2016 16:24:31	Delete d:\CB_IN\a0606960_077.esd
06.04.2016 16:24:31	Delete d:\CB_IN\a0606960_078.epd
06.04.2016 16:24:31	Delete d:\CB_IN\a0606960_079.esd
06.04.2016 16:24:31	Delete d:\CB_IN\a0606960_080.esd
06.04.2016 16:24:31	Delete d:\CB_IN\a0606960_081.epd
06.04.2016 16:24:32	Delete d:\CB_IN\a0606960_082.esd
06.04.2016 16:24:32	Удалено 8 файлов
06.04.2016 16:31:42	Copy d:\CB_IN\a0606960_034.esd --> M:\CB_IN
06.04.2016 16:31:43	Copy d:\CB_IN\a0606960_083.esd --> M:\CB_IN
06.04.2016 16:31:43	Copy d:\CB_IN\a0606960_084.esd --> M:\CB_IN
06.04.2016 16:31:43	Copy d:\CB_IN\a0606960_085.esd --> M:\CB_IN
06.04.2016 16:31:44	Copy d:\CB_IN\a0606960_086.esd --> M:\CB_IN
06.04.2016 16:31:44	Скопировано 5 файлов
06.04.2016 16:31:44	Error copy d:\CB_IN\a0606960_034.esd
06.04.2016 16:31:44	Delete d:\CB_IN\a0606960_083.esd
06.04.2016 16:31:44	Delete d:\CB_IN\a0606960_084.esd
06.04.2016 16:31:44	Delete d:\CB_IN\a0606960_085.esd
06.04.2016 16:31:44	Delete d:\CB_IN\a0606960_086.esd
06.04.2016 16:31:44	Удалено 4 файлов
06.04.2016 16:58:01	Copy d:\CB_IN\a0606960_034.esd --> M:\CB_IN
06.04.2016 16:58:02	Copy d:\CB_IN\a0606960_087.epd --> M:\CB_IN
06.04.2016 16:58:02	Copy d:\CB_IN\a0606960_088.esd --> M:\CB_IN
06.04.2016 16:58:03	Copy d:\CB_IN\a0606960_089.epd --> M:\CB_IN
06.04.2016 16:58:03	Copy d:\CB_IN\a0606960_090.esd --> M:\CB_IN
06.04.2016 16:58:03	Скопировано 5 файлов
06.04.2016 16:58:03	Error copy d:\CB_IN\a0606960_034.esd
06.04.2016 16:58:03	Delete d:\CB_IN\a0606960_087.epd
06.04.2016 16:58:03	Delete d:\CB_IN\a0606960_088.esd
06.04.2016 16:58:03	Delete d:\CB_IN\a0606960_089.epd
06.04.2016 16:58:04	Delete d:\CB_IN\a0606960_090.esd
06.04.2016 16:58:04	Удалено 4 файлов
06.04.2016 17:19:25	Copy d:\CB_IN\a0606960_034.esd --> M:\CB_IN
06.04.2016 17:19:25	Copy d:\CB_IN\a0606960_091.esd --> M:\CB_IN
06.04.2016 17:19:26	Copy d:\CB_IN\a0606960_092.esd --> M:\CB_IN
06.04.2016 17:19:26	Скопировано 3 файлов
06.04.2016 17:19:26	Error copy d:\CB_IN\a0606960_034.esd
06.04.2016 17:19:26	Delete d:\CB_IN\a0606960_091.esd
06.04.2016 17:19:26	Delete d:\CB_IN\a0606960_092.esd
06.04.2016 17:19:26	Удалено 2 файлов
06.04.2016 17:20:44	Copy d:\CB_IN\a0606960_034.esd --> M:\CB_IN
06.04.2016 17:20:44	Скопировано 1 файлов
06.04.2016 17:20:44	Delete d:\CB_IN\a0606960_034.esd
06.04.2016 17:20:44	Удалено 1 файлов
06.04.2016 17:26:44	Copy d:\CB_IN\a0606960_093.epd --> M:\CB_IN
06.04.2016 17:26:44	Copy d:\CB_IN\a0606960_094.esd --> M:\CB_IN
06.04.2016 17:26:44	Скопировано 2 файлов
06.04.2016 17:26:44	Delete d:\CB_IN\a0606960_093.epd
06.04.2016 17:26:44	Delete d:\CB_IN\a0606960_094.esd
06.04.2016 17:26:44	Удалено 2 файлов
06.04.2016 17:38:00	Copy d:\CB_IN\a0606960_095.epd --> M:\CB_IN
06.04.2016 17:38:01	Copy d:\CB_IN\a0606960_096.esd --> M:\CB_IN
06.04.2016 17:38:01	Copy d:\CB_IN\a0606960_097.esd --> M:\CB_IN
06.04.2016 17:38:02	Copy d:\CB_IN\a0606960_098.esd --> M:\CB_IN
06.04.2016 17:38:02	Скопировано 4 файлов
06.04.2016 17:38:02	Delete d:\CB_IN\a0606960_095.epd
06.04.2016 17:38:02	Delete d:\CB_IN\a0606960_096.esd
06.04.2016 17:38:02	Delete d:\CB_IN\a0606960_097.esd
06.04.2016 17:38:02	Delete d:\CB_IN\a0606960_098.esd
06.04.2016 17:38:02	Удалено 4 файлов
06.04.2016 17:51:23	Copy d:\CB_IN\a0606960_099.esd --> M:\CB_IN
06.04.2016 17:51:24	Copy d:\CB_IN\a0606960_100.esd --> M:\CB_IN
06.04.2016 17:51:24	Скопировано 2 файлов
06.04.2016 17:51:24	Error copy d:\CB_IN\a0606960_099.esd
06.04.2016 17:51:24	Delete d:\CB_IN\a0606960_100.esd
06.04.2016 17:51:24	Удалено 1 файлов
06.04.2016 17:57:05	Copy d:\CB_IN\a0606960_099.esd --> M:\CB_IN
06.04.2016 17:57:05	Copy d:\CB_IN\a0606960_101.epd --> M:\CB_IN
06.04.2016 17:57:06	Copy d:\CB_IN\a0606960_102.esd --> M:\CB_IN
06.04.2016 17:57:06	Скопировано 3 файлов
06.04.2016 17:57:06	Delete d:\CB_IN\a0606960_099.esd
06.04.2016 17:57:06	Delete d:\CB_IN\a0606960_101.epd
06.04.2016 17:57:06	Delete d:\CB_IN\a0606960_102.esd
06.04.2016 17:57:06	Удалено 3 файлов
