07.04.2016 07:49:05	Copy d:\CB_IN\a0706960_103.esd --> M:\CB_IN
07.04.2016 07:49:05	Copy d:\CB_IN\a0706960_104.epd --> M:\CB_IN
07.04.2016 07:49:06	Copy d:\CB_IN\a0706960_105.esd --> M:\CB_IN
07.04.2016 07:49:06	Copy d:\CB_IN\a0706960_106.esd --> M:\CB_IN
07.04.2016 07:49:06	Copy d:\CB_IN\a0706960_107.epd --> M:\CB_IN
07.04.2016 07:49:07	Copy d:\CB_IN\a0706960_108.esd --> M:\CB_IN
07.04.2016 07:49:07	Copy d:\CB_IN\a0706960_109.esd --> M:\CB_IN
07.04.2016 07:49:08	Copy d:\CB_IN\a0706960_110.epd --> M:\CB_IN
07.04.2016 07:49:08	Copy d:\CB_IN\a0706960_111.esd --> M:\CB_IN
07.04.2016 07:49:09	Copy d:\CB_IN\a0706960_112.epd --> M:\CB_IN
07.04.2016 07:49:09	Copy d:\CB_IN\a0706960_113.esd --> M:\CB_IN
07.04.2016 07:49:09	Copy d:\CB_IN\a0706960_114.esd --> M:\CB_IN
07.04.2016 07:49:10	Copy d:\CB_IN\a0706960_115.epd --> M:\CB_IN
07.04.2016 07:49:10	Copy d:\CB_IN\a0706960_116.esd --> M:\CB_IN
07.04.2016 07:49:11	Copy d:\CB_IN\a0706960_117.epd --> M:\CB_IN
07.04.2016 07:49:11	Copy d:\CB_IN\a0706960_118.esd --> M:\CB_IN
07.04.2016 07:49:11	Copy d:\CB_IN\a0706960_119.epd --> M:\CB_IN
07.04.2016 07:49:12	Copy d:\CB_IN\a0706960_120.esd --> M:\CB_IN
07.04.2016 07:49:12	Copy d:\CB_IN\a0706960_121.epd --> M:\CB_IN
07.04.2016 07:49:13	Copy d:\CB_IN\a0706960_122.esd --> M:\CB_IN
07.04.2016 07:49:13	Copy d:\CB_IN\a0706960_123.esd --> M:\CB_IN
07.04.2016 07:49:13	Copy d:\CB_IN\a0706960_124.esd --> M:\CB_IN
07.04.2016 07:49:14	Copy d:\CB_IN\a0706960_125.epd --> M:\CB_IN
07.04.2016 07:49:14	Copy d:\CB_IN\a0706960_126.esd --> M:\CB_IN
07.04.2016 07:49:15	Copy d:\CB_IN\a0706960_127.esd --> M:\CB_IN
07.04.2016 07:49:15	Copy d:\CB_IN\a0706960_128.esd --> M:\CB_IN
07.04.2016 07:49:15	Copy d:\CB_IN\a0706960_129.esd --> M:\CB_IN
07.04.2016 07:49:16	Copy d:\CB_IN\a0706960_130.esd --> M:\CB_IN
07.04.2016 07:49:16	Скопировано 28 файлов
07.04.2016 07:49:16	Delete d:\CB_IN\a0706960_103.esd
07.04.2016 07:49:17	Delete d:\CB_IN\a0706960_104.epd
07.04.2016 07:49:17	Delete d:\CB_IN\a0706960_105.esd
07.04.2016 07:49:17	Delete d:\CB_IN\a0706960_106.esd
07.04.2016 07:49:17	Delete d:\CB_IN\a0706960_107.epd
07.04.2016 07:49:17	Delete d:\CB_IN\a0706960_108.esd
07.04.2016 07:49:17	Delete d:\CB_IN\a0706960_109.esd
07.04.2016 07:49:17	Delete d:\CB_IN\a0706960_110.epd
07.04.2016 07:49:18	Delete d:\CB_IN\a0706960_111.esd
07.04.2016 07:49:18	Delete d:\CB_IN\a0706960_112.epd
07.04.2016 07:49:18	Delete d:\CB_IN\a0706960_113.esd
07.04.2016 07:49:18	Delete d:\CB_IN\a0706960_114.esd
07.04.2016 07:49:18	Delete d:\CB_IN\a0706960_115.epd
07.04.2016 07:49:18	Delete d:\CB_IN\a0706960_116.esd
07.04.2016 07:49:18	Delete d:\CB_IN\a0706960_117.epd
07.04.2016 07:49:19	Delete d:\CB_IN\a0706960_118.esd
07.04.2016 07:49:19	Delete d:\CB_IN\a0706960_119.epd
07.04.2016 07:49:19	Delete d:\CB_IN\a0706960_120.esd
07.04.2016 07:49:19	Delete d:\CB_IN\a0706960_121.epd
07.04.2016 07:49:19	Delete d:\CB_IN\a0706960_122.esd
07.04.2016 07:49:19	Delete d:\CB_IN\a0706960_123.esd
07.04.2016 07:49:19	Delete d:\CB_IN\a0706960_124.esd
07.04.2016 07:49:20	Delete d:\CB_IN\a0706960_125.epd
07.04.2016 07:49:20	Delete d:\CB_IN\a0706960_126.esd
07.04.2016 07:49:20	Delete d:\CB_IN\a0706960_127.esd
07.04.2016 07:49:20	Delete d:\CB_IN\a0706960_128.esd
07.04.2016 07:49:20	Delete d:\CB_IN\a0706960_129.esd
07.04.2016 07:49:20	Delete d:\CB_IN\a0706960_130.esd
07.04.2016 07:49:20	Удалено 28 файлов
07.04.2016 09:30:26	Copy d:\CB_IN\a0706960_001.esd --> M:\CB_IN
07.04.2016 09:30:26	Copy d:\CB_IN\a0706960_002.esd --> M:\CB_IN
07.04.2016 09:30:26	Copy d:\CB_IN\a0706960_003.epd --> M:\CB_IN
07.04.2016 09:30:27	Copy d:\CB_IN\a0706960_004.esd --> M:\CB_IN
07.04.2016 09:30:27	Copy d:\CB_IN\a0706960_005.esd --> M:\CB_IN
07.04.2016 09:30:28	Copy d:\CB_IN\a0706960_006.epd --> M:\CB_IN
07.04.2016 09:30:28	Copy d:\CB_IN\a0706960_007.esd --> M:\CB_IN
07.04.2016 09:30:28	Скопировано 7 файлов
07.04.2016 09:30:28	Delete d:\CB_IN\a0706960_001.esd
07.04.2016 09:30:28	Delete d:\CB_IN\a0706960_002.esd
07.04.2016 09:30:28	Delete d:\CB_IN\a0706960_003.epd
07.04.2016 09:30:28	Delete d:\CB_IN\a0706960_004.esd
07.04.2016 09:30:29	Delete d:\CB_IN\a0706960_005.esd
07.04.2016 09:30:29	Delete d:\CB_IN\a0706960_006.epd
07.04.2016 09:30:29	Delete d:\CB_IN\a0706960_007.esd
07.04.2016 09:30:29	Удалено 7 файлов
07.04.2016 09:58:16	Copy d:\CB_IN\a0706960_008.epd --> M:\CB_IN
07.04.2016 09:58:16	Copy d:\CB_IN\a0706960_009.esd --> M:\CB_IN
07.04.2016 09:58:17	Copy d:\CB_IN\a0706960_010.esd --> M:\CB_IN
07.04.2016 09:58:17	Copy d:\CB_IN\a0706960_011.esd --> M:\CB_IN
07.04.2016 09:58:17	Скопировано 4 файлов
07.04.2016 09:58:17	Delete d:\CB_IN\a0706960_008.epd
07.04.2016 09:58:17	Delete d:\CB_IN\a0706960_009.esd
07.04.2016 09:58:17	Delete d:\CB_IN\a0706960_010.esd
07.04.2016 09:58:17	Delete d:\CB_IN\a0706960_011.esd
07.04.2016 09:58:17	Удалено 4 файлов
07.04.2016 10:47:31	Copy d:\CB_IN\a0706960_012.esd --> M:\CB_IN
07.04.2016 10:47:32	Copy d:\CB_IN\a0706960_013.epd --> M:\CB_IN
07.04.2016 10:47:32	Copy d:\CB_IN\a0706960_014.epd --> M:\CB_IN
07.04.2016 10:47:33	Copy d:\CB_IN\a0706960_015.esd --> M:\CB_IN
07.04.2016 10:47:33	Copy d:\CB_IN\a0706960_016.epd --> M:\CB_IN
07.04.2016 10:47:34	Copy d:\CB_IN\a0706960_017.esd --> M:\CB_IN
07.04.2016 10:47:34	Copy d:\CB_IN\a0706960_018.esd --> M:\CB_IN
07.04.2016 10:47:34	Copy d:\CB_IN\a0706960_019.esd --> M:\CB_IN
07.04.2016 10:47:34	Скопировано 8 файлов
07.04.2016 10:47:34	Error copy d:\CB_IN\a0706960_012.esd
07.04.2016 10:47:35	Delete d:\CB_IN\a0706960_013.epd
07.04.2016 10:47:35	Delete d:\CB_IN\a0706960_014.epd
07.04.2016 10:47:35	Delete d:\CB_IN\a0706960_015.esd
07.04.2016 10:47:35	Delete d:\CB_IN\a0706960_016.epd
07.04.2016 10:47:35	Delete d:\CB_IN\a0706960_017.esd
07.04.2016 10:47:35	Delete d:\CB_IN\a0706960_018.esd
07.04.2016 10:47:35	Delete d:\CB_IN\a0706960_019.esd
07.04.2016 10:47:35	Удалено 7 файлов
07.04.2016 11:26:27	Copy d:\CB_IN\a0706960_012.esd --> M:\CB_IN
07.04.2016 11:26:27	Copy d:\CB_IN\a0706960_020.esd --> M:\CB_IN
07.04.2016 11:26:27	Copy d:\CB_IN\a0706960_021.epd --> M:\CB_IN
07.04.2016 11:26:28	Copy d:\CB_IN\a0706960_022.epd --> M:\CB_IN
07.04.2016 11:26:28	Copy d:\CB_IN\a0706960_023.esd --> M:\CB_IN
07.04.2016 11:26:28	Скопировано 5 файлов
07.04.2016 11:26:28	Error copy d:\CB_IN\a0706960_012.esd
07.04.2016 11:26:28	Delete d:\CB_IN\a0706960_020.esd
07.04.2016 11:26:29	Delete d:\CB_IN\a0706960_021.epd
07.04.2016 11:26:29	Delete d:\CB_IN\a0706960_022.epd
07.04.2016 11:26:29	Delete d:\CB_IN\a0706960_023.esd
07.04.2016 11:26:29	Удалено 4 файлов
07.04.2016 11:55:44	Copy d:\CB_IN\a0706960_012.esd --> M:\CB_IN
07.04.2016 11:55:44	Copy d:\CB_IN\a0706960_024.esd --> M:\CB_IN
07.04.2016 11:55:45	Copy d:\CB_IN\a0706960_025.epd --> M:\CB_IN
07.04.2016 11:55:45	Скопировано 3 файлов
07.04.2016 11:55:45	Error copy d:\CB_IN\a0706960_012.esd
07.04.2016 11:55:45	Delete d:\CB_IN\a0706960_024.esd
07.04.2016 11:55:45	Delete d:\CB_IN\a0706960_025.epd
07.04.2016 11:55:45	Удалено 2 файлов
07.04.2016 12:02:26	Copy d:\CB_IN\a0706960_012.esd --> M:\CB_IN
07.04.2016 12:02:27	Copy d:\CB_IN\a0706960_026.epd --> M:\CB_IN
07.04.2016 12:02:27	Copy d:\CB_IN\a0706960_027.esd --> M:\CB_IN
07.04.2016 12:02:27	Copy d:\CB_IN\a0706960_028.esd --> M:\CB_IN
07.04.2016 12:02:28	Copy d:\CB_IN\a0706960_029.esd --> M:\CB_IN
07.04.2016 12:02:28	Скопировано 5 файлов
07.04.2016 12:02:28	Error copy d:\CB_IN\a0706960_012.esd
07.04.2016 12:02:28	Delete d:\CB_IN\a0706960_026.epd
07.04.2016 12:02:28	Delete d:\CB_IN\a0706960_027.esd
07.04.2016 12:02:28	Delete d:\CB_IN\a0706960_028.esd
07.04.2016 12:02:28	Delete d:\CB_IN\a0706960_029.esd
07.04.2016 12:02:28	Удалено 4 файлов
07.04.2016 12:32:12	Copy d:\CB_IN\a0706960_012.esd --> M:\CB_IN
07.04.2016 12:32:12	Copy d:\CB_IN\a0706960_030.esd --> M:\CB_IN
07.04.2016 12:32:12	Copy d:\CB_IN\a0706960_031.esd --> M:\CB_IN
07.04.2016 12:32:13	Copy d:\CB_IN\a0706960_032.epd --> M:\CB_IN
07.04.2016 12:32:13	Copy d:\CB_IN\a0706960_033.esd --> M:\CB_IN
07.04.2016 12:32:14	Copy d:\CB_IN\a0706960_034.esd --> M:\CB_IN
07.04.2016 12:32:14	Copy d:\CB_IN\a0706960_035.esd --> M:\CB_IN
07.04.2016 12:32:14	Скопировано 7 файлов
07.04.2016 12:32:14	Error copy d:\CB_IN\a0706960_012.esd
07.04.2016 12:32:14	Delete d:\CB_IN\a0706960_030.esd
07.04.2016 12:32:14	Delete d:\CB_IN\a0706960_031.esd
07.04.2016 12:32:15	Delete d:\CB_IN\a0706960_032.epd
07.04.2016 12:32:15	Delete d:\CB_IN\a0706960_033.esd
07.04.2016 12:32:15	Delete d:\CB_IN\a0706960_034.esd
07.04.2016 12:32:15	Delete d:\CB_IN\a0706960_035.esd
07.04.2016 12:32:15	Удалено 6 файлов
07.04.2016 13:16:09	Copy d:\CB_IN\a0706960_012.esd --> M:\CB_IN
07.04.2016 13:16:10	Copy d:\CB_IN\a0706960_036.epd --> M:\CB_IN
07.04.2016 13:16:10	Copy d:\CB_IN\a0706960_037.esd --> M:\CB_IN
07.04.2016 13:16:11	Copy d:\CB_IN\a0706960_038.esd --> M:\CB_IN
07.04.2016 13:16:11	Copy d:\CB_IN\a0706960_039.esd --> M:\CB_IN
07.04.2016 13:16:11	Copy d:\CB_IN\a0706960_040.esd --> M:\CB_IN
07.04.2016 13:16:12	Copy d:\CB_IN\a0706960_041.epd --> M:\CB_IN
07.04.2016 13:16:12	Copy d:\CB_IN\a0706960_042.esd --> M:\CB_IN
07.04.2016 13:16:13	Copy d:\CB_IN\a0706960_043.epd --> M:\CB_IN
07.04.2016 13:16:13	Скопировано 9 файлов
07.04.2016 13:16:13	Error copy d:\CB_IN\a0706960_012.esd
07.04.2016 13:16:13	Delete d:\CB_IN\a0706960_036.epd
07.04.2016 13:16:13	Delete d:\CB_IN\a0706960_037.esd
07.04.2016 13:16:13	Delete d:\CB_IN\a0706960_038.esd
07.04.2016 13:16:13	Delete d:\CB_IN\a0706960_039.esd
07.04.2016 13:16:13	Delete d:\CB_IN\a0706960_040.esd
07.04.2016 13:16:13	Delete d:\CB_IN\a0706960_041.epd
07.04.2016 13:16:14	Delete d:\CB_IN\a0706960_042.esd
07.04.2016 13:16:14	Delete d:\CB_IN\a0706960_043.epd
07.04.2016 13:16:14	Удалено 8 файлов
07.04.2016 14:01:03	Copy d:\CB_IN\a0706960_012.esd --> M:\CB_IN
07.04.2016 14:01:04	Copy d:\CB_IN\a0706960_044.esd --> M:\CB_IN
07.04.2016 14:01:05	Copy d:\CB_IN\a0706960_045.esd --> M:\CB_IN
07.04.2016 14:01:05	Copy d:\CB_IN\a0706960_046.epd --> M:\CB_IN
07.04.2016 14:01:05	Copy d:\CB_IN\a0706960_047.esd --> M:\CB_IN
07.04.2016 14:01:06	Copy d:\CB_IN\a0706960_048.epd --> M:\CB_IN
07.04.2016 14:01:06	Copy d:\CB_IN\a0706960_049.epd --> M:\CB_IN
07.04.2016 14:01:07	Copy d:\CB_IN\a0706960_050.esd --> M:\CB_IN
07.04.2016 14:01:07	Скопировано 8 файлов
07.04.2016 14:01:07	Error copy d:\CB_IN\a0706960_012.esd
07.04.2016 14:01:07	Delete d:\CB_IN\a0706960_044.esd
07.04.2016 14:01:07	Delete d:\CB_IN\a0706960_045.esd
07.04.2016 14:01:07	Delete d:\CB_IN\a0706960_046.epd
07.04.2016 14:01:07	Delete d:\CB_IN\a0706960_047.esd
07.04.2016 14:01:08	Delete d:\CB_IN\a0706960_048.epd
07.04.2016 14:01:08	Delete d:\CB_IN\a0706960_049.epd
07.04.2016 14:01:08	Delete d:\CB_IN\a0706960_050.esd
07.04.2016 14:01:08	Удалено 7 файлов
07.04.2016 14:18:46	Copy d:\CB_IN\a0706960_012.esd --> M:\CB_IN
07.04.2016 14:18:46	Copy d:\CB_IN\a0706960_051.esd --> M:\CB_IN
07.04.2016 14:18:47	Copy d:\CB_IN\a0706960_052.esd --> M:\CB_IN
07.04.2016 14:18:47	Скопировано 3 файлов
07.04.2016 14:18:47	Error copy d:\CB_IN\a0706960_012.esd
07.04.2016 14:18:47	Delete d:\CB_IN\a0706960_051.esd
07.04.2016 14:18:47	Delete d:\CB_IN\a0706960_052.esd
07.04.2016 14:18:47	Удалено 2 файлов
07.04.2016 14:27:20	Copy d:\CB_IN\a0706960_012.esd --> M:\CB_IN
07.04.2016 14:27:20	Скопировано 1 файлов
07.04.2016 14:27:20	Delete d:\CB_IN\a0706960_012.esd
07.04.2016 14:27:20	Удалено 1 файлов
07.04.2016 14:49:35	Copy d:\CB_IN\a0706960_053.esd --> M:\CB_IN
07.04.2016 14:49:35	Copy d:\CB_IN\a0706960_054.epd --> M:\CB_IN
07.04.2016 14:49:35	Copy d:\CB_IN\a0706960_055.epd --> M:\CB_IN
07.04.2016 14:49:36	Copy d:\CB_IN\a0706960_056.esd --> M:\CB_IN
07.04.2016 14:49:36	Copy d:\CB_IN\a0706960_057.esd --> M:\CB_IN
07.04.2016 14:49:37	Copy d:\CB_IN\a0706960_058.esd --> M:\CB_IN
07.04.2016 14:49:37	Скопировано 6 файлов
07.04.2016 14:49:37	Error copy d:\CB_IN\a0706960_053.esd
07.04.2016 14:49:37	Delete d:\CB_IN\a0706960_054.epd
07.04.2016 14:49:37	Delete d:\CB_IN\a0706960_055.epd
07.04.2016 14:49:37	Delete d:\CB_IN\a0706960_056.esd
07.04.2016 14:49:37	Delete d:\CB_IN\a0706960_057.esd
07.04.2016 14:49:37	Delete d:\CB_IN\a0706960_058.esd
07.04.2016 14:49:37	Удалено 5 файлов
07.04.2016 15:07:35	Copy d:\CB_IN\a0706960_053.esd --> M:\CB_IN
07.04.2016 15:07:35	Copy d:\CB_IN\a0706960_059.epd --> M:\CB_IN
07.04.2016 15:07:36	Copy d:\CB_IN\a0706960_060.esd --> M:\CB_IN
07.04.2016 15:07:36	Скопировано 3 файлов
07.04.2016 15:07:36	Delete d:\CB_IN\a0706960_053.esd
07.04.2016 15:07:36	Delete d:\CB_IN\a0706960_059.epd
07.04.2016 15:07:36	Delete d:\CB_IN\a0706960_060.esd
07.04.2016 15:07:36	Удалено 3 файлов
07.04.2016 15:38:17	Copy d:\CB_IN\a0706960_061.epd --> M:\CB_IN
07.04.2016 15:38:18	Copy d:\CB_IN\a0706960_062.esd --> M:\CB_IN
07.04.2016 15:38:18	Copy d:\CB_IN\a0706960_063.epd --> M:\CB_IN
07.04.2016 15:38:18	Скопировано 3 файлов
07.04.2016 15:38:18	Delete d:\CB_IN\a0706960_061.epd
07.04.2016 15:38:18	Delete d:\CB_IN\a0706960_062.esd
07.04.2016 15:38:19	Delete d:\CB_IN\a0706960_063.epd
07.04.2016 15:38:19	Удалено 3 файлов
07.04.2016 15:59:51	Copy d:\CB_IN\a0706960_064.esd --> M:\CB_IN
07.04.2016 15:59:52	Copy d:\CB_IN\a0706960_065.epd --> M:\CB_IN
07.04.2016 15:59:52	Copy d:\CB_IN\a0706960_066.esd --> M:\CB_IN
07.04.2016 15:59:52	Copy d:\CB_IN\a0706960_067.epd --> M:\CB_IN
07.04.2016 15:59:53	Copy d:\CB_IN\a0706960_068.esd --> M:\CB_IN
07.04.2016 15:59:53	Скопировано 5 файлов
07.04.2016 15:59:53	Error copy d:\CB_IN\a0706960_064.esd
07.04.2016 15:59:53	Delete d:\CB_IN\a0706960_065.epd
07.04.2016 15:59:53	Delete d:\CB_IN\a0706960_066.esd
07.04.2016 15:59:53	Delete d:\CB_IN\a0706960_067.epd
07.04.2016 15:59:53	Delete d:\CB_IN\a0706960_068.esd
07.04.2016 15:59:53	Удалено 4 файлов
07.04.2016 16:13:07	Copy d:\CB_IN\a0706960_064.esd --> M:\CB_IN
07.04.2016 16:13:08	Copy d:\CB_IN\a0706960_069.esd --> M:\CB_IN
07.04.2016 16:13:08	Copy d:\CB_IN\a0706960_070.epd --> M:\CB_IN
07.04.2016 16:13:09	Copy d:\CB_IN\a0706960_071.esd --> M:\CB_IN
07.04.2016 16:13:10	Copy d:\CB_IN\a0706960_072.esd --> M:\CB_IN
07.04.2016 16:13:10	Copy d:\CB_IN\a0706960_073.esd --> M:\CB_IN
07.04.2016 16:13:10	Скопировано 6 файлов
07.04.2016 16:13:10	Error copy d:\CB_IN\a0706960_064.esd
07.04.2016 16:13:10	Delete d:\CB_IN\a0706960_069.esd
07.04.2016 16:13:11	Delete d:\CB_IN\a0706960_070.epd
07.04.2016 16:13:11	Delete d:\CB_IN\a0706960_071.esd
07.04.2016 16:13:11	Delete d:\CB_IN\a0706960_072.esd
07.04.2016 16:13:11	Delete d:\CB_IN\a0706960_073.esd
07.04.2016 16:13:11	Удалено 5 файлов
07.04.2016 16:26:29	Copy d:\CB_IN\a0706960_064.esd --> M:\CB_IN
07.04.2016 16:26:30	Copy d:\CB_IN\a0706960_074.epd --> M:\CB_IN
07.04.2016 16:26:30	Copy d:\CB_IN\a0706960_075.esd --> M:\CB_IN
07.04.2016 16:26:31	Copy d:\CB_IN\a0706960_076.esd --> M:\CB_IN
07.04.2016 16:26:31	Copy d:\CB_IN\a0706960_077.esd --> M:\CB_IN
07.04.2016 16:26:31	Copy d:\CB_IN\a0706960_078.esd --> M:\CB_IN
07.04.2016 16:26:31	Скопировано 6 файлов
07.04.2016 16:26:32	Error copy d:\CB_IN\a0706960_064.esd
07.04.2016 16:26:32	Delete d:\CB_IN\a0706960_074.epd
07.04.2016 16:26:32	Delete d:\CB_IN\a0706960_075.esd
07.04.2016 16:26:32	Delete d:\CB_IN\a0706960_076.esd
07.04.2016 16:26:32	Delete d:\CB_IN\a0706960_077.esd
07.04.2016 16:26:32	Delete d:\CB_IN\a0706960_078.esd
07.04.2016 16:26:32	Удалено 5 файлов
07.04.2016 16:40:56	Copy d:\CB_IN\a0706960_064.esd --> M:\CB_IN
07.04.2016 16:40:57	Copy d:\CB_IN\a0706960_079.epd --> M:\CB_IN
07.04.2016 16:40:57	Copy d:\CB_IN\a0706960_080.esd --> M:\CB_IN
07.04.2016 16:40:57	Скопировано 3 файлов
07.04.2016 16:40:57	Delete d:\CB_IN\a0706960_064.esd
07.04.2016 16:40:57	Delete d:\CB_IN\a0706960_079.epd
07.04.2016 16:40:57	Delete d:\CB_IN\a0706960_080.esd
07.04.2016 16:40:57	Удалено 3 файлов
07.04.2016 16:44:00	Copy d:\CB_IN\a0706960_081.esd --> M:\CB_IN
07.04.2016 16:44:01	Copy d:\CB_IN\a0706960_082.esd --> M:\CB_IN
07.04.2016 16:44:01	Скопировано 2 файлов
07.04.2016 16:44:01	Delete d:\CB_IN\a0706960_081.esd
07.04.2016 16:44:01	Delete d:\CB_IN\a0706960_082.esd
07.04.2016 16:44:01	Удалено 2 файлов
07.04.2016 16:52:21	Copy d:\CB_IN\a0706960_083.esd --> M:\CB_IN
07.04.2016 16:52:21	Copy d:\CB_IN\a0706960_084.esd --> M:\CB_IN
07.04.2016 16:52:21	Скопировано 2 файлов
07.04.2016 16:52:21	Delete d:\CB_IN\a0706960_083.esd
07.04.2016 16:52:21	Delete d:\CB_IN\a0706960_084.esd
07.04.2016 16:52:21	Удалено 2 файлов
07.04.2016 17:00:58	Copy d:\CB_IN\a0706960_085.esd --> M:\CB_IN
07.04.2016 17:00:58	Copy d:\CB_IN\a0706960_086.epd --> M:\CB_IN
07.04.2016 17:00:58	Скопировано 2 файлов
07.04.2016 17:00:58	Delete d:\CB_IN\a0706960_085.esd
07.04.2016 17:00:59	Delete d:\CB_IN\a0706960_086.epd
07.04.2016 17:00:59	Удалено 2 файлов
07.04.2016 17:08:28	Copy d:\CB_IN\a0706960_087.esd --> M:\CB_IN
07.04.2016 17:08:28	Copy d:\CB_IN\a0706960_088.esd --> M:\CB_IN
07.04.2016 17:08:28	Скопировано 2 файлов
07.04.2016 17:08:28	Delete d:\CB_IN\a0706960_087.esd
07.04.2016 17:08:28	Delete d:\CB_IN\a0706960_088.esd
07.04.2016 17:08:28	Удалено 2 файлов
07.04.2016 17:21:32	Copy d:\CB_IN\a0706960_089.epd --> M:\CB_IN
07.04.2016 17:21:33	Copy d:\CB_IN\a0706960_090.esd --> M:\CB_IN
07.04.2016 17:21:33	Copy d:\CB_IN\a0706960_091.epd --> M:\CB_IN
07.04.2016 17:21:34	Copy d:\CB_IN\a0706960_092.esd --> M:\CB_IN
07.04.2016 17:21:34	Copy d:\CB_IN\a0706960_093.esd --> M:\CB_IN
07.04.2016 17:21:34	Скопировано 5 файлов
07.04.2016 17:21:34	Delete d:\CB_IN\a0706960_089.epd
07.04.2016 17:21:34	Delete d:\CB_IN\a0706960_090.esd
07.04.2016 17:21:34	Delete d:\CB_IN\a0706960_091.epd
07.04.2016 17:21:35	Delete d:\CB_IN\a0706960_092.esd
07.04.2016 17:21:35	Delete d:\CB_IN\a0706960_093.esd
07.04.2016 17:21:35	Удалено 5 файлов
07.04.2016 17:27:06	Copy d:\CB_IN\a0706960_094.esd --> M:\CB_IN
07.04.2016 17:27:06	Copy d:\CB_IN\a0706960_095.esd --> M:\CB_IN
07.04.2016 17:27:06	Скопировано 2 файлов
07.04.2016 17:27:06	Delete d:\CB_IN\a0706960_094.esd
07.04.2016 17:27:06	Delete d:\CB_IN\a0706960_095.esd
07.04.2016 17:27:06	Удалено 2 файлов
07.04.2016 17:42:58	Copy d:\CB_IN\a0706960_096.epd --> M:\CB_IN
07.04.2016 17:42:58	Copy d:\CB_IN\a0706960_097.esd --> M:\CB_IN
07.04.2016 17:42:59	Copy d:\CB_IN\a0706960_098.esd --> M:\CB_IN
07.04.2016 17:42:59	Copy d:\CB_IN\a0706960_099.esd --> M:\CB_IN
07.04.2016 17:42:59	Скопировано 4 файлов
07.04.2016 17:42:59	Delete d:\CB_IN\a0706960_096.epd
07.04.2016 17:42:59	Delete d:\CB_IN\a0706960_097.esd
07.04.2016 17:42:59	Delete d:\CB_IN\a0706960_098.esd
07.04.2016 17:42:59	Delete d:\CB_IN\a0706960_099.esd
07.04.2016 17:42:59	Удалено 4 файлов
07.04.2016 17:51:15	Copy d:\CB_IN\a0706960_100.esd --> M:\CB_IN
07.04.2016 17:51:15	Copy d:\CB_IN\a0706960_101.esd --> M:\CB_IN
07.04.2016 17:51:15	Скопировано 2 файлов
07.04.2016 17:51:15	Delete d:\CB_IN\a0706960_100.esd
07.04.2016 17:51:15	Delete d:\CB_IN\a0706960_101.esd
07.04.2016 17:51:15	Удалено 2 файлов
07.04.2016 18:00:44	Copy d:\CB_IN\a0706960_102.esd --> M:\CB_IN
07.04.2016 18:00:45	Copy d:\CB_IN\a0706960_103.epd --> M:\CB_IN
07.04.2016 18:00:45	Скопировано 2 файлов
07.04.2016 18:00:45	Delete d:\CB_IN\a0706960_102.esd
07.04.2016 18:00:45	Delete d:\CB_IN\a0706960_103.epd
07.04.2016 18:00:45	Удалено 2 файлов
