08.04.2016 07:49:20	Copy d:\CB_IN\a0806960_104.esd --> M:\CB_IN
08.04.2016 07:49:21	Copy d:\CB_IN\a0806960_105.epd --> M:\CB_IN
08.04.2016 07:49:21	Copy d:\CB_IN\a0806960_106.esd --> M:\CB_IN
08.04.2016 07:49:22	Copy d:\CB_IN\a0806960_107.epd --> M:\CB_IN
08.04.2016 07:49:22	Copy d:\CB_IN\a0806960_108.esd --> M:\CB_IN
08.04.2016 07:49:23	Copy d:\CB_IN\a0806960_109.epd --> M:\CB_IN
08.04.2016 07:49:23	Copy d:\CB_IN\a0806960_110.esd --> M:\CB_IN
08.04.2016 07:49:23	Copy d:\CB_IN\a0806960_111.epd --> M:\CB_IN
08.04.2016 07:49:24	Copy d:\CB_IN\a0806960_112.esd --> M:\CB_IN
08.04.2016 07:49:24	Copy d:\CB_IN\a0806960_113.epd --> M:\CB_IN
08.04.2016 07:49:25	Copy d:\CB_IN\a0806960_114.esd --> M:\CB_IN
08.04.2016 07:49:25	Copy d:\CB_IN\a0806960_115.epd --> M:\CB_IN
08.04.2016 07:49:26	Copy d:\CB_IN\a0806960_116.esd --> M:\CB_IN
08.04.2016 07:49:26	Copy d:\CB_IN\a0806960_117.esd --> M:\CB_IN
08.04.2016 07:49:27	Copy d:\CB_IN\a0806960_118.esd --> M:\CB_IN
08.04.2016 07:49:27	Copy d:\CB_IN\a0806960_119.esd --> M:\CB_IN
08.04.2016 07:49:27	Copy d:\CB_IN\a0806960_120.epd --> M:\CB_IN
08.04.2016 07:49:28	Copy d:\CB_IN\a0806960_121.esd --> M:\CB_IN
08.04.2016 07:49:28	Copy d:\CB_IN\a0806960_122.epd --> M:\CB_IN
08.04.2016 07:49:29	Copy d:\CB_IN\a0806960_123.esd --> M:\CB_IN
08.04.2016 07:49:29	Copy d:\CB_IN\a0806960_124.esd --> M:\CB_IN
08.04.2016 07:49:29	Copy d:\CB_IN\a0806960_125.esd --> M:\CB_IN
08.04.2016 07:49:30	Copy d:\CB_IN\a0806960_126.esd --> M:\CB_IN
08.04.2016 07:49:30	Скопировано 23 файлов
08.04.2016 07:49:30	Delete d:\CB_IN\a0806960_104.esd
08.04.2016 07:49:31	Delete d:\CB_IN\a0806960_105.epd
08.04.2016 07:49:31	Delete d:\CB_IN\a0806960_106.esd
08.04.2016 07:49:31	Delete d:\CB_IN\a0806960_107.epd
08.04.2016 07:49:31	Delete d:\CB_IN\a0806960_108.esd
08.04.2016 07:49:31	Delete d:\CB_IN\a0806960_109.epd
08.04.2016 07:49:32	Delete d:\CB_IN\a0806960_110.esd
08.04.2016 07:49:32	Delete d:\CB_IN\a0806960_111.epd
08.04.2016 07:49:32	Delete d:\CB_IN\a0806960_112.esd
08.04.2016 07:49:32	Delete d:\CB_IN\a0806960_113.epd
08.04.2016 07:49:32	Delete d:\CB_IN\a0806960_114.esd
08.04.2016 07:49:32	Delete d:\CB_IN\a0806960_115.epd
08.04.2016 07:49:33	Delete d:\CB_IN\a0806960_116.esd
08.04.2016 07:49:33	Delete d:\CB_IN\a0806960_117.esd
08.04.2016 07:49:33	Delete d:\CB_IN\a0806960_118.esd
08.04.2016 07:49:33	Delete d:\CB_IN\a0806960_119.esd
08.04.2016 07:49:33	Delete d:\CB_IN\a0806960_120.epd
08.04.2016 07:49:33	Delete d:\CB_IN\a0806960_121.esd
08.04.2016 07:49:33	Delete d:\CB_IN\a0806960_122.epd
08.04.2016 07:49:34	Delete d:\CB_IN\a0806960_123.esd
08.04.2016 07:49:34	Delete d:\CB_IN\a0806960_124.esd
08.04.2016 07:49:34	Delete d:\CB_IN\a0806960_125.esd
08.04.2016 07:49:34	Delete d:\CB_IN\a0806960_126.esd
08.04.2016 07:49:34	Удалено 23 файлов
08.04.2016 09:46:45	Copy d:\CB_IN\a0806960_001.esd --> M:\CB_IN
08.04.2016 09:46:46	Copy d:\CB_IN\a0806960_002.esd --> M:\CB_IN
08.04.2016 09:46:46	Copy d:\CB_IN\a0806960_003.esd --> M:\CB_IN
08.04.2016 09:46:47	Copy d:\CB_IN\a0806960_004.epd --> M:\CB_IN
08.04.2016 09:46:47	Скопировано 4 файлов
08.04.2016 09:46:47	Delete d:\CB_IN\a0806960_001.esd
08.04.2016 09:46:47	Delete d:\CB_IN\a0806960_002.esd
08.04.2016 09:46:47	Delete d:\CB_IN\a0806960_003.esd
08.04.2016 09:46:47	Delete d:\CB_IN\a0806960_004.epd
08.04.2016 09:46:47	Удалено 4 файлов
08.04.2016 10:04:31	Copy d:\CB_IN\a0806960_005.esd --> M:\CB_IN
08.04.2016 10:04:31	Copy d:\CB_IN\a0806960_006.epd --> M:\CB_IN
08.04.2016 10:04:31	Copy d:\CB_IN\a0806960_007.esd --> M:\CB_IN
08.04.2016 10:04:32	Copy d:\CB_IN\a0806960_008.esd --> M:\CB_IN
08.04.2016 10:04:32	Скопировано 4 файлов
08.04.2016 10:04:32	Delete d:\CB_IN\a0806960_005.esd
08.04.2016 10:04:32	Delete d:\CB_IN\a0806960_006.epd
08.04.2016 10:04:32	Delete d:\CB_IN\a0806960_007.esd
08.04.2016 10:04:32	Delete d:\CB_IN\a0806960_008.esd
08.04.2016 10:04:32	Удалено 4 файлов
08.04.2016 10:59:29	Copy d:\CB_IN\a0806960_009.esd --> M:\CB_IN
08.04.2016 10:59:29	Copy d:\CB_IN\a0806960_010.epd --> M:\CB_IN
08.04.2016 10:59:30	Copy d:\CB_IN\a0806960_011.esd --> M:\CB_IN
08.04.2016 10:59:30	Copy d:\CB_IN\a0806960_012.esd --> M:\CB_IN
08.04.2016 10:59:31	Copy d:\CB_IN\a0806960_013.esd --> M:\CB_IN
08.04.2016 10:59:31	Copy d:\CB_IN\a0806960_014.esd --> M:\CB_IN
08.04.2016 10:59:31	Copy d:\CB_IN\a0806960_015.esd --> M:\CB_IN
08.04.2016 10:59:32	Copy d:\CB_IN\a0806960_016.esd --> M:\CB_IN
08.04.2016 10:59:32	Copy d:\CB_IN\a0806960_017.esd --> M:\CB_IN
08.04.2016 10:59:33	Copy d:\CB_IN\a0806960_018.epd --> M:\CB_IN
08.04.2016 10:59:33	Copy d:\CB_IN\a0806960_019.esd --> M:\CB_IN
08.04.2016 10:59:33	Copy d:\CB_IN\a0806960_020.esd --> M:\CB_IN
08.04.2016 10:59:34	Copy d:\CB_IN\a0806960_021.esd --> M:\CB_IN
08.04.2016 10:59:34	Copy d:\CB_IN\a0806960_022.epd --> M:\CB_IN
08.04.2016 10:59:35	Copy d:\CB_IN\a0806960_023.esd --> M:\CB_IN
08.04.2016 10:59:35	Copy d:\CB_IN\a0806960_024.esd --> M:\CB_IN
08.04.2016 10:59:36	Copy d:\CB_IN\a0806960_025.esd --> M:\CB_IN
08.04.2016 10:59:36	Copy d:\CB_IN\a0806960_026.esd --> M:\CB_IN
08.04.2016 10:59:36	Скопировано 18 файлов
08.04.2016 10:59:36	Error copy d:\CB_IN\a0806960_009.esd
08.04.2016 10:59:36	Delete d:\CB_IN\a0806960_010.epd
08.04.2016 10:59:36	Delete d:\CB_IN\a0806960_011.esd
08.04.2016 10:59:36	Delete d:\CB_IN\a0806960_012.esd
08.04.2016 10:59:37	Delete d:\CB_IN\a0806960_013.esd
08.04.2016 10:59:37	Delete d:\CB_IN\a0806960_014.esd
08.04.2016 10:59:37	Delete d:\CB_IN\a0806960_015.esd
08.04.2016 10:59:37	Delete d:\CB_IN\a0806960_016.esd
08.04.2016 10:59:37	Delete d:\CB_IN\a0806960_017.esd
08.04.2016 10:59:37	Delete d:\CB_IN\a0806960_018.epd
08.04.2016 10:59:37	Delete d:\CB_IN\a0806960_019.esd
08.04.2016 10:59:38	Delete d:\CB_IN\a0806960_020.esd
08.04.2016 10:59:38	Delete d:\CB_IN\a0806960_021.esd
08.04.2016 10:59:38	Delete d:\CB_IN\a0806960_022.epd
08.04.2016 10:59:38	Delete d:\CB_IN\a0806960_023.esd
08.04.2016 10:59:38	Delete d:\CB_IN\a0806960_024.esd
08.04.2016 10:59:38	Delete d:\CB_IN\a0806960_025.esd
08.04.2016 10:59:38	Delete d:\CB_IN\a0806960_026.esd
08.04.2016 10:59:38	Удалено 17 файлов
08.04.2016 11:21:17	Copy d:\CB_IN\a0806960_009.esd --> M:\CB_IN
08.04.2016 11:21:18	Copy d:\CB_IN\a0806960_027.epd --> M:\CB_IN
08.04.2016 11:21:18	Copy d:\CB_IN\a0806960_028.esd --> M:\CB_IN
08.04.2016 11:21:18	Copy d:\CB_IN\a0806960_029.epd --> M:\CB_IN
08.04.2016 11:21:19	Copy d:\CB_IN\a0806960_030.esd --> M:\CB_IN
08.04.2016 11:21:19	Copy d:\CB_IN\a0806960_031.esd --> M:\CB_IN
08.04.2016 11:21:20	Copy d:\CB_IN\a0806960_032.esd --> M:\CB_IN
08.04.2016 11:21:20	Скопировано 7 файлов
08.04.2016 11:21:20	Delete d:\CB_IN\a0806960_009.esd
08.04.2016 11:21:20	Delete d:\CB_IN\a0806960_027.epd
08.04.2016 11:21:20	Delete d:\CB_IN\a0806960_028.esd
08.04.2016 11:21:20	Delete d:\CB_IN\a0806960_029.epd
08.04.2016 11:21:20	Delete d:\CB_IN\a0806960_030.esd
08.04.2016 11:21:20	Delete d:\CB_IN\a0806960_031.esd
08.04.2016 11:21:21	Delete d:\CB_IN\a0806960_032.esd
08.04.2016 11:21:21	Удалено 7 файлов
08.04.2016 12:14:18	Copy d:\CB_IN\a0806960_033.esd --> M:\CB_IN
08.04.2016 12:14:18	Copy d:\CB_IN\a0806960_034.epd --> M:\CB_IN
08.04.2016 12:14:18	Copy d:\CB_IN\a0806960_035.epd --> M:\CB_IN
08.04.2016 12:14:19	Copy d:\CB_IN\a0806960_036.esd --> M:\CB_IN
08.04.2016 12:14:19	Copy d:\CB_IN\a0806960_037.esd --> M:\CB_IN
08.04.2016 12:14:20	Copy d:\CB_IN\a0806960_038.esd --> M:\CB_IN
08.04.2016 12:14:20	Скопировано 6 файлов
08.04.2016 12:14:20	Error copy d:\CB_IN\a0806960_033.esd
08.04.2016 12:14:20	Delete d:\CB_IN\a0806960_034.epd
08.04.2016 12:14:20	Delete d:\CB_IN\a0806960_035.epd
08.04.2016 12:14:20	Delete d:\CB_IN\a0806960_036.esd
08.04.2016 12:14:20	Delete d:\CB_IN\a0806960_037.esd
08.04.2016 12:14:20	Delete d:\CB_IN\a0806960_038.esd
08.04.2016 12:14:20	Удалено 5 файлов
08.04.2016 12:37:40	Copy d:\CB_IN\a0806960_033.esd --> M:\CB_IN
08.04.2016 12:37:40	Copy d:\CB_IN\a0806960_039.epd --> M:\CB_IN
08.04.2016 12:37:41	Copy d:\CB_IN\a0806960_040.esd --> M:\CB_IN
08.04.2016 12:37:41	Copy d:\CB_IN\a0806960_041.epd --> M:\CB_IN
08.04.2016 12:37:42	Copy d:\CB_IN\a0806960_042.esd --> M:\CB_IN
08.04.2016 12:37:42	Скопировано 5 файлов
08.04.2016 12:37:42	Delete d:\CB_IN\a0806960_033.esd
08.04.2016 12:37:42	Delete d:\CB_IN\a0806960_039.epd
08.04.2016 12:37:42	Delete d:\CB_IN\a0806960_040.esd
08.04.2016 12:37:42	Delete d:\CB_IN\a0806960_041.epd
08.04.2016 12:37:42	Delete d:\CB_IN\a0806960_042.esd
08.04.2016 12:37:42	Удалено 5 файлов
08.04.2016 12:46:47	Copy d:\CB_IN\a0806960_043.esd --> M:\CB_IN
08.04.2016 12:46:47	Copy d:\CB_IN\a0806960_044.esd --> M:\CB_IN
08.04.2016 12:46:47	Скопировано 2 файлов
08.04.2016 12:46:47	Delete d:\CB_IN\a0806960_043.esd
08.04.2016 12:46:48	Delete d:\CB_IN\a0806960_044.esd
08.04.2016 12:46:48	Удалено 2 файлов
08.04.2016 12:56:38	Copy d:\CB_IN\a0806960_045.esd --> M:\CB_IN
08.04.2016 12:56:38	Copy d:\CB_IN\a0806960_046.esd --> M:\CB_IN
08.04.2016 12:56:38	Скопировано 2 файлов
08.04.2016 12:56:38	Error copy d:\CB_IN\a0806960_045.esd
08.04.2016 12:56:38	Delete d:\CB_IN\a0806960_046.esd
08.04.2016 12:56:38	Удалено 1 файлов
08.04.2016 14:07:08	Copy d:\CB_IN\a0806960_045.esd --> M:\CB_IN
08.04.2016 14:07:08	Copy d:\CB_IN\a0806960_047.epd --> M:\CB_IN
08.04.2016 14:07:09	Copy d:\CB_IN\a0806960_048.esd --> M:\CB_IN
08.04.2016 14:07:09	Copy d:\CB_IN\a0806960_049.esd --> M:\CB_IN
08.04.2016 14:07:10	Copy d:\CB_IN\a0806960_050.epd --> M:\CB_IN
08.04.2016 14:07:10	Copy d:\CB_IN\a0806960_051.esd --> M:\CB_IN
08.04.2016 14:07:11	Copy d:\CB_IN\a0806960_052.esd --> M:\CB_IN
08.04.2016 14:07:11	Copy d:\CB_IN\a0806960_053.epd --> M:\CB_IN
08.04.2016 14:07:12	Copy d:\CB_IN\a0806960_054.esd --> M:\CB_IN
08.04.2016 14:07:12	Copy d:\CB_IN\a0806960_055.epd --> M:\CB_IN
08.04.2016 14:07:12	Copy d:\CB_IN\a0806960_056.esd --> M:\CB_IN
08.04.2016 14:07:13	Copy d:\CB_IN\a0806960_057.epd --> M:\CB_IN
08.04.2016 14:07:13	Copy d:\CB_IN\a0806960_058.esd --> M:\CB_IN
08.04.2016 14:07:13	Скопировано 13 файлов
08.04.2016 14:07:13	Error copy d:\CB_IN\a0806960_045.esd
08.04.2016 14:07:13	Delete d:\CB_IN\a0806960_047.epd
08.04.2016 14:07:13	Delete d:\CB_IN\a0806960_048.esd
08.04.2016 14:07:14	Delete d:\CB_IN\a0806960_049.esd
08.04.2016 14:07:14	Delete d:\CB_IN\a0806960_050.epd
08.04.2016 14:07:14	Delete d:\CB_IN\a0806960_051.esd
08.04.2016 14:07:14	Delete d:\CB_IN\a0806960_052.esd
08.04.2016 14:07:14	Delete d:\CB_IN\a0806960_053.epd
08.04.2016 14:07:14	Delete d:\CB_IN\a0806960_054.esd
08.04.2016 14:07:14	Delete d:\CB_IN\a0806960_055.epd
08.04.2016 14:07:15	Delete d:\CB_IN\a0806960_056.esd
08.04.2016 14:07:15	Delete d:\CB_IN\a0806960_057.epd
08.04.2016 14:07:15	Delete d:\CB_IN\a0806960_058.esd
08.04.2016 14:07:15	Удалено 12 файлов
08.04.2016 14:23:48	Copy d:\CB_IN\a0806960_045.esd --> M:\CB_IN
08.04.2016 14:23:48	Copy d:\CB_IN\a0806960_059.epd --> M:\CB_IN
08.04.2016 14:23:49	Copy d:\CB_IN\a0806960_060.esd --> M:\CB_IN
08.04.2016 14:23:49	Copy d:\CB_IN\a0806960_061.esd --> M:\CB_IN
08.04.2016 14:23:49	Copy d:\CB_IN\a0806960_062.esd --> M:\CB_IN
08.04.2016 14:23:50	Copy d:\CB_IN\a0806960_063.esd --> M:\CB_IN
08.04.2016 14:23:50	Скопировано 6 файлов
08.04.2016 14:23:50	Delete d:\CB_IN\a0806960_045.esd
08.04.2016 14:23:50	Delete d:\CB_IN\a0806960_059.epd
08.04.2016 14:23:50	Delete d:\CB_IN\a0806960_060.esd
08.04.2016 14:23:50	Delete d:\CB_IN\a0806960_061.esd
08.04.2016 14:23:51	Delete d:\CB_IN\a0806960_062.esd
08.04.2016 14:23:51	Delete d:\CB_IN\a0806960_063.esd
08.04.2016 14:23:51	Удалено 6 файлов
08.04.2016 14:45:33	Copy d:\CB_IN\a0806960_064.esd --> M:\CB_IN
08.04.2016 14:45:33	Copy d:\CB_IN\a0806960_065.esd --> M:\CB_IN
08.04.2016 14:45:34	Copy d:\CB_IN\a0806960_066.epd --> M:\CB_IN
08.04.2016 14:45:34	Copy d:\CB_IN\a0806960_067.esd --> M:\CB_IN
08.04.2016 14:45:34	Скопировано 4 файлов
08.04.2016 14:45:34	Error copy d:\CB_IN\a0806960_064.esd
08.04.2016 14:45:34	Delete d:\CB_IN\a0806960_065.esd
08.04.2016 14:45:35	Delete d:\CB_IN\a0806960_066.epd
08.04.2016 14:45:35	Delete d:\CB_IN\a0806960_067.esd
08.04.2016 14:45:35	Удалено 3 файлов
08.04.2016 15:01:30	Copy d:\CB_IN\a0806960_064.esd --> M:\CB_IN
08.04.2016 15:01:30	Copy d:\CB_IN\a0806960_068.esd --> M:\CB_IN
08.04.2016 15:01:31	Copy d:\CB_IN\a0806960_069.esd --> M:\CB_IN
08.04.2016 15:01:31	Copy d:\CB_IN\a0806960_070.epd --> M:\CB_IN
08.04.2016 15:01:31	Copy d:\CB_IN\a0806960_071.esd --> M:\CB_IN
08.04.2016 15:01:32	Copy d:\CB_IN\a0806960_072.esd --> M:\CB_IN
08.04.2016 15:01:32	Скопировано 6 файлов
08.04.2016 15:01:32	Error copy d:\CB_IN\a0806960_064.esd
08.04.2016 15:01:32	Delete d:\CB_IN\a0806960_068.esd
08.04.2016 15:01:32	Delete d:\CB_IN\a0806960_069.esd
08.04.2016 15:01:32	Delete d:\CB_IN\a0806960_070.epd
08.04.2016 15:01:32	Delete d:\CB_IN\a0806960_071.esd
08.04.2016 15:01:33	Delete d:\CB_IN\a0806960_072.esd
08.04.2016 15:01:33	Удалено 5 файлов
08.04.2016 15:16:38	Copy d:\CB_IN\a0806960_064.esd --> M:\CB_IN
08.04.2016 15:16:39	Copy d:\CB_IN\a0806960_073.esd --> M:\CB_IN
08.04.2016 15:16:39	Copy d:\CB_IN\a0806960_074.esd --> M:\CB_IN
08.04.2016 15:16:39	Скопировано 3 файлов
08.04.2016 15:16:39	Error copy d:\CB_IN\a0806960_064.esd
08.04.2016 15:16:39	Delete d:\CB_IN\a0806960_073.esd
08.04.2016 15:16:39	Delete d:\CB_IN\a0806960_074.esd
08.04.2016 15:16:39	Удалено 2 файлов
08.04.2016 15:28:29	Copy d:\CB_IN\a0806960_064.esd --> M:\CB_IN
08.04.2016 15:28:29	Copy d:\CB_IN\a0806960_075.epd --> M:\CB_IN
08.04.2016 15:28:29	Copy d:\CB_IN\a0806960_076.esd --> M:\CB_IN
08.04.2016 15:28:29	Скопировано 3 файлов
08.04.2016 15:28:29	Error copy d:\CB_IN\a0806960_064.esd
08.04.2016 15:28:29	Delete d:\CB_IN\a0806960_075.epd
08.04.2016 15:28:30	Delete d:\CB_IN\a0806960_076.esd
08.04.2016 15:28:30	Удалено 2 файлов
08.04.2016 15:41:25	Copy d:\CB_IN\a0806960_064.esd --> M:\CB_IN
08.04.2016 15:41:26	Copy d:\CB_IN\a0806960_077.esd --> M:\CB_IN
08.04.2016 15:41:26	Copy d:\CB_IN\a0806960_078.epd --> M:\CB_IN
08.04.2016 15:41:27	Copy d:\CB_IN\a0806960_079.esd --> M:\CB_IN
08.04.2016 15:41:27	Copy d:\CB_IN\a0806960_080.esd --> M:\CB_IN
08.04.2016 15:41:27	Скопировано 5 файлов
08.04.2016 15:41:27	Error copy d:\CB_IN\a0806960_064.esd
08.04.2016 15:41:27	Delete d:\CB_IN\a0806960_077.esd
08.04.2016 15:41:27	Delete d:\CB_IN\a0806960_078.epd
08.04.2016 15:41:27	Delete d:\CB_IN\a0806960_079.esd
08.04.2016 15:41:28	Delete d:\CB_IN\a0806960_080.esd
08.04.2016 15:41:28	Удалено 4 файлов
08.04.2016 16:01:03	Copy d:\CB_IN\a0806960_064.esd --> M:\CB_IN
08.04.2016 16:01:03	Copy d:\CB_IN\a0806960_081.esd --> M:\CB_IN
08.04.2016 16:01:04	Copy d:\CB_IN\a0806960_082.epd --> M:\CB_IN
08.04.2016 16:01:04	Скопировано 3 файлов
08.04.2016 16:01:04	Delete d:\CB_IN\a0806960_064.esd
08.04.2016 16:01:04	Delete d:\CB_IN\a0806960_081.esd
08.04.2016 16:01:04	Delete d:\CB_IN\a0806960_082.epd
08.04.2016 16:01:04	Удалено 3 файлов
08.04.2016 16:17:01	Copy d:\CB_IN\a0806960_083.esd --> M:\CB_IN
08.04.2016 16:17:01	Copy d:\CB_IN\a0806960_084.epd --> M:\CB_IN
08.04.2016 16:17:02	Copy d:\CB_IN\a0806960_085.esd --> M:\CB_IN
08.04.2016 16:17:02	Copy d:\CB_IN\a0806960_086.epd --> M:\CB_IN
08.04.2016 16:17:02	Copy d:\CB_IN\a0806960_087.esd --> M:\CB_IN
08.04.2016 16:17:02	Скопировано 5 файлов
08.04.2016 16:17:02	Delete d:\CB_IN\a0806960_083.esd
08.04.2016 16:17:03	Delete d:\CB_IN\a0806960_084.epd
08.04.2016 16:17:03	Delete d:\CB_IN\a0806960_085.esd
08.04.2016 16:17:03	Delete d:\CB_IN\a0806960_086.epd
08.04.2016 16:17:03	Delete d:\CB_IN\a0806960_087.esd
08.04.2016 16:17:03	Удалено 5 файлов
08.04.2016 16:29:33	Copy d:\CB_IN\a0806960_088.epd --> M:\CB_IN
08.04.2016 16:29:34	Copy d:\CB_IN\a0806960_089.esd --> M:\CB_IN
08.04.2016 16:29:34	Copy d:\CB_IN\a0806960_090.esd --> M:\CB_IN
08.04.2016 16:29:34	Скопировано 3 файлов
08.04.2016 16:29:34	Delete d:\CB_IN\a0806960_088.epd
08.04.2016 16:29:34	Delete d:\CB_IN\a0806960_089.esd
08.04.2016 16:29:34	Delete d:\CB_IN\a0806960_090.esd
08.04.2016 16:29:34	Удалено 3 файлов
08.04.2016 16:36:40	Copy d:\CB_IN\a0806960_091.esd --> M:\CB_IN
08.04.2016 16:36:41	Copy d:\CB_IN\a0806960_092.epd --> M:\CB_IN
08.04.2016 16:36:41	Скопировано 2 файлов
08.04.2016 16:36:41	Delete d:\CB_IN\a0806960_091.esd
08.04.2016 16:36:41	Delete d:\CB_IN\a0806960_092.epd
08.04.2016 16:36:41	Удалено 2 файлов
08.04.2016 16:40:51	Copy d:\CB_IN\a0806960_093.epd --> M:\CB_IN
08.04.2016 16:40:51	Copy d:\CB_IN\a0806960_094.esd --> M:\CB_IN
08.04.2016 16:40:52	Copy d:\CB_IN\a0806960_095.esd --> M:\CB_IN
08.04.2016 16:40:52	Copy d:\CB_IN\a0806960_096.esd --> M:\CB_IN
08.04.2016 16:40:52	Скопировано 4 файлов
08.04.2016 16:40:52	Delete d:\CB_IN\a0806960_093.epd
08.04.2016 16:40:52	Delete d:\CB_IN\a0806960_094.esd
08.04.2016 16:40:52	Delete d:\CB_IN\a0806960_095.esd
08.04.2016 16:40:52	Delete d:\CB_IN\a0806960_096.esd
08.04.2016 16:40:52	Удалено 4 файлов
08.04.2016 17:04:00	Copy d:\CB_IN\a0806960_097.esd --> M:\CB_IN
08.04.2016 17:04:00	Copy d:\CB_IN\a0806960_098.esd --> M:\CB_IN
08.04.2016 17:04:00	Copy d:\CB_IN\a0806960_099.esd --> M:\CB_IN
08.04.2016 17:04:01	Copy d:\CB_IN\a0806960_100.epd --> M:\CB_IN
08.04.2016 17:04:01	Скопировано 4 файлов
08.04.2016 17:04:01	Error copy d:\CB_IN\a0806960_097.esd
08.04.2016 17:04:01	Delete d:\CB_IN\a0806960_098.esd
08.04.2016 17:04:01	Delete d:\CB_IN\a0806960_099.esd
08.04.2016 17:04:01	Delete d:\CB_IN\a0806960_100.epd
08.04.2016 17:04:01	Удалено 3 файлов
08.04.2016 17:15:46	Copy d:\CB_IN\a0806960_097.esd --> M:\CB_IN
08.04.2016 17:15:46	Copy d:\CB_IN\a0806960_101.esd --> M:\CB_IN
08.04.2016 17:15:46	Copy d:\CB_IN\a0806960_102.esd --> M:\CB_IN
08.04.2016 17:15:46	Скопировано 3 файлов
08.04.2016 17:15:46	Error copy d:\CB_IN\a0806960_097.esd
08.04.2016 17:15:47	Delete d:\CB_IN\a0806960_101.esd
08.04.2016 17:15:47	Delete d:\CB_IN\a0806960_102.esd
08.04.2016 17:15:47	Удалено 2 файлов
