11.04.2016 07:49:44	Copy d:\CB_IN\a0806960_097.esd --> M:\CB_IN
11.04.2016 07:49:45	Copy d:\CB_IN\a1106960_103.epd --> M:\CB_IN
11.04.2016 07:49:45	Copy d:\CB_IN\a1106960_104.esd --> M:\CB_IN
11.04.2016 07:49:46	Copy d:\CB_IN\a1106960_105.esd --> M:\CB_IN
11.04.2016 07:49:46	Copy d:\CB_IN\a1106960_106.epd --> M:\CB_IN
11.04.2016 07:49:47	Copy d:\CB_IN\a1106960_107.esd --> M:\CB_IN
11.04.2016 07:49:47	Copy d:\CB_IN\a1106960_108.epd --> M:\CB_IN
11.04.2016 07:49:47	Copy d:\CB_IN\a1106960_109.esd --> M:\CB_IN
11.04.2016 07:49:48	Copy d:\CB_IN\a1106960_110.esd --> M:\CB_IN
11.04.2016 07:49:48	Copy d:\CB_IN\a1106960_111.epd --> M:\CB_IN
11.04.2016 07:49:49	Copy d:\CB_IN\a1106960_112.esd --> M:\CB_IN
11.04.2016 07:49:49	Copy d:\CB_IN\a1106960_113.epd --> M:\CB_IN
11.04.2016 07:49:50	Copy d:\CB_IN\a1106960_114.esd --> M:\CB_IN
11.04.2016 07:49:50	Copy d:\CB_IN\a1106960_115.esd --> M:\CB_IN
11.04.2016 07:49:51	Copy d:\CB_IN\a1106960_116.esd --> M:\CB_IN
11.04.2016 07:49:51	Copy d:\CB_IN\a1106960_117.epd --> M:\CB_IN
11.04.2016 07:49:52	Copy d:\CB_IN\a1106960_118.esd --> M:\CB_IN
11.04.2016 07:49:52	Copy d:\CB_IN\a1106960_119.epd --> M:\CB_IN
11.04.2016 07:49:52	Copy d:\CB_IN\a1106960_120.epd --> M:\CB_IN
11.04.2016 07:49:53	Copy d:\CB_IN\a1106960_121.esd --> M:\CB_IN
11.04.2016 07:49:53	Copy d:\CB_IN\a1106960_122.epd --> M:\CB_IN
11.04.2016 07:49:54	Copy d:\CB_IN\a1106960_123.esd --> M:\CB_IN
11.04.2016 07:49:54	Copy d:\CB_IN\a1106960_124.esd --> M:\CB_IN
11.04.2016 07:49:54	Copy d:\CB_IN\a1106960_125.epd --> M:\CB_IN
11.04.2016 07:49:55	Copy d:\CB_IN\a1106960_126.esd --> M:\CB_IN
11.04.2016 07:49:55	Copy d:\CB_IN\a1106960_127.esd --> M:\CB_IN
11.04.2016 07:49:56	Copy d:\CB_IN\a1106960_128.esd --> M:\CB_IN
11.04.2016 07:49:56	Copy d:\CB_IN\a1106960_129.epd --> M:\CB_IN
11.04.2016 07:49:56	Copy d:\CB_IN\a1106960_130.epd --> M:\CB_IN
11.04.2016 07:49:57	Copy d:\CB_IN\a1106960_131.esd --> M:\CB_IN
11.04.2016 07:49:57	Copy d:\CB_IN\a1106960_132.esd --> M:\CB_IN
11.04.2016 07:49:58	Copy d:\CB_IN\a1106960_133.epd --> M:\CB_IN
11.04.2016 07:49:58	Copy d:\CB_IN\a1106960_134.esd --> M:\CB_IN
11.04.2016 07:49:58	Copy d:\CB_IN\a1106960_135.esd --> M:\CB_IN
11.04.2016 07:49:59	Copy d:\CB_IN\a1106960_136.esd --> M:\CB_IN
11.04.2016 07:49:59	Copy d:\CB_IN\a1106960_137.esd --> M:\CB_IN
11.04.2016 07:50:00	Copy d:\CB_IN\a1106960_138.esd --> M:\CB_IN
11.04.2016 07:50:00	Скопировано 37 файлов
11.04.2016 07:50:00	Error copy d:\CB_IN\a0806960_097.esd
11.04.2016 07:50:01	Error copy d:\CB_IN\a1106960_103.epd
11.04.2016 07:50:01	Delete d:\CB_IN\a1106960_104.esd
11.04.2016 07:50:01	Delete d:\CB_IN\a1106960_105.esd
11.04.2016 07:50:01	Error copy d:\CB_IN\a1106960_106.epd
11.04.2016 07:50:01	Delete d:\CB_IN\a1106960_107.esd
11.04.2016 07:50:01	Delete d:\CB_IN\a1106960_108.epd
11.04.2016 07:50:01	Delete d:\CB_IN\a1106960_109.esd
11.04.2016 07:50:02	Delete d:\CB_IN\a1106960_110.esd
11.04.2016 07:50:02	Delete d:\CB_IN\a1106960_111.epd
11.04.2016 07:50:02	Delete d:\CB_IN\a1106960_112.esd
11.04.2016 07:50:02	Delete d:\CB_IN\a1106960_113.epd
11.04.2016 07:50:02	Delete d:\CB_IN\a1106960_114.esd
11.04.2016 07:50:02	Delete d:\CB_IN\a1106960_115.esd
11.04.2016 07:50:02	Delete d:\CB_IN\a1106960_116.esd
11.04.2016 07:50:03	Delete d:\CB_IN\a1106960_117.epd
11.04.2016 07:50:03	Delete d:\CB_IN\a1106960_118.esd
11.04.2016 07:50:03	Delete d:\CB_IN\a1106960_119.epd
11.04.2016 07:50:03	Delete d:\CB_IN\a1106960_120.epd
11.04.2016 07:50:03	Delete d:\CB_IN\a1106960_121.esd
11.04.2016 07:50:03	Delete d:\CB_IN\a1106960_122.epd
11.04.2016 07:50:04	Delete d:\CB_IN\a1106960_123.esd
11.04.2016 07:50:04	Delete d:\CB_IN\a1106960_124.esd
11.04.2016 07:50:04	Delete d:\CB_IN\a1106960_125.epd
11.04.2016 07:50:04	Delete d:\CB_IN\a1106960_126.esd
11.04.2016 07:50:04	Delete d:\CB_IN\a1106960_127.esd
11.04.2016 07:50:04	Delete d:\CB_IN\a1106960_128.esd
11.04.2016 07:50:05	Delete d:\CB_IN\a1106960_129.epd
11.04.2016 07:50:05	Delete d:\CB_IN\a1106960_130.epd
11.04.2016 07:50:05	Delete d:\CB_IN\a1106960_131.esd
11.04.2016 07:50:05	Delete d:\CB_IN\a1106960_132.esd
11.04.2016 07:50:05	Delete d:\CB_IN\a1106960_133.epd
11.04.2016 07:50:05	Delete d:\CB_IN\a1106960_134.esd
11.04.2016 07:50:05	Delete d:\CB_IN\a1106960_135.esd
11.04.2016 07:50:06	Delete d:\CB_IN\a1106960_136.esd
11.04.2016 07:50:06	Delete d:\CB_IN\a1106960_137.esd
11.04.2016 07:50:06	Delete d:\CB_IN\a1106960_138.esd
11.04.2016 07:50:06	Удалено 34 файлов
11.04.2016 09:46:05	Copy d:\CB_IN\a0806960_097.esd --> M:\CB_IN
11.04.2016 09:46:05	Copy d:\CB_IN\a1106960_103.epd --> M:\CB_IN
11.04.2016 09:46:06	Copy d:\CB_IN\a1106960_106.epd --> M:\CB_IN
11.04.2016 09:46:06	Скопировано 3 файлов
11.04.2016 09:46:06	Delete d:\CB_IN\a0806960_097.esd
11.04.2016 09:46:06	Delete d:\CB_IN\a1106960_103.epd
11.04.2016 09:46:06	Delete d:\CB_IN\a1106960_106.epd
11.04.2016 09:46:06	Удалено 3 файлов
11.04.2016 09:49:54	Copy d:\CB_IN\a1106960_001.esd --> M:\CB_IN
11.04.2016 09:49:54	Copy d:\CB_IN\a1106960_002.epd --> M:\CB_IN
11.04.2016 09:49:55	Copy d:\CB_IN\a1106960_003.esd --> M:\CB_IN
11.04.2016 09:49:56	Copy d:\CB_IN\a1106960_004.esd --> M:\CB_IN
11.04.2016 09:49:57	Copy d:\CB_IN\a1106960_005.esd --> M:\CB_IN
11.04.2016 09:49:57	Copy d:\CB_IN\a1106960_006.esd --> M:\CB_IN
11.04.2016 09:49:57	Copy d:\CB_IN\a1106960_007.epd --> M:\CB_IN
11.04.2016 09:49:58	Copy d:\CB_IN\a1106960_008.esd --> M:\CB_IN
11.04.2016 09:49:58	Скопировано 8 файлов
11.04.2016 09:49:58	Error copy d:\CB_IN\a1106960_001.esd
11.04.2016 09:49:58	Error copy d:\CB_IN\a1106960_002.epd
11.04.2016 09:49:58	Delete d:\CB_IN\a1106960_003.esd
11.04.2016 09:49:58	Delete d:\CB_IN\a1106960_004.esd
11.04.2016 09:49:58	Delete d:\CB_IN\a1106960_005.esd
11.04.2016 09:49:58	Delete d:\CB_IN\a1106960_006.esd
11.04.2016 09:49:58	Delete d:\CB_IN\a1106960_007.epd
11.04.2016 09:49:59	Delete d:\CB_IN\a1106960_008.esd
11.04.2016 09:49:59	Удалено 6 файлов
11.04.2016 10:19:13	Copy d:\CB_IN\a1106960_001.esd --> M:\CB_IN
11.04.2016 10:19:14	Copy d:\CB_IN\a1106960_002.epd --> M:\CB_IN
11.04.2016 10:19:14	Copy d:\CB_IN\a1106960_009.esd --> M:\CB_IN
11.04.2016 10:19:15	Copy d:\CB_IN\a1106960_010.epd --> M:\CB_IN
11.04.2016 10:19:15	Copy d:\CB_IN\a1106960_011.epd --> M:\CB_IN
11.04.2016 10:19:16	Copy d:\CB_IN\a1106960_012.esd --> M:\CB_IN
11.04.2016 10:19:16	Copy d:\CB_IN\a1106960_013.esd --> M:\CB_IN
11.04.2016 10:19:17	Copy d:\CB_IN\a1106960_014.esd --> M:\CB_IN
11.04.2016 10:19:17	Copy d:\CB_IN\a1106960_015.esd --> M:\CB_IN
11.04.2016 10:19:17	Скопировано 9 файлов
11.04.2016 10:19:17	Delete d:\CB_IN\a1106960_001.esd
11.04.2016 10:19:19	Error copy d:\CB_IN\a1106960_002.epd
11.04.2016 10:19:19	Delete d:\CB_IN\a1106960_009.esd
11.04.2016 10:19:19	Delete d:\CB_IN\a1106960_010.epd
11.04.2016 10:19:19	Delete d:\CB_IN\a1106960_011.epd
11.04.2016 10:19:20	Delete d:\CB_IN\a1106960_012.esd
11.04.2016 10:19:20	Delete d:\CB_IN\a1106960_013.esd
11.04.2016 10:19:20	Delete d:\CB_IN\a1106960_014.esd
11.04.2016 10:19:20	Delete d:\CB_IN\a1106960_015.esd
11.04.2016 10:19:20	Удалено 8 файлов
11.04.2016 11:28:09	Copy d:\CB_IN\a1106960_016.esd --> M:\CB_IN
11.04.2016 11:28:10	Copy d:\CB_IN\a1106960_002.epd --> M:\CB_IN
11.04.2016 11:28:10	Copy d:\CB_IN\a1106960_017.epd --> M:\CB_IN
11.04.2016 11:28:11	Copy d:\CB_IN\a1106960_018.epd --> M:\CB_IN
11.04.2016 11:28:11	Copy d:\CB_IN\a1106960_019.esd --> M:\CB_IN
11.04.2016 11:28:12	Copy d:\CB_IN\a1106960_020.esd --> M:\CB_IN
11.04.2016 11:28:12	Copy d:\CB_IN\a1106960_021.epd --> M:\CB_IN
11.04.2016 11:28:13	Copy d:\CB_IN\a1106960_022.esd --> M:\CB_IN
11.04.2016 11:28:13	Copy d:\CB_IN\a1106960_023.esd --> M:\CB_IN
11.04.2016 11:28:13	Copy d:\CB_IN\a1106960_024.epd --> M:\CB_IN
11.04.2016 11:28:14	Copy d:\CB_IN\a1106960_025.esd --> M:\CB_IN
11.04.2016 11:28:14	Copy d:\CB_IN\a1106960_026.esd --> M:\CB_IN
11.04.2016 11:28:14	Скопировано 12 файлов
11.04.2016 11:28:14	Delete d:\CB_IN\a1106960_016.esd
11.04.2016 11:28:14	Delete d:\CB_IN\a1106960_002.epd
11.04.2016 11:28:14	Delete d:\CB_IN\a1106960_017.epd
11.04.2016 11:28:15	Delete d:\CB_IN\a1106960_018.epd
11.04.2016 11:28:15	Delete d:\CB_IN\a1106960_019.esd
11.04.2016 11:28:15	Delete d:\CB_IN\a1106960_020.esd
11.04.2016 11:28:15	Delete d:\CB_IN\a1106960_021.epd
11.04.2016 11:28:15	Delete d:\CB_IN\a1106960_022.esd
11.04.2016 11:28:15	Delete d:\CB_IN\a1106960_023.esd
11.04.2016 11:28:15	Delete d:\CB_IN\a1106960_024.epd
11.04.2016 11:28:16	Delete d:\CB_IN\a1106960_025.esd
11.04.2016 11:28:16	Delete d:\CB_IN\a1106960_026.esd
11.04.2016 11:28:16	Удалено 12 файлов
11.04.2016 11:49:38	Copy d:\CB_IN\a1106960_027.esd --> M:\CB_IN
11.04.2016 11:49:38	Copy d:\CB_IN\a1106960_028.epd --> M:\CB_IN
11.04.2016 11:49:38	Скопировано 2 файлов
11.04.2016 11:49:38	Delete d:\CB_IN\a1106960_027.esd
11.04.2016 11:49:38	Delete d:\CB_IN\a1106960_028.epd
11.04.2016 11:49:38	Удалено 2 файлов
11.04.2016 12:14:36	Copy d:\CB_IN\a1106960_029.epd --> M:\CB_IN
11.04.2016 12:14:37	Copy d:\CB_IN\a1106960_030.esd --> M:\CB_IN
11.04.2016 12:14:37	Copy d:\CB_IN\a1106960_031.esd --> M:\CB_IN
11.04.2016 12:14:38	Copy d:\CB_IN\a1106960_032.esd --> M:\CB_IN
11.04.2016 12:14:38	Скопировано 4 файлов
11.04.2016 12:14:38	Delete d:\CB_IN\a1106960_029.epd
11.04.2016 12:14:38	Delete d:\CB_IN\a1106960_030.esd
11.04.2016 12:14:38	Delete d:\CB_IN\a1106960_031.esd
11.04.2016 12:14:38	Delete d:\CB_IN\a1106960_032.esd
11.04.2016 12:14:38	Удалено 4 файлов
11.04.2016 12:42:49	Copy d:\CB_IN\a1106960_033.epd --> M:\CB_IN
11.04.2016 12:42:49	Copy d:\CB_IN\a1106960_034.esd --> M:\CB_IN
11.04.2016 12:42:49	Copy d:\CB_IN\a1106960_035.esd --> M:\CB_IN
11.04.2016 12:42:50	Copy d:\CB_IN\a1106960_036.esd --> M:\CB_IN
11.04.2016 12:42:50	Copy d:\CB_IN\a1106960_037.epd --> M:\CB_IN
11.04.2016 12:42:51	Copy d:\CB_IN\a1106960_038.esd --> M:\CB_IN
11.04.2016 12:42:51	Copy d:\CB_IN\a1106960_039.esd --> M:\CB_IN
11.04.2016 12:42:51	Скопировано 7 файлов
11.04.2016 12:42:51	Delete d:\CB_IN\a1106960_033.epd
11.04.2016 12:42:51	Delete d:\CB_IN\a1106960_034.esd
11.04.2016 12:42:51	Delete d:\CB_IN\a1106960_035.esd
11.04.2016 12:42:52	Delete d:\CB_IN\a1106960_036.esd
11.04.2016 12:42:52	Delete d:\CB_IN\a1106960_037.epd
11.04.2016 12:42:52	Delete d:\CB_IN\a1106960_038.esd
11.04.2016 12:42:52	Delete d:\CB_IN\a1106960_039.esd
11.04.2016 12:42:52	Удалено 7 файлов
