25.03.2016 10:00:48	Copy d:\CB_IN\a2506960_001.esd --> M:\CB_IN
25.03.2016 10:00:49	Copy d:\CB_IN\a2506960_002.esd --> M:\CB_IN
25.03.2016 10:00:49	Copy d:\CB_IN\a2506960_003.epd --> M:\CB_IN
25.03.2016 10:00:49	Copy d:\CB_IN\a2506960_004.esd --> M:\CB_IN
25.03.2016 10:00:50	Copy d:\CB_IN\a2506960_005.esd --> M:\CB_IN
25.03.2016 10:00:50	Copy d:\CB_IN\a2506960_006.epd --> M:\CB_IN
25.03.2016 10:00:51	Copy d:\CB_IN\a2506960_007.esd --> M:\CB_IN
25.03.2016 10:00:51	Скопировано 7 файлов
25.03.2016 10:00:51	Delete d:\CB_IN\a2506960_001.esd
25.03.2016 10:00:53	Delete d:\CB_IN\a2506960_002.esd
25.03.2016 10:00:53	Delete d:\CB_IN\a2506960_003.epd
25.03.2016 10:00:53	Delete d:\CB_IN\a2506960_004.esd
25.03.2016 10:00:53	Delete d:\CB_IN\a2506960_005.esd
25.03.2016 10:00:53	Delete d:\CB_IN\a2506960_006.epd
25.03.2016 10:00:53	Delete d:\CB_IN\a2506960_007.esd
25.03.2016 10:00:53	Удалено 7 файлов
25.03.2016 10:13:57	Copy d:\CB_IN\a2506960_008.epd --> M:\CB_IN
25.03.2016 10:13:57	Copy d:\CB_IN\a2506960_009.esd --> M:\CB_IN
25.03.2016 10:13:57	Copy d:\CB_IN\a2506960_010.esd --> M:\CB_IN
25.03.2016 10:13:58	Copy d:\CB_IN\a2506960_011.epd --> M:\CB_IN
25.03.2016 10:13:58	Copy d:\CB_IN\a2506960_012.esd --> M:\CB_IN
25.03.2016 10:13:58	Copy d:\CB_IN\a2506960_013.esd --> M:\CB_IN
25.03.2016 10:13:58	Скопировано 6 файлов
25.03.2016 10:13:59	Delete d:\CB_IN\a2506960_008.epd
25.03.2016 10:14:00	Delete d:\CB_IN\a2506960_009.esd
25.03.2016 10:14:00	Delete d:\CB_IN\a2506960_010.esd
25.03.2016 10:14:00	Delete d:\CB_IN\a2506960_011.epd
25.03.2016 10:14:00	Delete d:\CB_IN\a2506960_012.esd
25.03.2016 10:14:00	Delete d:\CB_IN\a2506960_013.esd
25.03.2016 10:14:00	Удалено 6 файлов
25.03.2016 10:20:28	Copy d:\CB_IN\a2506960_014.esd --> M:\CB_IN
25.03.2016 10:20:28	Copy d:\CB_IN\a2506960_015.esd --> M:\CB_IN
25.03.2016 10:20:28	Скопировано 2 файлов
25.03.2016 10:20:28	Delete d:\CB_IN\a2506960_014.esd
25.03.2016 10:20:28	Delete d:\CB_IN\a2506960_015.esd
25.03.2016 10:20:28	Удалено 2 файлов
25.03.2016 10:27:42	Copy d:\CB_IN\a2506960_016.esd --> M:\CB_IN
25.03.2016 10:27:42	Copy d:\CB_IN\a2506960_017.epd --> M:\CB_IN
25.03.2016 10:27:43	Copy d:\CB_IN\a2506960_018.esd --> M:\CB_IN
25.03.2016 10:27:43	Copy d:\CB_IN\a2506960_019.esd --> M:\CB_IN
25.03.2016 10:27:43	Скопировано 4 файлов
25.03.2016 10:27:43	Delete d:\CB_IN\a2506960_016.esd
25.03.2016 10:27:43	Delete d:\CB_IN\a2506960_017.epd
25.03.2016 10:27:43	Delete d:\CB_IN\a2506960_018.esd
25.03.2016 10:27:43	Delete d:\CB_IN\a2506960_019.esd
25.03.2016 10:27:43	Удалено 4 файлов
25.03.2016 10:47:43	Copy d:\CB_IN\a2506960_020.esd --> M:\CB_IN
25.03.2016 10:47:43	Copy d:\CB_IN\a2506960_021.epd --> M:\CB_IN
25.03.2016 10:47:44	Copy d:\CB_IN\a2506960_022.esd --> M:\CB_IN
25.03.2016 10:47:44	Copy d:\CB_IN\a2506960_023.esd --> M:\CB_IN
25.03.2016 10:47:44	Скопировано 4 файлов
25.03.2016 10:47:44	Delete d:\CB_IN\a2506960_020.esd
25.03.2016 10:47:44	Delete d:\CB_IN\a2506960_021.epd
25.03.2016 10:47:44	Delete d:\CB_IN\a2506960_022.esd
25.03.2016 10:47:44	Delete d:\CB_IN\a2506960_023.esd
25.03.2016 10:47:44	Удалено 4 файлов
25.03.2016 11:41:00	Copy d:\CB_IN\a2506960_024.esd --> M:\CB_IN
25.03.2016 11:41:00	Copy d:\CB_IN\a2506960_025.epd --> M:\CB_IN
25.03.2016 11:41:01	Copy d:\CB_IN\a2506960_026.epd --> M:\CB_IN
25.03.2016 11:41:01	Copy d:\CB_IN\a2506960_027.esd --> M:\CB_IN
25.03.2016 11:41:02	Copy d:\CB_IN\a2506960_028.epd --> M:\CB_IN
25.03.2016 11:41:02	Copy d:\CB_IN\a2506960_029.esd --> M:\CB_IN
25.03.2016 11:41:02	Copy d:\CB_IN\a2506960_030.esd --> M:\CB_IN
25.03.2016 11:41:03	Copy d:\CB_IN\a2506960_031.epd --> M:\CB_IN
25.03.2016 11:41:03	Copy d:\CB_IN\a2506960_032.esd --> M:\CB_IN
25.03.2016 11:41:03	Copy d:\CB_IN\a2506960_033.esd --> M:\CB_IN
25.03.2016 11:41:03	Скопировано 10 файлов
25.03.2016 11:41:03	Error copy d:\CB_IN\a2506960_024.esd
25.03.2016 11:41:04	Delete d:\CB_IN\a2506960_025.epd
25.03.2016 11:41:04	Delete d:\CB_IN\a2506960_026.epd
25.03.2016 11:41:04	Delete d:\CB_IN\a2506960_027.esd
25.03.2016 11:41:04	Delete d:\CB_IN\a2506960_028.epd
25.03.2016 11:41:04	Delete d:\CB_IN\a2506960_029.esd
25.03.2016 11:41:04	Delete d:\CB_IN\a2506960_030.esd
25.03.2016 11:41:04	Delete d:\CB_IN\a2506960_031.epd
25.03.2016 11:41:04	Delete d:\CB_IN\a2506960_032.esd
25.03.2016 11:41:05	Delete d:\CB_IN\a2506960_033.esd
25.03.2016 11:41:05	Удалено 9 файлов
25.03.2016 12:01:10	Copy d:\CB_IN\a2506960_024.esd --> M:\CB_IN
25.03.2016 12:01:11	Copy d:\CB_IN\a2506960_034.epd --> M:\CB_IN
25.03.2016 12:01:11	Copy d:\CB_IN\a2506960_035.esd --> M:\CB_IN
25.03.2016 12:01:11	Copy d:\CB_IN\a2506960_036.esd --> M:\CB_IN
25.03.2016 12:01:12	Copy d:\CB_IN\a2506960_037.esd --> M:\CB_IN
25.03.2016 12:01:12	Copy d:\CB_IN\a2506960_038.epd --> M:\CB_IN
25.03.2016 12:01:13	Copy d:\CB_IN\a2506960_039.esd --> M:\CB_IN
25.03.2016 12:01:13	Скопировано 7 файлов
25.03.2016 12:01:13	Delete d:\CB_IN\a2506960_024.esd
25.03.2016 12:01:13	Delete d:\CB_IN\a2506960_034.epd
25.03.2016 12:01:13	Delete d:\CB_IN\a2506960_035.esd
25.03.2016 12:01:13	Delete d:\CB_IN\a2506960_036.esd
25.03.2016 12:01:13	Delete d:\CB_IN\a2506960_037.esd
25.03.2016 12:01:13	Delete d:\CB_IN\a2506960_038.epd
25.03.2016 12:01:13	Delete d:\CB_IN\a2506960_039.esd
25.03.2016 12:01:13	Удалено 7 файлов
25.03.2016 13:39:00	Copy d:\CB_IN\a2506960_043.esd --> M:\CB_IN
25.03.2016 13:39:01	Copy d:\CB_IN\a2506960_044.epd --> M:\CB_IN
25.03.2016 13:39:01	Copy d:\CB_IN\a2506960_045.epd --> M:\CB_IN
25.03.2016 13:39:02	Copy d:\CB_IN\a2506960_046.esd --> M:\CB_IN
25.03.2016 13:39:02	Copy d:\CB_IN\a2506960_047.esd --> M:\CB_IN
25.03.2016 13:39:02	Copy d:\CB_IN\a2506960_048.epd --> M:\CB_IN
25.03.2016 13:39:03	Copy d:\CB_IN\a2506960_049.esd --> M:\CB_IN
25.03.2016 13:39:03	Copy d:\CB_IN\a2506960_050.epd --> M:\CB_IN
25.03.2016 13:39:04	Copy d:\CB_IN\a2506960_051.esd --> M:\CB_IN
25.03.2016 13:39:04	Copy d:\CB_IN\a2506960_052.esd --> M:\CB_IN
25.03.2016 13:39:05	Copy d:\CB_IN\a2506960_053.epd --> M:\CB_IN
25.03.2016 13:39:05	Copy d:\CB_IN\a2506960_054.esd --> M:\CB_IN
25.03.2016 13:39:05	Copy d:\CB_IN\a2506960_055.esd --> M:\CB_IN
25.03.2016 13:39:06	Copy d:\CB_IN\a2506960_040.epd --> M:\CB_IN
25.03.2016 13:39:06	Copy d:\CB_IN\a2506960_041.esd --> M:\CB_IN
25.03.2016 13:39:07	Copy d:\CB_IN\a2506960_042.esd --> M:\CB_IN
25.03.2016 13:39:07	Скопировано 16 файлов
25.03.2016 13:39:07	Error copy d:\CB_IN\a2506960_043.esd
25.03.2016 13:39:07	Error copy d:\CB_IN\a2506960_044.epd
25.03.2016 13:39:07	Delete d:\CB_IN\a2506960_045.epd
25.03.2016 13:39:07	Delete d:\CB_IN\a2506960_046.esd
25.03.2016 13:39:07	Delete d:\CB_IN\a2506960_047.esd
25.03.2016 13:39:07	Delete d:\CB_IN\a2506960_048.epd
25.03.2016 13:39:07	Delete d:\CB_IN\a2506960_049.esd
25.03.2016 13:39:07	Delete d:\CB_IN\a2506960_050.epd
25.03.2016 13:39:08	Delete d:\CB_IN\a2506960_051.esd
25.03.2016 13:39:08	Delete d:\CB_IN\a2506960_052.esd
25.03.2016 13:39:08	Delete d:\CB_IN\a2506960_053.epd
25.03.2016 13:39:08	Delete d:\CB_IN\a2506960_054.esd
25.03.2016 13:39:08	Delete d:\CB_IN\a2506960_055.esd
25.03.2016 13:39:09	Delete d:\CB_IN\a2506960_040.epd
25.03.2016 13:39:09	Delete d:\CB_IN\a2506960_041.esd
25.03.2016 13:39:09	Delete d:\CB_IN\a2506960_042.esd
25.03.2016 13:39:09	Удалено 14 файлов
25.03.2016 13:59:51	Copy d:\CB_IN\a2506960_043.esd --> M:\CB_IN
25.03.2016 13:59:52	Copy d:\CB_IN\a2506960_044.epd --> M:\CB_IN
25.03.2016 13:59:52	Copy d:\CB_IN\a2506960_056.esd --> M:\CB_IN
25.03.2016 13:59:53	Copy d:\CB_IN\a2506960_057.esd --> M:\CB_IN
25.03.2016 13:59:53	Скопировано 4 файлов
25.03.2016 13:59:53	Delete d:\CB_IN\a2506960_043.esd
25.03.2016 13:59:53	Delete d:\CB_IN\a2506960_044.epd
25.03.2016 13:59:53	Delete d:\CB_IN\a2506960_056.esd
25.03.2016 13:59:53	Delete d:\CB_IN\a2506960_057.esd
25.03.2016 13:59:53	Удалено 4 файлов
25.03.2016 14:36:50	Copy d:\CB_IN\a2506960_058.esd --> M:\CB_IN
25.03.2016 14:36:50	Copy d:\CB_IN\a2506960_059.epd --> M:\CB_IN
25.03.2016 14:36:51	Copy d:\CB_IN\a2506960_060.epd --> M:\CB_IN
25.03.2016 14:36:51	Copy d:\CB_IN\a2506960_061.esd --> M:\CB_IN
25.03.2016 14:36:51	Скопировано 4 файлов
25.03.2016 14:36:51	Error copy d:\CB_IN\a2506960_058.esd
25.03.2016 14:36:51	Delete d:\CB_IN\a2506960_059.epd
25.03.2016 14:36:51	Delete d:\CB_IN\a2506960_060.epd
25.03.2016 14:36:51	Delete d:\CB_IN\a2506960_061.esd
25.03.2016 14:36:51	Удалено 3 файлов
25.03.2016 14:39:09	Copy d:\CB_IN\a2506960_058.esd --> M:\CB_IN
25.03.2016 14:39:09	Скопировано 1 файлов
25.03.2016 14:39:09	Delete d:\CB_IN\a2506960_058.esd
25.03.2016 14:39:09	Удалено 1 файлов
25.03.2016 14:56:51	Copy d:\CB_IN\a2506960_062.esd --> M:\CB_IN
25.03.2016 14:56:52	Copy d:\CB_IN\a2506960_063.epd --> M:\CB_IN
25.03.2016 14:56:52	Copy d:\CB_IN\a2506960_064.esd --> M:\CB_IN
25.03.2016 14:56:52	Copy d:\CB_IN\a2506960_065.epd --> M:\CB_IN
25.03.2016 14:56:53	Copy d:\CB_IN\a2506960_066.esd --> M:\CB_IN
25.03.2016 14:56:53	Copy d:\CB_IN\a2506960_067.esd --> M:\CB_IN
25.03.2016 14:56:53	Скопировано 6 файлов
25.03.2016 14:56:53	Delete d:\CB_IN\a2506960_062.esd
25.03.2016 14:56:53	Delete d:\CB_IN\a2506960_063.epd
25.03.2016 14:56:53	Delete d:\CB_IN\a2506960_064.esd
25.03.2016 14:56:53	Delete d:\CB_IN\a2506960_065.epd
25.03.2016 14:56:54	Delete d:\CB_IN\a2506960_066.esd
25.03.2016 14:56:54	Delete d:\CB_IN\a2506960_067.esd
25.03.2016 14:56:54	Удалено 6 файлов
25.03.2016 15:17:15	Copy d:\CB_IN\a2506960_068.epd --> M:\CB_IN
25.03.2016 15:17:15	Copy d:\CB_IN\a2506960_069.esd --> M:\CB_IN
25.03.2016 15:17:15	Copy d:\CB_IN\a2506960_070.esd --> M:\CB_IN
25.03.2016 15:17:16	Copy d:\CB_IN\a2506960_071.esd --> M:\CB_IN
25.03.2016 15:17:16	Скопировано 4 файлов
25.03.2016 15:17:16	Delete d:\CB_IN\a2506960_068.epd
25.03.2016 15:17:16	Delete d:\CB_IN\a2506960_069.esd
25.03.2016 15:17:16	Delete d:\CB_IN\a2506960_070.esd
25.03.2016 15:17:16	Delete d:\CB_IN\a2506960_071.esd
25.03.2016 15:17:16	Удалено 4 файлов
25.03.2016 15:26:29	Copy d:\CB_IN\a2506960_072.esd --> M:\CB_IN
25.03.2016 15:26:29	Copy d:\CB_IN\a2506960_073.epd --> M:\CB_IN
25.03.2016 15:26:30	Copy d:\CB_IN\a2506960_074.esd --> M:\CB_IN
25.03.2016 15:26:30	Copy d:\CB_IN\a2506960_075.esd --> M:\CB_IN
25.03.2016 15:26:30	Скопировано 4 файлов
25.03.2016 15:26:30	Delete d:\CB_IN\a2506960_072.esd
25.03.2016 15:26:30	Delete d:\CB_IN\a2506960_073.epd
25.03.2016 15:26:30	Delete d:\CB_IN\a2506960_074.esd
25.03.2016 15:26:30	Delete d:\CB_IN\a2506960_075.esd
25.03.2016 15:26:30	Удалено 4 файлов
25.03.2016 15:39:50	Copy d:\CB_IN\a2506960_076.epd --> M:\CB_IN
25.03.2016 15:39:51	Copy d:\CB_IN\a2506960_077.esd --> M:\CB_IN
25.03.2016 15:39:51	Скопировано 2 файлов
25.03.2016 15:39:51	Delete d:\CB_IN\a2506960_076.epd
25.03.2016 15:39:51	Delete d:\CB_IN\a2506960_077.esd
25.03.2016 15:39:51	Удалено 2 файлов
25.03.2016 16:07:28	Copy d:\CB_IN\a2506960_078.esd --> M:\CB_IN
25.03.2016 16:07:28	Copy d:\CB_IN\a2506960_079.epd --> M:\CB_IN
25.03.2016 16:07:29	Copy d:\CB_IN\a2506960_080.esd --> M:\CB_IN
25.03.2016 16:07:29	Copy d:\CB_IN\a2506960_081.esd --> M:\CB_IN
25.03.2016 16:07:29	Copy d:\CB_IN\a2506960_082.epd --> M:\CB_IN
25.03.2016 16:07:30	Copy d:\CB_IN\a2506960_083.esd --> M:\CB_IN
25.03.2016 16:07:30	Скопировано 6 файлов
25.03.2016 16:07:30	Delete d:\CB_IN\a2506960_078.esd
25.03.2016 16:07:30	Delete d:\CB_IN\a2506960_079.epd
25.03.2016 16:07:30	Delete d:\CB_IN\a2506960_080.esd
25.03.2016 16:07:30	Delete d:\CB_IN\a2506960_081.esd
25.03.2016 16:07:30	Delete d:\CB_IN\a2506960_082.epd
25.03.2016 16:07:30	Delete d:\CB_IN\a2506960_083.esd
25.03.2016 16:07:30	Удалено 6 файлов
25.03.2016 16:36:29	Copy d:\CB_IN\a2506960_084.esd --> M:\CB_IN
25.03.2016 16:36:30	Copy d:\CB_IN\a2506960_085.epd --> M:\CB_IN
25.03.2016 16:36:30	Copy d:\CB_IN\a2506960_086.esd --> M:\CB_IN
25.03.2016 16:36:31	Copy d:\CB_IN\a2506960_087.esd --> M:\CB_IN
25.03.2016 16:36:31	Copy d:\CB_IN\a2506960_088.esd --> M:\CB_IN
25.03.2016 16:36:31	Скопировано 5 файлов
25.03.2016 16:36:31	Delete d:\CB_IN\a2506960_084.esd
25.03.2016 16:36:31	Delete d:\CB_IN\a2506960_085.epd
25.03.2016 16:36:31	Delete d:\CB_IN\a2506960_086.esd
25.03.2016 16:36:31	Delete d:\CB_IN\a2506960_087.esd
25.03.2016 16:36:31	Delete d:\CB_IN\a2506960_088.esd
25.03.2016 16:36:31	Удалено 5 файлов
25.03.2016 16:49:57	Copy d:\CB_IN\a2506960_089.esd --> M:\CB_IN
25.03.2016 16:49:58	Copy d:\CB_IN\a2506960_090.epd --> M:\CB_IN
25.03.2016 16:49:58	Copy d:\CB_IN\a2506960_091.esd --> M:\CB_IN
25.03.2016 16:49:59	Copy d:\CB_IN\a2506960_092.esd --> M:\CB_IN
25.03.2016 16:49:59	Скопировано 4 файлов
25.03.2016 16:49:59	Delete d:\CB_IN\a2506960_089.esd
25.03.2016 16:49:59	Delete d:\CB_IN\a2506960_090.epd
25.03.2016 16:49:59	Delete d:\CB_IN\a2506960_091.esd
25.03.2016 16:49:59	Delete d:\CB_IN\a2506960_092.esd
25.03.2016 16:49:59	Удалено 4 файлов
25.03.2016 17:15:58	Copy d:\CB_IN\a2506960_093.epd --> M:\CB_IN
25.03.2016 17:15:58	Copy d:\CB_IN\a2506960_094.esd --> M:\CB_IN
25.03.2016 17:15:59	Copy d:\CB_IN\a2506960_095.esd --> M:\CB_IN
25.03.2016 17:15:59	Copy d:\CB_IN\a2506960_096.esd --> M:\CB_IN
25.03.2016 17:15:59	Скопировано 4 файлов
25.03.2016 17:15:59	Delete d:\CB_IN\a2506960_093.epd
25.03.2016 17:15:59	Delete d:\CB_IN\a2506960_094.esd
25.03.2016 17:15:59	Delete d:\CB_IN\a2506960_095.esd
25.03.2016 17:15:59	Delete d:\CB_IN\a2506960_096.esd
25.03.2016 17:15:59	Удалено 4 файлов
25.03.2016 17:25:38	Copy d:\CB_IN\a2506960_097.epd --> M:\CB_IN
25.03.2016 17:25:38	Copy d:\CB_IN\a2506960_098.esd --> M:\CB_IN
25.03.2016 17:25:38	Скопировано 2 файлов
25.03.2016 17:25:38	Delete d:\CB_IN\a2506960_097.epd
25.03.2016 17:25:39	Delete d:\CB_IN\a2506960_098.esd
25.03.2016 17:25:39	Удалено 2 файлов
