28.03.2016 09:30:55	Copy d:\CB_IN\a2806960_001.esd --> M:\CB_IN
28.03.2016 09:30:56	Copy d:\CB_IN\a2806960_002.esd --> M:\CB_IN
28.03.2016 09:30:56	Copy d:\CB_IN\a2806960_003.esd --> M:\CB_IN
28.03.2016 09:30:57	Copy d:\CB_IN\a2806960_004.epd --> M:\CB_IN
28.03.2016 09:30:57	Скопировано 4 файлов
28.03.2016 09:30:57	Delete d:\CB_IN\a2806960_001.esd
28.03.2016 09:30:57	Delete d:\CB_IN\a2806960_002.esd
28.03.2016 09:30:57	Delete d:\CB_IN\a2806960_003.esd
28.03.2016 09:30:57	Delete d:\CB_IN\a2806960_004.epd
28.03.2016 09:30:57	Удалено 4 файлов
28.03.2016 09:47:57	Copy d:\CB_IN\a2806960_005.esd --> M:\CB_IN
28.03.2016 09:47:58	Copy d:\CB_IN\a2806960_006.epd --> M:\CB_IN
28.03.2016 09:47:58	Copy d:\CB_IN\a2806960_007.esd --> M:\CB_IN
28.03.2016 09:47:59	Copy d:\CB_IN\a2806960_008.esd --> M:\CB_IN
28.03.2016 09:47:59	Скопировано 4 файлов
28.03.2016 09:47:59	Delete d:\CB_IN\a2806960_005.esd
28.03.2016 09:47:59	Delete d:\CB_IN\a2806960_006.epd
28.03.2016 09:47:59	Delete d:\CB_IN\a2806960_007.esd
28.03.2016 09:47:59	Delete d:\CB_IN\a2806960_008.esd
28.03.2016 09:47:59	Удалено 4 файлов
28.03.2016 09:53:45	Copy d:\CB_IN\a2806960_009.esd --> M:\CB_IN
28.03.2016 09:53:46	Copy d:\CB_IN\a2806960_010.esd --> M:\CB_IN
28.03.2016 09:53:46	Скопировано 2 файлов
28.03.2016 09:53:46	Error copy d:\CB_IN\a2806960_009.esd
28.03.2016 09:53:46	Delete d:\CB_IN\a2806960_010.esd
28.03.2016 09:53:46	Удалено 1 файлов
28.03.2016 10:53:11	Copy d:\CB_IN\a2806960_009.esd --> M:\CB_IN
28.03.2016 10:53:11	Copy d:\CB_IN\a2806960_011.epd --> M:\CB_IN
28.03.2016 10:53:11	Copy d:\CB_IN\a2806960_012.esd --> M:\CB_IN
28.03.2016 10:53:12	Copy d:\CB_IN\a2806960_013.epd --> M:\CB_IN
28.03.2016 10:53:12	Copy d:\CB_IN\a2806960_014.esd --> M:\CB_IN
28.03.2016 10:53:12	Copy d:\CB_IN\a2806960_015.epd --> M:\CB_IN
28.03.2016 10:53:13	Copy d:\CB_IN\a2806960_016.esd --> M:\CB_IN
28.03.2016 10:53:13	Copy d:\CB_IN\a2806960_017.esd --> M:\CB_IN
28.03.2016 10:53:13	Скопировано 8 файлов
28.03.2016 10:53:13	Delete d:\CB_IN\a2806960_009.esd
28.03.2016 10:53:13	Error copy d:\CB_IN\a2806960_011.epd
28.03.2016 10:53:13	Delete d:\CB_IN\a2806960_012.esd
28.03.2016 10:53:14	Delete d:\CB_IN\a2806960_013.epd
28.03.2016 10:53:14	Delete d:\CB_IN\a2806960_014.esd
28.03.2016 10:53:14	Delete d:\CB_IN\a2806960_015.epd
28.03.2016 10:53:14	Delete d:\CB_IN\a2806960_016.esd
28.03.2016 10:53:14	Delete d:\CB_IN\a2806960_017.esd
28.03.2016 10:53:14	Удалено 7 файлов
28.03.2016 11:05:23	Copy d:\CB_IN\a2806960_011.epd --> M:\CB_IN
28.03.2016 11:05:23	Скопировано 1 файлов
28.03.2016 11:05:23	Delete d:\CB_IN\a2806960_011.epd
28.03.2016 11:05:23	Удалено 1 файлов
28.03.2016 11:11:36	Copy d:\CB_IN\a2806960_018.esd --> M:\CB_IN
28.03.2016 11:11:36	Copy d:\CB_IN\a2806960_019.epd --> M:\CB_IN
28.03.2016 11:11:37	Copy d:\CB_IN\a2806960_020.esd --> M:\CB_IN
28.03.2016 11:11:37	Copy d:\CB_IN\a2806960_021.esd --> M:\CB_IN
28.03.2016 11:11:38	Copy d:\CB_IN\a2806960_022.esd --> M:\CB_IN
28.03.2016 11:11:38	Скопировано 5 файлов
28.03.2016 11:11:38	Error copy d:\CB_IN\a2806960_018.esd
28.03.2016 11:11:38	Delete d:\CB_IN\a2806960_019.epd
28.03.2016 11:11:38	Delete d:\CB_IN\a2806960_020.esd
28.03.2016 11:11:38	Delete d:\CB_IN\a2806960_021.esd
28.03.2016 11:11:38	Delete d:\CB_IN\a2806960_022.esd
28.03.2016 11:11:38	Удалено 4 файлов
28.03.2016 11:12:01	Copy d:\CB_IN\a2806960_018.esd --> M:\CB_IN
28.03.2016 11:12:01	Скопировано 1 файлов
28.03.2016 11:12:01	Delete d:\CB_IN\a2806960_018.esd
28.03.2016 11:12:01	Удалено 1 файлов
28.03.2016 11:20:04	Copy d:\CB_IN\a2806960_023.esd --> M:\CB_IN
28.03.2016 11:20:05	Copy d:\CB_IN\a2806960_024.esd --> M:\CB_IN
28.03.2016 11:20:05	Copy d:\CB_IN\a2806960_025.epd --> M:\CB_IN
28.03.2016 11:20:05	Copy d:\CB_IN\a2806960_026.esd --> M:\CB_IN
28.03.2016 11:20:06	Copy d:\CB_IN\a2806960_027.esd --> M:\CB_IN
28.03.2016 11:20:06	Copy d:\CB_IN\a2806960_028.esd --> M:\CB_IN
28.03.2016 11:20:06	Скопировано 6 файлов
28.03.2016 11:20:06	Error copy d:\CB_IN\a2806960_023.esd
28.03.2016 11:20:06	Delete d:\CB_IN\a2806960_024.esd
28.03.2016 11:20:06	Delete d:\CB_IN\a2806960_025.epd
28.03.2016 11:20:07	Delete d:\CB_IN\a2806960_026.esd
28.03.2016 11:20:07	Delete d:\CB_IN\a2806960_027.esd
28.03.2016 11:20:07	Delete d:\CB_IN\a2806960_028.esd
28.03.2016 11:20:07	Удалено 5 файлов
28.03.2016 11:20:13	Copy d:\CB_IN\a2806960_023.esd --> M:\CB_IN
28.03.2016 11:20:13	Скопировано 1 файлов
28.03.2016 11:20:13	Delete d:\CB_IN\a2806960_023.esd
28.03.2016 11:20:13	Удалено 1 файлов
28.03.2016 11:46:34	Copy d:\CB_IN\a2806960_029.epd --> M:\CB_IN
28.03.2016 11:46:34	Copy d:\CB_IN\a2806960_030.esd --> M:\CB_IN
28.03.2016 11:46:34	Copy d:\CB_IN\a2806960_031.esd --> M:\CB_IN
28.03.2016 11:46:35	Copy d:\CB_IN\a2806960_032.esd --> M:\CB_IN
28.03.2016 11:46:35	Скопировано 4 файлов
28.03.2016 11:46:35	Delete d:\CB_IN\a2806960_029.epd
28.03.2016 11:46:35	Delete d:\CB_IN\a2806960_030.esd
28.03.2016 11:46:35	Delete d:\CB_IN\a2806960_031.esd
28.03.2016 11:46:35	Delete d:\CB_IN\a2806960_032.esd
28.03.2016 11:46:35	Удалено 4 файлов
28.03.2016 12:07:01	Copy d:\CB_IN\a2806960_033.esd --> M:\CB_IN
28.03.2016 12:07:02	Copy d:\CB_IN\a2806960_034.esd --> M:\CB_IN
28.03.2016 12:07:02	Copy d:\CB_IN\a2806960_035.esd --> M:\CB_IN
28.03.2016 12:07:02	Copy d:\CB_IN\a2806960_036.epd --> M:\CB_IN
28.03.2016 12:07:02	Скопировано 4 файлов
28.03.2016 12:07:02	Error copy d:\CB_IN\a2806960_033.esd
28.03.2016 12:07:02	Delete d:\CB_IN\a2806960_034.esd
28.03.2016 12:07:03	Delete d:\CB_IN\a2806960_035.esd
28.03.2016 12:07:03	Delete d:\CB_IN\a2806960_036.epd
28.03.2016 12:07:03	Удалено 3 файлов
28.03.2016 12:07:07	Copy d:\CB_IN\a2806960_033.esd --> M:\CB_IN
28.03.2016 12:07:07	Скопировано 1 файлов
28.03.2016 12:07:07	Delete d:\CB_IN\a2806960_033.esd
28.03.2016 12:07:07	Удалено 1 файлов
28.03.2016 12:35:12	Copy d:\CB_IN\a2806960_037.esd --> M:\CB_IN
28.03.2016 12:35:13	Copy d:\CB_IN\a2806960_038.esd --> M:\CB_IN
28.03.2016 12:35:13	Copy d:\CB_IN\a2806960_039.epd --> M:\CB_IN
28.03.2016 12:35:14	Copy d:\CB_IN\a2806960_040.esd --> M:\CB_IN
28.03.2016 12:35:14	Copy d:\CB_IN\a2806960_041.epd --> M:\CB_IN
28.03.2016 12:35:14	Copy d:\CB_IN\a2806960_042.esd --> M:\CB_IN
28.03.2016 12:35:14	Скопировано 6 файлов
28.03.2016 12:35:14	Error copy d:\CB_IN\a2806960_037.esd
28.03.2016 12:35:14	Delete d:\CB_IN\a2806960_038.esd
28.03.2016 12:35:15	Delete d:\CB_IN\a2806960_039.epd
28.03.2016 12:35:15	Delete d:\CB_IN\a2806960_040.esd
28.03.2016 12:35:15	Delete d:\CB_IN\a2806960_041.epd
28.03.2016 12:35:15	Delete d:\CB_IN\a2806960_042.esd
28.03.2016 12:35:15	Удалено 5 файлов
28.03.2016 12:35:19	Copy d:\CB_IN\a2806960_037.esd --> M:\CB_IN
28.03.2016 12:35:19	Скопировано 1 файлов
28.03.2016 12:35:19	Delete d:\CB_IN\a2806960_037.esd
28.03.2016 12:35:19	Удалено 1 файлов
28.03.2016 12:52:45	Copy d:\CB_IN\a2806960_043.esd --> M:\CB_IN
28.03.2016 12:52:45	Copy d:\CB_IN\a2806960_044.esd --> M:\CB_IN
28.03.2016 12:52:46	Copy d:\CB_IN\a2806960_045.esd --> M:\CB_IN
28.03.2016 12:52:46	Copy d:\CB_IN\a2806960_046.epd --> M:\CB_IN
28.03.2016 12:52:46	Скопировано 4 файлов
28.03.2016 12:52:46	Error copy d:\CB_IN\a2806960_043.esd
28.03.2016 12:52:46	Delete d:\CB_IN\a2806960_044.esd
28.03.2016 12:52:46	Delete d:\CB_IN\a2806960_045.esd
28.03.2016 12:52:47	Delete d:\CB_IN\a2806960_046.epd
28.03.2016 12:52:47	Удалено 3 файлов
28.03.2016 12:52:55	Copy d:\CB_IN\a2806960_043.esd --> M:\CB_IN
28.03.2016 12:52:55	Скопировано 1 файлов
28.03.2016 12:52:55	Delete d:\CB_IN\a2806960_043.esd
28.03.2016 12:52:55	Удалено 1 файлов
28.03.2016 14:06:26	Copy d:\CB_IN\a2806960_047.epd --> M:\CB_IN
28.03.2016 14:06:26	Copy d:\CB_IN\a2806960_048.esd --> M:\CB_IN
28.03.2016 14:06:27	Copy d:\CB_IN\a2806960_049.esd --> M:\CB_IN
28.03.2016 14:06:27	Copy d:\CB_IN\a2806960_050.epd --> M:\CB_IN
28.03.2016 14:06:28	Copy d:\CB_IN\a2806960_051.esd --> M:\CB_IN
28.03.2016 14:06:28	Copy d:\CB_IN\a2806960_052.epd --> M:\CB_IN
28.03.2016 14:06:29	Copy d:\CB_IN\a2806960_053.esd --> M:\CB_IN
28.03.2016 14:06:29	Copy d:\CB_IN\a2806960_054.esd --> M:\CB_IN
28.03.2016 14:06:29	Copy d:\CB_IN\a2806960_055.esd --> M:\CB_IN
28.03.2016 14:06:30	Copy d:\CB_IN\a2806960_056.epd --> M:\CB_IN
28.03.2016 14:06:30	Copy d:\CB_IN\a2806960_057.epd --> M:\CB_IN
28.03.2016 14:06:31	Copy d:\CB_IN\a2806960_058.esd --> M:\CB_IN
28.03.2016 14:06:31	Copy d:\CB_IN\a2806960_059.epd --> M:\CB_IN
28.03.2016 14:06:31	Copy d:\CB_IN\a2806960_060.esd --> M:\CB_IN
28.03.2016 14:06:31	Скопировано 14 файлов
28.03.2016 14:06:31	Error copy d:\CB_IN\a2806960_047.epd
28.03.2016 14:06:32	Delete d:\CB_IN\a2806960_048.esd
28.03.2016 14:06:32	Delete d:\CB_IN\a2806960_049.esd
28.03.2016 14:06:32	Delete d:\CB_IN\a2806960_050.epd
28.03.2016 14:06:32	Delete d:\CB_IN\a2806960_051.esd
28.03.2016 14:06:32	Delete d:\CB_IN\a2806960_052.epd
28.03.2016 14:06:33	Delete d:\CB_IN\a2806960_053.esd
28.03.2016 14:06:33	Delete d:\CB_IN\a2806960_054.esd
28.03.2016 14:06:33	Delete d:\CB_IN\a2806960_055.esd
28.03.2016 14:06:33	Delete d:\CB_IN\a2806960_056.epd
28.03.2016 14:06:33	Delete d:\CB_IN\a2806960_057.epd
28.03.2016 14:06:33	Delete d:\CB_IN\a2806960_058.esd
28.03.2016 14:06:33	Delete d:\CB_IN\a2806960_059.epd
28.03.2016 14:06:34	Delete d:\CB_IN\a2806960_060.esd
28.03.2016 14:06:34	Удалено 13 файлов
28.03.2016 14:06:38	Copy d:\CB_IN\a2806960_047.epd --> M:\CB_IN
28.03.2016 14:06:38	Скопировано 1 файлов
28.03.2016 14:06:38	Delete d:\CB_IN\a2806960_047.epd
28.03.2016 14:06:38	Удалено 1 файлов
28.03.2016 14:26:59	Copy d:\CB_IN\a2806960_061.esd --> M:\CB_IN
28.03.2016 14:26:59	Copy d:\CB_IN\a2806960_062.epd --> M:\CB_IN
28.03.2016 14:27:00	Copy d:\CB_IN\a2806960_063.esd --> M:\CB_IN
28.03.2016 14:27:00	Скопировано 3 файлов
28.03.2016 14:27:00	Delete d:\CB_IN\a2806960_061.esd
28.03.2016 14:27:00	Delete d:\CB_IN\a2806960_062.epd
28.03.2016 14:27:00	Delete d:\CB_IN\a2806960_063.esd
28.03.2016 14:27:00	Удалено 3 файлов
28.03.2016 14:55:45	Copy d:\CB_IN\a2806960_064.esd --> M:\CB_IN
28.03.2016 14:55:46	Copy d:\CB_IN\a2806960_065.epd --> M:\CB_IN
28.03.2016 14:55:46	Copy d:\CB_IN\a2806960_066.esd --> M:\CB_IN
28.03.2016 14:55:46	Скопировано 3 файлов
28.03.2016 14:55:46	Delete d:\CB_IN\a2806960_064.esd
28.03.2016 14:55:46	Delete d:\CB_IN\a2806960_065.epd
28.03.2016 14:55:46	Delete d:\CB_IN\a2806960_066.esd
28.03.2016 14:55:46	Удалено 3 файлов
28.03.2016 15:20:37	Copy d:\CB_IN\a2806960_067.esd --> M:\CB_IN
28.03.2016 15:20:37	Скопировано 1 файлов
28.03.2016 15:20:37	Delete d:\CB_IN\a2806960_067.esd
28.03.2016 15:20:37	Удалено 1 файлов
28.03.2016 15:36:38	Copy d:\CB_IN\a2806960_068.esd --> M:\CB_IN
28.03.2016 15:36:39	Copy d:\CB_IN\a2806960_069.epd --> M:\CB_IN
28.03.2016 15:36:39	Copy d:\CB_IN\a2806960_070.epd --> M:\CB_IN
28.03.2016 15:36:39	Copy d:\CB_IN\a2806960_071.esd --> M:\CB_IN
28.03.2016 15:36:39	Скопировано 4 файлов
28.03.2016 15:36:39	Error copy d:\CB_IN\a2806960_068.esd
28.03.2016 15:36:40	Delete d:\CB_IN\a2806960_069.epd
28.03.2016 15:36:40	Delete d:\CB_IN\a2806960_070.epd
28.03.2016 15:36:40	Delete d:\CB_IN\a2806960_071.esd
28.03.2016 15:36:40	Удалено 3 файлов
28.03.2016 15:54:14	Copy d:\CB_IN\a2806960_068.esd --> M:\CB_IN
28.03.2016 15:54:14	Copy d:\CB_IN\a2806960_072.esd --> M:\CB_IN
28.03.2016 15:54:15	Copy d:\CB_IN\a2806960_073.esd --> M:\CB_IN
28.03.2016 15:54:15	Copy d:\CB_IN\a2806960_074.epd --> M:\CB_IN
28.03.2016 15:54:15	Copy d:\CB_IN\a2806960_075.esd --> M:\CB_IN
28.03.2016 15:54:16	Copy d:\CB_IN\a2806960_076.epd --> M:\CB_IN
28.03.2016 15:54:16	Copy d:\CB_IN\a2806960_077.esd --> M:\CB_IN
28.03.2016 15:54:16	Скопировано 7 файлов
28.03.2016 15:54:16	Error copy d:\CB_IN\a2806960_068.esd
28.03.2016 15:54:16	Delete d:\CB_IN\a2806960_072.esd
28.03.2016 15:54:16	Delete d:\CB_IN\a2806960_073.esd
28.03.2016 15:54:17	Delete d:\CB_IN\a2806960_074.epd
28.03.2016 15:54:17	Delete d:\CB_IN\a2806960_075.esd
28.03.2016 15:54:17	Delete d:\CB_IN\a2806960_076.epd
28.03.2016 15:54:17	Delete d:\CB_IN\a2806960_077.esd
28.03.2016 15:54:17	Удалено 6 файлов
28.03.2016 15:54:23	Copy d:\CB_IN\a2806960_068.esd --> M:\CB_IN
28.03.2016 15:54:23	Скопировано 1 файлов
28.03.2016 15:54:23	Delete d:\CB_IN\a2806960_068.esd
28.03.2016 15:54:23	Удалено 1 файлов
28.03.2016 16:20:35	Copy d:\CB_IN\a2806960_078.esd --> M:\CB_IN
28.03.2016 16:20:36	Copy d:\CB_IN\a2806960_079.epd --> M:\CB_IN
28.03.2016 16:20:36	Copy d:\CB_IN\a2806960_080.esd --> M:\CB_IN
28.03.2016 16:20:37	Copy d:\CB_IN\a2806960_081.esd --> M:\CB_IN
28.03.2016 16:20:37	Copy d:\CB_IN\a2806960_082.esd --> M:\CB_IN
28.03.2016 16:20:37	Copy d:\CB_IN\a2806960_083.epd --> M:\CB_IN
28.03.2016 16:20:38	Copy d:\CB_IN\a2806960_084.esd --> M:\CB_IN
28.03.2016 16:20:38	Copy d:\CB_IN\a2806960_085.epd --> M:\CB_IN
28.03.2016 16:20:39	Copy d:\CB_IN\a2806960_086.esd --> M:\CB_IN
28.03.2016 16:20:39	Copy d:\CB_IN\a2806960_087.epd --> M:\CB_IN
28.03.2016 16:20:39	Copy d:\CB_IN\a2806960_088.esd --> M:\CB_IN
28.03.2016 16:20:40	Copy d:\CB_IN\a2806960_089.esd --> M:\CB_IN
28.03.2016 16:20:40	Copy d:\CB_IN\a2806960_090.esd --> M:\CB_IN
28.03.2016 16:20:41	Copy d:\CB_IN\a2806960_091.esd --> M:\CB_IN
28.03.2016 16:20:41	Скопировано 14 файлов
28.03.2016 16:20:41	Error copy d:\CB_IN\a2806960_078.esd
28.03.2016 16:20:41	Delete d:\CB_IN\a2806960_079.epd
28.03.2016 16:20:41	Delete d:\CB_IN\a2806960_080.esd
28.03.2016 16:20:41	Delete d:\CB_IN\a2806960_081.esd
28.03.2016 16:20:41	Delete d:\CB_IN\a2806960_082.esd
28.03.2016 16:20:41	Delete d:\CB_IN\a2806960_083.epd
28.03.2016 16:20:41	Delete d:\CB_IN\a2806960_084.esd
28.03.2016 16:20:41	Delete d:\CB_IN\a2806960_085.epd
28.03.2016 16:20:42	Delete d:\CB_IN\a2806960_086.esd
28.03.2016 16:20:42	Delete d:\CB_IN\a2806960_087.epd
28.03.2016 16:20:42	Delete d:\CB_IN\a2806960_088.esd
28.03.2016 16:20:42	Delete d:\CB_IN\a2806960_089.esd
28.03.2016 16:20:42	Delete d:\CB_IN\a2806960_090.esd
28.03.2016 16:20:42	Delete d:\CB_IN\a2806960_091.esd
28.03.2016 16:20:42	Удалено 13 файлов
28.03.2016 16:20:59	Copy d:\CB_IN\a2806960_078.esd --> M:\CB_IN
28.03.2016 16:20:59	Скопировано 1 файлов
28.03.2016 16:20:59	Delete d:\CB_IN\a2806960_078.esd
28.03.2016 16:20:59	Удалено 1 файлов
28.03.2016 16:43:50	Copy d:\CB_IN\a2806960_092.epd --> M:\CB_IN
28.03.2016 16:43:50	Copy d:\CB_IN\a2806960_093.esd --> M:\CB_IN
28.03.2016 16:43:50	Скопировано 2 файлов
28.03.2016 16:43:50	Delete d:\CB_IN\a2806960_092.epd
28.03.2016 16:43:50	Delete d:\CB_IN\a2806960_093.esd
28.03.2016 16:43:50	Удалено 2 файлов
28.03.2016 17:02:44	Copy d:\CB_IN\a2806960_094.esd --> M:\CB_IN
28.03.2016 17:02:45	Copy d:\CB_IN\a2806960_095.esd --> M:\CB_IN
28.03.2016 17:02:45	Copy d:\CB_IN\a2806960_096.esd --> M:\CB_IN
28.03.2016 17:02:46	Copy d:\CB_IN\a2806960_097.esd --> M:\CB_IN
28.03.2016 17:02:46	Copy d:\CB_IN\a2806960_098.epd --> M:\CB_IN
28.03.2016 17:02:47	Copy d:\CB_IN\a2806960_099.esd --> M:\CB_IN
28.03.2016 17:02:47	Copy d:\CB_IN\a2806960_100.epd --> M:\CB_IN
28.03.2016 17:02:47	Copy d:\CB_IN\a2806960_101.esd --> M:\CB_IN
28.03.2016 17:02:47	Скопировано 8 файлов
28.03.2016 17:02:47	Delete d:\CB_IN\a2806960_094.esd
28.03.2016 17:02:47	Delete d:\CB_IN\a2806960_095.esd
28.03.2016 17:02:48	Delete d:\CB_IN\a2806960_096.esd
28.03.2016 17:02:48	Delete d:\CB_IN\a2806960_097.esd
28.03.2016 17:02:48	Delete d:\CB_IN\a2806960_098.epd
28.03.2016 17:02:48	Delete d:\CB_IN\a2806960_099.esd
28.03.2016 17:02:48	Delete d:\CB_IN\a2806960_100.epd
28.03.2016 17:02:48	Delete d:\CB_IN\a2806960_101.esd
28.03.2016 17:02:48	Удалено 8 файлов
28.03.2016 17:19:39	Copy d:\CB_IN\a2806960_102.esd --> M:\CB_IN
28.03.2016 17:19:39	Copy d:\CB_IN\a2806960_103.epd --> M:\CB_IN
28.03.2016 17:19:40	Copy d:\CB_IN\a2806960_104.esd --> M:\CB_IN
28.03.2016 17:19:40	Скопировано 3 файлов
28.03.2016 17:19:40	Delete d:\CB_IN\a2806960_102.esd
28.03.2016 17:19:40	Delete d:\CB_IN\a2806960_103.epd
28.03.2016 17:19:40	Delete d:\CB_IN\a2806960_104.esd
28.03.2016 17:19:40	Удалено 3 файлов
28.03.2016 17:30:28	Copy d:\CB_IN\a2806960_105.esd --> M:\CB_IN
28.03.2016 17:30:28	Copy d:\CB_IN\a2806960_106.esd --> M:\CB_IN
28.03.2016 17:30:28	Скопировано 2 файлов
28.03.2016 17:30:28	Delete d:\CB_IN\a2806960_105.esd
28.03.2016 17:30:28	Delete d:\CB_IN\a2806960_106.esd
28.03.2016 17:30:28	Удалено 2 файлов
28.03.2016 17:41:45	Copy d:\CB_IN\a2806960_107.esd --> M:\CB_IN
28.03.2016 17:41:46	Copy d:\CB_IN\a2806960_108.epd --> M:\CB_IN
28.03.2016 17:41:46	Скопировано 2 файлов
28.03.2016 17:41:46	Delete d:\CB_IN\a2806960_107.esd
28.03.2016 17:41:46	Delete d:\CB_IN\a2806960_108.epd
28.03.2016 17:41:46	Удалено 2 файлов
28.03.2016 18:01:55	Copy d:\CB_IN\a2806960_109.epd --> M:\CB_IN
28.03.2016 18:01:55	Copy d:\CB_IN\a2806960_110.esd --> M:\CB_IN
28.03.2016 18:01:55	Скопировано 2 файлов
28.03.2016 18:01:55	Delete d:\CB_IN\a2806960_109.epd
28.03.2016 18:01:55	Delete d:\CB_IN\a2806960_110.esd
28.03.2016 18:01:55	Удалено 2 файлов
28.03.2016 18:10:09	Copy d:\CB_IN\a2806960_111.epd --> M:\CB_IN
28.03.2016 18:10:10	Copy d:\CB_IN\a2806960_112.esd --> M:\CB_IN
28.03.2016 18:10:10	Скопировано 2 файлов
28.03.2016 18:10:10	Delete d:\CB_IN\a2806960_111.epd
28.03.2016 18:10:10	Delete d:\CB_IN\a2806960_112.esd
28.03.2016 18:10:10	Удалено 2 файлов
28.03.2016 18:16:07	Copy d:\CB_IN\a2806960_113.esd --> M:\CB_IN
28.03.2016 18:16:07	Copy d:\CB_IN\a2806960_114.esd --> M:\CB_IN
28.03.2016 18:16:07	Copy d:\CB_IN\a2806960_115.esd --> M:\CB_IN
28.03.2016 18:16:07	Скопировано 3 файлов
28.03.2016 18:16:07	Delete d:\CB_IN\a2806960_113.esd
28.03.2016 18:16:07	Delete d:\CB_IN\a2806960_114.esd
28.03.2016 18:16:08	Delete d:\CB_IN\a2806960_115.esd
28.03.2016 18:16:08	Удалено 3 файлов
