29.03.2016 07:51:17	Copy d:\CB_IN\a2906960_116.epd --> M:\CB_IN
29.03.2016 07:51:18	Copy d:\CB_IN\a2906960_117.esd --> M:\CB_IN
29.03.2016 07:51:18	Copy d:\CB_IN\a2906960_118.esd --> M:\CB_IN
29.03.2016 07:51:19	Copy d:\CB_IN\a2906960_119.epd --> M:\CB_IN
29.03.2016 07:51:19	Copy d:\CB_IN\a2906960_120.esd --> M:\CB_IN
29.03.2016 07:51:19	Copy d:\CB_IN\a2906960_121.epd --> M:\CB_IN
29.03.2016 07:51:20	Copy d:\CB_IN\a2906960_122.esd --> M:\CB_IN
29.03.2016 07:51:20	Copy d:\CB_IN\a2906960_123.epd --> M:\CB_IN
29.03.2016 07:51:21	Copy d:\CB_IN\a2906960_124.esd --> M:\CB_IN
29.03.2016 07:51:21	Copy d:\CB_IN\a2906960_125.esd --> M:\CB_IN
29.03.2016 07:51:21	Copy d:\CB_IN\a2906960_126.epd --> M:\CB_IN
29.03.2016 07:51:22	Copy d:\CB_IN\a2906960_127.esd --> M:\CB_IN
29.03.2016 07:51:22	Copy d:\CB_IN\a2906960_128.epd --> M:\CB_IN
29.03.2016 07:51:22	Copy d:\CB_IN\a2906960_129.esd --> M:\CB_IN
29.03.2016 07:51:23	Copy d:\CB_IN\a2906960_130.esd --> M:\CB_IN
29.03.2016 07:51:23	Copy d:\CB_IN\a2906960_131.epd --> M:\CB_IN
29.03.2016 07:51:24	Copy d:\CB_IN\a2906960_132.esd --> M:\CB_IN
29.03.2016 07:51:24	Copy d:\CB_IN\a2906960_133.epd --> M:\CB_IN
29.03.2016 07:51:24	Copy d:\CB_IN\a2906960_134.esd --> M:\CB_IN
29.03.2016 07:51:25	Copy d:\CB_IN\a2906960_135.epd --> M:\CB_IN
29.03.2016 07:51:25	Copy d:\CB_IN\a2906960_136.esd --> M:\CB_IN
29.03.2016 07:51:25	Copy d:\CB_IN\a2906960_137.epd --> M:\CB_IN
29.03.2016 07:51:26	Copy d:\CB_IN\a2906960_138.esd --> M:\CB_IN
29.03.2016 07:51:26	Copy d:\CB_IN\a2906960_139.esd --> M:\CB_IN
29.03.2016 07:51:27	Copy d:\CB_IN\a2906960_140.epd --> M:\CB_IN
29.03.2016 07:51:27	Copy d:\CB_IN\a2906960_141.esd --> M:\CB_IN
29.03.2016 07:51:27	Copy d:\CB_IN\a2906960_142.epd --> M:\CB_IN
29.03.2016 07:51:28	Copy d:\CB_IN\a2906960_143.esd --> M:\CB_IN
29.03.2016 07:51:28	Copy d:\CB_IN\a2906960_144.epd --> M:\CB_IN
29.03.2016 07:51:28	Copy d:\CB_IN\a2906960_145.esd --> M:\CB_IN
29.03.2016 07:51:29	Copy d:\CB_IN\a2906960_146.esd --> M:\CB_IN
29.03.2016 07:51:29	Copy d:\CB_IN\a2906960_147.esd --> M:\CB_IN
29.03.2016 07:51:30	Copy d:\CB_IN\a2906960_148.esd --> M:\CB_IN
29.03.2016 07:51:31	Copy d:\CB_IN\a2906960_149.esd --> M:\CB_IN
29.03.2016 07:51:31	Скопировано 34 файлов
29.03.2016 07:51:31	Delete d:\CB_IN\a2906960_116.epd
29.03.2016 07:51:31	Delete d:\CB_IN\a2906960_117.esd
29.03.2016 07:51:31	Delete d:\CB_IN\a2906960_118.esd
29.03.2016 07:51:31	Delete d:\CB_IN\a2906960_119.epd
29.03.2016 07:51:31	Delete d:\CB_IN\a2906960_120.esd
29.03.2016 07:51:31	Delete d:\CB_IN\a2906960_121.epd
29.03.2016 07:51:31	Delete d:\CB_IN\a2906960_122.esd
29.03.2016 07:51:32	Delete d:\CB_IN\a2906960_123.epd
29.03.2016 07:51:32	Delete d:\CB_IN\a2906960_124.esd
29.03.2016 07:51:32	Delete d:\CB_IN\a2906960_125.esd
29.03.2016 07:51:32	Delete d:\CB_IN\a2906960_126.epd
29.03.2016 07:51:32	Delete d:\CB_IN\a2906960_127.esd
29.03.2016 07:51:32	Delete d:\CB_IN\a2906960_128.epd
29.03.2016 07:51:32	Delete d:\CB_IN\a2906960_129.esd
29.03.2016 07:51:33	Delete d:\CB_IN\a2906960_130.esd
29.03.2016 07:51:33	Delete d:\CB_IN\a2906960_131.epd
29.03.2016 07:51:33	Delete d:\CB_IN\a2906960_132.esd
29.03.2016 07:51:33	Delete d:\CB_IN\a2906960_133.epd
29.03.2016 07:51:33	Delete d:\CB_IN\a2906960_134.esd
29.03.2016 07:51:33	Delete d:\CB_IN\a2906960_135.epd
29.03.2016 07:51:33	Delete d:\CB_IN\a2906960_136.esd
29.03.2016 07:51:33	Delete d:\CB_IN\a2906960_137.epd
29.03.2016 07:51:34	Delete d:\CB_IN\a2906960_138.esd
29.03.2016 07:51:34	Delete d:\CB_IN\a2906960_139.esd
29.03.2016 07:51:34	Delete d:\CB_IN\a2906960_140.epd
29.03.2016 07:51:34	Delete d:\CB_IN\a2906960_141.esd
29.03.2016 07:51:34	Delete d:\CB_IN\a2906960_142.epd
29.03.2016 07:51:34	Delete d:\CB_IN\a2906960_143.esd
29.03.2016 07:51:34	Delete d:\CB_IN\a2906960_144.epd
29.03.2016 07:51:35	Delete d:\CB_IN\a2906960_145.esd
29.03.2016 07:51:35	Delete d:\CB_IN\a2906960_146.esd
29.03.2016 07:51:35	Delete d:\CB_IN\a2906960_147.esd
29.03.2016 07:51:35	Delete d:\CB_IN\a2906960_148.esd
29.03.2016 07:51:35	Delete d:\CB_IN\a2906960_149.esd
29.03.2016 07:51:35	Удалено 34 файлов
29.03.2016 09:18:14	Copy d:\CB_IN\a2906960_001.esd --> M:\CB_IN
29.03.2016 09:18:14	Copy d:\CB_IN\a2906960_002.esd --> M:\CB_IN
29.03.2016 09:18:15	Copy d:\CB_IN\a2906960_003.epd --> M:\CB_IN
29.03.2016 09:18:15	Copy d:\CB_IN\a2906960_004.esd --> M:\CB_IN
29.03.2016 09:18:16	Copy d:\CB_IN\a2906960_005.esd --> M:\CB_IN
29.03.2016 09:18:16	Скопировано 5 файлов
29.03.2016 09:18:16	Delete d:\CB_IN\a2906960_001.esd
29.03.2016 09:18:16	Delete d:\CB_IN\a2906960_002.esd
29.03.2016 09:18:16	Delete d:\CB_IN\a2906960_003.epd
29.03.2016 09:18:16	Delete d:\CB_IN\a2906960_004.esd
29.03.2016 09:18:16	Delete d:\CB_IN\a2906960_005.esd
29.03.2016 09:18:16	Удалено 5 файлов
29.03.2016 09:51:49	Copy d:\CB_IN\a2906960_006.epd --> M:\CB_IN
29.03.2016 09:51:49	Copy d:\CB_IN\a2906960_007.esd --> M:\CB_IN
29.03.2016 09:51:50	Copy d:\CB_IN\a2906960_008.esd --> M:\CB_IN
29.03.2016 09:51:50	Copy d:\CB_IN\a2906960_009.epd --> M:\CB_IN
29.03.2016 09:51:50	Copy d:\CB_IN\a2906960_010.esd --> M:\CB_IN
29.03.2016 09:51:51	Copy d:\CB_IN\a2906960_011.esd --> M:\CB_IN
29.03.2016 09:51:51	Скопировано 6 файлов
29.03.2016 09:51:51	Delete d:\CB_IN\a2906960_006.epd
29.03.2016 09:51:51	Delete d:\CB_IN\a2906960_007.esd
29.03.2016 09:51:51	Delete d:\CB_IN\a2906960_008.esd
29.03.2016 09:51:51	Delete d:\CB_IN\a2906960_009.epd
29.03.2016 09:51:51	Delete d:\CB_IN\a2906960_010.esd
29.03.2016 09:51:52	Delete d:\CB_IN\a2906960_011.esd
29.03.2016 09:51:52	Удалено 6 файлов
29.03.2016 10:39:12	Copy d:\CB_IN\a2906960_012.epd --> M:\CB_IN
29.03.2016 10:39:13	Copy d:\CB_IN\a2906960_013.esd --> M:\CB_IN
29.03.2016 10:39:13	Copy d:\CB_IN\a2906960_014.epd --> M:\CB_IN
29.03.2016 10:39:14	Copy d:\CB_IN\a2906960_015.esd --> M:\CB_IN
29.03.2016 10:39:14	Copy d:\CB_IN\a2906960_016.esd --> M:\CB_IN
29.03.2016 10:39:14	Copy d:\CB_IN\a2906960_017.epd --> M:\CB_IN
29.03.2016 10:39:15	Copy d:\CB_IN\a2906960_018.esd --> M:\CB_IN
29.03.2016 10:39:15	Copy d:\CB_IN\a2906960_019.esd --> M:\CB_IN
29.03.2016 10:39:15	Скопировано 8 файлов
29.03.2016 10:39:15	Error copy d:\CB_IN\a2906960_012.epd
29.03.2016 10:39:15	Delete d:\CB_IN\a2906960_013.esd
29.03.2016 10:39:15	Delete d:\CB_IN\a2906960_014.epd
29.03.2016 10:39:15	Delete d:\CB_IN\a2906960_015.esd
29.03.2016 10:39:16	Delete d:\CB_IN\a2906960_016.esd
29.03.2016 10:39:16	Delete d:\CB_IN\a2906960_017.epd
29.03.2016 10:39:16	Delete d:\CB_IN\a2906960_018.esd
29.03.2016 10:39:16	Delete d:\CB_IN\a2906960_019.esd
29.03.2016 10:39:16	Удалено 7 файлов
29.03.2016 11:14:21	Copy d:\CB_IN\a2906960_012.epd --> M:\CB_IN
29.03.2016 11:14:22	Copy d:\CB_IN\a2906960_020.epd --> M:\CB_IN
29.03.2016 11:14:22	Copy d:\CB_IN\a2906960_021.esd --> M:\CB_IN
29.03.2016 11:14:22	Скопировано 3 файлов
29.03.2016 11:14:22	Delete d:\CB_IN\a2906960_012.epd
29.03.2016 11:14:22	Delete d:\CB_IN\a2906960_020.epd
29.03.2016 11:14:22	Delete d:\CB_IN\a2906960_021.esd
29.03.2016 11:14:22	Удалено 3 файлов
29.03.2016 11:41:45	Copy d:\CB_IN\a2906960_022.esd --> M:\CB_IN
29.03.2016 11:41:46	Copy d:\CB_IN\a2906960_023.epd --> M:\CB_IN
29.03.2016 11:41:47	Copy d:\CB_IN\a2906960_024.esd --> M:\CB_IN
29.03.2016 11:41:47	Copy d:\CB_IN\a2906960_025.esd --> M:\CB_IN
29.03.2016 11:41:47	Copy d:\CB_IN\a2906960_026.epd --> M:\CB_IN
29.03.2016 11:41:47	Скопировано 5 файлов
29.03.2016 11:41:48	Error copy d:\CB_IN\a2906960_022.esd
29.03.2016 11:41:48	Delete d:\CB_IN\a2906960_023.epd
29.03.2016 11:41:48	Delete d:\CB_IN\a2906960_024.esd
29.03.2016 11:41:48	Delete d:\CB_IN\a2906960_025.esd
29.03.2016 11:41:48	Delete d:\CB_IN\a2906960_026.epd
29.03.2016 11:41:48	Удалено 4 файлов
29.03.2016 11:59:35	Copy d:\CB_IN\a2906960_022.esd --> M:\CB_IN
29.03.2016 11:59:35	Copy d:\CB_IN\a2906960_027.esd --> M:\CB_IN
29.03.2016 11:59:35	Copy d:\CB_IN\a2906960_028.esd --> M:\CB_IN
29.03.2016 11:59:36	Copy d:\CB_IN\a2906960_029.esd --> M:\CB_IN
29.03.2016 11:59:36	Copy d:\CB_IN\a2906960_030.epd --> M:\CB_IN
29.03.2016 11:59:37	Copy d:\CB_IN\a2906960_031.esd --> M:\CB_IN
29.03.2016 11:59:37	Copy d:\CB_IN\a2906960_032.esd --> M:\CB_IN
29.03.2016 11:59:37	Скопировано 7 файлов
29.03.2016 11:59:37	Error copy d:\CB_IN\a2906960_022.esd
29.03.2016 11:59:37	Delete d:\CB_IN\a2906960_027.esd
29.03.2016 11:59:37	Delete d:\CB_IN\a2906960_028.esd
29.03.2016 11:59:37	Delete d:\CB_IN\a2906960_029.esd
29.03.2016 11:59:37	Delete d:\CB_IN\a2906960_030.epd
29.03.2016 11:59:38	Delete d:\CB_IN\a2906960_031.esd
29.03.2016 11:59:38	Delete d:\CB_IN\a2906960_032.esd
29.03.2016 11:59:38	Удалено 6 файлов
29.03.2016 12:26:30	Copy d:\CB_IN\a2906960_022.esd --> M:\CB_IN
29.03.2016 12:26:31	Copy d:\CB_IN\a2906960_033.esd --> M:\CB_IN
29.03.2016 12:26:31	Copy d:\CB_IN\a2906960_034.epd --> M:\CB_IN
29.03.2016 12:26:31	Copy d:\CB_IN\a2906960_035.esd --> M:\CB_IN
29.03.2016 12:26:32	Copy d:\CB_IN\a2906960_036.esd --> M:\CB_IN
29.03.2016 12:26:32	Скопировано 5 файлов
29.03.2016 12:26:32	Delete d:\CB_IN\a2906960_022.esd
29.03.2016 12:26:32	Delete d:\CB_IN\a2906960_033.esd
29.03.2016 12:26:32	Delete d:\CB_IN\a2906960_034.epd
29.03.2016 12:26:32	Delete d:\CB_IN\a2906960_035.esd
29.03.2016 12:26:32	Delete d:\CB_IN\a2906960_036.esd
29.03.2016 12:26:32	Удалено 5 файлов
29.03.2016 14:19:17	Copy d:\CB_IN\a2906960_001.epd --> M:\CB_IN
29.03.2016 14:19:18	Copy d:\CB_IN\a2906960_002.esd --> M:\CB_IN
29.03.2016 14:19:18	Copy d:\CB_IN\a2906960_003.esd --> M:\CB_IN
29.03.2016 14:19:19	Copy d:\CB_IN\a2906960_004.epd --> M:\CB_IN
29.03.2016 14:19:19	Copy d:\CB_IN\a2906960_005.esd --> M:\CB_IN
29.03.2016 14:19:19	Copy d:\CB_IN\a2906960_006.epd --> M:\CB_IN
29.03.2016 14:19:20	Copy d:\CB_IN\a2906960_007.esd --> M:\CB_IN
29.03.2016 14:19:20	Copy d:\CB_IN\a2906960_008.epd --> M:\CB_IN
29.03.2016 14:19:21	Copy d:\CB_IN\a2906960_009.esd --> M:\CB_IN
29.03.2016 14:19:21	Copy d:\CB_IN\a2906960_010.epd --> M:\CB_IN
29.03.2016 14:19:22	Copy d:\CB_IN\a2906960_011.esd --> M:\CB_IN
29.03.2016 14:19:22	Copy d:\CB_IN\a2906960_012.esd --> M:\CB_IN
29.03.2016 14:19:22	Copy d:\CB_IN\a2906960_013.epd --> M:\CB_IN
29.03.2016 14:19:22	Скопировано 13 файлов
29.03.2016 14:19:22	Delete d:\CB_IN\a2906960_001.epd
29.03.2016 14:19:23	Delete d:\CB_IN\a2906960_002.esd
29.03.2016 14:19:23	Delete d:\CB_IN\a2906960_003.esd
29.03.2016 14:19:23	Delete d:\CB_IN\a2906960_004.epd
29.03.2016 14:19:23	Delete d:\CB_IN\a2906960_005.esd
29.03.2016 14:19:23	Delete d:\CB_IN\a2906960_006.epd
29.03.2016 14:19:23	Delete d:\CB_IN\a2906960_007.esd
29.03.2016 14:19:23	Delete d:\CB_IN\a2906960_008.epd
29.03.2016 14:19:23	Delete d:\CB_IN\a2906960_009.esd
29.03.2016 14:19:24	Delete d:\CB_IN\a2906960_010.epd
29.03.2016 14:19:24	Delete d:\CB_IN\a2906960_011.esd
29.03.2016 14:19:24	Delete d:\CB_IN\a2906960_012.esd
29.03.2016 14:19:24	Delete d:\CB_IN\a2906960_013.epd
29.03.2016 14:19:24	Удалено 13 файлов
29.03.2016 15:09:03	Copy d:\CB_IN\a2906960_014.esd --> M:\CB_IN
29.03.2016 15:09:03	Copy d:\CB_IN\a2906960_015.epd --> M:\CB_IN
29.03.2016 15:09:04	Copy d:\CB_IN\a2906960_016.esd --> M:\CB_IN
29.03.2016 15:09:04	Copy d:\CB_IN\a2906960_017.epd --> M:\CB_IN
29.03.2016 15:09:04	Copy d:\CB_IN\a2906960_018.esd --> M:\CB_IN
29.03.2016 15:09:05	Copy d:\CB_IN\a2906960_019.epd --> M:\CB_IN
29.03.2016 15:09:05	Copy d:\CB_IN\a2906960_020.esd --> M:\CB_IN
29.03.2016 15:09:05	Скопировано 7 файлов
29.03.2016 15:09:05	Delete d:\CB_IN\a2906960_014.esd
29.03.2016 15:09:05	Delete d:\CB_IN\a2906960_015.epd
29.03.2016 15:09:05	Delete d:\CB_IN\a2906960_016.esd
29.03.2016 15:09:06	Delete d:\CB_IN\a2906960_017.epd
29.03.2016 15:09:06	Delete d:\CB_IN\a2906960_018.esd
29.03.2016 15:09:06	Delete d:\CB_IN\a2906960_019.epd
29.03.2016 15:09:06	Delete d:\CB_IN\a2906960_020.esd
29.03.2016 15:09:06	Удалено 7 файлов
29.03.2016 15:19:33	Copy d:\CB_IN\a2906960_95.epd --> M:\CB_IN
29.03.2016 15:19:33	Скопировано 1 файлов
29.03.2016 15:19:33	Delete d:\CB_IN\a2906960_95.epd
29.03.2016 15:19:33	Удалено 1 файлов
29.03.2016 15:40:23	Copy d:\CB_IN\a2906960_021.epd --> M:\CB_IN
29.03.2016 15:40:24	Copy d:\CB_IN\a2906960_022.esd --> M:\CB_IN
29.03.2016 15:40:24	Copy d:\CB_IN\a2906960_023.epd --> M:\CB_IN
29.03.2016 15:40:24	Copy d:\CB_IN\a2906960_024.esd --> M:\CB_IN
29.03.2016 15:40:25	Copy d:\CB_IN\a2906960_025.esd --> M:\CB_IN
29.03.2016 15:40:25	Copy d:\CB_IN\a2906960_026.esd --> M:\CB_IN
29.03.2016 15:40:25	Скопировано 6 файлов
29.03.2016 15:40:25	Delete d:\CB_IN\a2906960_021.epd
29.03.2016 15:40:25	Delete d:\CB_IN\a2906960_022.esd
29.03.2016 15:40:25	Delete d:\CB_IN\a2906960_023.epd
29.03.2016 15:40:26	Delete d:\CB_IN\a2906960_024.esd
29.03.2016 15:40:26	Delete d:\CB_IN\a2906960_025.esd
29.03.2016 15:40:26	Delete d:\CB_IN\a2906960_026.esd
29.03.2016 15:40:26	Удалено 6 файлов
29.03.2016 15:58:34	Copy d:\CB_IN\a2906960_027.esd --> M:\CB_IN
29.03.2016 15:58:34	Copy d:\CB_IN\a2906960_028.esd --> M:\CB_IN
29.03.2016 15:58:34	Copy d:\CB_IN\a2906960_029.epd --> M:\CB_IN
29.03.2016 15:58:35	Copy d:\CB_IN\a2906960_030.esd --> M:\CB_IN
29.03.2016 15:58:35	Copy d:\CB_IN\a2906960_031.esd --> M:\CB_IN
29.03.2016 15:58:36	Copy d:\CB_IN\a2906960_032.esd --> M:\CB_IN
29.03.2016 15:58:36	Скопировано 6 файлов
29.03.2016 15:58:36	Error copy d:\CB_IN\a2906960_027.esd
29.03.2016 15:58:36	Delete d:\CB_IN\a2906960_028.esd
29.03.2016 15:58:36	Delete d:\CB_IN\a2906960_029.epd
29.03.2016 15:58:36	Delete d:\CB_IN\a2906960_030.esd
29.03.2016 15:58:36	Delete d:\CB_IN\a2906960_031.esd
29.03.2016 15:58:36	Delete d:\CB_IN\a2906960_032.esd
29.03.2016 15:58:36	Удалено 5 файлов
29.03.2016 16:20:57	Copy d:\CB_IN\a2906960_027.esd --> M:\CB_IN
29.03.2016 16:20:57	Copy d:\CB_IN\a2906960_033.esd --> M:\CB_IN
29.03.2016 16:20:58	Copy d:\CB_IN\a2906960_034.epd --> M:\CB_IN
29.03.2016 16:20:58	Copy d:\CB_IN\a2906960_035.esd --> M:\CB_IN
29.03.2016 16:20:59	Copy d:\CB_IN\a2906960_036.epd --> M:\CB_IN
29.03.2016 16:20:59	Copy d:\CB_IN\a2906960_037.esd --> M:\CB_IN
29.03.2016 16:20:59	Copy d:\CB_IN\a2906960_038.esd --> M:\CB_IN
29.03.2016 16:21:00	Copy d:\CB_IN\a2906960_039.esd --> M:\CB_IN
29.03.2016 16:21:00	Скопировано 8 файлов
29.03.2016 16:21:00	Error copy d:\CB_IN\a2906960_027.esd
29.03.2016 16:21:00	Delete d:\CB_IN\a2906960_033.esd
29.03.2016 16:21:00	Delete d:\CB_IN\a2906960_034.epd
29.03.2016 16:21:00	Delete d:\CB_IN\a2906960_035.esd
29.03.2016 16:21:00	Delete d:\CB_IN\a2906960_036.epd
29.03.2016 16:21:00	Delete d:\CB_IN\a2906960_037.esd
29.03.2016 16:21:00	Delete d:\CB_IN\a2906960_038.esd
29.03.2016 16:21:01	Delete d:\CB_IN\a2906960_039.esd
29.03.2016 16:21:01	Удалено 7 файлов
29.03.2016 16:38:01	Copy d:\CB_IN\a2906960_027.esd --> M:\CB_IN
29.03.2016 16:38:01	Copy d:\CB_IN\a2906960_040.esd --> M:\CB_IN
29.03.2016 16:38:02	Copy d:\CB_IN\a2906960_041.esd --> M:\CB_IN
29.03.2016 16:38:02	Copy d:\CB_IN\a2906960_042.esd --> M:\CB_IN
29.03.2016 16:38:03	Copy d:\CB_IN\a2906960_043.esd --> M:\CB_IN
29.03.2016 16:38:03	Copy d:\CB_IN\a2906960_044.epd --> M:\CB_IN
29.03.2016 16:38:04	Copy d:\CB_IN\a2906960_045.esd --> M:\CB_IN
29.03.2016 16:38:04	Скопировано 7 файлов
29.03.2016 16:38:04	Delete d:\CB_IN\a2906960_027.esd
29.03.2016 16:38:04	Delete d:\CB_IN\a2906960_040.esd
29.03.2016 16:38:04	Delete d:\CB_IN\a2906960_041.esd
29.03.2016 16:38:04	Delete d:\CB_IN\a2906960_042.esd
29.03.2016 16:38:04	Delete d:\CB_IN\a2906960_043.esd
29.03.2016 16:38:04	Delete d:\CB_IN\a2906960_044.epd
29.03.2016 16:38:05	Delete d:\CB_IN\a2906960_045.esd
29.03.2016 16:38:05	Удалено 7 файлов
29.03.2016 17:02:50	Copy d:\CB_IN\a2906960_046.esd --> M:\CB_IN
29.03.2016 17:02:50	Copy d:\CB_IN\a2906960_047.epd --> M:\CB_IN
29.03.2016 17:02:51	Copy d:\CB_IN\a2906960_048.epd --> M:\CB_IN
29.03.2016 17:02:51	Copy d:\CB_IN\a2906960_049.esd --> M:\CB_IN
29.03.2016 17:02:51	Copy d:\CB_IN\a2906960_050.esd --> M:\CB_IN
29.03.2016 17:02:52	Copy d:\CB_IN\a2906960_051.esd --> M:\CB_IN
29.03.2016 17:02:52	Скопировано 6 файлов
29.03.2016 17:02:52	Error copy d:\CB_IN\a2906960_046.esd
29.03.2016 17:02:52	Delete d:\CB_IN\a2906960_047.epd
29.03.2016 17:02:52	Delete d:\CB_IN\a2906960_048.epd
29.03.2016 17:02:52	Delete d:\CB_IN\a2906960_049.esd
29.03.2016 17:02:52	Delete d:\CB_IN\a2906960_050.esd
29.03.2016 17:02:53	Delete d:\CB_IN\a2906960_051.esd
29.03.2016 17:02:53	Удалено 5 файлов
29.03.2016 17:23:10	Copy d:\CB_IN\a2906960_046.esd --> M:\CB_IN
29.03.2016 17:23:11	Copy d:\CB_IN\a2906960_052.esd --> M:\CB_IN
29.03.2016 17:23:11	Copy d:\CB_IN\a2906960_053.epd --> M:\CB_IN
29.03.2016 17:23:11	Copy d:\CB_IN\a2906960_054.esd --> M:\CB_IN
29.03.2016 17:23:12	Copy d:\CB_IN\a2906960_055.esd --> M:\CB_IN
29.03.2016 17:23:12	Скопировано 5 файлов
29.03.2016 17:23:12	Error copy d:\CB_IN\a2906960_046.esd
29.03.2016 17:23:12	Delete d:\CB_IN\a2906960_052.esd
29.03.2016 17:23:12	Delete d:\CB_IN\a2906960_053.epd
29.03.2016 17:23:12	Delete d:\CB_IN\a2906960_054.esd
29.03.2016 17:23:12	Delete d:\CB_IN\a2906960_055.esd
29.03.2016 17:23:12	Удалено 4 файлов
29.03.2016 17:27:09	Copy d:\CB_IN\a2906960_046.esd --> M:\CB_IN
29.03.2016 17:27:09	Copy d:\CB_IN\a2906960_056.esd --> M:\CB_IN
29.03.2016 17:27:10	Copy d:\CB_IN\a2906960_057.esd --> M:\CB_IN
29.03.2016 17:27:10	Copy d:\CB_IN\a2906960_058.esd --> M:\CB_IN
29.03.2016 17:27:10	Скопировано 4 файлов
29.03.2016 17:27:10	Delete d:\CB_IN\a2906960_046.esd
29.03.2016 17:27:10	Delete d:\CB_IN\a2906960_056.esd
29.03.2016 17:27:10	Delete d:\CB_IN\a2906960_057.esd
29.03.2016 17:27:11	Delete d:\CB_IN\a2906960_058.esd
29.03.2016 17:27:11	Удалено 4 файлов
29.03.2016 17:37:08	Copy d:\CB_IN\a2906960_059.esd --> M:\CB_IN
29.03.2016 17:37:08	Copy d:\CB_IN\a2906960_060.esd --> M:\CB_IN
29.03.2016 17:37:08	Скопировано 2 файлов
29.03.2016 17:37:08	Delete d:\CB_IN\a2906960_059.esd
29.03.2016 17:37:09	Delete d:\CB_IN\a2906960_060.esd
29.03.2016 17:37:09	Удалено 2 файлов
29.03.2016 17:44:54	Copy d:\CB_IN\a2906960_061.esd --> M:\CB_IN
29.03.2016 17:44:55	Copy d:\CB_IN\a2906960_062.epd --> M:\CB_IN
29.03.2016 17:44:55	Скопировано 2 файлов
29.03.2016 17:44:55	Delete d:\CB_IN\a2906960_061.esd
29.03.2016 17:44:55	Delete d:\CB_IN\a2906960_062.epd
29.03.2016 17:44:55	Удалено 2 файлов
29.03.2016 17:54:58	Copy d:\CB_IN\a2906960_063.esd --> M:\CB_IN
29.03.2016 17:54:58	Copy d:\CB_IN\a2906960_064.esd --> M:\CB_IN
29.03.2016 17:54:58	Скопировано 2 файлов
29.03.2016 17:54:58	Error copy d:\CB_IN\a2906960_063.esd
29.03.2016 17:54:58	Delete d:\CB_IN\a2906960_064.esd
29.03.2016 17:54:58	Удалено 1 файлов
