30.03.2016 07:44:25	Copy d:\CB_IN\a2906960_063.esd --> M:\CB_IN
30.03.2016 07:44:25	Скопировано 1 файлов
30.03.2016 07:44:25	Delete d:\CB_IN\a2906960_063.esd
30.03.2016 07:44:25	Удалено 1 файлов
30.03.2016 07:51:55	Copy d:\CB_IN\a3006960_065.epd --> M:\CB_IN
30.03.2016 07:51:55	Copy d:\CB_IN\a3006960_066.esd --> M:\CB_IN
30.03.2016 07:51:56	Copy d:\CB_IN\a3006960_067.esd --> M:\CB_IN
30.03.2016 07:51:56	Copy d:\CB_IN\a3006960_068.epd --> M:\CB_IN
30.03.2016 07:51:56	Copy d:\CB_IN\a3006960_069.esd --> M:\CB_IN
30.03.2016 07:51:57	Copy d:\CB_IN\a3006960_070.esd --> M:\CB_IN
30.03.2016 07:51:57	Copy d:\CB_IN\a3006960_071.epd --> M:\CB_IN
30.03.2016 07:51:58	Copy d:\CB_IN\a3006960_072.epd --> M:\CB_IN
30.03.2016 07:51:58	Copy d:\CB_IN\a3006960_073.esd --> M:\CB_IN
30.03.2016 07:51:58	Copy d:\CB_IN\a3006960_074.esd --> M:\CB_IN
30.03.2016 07:51:59	Copy d:\CB_IN\a3006960_075.esd --> M:\CB_IN
30.03.2016 07:51:59	Copy d:\CB_IN\a3006960_076.epd --> M:\CB_IN
30.03.2016 07:51:59	Copy d:\CB_IN\a3006960_077.esd --> M:\CB_IN
30.03.2016 07:52:00	Copy d:\CB_IN\a3006960_078.epd --> M:\CB_IN
30.03.2016 07:52:00	Copy d:\CB_IN\a3006960_079.esd --> M:\CB_IN
30.03.2016 07:52:01	Copy d:\CB_IN\a3006960_080.epd --> M:\CB_IN
30.03.2016 07:52:01	Copy d:\CB_IN\a3006960_081.esd --> M:\CB_IN
30.03.2016 07:52:01	Copy d:\CB_IN\a3006960_082.epd --> M:\CB_IN
30.03.2016 07:52:02	Copy d:\CB_IN\a3006960_083.esd --> M:\CB_IN
30.03.2016 07:52:02	Copy d:\CB_IN\a3006960_084.esd --> M:\CB_IN
30.03.2016 07:52:02	Copy d:\CB_IN\a3006960_085.epd --> M:\CB_IN
30.03.2016 07:52:03	Copy d:\CB_IN\a3006960_086.esd --> M:\CB_IN
30.03.2016 07:52:03	Copy d:\CB_IN\a3006960_087.epd --> M:\CB_IN
30.03.2016 07:52:04	Copy d:\CB_IN\a3006960_088.esd --> M:\CB_IN
30.03.2016 07:52:04	Copy d:\CB_IN\a3006960_089.epd --> M:\CB_IN
30.03.2016 07:52:04	Copy d:\CB_IN\a3006960_090.esd --> M:\CB_IN
30.03.2016 07:52:05	Copy d:\CB_IN\a3006960_091.esd --> M:\CB_IN
30.03.2016 07:52:05	Copy d:\CB_IN\a3006960_092.esd --> M:\CB_IN
30.03.2016 07:52:06	Copy d:\CB_IN\a3006960_093.esd --> M:\CB_IN
30.03.2016 07:52:06	Скопировано 29 файлов
30.03.2016 07:52:06	Error copy d:\CB_IN\a3006960_065.epd
30.03.2016 07:52:06	Delete d:\CB_IN\a3006960_066.esd
30.03.2016 07:52:06	Delete d:\CB_IN\a3006960_067.esd
30.03.2016 07:52:06	Error copy d:\CB_IN\a3006960_068.epd
30.03.2016 07:52:07	Delete d:\CB_IN\a3006960_069.esd
30.03.2016 07:52:07	Delete d:\CB_IN\a3006960_070.esd
30.03.2016 07:52:07	Delete d:\CB_IN\a3006960_071.epd
30.03.2016 07:52:07	Delete d:\CB_IN\a3006960_072.epd
30.03.2016 07:52:07	Delete d:\CB_IN\a3006960_073.esd
30.03.2016 07:52:07	Delete d:\CB_IN\a3006960_074.esd
30.03.2016 07:52:07	Delete d:\CB_IN\a3006960_075.esd
30.03.2016 07:52:07	Delete d:\CB_IN\a3006960_076.epd
30.03.2016 07:52:08	Delete d:\CB_IN\a3006960_077.esd
30.03.2016 07:52:08	Delete d:\CB_IN\a3006960_078.epd
30.03.2016 07:52:08	Delete d:\CB_IN\a3006960_079.esd
30.03.2016 07:52:08	Delete d:\CB_IN\a3006960_080.epd
30.03.2016 07:52:08	Delete d:\CB_IN\a3006960_081.esd
30.03.2016 07:52:08	Delete d:\CB_IN\a3006960_082.epd
30.03.2016 07:52:08	Delete d:\CB_IN\a3006960_083.esd
30.03.2016 07:52:09	Delete d:\CB_IN\a3006960_084.esd
30.03.2016 07:52:09	Delete d:\CB_IN\a3006960_085.epd
30.03.2016 07:52:09	Delete d:\CB_IN\a3006960_086.esd
30.03.2016 07:52:09	Delete d:\CB_IN\a3006960_087.epd
30.03.2016 07:52:09	Delete d:\CB_IN\a3006960_088.esd
30.03.2016 07:52:09	Delete d:\CB_IN\a3006960_089.epd
30.03.2016 07:52:09	Delete d:\CB_IN\a3006960_090.esd
30.03.2016 07:52:09	Delete d:\CB_IN\a3006960_091.esd
30.03.2016 07:52:10	Delete d:\CB_IN\a3006960_092.esd
30.03.2016 07:52:10	Delete d:\CB_IN\a3006960_093.esd
30.03.2016 07:52:10	Удалено 27 файлов
30.03.2016 09:16:14	Copy d:\CB_IN\a3006960_065.epd --> M:\CB_IN
30.03.2016 09:16:16	Copy d:\CB_IN\a3006960_001.esd --> M:\CB_IN
30.03.2016 09:16:16	Copy d:\CB_IN\a3006960_002.esd --> M:\CB_IN
30.03.2016 09:16:17	Copy d:\CB_IN\a3006960_068.epd --> M:\CB_IN
30.03.2016 09:16:17	Copy d:\CB_IN\a3006960_003.epd --> M:\CB_IN
30.03.2016 09:16:17	Copy d:\CB_IN\a3006960_004.esd --> M:\CB_IN
30.03.2016 09:16:18	Copy d:\CB_IN\a3006960_005.esd --> M:\CB_IN
30.03.2016 09:16:18	Скопировано 7 файлов
30.03.2016 09:16:18	Error copy d:\CB_IN\a3006960_065.epd
30.03.2016 09:16:18	Delete d:\CB_IN\a3006960_001.esd
30.03.2016 09:16:18	Delete d:\CB_IN\a3006960_002.esd
30.03.2016 09:16:18	Delete d:\CB_IN\a3006960_068.epd
30.03.2016 09:16:18	Delete d:\CB_IN\a3006960_003.epd
30.03.2016 09:16:18	Delete d:\CB_IN\a3006960_004.esd
30.03.2016 09:16:19	Delete d:\CB_IN\a3006960_005.esd
30.03.2016 09:16:19	Удалено 6 файлов
30.03.2016 09:16:28	Copy d:\CB_IN\a3006960_065.epd --> M:\CB_IN
30.03.2016 09:16:28	Скопировано 1 файлов
30.03.2016 09:16:28	Delete d:\CB_IN\a3006960_065.epd
30.03.2016 09:16:28	Удалено 1 файлов
30.03.2016 09:42:05	Copy d:\CB_IN\a3006960_006.epd --> M:\CB_IN
30.03.2016 09:42:05	Copy d:\CB_IN\a3006960_007.esd --> M:\CB_IN
30.03.2016 09:42:06	Copy d:\CB_IN\a3006960_008.epd --> M:\CB_IN
30.03.2016 09:42:06	Copy d:\CB_IN\a3006960_009.esd --> M:\CB_IN
30.03.2016 09:42:06	Скопировано 4 файлов
30.03.2016 09:42:06	Delete d:\CB_IN\a3006960_006.epd
30.03.2016 09:42:06	Delete d:\CB_IN\a3006960_007.esd
30.03.2016 09:42:06	Delete d:\CB_IN\a3006960_008.epd
30.03.2016 09:42:06	Delete d:\CB_IN\a3006960_009.esd
30.03.2016 09:42:06	Удалено 4 файлов
30.03.2016 10:05:56	Copy d:\CB_IN\a3006960_010.esd --> M:\CB_IN
30.03.2016 10:05:56	Copy d:\CB_IN\a3006960_011.epd --> M:\CB_IN
30.03.2016 10:05:57	Copy d:\CB_IN\a3006960_012.esd --> M:\CB_IN
30.03.2016 10:05:57	Copy d:\CB_IN\a3006960_013.esd --> M:\CB_IN
30.03.2016 10:05:57	Скопировано 4 файлов
30.03.2016 10:05:57	Error copy d:\CB_IN\a3006960_010.esd
30.03.2016 10:05:57	Delete d:\CB_IN\a3006960_011.epd
30.03.2016 10:05:57	Delete d:\CB_IN\a3006960_012.esd
30.03.2016 10:05:57	Delete d:\CB_IN\a3006960_013.esd
30.03.2016 10:05:57	Удалено 3 файлов
30.03.2016 10:06:01	Copy d:\CB_IN\a3006960_010.esd --> M:\CB_IN
30.03.2016 10:06:01	Скопировано 1 файлов
30.03.2016 10:06:01	Delete d:\CB_IN\a3006960_010.esd
30.03.2016 10:06:01	Удалено 1 файлов
30.03.2016 10:21:41	Copy d:\CB_IN\a3006960_014.epd --> M:\CB_IN
30.03.2016 10:21:42	Copy d:\CB_IN\a3006960_015.esd --> M:\CB_IN
30.03.2016 10:21:42	Copy d:\CB_IN\a3006960_016.esd --> M:\CB_IN
30.03.2016 10:21:43	Copy d:\CB_IN\a3006960_017.esd --> M:\CB_IN
30.03.2016 10:21:43	Скопировано 4 файлов
30.03.2016 10:21:43	Delete d:\CB_IN\a3006960_014.epd
30.03.2016 10:21:43	Delete d:\CB_IN\a3006960_015.esd
30.03.2016 10:21:43	Delete d:\CB_IN\a3006960_016.esd
30.03.2016 10:21:43	Delete d:\CB_IN\a3006960_017.esd
30.03.2016 10:21:43	Удалено 4 файлов
30.03.2016 10:34:01	Copy d:\CB_IN\a3006960_018.esd --> M:\CB_IN
30.03.2016 10:34:01	Copy d:\CB_IN\a3006960_019.esd --> M:\CB_IN
30.03.2016 10:34:01	Скопировано 2 файлов
30.03.2016 10:34:01	Error copy d:\CB_IN\a3006960_018.esd
30.03.2016 10:34:02	Delete d:\CB_IN\a3006960_019.esd
30.03.2016 10:34:02	Удалено 1 файлов
30.03.2016 10:34:09	Copy d:\CB_IN\a3006960_018.esd --> M:\CB_IN
30.03.2016 10:34:09	Скопировано 1 файлов
30.03.2016 10:34:09	Delete d:\CB_IN\a3006960_018.esd
30.03.2016 10:34:09	Удалено 1 файлов
30.03.2016 11:02:21	Copy d:\CB_IN\a3006960_020.epd --> M:\CB_IN
30.03.2016 11:02:21	Copy d:\CB_IN\a3006960_021.esd --> M:\CB_IN
30.03.2016 11:02:22	Copy d:\CB_IN\a3006960_022.epd --> M:\CB_IN
30.03.2016 11:02:22	Copy d:\CB_IN\a3006960_023.esd --> M:\CB_IN
30.03.2016 11:02:22	Copy d:\CB_IN\a3006960_024.esd --> M:\CB_IN
30.03.2016 11:02:23	Copy d:\CB_IN\a3006960_025.esd --> M:\CB_IN
30.03.2016 11:02:23	Скопировано 6 файлов
30.03.2016 11:02:23	Delete d:\CB_IN\a3006960_020.epd
30.03.2016 11:02:23	Delete d:\CB_IN\a3006960_021.esd
30.03.2016 11:02:23	Delete d:\CB_IN\a3006960_022.epd
30.03.2016 11:02:23	Delete d:\CB_IN\a3006960_023.esd
30.03.2016 11:02:23	Delete d:\CB_IN\a3006960_024.esd
30.03.2016 11:02:24	Delete d:\CB_IN\a3006960_025.esd
30.03.2016 11:02:24	Удалено 6 файлов
30.03.2016 11:21:39	Copy d:\CB_IN\a3006960_026.esd --> M:\CB_IN
30.03.2016 11:21:39	Copy d:\CB_IN\a3006960_027.esd --> M:\CB_IN
30.03.2016 11:21:39	Copy d:\CB_IN\a3006960_028.epd --> M:\CB_IN
30.03.2016 11:21:40	Copy d:\CB_IN\a3006960_029.esd --> M:\CB_IN
30.03.2016 11:21:40	Скопировано 4 файлов
30.03.2016 11:21:40	Delete d:\CB_IN\a3006960_026.esd
30.03.2016 11:21:40	Delete d:\CB_IN\a3006960_027.esd
30.03.2016 11:21:40	Delete d:\CB_IN\a3006960_028.epd
30.03.2016 11:21:41	Delete d:\CB_IN\a3006960_029.esd
30.03.2016 11:21:41	Удалено 4 файлов
30.03.2016 11:50:51	Copy d:\CB_IN\a3006960_030.esd --> M:\CB_IN
30.03.2016 11:50:52	Copy d:\CB_IN\a3006960_031.epd --> M:\CB_IN
30.03.2016 11:50:52	Copy d:\CB_IN\a3006960_032.esd --> M:\CB_IN
30.03.2016 11:50:53	Copy d:\CB_IN\a3006960_033.esd --> M:\CB_IN
30.03.2016 11:50:53	Скопировано 4 файлов
30.03.2016 11:50:53	Error copy d:\CB_IN\a3006960_030.esd
30.03.2016 11:50:53	Delete d:\CB_IN\a3006960_031.epd
30.03.2016 11:50:53	Delete d:\CB_IN\a3006960_032.esd
30.03.2016 11:50:53	Delete d:\CB_IN\a3006960_033.esd
30.03.2016 11:50:53	Удалено 3 файлов
30.03.2016 12:13:23	Copy d:\CB_IN\a3006960_030.esd --> M:\CB_IN
30.03.2016 12:13:24	Copy d:\CB_IN\a3006960_034.epd --> M:\CB_IN
30.03.2016 12:13:24	Copy d:\CB_IN\a3006960_035.esd --> M:\CB_IN
30.03.2016 12:13:24	Скопировано 3 файлов
30.03.2016 12:13:24	Delete d:\CB_IN\a3006960_030.esd
30.03.2016 12:13:24	Delete d:\CB_IN\a3006960_034.epd
30.03.2016 12:13:24	Delete d:\CB_IN\a3006960_035.esd
30.03.2016 12:13:24	Удалено 3 файлов
30.03.2016 12:28:36	Copy d:\CB_IN\a3006960_036.esd --> M:\CB_IN
30.03.2016 12:28:37	Copy d:\CB_IN\a3006960_037.epd --> M:\CB_IN
30.03.2016 12:28:37	Copy d:\CB_IN\a3006960_038.esd --> M:\CB_IN
30.03.2016 12:28:37	Скопировано 3 файлов
30.03.2016 12:28:37	Delete d:\CB_IN\a3006960_036.esd
30.03.2016 12:28:37	Delete d:\CB_IN\a3006960_037.epd
30.03.2016 12:28:37	Delete d:\CB_IN\a3006960_038.esd
30.03.2016 12:28:37	Удалено 3 файлов
30.03.2016 12:46:40	Copy d:\CB_IN\a3006960_039.esd --> M:\CB_IN
30.03.2016 12:46:41	Copy d:\CB_IN\a3006960_040.epd --> M:\CB_IN
30.03.2016 12:46:41	Copy d:\CB_IN\a3006960_041.esd --> M:\CB_IN
30.03.2016 12:46:42	Copy d:\CB_IN\a3006960_042.esd --> M:\CB_IN
30.03.2016 12:46:42	Скопировано 4 файлов
30.03.2016 12:46:42	Error copy d:\CB_IN\a3006960_039.esd
30.03.2016 12:46:42	Delete d:\CB_IN\a3006960_040.epd
30.03.2016 12:46:42	Delete d:\CB_IN\a3006960_041.esd
30.03.2016 12:46:42	Delete d:\CB_IN\a3006960_042.esd
30.03.2016 12:46:42	Удалено 3 файлов
30.03.2016 12:55:02	Copy d:\CB_IN\a3006960_039.esd --> M:\CB_IN
30.03.2016 12:55:03	Copy d:\CB_IN\a3006960_043.esd --> M:\CB_IN
30.03.2016 12:55:03	Copy d:\CB_IN\a3006960_044.esd --> M:\CB_IN
30.03.2016 12:55:03	Скопировано 3 файлов
30.03.2016 12:55:03	Error copy d:\CB_IN\a3006960_039.esd
30.03.2016 12:55:03	Delete d:\CB_IN\a3006960_043.esd
30.03.2016 12:55:03	Delete d:\CB_IN\a3006960_044.esd
30.03.2016 12:55:03	Удалено 2 файлов
30.03.2016 14:18:48	Copy d:\CB_IN\a3006960_039.esd --> M:\CB_IN
30.03.2016 14:18:48	Copy d:\CB_IN\a3006960_045.esd --> M:\CB_IN
30.03.2016 14:18:48	Copy d:\CB_IN\a3006960_046.epd --> M:\CB_IN
30.03.2016 14:18:49	Copy d:\CB_IN\a3006960_047.esd --> M:\CB_IN
30.03.2016 14:18:49	Copy d:\CB_IN\a3006960_048.epd --> M:\CB_IN
30.03.2016 14:18:50	Copy d:\CB_IN\a3006960_049.esd --> M:\CB_IN
30.03.2016 14:18:50	Copy d:\CB_IN\a3006960_050.esd --> M:\CB_IN
30.03.2016 14:18:50	Copy d:\CB_IN\a3006960_051.epd --> M:\CB_IN
30.03.2016 14:18:51	Copy d:\CB_IN\a3006960_052.epd --> M:\CB_IN
30.03.2016 14:18:51	Copy d:\CB_IN\a3006960_053.esd --> M:\CB_IN
30.03.2016 14:18:52	Copy d:\CB_IN\a3006960_054.epd --> M:\CB_IN
30.03.2016 14:18:52	Copy d:\CB_IN\a3006960_055.esd --> M:\CB_IN
30.03.2016 14:18:52	Copy d:\CB_IN\a3006960_056.esd --> M:\CB_IN
30.03.2016 14:18:53	Copy d:\CB_IN\a3006960_057.esd --> M:\CB_IN
30.03.2016 14:18:53	Copy d:\CB_IN\a3006960_058.esd --> M:\CB_IN
30.03.2016 14:18:53	Copy d:\CB_IN\a3006960_059.epd --> M:\CB_IN
30.03.2016 14:18:53	Скопировано 16 файлов
30.03.2016 14:18:53	Error copy d:\CB_IN\a3006960_039.esd
30.03.2016 14:18:54	Delete d:\CB_IN\a3006960_045.esd
30.03.2016 14:18:54	Error copy d:\CB_IN\a3006960_046.epd
30.03.2016 14:18:54	Delete d:\CB_IN\a3006960_047.esd
30.03.2016 14:18:54	Delete d:\CB_IN\a3006960_048.epd
30.03.2016 14:18:54	Delete d:\CB_IN\a3006960_049.esd
30.03.2016 14:18:54	Delete d:\CB_IN\a3006960_050.esd
30.03.2016 14:18:54	Delete d:\CB_IN\a3006960_051.epd
30.03.2016 14:18:54	Delete d:\CB_IN\a3006960_052.epd
30.03.2016 14:18:55	Delete d:\CB_IN\a3006960_053.esd
30.03.2016 14:18:55	Delete d:\CB_IN\a3006960_054.epd
30.03.2016 14:18:55	Delete d:\CB_IN\a3006960_055.esd
30.03.2016 14:18:55	Delete d:\CB_IN\a3006960_056.esd
30.03.2016 14:18:55	Delete d:\CB_IN\a3006960_057.esd
30.03.2016 14:18:55	Delete d:\CB_IN\a3006960_058.esd
30.03.2016 14:18:55	Delete d:\CB_IN\a3006960_059.epd
30.03.2016 14:18:55	Удалено 14 файлов
30.03.2016 14:48:41	Copy d:\CB_IN\a3006960_039.esd --> M:\CB_IN
30.03.2016 14:48:42	Copy d:\CB_IN\a3006960_060.esd --> M:\CB_IN
30.03.2016 14:48:42	Copy d:\CB_IN\a3006960_046.epd --> M:\CB_IN
30.03.2016 14:48:43	Copy d:\CB_IN\a3006960_061.esd --> M:\CB_IN
30.03.2016 14:48:43	Copy d:\CB_IN\a3006960_062.epd --> M:\CB_IN
30.03.2016 14:48:43	Скопировано 5 файлов
30.03.2016 14:48:43	Error copy d:\CB_IN\a3006960_039.esd
30.03.2016 14:48:43	Delete d:\CB_IN\a3006960_060.esd
30.03.2016 14:48:43	Delete d:\CB_IN\a3006960_046.epd
30.03.2016 14:48:43	Delete d:\CB_IN\a3006960_061.esd
30.03.2016 14:48:44	Delete d:\CB_IN\a3006960_062.epd
30.03.2016 14:48:44	Удалено 4 файлов
30.03.2016 15:08:09	Copy d:\CB_IN\a3006960_039.esd --> M:\CB_IN
30.03.2016 15:08:10	Copy d:\CB_IN\a3006960_063.epd --> M:\CB_IN
30.03.2016 15:08:10	Copy d:\CB_IN\a3006960_064.esd --> M:\CB_IN
30.03.2016 15:08:10	Copy d:\CB_IN\a3006960_065.esd --> M:\CB_IN
30.03.2016 15:08:11	Copy d:\CB_IN\a3006960_066.esd --> M:\CB_IN
30.03.2016 15:08:11	Скопировано 5 файлов
30.03.2016 15:08:11	Error copy d:\CB_IN\a3006960_039.esd
30.03.2016 15:08:11	Delete d:\CB_IN\a3006960_063.epd
30.03.2016 15:08:11	Delete d:\CB_IN\a3006960_064.esd
30.03.2016 15:08:11	Delete d:\CB_IN\a3006960_065.esd
30.03.2016 15:08:11	Delete d:\CB_IN\a3006960_066.esd
30.03.2016 15:08:11	Удалено 4 файлов
30.03.2016 15:36:12	Copy d:\CB_IN\a3006960_039.esd --> M:\CB_IN
30.03.2016 15:36:13	Copy d:\CB_IN\a3006960_067.epd --> M:\CB_IN
30.03.2016 15:36:13	Copy d:\CB_IN\a3006960_068.esd --> M:\CB_IN
30.03.2016 15:36:14	Copy d:\CB_IN\a3006960_069.esd --> M:\CB_IN
30.03.2016 15:36:14	Copy d:\CB_IN\a3006960_070.esd --> M:\CB_IN
30.03.2016 15:36:14	Скопировано 5 файлов
30.03.2016 15:36:14	Delete d:\CB_IN\a3006960_039.esd
30.03.2016 15:36:14	Delete d:\CB_IN\a3006960_067.epd
30.03.2016 15:36:14	Delete d:\CB_IN\a3006960_068.esd
30.03.2016 15:36:14	Delete d:\CB_IN\a3006960_069.esd
30.03.2016 15:36:15	Delete d:\CB_IN\a3006960_070.esd
30.03.2016 15:36:15	Удалено 5 файлов
30.03.2016 15:52:46	Copy d:\CB_IN\a3006960_071.esd --> M:\CB_IN
30.03.2016 15:52:47	Copy d:\CB_IN\a3006960_072.epd --> M:\CB_IN
30.03.2016 15:52:47	Скопировано 2 файлов
30.03.2016 15:52:47	Delete d:\CB_IN\a3006960_071.esd
30.03.2016 15:52:47	Delete d:\CB_IN\a3006960_072.epd
30.03.2016 15:52:47	Удалено 2 файлов
30.03.2016 16:05:28	Copy d:\CB_IN\a3006960_073.epd --> M:\CB_IN
30.03.2016 16:05:28	Copy d:\CB_IN\a3006960_074.esd --> M:\CB_IN
30.03.2016 16:05:28	Copy d:\CB_IN\a3006960_075.esd --> M:\CB_IN
30.03.2016 16:05:29	Copy d:\CB_IN\a3006960_076.epd --> M:\CB_IN
30.03.2016 16:05:29	Copy d:\CB_IN\a3006960_077.esd --> M:\CB_IN
30.03.2016 16:05:29	Copy d:\CB_IN\a3006960_078.esd --> M:\CB_IN
30.03.2016 16:05:29	Скопировано 6 файлов
30.03.2016 16:05:29	Delete d:\CB_IN\a3006960_073.epd
30.03.2016 16:05:30	Delete d:\CB_IN\a3006960_074.esd
30.03.2016 16:05:30	Delete d:\CB_IN\a3006960_075.esd
30.03.2016 16:05:30	Delete d:\CB_IN\a3006960_076.epd
30.03.2016 16:05:30	Delete d:\CB_IN\a3006960_077.esd
30.03.2016 16:05:30	Delete d:\CB_IN\a3006960_078.esd
30.03.2016 16:05:30	Удалено 6 файлов
30.03.2016 16:22:20	Copy d:\CB_IN\a3006960_079.esd --> M:\CB_IN
30.03.2016 16:22:20	Copy d:\CB_IN\a3006960_080.epd --> M:\CB_IN
30.03.2016 16:22:21	Copy d:\CB_IN\a3006960_081.esd --> M:\CB_IN
30.03.2016 16:22:21	Copy d:\CB_IN\a3006960_082.esd --> M:\CB_IN
30.03.2016 16:22:22	Copy d:\CB_IN\a3006960_083.epd --> M:\CB_IN
30.03.2016 16:22:22	Copy d:\CB_IN\a3006960_084.esd --> M:\CB_IN
30.03.2016 16:22:22	Скопировано 6 файлов
30.03.2016 16:22:22	Delete d:\CB_IN\a3006960_079.esd
30.03.2016 16:22:22	Delete d:\CB_IN\a3006960_080.epd
30.03.2016 16:22:22	Delete d:\CB_IN\a3006960_081.esd
30.03.2016 16:22:22	Delete d:\CB_IN\a3006960_082.esd
30.03.2016 16:22:23	Delete d:\CB_IN\a3006960_083.epd
30.03.2016 16:22:23	Delete d:\CB_IN\a3006960_084.esd
30.03.2016 16:22:23	Удалено 6 файлов
30.03.2016 16:36:50	Copy d:\CB_IN\a3006960_085.esd --> M:\CB_IN
30.03.2016 16:36:51	Copy d:\CB_IN\a3006960_086.esd --> M:\CB_IN
30.03.2016 16:36:51	Скопировано 2 файлов
30.03.2016 16:36:51	Delete d:\CB_IN\a3006960_085.esd
30.03.2016 16:36:51	Delete d:\CB_IN\a3006960_086.esd
30.03.2016 16:36:51	Удалено 2 файлов
30.03.2016 17:13:10	Copy d:\CB_IN\a3006960_087.epd --> M:\CB_IN
30.03.2016 17:13:11	Copy d:\CB_IN\a3006960_088.esd --> M:\CB_IN
30.03.2016 17:13:11	Copy d:\CB_IN\a3006960_089.esd --> M:\CB_IN
30.03.2016 17:13:12	Copy d:\CB_IN\a3006960_090.epd --> M:\CB_IN
30.03.2016 17:13:12	Скопировано 4 файлов
30.03.2016 17:13:12	Delete d:\CB_IN\a3006960_087.epd
30.03.2016 17:13:12	Delete d:\CB_IN\a3006960_088.esd
30.03.2016 17:13:12	Delete d:\CB_IN\a3006960_089.esd
30.03.2016 17:13:12	Delete d:\CB_IN\a3006960_090.epd
30.03.2016 17:13:12	Удалено 4 файлов
30.03.2016 17:25:26	Copy d:\CB_IN\a3006960_091.epd --> M:\CB_IN
30.03.2016 17:25:27	Copy d:\CB_IN\a3006960_092.esd --> M:\CB_IN
30.03.2016 17:25:27	Copy d:\CB_IN\a3006960_093.esd --> M:\CB_IN
30.03.2016 17:25:27	Copy d:\CB_IN\a3006960_094.esd --> M:\CB_IN
30.03.2016 17:25:28	Copy d:\CB_IN\a3006960_095.esd --> M:\CB_IN
30.03.2016 17:25:28	Скопировано 5 файлов
30.03.2016 17:25:28	Delete d:\CB_IN\a3006960_091.epd
30.03.2016 17:25:28	Delete d:\CB_IN\a3006960_092.esd
30.03.2016 17:25:28	Delete d:\CB_IN\a3006960_093.esd
30.03.2016 17:25:28	Delete d:\CB_IN\a3006960_094.esd
30.03.2016 17:25:28	Delete d:\CB_IN\a3006960_095.esd
30.03.2016 17:25:28	Удалено 5 файлов
30.03.2016 17:34:49	Copy d:\CB_IN\a3006960_096.esd --> M:\CB_IN
30.03.2016 17:34:49	Copy d:\CB_IN\a3006960_097.esd --> M:\CB_IN
30.03.2016 17:34:49	Скопировано 2 файлов
30.03.2016 17:34:49	Error copy d:\CB_IN\a3006960_096.esd
30.03.2016 17:34:49	Delete d:\CB_IN\a3006960_097.esd
30.03.2016 17:34:49	Удалено 1 файлов
30.03.2016 17:41:25	Copy d:\CB_IN\a3006960_096.esd --> M:\CB_IN
30.03.2016 17:41:25	Copy d:\CB_IN\a3006960_098.esd --> M:\CB_IN
30.03.2016 17:41:26	Copy d:\CB_IN\a3006960_099.epd --> M:\CB_IN
30.03.2016 17:41:26	Copy d:\CB_IN\a3006960_100.esd --> M:\CB_IN
30.03.2016 17:41:26	Copy d:\CB_IN\a3006960_101.esd --> M:\CB_IN
30.03.2016 17:41:26	Скопировано 5 файлов
30.03.2016 17:41:26	Error copy d:\CB_IN\a3006960_096.esd
30.03.2016 17:41:27	Delete d:\CB_IN\a3006960_098.esd
30.03.2016 17:41:27	Delete d:\CB_IN\a3006960_099.epd
30.03.2016 17:41:27	Delete d:\CB_IN\a3006960_100.esd
30.03.2016 17:41:27	Delete d:\CB_IN\a3006960_101.esd
30.03.2016 17:41:27	Удалено 4 файлов
30.03.2016 17:49:32	Copy d:\CB_IN\a3006960_096.esd --> M:\CB_IN
30.03.2016 17:49:33	Copy d:\CB_IN\a3006960_102.esd --> M:\CB_IN
30.03.2016 17:49:33	Copy d:\CB_IN\a3006960_103.esd --> M:\CB_IN
30.03.2016 17:49:33	Скопировано 3 файлов
30.03.2016 17:49:33	Delete d:\CB_IN\a3006960_096.esd
30.03.2016 17:49:33	Delete d:\CB_IN\a3006960_102.esd
30.03.2016 17:49:34	Delete d:\CB_IN\a3006960_103.esd
30.03.2016 17:49:34	Удалено 3 файлов
30.03.2016 18:03:24	Copy d:\CB_IN\a3006960_104.esd --> M:\CB_IN
30.03.2016 18:03:24	Copy d:\CB_IN\a3006960_105.epd --> M:\CB_IN
30.03.2016 18:03:25	Copy d:\CB_IN\a3006960_106.esd --> M:\CB_IN
30.03.2016 18:03:25	Copy d:\CB_IN\a3006960_107.esd --> M:\CB_IN
30.03.2016 18:03:25	Скопировано 4 файлов
30.03.2016 18:03:25	Error copy d:\CB_IN\a3006960_104.esd
30.03.2016 18:03:25	Delete d:\CB_IN\a3006960_105.epd
30.03.2016 18:03:25	Delete d:\CB_IN\a3006960_106.esd
30.03.2016 18:03:25	Delete d:\CB_IN\a3006960_107.esd
30.03.2016 18:03:25	Удалено 3 файлов
