31.03.2016 07:51:10	Copy d:\CB_IN\a3006960_104.esd --> M:\CB_IN
31.03.2016 07:51:11	Copy d:\CB_IN\a3106960_108.esd --> M:\CB_IN
31.03.2016 07:51:11	Copy d:\CB_IN\a3106960_109.epd --> M:\CB_IN
31.03.2016 07:51:12	Copy d:\CB_IN\a3106960_110.esd --> M:\CB_IN
31.03.2016 07:51:12	Copy d:\CB_IN\a3106960_111.esd --> M:\CB_IN
31.03.2016 07:51:13	Copy d:\CB_IN\a3106960_112.epd --> M:\CB_IN
31.03.2016 07:51:13	Copy d:\CB_IN\a3106960_113.epd --> M:\CB_IN
31.03.2016 07:51:14	Copy d:\CB_IN\a3106960_114.esd --> M:\CB_IN
31.03.2016 07:51:14	Copy d:\CB_IN\a3106960_115.epd --> M:\CB_IN
31.03.2016 07:51:15	Copy d:\CB_IN\a3106960_116.esd --> M:\CB_IN
31.03.2016 07:51:15	Copy d:\CB_IN\a3106960_117.esd --> M:\CB_IN
31.03.2016 07:51:15	Copy d:\CB_IN\a3106960_118.epd --> M:\CB_IN
31.03.2016 07:51:16	Copy d:\CB_IN\a3106960_119.esd --> M:\CB_IN
31.03.2016 07:51:16	Copy d:\CB_IN\a3106960_120.epd --> M:\CB_IN
31.03.2016 07:51:17	Copy d:\CB_IN\a3106960_121.epd --> M:\CB_IN
31.03.2016 07:51:17	Copy d:\CB_IN\a3106960_122.esd --> M:\CB_IN
31.03.2016 07:51:17	Copy d:\CB_IN\a3106960_123.esd --> M:\CB_IN
31.03.2016 07:51:18	Copy d:\CB_IN\a3106960_124.epd --> M:\CB_IN
31.03.2016 07:51:18	Copy d:\CB_IN\a3106960_125.esd --> M:\CB_IN
31.03.2016 07:51:19	Copy d:\CB_IN\a3106960_126.esd --> M:\CB_IN
31.03.2016 07:51:19	Copy d:\CB_IN\a3106960_127.epd --> M:\CB_IN
31.03.2016 07:51:19	Copy d:\CB_IN\a3106960_128.epd --> M:\CB_IN
31.03.2016 07:51:20	Copy d:\CB_IN\a3106960_129.esd --> M:\CB_IN
31.03.2016 07:51:20	Copy d:\CB_IN\a3106960_130.esd --> M:\CB_IN
31.03.2016 07:51:21	Copy d:\CB_IN\a3106960_131.epd --> M:\CB_IN
31.03.2016 07:51:21	Copy d:\CB_IN\a3106960_132.esd --> M:\CB_IN
31.03.2016 07:51:21	Copy d:\CB_IN\a3106960_133.esd --> M:\CB_IN
31.03.2016 07:51:22	Copy d:\CB_IN\a3106960_134.esd --> M:\CB_IN
31.03.2016 07:51:22	Copy d:\CB_IN\a3106960_135.esd --> M:\CB_IN
31.03.2016 07:51:23	Copy d:\CB_IN\a3106960_136.esd --> M:\CB_IN
31.03.2016 07:51:23	Скопировано 30 файлов
31.03.2016 07:51:23	Error copy d:\CB_IN\a3006960_104.esd
31.03.2016 07:51:23	Delete d:\CB_IN\a3106960_108.esd
31.03.2016 07:51:23	Delete d:\CB_IN\a3106960_109.epd
31.03.2016 07:51:23	Delete d:\CB_IN\a3106960_110.esd
31.03.2016 07:51:24	Delete d:\CB_IN\a3106960_111.esd
31.03.2016 07:51:24	Delete d:\CB_IN\a3106960_112.epd
31.03.2016 07:51:24	Delete d:\CB_IN\a3106960_113.epd
31.03.2016 07:51:24	Delete d:\CB_IN\a3106960_114.esd
31.03.2016 07:51:24	Delete d:\CB_IN\a3106960_115.epd
31.03.2016 07:51:24	Delete d:\CB_IN\a3106960_116.esd
31.03.2016 07:51:24	Delete d:\CB_IN\a3106960_117.esd
31.03.2016 07:51:24	Delete d:\CB_IN\a3106960_118.epd
31.03.2016 07:51:25	Delete d:\CB_IN\a3106960_119.esd
31.03.2016 07:51:25	Delete d:\CB_IN\a3106960_120.epd
31.03.2016 07:51:25	Delete d:\CB_IN\a3106960_121.epd
31.03.2016 07:51:25	Delete d:\CB_IN\a3106960_122.esd
31.03.2016 07:51:25	Delete d:\CB_IN\a3106960_123.esd
31.03.2016 07:51:25	Delete d:\CB_IN\a3106960_124.epd
31.03.2016 07:51:25	Delete d:\CB_IN\a3106960_125.esd
31.03.2016 07:51:26	Delete d:\CB_IN\a3106960_126.esd
31.03.2016 07:51:26	Delete d:\CB_IN\a3106960_127.epd
31.03.2016 07:51:26	Delete d:\CB_IN\a3106960_128.epd
31.03.2016 07:51:26	Delete d:\CB_IN\a3106960_129.esd
31.03.2016 07:51:26	Delete d:\CB_IN\a3106960_130.esd
31.03.2016 07:51:26	Delete d:\CB_IN\a3106960_131.epd
31.03.2016 07:51:26	Delete d:\CB_IN\a3106960_132.esd
31.03.2016 07:51:27	Delete d:\CB_IN\a3106960_133.esd
31.03.2016 07:51:27	Delete d:\CB_IN\a3106960_134.esd
31.03.2016 07:51:27	Delete d:\CB_IN\a3106960_135.esd
31.03.2016 07:51:27	Delete d:\CB_IN\a3106960_136.esd
31.03.2016 07:51:27	Удалено 29 файлов
31.03.2016 09:25:22	Copy d:\CB_IN\a3006960_104.esd --> M:\CB_IN
31.03.2016 09:25:25	Copy d:\CB_IN\a3106960_001.esd --> M:\CB_IN
31.03.2016 09:25:25	Copy d:\CB_IN\a3106960_002.esd --> M:\CB_IN
31.03.2016 09:25:25	Copy d:\CB_IN\a3106960_003.esd --> M:\CB_IN
31.03.2016 09:25:26	Copy d:\CB_IN\a3106960_004.epd --> M:\CB_IN
31.03.2016 09:25:26	Скопировано 5 файлов
31.03.2016 09:25:26	Delete d:\CB_IN\a3006960_104.esd
31.03.2016 09:25:26	Delete d:\CB_IN\a3106960_001.esd
31.03.2016 09:25:26	Delete d:\CB_IN\a3106960_002.esd
31.03.2016 09:25:26	Delete d:\CB_IN\a3106960_003.esd
31.03.2016 09:25:27	Delete d:\CB_IN\a3106960_004.epd
31.03.2016 09:25:27	Удалено 5 файлов
31.03.2016 10:01:03	Copy d:\CB_IN\a3106960_005.epd --> M:\CB_IN
31.03.2016 10:01:04	Copy d:\CB_IN\a3106960_006.esd --> M:\CB_IN
31.03.2016 10:01:04	Copy d:\CB_IN\a3106960_007.esd --> M:\CB_IN
31.03.2016 10:01:05	Copy d:\CB_IN\a3106960_008.epd --> M:\CB_IN
31.03.2016 10:01:05	Copy d:\CB_IN\a3106960_009.esd --> M:\CB_IN
31.03.2016 10:01:06	Copy d:\CB_IN\a3106960_010.esd --> M:\CB_IN
31.03.2016 10:01:06	Скопировано 6 файлов
31.03.2016 10:01:06	Delete d:\CB_IN\a3106960_005.epd
31.03.2016 10:01:06	Delete d:\CB_IN\a3106960_006.esd
31.03.2016 10:01:06	Delete d:\CB_IN\a3106960_007.esd
31.03.2016 10:01:06	Delete d:\CB_IN\a3106960_008.epd
31.03.2016 10:01:06	Delete d:\CB_IN\a3106960_009.esd
31.03.2016 10:01:06	Delete d:\CB_IN\a3106960_010.esd
31.03.2016 10:01:06	Удалено 6 файлов
31.03.2016 10:21:31	Copy d:\CB_IN\a3106960_011.esd --> M:\CB_IN
31.03.2016 10:21:32	Copy d:\CB_IN\a3106960_012.esd --> M:\CB_IN
31.03.2016 10:21:32	Copy d:\CB_IN\a3106960_013.esd --> M:\CB_IN
31.03.2016 10:21:33	Copy d:\CB_IN\a3106960_014.epd --> M:\CB_IN
31.03.2016 10:21:33	Copy d:\CB_IN\a3106960_015.esd --> M:\CB_IN
31.03.2016 10:21:33	Скопировано 5 файлов
31.03.2016 10:21:33	Error copy d:\CB_IN\a3106960_011.esd
31.03.2016 10:21:33	Delete d:\CB_IN\a3106960_012.esd
31.03.2016 10:21:33	Delete d:\CB_IN\a3106960_013.esd
31.03.2016 10:21:33	Delete d:\CB_IN\a3106960_014.epd
31.03.2016 10:21:34	Delete d:\CB_IN\a3106960_015.esd
31.03.2016 10:21:34	Удалено 4 файлов
31.03.2016 10:32:43	Copy d:\CB_IN\a3106960_011.esd --> M:\CB_IN
31.03.2016 10:32:43	Скопировано 1 файлов
31.03.2016 10:32:43	Delete d:\CB_IN\a3106960_011.esd
31.03.2016 10:32:43	Удалено 1 файлов
31.03.2016 10:47:44	Copy d:\CB_IN\a3106960_016.epd --> M:\CB_IN
31.03.2016 10:47:44	Copy d:\CB_IN\a3106960_017.esd --> M:\CB_IN
31.03.2016 10:47:45	Copy d:\CB_IN\a3106960_018.esd --> M:\CB_IN
31.03.2016 10:47:45	Copy d:\CB_IN\a3106960_019.esd --> M:\CB_IN
31.03.2016 10:47:45	Скопировано 4 файлов
31.03.2016 10:47:45	Delete d:\CB_IN\a3106960_016.epd
31.03.2016 10:47:45	Delete d:\CB_IN\a3106960_017.esd
31.03.2016 10:47:45	Delete d:\CB_IN\a3106960_018.esd
31.03.2016 10:47:45	Delete d:\CB_IN\a3106960_019.esd
31.03.2016 10:47:45	Удалено 4 файлов
31.03.2016 11:16:12	Copy d:\CB_IN\a3106960_020.esd --> M:\CB_IN
31.03.2016 11:16:13	Copy d:\CB_IN\a3106960_021.epd --> M:\CB_IN
31.03.2016 11:16:13	Скопировано 2 файлов
31.03.2016 11:16:13	Delete d:\CB_IN\a3106960_020.esd
31.03.2016 11:16:13	Delete d:\CB_IN\a3106960_021.epd
31.03.2016 11:16:13	Удалено 2 файлов
31.03.2016 11:31:25	Copy d:\CB_IN\a3106960_022.esd --> M:\CB_IN
31.03.2016 11:31:25	Copy d:\CB_IN\a3106960_023.epd --> M:\CB_IN
31.03.2016 11:31:26	Copy d:\CB_IN\a3106960_024.esd --> M:\CB_IN
31.03.2016 11:31:26	Copy d:\CB_IN\a3106960_025.esd --> M:\CB_IN
31.03.2016 11:31:26	Скопировано 4 файлов
31.03.2016 11:31:26	Error copy d:\CB_IN\a3106960_022.esd
31.03.2016 11:31:26	Delete d:\CB_IN\a3106960_023.epd
31.03.2016 11:31:27	Delete d:\CB_IN\a3106960_024.esd
31.03.2016 11:31:27	Delete d:\CB_IN\a3106960_025.esd
31.03.2016 11:31:27	Удалено 3 файлов
31.03.2016 11:49:48	Copy d:\CB_IN\a3106960_022.esd --> M:\CB_IN
31.03.2016 11:49:48	Copy d:\CB_IN\a3106960_026.esd --> M:\CB_IN
31.03.2016 11:49:49	Copy d:\CB_IN\a3106960_027.epd --> M:\CB_IN
31.03.2016 11:49:49	Скопировано 3 файлов
31.03.2016 11:49:49	Error copy d:\CB_IN\a3106960_022.esd
31.03.2016 11:49:49	Delete d:\CB_IN\a3106960_026.esd
31.03.2016 11:49:49	Delete d:\CB_IN\a3106960_027.epd
31.03.2016 11:49:49	Удалено 2 файлов
31.03.2016 11:56:02	Copy d:\CB_IN\a3106960_022.esd --> M:\CB_IN
31.03.2016 11:56:02	Copy d:\CB_IN\a3106960_028.esd --> M:\CB_IN
31.03.2016 11:56:03	Copy d:\CB_IN\a3106960_029.esd --> M:\CB_IN
31.03.2016 11:56:03	Скопировано 3 файлов
31.03.2016 11:56:03	Error copy d:\CB_IN\a3106960_022.esd
31.03.2016 11:56:03	Delete d:\CB_IN\a3106960_028.esd
31.03.2016 11:56:04	Delete d:\CB_IN\a3106960_029.esd
31.03.2016 11:56:04	Удалено 2 файлов
31.03.2016 12:17:34	Copy d:\CB_IN\a3106960_022.esd --> M:\CB_IN
31.03.2016 12:17:34	Copy d:\CB_IN\a3106960_030.epd --> M:\CB_IN
31.03.2016 12:17:35	Copy d:\CB_IN\a3106960_031.esd --> M:\CB_IN
31.03.2016 12:17:35	Copy d:\CB_IN\a3106960_032.esd --> M:\CB_IN
31.03.2016 12:17:35	Copy d:\CB_IN\a3106960_033.esd --> M:\CB_IN
31.03.2016 12:17:35	Скопировано 5 файлов
31.03.2016 12:17:36	Delete d:\CB_IN\a3106960_022.esd
31.03.2016 12:17:36	Delete d:\CB_IN\a3106960_030.epd
31.03.2016 12:17:36	Delete d:\CB_IN\a3106960_031.esd
31.03.2016 12:17:36	Delete d:\CB_IN\a3106960_032.esd
31.03.2016 12:17:36	Delete d:\CB_IN\a3106960_033.esd
31.03.2016 12:17:36	Удалено 5 файлов
31.03.2016 12:49:00	Copy d:\CB_IN\a3106960_034.esd --> M:\CB_IN
31.03.2016 12:49:00	Copy d:\CB_IN\a3106960_035.epd --> M:\CB_IN
31.03.2016 12:49:01	Copy d:\CB_IN\a3106960_036.esd --> M:\CB_IN
31.03.2016 12:49:01	Copy d:\CB_IN\a3106960_037.esd --> M:\CB_IN
31.03.2016 12:49:02	Copy d:\CB_IN\a3106960_038.epd --> M:\CB_IN
31.03.2016 12:49:02	Copy d:\CB_IN\a3106960_039.esd --> M:\CB_IN
31.03.2016 12:49:02	Copy d:\CB_IN\a3106960_040.esd --> M:\CB_IN
31.03.2016 12:49:02	Скопировано 7 файлов
31.03.2016 12:49:02	Error copy d:\CB_IN\a3106960_034.esd
31.03.2016 12:49:03	Delete d:\CB_IN\a3106960_035.epd
31.03.2016 12:49:03	Delete d:\CB_IN\a3106960_036.esd
31.03.2016 12:49:03	Delete d:\CB_IN\a3106960_037.esd
31.03.2016 12:49:03	Delete d:\CB_IN\a3106960_038.epd
31.03.2016 12:49:03	Delete d:\CB_IN\a3106960_039.esd
31.03.2016 12:49:03	Delete d:\CB_IN\a3106960_040.esd
31.03.2016 12:49:03	Удалено 6 файлов
31.03.2016 12:58:29	Copy d:\CB_IN\a3106960_034.esd --> M:\CB_IN
31.03.2016 12:58:30	Copy d:\CB_IN\a3106960_041.epd --> M:\CB_IN
31.03.2016 12:58:30	Copy d:\CB_IN\a3106960_042.esd --> M:\CB_IN
31.03.2016 12:58:31	Copy d:\CB_IN\a3106960_043.esd --> M:\CB_IN
31.03.2016 12:58:31	Copy d:\CB_IN\a3106960_044.esd --> M:\CB_IN
31.03.2016 12:58:31	Скопировано 5 файлов
31.03.2016 12:58:31	Error copy d:\CB_IN\a3106960_034.esd
31.03.2016 12:58:31	Delete d:\CB_IN\a3106960_041.epd
31.03.2016 12:58:31	Delete d:\CB_IN\a3106960_042.esd
31.03.2016 12:58:32	Delete d:\CB_IN\a3106960_043.esd
31.03.2016 12:58:32	Delete d:\CB_IN\a3106960_044.esd
31.03.2016 12:58:32	Удалено 4 файлов
31.03.2016 14:09:21	Copy d:\CB_IN\a3106960_034.esd --> M:\CB_IN
31.03.2016 14:09:22	Copy d:\CB_IN\a3106960_045.esd --> M:\CB_IN
31.03.2016 14:09:22	Copy d:\CB_IN\a3106960_046.epd --> M:\CB_IN
31.03.2016 14:09:23	Copy d:\CB_IN\a3106960_047.esd --> M:\CB_IN
31.03.2016 14:09:23	Copy d:\CB_IN\a3106960_048.epd --> M:\CB_IN
31.03.2016 14:09:24	Copy d:\CB_IN\a3106960_049.esd --> M:\CB_IN
31.03.2016 14:09:24	Copy d:\CB_IN\a3106960_050.epd --> M:\CB_IN
31.03.2016 14:09:24	Copy d:\CB_IN\a3106960_051.esd --> M:\CB_IN
31.03.2016 14:09:25	Copy d:\CB_IN\a3106960_052.epd --> M:\CB_IN
31.03.2016 14:09:25	Copy d:\CB_IN\a3106960_053.esd --> M:\CB_IN
31.03.2016 14:09:25	Скопировано 10 файлов
31.03.2016 14:09:25	Error copy d:\CB_IN\a3106960_034.esd
31.03.2016 14:09:25	Delete d:\CB_IN\a3106960_045.esd
31.03.2016 14:09:26	Delete d:\CB_IN\a3106960_046.epd
31.03.2016 14:09:26	Delete d:\CB_IN\a3106960_047.esd
31.03.2016 14:09:26	Delete d:\CB_IN\a3106960_048.epd
31.03.2016 14:09:26	Delete d:\CB_IN\a3106960_049.esd
31.03.2016 14:09:26	Delete d:\CB_IN\a3106960_050.epd
31.03.2016 14:09:26	Delete d:\CB_IN\a3106960_051.esd
31.03.2016 14:09:26	Delete d:\CB_IN\a3106960_052.epd
31.03.2016 14:09:27	Delete d:\CB_IN\a3106960_053.esd
31.03.2016 14:09:27	Удалено 9 файлов
31.03.2016 14:23:43	Copy d:\CB_IN\a3106960_034.esd --> M:\CB_IN
31.03.2016 14:23:44	Copy d:\CB_IN\a3106960_054.epd --> M:\CB_IN
31.03.2016 14:23:44	Copy d:\CB_IN\a3106960_055.esd --> M:\CB_IN
31.03.2016 14:23:45	Copy d:\CB_IN\a3106960_056.esd --> M:\CB_IN
31.03.2016 14:23:45	Copy d:\CB_IN\a3106960_057.esd --> M:\CB_IN
31.03.2016 14:23:45	Скопировано 5 файлов
31.03.2016 14:23:45	Error copy d:\CB_IN\a3106960_034.esd
31.03.2016 14:23:45	Delete d:\CB_IN\a3106960_054.epd
31.03.2016 14:23:45	Delete d:\CB_IN\a3106960_055.esd
31.03.2016 14:23:45	Delete d:\CB_IN\a3106960_056.esd
31.03.2016 14:23:45	Delete d:\CB_IN\a3106960_057.esd
31.03.2016 14:23:45	Удалено 4 файлов
31.03.2016 14:28:26	Copy d:\CB_IN\a3106960_034.esd --> M:\CB_IN
31.03.2016 14:28:27	Copy d:\CB_IN\a3106960_058.esd --> M:\CB_IN
31.03.2016 14:28:27	Copy d:\CB_IN\a3106960_059.esd --> M:\CB_IN
31.03.2016 14:28:27	Скопировано 3 файлов
31.03.2016 14:28:27	Delete d:\CB_IN\a3106960_034.esd
31.03.2016 14:28:27	Delete d:\CB_IN\a3106960_058.esd
31.03.2016 14:28:28	Delete d:\CB_IN\a3106960_059.esd
31.03.2016 14:28:28	Удалено 3 файлов
31.03.2016 14:35:23	Copy d:\CB_IN\a3106960_060.esd --> M:\CB_IN
31.03.2016 14:35:23	Copy d:\CB_IN\a3106960_061.esd --> M:\CB_IN
31.03.2016 14:35:23	Скопировано 2 файлов
31.03.2016 14:35:23	Error copy d:\CB_IN\a3106960_060.esd
31.03.2016 14:35:24	Delete d:\CB_IN\a3106960_061.esd
31.03.2016 14:35:24	Удалено 1 файлов
31.03.2016 14:52:27	Copy d:\CB_IN\a3106960_060.esd --> M:\CB_IN
31.03.2016 14:52:27	Copy d:\CB_IN\a3106960_062.esd --> M:\CB_IN
31.03.2016 14:52:28	Copy d:\CB_IN\a3106960_063.epd --> M:\CB_IN
31.03.2016 14:52:28	Copy d:\CB_IN\a3106960_064.esd --> M:\CB_IN
31.03.2016 14:52:28	Copy d:\CB_IN\a3106960_065.esd --> M:\CB_IN
31.03.2016 14:52:28	Скопировано 5 файлов
31.03.2016 14:52:28	Error copy d:\CB_IN\a3106960_060.esd
31.03.2016 14:52:28	Delete d:\CB_IN\a3106960_062.esd
31.03.2016 14:52:29	Delete d:\CB_IN\a3106960_063.epd
31.03.2016 14:52:29	Delete d:\CB_IN\a3106960_064.esd
31.03.2016 14:52:29	Delete d:\CB_IN\a3106960_065.esd
31.03.2016 14:52:29	Удалено 4 файлов
31.03.2016 15:11:05	Copy d:\CB_IN\a3106960_060.esd --> M:\CB_IN
31.03.2016 15:11:06	Copy d:\CB_IN\a3106960_066.esd --> M:\CB_IN
31.03.2016 15:11:06	Copy d:\CB_IN\a3106960_067.epd --> M:\CB_IN
31.03.2016 15:11:06	Скопировано 3 файлов
31.03.2016 15:11:06	Error copy d:\CB_IN\a3106960_060.esd
31.03.2016 15:11:06	Delete d:\CB_IN\a3106960_066.esd
31.03.2016 15:11:06	Delete d:\CB_IN\a3106960_067.epd
31.03.2016 15:11:06	Удалено 2 файлов
31.03.2016 15:16:51	Copy d:\CB_IN\a3106960_060.esd --> M:\CB_IN
31.03.2016 15:16:52	Copy d:\CB_IN\a3106960_068.esd --> M:\CB_IN
31.03.2016 15:16:52	Copy d:\CB_IN\a3106960_069.esd --> M:\CB_IN
31.03.2016 15:16:52	Скопировано 3 файлов
31.03.2016 15:16:52	Delete d:\CB_IN\a3106960_060.esd
31.03.2016 15:16:52	Delete d:\CB_IN\a3106960_068.esd
31.03.2016 15:16:52	Delete d:\CB_IN\a3106960_069.esd
31.03.2016 15:16:52	Удалено 3 файлов
31.03.2016 15:23:59	Copy d:\CB_IN\a3106960_070.epd --> M:\CB_IN
31.03.2016 15:23:59	Copy d:\CB_IN\a3106960_071.esd --> M:\CB_IN
31.03.2016 15:24:00	Copy d:\CB_IN\a3106960_072.esd --> M:\CB_IN
31.03.2016 15:24:00	Скопировано 3 файлов
31.03.2016 15:24:00	Delete d:\CB_IN\a3106960_070.epd
31.03.2016 15:24:00	Delete d:\CB_IN\a3106960_071.esd
31.03.2016 15:24:00	Delete d:\CB_IN\a3106960_072.esd
31.03.2016 15:24:00	Удалено 3 файлов
31.03.2016 15:38:18	Copy d:\CB_IN\a3106960_073.esd --> M:\CB_IN
31.03.2016 15:38:18	Copy d:\CB_IN\a3106960_074.epd --> M:\CB_IN
31.03.2016 15:38:18	Скопировано 2 файлов
31.03.2016 15:38:18	Delete d:\CB_IN\a3106960_073.esd
31.03.2016 15:38:18	Delete d:\CB_IN\a3106960_074.epd
31.03.2016 15:38:18	Удалено 2 файлов
31.03.2016 15:41:39	Copy d:\CB_IN\a3106960_075.esd --> M:\CB_IN
31.03.2016 15:41:39	Copy d:\CB_IN\a3106960_076.esd --> M:\CB_IN
31.03.2016 15:41:39	Copy d:\CB_IN\a3106960_077.esd --> M:\CB_IN
31.03.2016 15:41:40	Copy d:\CB_IN\a3106960_078.esd --> M:\CB_IN
31.03.2016 15:41:40	Скопировано 4 файлов
31.03.2016 15:41:40	Error copy d:\CB_IN\a3106960_075.esd
31.03.2016 15:41:40	Delete d:\CB_IN\a3106960_076.esd
31.03.2016 15:41:40	Delete d:\CB_IN\a3106960_077.esd
31.03.2016 15:41:40	Delete d:\CB_IN\a3106960_078.esd
31.03.2016 15:41:40	Удалено 3 файлов
31.03.2016 15:50:11	Copy d:\CB_IN\a3106960_075.esd --> M:\CB_IN
31.03.2016 15:50:11	Copy d:\CB_IN\a3106960_079.esd --> M:\CB_IN
31.03.2016 15:50:12	Copy d:\CB_IN\a3106960_080.esd --> M:\CB_IN
31.03.2016 15:50:12	Copy d:\CB_IN\a3106960_081.epd --> M:\CB_IN
31.03.2016 15:50:12	Copy d:\CB_IN\a3106960_082.esd --> M:\CB_IN
31.03.2016 15:50:12	Скопировано 5 файлов
31.03.2016 15:50:12	Error copy d:\CB_IN\a3106960_075.esd
31.03.2016 15:50:13	Delete d:\CB_IN\a3106960_079.esd
31.03.2016 15:50:13	Delete d:\CB_IN\a3106960_080.esd
31.03.2016 15:50:13	Delete d:\CB_IN\a3106960_081.epd
31.03.2016 15:50:13	Delete d:\CB_IN\a3106960_082.esd
31.03.2016 15:50:13	Удалено 4 файлов
31.03.2016 16:08:10	Copy d:\CB_IN\a3106960_075.esd --> M:\CB_IN
31.03.2016 16:08:11	Copy d:\CB_IN\a3106960_083.esd --> M:\CB_IN
31.03.2016 16:08:11	Copy d:\CB_IN\a3106960_084.epd --> M:\CB_IN
31.03.2016 16:08:11	Copy d:\CB_IN\a3106960_085.esd --> M:\CB_IN
31.03.2016 16:08:12	Copy d:\CB_IN\a3106960_086.epd --> M:\CB_IN
31.03.2016 16:08:12	Скопировано 5 файлов
31.03.2016 16:08:12	Error copy d:\CB_IN\a3106960_075.esd
31.03.2016 16:08:12	Delete d:\CB_IN\a3106960_083.esd
31.03.2016 16:08:12	Delete d:\CB_IN\a3106960_084.epd
31.03.2016 16:08:12	Delete d:\CB_IN\a3106960_085.esd
31.03.2016 16:08:12	Delete d:\CB_IN\a3106960_086.epd
31.03.2016 16:08:12	Удалено 4 файлов
31.03.2016 16:27:50	Copy d:\CB_IN\a3106960_075.esd --> M:\CB_IN
31.03.2016 16:27:51	Copy d:\CB_IN\a3106960_087.esd --> M:\CB_IN
31.03.2016 16:27:51	Copy d:\CB_IN\a3106960_088.esd --> M:\CB_IN
31.03.2016 16:27:52	Copy d:\CB_IN\a3106960_089.epd --> M:\CB_IN
31.03.2016 16:27:52	Copy d:\CB_IN\a3106960_090.esd --> M:\CB_IN
31.03.2016 16:27:53	Copy d:\CB_IN\a3106960_091.esd --> M:\CB_IN
31.03.2016 16:27:53	Copy d:\CB_IN\a3106960_092.esd --> M:\CB_IN
31.03.2016 16:27:53	Скопировано 7 файлов
31.03.2016 16:27:53	Error copy d:\CB_IN\a3106960_075.esd
31.03.2016 16:27:53	Delete d:\CB_IN\a3106960_087.esd
31.03.2016 16:27:53	Delete d:\CB_IN\a3106960_088.esd
31.03.2016 16:27:54	Delete d:\CB_IN\a3106960_089.epd
31.03.2016 16:27:54	Delete d:\CB_IN\a3106960_090.esd
31.03.2016 16:27:54	Delete d:\CB_IN\a3106960_091.esd
31.03.2016 16:27:54	Delete d:\CB_IN\a3106960_092.esd
31.03.2016 16:27:54	Удалено 6 файлов
31.03.2016 16:31:09	Copy d:\CB_IN\a3106960_075.esd --> M:\CB_IN
31.03.2016 16:31:09	Скопировано 1 файлов
31.03.2016 16:31:09	Delete d:\CB_IN\a3106960_075.esd
31.03.2016 16:31:09	Удалено 1 файлов
31.03.2016 16:36:05	Copy d:\CB_IN\a3106960_093.esd --> M:\CB_IN
31.03.2016 16:36:06	Copy d:\CB_IN\a3106960_094.esd --> M:\CB_IN
31.03.2016 16:36:06	Скопировано 2 файлов
31.03.2016 16:36:06	Error copy d:\CB_IN\a3106960_093.esd
31.03.2016 16:36:06	Delete d:\CB_IN\a3106960_094.esd
31.03.2016 16:36:06	Удалено 1 файлов
31.03.2016 16:49:26	Copy d:\CB_IN\a3106960_093.esd --> M:\CB_IN
31.03.2016 16:49:26	Copy d:\CB_IN\a3106960_095.epd --> M:\CB_IN
31.03.2016 16:49:27	Copy d:\CB_IN\a3106960_096.esd --> M:\CB_IN
31.03.2016 16:49:27	Скопировано 3 файлов
31.03.2016 16:49:27	Delete d:\CB_IN\a3106960_093.esd
31.03.2016 16:49:27	Delete d:\CB_IN\a3106960_095.epd
31.03.2016 16:49:27	Delete d:\CB_IN\a3106960_096.esd
31.03.2016 16:49:27	Удалено 3 файлов
31.03.2016 17:01:58	Copy d:\CB_IN\a3106960_097.epd --> M:\CB_IN
31.03.2016 17:01:59	Copy d:\CB_IN\a3106960_098.esd --> M:\CB_IN
31.03.2016 17:01:59	Copy d:\CB_IN\a3106960_099.epd --> M:\CB_IN
31.03.2016 17:02:00	Copy d:\CB_IN\a3106960_100.esd --> M:\CB_IN
31.03.2016 17:02:00	Скопировано 4 файлов
31.03.2016 17:02:00	Delete d:\CB_IN\a3106960_097.epd
31.03.2016 17:02:00	Delete d:\CB_IN\a3106960_098.esd
31.03.2016 17:02:00	Delete d:\CB_IN\a3106960_099.epd
31.03.2016 17:02:00	Delete d:\CB_IN\a3106960_100.esd
31.03.2016 17:02:00	Удалено 4 файлов
31.03.2016 17:20:44	Copy d:\CB_IN\a3106960_101.esd --> M:\CB_IN
31.03.2016 17:20:45	Copy d:\CB_IN\a3106960_102.epd --> M:\CB_IN
31.03.2016 17:20:45	Copy d:\CB_IN\a3106960_103.esd --> M:\CB_IN
31.03.2016 17:20:46	Copy d:\CB_IN\a3106960_104.esd --> M:\CB_IN
31.03.2016 17:20:46	Copy d:\CB_IN\a3106960_105.esd --> M:\CB_IN
31.03.2016 17:20:46	Скопировано 5 файлов
31.03.2016 17:20:46	Error copy d:\CB_IN\a3106960_101.esd
31.03.2016 17:20:46	Delete d:\CB_IN\a3106960_102.epd
31.03.2016 17:20:46	Delete d:\CB_IN\a3106960_103.esd
31.03.2016 17:20:47	Delete d:\CB_IN\a3106960_104.esd
31.03.2016 17:20:47	Delete d:\CB_IN\a3106960_105.esd
31.03.2016 17:20:47	Удалено 4 файлов
31.03.2016 17:30:50	Copy d:\CB_IN\a3106960_101.esd --> M:\CB_IN
31.03.2016 17:30:51	Copy d:\CB_IN\a3106960_106.esd --> M:\CB_IN
31.03.2016 17:30:51	Copy d:\CB_IN\a3106960_107.esd --> M:\CB_IN
31.03.2016 17:30:51	Copy d:\CB_IN\a3106960_108.esd --> M:\CB_IN
31.03.2016 17:30:52	Copy d:\CB_IN\a3106960_109.esd --> M:\CB_IN
31.03.2016 17:30:52	Скопировано 5 файлов
31.03.2016 17:30:52	Delete d:\CB_IN\a3106960_101.esd
31.03.2016 17:30:52	Delete d:\CB_IN\a3106960_106.esd
31.03.2016 17:30:52	Delete d:\CB_IN\a3106960_107.esd
31.03.2016 17:30:52	Delete d:\CB_IN\a3106960_108.esd
31.03.2016 17:30:52	Delete d:\CB_IN\a3106960_109.esd
31.03.2016 17:30:52	Удалено 5 файлов
31.03.2016 17:39:36	Copy d:\CB_IN\a3106960_110.epd --> M:\CB_IN
31.03.2016 17:39:36	Copy d:\CB_IN\a3106960_111.esd --> M:\CB_IN
31.03.2016 17:39:36	Скопировано 2 файлов
31.03.2016 17:39:36	Delete d:\CB_IN\a3106960_110.epd
31.03.2016 17:39:36	Delete d:\CB_IN\a3106960_111.esd
31.03.2016 17:39:36	Удалено 2 файлов
31.03.2016 17:51:02	Copy d:\CB_IN\a3106960_112.esd --> M:\CB_IN
31.03.2016 17:51:02	Copy d:\CB_IN\a3106960_113.esd --> M:\CB_IN
31.03.2016 17:51:02	Скопировано 2 файлов
31.03.2016 17:51:02	Error copy d:\CB_IN\a3106960_112.esd
31.03.2016 17:51:02	Delete d:\CB_IN\a3106960_113.esd
31.03.2016 17:51:02	Удалено 1 файлов
31.03.2016 17:58:02	Copy d:\CB_IN\a3106960_112.esd --> M:\CB_IN
31.03.2016 17:58:03	Copy d:\CB_IN\a3106960_114.esd --> M:\CB_IN
31.03.2016 17:58:03	Copy d:\CB_IN\a3106960_115.epd --> M:\CB_IN
31.03.2016 17:58:03	Скопировано 3 файлов
31.03.2016 17:58:03	Delete d:\CB_IN\a3106960_112.esd
31.03.2016 17:58:03	Delete d:\CB_IN\a3106960_114.esd
31.03.2016 17:58:03	Delete d:\CB_IN\a3106960_115.epd
31.03.2016 17:58:03	Удалено 3 файлов
