[2020-02-05 15:42:58Z] - INFO - Найдено 178 файл(а) в D:\Ps1\kppClean\in!
[2020-02-05 15:42:58Z] - INFO - BVD1_ZSV17102803_720320200204_239575_20200205_0002_000001_000001.XML
BVD1_ZSV17102803_720320200204_239575_20200205_0002_000001_000002.XML
BVD1_ZSV17102803_720320200204_239575_20200205_0002_000001_000003.XML
BVD1_ZSV17102803_720320200204_239575_20200205_0002_000001_000004.XML
BVD1_ZSV17102803_720320200204_239575_20200205_0002_000001_000005.XML
BVD1_ZSV17102803_720320200204_239575_20200205_0002_000001_000006.XML
BVD1_ZSV17102803_720320200204_239575_20200205_0002_000001_000007.XML
BVD1_ZSV17102803_720320200204_239575_20200205_0002_000001_000008.XML
BVD1_ZSV17102803_720320200204_239575_20200205_0002_000001_000009.XML
BVD1_ZSV17102803_720320200204_239575_20200205_0002_000001_000010.XML
BVD1_ZSV17102803_720320200204_239575_20200205_0002_000001_000011.XML
BVD1_ZSV17102803_720320200204_239575_20200205_0002_000001_000012.XML
BVD1_ZSV17102803_720320200204_239575_20200205_0002_000001_000013.XML
BVD1_ZSV17102803_720320200204_239575_20200205_0002_000001_000014.XML
BVD1_ZSV17102803_720320200204_239575_20200205_0002_000001_000015.XML
BVD1_ZSV17102803_720320200204_239575_20200205_0002_000001_000016.XML
BVD1_ZSV17102803_720320200204_239575_20200205_0002_000001_000017.XML
BVD1_ZSV17102803_720320200204_239575_20200205_0002_000001_000018.XML
BVD1_ZSV17102803_720320200204_239575_20200205_0002_000001_000019.XML
BVD1_ZSV17102803_720320200204_239575_20200205_0002_000001_000020.XML
BVD1_ZSV17102803_720320200204_239575_20200205_0002_000001_000021.XML
BVD1_ZSV17102803_720320200204_239575_20200205_0002_000001_000022.XML
BVD1_ZSV17102803_720320200204_239575_20200205_0002_000001_000023.XML
BVD1_ZSV17102803_720320200204_239575_20200205_0002_000001_000024.XML
BVD1_ZSV17102803_720320200204_239575_20200205_0002_000001_000025.XML
BVD1_ZSV17102803_720320200204_239575_20200205_0002_000001_000026.XML
BVD1_ZSV17102803_720320200204_239575_20200205_0002_000001_000027.XML
BVD1_ZSV17102803_720320200204_239575_20200205_0002_000001_000028.XML
BVD1_ZSV17102803_720320200204_239575_20200205_0002_000001_000029.XML
BVD1_ZSV17102803_720320200204_239575_20200205_0002_000001_000030.XML
BVD1_ZSV17102803_720320200204_239575_20200205_0002_000001_000031.XML
BVD1_ZSV17102803_720320200204_239575_20200205_0002_000001_000032.XML
BVD1_ZSV17102803_720320200204_239575_20200205_0002_000001_000033.XML
BVD1_ZSV17102803_720320200204_239575_20200205_0002_000001_000034.XML
BVD1_ZSV17102803_720320200204_239575_20200205_0002_000001_000035.XML
BVD1_ZSV17102803_720320200204_239575_20200205_0002_000001_000036.XML
BVD1_ZSV17102803_720320200204_239575_20200205_0002_000001_000037.XML
BVD1_ZSV17102803_720320200204_239575_20200205_0002_000001_000038.XML
BVD1_ZSV17102803_720320200204_239575_20200205_0002_000001_000039.XML
BVD1_ZSV17102803_720320200204_239575_20200205_0002_000001_000040.XML
BVD1_ZSV17102803_720320200204_239575_20200205_0002_000001_000041.XML
BVD1_ZSV17102803_720320200204_239575_20200205_0002_000001_000042.XML
BVD1_ZSV17102803_720320200204_239575_20200205_0002_000001_000043.XML
BVD1_ZSV17102803_720320200204_239575_20200205_0002_000001_000044.XML
BVD1_ZSV17102803_720320200204_239575_20200205_0002_000001_000045.XML
BVD1_ZSV17102803_720320200204_239575_20200205_0002_000001_000046.XML
BVD1_ZSV17102803_720320200204_239575_20200205_0002_000001_000047.XML
BVD1_ZSV17102803_720320200204_239575_20200205_0002_000001_000048.XML
BVD1_ZSV17102803_720320200204_239575_20200205_0002_000001_000049.XML
BVD1_ZSV17102803_720320200204_239575_20200205_0002_000001_000050.XML
BVD1_ZSV17102803_720320200204_239575_20200205_0002_000001_000051.XML
BVD1_ZSV17102803_720320200204_239575_20200205_0002_000001_000052.XML
BVD1_ZSV17102803_720320200204_239575_20200205_0002_000001_000053.XML
BVD1_ZSV17102803_720320200204_239575_20200205_0002_000001_000054.XML
BVD1_ZSV17102803_720320200204_239575_20200205_0002_000001_000055.XML
BVD1_ZSV17102803_720320200204_239575_20200205_0002_000001_000056.XML
BVD1_ZSV17102803_720320200204_239575_20200205_0002_000001_000057.XML
BVD1_ZSV17102803_720320200204_239575_20200205_0002_000001_000058.XML
BVD1_ZSV17102803_720320200204_239575_20200205_0002_000001_000059.XML
BVD1_ZSV17102803_720320200204_239575_20200205_0002_000001_000060.XML
BVD1_ZSV17102803_720320200204_239575_20200205_0002_000001_000061.XML
BVD1_ZSV17102803_720320200204_239575_20200205_0002_000001_000062.XML
BVD1_ZSV17102803_720320200204_239575_20200205_0002_000001_000063.XML
BVD1_ZSV17102803_720320200204_239575_20200205_0002_000001_000064.XML
BVD1_ZSV17102803_720320200204_239575_20200205_0002_000001_000065.XML
BVD1_ZSV17102803_720320200204_239575_20200205_0002_000001_000066.XML
BVD1_ZSV17102803_720320200204_239575_20200205_0002_000001_000067.XML
BVD1_ZSV17102803_720320200204_239575_20200205_0002_000001_000068.XML
BVD1_ZSV17102803_720320200204_239575_20200205_0002_000001_000069.XML
BVD1_ZSV17102803_720320200204_239575_20200205_0002_000001_000070.XML
BVD1_ZSV17102803_720320200204_239575_20200205_0002_000001_000071.XML
BVD1_ZSV17102803_720320200204_239575_20200205_0002_000001_000072.XML
BVD1_ZSV17102803_720320200204_239575_20200205_0002_000001_000073.XML
BVD1_ZSV17102803_720320200204_239575_20200205_0002_000001_000074.XML
BVD1_ZSV17102803_720320200204_239575_20200205_0002_000001_000075.XML
BVD1_ZSV17102803_720320200204_239575_20200205_0002_000001_000076.XML
BVD1_ZSV17102803_720320200204_239575_20200205_0002_000001_000077.XML
BVD1_ZSV17102803_720320200204_239575_20200205_0002_000001_000078.XML
BVD1_ZSV17102803_720320200204_239575_20200205_0002_000001_000079.XML
BVD1_ZSV17102803_720320200204_239575_20200205_0002_000001_000080.XML
BVD1_ZSV17102803_720320200204_239575_20200205_0002_000001_000081.XML
BVD1_ZSV17102803_720320200204_239575_20200205_0002_000001_000082.XML
BVD1_ZSV17102803_720320200204_239575_20200205_0002_000001_000083.XML
BVD1_ZSV17102803_720320200204_239575_20200205_0002_000001_000084.XML
BVD1_ZSV17102803_720320200204_239575_20200205_0002_000001_000085.XML
BVD1_ZSV17102803_720320200204_239575_20200205_0002_000001_000086.XML
BVD1_ZSV17102803_720320200204_239575_20200205_0002_000001_000087.XML
BVD1_ZSV17102803_720320200204_239575_20200205_0002_000001_000088.XML
BVD1_ZSV17102803_720320200204_239575_20200205_0002_000001_000089.XML
BVD1_ZSV17102803_720320200204_239575_20200205_0002_000001_000090.XML
BVD1_ZSV17102803_720320200204_239575_20200205_0002_000001_000091.XML
BVD1_ZSV17102803_720320200204_239575_20200205_0002_000001_000092.XML
BVD1_ZSV17102803_720320200204_239575_20200205_0002_000001_000093.XML
BVD1_ZSV17102803_720320200204_239575_20200205_0002_000001_000094.XML
BVD1_ZSV17102803_720320200204_239575_20200205_0002_000001_000095.XML
BVD1_ZSV17102803_720320200204_239575_20200205_0002_000001_000096.XML
BVD1_ZSV17102803_720320200204_239575_20200205_0002_000001_000097.XML
BVD1_ZSV17102803_720320200204_239575_20200205_0002_000001_000098.XML
BVD1_ZSV17102803_720320200204_239575_20200205_0002_000001_000099.XML
BVD1_ZSV17102803_720320200204_239575_20200205_0002_000001_000100.XML
BVD1_ZSV17102803_720320200204_239575_20200205_0002_000001_000101.XML
BVD1_ZSV17102803_720320200204_239575_20200205_0002_000001_000102.XML
BVD1_ZSV17102803_720320200204_239575_20200205_0002_000001_000103.XML
BVD1_ZSV17102803_720320200204_239575_20200205_0002_000001_000104.XML
BVD1_ZSV17102803_720320200204_239575_20200205_0002_000001_000105.XML
BVD1_ZSV17102803_720320200204_239575_20200205_0002_000001_000106.XML
BVD1_ZSV17102803_720320200204_239575_20200205_0002_000001_000107.XML
BVD1_ZSV17102803_720320200204_239575_20200205_0002_000001_000108.XML
BVD1_ZSV17102803_720320200204_239575_20200205_0002_000001_000109.XML
BVD1_ZSV17102803_720320200204_239575_20200205_0002_000001_000110.XML
BVD1_ZSV17102803_720320200204_239575_20200205_0002_000001_000111.XML
BVD1_ZSV17102803_720320200204_239575_20200205_0002_000001_000112.XML
BVD1_ZSV17102803_720320200204_239575_20200205_0002_000001_000113.XML
BVD1_ZSV17102803_720320200204_239575_20200205_0002_000001_000114.XML
BVD1_ZSV17102803_720320200204_239575_20200205_0002_000001_000115.XML
BVD1_ZSV17102803_720320200204_239575_20200205_0002_000001_000116.XML
BVD1_ZSV17102803_720320200204_239575_20200205_0002_000001_000117.XML
BVD1_ZSV17102803_720320200204_239575_20200205_0002_000001_000118.XML
BVD1_ZSV17102803_720320200204_239575_20200205_0002_000001_000119.XML
BVD1_ZSV17102803_720320200204_239575_20200205_0002_000001_000120.XML
BVD1_ZSV17102803_720320200204_239575_20200205_0002_000001_000121.XML
BVD1_ZSV17102803_720320200204_239575_20200205_0002_000001_000122.XML
BVD1_ZSV17102803_720320200204_239575_20200205_0002_000001_000123.XML
BVD1_ZSV17102803_720320200204_239575_20200205_0002_000001_000124.XML
BVD1_ZSV17102803_720320200204_239575_20200205_0002_000001_000125.XML
BVD1_ZSV17102803_720320200204_239575_20200205_0002_000001_000126.XML
BVD1_ZSV17102803_720320200204_239575_20200205_0002_000001_000127.XML
BVD1_ZSV17102803_720320200204_239575_20200205_0002_000001_000128.XML
BVD1_ZSV17102803_720320200204_239575_20200205_0002_000001_000129.XML
BVD1_ZSV17102803_720320200204_239575_20200205_0002_000001_000130.XML
BVD1_ZSV17102803_720320200204_239575_20200205_0002_000001_000131.XML
BVD1_ZSV17102803_720320200204_239575_20200205_0002_000001_000132.XML
BVD1_ZSV17102803_720320200204_239575_20200205_0002_000001_000133.XML
BVD1_ZSV17102803_720320200204_239575_20200205_0002_000001_000134.XML
BVD1_ZSV17102803_720320200204_239575_20200205_0002_000001_000135.XML
BVD1_ZSV17102803_720320200204_239575_20200205_0002_000001_000136.XML
BVD1_ZSV17102803_720320200204_239575_20200205_0002_000001_000137.XML
BVD1_ZSV17102803_720320200204_239575_20200205_0002_000001_000138.XML
BVD1_ZSV17102803_720320200204_239575_20200205_0002_000001_000139.XML
BVD1_ZSV17102803_720320200204_239575_20200205_0002_000001_000140.XML
BVD1_ZSV17102803_720320200204_239575_20200205_0002_000002_000001.XML
BVD1_ZSV17102803_720320200204_239576_20200205_0002_000001_000001.XML
BVD1_ZSV17102803_720320200204_239576_20200205_0002_000001_000002.XML
BVD1_ZSV17102803_720320200204_239576_20200205_0002_000001_000003.XML
BVD1_ZSV17102803_720320200204_239576_20200205_0002_000002_000001.XML
BVD1_ZSV17102803_720320200204_239576_20200205_0002_000002_000002.XML
BVD1_ZSV17102803_720320200204_239576_20200205_0002_000002_000003.XML
BVD1_ZSV17102803_720320200204_239576_20200205_0002_000002_000004.XML
BVD1_ZSV17102803_720320200204_239576_20200205_0002_000002_000005.XML
BVD1_ZSV17102803_720320200204_239576_20200205_0002_000002_000006.XML
BVD1_ZSV17102803_720320200204_239576_20200205_0002_000002_000007.XML
BVD1_ZSV17102803_720320200204_262241_20200205_0002_000001_000001.XML
BVD1_ZSV17102803_720320200204_262241_20200205_0002_000001_000002.XML
BVD1_ZSV17102803_720320200204_262492_20200205_0002_000001_000001.XML
BVD1_ZSV17102803_720320200204_262492_20200205_0002_000001_000002.XML
BVD1_ZSV17102803_720320200204_262492_20200205_0002_000001_000003.XML
BVD1_ZSV17102803_720320200204_262492_20200205_0002_000001_000004.XML
BVD1_ZSV17102803_720320200204_282699_20200205_0002_000001_000001.XML
BVD1_ZSV17102803_720320200204_282959_20200205_0002_000001_000001.XML
BVD1_ZSV17102803_720320200204_282959_20200205_0002_000002_000001.XML
BVD1_ZSV17102803_720320200204_282988_20200205_0002_000001_000001.XML
BVD1_ZSV17102803_722420200204_150419_20200205_0002_000001_000001.XML
BVD1_ZSV17102803_722420200204_150546_20200205_0002_000001_000001.XML
BVD1_ZSV17102803_722420200204_152921_20200205_0002_000001_000001.XML
BVD1_ZSV17102803_722420200204_222573_20200205_0002_000001_000001.XML
BVD1_ZSV17102803_722420200204_222626_20200205_0002_000001_000001.XML
BVS1_ZSV17102803_720320200204_239575_20200205_0002.XML
BVS1_ZSV17102803_720320200204_239576_20200205_0002.XML
BVS1_ZSV17102803_720320200204_262241_20200205_0002.XML
BVS1_ZSV17102803_720320200204_262492_20200205_0002.XML
BVS1_ZSV17102803_720320200204_282699_20200205_0002.XML
BVS1_ZSV17102803_720320200204_282959_20200205_0002.XML
BVS1_ZSV17102803_720320200204_282988_20200205_0002.XML
BVS1_ZSV17102803_722420200204_150419_20200205_0002.XML
BVS1_ZSV17102803_722420200204_150546_20200205_0002.XML
BVS1_ZSV17102803_722420200204_152921_20200205_0002.XML
BVS1_ZSV17102803_722420200204_222573_20200205_0002.XML
BVS1_ZSV17102803_722420200204_222626_20200205_0002.XML

[2020-02-05 15:42:58Z] - INFO - Обработка файла BVD1_ZSV17102803_720320200204_239575_20200205_0002_000001_000001.XML
[2020-02-05 15:42:58Z] - INFO - Нет найдена информация для корректировки!
[2020-02-05 15:42:58Z] - INFO - Обработка файла BVD1_ZSV17102803_720320200204_239575_20200205_0002_000001_000002.XML
[2020-02-05 15:42:58Z] - INFO - Нет найдена информация для корректировки!
[2020-02-05 15:42:58Z] - INFO - Обработка файла BVD1_ZSV17102803_720320200204_239575_20200205_0002_000001_000003.XML
[2020-02-05 15:42:58Z] - INFO - Нет найдена информация для корректировки!
[2020-02-05 15:42:58Z] - INFO - Обработка файла BVD1_ZSV17102803_720320200204_239575_20200205_0002_000001_000004.XML
[2020-02-05 15:42:58Z] - INFO - Нет найдена информация для корректировки!
[2020-02-05 15:42:58Z] - INFO - Обработка файла BVD1_ZSV17102803_720320200204_239575_20200205_0002_000001_000005.XML
[2020-02-05 15:42:59Z] - INFO - Нет найдена информация для корректировки!
[2020-02-05 15:42:59Z] - INFO - Обработка файла BVD1_ZSV17102803_720320200204_239575_20200205_0002_000001_000006.XML
[2020-02-05 15:42:59Z] - INFO - Нет найдена информация для корректировки!
[2020-02-05 15:42:59Z] - INFO - Обработка файла BVD1_ZSV17102803_720320200204_239575_20200205_0002_000001_000007.XML
[2020-02-05 15:42:59Z] - INFO - Нет найдена информация для корректировки!
[2020-02-05 15:42:59Z] - INFO - Обработка файла BVD1_ZSV17102803_720320200204_239575_20200205_0002_000001_000008.XML
[2020-02-05 15:42:59Z] - INFO - Нет найдена информация для корректировки!
[2020-02-05 15:42:59Z] - INFO - Обработка файла BVD1_ZSV17102803_720320200204_239575_20200205_0002_000001_000009.XML
[2020-02-05 15:42:59Z] - INFO - Нет найдена информация для корректировки!
[2020-02-05 15:42:59Z] - INFO - Обработка файла BVD1_ZSV17102803_720320200204_239575_20200205_0002_000001_000010.XML
[2020-02-05 15:42:59Z] - INFO - Нет найдена информация для корректировки!
[2020-02-05 15:42:59Z] - INFO - Обработка файла BVD1_ZSV17102803_720320200204_239575_20200205_0002_000001_000011.XML
[2020-02-05 15:42:59Z] - INFO - Нет найдена информация для корректировки!
[2020-02-05 15:42:59Z] - INFO - Обработка файла BVD1_ZSV17102803_720320200204_239575_20200205_0002_000001_000012.XML
[2020-02-05 15:42:59Z] - INFO - Нет найдена информация для корректировки!
[2020-02-05 15:42:59Z] - INFO - Обработка файла BVD1_ZSV17102803_720320200204_239575_20200205_0002_000001_000013.XML
[2020-02-05 15:42:59Z] - INFO - Нет найдена информация для корректировки!
[2020-02-05 15:42:59Z] - INFO - Обработка файла BVD1_ZSV17102803_720320200204_239575_20200205_0002_000001_000014.XML
[2020-02-05 15:42:59Z] - INFO - Нет найдена информация для корректировки!
[2020-02-05 15:42:59Z] - INFO - Обработка файла BVD1_ZSV17102803_720320200204_239575_20200205_0002_000001_000015.XML
[2020-02-05 15:42:59Z] - INFO - Нет найдена информация для корректировки!
[2020-02-05 15:42:59Z] - INFO - Обработка файла BVD1_ZSV17102803_720320200204_239575_20200205_0002_000001_000016.XML
[2020-02-05 15:43:00Z] - INFO - Нет найдена информация для корректировки!
[2020-02-05 15:43:00Z] - INFO - Обработка файла BVD1_ZSV17102803_720320200204_239575_20200205_0002_000001_000017.XML
[2020-02-05 15:43:00Z] - INFO - Нет найдена информация для корректировки!
[2020-02-05 15:43:00Z] - INFO - Обработка файла BVD1_ZSV17102803_720320200204_239575_20200205_0002_000001_000018.XML
[2020-02-05 15:43:00Z] - INFO - Нет найдена информация для корректировки!
[2020-02-05 15:43:00Z] - INFO - Обработка файла BVD1_ZSV17102803_720320200204_239575_20200205_0002_000001_000019.XML
[2020-02-05 15:43:00Z] - INFO - Нет найдена информация для корректировки!
[2020-02-05 15:43:00Z] - INFO - Обработка файла BVD1_ZSV17102803_720320200204_239575_20200205_0002_000001_000020.XML
[2020-02-05 15:43:00Z] - INFO - Нет найдена информация для корректировки!
[2020-02-05 15:43:00Z] - INFO - Обработка файла BVD1_ZSV17102803_720320200204_239575_20200205_0002_000001_000021.XML
[2020-02-05 15:43:00Z] - INFO - Нет найдена информация для корректировки!
[2020-02-05 15:43:00Z] - INFO - Обработка файла BVD1_ZSV17102803_720320200204_239575_20200205_0002_000001_000022.XML
[2020-02-05 15:43:00Z] - INFO - Нет найдена информация для корректировки!
[2020-02-05 15:43:00Z] - INFO - Обработка файла BVD1_ZSV17102803_720320200204_239575_20200205_0002_000001_000023.XML
[2020-02-05 15:43:00Z] - INFO - Нет найдена информация для корректировки!
[2020-02-05 15:43:00Z] - INFO - Обработка файла BVD1_ZSV17102803_720320200204_239575_20200205_0002_000001_000024.XML
[2020-02-05 15:43:00Z] - INFO - Нет найдена информация для корректировки!
[2020-02-05 15:43:00Z] - INFO - Обработка файла BVD1_ZSV17102803_720320200204_239575_20200205_0002_000001_000025.XML
[2020-02-05 15:43:00Z] - INFO - Нет найдена информация для корректировки!
[2020-02-05 15:43:00Z] - INFO - Обработка файла BVD1_ZSV17102803_720320200204_239575_20200205_0002_000001_000026.XML
[2020-02-05 15:43:01Z] - INFO - Нет найдена информация для корректировки!
[2020-02-05 15:43:01Z] - INFO - Обработка файла BVD1_ZSV17102803_720320200204_239575_20200205_0002_000001_000027.XML
[2020-02-05 15:43:01Z] - INFO - Нет найдена информация для корректировки!
[2020-02-05 15:43:01Z] - INFO - Обработка файла BVD1_ZSV17102803_720320200204_239575_20200205_0002_000001_000028.XML
[2020-02-05 15:43:01Z] - INFO - Нет найдена информация для корректировки!
[2020-02-05 15:43:01Z] - INFO - Обработка файла BVD1_ZSV17102803_720320200204_239575_20200205_0002_000001_000029.XML
[2020-02-05 15:43:01Z] - INFO - Нет найдена информация для корректировки!
[2020-02-05 15:43:01Z] - INFO - Обработка файла BVD1_ZSV17102803_720320200204_239575_20200205_0002_000001_000030.XML
[2020-02-05 15:43:01Z] - INFO - Нет найдена информация для корректировки!
[2020-02-05 15:43:01Z] - INFO - Обработка файла BVD1_ZSV17102803_720320200204_239575_20200205_0002_000001_000031.XML
[2020-02-05 15:43:01Z] - INFO - Нет найдена информация для корректировки!
[2020-02-05 15:43:01Z] - INFO - Обработка файла BVD1_ZSV17102803_720320200204_239575_20200205_0002_000001_000032.XML
[2020-02-05 15:43:01Z] - INFO - Нет найдена информация для корректировки!
[2020-02-05 15:43:01Z] - INFO - Обработка файла BVD1_ZSV17102803_720320200204_239575_20200205_0002_000001_000033.XML
[2020-02-05 15:43:01Z] - INFO - Нет найдена информация для корректировки!
[2020-02-05 15:43:01Z] - INFO - Обработка файла BVD1_ZSV17102803_720320200204_239575_20200205_0002_000001_000034.XML
[2020-02-05 15:43:01Z] - INFO - Нет найдена информация для корректировки!
[2020-02-05 15:43:01Z] - INFO - Обработка файла BVD1_ZSV17102803_720320200204_239575_20200205_0002_000001_000035.XML
[2020-02-05 15:43:01Z] - INFO - Нет найдена информация для корректировки!
[2020-02-05 15:43:01Z] - INFO - Обработка файла BVD1_ZSV17102803_720320200204_239575_20200205_0002_000001_000036.XML
[2020-02-05 15:43:01Z] - INFO - Нет найдена информация для корректировки!
[2020-02-05 15:43:01Z] - INFO - Обработка файла BVD1_ZSV17102803_720320200204_239575_20200205_0002_000001_000037.XML
[2020-02-05 15:43:02Z] - INFO - Нет найдена информация для корректировки!
[2020-02-05 15:43:02Z] - INFO - Обработка файла BVD1_ZSV17102803_720320200204_239575_20200205_0002_000001_000038.XML
[2020-02-05 15:43:02Z] - INFO - Нет найдена информация для корректировки!
[2020-02-05 15:43:02Z] - INFO - Обработка файла BVD1_ZSV17102803_720320200204_239575_20200205_0002_000001_000039.XML
[2020-02-05 15:43:02Z] - INFO - Нет найдена информация для корректировки!
[2020-02-05 15:43:02Z] - INFO - Обработка файла BVD1_ZSV17102803_720320200204_239575_20200205_0002_000001_000040.XML
[2020-02-05 15:43:02Z] - INFO - Нет найдена информация для корректировки!
[2020-02-05 15:43:02Z] - INFO - Обработка файла BVD1_ZSV17102803_720320200204_239575_20200205_0002_000001_000041.XML
[2020-02-05 15:43:02Z] - INFO - Нет найдена информация для корректировки!
[2020-02-05 15:43:02Z] - INFO - Обработка файла BVD1_ZSV17102803_720320200204_239575_20200205_0002_000001_000042.XML
[2020-02-05 15:43:02Z] - INFO - Нет найдена информация для корректировки!
[2020-02-05 15:43:02Z] - INFO - Обработка файла BVD1_ZSV17102803_720320200204_239575_20200205_0002_000001_000043.XML
[2020-02-05 15:43:02Z] - INFO - Нет найдена информация для корректировки!
[2020-02-05 15:43:02Z] - INFO - Обработка файла BVD1_ZSV17102803_720320200204_239575_20200205_0002_000001_000044.XML
[2020-02-05 15:43:02Z] - INFO - Нет найдена информация для корректировки!
[2020-02-05 15:43:02Z] - INFO - Обработка файла BVD1_ZSV17102803_720320200204_239575_20200205_0002_000001_000045.XML
[2020-02-05 15:43:02Z] - INFO - Нет найдена информация для корректировки!
[2020-02-05 15:43:02Z] - INFO - Обработка файла BVD1_ZSV17102803_720320200204_239575_20200205_0002_000001_000046.XML
[2020-02-05 15:43:02Z] - INFO - Нет найдена информация для корректировки!
[2020-02-05 15:43:02Z] - INFO - Обработка файла BVD1_ZSV17102803_720320200204_239575_20200205_0002_000001_000047.XML
[2020-02-05 15:43:02Z] - INFO - Нет найдена информация для корректировки!
[2020-02-05 15:43:02Z] - INFO - Обработка файла BVD1_ZSV17102803_720320200204_239575_20200205_0002_000001_000048.XML
[2020-02-05 15:43:03Z] - INFO - Нет найдена информация для корректировки!
[2020-02-05 15:43:03Z] - INFO - Обработка файла BVD1_ZSV17102803_720320200204_239575_20200205_0002_000001_000049.XML
[2020-02-05 15:43:03Z] - INFO - Нет найдена информация для корректировки!
[2020-02-05 15:43:03Z] - INFO - Обработка файла BVD1_ZSV17102803_720320200204_239575_20200205_0002_000001_000050.XML
[2020-02-05 15:43:03Z] - INFO - Нет найдена информация для корректировки!
[2020-02-05 15:43:03Z] - INFO - Обработка файла BVD1_ZSV17102803_720320200204_239575_20200205_0002_000001_000051.XML
[2020-02-05 15:43:03Z] - INFO - Нет найдена информация для корректировки!
[2020-02-05 15:43:03Z] - INFO - Обработка файла BVD1_ZSV17102803_720320200204_239575_20200205_0002_000001_000052.XML
[2020-02-05 15:43:03Z] - INFO - Нет найдена информация для корректировки!
[2020-02-05 15:43:03Z] - INFO - Обработка файла BVD1_ZSV17102803_720320200204_239575_20200205_0002_000001_000053.XML
[2020-02-05 15:43:03Z] - INFO - Нет найдена информация для корректировки!
[2020-02-05 15:43:03Z] - INFO - Обработка файла BVD1_ZSV17102803_720320200204_239575_20200205_0002_000001_000054.XML
[2020-02-05 15:43:03Z] - INFO - Нет найдена информация для корректировки!
[2020-02-05 15:43:03Z] - INFO - Обработка файла BVD1_ZSV17102803_720320200204_239575_20200205_0002_000001_000055.XML
[2020-02-05 15:43:03Z] - INFO - Нет найдена информация для корректировки!
[2020-02-05 15:43:03Z] - INFO - Обработка файла BVD1_ZSV17102803_720320200204_239575_20200205_0002_000001_000056.XML
[2020-02-05 15:43:03Z] - INFO - Нет найдена информация для корректировки!
[2020-02-05 15:43:03Z] - INFO - Обработка файла BVD1_ZSV17102803_720320200204_239575_20200205_0002_000001_000057.XML
[2020-02-05 15:43:03Z] - INFO - Нет найдена информация для корректировки!
[2020-02-05 15:43:03Z] - INFO - Обработка файла BVD1_ZSV17102803_720320200204_239575_20200205_0002_000001_000058.XML
[2020-02-05 15:43:03Z] - INFO - Нет найдена информация для корректировки!
[2020-02-05 15:43:03Z] - INFO - Обработка файла BVD1_ZSV17102803_720320200204_239575_20200205_0002_000001_000059.XML
[2020-02-05 15:43:04Z] - INFO - Нет найдена информация для корректировки!
[2020-02-05 15:43:04Z] - INFO - Обработка файла BVD1_ZSV17102803_720320200204_239575_20200205_0002_000001_000060.XML
[2020-02-05 15:43:04Z] - INFO - Нет найдена информация для корректировки!
[2020-02-05 15:43:04Z] - INFO - Обработка файла BVD1_ZSV17102803_720320200204_239575_20200205_0002_000001_000061.XML
[2020-02-05 15:43:04Z] - INFO - Нет найдена информация для корректировки!
[2020-02-05 15:43:04Z] - INFO - Обработка файла BVD1_ZSV17102803_720320200204_239575_20200205_0002_000001_000062.XML
[2020-02-05 15:43:04Z] - INFO - Нет найдена информация для корректировки!
[2020-02-05 15:43:04Z] - INFO - Обработка файла BVD1_ZSV17102803_720320200204_239575_20200205_0002_000001_000063.XML
[2020-02-05 15:43:04Z] - INFO - Нет найдена информация для корректировки!
[2020-02-05 15:43:04Z] - INFO - Обработка файла BVD1_ZSV17102803_720320200204_239575_20200205_0002_000001_000064.XML
[2020-02-05 15:43:04Z] - INFO - Нет найдена информация для корректировки!
[2020-02-05 15:43:04Z] - INFO - Обработка файла BVD1_ZSV17102803_720320200204_239575_20200205_0002_000001_000065.XML
[2020-02-05 15:43:04Z] - INFO - Нет найдена информация для корректировки!
[2020-02-05 15:43:04Z] - INFO - Обработка файла BVD1_ZSV17102803_720320200204_239575_20200205_0002_000001_000066.XML
[2020-02-05 15:43:04Z] - INFO - Нет найдена информация для корректировки!
[2020-02-05 15:43:04Z] - INFO - Обработка файла BVD1_ZSV17102803_720320200204_239575_20200205_0002_000001_000067.XML
[2020-02-05 15:43:04Z] - INFO - Нет найдена информация для корректировки!
[2020-02-05 15:43:04Z] - INFO - Обработка файла BVD1_ZSV17102803_720320200204_239575_20200205_0002_000001_000068.XML
[2020-02-05 15:43:04Z] - INFO - Нет найдена информация для корректировки!
[2020-02-05 15:43:04Z] - INFO - Обработка файла BVD1_ZSV17102803_720320200204_239575_20200205_0002_000001_000069.XML
[2020-02-05 15:43:04Z] - INFO - Нет найдена информация для корректировки!
[2020-02-05 15:43:04Z] - INFO - Обработка файла BVD1_ZSV17102803_720320200204_239575_20200205_0002_000001_000070.XML
[2020-02-05 15:43:05Z] - INFO - Нет найдена информация для корректировки!
[2020-02-05 15:43:05Z] - INFO - Обработка файла BVD1_ZSV17102803_720320200204_239575_20200205_0002_000001_000071.XML
[2020-02-05 15:43:05Z] - INFO - Нет найдена информация для корректировки!
[2020-02-05 15:43:05Z] - INFO - Обработка файла BVD1_ZSV17102803_720320200204_239575_20200205_0002_000001_000072.XML
[2020-02-05 15:43:05Z] - INFO - Нет найдена информация для корректировки!
[2020-02-05 15:43:05Z] - INFO - Обработка файла BVD1_ZSV17102803_720320200204_239575_20200205_0002_000001_000073.XML
[2020-02-05 15:43:05Z] - INFO - Нет найдена информация для корректировки!
[2020-02-05 15:43:05Z] - INFO - Обработка файла BVD1_ZSV17102803_720320200204_239575_20200205_0002_000001_000074.XML
[2020-02-05 15:43:05Z] - INFO - Нет найдена информация для корректировки!
[2020-02-05 15:43:05Z] - INFO - Обработка файла BVD1_ZSV17102803_720320200204_239575_20200205_0002_000001_000075.XML
[2020-02-05 15:43:05Z] - INFO - Нет найдена информация для корректировки!
[2020-02-05 15:43:05Z] - INFO - Обработка файла BVD1_ZSV17102803_720320200204_239575_20200205_0002_000001_000076.XML
[2020-02-05 15:43:05Z] - INFO - Нет найдена информация для корректировки!
[2020-02-05 15:43:05Z] - INFO - Обработка файла BVD1_ZSV17102803_720320200204_239575_20200205_0002_000001_000077.XML
[2020-02-05 15:43:05Z] - INFO - Нет найдена информация для корректировки!
[2020-02-05 15:43:05Z] - INFO - Обработка файла BVD1_ZSV17102803_720320200204_239575_20200205_0002_000001_000078.XML
[2020-02-05 15:43:05Z] - INFO - Нет найдена информация для корректировки!
[2020-02-05 15:43:05Z] - INFO - Обработка файла BVD1_ZSV17102803_720320200204_239575_20200205_0002_000001_000079.XML
[2020-02-05 15:43:05Z] - INFO - Нет найдена информация для корректировки!
[2020-02-05 15:43:05Z] - INFO - Обработка файла BVD1_ZSV17102803_720320200204_239575_20200205_0002_000001_000080.XML
[2020-02-05 15:43:06Z] - INFO - Нет найдена информация для корректировки!
[2020-02-05 15:43:06Z] - INFO - Обработка файла BVD1_ZSV17102803_720320200204_239575_20200205_0002_000001_000081.XML
[2020-02-05 15:43:06Z] - INFO - Нет найдена информация для корректировки!
[2020-02-05 15:43:06Z] - INFO - Обработка файла BVD1_ZSV17102803_720320200204_239575_20200205_0002_000001_000082.XML
[2020-02-05 15:43:06Z] - INFO - Нет найдена информация для корректировки!
[2020-02-05 15:43:06Z] - INFO - Обработка файла BVD1_ZSV17102803_720320200204_239575_20200205_0002_000001_000083.XML
[2020-02-05 15:43:06Z] - INFO - Нет найдена информация для корректировки!
[2020-02-05 15:43:06Z] - INFO - Обработка файла BVD1_ZSV17102803_720320200204_239575_20200205_0002_000001_000084.XML
[2020-02-05 15:43:06Z] - INFO - Нет найдена информация для корректировки!
[2020-02-05 15:43:06Z] - INFO - Обработка файла BVD1_ZSV17102803_720320200204_239575_20200205_0002_000001_000085.XML
[2020-02-05 15:43:06Z] - INFO - Нет найдена информация для корректировки!
[2020-02-05 15:43:06Z] - INFO - Обработка файла BVD1_ZSV17102803_720320200204_239575_20200205_0002_000001_000086.XML
[2020-02-05 15:43:06Z] - INFO - Нет найдена информация для корректировки!
[2020-02-05 15:43:06Z] - INFO - Обработка файла BVD1_ZSV17102803_720320200204_239575_20200205_0002_000001_000087.XML
[2020-02-05 15:43:06Z] - INFO - Нет найдена информация для корректировки!
[2020-02-05 15:43:06Z] - INFO - Обработка файла BVD1_ZSV17102803_720320200204_239575_20200205_0002_000001_000088.XML
[2020-02-05 15:43:06Z] - INFO - Нет найдена информация для корректировки!
[2020-02-05 15:43:06Z] - INFO - Обработка файла BVD1_ZSV17102803_720320200204_239575_20200205_0002_000001_000089.XML
[2020-02-05 15:43:06Z] - INFO - Нет найдена информация для корректировки!
[2020-02-05 15:43:06Z] - INFO - Обработка файла BVD1_ZSV17102803_720320200204_239575_20200205_0002_000001_000090.XML
[2020-02-05 15:43:06Z] - INFO - Нет найдена информация для корректировки!
[2020-02-05 15:43:06Z] - INFO - Обработка файла BVD1_ZSV17102803_720320200204_239575_20200205_0002_000001_000091.XML
[2020-02-05 15:43:07Z] - INFO - Нет найдена информация для корректировки!
[2020-02-05 15:43:07Z] - INFO - Обработка файла BVD1_ZSV17102803_720320200204_239575_20200205_0002_000001_000092.XML
[2020-02-05 15:43:07Z] - INFO - Нет найдена информация для корректировки!
[2020-02-05 15:43:07Z] - INFO - Обработка файла BVD1_ZSV17102803_720320200204_239575_20200205_0002_000001_000093.XML
[2020-02-05 15:43:07Z] - INFO - Нет найдена информация для корректировки!
[2020-02-05 15:43:07Z] - INFO - Обработка файла BVD1_ZSV17102803_720320200204_239575_20200205_0002_000001_000094.XML
[2020-02-05 15:43:07Z] - INFO - Нет найдена информация для корректировки!
[2020-02-05 15:43:07Z] - INFO - Обработка файла BVD1_ZSV17102803_720320200204_239575_20200205_0002_000001_000095.XML
[2020-02-05 15:43:07Z] - INFO - Нет найдена информация для корректировки!
[2020-02-05 15:43:07Z] - INFO - Обработка файла BVD1_ZSV17102803_720320200204_239575_20200205_0002_000001_000096.XML
[2020-02-05 15:43:07Z] - INFO - Нет найдена информация для корректировки!
[2020-02-05 15:43:07Z] - INFO - Обработка файла BVD1_ZSV17102803_720320200204_239575_20200205_0002_000001_000097.XML
[2020-02-05 15:43:07Z] - INFO - Нет найдена информация для корректировки!
[2020-02-05 15:43:07Z] - INFO - Обработка файла BVD1_ZSV17102803_720320200204_239575_20200205_0002_000001_000098.XML
[2020-02-05 15:43:07Z] - INFO - Нет найдена информация для корректировки!
[2020-02-05 15:43:07Z] - INFO - Обработка файла BVD1_ZSV17102803_720320200204_239575_20200205_0002_000001_000099.XML
[2020-02-05 15:43:07Z] - INFO - Нет найдена информация для корректировки!
[2020-02-05 15:43:07Z] - INFO - Обработка файла BVD1_ZSV17102803_720320200204_239575_20200205_0002_000001_000100.XML
[2020-02-05 15:43:07Z] - INFO - Нет найдена информация для корректировки!
[2020-02-05 15:43:07Z] - INFO - Обработка файла BVD1_ZSV17102803_720320200204_239575_20200205_0002_000001_000101.XML
[2020-02-05 15:43:07Z] - INFO - Нет найдена информация для корректировки!
[2020-02-05 15:43:07Z] - INFO - Обработка файла BVD1_ZSV17102803_720320200204_239575_20200205_0002_000001_000102.XML
[2020-02-05 15:43:08Z] - INFO - Нет найдена информация для корректировки!
[2020-02-05 15:43:08Z] - INFO - Обработка файла BVD1_ZSV17102803_720320200204_239575_20200205_0002_000001_000103.XML
[2020-02-05 15:43:08Z] - INFO - Нет найдена информация для корректировки!
[2020-02-05 15:43:08Z] - INFO - Обработка файла BVD1_ZSV17102803_720320200204_239575_20200205_0002_000001_000104.XML
[2020-02-05 15:43:08Z] - INFO - Нет найдена информация для корректировки!
[2020-02-05 15:43:08Z] - INFO - Обработка файла BVD1_ZSV17102803_720320200204_239575_20200205_0002_000001_000105.XML
[2020-02-05 15:43:08Z] - INFO - Нет найдена информация для корректировки!
[2020-02-05 15:43:08Z] - INFO - Обработка файла BVD1_ZSV17102803_720320200204_239575_20200205_0002_000001_000106.XML
[2020-02-05 15:43:08Z] - INFO - Нет найдена информация для корректировки!
[2020-02-05 15:43:08Z] - INFO - Обработка файла BVD1_ZSV17102803_720320200204_239575_20200205_0002_000001_000107.XML
[2020-02-05 15:43:08Z] - INFO - Нет найдена информация для корректировки!
[2020-02-05 15:43:08Z] - INFO - Обработка файла BVD1_ZSV17102803_720320200204_239575_20200205_0002_000001_000108.XML
[2020-02-05 15:43:08Z] - INFO - Нет найдена информация для корректировки!
[2020-02-05 15:43:08Z] - INFO - Обработка файла BVD1_ZSV17102803_720320200204_239575_20200205_0002_000001_000109.XML
[2020-02-05 15:43:08Z] - INFO - Нет найдена информация для корректировки!
[2020-02-05 15:43:08Z] - INFO - Обработка файла BVD1_ZSV17102803_720320200204_239575_20200205_0002_000001_000110.XML
[2020-02-05 15:43:08Z] - INFO - Нет найдена информация для корректировки!
[2020-02-05 15:43:08Z] - INFO - Обработка файла BVD1_ZSV17102803_720320200204_239575_20200205_0002_000001_000111.XML
[2020-02-05 15:43:08Z] - INFO - Нет найдена информация для корректировки!
[2020-02-05 15:43:08Z] - INFO - Обработка файла BVD1_ZSV17102803_720320200204_239575_20200205_0002_000001_000112.XML
[2020-02-05 15:43:08Z] - INFO - Нет найдена информация для корректировки!
[2020-02-05 15:43:08Z] - INFO - Обработка файла BVD1_ZSV17102803_720320200204_239575_20200205_0002_000001_000113.XML
[2020-02-05 15:43:08Z] - INFO - Нет найдена информация для корректировки!
[2020-02-05 15:43:08Z] - INFO - Обработка файла BVD1_ZSV17102803_720320200204_239575_20200205_0002_000001_000114.XML
[2020-02-05 15:43:09Z] - INFO - Нет найдена информация для корректировки!
[2020-02-05 15:43:09Z] - INFO - Обработка файла BVD1_ZSV17102803_720320200204_239575_20200205_0002_000001_000115.XML
[2020-02-05 15:43:09Z] - INFO - Нет найдена информация для корректировки!
[2020-02-05 15:43:09Z] - INFO - Обработка файла BVD1_ZSV17102803_720320200204_239575_20200205_0002_000001_000116.XML
[2020-02-05 15:43:09Z] - INFO - Нет найдена информация для корректировки!
[2020-02-05 15:43:09Z] - INFO - Обработка файла BVD1_ZSV17102803_720320200204_239575_20200205_0002_000001_000117.XML
[2020-02-05 15:43:09Z] - INFO - Нет найдена информация для корректировки!
[2020-02-05 15:43:09Z] - INFO - Обработка файла BVD1_ZSV17102803_720320200204_239575_20200205_0002_000001_000118.XML
[2020-02-05 15:43:09Z] - INFO - Нет найдена информация для корректировки!
[2020-02-05 15:43:09Z] - INFO - Обработка файла BVD1_ZSV17102803_720320200204_239575_20200205_0002_000001_000119.XML
[2020-02-05 15:43:09Z] - INFO - Нет найдена информация для корректировки!
[2020-02-05 15:43:09Z] - INFO - Обработка файла BVD1_ZSV17102803_720320200204_239575_20200205_0002_000001_000120.XML
[2020-02-05 15:43:09Z] - INFO - Нет найдена информация для корректировки!
[2020-02-05 15:43:09Z] - INFO - Обработка файла BVD1_ZSV17102803_720320200204_239575_20200205_0002_000001_000121.XML
[2020-02-05 15:43:09Z] - INFO - Нет найдена информация для корректировки!
[2020-02-05 15:43:09Z] - INFO - Обработка файла BVD1_ZSV17102803_720320200204_239575_20200205_0002_000001_000122.XML
[2020-02-05 15:43:09Z] - INFO - Нет найдена информация для корректировки!
[2020-02-05 15:43:09Z] - INFO - Обработка файла BVD1_ZSV17102803_720320200204_239575_20200205_0002_000001_000123.XML
[2020-02-05 15:43:09Z] - INFO - Нет найдена информация для корректировки!
[2020-02-05 15:43:09Z] - INFO - Обработка файла BVD1_ZSV17102803_720320200204_239575_20200205_0002_000001_000124.XML
[2020-02-05 15:43:09Z] - INFO - Нет найдена информация для корректировки!
[2020-02-05 15:43:09Z] - INFO - Обработка файла BVD1_ZSV17102803_720320200204_239575_20200205_0002_000001_000125.XML
[2020-02-05 15:43:10Z] - INFO - Нет найдена информация для корректировки!
[2020-02-05 15:43:10Z] - INFO - Обработка файла BVD1_ZSV17102803_720320200204_239575_20200205_0002_000001_000126.XML
[2020-02-05 15:43:10Z] - INFO - Нет найдена информация для корректировки!
[2020-02-05 15:43:10Z] - INFO - Обработка файла BVD1_ZSV17102803_720320200204_239575_20200205_0002_000001_000127.XML
[2020-02-05 15:43:10Z] - INFO - Нет найдена информация для корректировки!
[2020-02-05 15:43:10Z] - INFO - Обработка файла BVD1_ZSV17102803_720320200204_239575_20200205_0002_000001_000128.XML
[2020-02-05 15:43:10Z] - INFO - Нет найдена информация для корректировки!
[2020-02-05 15:43:10Z] - INFO - Обработка файла BVD1_ZSV17102803_720320200204_239575_20200205_0002_000001_000129.XML
[2020-02-05 15:43:10Z] - INFO - Нет найдена информация для корректировки!
[2020-02-05 15:43:10Z] - INFO - Обработка файла BVD1_ZSV17102803_720320200204_239575_20200205_0002_000001_000130.XML
[2020-02-05 15:43:10Z] - INFO - Нет найдена информация для корректировки!
[2020-02-05 15:43:10Z] - INFO - Обработка файла BVD1_ZSV17102803_720320200204_239575_20200205_0002_000001_000131.XML
[2020-02-05 15:43:10Z] - INFO - Нет найдена информация для корректировки!
[2020-02-05 15:43:10Z] - INFO - Обработка файла BVD1_ZSV17102803_720320200204_239575_20200205_0002_000001_000132.XML
[2020-02-05 15:43:10Z] - INFO - Нет найдена информация для корректировки!
[2020-02-05 15:43:10Z] - INFO - Обработка файла BVD1_ZSV17102803_720320200204_239575_20200205_0002_000001_000133.XML
[2020-02-05 15:43:10Z] - INFO - Нет найдена информация для корректировки!
[2020-02-05 15:43:10Z] - INFO - Обработка файла BVD1_ZSV17102803_720320200204_239575_20200205_0002_000001_000134.XML
[2020-02-05 15:43:10Z] - INFO - Нет найдена информация для корректировки!
[2020-02-05 15:43:10Z] - INFO - Обработка файла BVD1_ZSV17102803_720320200204_239575_20200205_0002_000001_000135.XML
[2020-02-05 15:43:11Z] - INFO - Нет найдена информация для корректировки!
[2020-02-05 15:43:11Z] - INFO - Обработка файла BVD1_ZSV17102803_720320200204_239575_20200205_0002_000001_000136.XML
[2020-02-05 15:43:11Z] - INFO - Нет найдена информация для корректировки!
[2020-02-05 15:43:11Z] - INFO - Обработка файла BVD1_ZSV17102803_720320200204_239575_20200205_0002_000001_000137.XML
[2020-02-05 15:43:11Z] - INFO - Нет найдена информация для корректировки!
[2020-02-05 15:43:11Z] - INFO - Обработка файла BVD1_ZSV17102803_720320200204_239575_20200205_0002_000001_000138.XML
[2020-02-05 15:43:11Z] - INFO - Нет найдена информация для корректировки!
[2020-02-05 15:43:11Z] - INFO - Обработка файла BVD1_ZSV17102803_720320200204_239575_20200205_0002_000001_000139.XML
[2020-02-05 15:43:11Z] - INFO - Нет найдена информация для корректировки!
[2020-02-05 15:43:11Z] - INFO - Обработка файла BVD1_ZSV17102803_720320200204_239575_20200205_0002_000001_000140.XML
[2020-02-05 15:43:11Z] - INFO - Нет найдена информация для корректировки!
[2020-02-05 15:43:11Z] - INFO - Обработка файла BVD1_ZSV17102803_720320200204_239575_20200205_0002_000002_000001.XML
[2020-02-05 15:43:11Z] - INFO - Нет найдена информация для корректировки!
[2020-02-05 15:43:11Z] - INFO - Обработка файла BVD1_ZSV17102803_720320200204_239576_20200205_0002_000001_000001.XML
[2020-02-05 15:43:11Z] - INFO - Нет найдена информация для корректировки!
[2020-02-05 15:43:11Z] - INFO - Обработка файла BVD1_ZSV17102803_720320200204_239576_20200205_0002_000001_000002.XML
[2020-02-05 15:43:11Z] - INFO - Нет найдена информация для корректировки!
[2020-02-05 15:43:11Z] - INFO - Обработка файла BVD1_ZSV17102803_720320200204_239576_20200205_0002_000001_000003.XML
[2020-02-05 15:43:11Z] - INFO - Нет найдена информация для корректировки!
[2020-02-05 15:43:11Z] - INFO - Обработка файла BVD1_ZSV17102803_720320200204_239576_20200205_0002_000002_000001.XML
[2020-02-05 15:43:11Z] - INFO - Нет найдена информация для корректировки!
[2020-02-05 15:43:11Z] - INFO - Обработка файла BVD1_ZSV17102803_720320200204_239576_20200205_0002_000002_000002.XML
[2020-02-05 15:43:11Z] - INFO - Нет найдена информация для корректировки!
[2020-02-05 15:43:11Z] - INFO - Обработка файла BVD1_ZSV17102803_720320200204_239576_20200205_0002_000002_000003.XML
[2020-02-05 15:43:11Z] - INFO - Нет найдена информация для корректировки!
[2020-02-05 15:43:11Z] - INFO - Обработка файла BVD1_ZSV17102803_720320200204_239576_20200205_0002_000002_000004.XML
[2020-02-05 15:43:12Z] - INFO - Нет найдена информация для корректировки!
[2020-02-05 15:43:12Z] - INFO - Обработка файла BVD1_ZSV17102803_720320200204_239576_20200205_0002_000002_000005.XML
[2020-02-05 15:43:12Z] - INFO - Нет найдена информация для корректировки!
[2020-02-05 15:43:12Z] - INFO - Обработка файла BVD1_ZSV17102803_720320200204_239576_20200205_0002_000002_000006.XML
[2020-02-05 15:43:12Z] - INFO - Нет найдена информация для корректировки!
[2020-02-05 15:43:12Z] - INFO - Обработка файла BVD1_ZSV17102803_720320200204_239576_20200205_0002_000002_000007.XML
[2020-02-05 15:43:12Z] - INFO - Нет найдена информация для корректировки!
[2020-02-05 15:43:12Z] - INFO - Обработка файла BVD1_ZSV17102803_720320200204_262241_20200205_0002_000001_000001.XML
[2020-02-05 15:43:12Z] - INFO - Нет найдена информация для корректировки!
[2020-02-05 15:43:12Z] - INFO - Обработка файла BVD1_ZSV17102803_720320200204_262241_20200205_0002_000001_000002.XML
[2020-02-05 15:43:12Z] - INFO - Нет найдена информация для корректировки!
[2020-02-05 15:43:12Z] - INFO - Обработка файла BVD1_ZSV17102803_720320200204_262492_20200205_0002_000001_000001.XML
[2020-02-05 15:43:12Z] - INFO - Нет найдена информация для корректировки!
[2020-02-05 15:43:12Z] - INFO - Обработка файла BVD1_ZSV17102803_720320200204_262492_20200205_0002_000001_000002.XML
[2020-02-05 15:43:12Z] - INFO - Нет найдена информация для корректировки!
[2020-02-05 15:43:12Z] - INFO - Обработка файла BVD1_ZSV17102803_720320200204_262492_20200205_0002_000001_000003.XML
[2020-02-05 15:43:12Z] - INFO - Нет найдена информация для корректировки!
[2020-02-05 15:43:12Z] - INFO - Обработка файла BVD1_ZSV17102803_720320200204_262492_20200205_0002_000001_000004.XML
[2020-02-05 15:43:12Z] - INFO - Нет найдена информация для корректировки!
[2020-02-05 15:43:12Z] - INFO - Обработка файла BVD1_ZSV17102803_720320200204_282699_20200205_0002_000001_000001.XML
[2020-02-05 15:43:12Z] - INFO - Нет найдена информация для корректировки!
[2020-02-05 15:43:12Z] - INFO - Обработка файла BVD1_ZSV17102803_720320200204_282959_20200205_0002_000001_000001.XML
[2020-02-05 15:43:12Z] - INFO - Нет найдена информация для корректировки!
[2020-02-05 15:43:12Z] - INFO - Обработка файла BVD1_ZSV17102803_720320200204_282959_20200205_0002_000002_000001.XML
[2020-02-05 15:43:12Z] - INFO - Нет найдена информация для корректировки!
[2020-02-05 15:43:12Z] - INFO - Обработка файла BVD1_ZSV17102803_720320200204_282988_20200205_0002_000001_000001.XML
[2020-02-05 15:43:12Z] - INFO - Нет найдена информация для корректировки!
[2020-02-05 15:43:12Z] - INFO - Обработка файла BVD1_ZSV17102803_722420200204_150419_20200205_0002_000001_000001.XML
[2020-02-05 15:43:12Z] - INFO - Нет найдена информация для корректировки!
[2020-02-05 15:43:12Z] - INFO - Обработка файла BVD1_ZSV17102803_722420200204_150546_20200205_0002_000001_000001.XML
[2020-02-05 15:43:12Z] - INFO - Нет найдена информация для корректировки!
[2020-02-05 15:43:12Z] - INFO - Обработка файла BVD1_ZSV17102803_722420200204_152921_20200205_0002_000001_000001.XML
[2020-02-05 15:43:12Z] - INFO - Нет найдена информация для корректировки!
[2020-02-05 15:43:12Z] - INFO - Обработка файла BVD1_ZSV17102803_722420200204_222573_20200205_0002_000001_000001.XML
[2020-02-05 15:43:12Z] - INFO - Нет найдена информация для корректировки!
[2020-02-05 15:43:12Z] - INFO - Обработка файла BVD1_ZSV17102803_722420200204_222626_20200205_0002_000001_000001.XML
[2020-02-05 15:43:12Z] - INFO - Нет найдена информация для корректировки!
[2020-02-05 15:43:12Z] - INFO - Обработка файла BVS1_ZSV17102803_720320200204_239575_20200205_0002.XML
[2020-02-05 15:43:12Z] - INFO - Нет найдена информация для корректировки!
[2020-02-05 15:43:12Z] - INFO - Обработка файла BVS1_ZSV17102803_720320200204_239576_20200205_0002.XML
[2020-02-05 15:43:12Z] - INFO - Нет найдена информация для корректировки!
[2020-02-05 15:43:12Z] - INFO - Обработка файла BVS1_ZSV17102803_720320200204_262241_20200205_0002.XML
[2020-02-05 15:43:12Z] - INFO - Нет найдена информация для корректировки!
[2020-02-05 15:43:12Z] - INFO - Обработка файла BVS1_ZSV17102803_720320200204_262492_20200205_0002.XML
[2020-02-05 15:43:12Z] - INFO - Нет найдена информация для корректировки!
[2020-02-05 15:43:12Z] - INFO - Обработка файла BVS1_ZSV17102803_720320200204_282699_20200205_0002.XML
[2020-02-05 15:43:12Z] - INFO - Нет найдена информация для корректировки!
[2020-02-05 15:43:12Z] - INFO - Обработка файла BVS1_ZSV17102803_720320200204_282959_20200205_0002.XML
[2020-02-05 15:43:13Z] - INFO - Нет найдена информация для корректировки!
[2020-02-05 15:43:13Z] - INFO - Обработка файла BVS1_ZSV17102803_720320200204_282988_20200205_0002.XML
[2020-02-05 15:43:13Z] - INFO - Нет найдена информация для корректировки!
[2020-02-05 15:43:13Z] - INFO - Обработка файла BVS1_ZSV17102803_722420200204_150419_20200205_0002.XML
[2020-02-05 15:43:13Z] - INFO - Нет найдена информация для корректировки!
[2020-02-05 15:43:13Z] - INFO - Обработка файла BVS1_ZSV17102803_722420200204_150546_20200205_0002.XML
[2020-02-05 15:43:13Z] - INFO - Нет найдена информация для корректировки!
[2020-02-05 15:43:13Z] - INFO - Обработка файла BVS1_ZSV17102803_722420200204_152921_20200205_0002.XML
[2020-02-05 15:43:13Z] - INFO - Нет найдена информация для корректировки!
[2020-02-05 15:43:13Z] - INFO - Обработка файла BVS1_ZSV17102803_722420200204_222573_20200205_0002.XML
[2020-02-05 15:43:13Z] - INFO - Нет найдена информация для корректировки!
[2020-02-05 15:43:13Z] - INFO - Обработка файла BVS1_ZSV17102803_722420200204_222626_20200205_0002.XML
[2020-02-05 15:43:13Z] - INFO - Нет найдена информация для корректировки!
