c:\uarm3\bin\AMS.TextBox.dll
000140007387F3F07F0E26919B6F9786F9E39E2AE6B644F4CDA60E099E762A03332A3B08
c:\uarm3\bin\RZN.NORMAL.dll
00012C00F9B40F6D248D784AF35310DB58F783ED9FB6DB4AF60AD8C2B969F753722F3610
c:\uarm3\bin\RZN.PACKAGE.dll
00070800AA2DDAD935D2AC777D5D9A73464A20E7500905231546F27B50332B43F72B8CE7
c:\uarm3\bin\RZN.SECURITY.dll
00002C007F1E98C403CC21755CF3C7155FC07DB5695DF109B7BD345E0D6D022016C9314B
c:\uarm3\bin\RZN.UFEBS.dll
00039400C57E84DBB1874DFE8F955A34EB05962DC0A4540E85F20B1F4BE796F72EE630BE
c:\uarm3\bin\storage.desc
00003A4BE8D53EA4C32B6F6BBAA2AFADD7BBEAA75DD75257665ABFB7F3DD3A98746F6DDF
c:\uarm3\bin\uarm.exe
000050006AC73A183B7172F66515303425675EDE5366CEF0C06EAF92D50120C87B605F88
c:\uarm3\bin\uarm.hash
00002D9CDFF3AE9D2842751A2710BDD43A4E8CED7659651507AC156AEDB5BB7D7572E444
c:\uarm3\bin\uarmAdmin.dll
0006E000084576973A3930E767956D87595B471F6A37C7D2568CA294272F41B250C2D67F
c:\uarm3\bin\uarmAIB.dll
0002C0005EC19A8652EF0B49502AEFC30583A9957A5E7775954161AD7B2BEC9ABEA3796F
c:\uarm3\bin\uarmCfg.dll
00016000E59D4E63703F8530A2C497A8A38F030528A9931F2C6BAE44BC7426247FDE5AF9
c:\uarm3\bin\uarmCommon.dll
00002A002D58B9C8B717233BB6960636EC3C14E1E83DDC51B2DFD72BF1A317173CB1595C
c:\uarm3\bin\uarmCommon.Sign.dll
0000640095F56F49BF16858408F2CB225442F988C4B309BAD0C8D3F410019719CE32A5F4
c:\uarm3\bin\uarmCommon.Tools.dll
000680005F09DB41FA87B2E0BD13EB9686E20A0FC3B8B4FCA141036BD716BB6BE0C24917
c:\uarm3\bin\uarmCommon.UI.dll
000930001BAD8147DF5B2297698909D35F3B3B680FA30549B4608BE5E77BB2A63A5696D0
c:\uarm3\bin\uarmCore.dll
0000D200A039EB54FAC72A0CF60EB5696B21F3B8A1D7A13FC2C03D1BB3389EB8C06F1226
c:\uarm3\bin\uarmCtrl.dll
000210000EBA43D332807535FC42D11BC9152AF5D1A0CDB8802149DC7BE7E09F01A978EE
c:\uarm3\bin\uarmGate.dll
00008000D0D2D8C9113B271D759FC6823BA477B5C89E6326DC94CE045428465EA950774B
c:\uarm3\bin\uarmGate.SAX.dll
00010000EC62D84EF47AC2856F03B7105C9F74457B612929FB0B97D46043688417BE364E
c:\uarm3\bin\uarmGate.UI.dll
00010000AB2D9159B0B12A3FFFD08FB7ACACC4344BECA2FCDA81581E9F680ACF5BB83AE8
c:\uarm3\bin\uarmLog.dll
00006000EE8C1FDA8F7DB0156BEB9D7923C8E0030ED2B7618E384FD6BE628AB9AFEB01BB
c:\uarm3\bin\uarmLog.UI.dll
00010000F2ED45446E2CF4BAE409ED9ED267CF27ECCEA23CD7675C1DEB1010004D851445
c:\uarm3\bin\uarmMon.dll
00013000622835192D76B5AFB4A18E25D82AC8CE81F750C3C21383F5DAE0CE32B1D7C2E4
c:\uarm3\bin\uarmOper.dll
000B4000B2BAA0EE1032F222459C9F343C0433DD4AC9CF351B10CF208774AC564D98E3C6
c:\uarm3\bin\uarmStg.dll
00006C005C84136C85F56D49BC17E6A3B3D7E1086E1300B93BC0DA82B840363C66116F86
c:\uarm3\bin\uarmStgDB.dll
0000C400A7651B6EB454DD2A46163A91921152413B6CE29FE7C839BFDBF25C46E5F915B2
c:\uarm3\bin\uarmStgFile.dll
00004C000670132AD10CF302B0458F883EC748C0080280A4B803773C4716A1996DA0B281
c:\uarm3\bin\uarmUsr.dll
00003C00352F69170B5D1112C85DA23A811ABF73635D14FAE86C2DF91134CC5E95549926
