
24.03.2016 10:15:24

Имя файла                     : c:\uarm3\bin\AMS.TextBox.dll
Хэш(записанный)               : 332A3B08 9E762A03 CDA60E09 E6B644F4 F9E39E2A 9B6F9786 7F0E2691 7387F3F0
Хэш(вычисленный)              : 332A3B08 9E762A03 CDA60E09 E6B644F4 F9E39E2A 9B6F9786 7F0E2691 7387F3F0
Размер файла (записанное)     : 81920
Размер файла (вычисленное)    : 81920
Статус завершения             : Файл не изменен

Имя файла                     : c:\uarm3\bin\RZN.NORMAL.dll
Хэш(записанный)               : 722F3610 B969F753 F60AD8C2 9FB6DB4A 58F783ED F35310DB 248D784A F9B40F6D
Хэш(вычисленный)              : 722F3610 B969F753 F60AD8C2 9FB6DB4A 58F783ED F35310DB 248D784A F9B40F6D
Размер файла (записанное)     : 76800
Размер файла (вычисленное)    : 76800
Статус завершения             : Файл не изменен

Имя файла                     : c:\uarm3\bin\RZN.PACKAGE.dll
Хэш(записанный)               : F72B8CE7 50332B43 1546F27B 50090523 464A20E7 7D5D9A73 35D2AC77 AA2DDAD9
Хэш(вычисленный)              : F72B8CE7 50332B43 1546F27B 50090523 464A20E7 7D5D9A73 35D2AC77 AA2DDAD9
Размер файла (записанное)     : 460800
Размер файла (вычисленное)    : 460800
Статус завершения             : Файл не изменен

Имя файла                     : c:\uarm3\bin\RZN.SECURITY.dll
Хэш(записанный)               : 16C9314B 0D6D0220 B7BD345E 695DF109 5FC07DB5 5CF3C715 03CC2175 7F1E98C4
Хэш(вычисленный)              : 16C9314B 0D6D0220 B7BD345E 695DF109 5FC07DB5 5CF3C715 03CC2175 7F1E98C4
Размер файла (записанное)     : 11264
Размер файла (вычисленное)    : 11264
Статус завершения             : Файл не изменен

Имя файла                     : c:\uarm3\bin\RZN.UFEBS.dll
Хэш(записанный)               : 2EE630BE 4BE796F7 85F20B1F C0A4540E EB05962D 8F955A34 B1874DFE C57E84DB
Хэш(вычисленный)              : 2EE630BE 4BE796F7 85F20B1F C0A4540E EB05962D 8F955A34 B1874DFE C57E84DB
Размер файла (записанное)     : 234496
Размер файла (вычисленное)    : 234496
Статус завершения             : Файл не изменен

Имя файла                     : c:\uarm3\bin\storage.desc
Хэш(записанный)               : 746F6DDF F3DD3A98 665ABFB7 5DD75257 D7BBEAA7 BAA2AFAD C32B6F6B E8D53EA4
Хэш(вычисленный)              : 746F6DDF F3DD3A98 665ABFB7 5DD75257 D7BBEAA7 BAA2AFAD C32B6F6B E8D53EA4
Размер файла (записанное)     : 14923
Размер файла (вычисленное)    : 14923
Статус завершения             : Файл не изменен

Имя файла                     : c:\uarm3\bin\uarm.exe
Хэш(записанный)               : 7B605F88 D50120C8 C06EAF92 5366CEF0 25675EDE 65153034 3B7172F6 6AC73A18
Хэш(вычисленный)              : 7B605F88 D50120C8 C06EAF92 5366CEF0 25675EDE 65153034 3B7172F6 6AC73A18
Размер файла (записанное)     : 20480
Размер файла (вычисленное)    : 20480
Статус завершения             : Файл не изменен

Имя файла                     : c:\uarm3\bin\uarm.hash
Хэш(записанный)               : 7572E444 EDB5BB7D 07AC156A 76596515 3A4E8CED 2710BDD4 2842751A DFF3AE9D
Хэш(вычисленный)              : 7572E444 EDB5BB7D 07AC156A 76596515 3A4E8CED 2710BDD4 2842751A DFF3AE9D
Размер файла (записанное)     : 11676
Размер файла (вычисленное)    : 11676
Статус завершения             : Файл не изменен

Имя файла                     : c:\uarm3\bin\uarmAdmin.dll
Хэш(записанный)               : 50C2D67F 272F41B2 568CA294 6A37C7D2 595B471F 67956D87 3A3930E7 08457697
Хэш(вычисленный)              : 50C2D67F 272F41B2 568CA294 6A37C7D2 595B471F 67956D87 3A3930E7 08457697
Размер файла (записанное)     : 450560
Размер файла (вычисленное)    : 450560
Статус завершения             : Файл не изменен

Имя файла                     : c:\uarm3\bin\uarmAIB.dll
Хэш(записанный)               : BEA3796F 7B2BEC9A 954161AD 7A5E7775 0583A995 502AEFC3 52EF0B49 5EC19A86
Хэш(вычисленный)              : BEA3796F 7B2BEC9A 954161AD 7A5E7775 0583A995 502AEFC3 52EF0B49 5EC19A86
Размер файла (записанное)     : 180224
Размер файла (вычисленное)    : 180224
Статус завершения             : Файл не изменен

Имя файла                     : c:\uarm3\bin\uarmCfg.dll
Хэш(записанный)               : 7FDE5AF9 BC742624 2C6BAE44 28A9931F A38F0305 A2C497A8 703F8530 E59D4E63
Хэш(вычисленный)              : 7FDE5AF9 BC742624 2C6BAE44 28A9931F A38F0305 A2C497A8 703F8530 E59D4E63
Размер файла (записанное)     : 90112
Размер файла (вычисленное)    : 90112
Статус завершения             : Файл не изменен

Имя файла                     : c:\uarm3\bin\uarmCommon.dll
Хэш(записанный)               : 3CB1595C F1A31717 B2DFD72B E83DDC51 EC3C14E1 B6960636 B717233B 2D58B9C8
Хэш(вычисленный)              : 3CB1595C F1A31717 B2DFD72B E83DDC51 EC3C14E1 B6960636 B717233B 2D58B9C8
Размер файла (записанное)     : 10752
Размер файла (вычисленное)    : 10752
Статус завершения             : Файл не изменен

Имя файла                     : c:\uarm3\bin\uarmCommon.Sign.dll
Хэш(записанный)               : CE32A5F4 10019719 D0C8D3F4 C4B309BA 5442F988 08F2CB22 BF168584 95F56F49
Хэш(вычисленный)              : CE32A5F4 10019719 D0C8D3F4 C4B309BA 5442F988 08F2CB22 BF168584 95F56F49
Размер файла (записанное)     : 25600
Размер файла (вычисленное)    : 25600
Статус завершения             : Файл не изменен

Имя файла                     : c:\uarm3\bin\uarmCommon.Tools.dll
Хэш(записанный)               : E0C24917 D716BB6B A141036B C3B8B4FC 86E20A0F BD13EB96 FA87B2E0 5F09DB41
Хэш(вычисленный)              : E0C24917 D716BB6B A141036B C3B8B4FC 86E20A0F BD13EB96 FA87B2E0 5F09DB41
Размер файла (записанное)     : 425984
Размер файла (вычисленное)    : 425984
Статус завершения             : Файл не изменен

Имя файла                     : c:\uarm3\bin\uarmCommon.UI.dll
Хэш(записанный)               : 3A5696D0 E77BB2A6 B4608BE5 0FA30549 5F3B3B68 698909D3 DF5B2297 1BAD8147
Хэш(вычисленный)              : 3A5696D0 E77BB2A6 B4608BE5 0FA30549 5F3B3B68 698909D3 DF5B2297 1BAD8147
Размер файла (записанное)     : 602112
Размер файла (вычисленное)    : 602112
Статус завершения             : Файл не изменен

Имя файла                     : c:\uarm3\bin\uarmCore.dll
Хэш(записанный)               : C06F1226 B3389EB8 C2C03D1B A1D7A13F 6B21F3B8 F60EB569 FAC72A0C A039EB54
Хэш(вычисленный)              : C06F1226 B3389EB8 C2C03D1B A1D7A13F 6B21F3B8 F60EB569 FAC72A0C A039EB54
Размер файла (записанное)     : 53760
Размер файла (вычисленное)    : 53760
Статус завершения             : Файл не изменен

Имя файла                     : c:\uarm3\bin\uarmCtrl.dll
Хэш(записанный)               : 01A978EE 7BE7E09F 802149DC D1A0CDB8 C9152AF5 FC42D11B 32807535 0EBA43D3
Хэш(вычисленный)              : 01A978EE 7BE7E09F 802149DC D1A0CDB8 C9152AF5 FC42D11B 32807535 0EBA43D3
Размер файла (записанное)     : 135168
Размер файла (вычисленное)    : 135168
Статус завершения             : Файл не изменен

Имя файла                     : c:\uarm3\bin\uarmGate.dll
Хэш(записанный)               : A950774B 5428465E DC94CE04 C89E6326 3BA477B5 759FC682 113B271D D0D2D8C9
Хэш(вычисленный)              : A950774B 5428465E DC94CE04 C89E6326 3BA477B5 759FC682 113B271D D0D2D8C9
Размер файла (записанное)     : 32768
Размер файла (вычисленное)    : 32768
Статус завершения             : Файл не изменен

Имя файла                     : c:\uarm3\bin\uarmGate.SAX.dll
Хэш(записанный)               : 17BE364E 60436884 FB0B97D4 7B612929 5C9F7445 6F03B710 F47AC285 EC62D84E
Хэш(вычисленный)              : 17BE364E 60436884 FB0B97D4 7B612929 5C9F7445 6F03B710 F47AC285 EC62D84E
Размер файла (записанное)     : 65536
Размер файла (вычисленное)    : 65536
Статус завершения             : Файл не изменен

Имя файла                     : c:\uarm3\bin\uarmGate.UI.dll
Хэш(записанный)               : 5BB83AE8 9F680ACF DA81581E 4BECA2FC ACACC434 FFD08FB7 B0B12A3F AB2D9159
Хэш(вычисленный)              : 5BB83AE8 9F680ACF DA81581E 4BECA2FC ACACC434 FFD08FB7 B0B12A3F AB2D9159
Размер файла (записанное)     : 65536
Размер файла (вычисленное)    : 65536
Статус завершения             : Файл не изменен

Имя файла                     : c:\uarm3\bin\uarmLog.dll
Хэш(записанный)               : AFEB01BB BE628AB9 8E384FD6 0ED2B761 23C8E003 6BEB9D79 8F7DB015 EE8C1FDA
Хэш(вычисленный)              : AFEB01BB BE628AB9 8E384FD6 0ED2B761 23C8E003 6BEB9D79 8F7DB015 EE8C1FDA
Размер файла (записанное)     : 24576
Размер файла (вычисленное)    : 24576
Статус завершения             : Файл не изменен

Имя файла                     : c:\uarm3\bin\uarmLog.UI.dll
Хэш(записанный)               : 4D851445 EB101000 D7675C1D ECCEA23C D267CF27 E409ED9E 6E2CF4BA F2ED4544
Хэш(вычисленный)              : 4D851445 EB101000 D7675C1D ECCEA23C D267CF27 E409ED9E 6E2CF4BA F2ED4544
Размер файла (записанное)     : 65536
Размер файла (вычисленное)    : 65536
Статус завершения             : Файл не изменен

Имя файла                     : c:\uarm3\bin\uarmMon.dll
Хэш(записанный)               : B1D7C2E4 DAE0CE32 C21383F5 81F750C3 D82AC8CE B4A18E25 2D76B5AF 62283519
Хэш(вычисленный)              : B1D7C2E4 DAE0CE32 C21383F5 81F750C3 D82AC8CE B4A18E25 2D76B5AF 62283519
Размер файла (записанное)     : 77824
Размер файла (вычисленное)    : 77824
Статус завершения             : Файл не изменен

Имя файла                     : c:\uarm3\bin\uarmOper.dll
Хэш(записанный)               : 4D98E3C6 8774AC56 1B10CF20 4AC9CF35 3C0433DD 459C9F34 1032F222 B2BAA0EE
Хэш(вычисленный)              : 4D98E3C6 8774AC56 1B10CF20 4AC9CF35 3C0433DD 459C9F34 1032F222 B2BAA0EE
Размер файла (записанное)     : 737280
Размер файла (вычисленное)    : 737280
Статус завершения             : Файл не изменен

Имя файла                     : c:\uarm3\bin\uarmStg.dll
Хэш(записанный)               : 66116F86 B840363C 3BC0DA82 6E1300B9 B3D7E108 BC17E6A3 85F56D49 5C84136C
Хэш(вычисленный)              : 66116F86 B840363C 3BC0DA82 6E1300B9 B3D7E108 BC17E6A3 85F56D49 5C84136C
Размер файла (записанное)     : 27648
Размер файла (вычисленное)    : 27648
Статус завершения             : Файл не изменен

Имя файла                     : c:\uarm3\bin\uarmStgDB.dll
Хэш(записанный)               : E5F915B2 DBF25C46 E7C839BF 3B6CE29F 92115241 46163A91 B454DD2A A7651B6E
Хэш(вычисленный)              : E5F915B2 DBF25C46 E7C839BF 3B6CE29F 92115241 46163A91 B454DD2A A7651B6E
Размер файла (записанное)     : 50176
Размер файла (вычисленное)    : 50176
Статус завершения             : Файл не изменен

Имя файла                     : c:\uarm3\bin\uarmStgFile.dll
Хэш(записанный)               : 6DA0B281 4716A199 B803773C 080280A4 3EC748C0 B0458F88 D10CF302 0670132A
Хэш(вычисленный)              : 6DA0B281 4716A199 B803773C 080280A4 3EC748C0 B0458F88 D10CF302 0670132A
Размер файла (записанное)     : 19456
Размер файла (вычисленное)    : 19456
Статус завершения             : Файл не изменен

Имя файла                     : c:\uarm3\bin\uarmUsr.dll
Хэш(записанный)               : 95549926 1134CC5E E86C2DF9 635D14FA 811ABF73 C85DA23A 0B5D1112 352F6917
Хэш(вычисленный)              : 95549926 1134CC5E E86C2DF9 635D14FA 811ABF73 C85DA23A 0B5D1112 352F6917
Размер файла (записанное)     : 15360
Размер файла (вычисленное)    : 15360
Статус завершения             : Файл не изменен

В контролируемых файлах изменений нет
