12.12.2016 16:43:54	Ошибка: Хеш-суммы файлов D:\Ps1\Flash2Quo\Flash\cli\a2106960_067.~pd и D:\Ps1\Flash2Quo\Server\cli\a2106960_067.~pd не совпадают!
12.12.2016 16:45:59	Копирование D:\Ps1\Flash2Quo\Flash\cli\a2106960_067.~pd --> D:\Ps1\Flash2Quo\Server\cli
12.12.2016 16:46:09	Копирование D:\Ps1\Flash2Quo\Flash\cli\a2106960_068.~sd --> D:\Ps1\Flash2Quo\Server\cli
12.12.2016 16:46:09	Ошибка: Хеш-суммы файлов D:\Ps1\Flash2Quo\Flash\cli\a2106960_067.~pd и D:\Ps1\Flash2Quo\Server\cli\a2106960_067.~pd не совпадают!
12.12.2016 16:47:14	Копирование D:\Ps1\Flash2Quo\Flash\cli\a2106960_067.~pd --> D:\Ps1\Flash2Quo\Server\cli
12.12.2016 16:47:24	Копирование D:\Ps1\Flash2Quo\Flash\cli\a2106960_068.~sd --> D:\Ps1\Flash2Quo\Server\cli
12.12.2016 16:47:34	Копирование D:\Ps1\Flash2Quo\Flash\cli\a2106960_069.~sd --> D:\Ps1\Flash2Quo\Server\cli
12.12.2016 16:47:51	Копирование D:\Ps1\Flash2Quo\Flash\cli\a2106960_067.~pd --> D:\Ps1\Flash2Quo\Server\cli
12.12.2016 16:47:51	Копирование D:\Ps1\Flash2Quo\Flash\cli\a2106960_068.~sd --> D:\Ps1\Flash2Quo\Server\cli
12.12.2016 16:47:51	Копирование D:\Ps1\Flash2Quo\Flash\cli\a2106960_069.~sd --> D:\Ps1\Flash2Quo\Server\cli
12.12.2016 16:47:51	Копирование D:\Ps1\Flash2Quo\Flash\cli\a2106960_070.~sd --> D:\Ps1\Flash2Quo\Server\cli
12.12.2016 16:47:51	Скопировано 4 файлов
12.12.2016 16:51:30	Копирование D:\Ps1\Flash2Quo\Flash\cli\a2106960_067.~pd --> D:\Ps1\Flash2Quo\Server\cli
12.12.2016 16:51:30	Копирование D:\Ps1\Flash2Quo\Flash\cli\a2106960_068.~sd --> D:\Ps1\Flash2Quo\Server\cli
12.12.2016 16:51:30	Копирование D:\Ps1\Flash2Quo\Flash\cli\a2106960_069.~sd --> D:\Ps1\Flash2Quo\Server\cli
12.12.2016 16:51:30	Копирование D:\Ps1\Flash2Quo\Flash\cli\a2106960_070.~sd --> D:\Ps1\Flash2Quo\Server\cli
12.12.2016 16:51:30	Скопировано 4 файлов
12.12.2016 16:52:22	Копирование D:\Ps1\Flash2Quo\Flash\cli\a2106960_067.~pd --> D:\Ps1\Flash2Quo\Server\cli
12.12.2016 16:52:22	Копирование D:\Ps1\Flash2Quo\Flash\cli\a2106960_068.~sd --> D:\Ps1\Flash2Quo\Server\cli
12.12.2016 16:52:22	Копирование D:\Ps1\Flash2Quo\Flash\cli\a2106960_069.~sd --> D:\Ps1\Flash2Quo\Server\cli
12.12.2016 16:52:22	Копирование D:\Ps1\Flash2Quo\Flash\cli\a2106960_070.~sd --> D:\Ps1\Flash2Quo\Server\cli
12.12.2016 16:52:22	Скопировано 4 файлов
12.12.2016 16:52:22	Удаление D:\Ps1\Flash2Quo\Flash\cli\a2106960_067.~pd
12.12.2016 16:52:22	Удаление D:\Ps1\Flash2Quo\Flash\cli\a2106960_068.~sd
12.12.2016 16:52:22	Удаление D:\Ps1\Flash2Quo\Flash\cli\a2106960_069.~sd
12.12.2016 16:52:22	Удаление D:\Ps1\Flash2Quo\Flash\cli\a2106960_070.~sd
12.12.2016 16:52:22	Удалено 4 файлов
12.12.2016 17:04:59	Копирование D:\Ps1\Flash2Quo\Flash\CB_IN\a2106960_067.~pd --> D:\Ps1\Flash2Quo\Server\CB_IN
12.12.2016 17:04:59	Копирование D:\Ps1\Flash2Quo\Flash\CB_IN\a2106960_068.~sd --> D:\Ps1\Flash2Quo\Server\CB_IN
12.12.2016 17:04:59	Копирование D:\Ps1\Flash2Quo\Flash\CB_IN\a2106960_069.~sd --> D:\Ps1\Flash2Quo\Server\CB_IN
12.12.2016 17:04:59	Копирование D:\Ps1\Flash2Quo\Flash\CB_IN\a2106960_070.~sd --> D:\Ps1\Flash2Quo\Server\CB_IN
12.12.2016 17:04:59	Скопировано 4 файлов
12.12.2016 17:04:59	Удаление D:\Ps1\Flash2Quo\Flash\CB_IN\a2106960_067.~pd
12.12.2016 17:04:59	Удаление D:\Ps1\Flash2Quo\Flash\CB_IN\a2106960_068.~sd
12.12.2016 17:04:59	Удаление D:\Ps1\Flash2Quo\Flash\CB_IN\a2106960_069.~sd
12.12.2016 17:04:59	Удаление D:\Ps1\Flash2Quo\Flash\CB_IN\a2106960_070.~sd
12.12.2016 17:04:59	Удалено 4 файлов
