21.11.2016 16:42:41	Copy D:\Ps1\Flash2Quo\Flash\cli\a2106960_068.~sd --> D:\Ps1\Flash2Quo\Server\cli
21.11.2016 16:42:41	Скопировано 1 файлов
21.11.2016 16:42:41	Access to the path 'D:\Ps1\Flash2Quo\Flash\cli\a2106960_068.~sd' is denied.
21.11.2016 16:42:41	Удалено 0 файлов
21.11.2016 16:43:09	Copy D:\Ps1\Flash2Quo\Flash\cli\a2106960_068.~sd --> D:\Ps1\Flash2Quo\Server\cli
21.11.2016 16:43:09	Скопировано 1 файлов
21.11.2016 16:43:09	Error: Access to the path 'D:\Ps1\Flash2Quo\Flash\cli\a2106960_068.~sd' is denied.
21.11.2016 16:43:09	Удалено 0 файлов
21.11.2016 16:43:24	Copy D:\Ps1\Flash2Quo\Flash\cli\a2106960_068.~sd --> D:\Ps1\Flash2Quo\Server\cli
21.11.2016 16:43:24	Скопировано 1 файлов
21.11.2016 16:43:24	Ошибка: Access to the path 'D:\Ps1\Flash2Quo\Flash\cli\a2106960_068.~sd' is denied.
21.11.2016 16:43:24	Удалено 0 файлов
21.11.2016 16:59:42	Copy D:\Ps1\Flash2Quo\Flash\cli\a2106960_068.~sd --> D:\Ps1\Flash2Quo\Server\cli
21.11.2016 16:59:42	Скопировано 1 файлов
21.11.2016 16:59:42	Ошибка: Access to the path 'D:\Ps1\Flash2Quo\Flash\cli\a2106960_068.~sd' is denied.
21.11.2016 16:59:42	Удалено 0 файлов
21.11.2016 17:03:24	Copy D:\Ps1\Flash2Quo\Flash\cli\a2106960_068.~sd --> D:\Ps1\Flash2Quo\Server\cli
21.11.2016 17:03:24	Скопировано 1 файлов
21.11.2016 17:03:24	Ошибка: Access to the path 'D:\Ps1\Flash2Quo\Flash\cli\a2106960_068.~sd' is denied.
21.11.2016 17:05:38	Copy D:\Ps1\Flash2Quo\Flash\cli\a2106960_068.~sd --> D:\Ps1\Flash2Quo\Server\cli
21.11.2016 17:05:38	Скопировано 1 файлов
21.11.2016 17:05:38	Ошибка: Access to the path 'D:\Ps1\Flash2Quo\Flash\cli\a2106960_068.~sd' is denied.
21.11.2016 17:05:38	Удалено 0 файлов
21.11.2016 17:08:48	Copy D:\Ps1\Flash2Quo\Flash\cli\a2106960_068.~sd --> D:\Ps1\Flash2Quo\Server\cli
21.11.2016 17:08:48	Скопировано 1 файлов
21.11.2016 17:08:48	Ошибка: Access to the path 'D:\Ps1\Flash2Quo\Flash\cli\a2106960_068.~sd' is denied.
21.11.2016 17:08:48	Удалено 0 файлов
21.11.2016 17:09:05	Copy D:\Ps1\Flash2Quo\Flash\cli\a2106960_068.~sd --> D:\Ps1\Flash2Quo\Server\cli
21.11.2016 17:09:05	Скопировано 1 файлов
21.11.2016 17:09:05	Ошибка: Access to the path 'D:\Ps1\Flash2Quo\Flash\cli\a2106960_068.~sd' is denied.
21.11.2016 17:09:05	Ошибка: Access to the path 'D:\Ps1\Flash2Quo\Flash\cli\a2106960_068.~sd' is denied.
21.11.2016 17:09:05	Ошибка: Access to the path 'D:\Ps1\Flash2Quo\Flash\cli\a2106960_068.~sd' is denied.
21.11.2016 17:09:05	Ошибка: Access to the path 'D:\Ps1\Flash2Quo\Flash\cli\a2106960_068.~sd' is denied.
21.11.2016 17:09:05	Ошибка: Access to the path 'D:\Ps1\Flash2Quo\Flash\cli\a2106960_068.~sd' is denied.
21.11.2016 17:09:05	Ошибка: Access to the path 'D:\Ps1\Flash2Quo\Flash\cli\a2106960_068.~sd' is denied.
21.11.2016 17:09:05	Ошибка: Access to the path 'D:\Ps1\Flash2Quo\Flash\cli\a2106960_068.~sd' is denied.
21.11.2016 17:09:05	Удалено 0 файлов
21.11.2016 17:09:24	Copy D:\Ps1\Flash2Quo\Flash\cli\a2106960_068.~sd --> D:\Ps1\Flash2Quo\Server\cli
21.11.2016 17:09:24	Скопировано 1 файлов
21.11.2016 17:09:24	Ошибка: Access to the path 'D:\Ps1\Flash2Quo\Flash\cli\a2106960_068.~sd' is denied.
21.11.2016 17:09:24	Ошибка: Access to the path 'D:\Ps1\Flash2Quo\Flash\cli\a2106960_068.~sd' is denied.
21.11.2016 17:09:24	Ошибка: Access to the path 'D:\Ps1\Flash2Quo\Flash\cli\a2106960_068.~sd' is denied.
21.11.2016 17:09:24	Ошибка: Access to the path 'D:\Ps1\Flash2Quo\Flash\cli\a2106960_068.~sd' is denied.
21.11.2016 17:09:24	Ошибка: Access to the path 'D:\Ps1\Flash2Quo\Flash\cli\a2106960_068.~sd' is denied.
21.11.2016 17:09:24	Ошибка: Access to the path 'D:\Ps1\Flash2Quo\Flash\cli\a2106960_068.~sd' is denied.
21.11.2016 17:09:24	Удалено 0 файлов
21.11.2016 17:09:46	Copy D:\Ps1\Flash2Quo\Flash\cli\a2106960_068.~sd --> D:\Ps1\Flash2Quo\Server\cli
21.11.2016 17:09:46	Скопировано 1 файлов
21.11.2016 17:09:46	Ошибка: Access to the path 'D:\Ps1\Flash2Quo\Flash\cli\a2106960_068.~sd' is denied.
21.11.2016 17:09:46	Ошибка: Access to the path 'D:\Ps1\Flash2Quo\Flash\cli\a2106960_068.~sd' is denied.
21.11.2016 17:09:46	Ошибка: Access to the path 'D:\Ps1\Flash2Quo\Flash\cli\a2106960_068.~sd' is denied.
21.11.2016 17:09:46	Ошибка: Access to the path 'D:\Ps1\Flash2Quo\Flash\cli\a2106960_068.~sd' is denied.
21.11.2016 17:09:46	Ошибка: Access to the path 'D:\Ps1\Flash2Quo\Flash\cli\a2106960_068.~sd' is denied.
21.11.2016 17:09:46	Ошибка: Access to the path 'D:\Ps1\Flash2Quo\Flash\cli\a2106960_068.~sd' is denied.
21.11.2016 17:09:46	Удалено 0 файлов
21.11.2016 17:10:10	Copy D:\Ps1\Flash2Quo\Flash\cli\a2106960_068.~sd --> D:\Ps1\Flash2Quo\Server\cli
21.11.2016 17:10:10	Скопировано 1 файлов
21.11.2016 17:10:10	Ошибка: Access to the path 'D:\Ps1\Flash2Quo\Flash\cli\a2106960_068.~sd' is denied.
21.11.2016 17:10:10	Ошибка: Access to the path 'D:\Ps1\Flash2Quo\Flash\cli\a2106960_068.~sd' is denied.
21.11.2016 17:10:10	Ошибка: Access to the path 'D:\Ps1\Flash2Quo\Flash\cli\a2106960_068.~sd' is denied.
21.11.2016 17:10:10	Ошибка: Access to the path 'D:\Ps1\Flash2Quo\Flash\cli\a2106960_068.~sd' is denied.
21.11.2016 17:10:10	Ошибка: Access to the path 'D:\Ps1\Flash2Quo\Flash\cli\a2106960_068.~sd' is denied.
21.11.2016 17:10:10	Удалено 0 файлов
21.11.2016 17:11:02	Copy D:\Ps1\Flash2Quo\Flash\cli\a2106960_068.~sd --> D:\Ps1\Flash2Quo\Server\cli
21.11.2016 17:11:02	Скопировано 1 файлов
21.11.2016 17:11:02	Ошибка: Access to the path 'D:\Ps1\Flash2Quo\Flash\cli\a2106960_068.~sd' is denied.
21.11.2016 17:11:02	Ошибка: Access to the path 'D:\Ps1\Flash2Quo\Flash\cli\a2106960_068.~sd' is denied.
21.11.2016 17:11:02	Ошибка: Access to the path 'D:\Ps1\Flash2Quo\Flash\cli\a2106960_068.~sd' is denied.
21.11.2016 17:11:02	Ошибка: Access to the path 'D:\Ps1\Flash2Quo\Flash\cli\a2106960_068.~sd' is denied.
21.11.2016 17:11:02	Ошибка: Access to the path 'D:\Ps1\Flash2Quo\Flash\cli\a2106960_068.~sd' is denied.
21.11.2016 17:11:02	Удалено 0 файлов
21.11.2016 17:11:51	Copy D:\Ps1\Flash2Quo\Flash\cli\a2106960_067.~pd --> D:\Ps1\Flash2Quo\Server\cli
21.11.2016 17:11:51	Copy D:\Ps1\Flash2Quo\Flash\cli\a2106960_068.~sd --> D:\Ps1\Flash2Quo\Server\cli
21.11.2016 17:11:51	Copy D:\Ps1\Flash2Quo\Flash\cli\a2106960_069.~sd --> D:\Ps1\Flash2Quo\Server\cli
21.11.2016 17:11:51	Copy D:\Ps1\Flash2Quo\Flash\cli\a2106960_070.~sd --> D:\Ps1\Flash2Quo\Server\cli
21.11.2016 17:11:51	Скопировано 4 файлов
21.11.2016 17:11:51	Delete D:\Ps1\Flash2Quo\Flash\cli\a2106960_067.~pd
21.11.2016 17:11:52	Ошибка: Access to the path 'D:\Ps1\Flash2Quo\Flash\cli\a2106960_068.~sd' is denied.
21.11.2016 17:11:52	Ошибка: Access to the path 'D:\Ps1\Flash2Quo\Flash\cli\a2106960_068.~sd' is denied.
21.11.2016 17:11:52	Ошибка: Access to the path 'D:\Ps1\Flash2Quo\Flash\cli\a2106960_068.~sd' is denied.
21.11.2016 17:11:52	Ошибка: Access to the path 'D:\Ps1\Flash2Quo\Flash\cli\a2106960_068.~sd' is denied.
21.11.2016 17:11:52	Ошибка: Access to the path 'D:\Ps1\Flash2Quo\Flash\cli\a2106960_068.~sd' is denied.
21.11.2016 17:12:12	Delete D:\Ps1\Flash2Quo\Flash\cli\a2106960_069.~sd
21.11.2016 17:12:12	Delete D:\Ps1\Flash2Quo\Flash\cli\a2106960_070.~sd
21.11.2016 17:12:12	Удалено 3 файлов
21.11.2016 17:13:55	Копирование D:\Ps1\Flash2Quo\Flash\cli\a2106960_068.~sd --> D:\Ps1\Flash2Quo\Server\cli
21.11.2016 17:13:55	Скопировано 1 файлов
21.11.2016 17:13:55	Ошибка: Access to the path 'D:\Ps1\Flash2Quo\Flash\cli\a2106960_068.~sd' is denied.
21.11.2016 17:13:55	Ошибка: Access to the path 'D:\Ps1\Flash2Quo\Flash\cli\a2106960_068.~sd' is denied.
21.11.2016 17:13:55	Ошибка: Access to the path 'D:\Ps1\Flash2Quo\Flash\cli\a2106960_068.~sd' is denied.
21.11.2016 17:13:55	Ошибка: Access to the path 'D:\Ps1\Flash2Quo\Flash\cli\a2106960_068.~sd' is denied.
21.11.2016 17:13:55	Ошибка: Access to the path 'D:\Ps1\Flash2Quo\Flash\cli\a2106960_068.~sd' is denied.
21.11.2016 17:13:55	Ошибка: Access to the path 'D:\Ps1\Flash2Quo\Flash\cli\a2106960_068.~sd' is denied.
21.11.2016 17:13:55	Ошибка: Access to the path 'D:\Ps1\Flash2Quo\Flash\cli\a2106960_068.~sd' is denied.
21.11.2016 17:13:55	Ошибка: Access to the path 'D:\Ps1\Flash2Quo\Flash\cli\a2106960_068.~sd' is denied.
21.11.2016 17:13:55	Ошибка: Access to the path 'D:\Ps1\Flash2Quo\Flash\cli\a2106960_068.~sd' is denied.
21.11.2016 17:13:55	Ошибка: Access to the path 'D:\Ps1\Flash2Quo\Flash\cli\a2106960_068.~sd' is denied.
21.11.2016 17:13:55	Удалено 0 файлов
21.11.2016 17:26:24	Копирование D:\Ps1\Flash2Quo\Flash\cli\a2106960_067.~pd --> D:\Ps1\Flash2Quo\Server\cli
21.11.2016 17:26:24	Копирование D:\Ps1\Flash2Quo\Flash\cli\a2106960_068.~sd --> D:\Ps1\Flash2Quo\Server\cli
21.11.2016 17:26:24	Копирование D:\Ps1\Flash2Quo\Flash\cli\a2106960_069.~sd --> D:\Ps1\Flash2Quo\Server\cli
21.11.2016 17:26:24	Копирование D:\Ps1\Flash2Quo\Flash\cli\a2106960_070.~sd --> D:\Ps1\Flash2Quo\Server\cli
21.11.2016 17:26:24	Скопировано 4 файлов
21.11.2016 17:26:24	Удаление D:\Ps1\Flash2Quo\Flash\cli\a2106960_067.~pd
21.11.2016 17:26:24	Удаление D:\Ps1\Flash2Quo\Flash\cli\a2106960_068.~sd
21.11.2016 17:26:24	Удаление D:\Ps1\Flash2Quo\Flash\cli\a2106960_069.~sd
21.11.2016 17:26:24	Удаление D:\Ps1\Flash2Quo\Flash\cli\a2106960_070.~sd
21.11.2016 17:26:24	Удалено 4 файлов
