Текущее время: Tue Dec 17 13:33:15 2019
"C:\Program Files\MDPREI\spki\spki1utl.exe" -verify -delete -1 -profile r2880_2 -registry -in D:\Ps1\NoticeCB2\OUT\IZVTUB_AFN_7102803_MIFNS00_20191216_00002.xml -out D:\Ps1\NoticeCB2\OUT\IZVTUB_AFN_7102803_MIFNS00_20191216_00002.xml.test -silent D:\Ps1\NoticeCB2\log\17122019_spki_tr.log 
Инициализация
Проверка ЭП файла
Результат: OK (00000000)
ЭП 1: OK (00000000)
Mon Dec 16 12:01:11 2019
Владелец: CN=GU71,O=047100000,ST=71
Хэш: 18:3C:FC:B8:03:22:8A:74:E2:E0:28:0F:81:F8:B1:2F:A6:EC:35:D2:F5:C8:BD:99:ED:8B:0F:86:72:F9:16:A5

Текущее время: Tue Dec 17 13:43:33 2019
"C:\Program Files\MDPREI\spki\spki1utl.exe" -verify -delete -1 -profile r2880_2 -registry -in D:\Ps1\NoticeCB2\OUT\IZVTUB_AFN_7102803_MIFNS00_20191216_00002.xml -out D:\Ps1\NoticeCB2\OUT\IZVTUB_AFN_7102803_MIFNS00_20191216_00002.xml.test -silent D:\Ps1\NoticeCB2\log\17122019_spki_tr.log 
Инициализация
Проверка ЭП файла
Результат: OK (00000000)
ЭП 1: OK (00000000)
Mon Dec 16 12:01:11 2019
Владелец: CN=GU71,O=047100000,ST=71
Хэш: 18:3C:FC:B8:03:22:8A:74:E2:E0:28:0F:81:F8:B1:2F:A6:EC:35:D2:F5:C8:BD:99:ED:8B:0F:86:72:F9:16:A5

Текущее время: Tue Dec 17 13:44:19 2019
"C:\Program Files\MDPREI\spki\spki1utl.exe" -verify -delete -1 -profile r2880_2 -registry -in D:\Ps1\NoticeCB2\OUT\IZVTUB_AFN_7102803_MIFNS00_20191216_00002.xml -out D:\Ps1\NoticeCB2\OUT\IZVTUB_AFN_7102803_MIFNS00_20191216_00002.xml.test -silent D:\Ps1\NoticeCB2\log\17122019_spki_tr.log 
Инициализация
Проверка ЭП файла
Результат: OK (00000000)
ЭП 1: OK (00000000)
Mon Dec 16 12:01:11 2019
Владелец: CN=GU71,O=047100000,ST=71
Хэш: 18:3C:FC:B8:03:22:8A:74:E2:E0:28:0F:81:F8:B1:2F:A6:EC:35:D2:F5:C8:BD:99:ED:8B:0F:86:72:F9:16:A5

Текущее время: Tue Dec 17 13:50:10 2019
"C:\Program Files\MDPREI\spki\spki1utl.exe" -verify -delete -1 -profile r2880_2 -registry -in D:\Ps1\NoticeCB2\OUT\IZVTUB_AFN_7102803_MIFNS00_20191216_00002.xml -out D:\Ps1\NoticeCB2\OUT\IZVTUB_AFN_7102803_MIFNS00_20191216_00002.xml.test -silent D:\Ps1\NoticeCB2\log\17122019_spki_tr.log 
Инициализация
Проверка ЭП файла
Результат: OK (00000000)
ЭП 1: OK (00000000)
Mon Dec 16 12:01:11 2019
Владелец: CN=GU71,O=047100000,ST=71
Хэш: 18:3C:FC:B8:03:22:8A:74:E2:E0:28:0F:81:F8:B1:2F:A6:EC:35:D2:F5:C8:BD:99:ED:8B:0F:86:72:F9:16:A5

Текущее время: Tue Dec 17 13:53:27 2019
"C:\Program Files\MDPREI\spki\spki1utl.exe" -verify -delete -1 -profile r2880_2 -registry -in D:\Ps1\NoticeCB2\OUT\IZVTUB_AFN_7102803_MIFNS00_20191216_00002.xml -out D:\Ps1\NoticeCB2\OUT\IZVTUB_AFN_7102803_MIFNS00_20191216_00002.xml.test -silent D:\Ps1\NoticeCB2\log\17122019_spki_tr.log 
Инициализация
Проверка ЭП файла
Результат: OK (00000000)
ЭП 1: OK (00000000)
Mon Dec 16 12:01:11 2019
Владелец: CN=GU71,O=047100000,ST=71
Хэш: 18:3C:FC:B8:03:22:8A:74:E2:E0:28:0F:81:F8:B1:2F:A6:EC:35:D2:F5:C8:BD:99:ED:8B:0F:86:72:F9:16:A5

Текущее время: Tue Dec 17 14:03:08 2019
"C:\Program Files\MDPREI\spki\spki1utl.exe" -verify -delete -1 -profile r2880_2 -registry -in D:\Ps1\NoticeCB2\OUT\IZVTUB_AFN_7102803_MIFNS00_20191216_00002.xml -out D:\Ps1\NoticeCB2\OUT\IZVTUB_AFN_7102803_MIFNS00_20191216_00002.xml.test -silent D:\Ps1\NoticeCB2\log\17122019_spki_tr.log 
Инициализация
Проверка ЭП файла
Результат: OK (00000000)
ЭП 1: OK (00000000)
Mon Dec 16 12:01:11 2019
Владелец: CN=GU71,O=047100000,ST=71
Хэш: 18:3C:FC:B8:03:22:8A:74:E2:E0:28:0F:81:F8:B1:2F:A6:EC:35:D2:F5:C8:BD:99:ED:8B:0F:86:72:F9:16:A5

Текущее время: Tue Dec 17 14:04:12 2019
"C:\Program Files\MDPREI\spki\spki1utl.exe" -verify -delete -1 -profile r2880_2 -registry -in D:\Ps1\NoticeCB2\OUT\IZVTUB_AFN_7102803_MIFNS00_20191216_00002.xml -out D:\Ps1\NoticeCB2\OUT\IZVTUB_AFN_7102803_MIFNS00_20191216_00002.xml.test -silent D:\Ps1\NoticeCB2\log\17122019_spki_tr.log 
Инициализация
Проверка ЭП файла
Результат: OK (00000000)
ЭП 1: OK (00000000)
Mon Dec 16 12:01:11 2019
Владелец: CN=GU71,O=047100000,ST=71
Хэш: 18:3C:FC:B8:03:22:8A:74:E2:E0:28:0F:81:F8:B1:2F:A6:EC:35:D2:F5:C8:BD:99:ED:8B:0F:86:72:F9:16:A5

Текущее время: Tue Dec 17 14:06:29 2019
"C:\Program Files\MDPREI\spki\spki1utl.exe" -verify -delete -1 -profile r2880_2 -registry -in D:\Ps1\NoticeCB2\OUT\IZVTUB_AFN_7102803_MIFNS00_20191216_00002.xml -out D:\Ps1\NoticeCB2\OUT\IZVTUB_AFN_7102803_MIFNS00_20191216_00002.xml.test -silent D:\Ps1\NoticeCB2\log\17122019_spki_tr.log 
Инициализация
Проверка ЭП файла
Результат: OK (00000000)
ЭП 1: OK (00000000)
Mon Dec 16 12:01:11 2019
Владелец: CN=GU71,O=047100000,ST=71
Хэш: 18:3C:FC:B8:03:22:8A:74:E2:E0:28:0F:81:F8:B1:2F:A6:EC:35:D2:F5:C8:BD:99:ED:8B:0F:86:72:F9:16:A5

Текущее время: Tue Dec 17 14:15:35 2019
"C:\Program Files\MDPREI\spki\spki1utl.exe" -verify -delete -1 -profile r2880_2 -registry -in D:\Ps1\NoticeCB2\OUT\IZVTUB_AFN_7102803_MIFNS00_20191216_00002.xml -out D:\Ps1\NoticeCB2\OUT\IZVTUB_AFN_7102803_MIFNS00_20191216_00002.xml.test -silent D:\Ps1\NoticeCB2\log\17122019_spki_tr.log 
Инициализация
Проверка ЭП файла
Результат: OK (00000000)
ЭП 1: OK (00000000)
Mon Dec 16 12:01:11 2019
Владелец: CN=GU71,O=047100000,ST=71
Хэш: 18:3C:FC:B8:03:22:8A:74:E2:E0:28:0F:81:F8:B1:2F:A6:EC:35:D2:F5:C8:BD:99:ED:8B:0F:86:72:F9:16:A5

Текущее время: Tue Dec 17 14:27:15 2019
"C:\Program Files\MDPREI\spki\spki1utl.exe" -verify -delete -1 -profile r2880_2 -registry -in D:\Ps1\NoticeCB2\OUT\IZVTUB_AFN_7102803_MIFNS00_20191216_00002.xml -out D:\Ps1\NoticeCB2\OUT\IZVTUB_AFN_7102803_MIFNS00_20191216_00002.xml.test -silent D:\Ps1\NoticeCB2\log\17122019_spki_tr.log 
Инициализация
Проверка ЭП файла
Результат: OK (00000000)
ЭП 1: OK (00000000)
Mon Dec 16 12:01:11 2019
Владелец: CN=GU71,O=047100000,ST=71
Хэш: 18:3C:FC:B8:03:22:8A:74:E2:E0:28:0F:81:F8:B1:2F:A6:EC:35:D2:F5:C8:BD:99:ED:8B:0F:86:72:F9:16:A5

Текущее время: Tue Dec 17 14:29:24 2019
"C:\Program Files\MDPREI\spki\spki1utl.exe" -verify -delete -1 -profile r2880_2 -registry -in D:\Ps1\NoticeCB2\OUT\IZVTUB_AFN_7102803_MIFNS00_20191216_00002.xml -out D:\Ps1\NoticeCB2\OUT\IZVTUB_AFN_7102803_MIFNS00_20191216_00002.xml.test -silent D:\Ps1\NoticeCB2\log\17122019_spki_tr.log 
Инициализация
Проверка ЭП файла
Результат: OK (00000000)
ЭП 1: OK (00000000)
Mon Dec 16 12:01:11 2019
Владелец: CN=GU71,O=047100000,ST=71
Хэш: 18:3C:FC:B8:03:22:8A:74:E2:E0:28:0F:81:F8:B1:2F:A6:EC:35:D2:F5:C8:BD:99:ED:8B:0F:86:72:F9:16:A5

Текущее время: Tue Dec 17 14:30:07 2019
"C:\Program Files\MDPREI\spki\spki1utl.exe" -verify -delete -1 -profile r2880_2 -registry -in D:\Ps1\NoticeCB2\OUT\IZVTUB_AFN_7102803_MIFNS00_20191216_00002.xml -out D:\Ps1\NoticeCB2\OUT\IZVTUB_AFN_7102803_MIFNS00_20191216_00002.xml.test -silent D:\Ps1\NoticeCB2\log\17122019_spki_tr.log 
Инициализация
Проверка ЭП файла
Результат: OK (00000000)
ЭП 1: OK (00000000)
Mon Dec 16 12:01:11 2019
Владелец: CN=GU71,O=047100000,ST=71
Хэш: 18:3C:FC:B8:03:22:8A:74:E2:E0:28:0F:81:F8:B1:2F:A6:EC:35:D2:F5:C8:BD:99:ED:8B:0F:86:72:F9:16:A5

Текущее время: Tue Dec 17 14:49:22 2019
"C:\Program Files\MDPREI\spki\spki1utl.exe" -verify -delete -1 -profile r2880_2 -registry -in D:\Ps1\NoticeCB2\OUT\IZVTUB_AFN_7102803_MIFNS00_20191216_00002.xml -out D:\Ps1\NoticeCB2\OUT\IZVTUB_AFN_7102803_MIFNS00_20191216_00002.xml.test -silent D:\Ps1\NoticeCB2\log\17122019_spki_tr.log 
Инициализация
Проверка ЭП файла
Результат: OK (00000000)
ЭП 1: OK (00000000)
Mon Dec 16 12:01:11 2019
Владелец: CN=GU71,O=047100000,ST=71
Хэш: 18:3C:FC:B8:03:22:8A:74:E2:E0:28:0F:81:F8:B1:2F:A6:EC:35:D2:F5:C8:BD:99:ED:8B:0F:86:72:F9:16:A5

Текущее время: Tue Dec 17 15:31:28 2019
"C:\Program Files\MDPREI\spki\spki1utl.exe" -verify -delete -1 -profile r2880_2 -registry -in D:\Ps1\NoticeCB2\OUT\IZVTUB_AFN_7102803_MIFNS00_20191216_00002.xml -out D:\Ps1\NoticeCB2\OUT\IZVTUB_AFN_7102803_MIFNS00_20191216_00002.xml.test -silent D:\Ps1\NoticeCB2\log\17122019_spki_tr.log 
Инициализация
Проверка ЭП файла
Результат: OK (00000000)
ЭП 1: OK (00000000)
Mon Dec 16 12:01:11 2019
Владелец: CN=GU71,O=047100000,ST=71
Хэш: 18:3C:FC:B8:03:22:8A:74:E2:E0:28:0F:81:F8:B1:2F:A6:EC:35:D2:F5:C8:BD:99:ED:8B:0F:86:72:F9:16:A5

Текущее время: Tue Dec 17 15:31:55 2019
"C:\Program Files\MDPREI\spki\spki1utl.exe" -verify -delete -1 -profile r2880_2 -registry -in D:\Ps1\NoticeCB2\OUT\IZVTUB_AFN_7102803_MIFNS00_20191216_00002.xml -out D:\Ps1\NoticeCB2\OUT\IZVTUB_AFN_7102803_MIFNS00_20191216_00002.xml.test -silent D:\Ps1\NoticeCB2\log\17122019_spki_tr.log 
Инициализация
Проверка ЭП файла
Результат: OK (00000000)
ЭП 1: OK (00000000)
Mon Dec 16 12:01:11 2019
Владелец: CN=GU71,O=047100000,ST=71
Хэш: 18:3C:FC:B8:03:22:8A:74:E2:E0:28:0F:81:F8:B1:2F:A6:EC:35:D2:F5:C8:BD:99:ED:8B:0F:86:72:F9:16:A5

Текущее время: Tue Dec 17 15:32:55 2019
"C:\Program Files\MDPREI\spki\spki1utl.exe" -verify -delete -1 -profile r2880_2 -registry -in D:\Ps1\NoticeCB2\OUT\IZVTUB_AFN_7102803_MIFNS00_20191216_00002.xml -out D:\Ps1\NoticeCB2\OUT\IZVTUB_AFN_7102803_MIFNS00_20191216_00002.xml.test -silent D:\Ps1\NoticeCB2\log\17122019_spki_tr.log 
Инициализация
Проверка ЭП файла
Результат: OK (00000000)
ЭП 1: OK (00000000)
Mon Dec 16 12:01:11 2019
Владелец: CN=GU71,O=047100000,ST=71
Хэш: 18:3C:FC:B8:03:22:8A:74:E2:E0:28:0F:81:F8:B1:2F:A6:EC:35:D2:F5:C8:BD:99:ED:8B:0F:86:72:F9:16:A5

Текущее время: Tue Dec 17 15:34:11 2019
"C:\Program Files\MDPREI\spki\spki1utl.exe" -verify -delete -1 -profile r2880_2 -registry -in D:\Ps1\NoticeCB2\OUT\IZVTUB_AFN_7102803_MIFNS00_20191216_00002.xml -out D:\Ps1\NoticeCB2\OUT\IZVTUB_AFN_7102803_MIFNS00_20191216_00002.xml.test -silent D:\Ps1\NoticeCB2\log\17122019_spki_tr.log 
Инициализация
Проверка ЭП файла
Результат: OK (00000000)
ЭП 1: OK (00000000)
Mon Dec 16 12:01:11 2019
Владелец: CN=GU71,O=047100000,ST=71
Хэш: 18:3C:FC:B8:03:22:8A:74:E2:E0:28:0F:81:F8:B1:2F:A6:EC:35:D2:F5:C8:BD:99:ED:8B:0F:86:72:F9:16:A5

Текущее время: Tue Dec 17 15:35:39 2019
"C:\Program Files\MDPREI\spki\spki1utl.exe" -verify -delete -1 -profile r2880_2 -registry -in D:\Ps1\NoticeCB2\OUT\IZVTUB_AFN_7102803_MIFNS00_20191216_00002.xml -out D:\Ps1\NoticeCB2\OUT\IZVTUB_AFN_7102803_MIFNS00_20191216_00002.xml.test -silent D:\Ps1\NoticeCB2\log\17122019_spki_tr.log 
Инициализация
Проверка ЭП файла
Результат: OK (00000000)
ЭП 1: OK (00000000)
Mon Dec 16 12:01:11 2019
Владелец: CN=GU71,O=047100000,ST=71
Хэш: 18:3C:FC:B8:03:22:8A:74:E2:E0:28:0F:81:F8:B1:2F:A6:EC:35:D2:F5:C8:BD:99:ED:8B:0F:86:72:F9:16:A5

Текущее время: Tue Dec 17 15:37:54 2019
"C:\Program Files\MDPREI\spki\spki1utl.exe" -verify -delete -1 -profile r2880_2 -registry -in D:\Ps1\NoticeCB2\OUT\IZVTUB_AFN_7102803_MIFNS00_20191216_00002.xml -out D:\Ps1\NoticeCB2\OUT\IZVTUB_AFN_7102803_MIFNS00_20191216_00002.xml.test -silent D:\Ps1\NoticeCB2\log\17122019_spki_tr.log 
Инициализация
Проверка ЭП файла
Результат: OK (00000000)
ЭП 1: OK (00000000)
Mon Dec 16 12:01:11 2019
Владелец: CN=GU71,O=047100000,ST=71
Хэш: 18:3C:FC:B8:03:22:8A:74:E2:E0:28:0F:81:F8:B1:2F:A6:EC:35:D2:F5:C8:BD:99:ED:8B:0F:86:72:F9:16:A5

