[2019-12-24 14:58:19Z] - INFO - Начинаем обработку...
[2019-12-24 14:58:19Z] - INFO - Обрабатываем файл IZVTUB_AFN_7102803_MIFNS00_20191223_00001.xml
[2019-12-24 14:58:20Z] - ERRR - С файла IZVTUB_AFN_7102803_MIFNS00_20191223_00001 не удалось снять подпись
[2019-12-24 14:58:20Z] - ERRR - ИмяФайла: AFN_7102803_MIFNS00_20191223_00001 Результат: Наименование файла не уникально: файл с таким номером в течении дня уже обрабатывался 23-12-2019 10:26:15 в составе посылки mzn01962.001
[2019-12-24 14:58:21Z] - INFO - Performing the operation "Rename File" on target "Item: D:\Ps1\NoticeCB2\OUT\IZVTUB_AFN_7102803_MIFNS00_20191223_00001.xml Destination: D:\Ps1\NoticeCB2\OUT\IZVTUB_AFN_7102803_MIFNS
00_20191223_00001~.xml".

[2019-12-24 14:58:21Z] - INFO - Отправка почтового сообщения
[2019-12-24 14:58:37Z] - INFO - Завершение обработки...
[2019-12-24 15:00:21Z] - INFO - Начинаем обработку...
[2019-12-24 15:00:21Z] - INFO - Обрабатываем файл IZVTUB_AFN_7102803_MIFNS00_20191223_00001.xml
[2019-12-24 15:00:22Z] - ERRR - С файла IZVTUB_AFN_7102803_MIFNS00_20191223_00001 не удалось снять подпись
[2019-12-24 15:00:22Z] - ERRR - ИмяФайла: AFN_7102803_MIFNS00_20191223_00001 Результат: Наименование файла не уникально: файл с таким номером в течении дня уже обрабатывался 23-12-2019 10:26:15 в составе посылки mzn01962.001
[2019-12-24 15:00:22Z] - INFO - Performing the operation "Rename File" on target "Item: D:\Ps1\NoticeCB2\OUT\IZVTUB_AFN_7102803_MIFNS00_20191223_00001.xml Destination: D:\Ps1\NoticeCB2\OUT\IZVTUB_AFN_7102803_MIFNS
00_20191223_00001~.xml".

[2019-12-24 15:00:22Z] - INFO - Отправка почтового сообщения
[2019-12-24 15:00:32Z] - INFO - Обрабатываем файл IZVTUB_AFN_7102803_MIFNS00_20191224_00001.xml
[2019-12-24 15:00:33Z] - ERRR - С файла IZVTUB_AFN_7102803_MIFNS00_20191224_00001 не удалось снять подпись
[2019-12-24 15:00:33Z] - INFO - ИмяФайла: AFN_7102803_MIFNS00_20191224_00001 Результат: Положительный результат проверки
[2019-12-24 15:00:33Z] - INFO - Performing the operation "Rename File" on target "Item: D:\Ps1\NoticeCB2\OUT\IZVTUB_AFN_7102803_MIFNS00_20191224_00001.xml Destination: D:\Ps1\NoticeCB2\OUT\IZVTUB_AFN_7102803_MIFNS
00_20191224_00001~.xml".

[2019-12-24 15:00:33Z] - INFO - Отправка почтового сообщения
[2019-12-24 15:00:42Z] - INFO - Завершение обработки...
