 
                                                              éÄé äÅ "ÄÉêéèêéåäêÖÑàí"
 
   ëØ‡†¢™† Æ Ø•‡¢®Á≠ÎÂ §Æ™„¨•≠‚†Â, ·‰Æ‡¨®‡Æ¢†≠≠ÎÂ ® Â‡†≠ÔÈ®Â·Ô ¢ Ì´•™‚‡Æ≠≠Æ¨ ¢®§• -
             è´†‚•¶≠Î• §Æ™„¨•≠‚Î, ØÆ·‚„Ø®¢Ë®• ®ß êäñ Å†≠™† êÆ··®®
                             ß† 29/04/2016
 
⁄ƒƒƒƒƒ¬ƒƒƒƒƒƒƒƒƒ¬ƒƒƒƒƒƒƒƒƒƒ¬ƒƒƒƒƒƒƒƒƒƒƒƒƒƒƒƒƒƒƒƒ¬ƒƒƒƒƒƒƒƒƒƒƒƒƒƒƒƒƒƒƒƒ¬ƒƒƒƒƒƒƒƒƒƒƒƒƒƒƒƒø
≥  ¸  ≥  çÆ¨•‡  ≥   Ñ†‚†   ≥        Ñ•°•‚       ≥      ä‡•§®‚        ≥ ë„¨¨†          ≥
≥ Ø/Ø ≥§Æ™„¨•≠‚†≥§Æ™„¨•≠‚† ≥                    ≥                    ≥                ≥
√ƒƒƒƒƒ≈ƒƒƒƒƒƒƒƒƒ≈ƒƒƒƒƒƒƒƒƒƒ≈ƒƒƒƒƒƒƒƒƒƒƒƒƒƒƒƒƒƒƒƒ≈ƒƒƒƒƒƒƒƒƒƒƒƒƒƒƒƒƒƒƒƒ≈ƒƒƒƒƒƒƒƒƒƒƒƒƒƒƒƒ¥
≥1    ≥199      ≥25/04/16  ≥40702810300000005555≥40817810100020000001≥       12 066.60≥
≥2    ≥28       ≥25/04/16  ≥40802810800000000647≥40702810600020001440≥       11 480.88≥
≥3    ≥47       ≥25/04/16  ≥40802810600100000726≥40702810608020000867≥       47 200.00≥
≥4    ≥489827   ≥26/04/16  ≥30302810300000186048≥40702810804020001369≥        1 387.11≥
≥5    ≥199      ≥27/04/16  ≥40302810871824000068≥40702810206020001475≥       40 761.32≥
≥6    ≥29       ≥27/04/16  ≥40702810724220000229≥40702810600020001440≥       50 000.00≥
≥7    ≥91       ≥27/04/16  ≥40702810400000002953≥40702810208020000775≥        4 342.57≥
≥8    ≥96       ≥27/04/16  ≥40702810424220002721≥40702810600020001440≥        3 000.00≥
≥9    ≥96       ≥27/04/16  ≥40702810400000002953≥40817810100020000001≥        2 500.00≥
≥10   ≥100      ≥28/04/16  ≥40802810000020000951≥40702810500020001443≥       21 334.45≥
≥11   ≥117      ≥28/04/16  ≥40702810800990010157≥40702810600020001440≥        2 199.03≥
≥12   ≥137      ≥28/04/16  ≥40802810731520000022≥40702810205020001450≥       71 097.04≥
≥13   ≥148      ≥28/04/16  ≥40703810267100036413≥40702810600020001440≥      123 311.66≥
≥14   ≥155      ≥28/04/16  ≥40702810200030001036≥40702810200020001594≥          800.00≥
≥15   ≥16470    ≥28/04/16  ≥30302810300000186048≥40702810804020001398≥       23 054.70≥
≥16   ≥167      ≥28/04/16  ≥40702810167100000867≥40702810100020001445≥        4 852.25≥
≥17   ≥19       ≥28/04/16  ≥40702810600030009337≥40702810600020001440≥        7 545.45≥
≥18   ≥213      ≥28/04/16  ≥40201810600000000002≥40702810304020001461≥        6 304.95≥
≥19   ≥217      ≥28/04/16  ≥40702810900030001909≥40702810200020000799≥       32 600.00≥
≥20   ≥23       ≥28/04/16  ≥40802810002990000438≥40702810900020001564≥       43 000.00≥
≥21   ≥237      ≥28/04/16  ≥40702810367030010714≥40702810904020001285≥      100 000.00≥
≥22   ≥24       ≥28/04/16  ≥40802810002990000438≥40702810600020001440≥       71 066.00≥
≥23   ≥245      ≥28/04/16  ≥40702810300070020017≥40703810808020000051≥        3 000.00≥
≥24   ≥25       ≥28/04/16  ≥40802810067400002471≥40702810704020001595≥        8 700.00≥
≥25   ≥276180   ≥28/04/16  ≥40802810700170072059≥40702810600020000564≥       71 940.00≥
≥26   ≥28       ≥28/04/16  ≥40802810667340041073≥40702810600020000564≥      170 000.00≥
≥27   ≥2929     ≥28/04/16  ≥40702810638340000197≥40702810008020001589≥        7 564.31≥
≥28   ≥324      ≥28/04/16  ≥40702810495130000222≥40702810900020001564≥       67 000.00≥
≥29   ≥3514     ≥28/04/16  ≥40802810967400001336≥40702810704020001595≥      274 185.13≥
≥30   ≥389      ≥28/04/16  ≥40802810902990000237≥40702810600020001440≥       71 462.75≥
≥31   ≥391      ≥28/04/16  ≥40802810902990000237≥40702810900020001564≥       25 286.52≥
≥32   ≥45       ≥28/04/16  ≥40702810467100108045≥40702810900020001564≥        2 376.56≥
≥33   ≥465      ≥28/04/16  ≥40701810300001000007≥40702810008020001589≥        4 000.00≥
≥34   ≥477      ≥28/04/16  ≥40802810567090100209≥40702810804020001369≥        5 274.52≥
≥35   ≥478      ≥28/04/16  ≥40802810567090100209≥40702810804020001369≥       25 083.15≥
≥36   ≥496544   ≥28/04/16  ≥40817810928990005324≥40702810200020001442≥        4 780.00≥
≥37   ≥5047     ≥28/04/16  ≥40701810838290000006≥40802810500020000797≥       71 808.82≥
≥38   ≥538603   ≥28/04/16  ≥40911810100000000075≥40702810108020000778≥        1 000.00≥
≥39   ≥538661   ≥28/04/16  ≥40911810100000000075≥40702810108020000778≥        1 000.00≥
≥40   ≥556      ≥28/04/16  ≥40702810730990000169≥40702810704020001595≥       33 577.81≥
≥41   ≥62       ≥28/04/16  ≥40802810567030100777≥40702810704020001595≥        7 000.00≥
≥42   ≥6453     ≥28/04/16  ≥40401810171821000002≥40817810100020000001≥       20 000.00≥
≥43   ≥70       ≥28/04/16  ≥40702810822990004743≥40702810600020001440≥    1 500 000.00≥
≥44   ≥72       ≥28/04/16  ≥40702810200020009690≥40702810004020001596≥        5 000.00≥
≥45   ≥73       ≥28/04/16  ≥40702810200020009690≥40702810704020001595≥       15 000.00≥
≥46   ≥78       ≥28/04/16  ≥40703810500020003777≥40702810704020001595≥       66 000.00≥
≥47   ≥89       ≥28/04/16  ≥40703810605020000014≥40702810900020001564≥       50 000.00≥
≥48   ≥9414     ≥28/04/16  ≥60312810000000000587≥40702810004020001596≥        3 134.48≥
≥49   ≥9415     ≥28/04/16  ≥60312810000000000587≥40702810004020001596≥       28 902.62≥
≥50   ≥97       ≥28/04/16  ≥40802810467100046984≥40702810600020001440≥        1 500.00≥
≥51   ≥99       ≥28/04/16  ≥40703810867100036240≥40702810600020001440≥       10 574.44≥
≥52   ≥99       ≥28/04/16  ≥40802810000020000951≥40702810100020001445≥        7 711.58≥
≥53   ≥00087    ≥29/04/16  ≥40702810201000001495≥40817810100020000001≥       34 800.00≥
≥54   ≥00088    ≥29/04/16  ≥40702810201000001495≥40817810100020000001≥        3 045.00≥
≥55   ≥05451    ≥29/04/16  ≥30302810300120000001≥40702810000020001477≥    1 230 000.00≥
≥56   ≥10       ≥29/04/16  ≥40802810167440040814≥40702810205020001450≥       12 000.00≥
≥57   ≥10       ≥29/04/16  ≥40802810124220001061≥40702810900020001564≥       13 022.16≥
≥58   ≥1007     ≥29/04/16  ≥40702810967020103785≥40702810700020001463≥          700.00≥
≥59   ≥100727   ≥29/04/16  ≥30233810749000600001≥40702810900020001564≥       14 700.00≥
≥60   ≥101      ≥29/04/16  ≥40702810816540023217≥40702810608020000809≥      104 000.00≥
≥61   ≥101      ≥29/04/16  ≥40702810967100041877≥40702810600020001440≥      107 356.85≥
≥62   ≥1030     ≥29/04/16  ≥30302810300000186048≥40802810403020000755≥        4 200.00≥
≥63   ≥104      ≥29/04/16  ≥40702810100110000785≥40702810008020001589≥        1 928.83≥
≥64   ≥105      ≥29/04/16  ≥40802810131150892555≥40802810300020000735≥      145 000.00≥
≥65   ≥105287   ≥29/04/16  ≥30233810749000600001≥40702810602020001448≥        1 000.00≥
≥66   ≥105625   ≥29/04/16  ≥30232810800000053989≥40702810900020001344≥      132 570.00≥
≥67   ≥1059     ≥29/04/16  ≥40817810067442600596≥40702810205020001450≥          967.53≥
≥68   ≥106034   ≥29/04/16  ≥30233810749000600001≥40702810100020000828≥          550.00≥
≥69   ≥1063     ≥29/04/16  ≥40702810667030040992≥40802810104020000685≥      228 775.00≥
≥70   ≥106663   ≥29/04/16  ≥30233810749000600001≥40702810100020000828≥          550.00≥
≥71   ≥107      ≥29/04/16  ≥40802810567400001095≥40702810704020001595≥       20 000.00≥
≥72   ≥1073     ≥29/04/16  ≥40702810167100041774≥40702810100020000828≥    8 483 815.50≥
≥73   ≥1074     ≥29/04/16  ≥40702810167100041774≥40702810900020001564≥      478 106.80≥
≥74   ≥107596   ≥29/04/16  ≥40701810500540000045≥30223810500020000962≥       23 872.30≥
≥75   ≥108      ≥29/04/16  ≥40802810667440000464≥40802810005020000166≥       30 000.00≥
≥76   ≥108      ≥29/04/16  ≥40702810500000000565≥40702810600020001440≥      200 000.00≥
≥77   ≥108      ≥29/04/16  ≥40702810803990000135≥40702810602020001448≥        3 000.00≥
≥78   ≥109      ≥29/04/16  ≥40702810803990000135≥40702810100020001445≥        1 800.00≥
≥79   ≥11       ≥29/04/16  ≥40702810167100002959≥40702810102020001553≥       40 000.00≥
≥80   ≥110      ≥29/04/16  ≥40802810667440000464≥40702810205020001450≥        2 061.80≥
≥81   ≥110      ≥29/04/16  ≥40702810803990000135≥40702810500020001443≥       11 887.51≥
≥82   ≥112      ≥29/04/16  ≥40802810367400002090≥40702810804020001398≥        1 397.61≥
≥83   ≥112      ≥29/04/16  ≥40802810167030001425≥40702810004020001596≥        8 500.00≥
≥84   ≥1126     ≥29/04/16  ≥40802810448990000490≥40702810600020000564≥       10 000.00≥
≥85   ≥113      ≥29/04/16  ≥40703810871060000001≥40702810205020001450≥       35 136.65≥
≥86   ≥113      ≥29/04/16  ≥40703810724220000370≥40702810600020001440≥       10 000.00≥
≥87   ≥113280   ≥29/04/16  ≥30233810749000600001≥40702810600020001440≥       14 165.42≥
≥88   ≥114      ≥29/04/16  ≥40817810567030053563≥40702810804020001592≥       16 280.43≥
≥89   ≥1147     ≥29/04/16  ≥40702810967100003640≥40702810608020000809≥    1 800 000.00≥
≥90   ≥115      ≥29/04/16  ≥40817810867030066988≥40702810804020001398≥          934.10≥
≥91   ≥115      ≥29/04/16  ≥40702810867100048284≥40802810300020000447≥       14 000.00≥
≥92   ≥116      ≥29/04/16  ≥40701810471863000002≥40702810804020001369≥      118 438.13≥
≥93   ≥116      ≥29/04/16  ≥40702810567440000376≥40702810205020001450≥        2 676.09≥
≥94   ≥11635    ≥29/04/16  ≥40701810167103000030≥40702810500020001540≥       24 000.00≥
≥95   ≥1169     ≥29/04/16  ≥40702810800000003206≥40702810408020000782≥    3 000 000.00≥
≥96   ≥117      ≥29/04/16  ≥40702810567440000376≥40702810205020001450≥        3 099.10≥
≥97   ≥117      ≥29/04/16  ≥40802810467100044850≥40702810205020001450≥       21 145.37≥
≥98   ≥118      ≥29/04/16  ≥40702810500700851028≥40702810608020000809≥      225 000.00≥
≥99   ≥119280   ≥29/04/16  ≥30233810749000600001≥40702810200020001442≥          882.00≥
≥100  ≥11941    ≥29/04/16  ≥40817810067030000223≥40702810804020001592≥           41.49≥
≥101  ≥1195     ≥29/04/16  ≥40601810200003000001≥40802810603020000238≥        2 600.00≥
≥102  ≥1196     ≥29/04/16  ≥40601810200003000001≥40802810603020000238≥        1 500.00≥
≥103  ≥1197     ≥29/04/16  ≥40601810200003000001≥40802810603020000238≥        2 650.00≥
≥104  ≥120      ≥29/04/16  ≥40702810100040105611≥40702810602020001558≥       50 000.00≥
≥105  ≥121      ≥29/04/16  ≥40702810430990000676≥40702810704020001595≥        4 000.00≥
≥106  ≥12288    ≥29/04/16  ≥30302810167006004500≥40802810905020000279≥        5 000.00≥
≥107  ≥1233     ≥29/04/16  ≥40702810567100040773≥40702810600020001440≥          191.23≥
≥108  ≥123395   ≥29/04/16  ≥40302810400001000001≥40702810600020001550≥          124.56≥
≥109  ≥123399   ≥29/04/16  ≥40302810400001000001≥40702810600020001550≥          719.84≥
≥110  ≥123403   ≥29/04/16  ≥40302810400001000001≥40702810600020001550≥        2 877.62≥
≥111  ≥123483   ≥29/04/16  ≥40302810400001000001≥40702810900020001441≥           34.83≥
≥112  ≥124597   ≥29/04/16  ≥40501810500002000002≥40702810600020001440≥    1 479 392.75≥
≥113  ≥124689   ≥29/04/16  ≥40501810500002000002≥40702810600020001440≥      228 060.07≥
≥114  ≥12488    ≥29/04/16  ≥40817810867030036206≥40702810804020001592≥           30.00≥
≥115  ≥125380   ≥29/04/16  ≥40105810300000010001≥40702810100020001445≥        1 039.77≥
≥116  ≥125400   ≥29/04/16  ≥40105810300000010001≥40702810500020001443≥       16 160.37≥
≥117  ≥125650   ≥29/04/16  ≥40105810300000010001≥40702810300020001494≥        6 268.09≥
≥118  ≥125795   ≥29/04/16  ≥40105810300000010001≥40702810205020001450≥       17 702.62≥
≥119  ≥125797   ≥29/04/16  ≥40105810300000010001≥40702810205020001450≥       10 511.22≥
≥120  ≥125800   ≥29/04/16  ≥40105810300000010001≥40702810205020001450≥        4 696.59≥
≥121  ≥1259     ≥29/04/16  ≥40817810167400285002≥40702810804020001592≥        6 065.00≥
≥122  ≥126030   ≥29/04/16  ≥40105810300000010001≥40702810205020001450≥        1 654.69≥
≥123  ≥126203   ≥29/04/16  ≥40105810300000010001≥40702810100020001445≥       29 370.07≥
≥124  ≥126204   ≥29/04/16  ≥40105810300000010001≥40702810602020001448≥       13 333.33≥
≥125  ≥126205   ≥29/04/16  ≥40105810300000010001≥40702810100020001445≥      160 964.25≥
≥126  ≥126206   ≥29/04/16  ≥40105810300000010001≥40702810602020001448≥      307 255.35≥
≥127  ≥126207   ≥29/04/16  ≥40105810300000010001≥40702810602020001448≥      300 543.97≥
≥128  ≥126208   ≥29/04/16  ≥40105810300000010001≥40702810100020001445≥      107 917.52≥
≥129  ≥126209   ≥29/04/16  ≥40105810300000010001≥40702810100020001445≥       29 370.07≥
≥130  ≥126210   ≥29/04/16  ≥40105810300000010001≥40702810100020001445≥       12 500.00≥
≥131  ≥126211   ≥29/04/16  ≥40105810300000010001≥40702810602020001448≥       13 333.33≥
≥132  ≥126339   ≥29/04/16  ≥40105810300000010001≥40702810600020001440≥        6 510.89≥
≥133  ≥12664    ≥29/04/16  ≥40817810867031000817≥40702810804020001592≥        8 613.40≥
≥134  ≥127      ≥29/04/16  ≥40802810067440100113≥40702810205020001450≥        4 846.38≥
≥135  ≥127235   ≥29/04/16  ≥40101810300000010005≥40702810000020000106≥       21 218.24≥
≥136  ≥127598   ≥29/04/16  ≥40101810300000010005≥40702810600020001550≥       21 500.00≥
≥137  ≥127627   ≥29/04/16  ≥40101810300000010005≥40702810600020001550≥       21 500.00≥
≥138  ≥128      ≥29/04/16  ≥40802810067440100113≥40702810205020001450≥        3 329.02≥
≥139  ≥128      ≥29/04/16  ≥40802810200030000256≥40702810608020000809≥        1 500.00≥
≥140  ≥128144   ≥29/04/16  ≥40201810200000100009≥40702810205020001450≥        6 881.68≥
≥141  ≥128302   ≥29/04/16  ≥40204810100000000633≥40702810205020001450≥        3 958.95≥
≥142  ≥13       ≥29/04/16  ≥40702810855990000549≥40702810900020001564≥       43 208.58≥
≥143  ≥13       ≥29/04/16  ≥40802810500170000568≥40702810004020001596≥       41 449.75≥
≥144  ≥130      ≥29/04/16  ≥40702810567030100327≥40702810804020001343≥        7 500.91≥
≥145  ≥13004    ≥29/04/16  ≥40817810567100399089≥40702810900020001441≥          100.00≥
≥146  ≥1303     ≥29/04/16  ≥40702810700010003629≥40702810004020001596≥       14 058.64≥
≥147  ≥1304     ≥29/04/16  ≥40702810700010003629≥40702810004020001596≥          511.22≥
≥148  ≥1305     ≥29/04/16  ≥40702810700010003629≥40702810004020001596≥       10 941.89≥
≥149  ≥1306     ≥29/04/16  ≥40702810700010003629≥40702810004020001596≥       99 690.97≥
≥150  ≥1307     ≥29/04/16  ≥40702810700010003629≥40702810004020001596≥      197 209.67≥
≥151  ≥1308     ≥29/04/16  ≥40702810700010003629≥40702810004020001596≥       35 373.47≥
≥152  ≥1309     ≥29/04/16  ≥40702810700010003629≥40702810004020001596≥       32 535.05≥
≥153  ≥1310     ≥29/04/16  ≥40702810700010003629≥40702810704020001595≥      697 497.59≥
≥154  ≥1311     ≥29/04/16  ≥40702810700010003629≥40702810704020001595≥       46 683.70≥
≥155  ≥1317     ≥29/04/16  ≥40702810600261004089≥40702810300020001229≥    6 000 000.00≥
≥156  ≥13288    ≥29/04/16  ≥40817810167400124176≥40702810804020001592≥           14.01≥
≥157  ≥13290    ≥29/04/16  ≥42307810267030029402≥40702810804020001592≥        1 841.61≥
≥158  ≥133      ≥29/04/16  ≥40702810406280002031≥40702810600020001440≥      168 459.89≥
≥159  ≥1335     ≥29/04/16  ≥40702810600010005724≥40702810600020001440≥        2 000.00≥
≥160  ≥1338     ≥29/04/16  ≥40702810600170000539≥40702810004020001596≥       60 000.00≥
≥161  ≥13393    ≥29/04/16  ≥40821810300480000019≥40821810602020000016≥       24 215.41≥
≥162  ≥13395    ≥29/04/16  ≥40821810300480000019≥40821810805020000017≥       81 649.30≥
≥163  ≥13396    ≥29/04/16  ≥40821810300480000019≥40821810600020000018≥      528 792.98≥
≥164  ≥1340     ≥29/04/16  ≥40702810600170000539≥40702810704020001595≥      256 000.00≥
≥165  ≥13415    ≥29/04/16  ≥40817810367100514475≥40702810200020001565≥        3 376.88≥
≥166  ≥13499    ≥29/04/16  ≥42307810767330699935≥40702810200020001565≥        2 251.25≥
≥167  ≥1358     ≥29/04/16  ≥40702810567440000169≥40802810005020000166≥        3 288.00≥
≥168  ≥136      ≥29/04/16  ≥40802810667260000055≥40702810205020001450≥        5 513.55≥
≥169  ≥136153   ≥29/04/16  ≥30233810749000600001≥40702810200020001442≥          558.00≥
≥170  ≥138031   ≥29/04/16  ≥30233810749000600001≥40702810804020001343≥          330.60≥
≥171  ≥138652   ≥29/04/16  ≥30233810749000600001≥40702810100020000828≥          550.00≥
≥172  ≥13884    ≥29/04/16  ≥40817810567100399089≥40702810200020001442≥        1 658.11≥
≥173  ≥139      ≥29/04/16  ≥40702810167330040888≥40702810602020001448≥       11 065.95≥
≥174  ≥139041   ≥29/04/16  ≥30233810749000600001≥40702810205020001450≥        1 738.08≥
≥175  ≥13918    ≥29/04/16  ≥40817810167030078427≥40702810804020001592≥            6.32≥
≥176  ≥13920    ≥29/04/16  ≥40817810167031003239≥40702810804020001592≥          116.82≥
≥177  ≥1397     ≥29/04/16  ≥40702810321990001496≥40702810200020001329≥      300 000.00≥
≥178  ≥1397     ≥29/04/16  ≥40817810667101586131≥40702810200020001442≥        6 293.31≥
≥179  ≥14       ≥29/04/16  ≥40702810855990000549≥40702810900020001564≥       67 360.16≥
≥180  ≥140      ≥29/04/16  ≥40702810167330040888≥40702810602020001448≥        2 253.85≥
≥181  ≥14021    ≥29/04/16  ≥40817810467400271279≥40702810804020001592≥          115.64≥
≥182  ≥14026    ≥29/04/16  ≥40817810967030035819≥40702810804020001592≥           16.72≥
≥183  ≥14029    ≥29/04/16  ≥40817810267030026913≥40702810804020001592≥            6.00≥
≥184  ≥14104    ≥29/04/16  ≥40817810067400224480≥40702810804020001592≥        1 632.75≥
≥185  ≥14172    ≥29/04/16  ≥42306810967030019577≥40702810804020001592≥           44.23≥
≥186  ≥14467    ≥29/04/16  ≥40817810967030072966≥40702810804020001592≥           33.89≥
≥187  ≥144681   ≥29/04/16  ≥40802810117300000049≥40702810704020001595≥       50 000.00≥
≥188  ≥14469    ≥29/04/16  ≥42307810767033013397≥40702810804020001592≥           10.56≥
≥189  ≥144755   ≥29/04/16  ≥30233810749000600001≥40702810300020002105≥        4 980.00≥
≥190  ≥145      ≥29/04/16  ≥40802810328990000329≥40702810205020001450≥        7 444.73≥
≥191  ≥1467     ≥29/04/16  ≥40703810400990000278≥40702810300020001494≥       18 928.76≥
≥192  ≥14794    ≥29/04/16  ≥40702810200060001100≥40702810600020001440≥      238 333.59≥
≥193  ≥14800    ≥29/04/16  ≥40702810200060001100≥40702810205020001450≥       47 936.69≥
≥194  ≥1482     ≥29/04/16  ≥40703810400990000278≥40802810902020000887≥      183 006.47≥
≥195  ≥14890    ≥29/04/16  ≥42307810067030043002≥40702810804020001592≥       22 989.19≥
≥196  ≥14894    ≥29/04/16  ≥40702810200060001100≥40702810600020001440≥       50 999.02≥
≥197  ≥1496     ≥29/04/16  ≥40702810667500040752≥70601810300822790207≥        1 200.00≥
≥198  ≥150      ≥29/04/16  ≥40701810300001000007≥40702810008020001589≥        6 444.99≥
≥199  ≥1500     ≥29/04/16  ≥40702810438290000719≥40702810200020000252≥        1 540.00≥
≥200  ≥1502     ≥29/04/16  ≥40701810600990000009≥40702810600020001084≥        2 394.94≥
≥201  ≥15020    ≥29/04/16  ≥42307810667030018178≥40702810704020001595≥        3 858.66≥
≥202  ≥1504     ≥29/04/16  ≥40701810600990000009≥40702810600020001084≥       44 846.59≥
≥203  ≥151      ≥29/04/16  ≥40702810838320000470≥40702810600020001440≥       12 796.83≥
≥204  ≥15127    ≥29/04/16  ≥40817810467400226936≥40702810804020001592≥       10 571.03≥
≥205  ≥15131    ≥29/04/16  ≥40817810067400226938≥40702810804020001592≥          162.42≥
≥206  ≥152      ≥29/04/16  ≥40702810167100046834≥40702810000020000106≥        4 070.00≥
≥207  ≥1521     ≥29/04/16  ≥40702810467100047041≥40702810500020001443≥      134 264.04≥
≥208  ≥153      ≥29/04/16  ≥40702810500030003543≥40702810600020001440≥       21 166.82≥
≥209  ≥15370    ≥29/04/16  ≥40817810667030006481≥40702810804020001592≥          482.93≥
≥210  ≥15373    ≥29/04/16  ≥42307810167030059530≥40702810804020001592≥           13.37≥
≥211  ≥15390    ≥29/04/16  ≥42307810667030018178≥40702810704020001595≥          105.28≥
≥212  ≥1549     ≥29/04/16  ≥30233810000000000001≥40702810000020000669≥       23 020.18≥
≥213  ≥15495    ≥29/04/16  ≥40817810567030049328≥40702810804020001592≥       46 487.79≥
≥214  ≥15498    ≥29/04/16  ≥30301810867406006700≥40702810804020001592≥        1 288.35≥
≥215  ≥15499    ≥29/04/16  ≥42306810567030017115≥40702810804020001592≥           15.71≥
≥216  ≥15501    ≥29/04/16  ≥42302810767402000567≥40702810804020001592≥        1 477.67≥
≥217  ≥15708    ≥29/04/16  ≥40817810067101008659≥40702810602020001448≥        6 064.62≥
≥218  ≥158      ≥29/04/16  ≥40802810100170001352≥40702810704020001595≥       50 000.00≥
≥219  ≥158      ≥29/04/16  ≥40701810500000000163≥40702810205020001450≥        8 916.41≥
≥220  ≥159314   ≥29/04/16  ≥30233810749000600001≥40702810205020001450≥        1 000.00≥
≥221  ≥159789   ≥29/04/16  ≥30233810749000600001≥40702810602020001448≥          620.00≥
≥222  ≥159846   ≥29/04/16  ≥30233810749000600001≥40702810200020001442≥       13 345.53≥
≥223  ≥159980   ≥29/04/16  ≥30233810749000600001≥40702810200020001442≥        1 262.86≥
≥224  ≥161336   ≥29/04/16  ≥40201810200000100009≥40702810205020001450≥        7 435.10≥
≥225  ≥161348   ≥29/04/16  ≥40201810200000100009≥40817810100020000001≥        7 200.00≥
≥226  ≥16143    ≥29/04/16  ≥40817810367030051794≥40702810804020001592≥        3 806.41≥
≥227  ≥161526   ≥29/04/16  ≥40201810200000100009≥40702810600020001440≥           15.65≥
≥228  ≥161527   ≥29/04/16  ≥40201810200000100009≥40702810600020001440≥        9 329.71≥
≥229  ≥161777   ≥29/04/16  ≥30233810749000600001≥40702810000020000106≥        1 400.00≥
≥230  ≥161936   ≥29/04/16  ≥40601810400003000001≥40702810300020001025≥        6 987.60≥
≥231  ≥162      ≥29/04/16  ≥40701810600000000173≥40702810205020001450≥        1 420.92≥
≥232  ≥162351   ≥29/04/16  ≥40601810400003000001≥40702810600020001440≥          114.57≥
≥233  ≥162390   ≥29/04/16  ≥40601810400003000001≥40702810600020001440≥          948.80≥
≥234  ≥16240    ≥29/04/16  ≥40817810467030077319≥40702810804020001592≥       11 947.41≥
≥235  ≥16242    ≥29/04/16  ≥42307810967030060732≥40702810804020001592≥          217.98≥
≥236  ≥162433   ≥29/04/16  ≥40601810400003000001≥40817810100020000001≥        1 501.00≥
≥237  ≥16244    ≥29/04/16  ≥42307810667031002659≥40702810804020001592≥           21.06≥
≥238  ≥162452   ≥29/04/16  ≥40601810400003000001≥40702810602020001558≥       36 670.00≥
≥239  ≥163      ≥29/04/16  ≥40702810101000000852≥40702810600020001440≥       30 000.00≥
≥240  ≥16300    ≥29/04/16  ≥40817810667100066827≥40702810200020001442≥           82.67≥
≥241  ≥163020   ≥29/04/16  ≥40601810400003000001≥40702810900020000769≥       49 950.00≥
≥242  ≥163231   ≥29/04/16  ≥30233810749000600001≥40702810804020001343≥        4 944.00≥
≥243  ≥163363   ≥29/04/16  ≥30233810749000600001≥40702810600020001440≥          125.37≥
≥244  ≥16339    ≥29/04/16  ≥40911810844025070001≥40702810200020001442≥        3 647.86≥
≥245  ≥163604   ≥29/04/16  ≥40601810400003000001≥40702810602020001448≥       15 646.50≥
≥246  ≥163605   ≥29/04/16  ≥40601810400003000001≥40702810100020001445≥       15 532.02≥
≥247  ≥163606   ≥29/04/16  ≥40601810400003000001≥40702810500020001443≥      110 517.33≥
≥248  ≥16394    ≥29/04/16  ≥42307810067108862199≥40702810200020001442≥           20.72≥
≥249  ≥16454    ≥29/04/16  ≥42301810167100756594≥40702810200020001442≥            4.80≥
≥250  ≥16455    ≥29/04/16  ≥42307810467108697906≥40702810200020001442≥           47.99≥
≥251  ≥16489    ≥29/04/16  ≥40817810967030028512≥40702810804020001592≥          359.53≥
≥252  ≥165      ≥29/04/16  ≥40802810967100042190≥40702810900020001564≥        9 526.13≥
≥253  ≥16543    ≥29/04/16  ≥40817810167030066044≥40702810804020001592≥          174.46≥
≥254  ≥16544    ≥29/04/16  ≥42304810467400033834≥40702810804020001592≥        2 005.97≥
≥255  ≥166      ≥29/04/16  ≥40802810522990000154≥40702810000020000106≥       30 237.22≥
≥256  ≥166558   ≥29/04/16  ≥30233810749000600001≥40702810600020001440≥        3 000.00≥
≥257  ≥16667    ≥29/04/16  ≥42307810567108863371≥40702810200020001442≥           49.92≥
≥258  ≥16770    ≥29/04/16  ≥40701810271023000026≥40702810205020001450≥       39 175.66≥
≥259  ≥16779    ≥29/04/16  ≥40701810271023000026≥40702810205020001450≥        8 962.50≥
≥260  ≥1679     ≥29/04/16  ≥40702810302990002061≥40702810900020001564≥      883 113.66≥
≥261  ≥168      ≥29/04/16  ≥40702810167100045563≥40702810600020001440≥       57 828.68≥
≥262  ≥168      ≥29/04/16  ≥40701810000000000171≥40702810205020001450≥          137.95≥
≥263  ≥169      ≥29/04/16  ≥40702810924220000113≥40702810600020001440≥      100 000.00≥
≥264  ≥169      ≥29/04/16  ≥40703810367100000132≥40702810500020001443≥        5 927.62≥
≥265  ≥1695     ≥29/04/16  ≥40702810138350000328≥47416810300020000001≥        9 897.84≥
≥266  ≥17       ≥29/04/16  ≥40703810067220100021≥40702810205020001450≥          616.20≥
≥267  ≥170      ≥29/04/16  ≥40703810367100000132≥40702810100020001445≥          122.18≥
≥268  ≥17065    ≥29/04/16  ≥40817810967101099137≥40702810200020001442≥        2 039.09≥
≥269  ≥17198    ≥29/04/16  ≥40817810167036501451≥40702810804020001592≥        5 644.41≥
≥270  ≥171985   ≥29/04/16  ≥30233810749000600001≥40702810100020000828≥          550.00≥
≥271  ≥172039   ≥29/04/16  ≥30233810749000600001≥40702810205020001450≥        5 449.18≥
≥272  ≥17235    ≥29/04/16  ≥40817810567036501585≥40702810804020001592≥        5 644.41≥
≥273  ≥17317    ≥29/04/16  ≥40817810167100618652≥40702810200020001442≥           78.99≥
≥274  ≥17433    ≥29/04/16  ≥40817810467030103597≥40702810804020001592≥          752.27≥
≥275  ≥17434    ≥29/04/16  ≥42307810467030039234≥40702810804020001592≥        1 621.40≥
≥276  ≥17457    ≥29/04/16  ≥40817810267101089180≥40702810200020001442≥           16.35≥
≥277  ≥17458    ≥29/04/16  ≥42307810467102164231≥40702810200020001442≥           10.59≥
≥278  ≥17460    ≥29/04/16  ≥42307810067109065733≥40702810200020001442≥           21.00≥
≥279  ≥17463    ≥29/04/16  ≥30232810312000000001≥40802810602020000475≥        6 001.98≥
≥280  ≥175      ≥29/04/16  ≥40703810367990000777≥40702810600020001440≥       63 214.20≥
≥281  ≥17533    ≥29/04/16  ≥40817810867030052073≥40702810804020001592≥           42.04≥
≥282  ≥17534    ≥29/04/16  ≥40817810467400176439≥40702810804020001592≥        7 558.69≥
≥283  ≥17597    ≥29/04/16  ≥40817810367100399218≥40702810200020001442≥        1 670.07≥
≥284  ≥17598    ≥29/04/16  ≥42307810967102164773≥40702810200020001442≥           10.00≥
≥285  ≥17604    ≥29/04/16  ≥40817810567108961752≥40702810200020001442≥        2 848.89≥
≥286  ≥177      ≥29/04/16  ≥40702810304000004440≥40702810600020001440≥       10 300.69≥
≥287  ≥177      ≥29/04/16  ≥40702810800030006091≥40702810500020001443≥       30 000.00≥
≥288  ≥17700    ≥29/04/16  ≥42306810167100715705≥40702810200020001442≥        2 433.80≥
≥289  ≥17764    ≥29/04/16  ≥40817810867030032718≥40702810804020001592≥           97.70≥
≥290  ≥17765    ≥29/04/16  ≥40817810467400145363≥40702810804020001592≥           11.65≥
≥291  ≥17766    ≥29/04/16  ≥42307810267033002222≥40702810804020001592≥           75.49≥
≥292  ≥178      ≥29/04/16  ≥40702810667100003157≥40702810500020001443≥       87 642.62≥
≥293  ≥17845    ≥29/04/16  ≥40702810567020103965≥40702810600020001440≥      220 623.11≥
≥294  ≥17846    ≥29/04/16  ≥40817810467039505866≥40702810804020001592≥          614.23≥
≥295  ≥17846    ≥29/04/16  ≥40702810167020102418≥40702810600020001440≥      606 099.78≥
≥296  ≥17922    ≥29/04/16  ≥40817810767039509326≥40702810804020001592≥           63.59≥
≥297  ≥17924    ≥29/04/16  ≥40817810567030003429≥40702810804020001592≥        5 141.12≥
≥298  ≥1794     ≥29/04/16  ≥42307810967330045800≥40702810602020001448≥           84.95≥
≥299  ≥17986    ≥29/04/16  ≥40817810067030080308≥40702810804020001592≥        2 526.85≥
≥300  ≥18       ≥29/04/16  ≥40702810967100002874≥40702810205020001450≥        9 905.09≥
≥301  ≥18       ≥29/04/16  ≥40802810767100042484≥40702810600020001440≥        2 000.00≥
≥302  ≥180330   ≥29/04/16  ≥30233810749000600001≥40702810804020001343≥       28 049.15≥
≥303  ≥18042    ≥29/04/16  ≥40817810067030038729≥40702810804020001592≥          100.00≥
≥304  ≥181      ≥29/04/16  ≥40802810500170000526≥40802810904020000678≥       82 450.00≥
≥305  ≥181      ≥29/04/16  ≥40702810367480100054≥40702810602020001448≥       24 000.00≥
≥306  ≥18105    ≥29/04/16  ≥40817810867033010326≥40702810804020001398≥        4 116.20≥
≥307  ≥18264    ≥29/04/16  ≥40817810667030073702≥40702810804020001592≥            0.05≥
≥308  ≥18290    ≥29/04/16  ≥42307810467033012601≥40702810704020001595≥           19.67≥
≥309  ≥18292    ≥29/04/16  ≥42307810967102158048≥40702810200020001442≥           16.66≥
≥310  ≥18340    ≥29/04/16  ≥40817810867400229135≥40702810804020001592≥           15.90≥
≥311  ≥183736   ≥29/04/16  ≥40702810467100045577≥40702810600020001550≥       44 107.74≥
≥312  ≥184      ≥29/04/16  ≥40701810000000000171≥40702810600020001440≥        9 747.48≥
≥313  ≥18413    ≥29/04/16  ≥40817810467400094744≥40702810804020001592≥           18.41≥
≥314  ≥18414    ≥29/04/16  ≥40817810067030018176≥40702810804020001592≥           56.46≥
≥315  ≥18415    ≥29/04/16  ≥42307810067033007304≥40702810804020001592≥           10.00≥
≥316  ≥1848     ≥29/04/16  ≥40702810344050007941≥40702810602020001558≥       15 600.00≥
≥317  ≥1849     ≥29/04/16  ≥40702810344050007941≥40702810602020001558≥       11 300.00≥
≥318  ≥18574    ≥29/04/16  ≥42307810667330035932≥40702810200020001565≥        3 897.00≥
≥319  ≥18622    ≥29/04/16  ≥42307810767100754039≥40702810200020001442≥        3 201.00≥
≥320  ≥18657    ≥29/04/16  ≥40817810067100540956≥40702810602020001448≥        3 875.09≥
≥321  ≥18697    ≥29/04/16  ≥40817810367030058195≥40702810804020001592≥        6 843.59≥
≥322  ≥187      ≥29/04/16  ≥40701810900000000174≥40702810600020001440≥          325.26≥
≥323  ≥1872     ≥29/04/16  ≥40702810116120066970≥30223810500020000962≥       25 838.70≥
≥324  ≥18748    ≥29/04/16  ≥40817810467101951487≥40702810200020001442≥        2 290.45≥
≥325  ≥18757    ≥29/04/16  ≥40817810267030048852≥40702810804020001592≥            0.85≥
≥326  ≥18758    ≥29/04/16  ≥40817810467031002985≥40702810804020001592≥            0.45≥
≥327  ≥188      ≥29/04/16  ≥40702810867030100852≥40702810004020001596≥        2 000.00≥
≥328  ≥18812    ≥29/04/16  ≥40817810067101046035≥40702810200020001442≥        2 757.50≥
≥329  ≥18833    ≥29/04/16  ≥40817810267400125512≥40702810804020001592≥          531.88≥
≥330  ≥19       ≥29/04/16  ≥40702810400020025351≥40702810600020001440≥        2 354.22≥
≥331  ≥19       ≥29/04/16  ≥40703810767410004004≥40702810600020001440≥       45 000.00≥
≥332  ≥190      ≥29/04/16  ≥40702810467440000191≥40702810205020001450≥        5 260.64≥
≥333  ≥19123    ≥29/04/16  ≥40817810467030034695≥40702810804020001592≥        2 330.59≥
≥334  ≥19125    ≥29/04/16  ≥42307810267033011213≥40702810804020001592≥          561.50≥
≥335  ≥19145    ≥29/04/16  ≥42307810367030034504≥40702810804020001592≥           10.18≥
≥336  ≥1917     ≥29/04/16  ≥40702810200000000155≥40702810608020000867≥        9 440.00≥
≥337  ≥192      ≥29/04/16  ≥40702810967020102647≥40702810000020000106≥        2 000.00≥
≥338  ≥192913   ≥29/04/16  ≥30233810749000600001≥40702810804020001343≥      473 624.25≥
≥339  ≥200      ≥29/04/16  ≥40701810700000000170≥40702810600020001440≥        2 770.65≥
≥340  ≥201973   ≥29/04/16  ≥40702810567100002957≥40702810600020001550≥       87 674.11≥
≥341  ≥203      ≥29/04/16  ≥40702810922990004863≥40702810704020001595≥        3 172.14≥
≥342  ≥203      ≥29/04/16  ≥40701810600000000173≥40702810205020001450≥          942.69≥
≥343  ≥203934   ≥29/04/16  ≥30233810749000600001≥40702810804020001343≥          473.67≥
≥344  ≥204      ≥29/04/16  ≥40702810922990004863≥40702810704020001595≥       27 264.50≥
≥345  ≥205      ≥29/04/16  ≥40702810922990004863≥40702810704020001595≥        3 907.62≥
≥346  ≥206      ≥29/04/16  ≥40702810922990004863≥40702810704020001595≥       38 949.30≥
≥347  ≥207      ≥29/04/16  ≥40702810567100047860≥40702810600020001440≥      620 000.00≥
≥348  ≥208      ≥29/04/16  ≥40702810867400002179≥40702810004020001596≥       35 000.00≥
≥349  ≥208188   ≥29/04/16  ≥40702810800261004591≥40702810600020000564≥        9 557.55≥
≥350  ≥208450   ≥29/04/16  ≥40703810967100036629≥40702810600020001550≥       13 995.92≥
≥351  ≥208450   ≥29/04/16  ≥40703810967100036629≥40702810600020001550≥        3 176.87≥
≥352  ≥21       ≥29/04/16  ≥40702810667400002162≥40702810704020001595≥        1 607.03≥
≥353  ≥212382   ≥29/04/16  ≥30233810749000600001≥40702810804020001343≥        9 496.58≥
≥354  ≥213083   ≥29/04/16  ≥30233810749000600001≥40702810804020001343≥        6 212.96≥
≥355  ≥215      ≥29/04/16  ≥40702810867440000267≥40702810205020001450≥       20 000.00≥
≥356  ≥2165     ≥29/04/16  ≥40702810500100002717≥40802810908020000331≥       62 100.00≥
≥357  ≥219      ≥29/04/16  ≥40701810500000000163≥40702810500020001456≥       32 375.45≥
≥358  ≥22       ≥29/04/16  ≥40703810503990000832≥40702810500020001443≥        2 029.18≥
≥359  ≥220      ≥29/04/16  ≥40703810767440000065≥40702810205020001450≥       64 000.00≥
≥360  ≥2200     ≥29/04/16  ≥40702810814990001372≥40702810804020001369≥    3 828 513.19≥
≥361  ≥2240     ≥29/04/16  ≥40702810400020020314≥40702810900020001564≥       36 751.09≥
≥362  ≥2241     ≥29/04/16  ≥40911810200030000132≥40702810200020001442≥       23 101.59≥
≥363  ≥226      ≥29/04/16  ≥40701810300001000007≥40702810008020001589≥       19 231.86≥
≥364  ≥228      ≥29/04/16  ≥40802810367060100031≥40703810200020000112≥        2 400.00≥
≥365  ≥229      ≥29/04/16  ≥40802810438390000357≥40702810600020001440≥          843.58≥
≥366  ≥23       ≥29/04/16  ≥40703810503990000832≥40702810100020001445≥          366.03≥
≥367  ≥232      ≥29/04/16  ≥40702810867160041412≥40802810608020000628≥       35 000.00≥
≥368  ≥2366     ≥29/04/16  ≥40703810500000000110≥40702810600020001440≥       13 131.59≥
≥369  ≥239      ≥29/04/16  ≥40701810990000000080≥40702810608020000809≥    4 384 000.00≥
≥370  ≥24       ≥29/04/16  ≥40702810645100030006≥40702810100020000828≥       60 000.00≥
≥371  ≥24       ≥29/04/16  ≥40802810016140000238≥40802810402020000442≥       60 000.00≥
≥372  ≥24       ≥29/04/16  ≥40702810538390000496≥40702810200020000252≥       30 040.00≥
≥373  ≥242      ≥29/04/16  ≥40702810371060000078≥40702810300020001494≥       19 411.11≥
≥374  ≥2431     ≥29/04/16  ≥30232810500170000012≥40702810804020001343≥       11 385.00≥
≥375  ≥245      ≥29/04/16  ≥40702810567100046544≥40702810100020001445≥          552.44≥
≥376  ≥246      ≥29/04/16  ≥40702810567100046544≥40702810500020001443≥        4 895.99≥
≥377  ≥2466     ≥29/04/16  ≥40702810800000005851≥40802810308020000517≥       10 000.00≥
≥378  ≥246758   ≥29/04/16  ≥47422810724229300025≥40702810900020000785≥       17 983.87≥
≥379  ≥247      ≥29/04/16  ≥40702810000090001347≥40702810300020001494≥       20 632.30≥
≥380  ≥247      ≥29/04/16  ≥40702810567100046544≥40702810500020001443≥        5 894.61≥
≥381  ≥248374   ≥29/04/16  ≥30232810113000045276≥40702810804020001343≥       32 660.00≥
≥382  ≥248375   ≥29/04/16  ≥30232810113000045276≥40702810804020001343≥        2 664.00≥
≥383  ≥24948    ≥29/04/16  ≥30302810000080000001≥40821810600020000018≥      715 991.21≥
≥384  ≥24949    ≥29/04/16  ≥30302810000080000001≥40821810600020000018≥      807 919.38≥
≥385  ≥24950    ≥29/04/16  ≥30302810000080000001≥40821810600020000018≥       18 950.00≥
≥386  ≥24951    ≥29/04/16  ≥30302810000080000001≥40821810800020000025≥        1 720.00≥
≥387  ≥24963    ≥29/04/16  ≥30302810000080000001≥40817810100020000001≥       10 638.74≥
≥388  ≥24964    ≥29/04/16  ≥30302810000080000001≥70601810700822720220≥           63.83≥
≥389  ≥25       ≥29/04/16  ≥30302810000001400001≥40702810600020001440≥       73 800.00≥
≥390  ≥253      ≥29/04/16  ≥40702810867100154369≥40702810600020001440≥        4 476.78≥
≥391  ≥254      ≥29/04/16  ≥40702810867100154369≥40702810600020001440≥        2 163.76≥
≥392  ≥257      ≥29/04/16  ≥40821810114990000019≥40821810104020000022≥      192 191.08≥
≥393  ≥259359   ≥29/04/16  ≥40701810401400000014≥40702810600020001084≥       22 749.40≥
≥394  ≥259363   ≥29/04/16  ≥40701810401400000014≥40702810600020001084≥       15 400.00≥
≥395  ≥259995   ≥29/04/16  ≥30233810749000600001≥40702810804020001343≥          317.48≥
≥396  ≥260040   ≥29/04/16  ≥30233810749000600001≥40702810804020001343≥        3 535.52≥
≥397  ≥26006    ≥29/04/16  ≥30302810300000186048≥40702810804020001343≥       23 809.23≥
≥398  ≥26037    ≥29/04/16  ≥30302810300000186048≥40702810804020001343≥    1 209 956.71≥
≥399  ≥26060    ≥29/04/16  ≥30302810300000186048≥40702810804020001343≥        4 282.13≥
≥400  ≥265      ≥29/04/16  ≥40802810500990000228≥40702810205020001450≥        2 940.00≥
≥401  ≥265      ≥29/04/16  ≥40802810500990000228≥40702810205020001450≥          850.62≥
≥402  ≥268      ≥29/04/16  ≥40702810500000000597≥40702810600020001440≥      100 000.00≥
≥403  ≥27       ≥29/04/16  ≥40702810703990001085≥40702810602020001558≥        5 800.00≥
≥404  ≥27       ≥29/04/16  ≥40702810467100000703≥40702810900020001564≥       94 815.08≥
≥405  ≥272      ≥29/04/16  ≥40702810100000020458≥40702810600020001440≥        4 000.00≥
≥406  ≥27249    ≥29/04/16  ≥40701810700003000003≥40702810602020001558≥        1 200.00≥
≥407  ≥27258    ≥29/04/16  ≥40701810400003000002≥40702810500020001443≥      167 580.17≥
≥408  ≥27260    ≥29/04/16  ≥40701810400003000002≥40702810602020001448≥       44 086.78≥
≥409  ≥27261    ≥29/04/16  ≥40701810400003000002≥40702810100020001445≥       21 113.48≥
≥410  ≥27389    ≥29/04/16  ≥40701810400003000002≥40702810602020001448≥        3 801.55≥
≥411  ≥27390    ≥29/04/16  ≥40701810400003000002≥40702810602020001448≥        8 608.82≥
≥412  ≥275      ≥29/04/16  ≥40702810938330000687≥40702810600020001440≥        5 053.29≥
≥413  ≥276      ≥29/04/16  ≥40702810400020009327≥40702810804020001369≥      394 053.01≥
≥414  ≥27640    ≥29/04/16  ≥40204810400000000003≥40702810600020001440≥        3 398.40≥
≥415  ≥27680    ≥29/04/16  ≥40701810600003000002≥40702810900020001564≥      131 993.95≥
≥416  ≥27681    ≥29/04/16  ≥40701810600003000002≥40702810600020001440≥       71 453.29≥
≥417  ≥27684    ≥29/04/16  ≥40701810600003000002≥40702810600020001440≥       47 379.87≥
≥418  ≥27685    ≥29/04/16  ≥40701810600003000002≥40702810600020001440≥       15 901.62≥
≥419  ≥277      ≥29/04/16  ≥40702810400020009327≥40702810604020001352≥      314 063.08≥
≥420  ≥27740    ≥29/04/16  ≥40821810300000007494≥40821810600020000018≥       36 905.54≥
≥421  ≥279      ≥29/04/16  ≥40702810103990000864≥40702810602020001448≥            0.09≥
≥422  ≥279      ≥29/04/16  ≥40702810000030000693≥40702810602020001448≥       13 918.40≥
≥423  ≥28039    ≥29/04/16  ≥40701810600003000002≥40702810600020001440≥      153 648.64≥
≥424  ≥28040    ≥29/04/16  ≥40701810600003000002≥40702810600020001440≥      180 649.17≥
≥425  ≥283      ≥29/04/16  ≥40702810400020009327≥40702810804020001369≥        7 835.44≥
≥426  ≥284      ≥29/04/16  ≥40702810267280000098≥40702810600020001440≥      501 619.35≥
≥427  ≥28600    ≥29/04/16  ≥40817810802990624986≥40702810600020001550≥        4 929.41≥
≥428  ≥2861     ≥29/04/16  ≥40702810000050000803≥40702810608020000809≥       53 053.34≥
≥429  ≥2871     ≥29/04/16  ≥40701810301100000100≥40702810400020000502≥    1 309 900.00≥
≥430  ≥2874     ≥29/04/16  ≥40817810367100324018≥40702810200020001442≥        1 958.05≥
≥431  ≥288      ≥29/04/16  ≥40703810600030000351≥40702810200020001442≥        3 000.00≥
≥432  ≥2895     ≥29/04/16  ≥40702810667440000522≥40702810205020001450≥      100 000.00≥
≥433  ≥291      ≥29/04/16  ≥40702810771060000018≥40821810805020000017≥       33 599.92≥
≥434  ≥294      ≥29/04/16  ≥40702810100030010758≥40702810600020001550≥        2 000.00≥
≥435  ≥297745   ≥29/04/16  ≥40105810400000010000≥40702810704020001595≥        6 325.93≥
≥436  ≥297746   ≥29/04/16  ≥40105810400000010000≥40702810704020001595≥        2 891.24≥
≥437  ≥298011   ≥29/04/16  ≥40105810400000010000≥40702810304020001461≥       25 535.29≥
≥438  ≥298015   ≥29/04/16  ≥40105810400000010000≥40702810304020001461≥            5.46≥
≥439  ≥298018   ≥29/04/16  ≥40105810400000010000≥40702810304020001461≥       24 374.60≥
≥440  ≥298023   ≥29/04/16  ≥40105810400000010000≥40702810304020001461≥       57 758.90≥
≥441  ≥298024   ≥29/04/16  ≥40105810400000010000≥40702810304020001461≥       39 492.78≥
≥442  ≥298092   ≥29/04/16  ≥30233810749000600001≥40702810205020001450≥       64 345.54≥
≥443  ≥299      ≥29/04/16  ≥40702810667100041766≥40702810600020001123≥      177 366.16≥
≥444  ≥299228   ≥29/04/16  ≥40302810400001000016≥40702810004020001596≥        8 242.25≥
≥445  ≥299231   ≥29/04/16  ≥40302810400001000016≥40702810804020001343≥          735.16≥
≥446  ≥299232   ≥29/04/16  ≥40302810400001000016≥40702810804020001343≥          213.28≥
≥447  ≥299235   ≥29/04/16  ≥40302810400001000016≥40702810804020001343≥        3 644.54≥
≥448  ≥299237   ≥29/04/16  ≥40302810400001000016≥40702810804020001343≥          319.25≥
≥449  ≥299243   ≥29/04/16  ≥40302810400001000016≥40702810804020001343≥        2 486.44≥
≥450  ≥299662   ≥29/04/16  ≥30233810749000600001≥40702810602020001448≥       38 827.27≥
≥451  ≥3        ≥29/04/16  ≥40802810130990000342≥40702810704020001595≥        5 644.47≥
≥452  ≥30       ≥29/04/16  ≥40703810100100000930≥40802810403020000755≥        4 320.00≥
≥453  ≥300      ≥29/04/16  ≥40702810262610000071≥40702810600020001123≥       50 000.00≥
≥454  ≥300      ≥29/04/16  ≥40702810067100009133≥40702810600020001440≥      124 500.00≥
≥455  ≥300487   ≥29/04/16  ≥30233810749000600001≥40702810200020001442≥      193 091.45≥
≥456  ≥301      ≥29/04/16  ≥40817810700000000677≥40702810205020001450≥           87.00≥
≥457  ≥301      ≥29/04/16  ≥40702810667100041766≥40702810600020001123≥       50 000.00≥
≥458  ≥301309   ≥29/04/16  ≥40402810871820000001≥40702810004020001596≥        9 212.25≥
≥459  ≥301331   ≥29/04/16  ≥40404810471820000001≥40702810704020001595≥          459.55≥
≥460  ≥304      ≥29/04/16  ≥40802810831150008652≥40817810800020000000≥       28 305.00≥
≥461  ≥304126   ≥29/04/16  ≥30233810749000600001≥40702810200020001442≥      243 772.77≥
≥462  ≥3089     ≥29/04/16  ≥40702810800100002242≥40802810908020000331≥       34 000.00≥
≥463  ≥312      ≥29/04/16  ≥40702810262530140503≥40702810608020000809≥       20 042.56≥
≥464  ≥317      ≥29/04/16  ≥40802810800630000383≥40802810600020000752≥       56 854.00≥
≥465  ≥322      ≥29/04/16  ≥40702810000703155001≥40817810800020000000≥       10 000.00≥
≥466  ≥324      ≥29/04/16  ≥40702810905070020933≥40702810008020001589≥       10 851.66≥
≥467  ≥3252     ≥29/04/16  ≥40821810667030000017≥40702810004020001596≥       19 381.30≥
≥468  ≥3254     ≥29/04/16  ≥40821810667030000017≥40702810704020001595≥        3 442.72≥
≥469  ≥3262     ≥29/04/16  ≥40821810667030000017≥40702810704020001595≥          822.47≥
≥470  ≥32760    ≥29/04/16  ≥30232810702000374742≥40702810206020001475≥       55 923.11≥
≥471  ≥329200   ≥29/04/16  ≥40302810100001000004≥42301810300021000000≥        6 000.00≥
≥472  ≥329232   ≥29/04/16  ≥40302810100001000004≥30223810500020000962≥          191.56≥
≥473  ≥329297   ≥29/04/16  ≥40302810100001000004≥40702810408020000782≥        2 962.65≥
≥474  ≥329339   ≥29/04/16  ≥40302810100001000004≥40702810408020000782≥        1 528.94≥
≥475  ≥330      ≥29/04/16  ≥40702810495130000222≥40702810600020001440≥       41 600.00≥
≥476  ≥330547   ≥29/04/16  ≥40911810830990004872≥40702810804020001343≥       10 000.00≥
≥477  ≥331      ≥29/04/16  ≥40702810667100044585≥40702810600020001440≥      524 182.37≥
≥478  ≥331      ≥29/04/16  ≥40702810867100001580≥40702810600020001440≥        4 000.00≥
≥479  ≥332      ≥29/04/16  ≥40702810867100001580≥40702810600020001440≥        4 000.00≥
≥480  ≥333135   ≥29/04/16  ≥47422810100001001516≥40702810200020001442≥          473.00≥
≥481  ≥338      ≥29/04/16  ≥40702810067100047111≥40702810600020001440≥      251 000.00≥
≥482  ≥339      ≥29/04/16  ≥40802810500020008123≥40702810602020001448≥      200 000.00≥
≥483  ≥34106    ≥29/04/16  ≥40204810700000000006≥40702810704020001595≥       25 061.03≥
≥484  ≥342      ≥29/04/16  ≥40701810300001000007≥40702810008020001589≥        9 191.08≥
≥485  ≥342      ≥29/04/16  ≥40702810008990010564≥40702810804020001343≥        7 212.50≥
≥486  ≥34224    ≥29/04/16  ≥40204810700000000006≥40702810004020001596≥       13 493.29≥
≥487  ≥34225    ≥29/04/16  ≥40204810700000000006≥40702810004020001596≥        6 094.65≥
≥488  ≥34380    ≥29/04/16  ≥40701810900001000007≥40702810704020001595≥       22 948.63≥
≥489  ≥344      ≥29/04/16  ≥40701810300001000007≥40702810008020001589≥        9 163.50≥
≥490  ≥34452    ≥29/04/16  ≥40204810700000000006≥40702810804020001343≥        8 000.00≥
≥491  ≥349      ≥29/04/16  ≥40702810167100042650≥40702810900020001564≥      200 000.00≥
≥492  ≥35       ≥29/04/16  ≥40702810900110000212≥40702810900020001564≥       17 586.30≥
≥493  ≥35       ≥29/04/16  ≥40702810067330000371≥40702810100020001445≥        6 728.00≥
≥494  ≥35       ≥29/04/16  ≥40702810067100047988≥40702810205020001450≥        1 100.00≥
≥495  ≥36       ≥29/04/16  ≥40702810067330000371≥40702810100020001445≥        4 973.05≥
≥496  ≥3617     ≥29/04/16  ≥40702810301490002223≥40702810704020001595≥        4 348.97≥
≥497  ≥363      ≥29/04/16  ≥40802810600030004805≥70601810600822720320≥           85.51≥
≥498  ≥3634     ≥29/04/16  ≥40702810216540012682≥40703810800020000101≥       44 100.00≥
≥499  ≥364      ≥29/04/16  ≥40802810600030004805≥40817810100020000001≥       11 945.15≥
≥500  ≥368      ≥29/04/16  ≥40702810700120030753≥40702810600020001550≥        5 778.17≥
≥501  ≥37       ≥29/04/16  ≥40702810967030100901≥40702810004020001596≥        5 953.38≥
≥502  ≥37       ≥29/04/16  ≥40702810067330000371≥40702810602020001448≥        8 000.00≥
≥503  ≥37       ≥29/04/16  ≥40802810567030100832≥40702810704020001595≥       37 000.00≥
≥504  ≥37       ≥29/04/16  ≥40802810367090000114≥40702810804020001369≥        1 981.57≥
≥505  ≥37       ≥29/04/16  ≥40702810367420100108≥40702810205020001450≥        5 957.15≥
≥506  ≥376      ≥29/04/16  ≥40702810290030000550≥40702810102020001553≥          905.00≥
≥507  ≥377      ≥29/04/16  ≥40702810967100106026≥40702810600020001440≥       31 099.01≥
≥508  ≥378      ≥29/04/16  ≥40702810290030000550≥40702810102020001553≥        1 575.00≥
≥509  ≥378      ≥29/04/16  ≥40702810967100106026≥40702810200020000252≥        1 144.00≥
≥510  ≥379      ≥29/04/16  ≥40702810290030000550≥40702810102020001553≥          495.00≥
≥511  ≥38       ≥29/04/16  ≥40802810367090000114≥40702810804020001369≥        2 072.08≥
≥512  ≥38       ≥29/04/16  ≥40702810367100001145≥40817810100020000001≥        2 000.00≥
≥513  ≥380      ≥29/04/16  ≥40802810100170000191≥40702810704020001595≥        3 585.28≥
≥514  ≥380      ≥29/04/16  ≥40702810290030000550≥40702810102020001553≥          255.00≥
≥515  ≥3808     ≥29/04/16  ≥40702810660016000287≥40702810300020002105≥      922 229.05≥
≥516  ≥381      ≥29/04/16  ≥40702810290030000550≥40702810102020001553≥        1 435.00≥
≥517  ≥381      ≥29/04/16  ≥40702810700010001360≥40702810600020001440≥       65 752.71≥
≥518  ≥381      ≥29/04/16  ≥40802810100170000191≥40702810704020001595≥       36 414.72≥
≥519  ≥385      ≥29/04/16  ≥40802810100170000191≥40702810004020001596≥       21 707.86≥
≥520  ≥38747    ≥29/04/16  ≥40702810467330101113≥40702810500020001443≥       37 977.60≥
≥521  ≥38748    ≥29/04/16  ≥40702810467330101113≥40702810500020001443≥       10 391.00≥
≥522  ≥39       ≥29/04/16  ≥40702810367100000683≥40702810900020001564≥      150 000.00≥
≥523  ≥394      ≥29/04/16  ≥40702810501020006020≥40702810205020001450≥          363.25≥
≥524  ≥397      ≥29/04/16  ≥40602810316990000007≥40702810206020001475≥       25 057.00≥
≥525  ≥39722    ≥29/04/16  ≥30233810749000600001≥40702810704020001595≥        3 800.00≥
≥526  ≥3975     ≥29/04/16  ≥40817810067100926350≥40702810200020001442≥        1 052.93≥
≥527  ≥4        ≥29/04/16  ≥40817810010150046080≥40702810206020001475≥      896 000.00≥
≥528  ≥4030     ≥29/04/16  ≥40702810900022158237≥40702810600020001550≥       40 593.81≥
≥529  ≥406929   ≥29/04/16  ≥40702810667100007182≥40702810600020001550≥        5 098.50≥
≥530  ≥410      ≥29/04/16  ≥30302810200580010001≥40702810205020001450≥       39 425.07≥
≥531  ≥413      ≥29/04/16  ≥40702810567100045561≥40702810400020000502≥      330 000.00≥
≥532  ≥414      ≥29/04/16  ≥40702810567100044957≥40702810900020000507≥        1 850.00≥
≥533  ≥42       ≥29/04/16  ≥40702810655990000312≥40702810900020001564≥        3 500.00≥
≥534  ≥420      ≥29/04/16  ≥40702810267090140766≥40702810804020001369≥      313 985.88≥
≥535  ≥421      ≥29/04/16  ≥40702810267090140766≥40702810804020001369≥      252 511.29≥
≥536  ≥4243     ≥29/04/16  ≥40702810124250000750≥40802810808020000732≥       14 750.00≥
≥537  ≥4257     ≥29/04/16  ≥40502810910020456901≥40702810000020000106≥          235.00≥
≥538  ≥427163   ≥29/04/16  ≥30302810200580010001≥40702810205020001450≥       22 997.86≥
≥539  ≥43       ≥29/04/16  ≥40702810404000494099≥30223810500020000962≥        2 376.25≥
≥540  ≥43       ≥29/04/16  ≥40702810667100047003≥40802810600020000833≥       15 000.00≥
≥541  ≥43       ≥29/04/16  ≥40821810344020020002≥40702810300020001494≥      357 423.35≥
≥542  ≥43       ≥29/04/16  ≥40802810767400040814≥40702810704020001595≥       74 725.80≥
≥543  ≥434923   ≥29/04/16  ≥30233810749000600001≥40702810804020001343≥          533.52≥
≥544  ≥435      ≥29/04/16  ≥40702810467330000065≥40702810000020001435≥       19 360.00≥
≥545  ≥439439   ≥29/04/16  ≥30233810749000600001≥40702810200020001442≥        3 380.62≥
≥546  ≥439454   ≥29/04/16  ≥30233810749000600001≥40702810200020001442≥        1 225.00≥
≥547  ≥44       ≥29/04/16  ≥40802810767400040814≥40702810804020001343≥       46 609.90≥
≥548  ≥441      ≥29/04/16  ≥30302810467006000000≥40817810100020000001≥        3 218.66≥
≥549  ≥442895   ≥29/04/16  ≥60312810200170000558≥40702810206020001475≥        4 140.00≥
≥550  ≥443      ≥29/04/16  ≥40702810093990010896≥40702810602020001448≥      103 928.41≥
≥551  ≥444707   ≥29/04/16  ≥30233810749000600001≥40702810804020001343≥        5 720.27≥
≥552  ≥456      ≥29/04/16  ≥40702810622990011897≥40702810600020001440≥    1 000 000.00≥
≥553  ≥458      ≥29/04/16  ≥40602810567440150009≥40702810300020001494≥       18 936.81≥
≥554  ≥459601   ≥29/04/16  ≥47416810500010000001≥40702810000020001545≥       25 000.00≥
≥555  ≥462      ≥29/04/16  ≥40702810600120230080≥40702810300020002105≥        2 120.56≥
≥556  ≥46281    ≥29/04/16  ≥30302810300120000001≥40702810400020000502≥    1 200 000.00≥
≥557  ≥463      ≥29/04/16  ≥40702810600120230080≥40702810300020002105≥        6 656.19≥
≥558  ≥46391    ≥29/04/16  ≥30302810000080000001≥42306810800020000111≥      926 383.61≥
≥559  ≥468672   ≥29/04/16  ≥40703810767100100056≥40702810600020001550≥        1 612.68≥
≥560  ≥469      ≥29/04/16  ≥40817810367030054898≥40702810704020001595≥       28 518.85≥
≥561  ≥47       ≥29/04/16  ≥40703810422994001170≥40702810600020001440≥       45 162.36≥
≥562  ≥47       ≥29/04/16  ≥40702810300110000789≥40702810008020001589≥        4 000.00≥
≥563  ≥4708     ≥29/04/16  ≥30302810500020186000≥40702810704020001595≥        2 878.08≥
≥564  ≥472      ≥29/04/16  ≥40702810267100041412≥40702810600020000564≥       20 000.00≥
≥565  ≥475407   ≥29/04/16  ≥47422810100001001516≥40702810200020001442≥        1 070.44≥
≥566  ≥477      ≥29/04/16  ≥40802810100170100211≥40802810704020000593≥      496 000.00≥
≥567  ≥479      ≥29/04/16  ≥40802810100170100211≥40802810004020000659≥      198 830.00≥
≥568  ≥47994    ≥29/04/16  ≥40702810667100046046≥40702810600020001550≥        4 556.46≥
≥569  ≥47994    ≥29/04/16  ≥40702810667100046046≥40702810600020001550≥        9 909.93≥
≥570  ≥48       ≥29/04/16  ≥40702810100030000111≥40702810600020001440≥       24 317.37≥
≥571  ≥48       ≥29/04/16  ≥40802810900040100729≥40702810600020001440≥       73 294.37≥
≥572  ≥48       ≥29/04/16  ≥40702810167090100628≥40702810804020001369≥       78 739.04≥
≥573  ≥483      ≥29/04/16  ≥40702810500030001778≥40702810300020001494≥       15 636.83≥
≥574  ≥488      ≥29/04/16  ≥40703810167100106126≥40702810500020001443≥        3 729.97≥
≥575  ≥488      ≥29/04/16  ≥40802810100170100211≥40802810604020000664≥       78 690.00≥
≥576  ≥489      ≥29/04/16  ≥40703810167100106126≥40702810100020001445≥          230.30≥
≥577  ≥49       ≥29/04/16  ≥60305810500000000008≥40817810100020000001≥       25 563.89≥
≥578  ≥490      ≥29/04/16  ≥40702810767400000886≥40702810103020001468≥    1 016 632.73≥
≥579  ≥490      ≥29/04/16  ≥40703810167100106126≥40702810602020001448≥        2 207.08≥
≥580  ≥49111    ≥29/04/16  ≥30302810900070000001≥40817810208020000000≥      403 860.38≥
≥581  ≥492      ≥29/04/16  ≥40702810100020002658≥40702810600020001440≥       70 247.18≥
≥582  ≥49620    ≥29/04/16  ≥30233810749000600001≥40702810804020001369≥       25 000.00≥
≥583  ≥4983     ≥29/04/16  ≥40702810167170004097≥40702810704020001595≥        8 164.75≥
≥584  ≥5        ≥29/04/16  ≥40911810900000000002≥40702810408020000782≥       47 415.14≥
≥585  ≥502      ≥29/04/16  ≥40802810364000003081≥40702810608020000809≥       36 635.84≥
≥586  ≥502      ≥29/04/16  ≥40802810600990003264≥40702810600020001440≥       19 416.77≥
≥587  ≥502525   ≥29/04/16  ≥40702810467020000045≥40702810600020001550≥      103 083.23≥
≥588  ≥502541   ≥29/04/16  ≥40702810467020000045≥40702810200020001442≥    1 078 307.63≥
≥589  ≥502545   ≥29/04/16  ≥40702810467020000045≥40702810500020001443≥    1 090 667.72≥
≥590  ≥502559   ≥29/04/16  ≥40702810467020000045≥40702810600020001440≥       11 258.83≥
≥591  ≥502564   ≥29/04/16  ≥40702810467020000045≥40702810600020001440≥       11 538.13≥
≥592  ≥502569   ≥29/04/16  ≥40702810467020000045≥40702810900020001564≥       11 674.86≥
≥593  ≥502596   ≥29/04/16  ≥40702810467020000045≥40702810900020001564≥       12 660.72≥
≥594  ≥502634   ≥29/04/16  ≥40702810467020000045≥40702810602020001448≥      152 522.04≥
≥595  ≥502692   ≥29/04/16  ≥40702810467020000045≥40702810600020001440≥       21 144.37≥
≥596  ≥502717   ≥29/04/16  ≥40702810467020000045≥40702810600020001440≥       26 758.85≥
≥597  ≥502805   ≥29/04/16  ≥40702810467020000045≥40702810100020001445≥      348 538.60≥
≥598  ≥502825   ≥29/04/16  ≥40702810467020000045≥40702810600020001440≥      362 919.39≥
≥599  ≥502847   ≥29/04/16  ≥40702810467020000045≥40702810900020001564≥        3 789.79≥
≥600  ≥502884   ≥29/04/16  ≥40702810467020000045≥40702810500020001566≥       39 934.94≥
≥601  ≥503038   ≥29/04/16  ≥40702810467020000045≥40702810600020001440≥        5 345.06≥
≥602  ≥503042   ≥29/04/16  ≥40702810467020000045≥40702810600020001440≥        5 375.99≥
≥603  ≥503061   ≥29/04/16  ≥40702810467020000045≥40702810900020001564≥        5 570.66≥
≥604  ≥503071   ≥29/04/16  ≥40702810467020000045≥40702810600020001440≥        5 665.62≥
≥605  ≥503101   ≥29/04/16  ≥40702810467020000045≥40702810500020001566≥       60 170.45≥
≥606  ≥503102   ≥29/04/16  ≥40702810467020000045≥40702810500020001443≥        6 024.48≥
≥607  ≥503123   ≥29/04/16  ≥40702810467020000045≥40702810600020001440≥          623.51≥
≥608  ≥503167   ≥29/04/16  ≥40702810467020000045≥40702810600020001440≥        6 732.54≥
≥609  ≥503199   ≥29/04/16  ≥40702810467020000045≥40702810900020001564≥        7 111.88≥
≥610  ≥503240   ≥29/04/16  ≥40702810467020000045≥40702810205020001450≥       75 605.78≥
≥611  ≥503298   ≥29/04/16  ≥40702810467020000045≥40817810305020000000≥        8 329.93≥
≥612  ≥503339   ≥29/04/16  ≥40702810467020000045≥40702810600020001440≥        8 849.17≥
≥613  ≥503398   ≥29/04/16  ≥40702810467020000045≥40702810900020001564≥        9 543.31≥
≥614  ≥503399   ≥29/04/16  ≥40702810467020000045≥40702810600020001440≥        9 570.83≥
≥615  ≥503423   ≥29/04/16  ≥40702810467020000045≥30236810500020000001≥        4 989.44≥
≥616  ≥508      ≥29/04/16  ≥40602810367170000030≥40702810608020000867≥       99 000.00≥
≥617  ≥5087     ≥29/04/16  ≥40702810300261005032≥40817810100020000001≥        5 000.00≥
≥618  ≥51       ≥29/04/16  ≥40703810967100102058≥40702810900020001564≥      340 000.00≥
≥619  ≥510      ≥29/04/16  ≥40701810300001000007≥40702810008020001589≥          315.06≥
≥620  ≥52       ≥29/04/16  ≥40702810367330100081≥40702810100020001445≥        1 377.08≥
≥621  ≥52228    ≥29/04/16  ≥40817810701000000001≥40702810000020001477≥        9 499.79≥
≥622  ≥536      ≥29/04/16  ≥30232810600000195195≥40702810200020001442≥       24 583.31≥
≥623  ≥537      ≥29/04/16  ≥40802810530990000285≥40702810704020001595≥        5 333.27≥
≥624  ≥539      ≥29/04/16  ≥40701810300001000007≥40702810008020001589≥       34 098.83≥
≥625  ≥54       ≥29/04/16  ≥40802810500030003582≥40702810205020001450≥       26 537.72≥
≥626  ≥544      ≥29/04/16  ≥40701810300001000007≥40702810008020001589≥        4 180.36≥
≥627  ≥55       ≥29/04/16  ≥40702810767330000037≥40702810602020001448≥        5 402.75≥
≥628  ≥55       ≥29/04/16  ≥40701810700000000170≥40702810205020001450≥        1 710.62≥
≥629  ≥55       ≥29/04/16  ≥40802810367100046754≥40702810205020001450≥        3 500.00≥
≥630  ≥552      ≥29/04/16  ≥40701810300001000007≥40702810008020001589≥          630.12≥
≥631  ≥5531     ≥29/04/16  ≥40821810600020000461≥40821810404020000010≥          896.04≥
≥632  ≥5534     ≥29/04/16  ≥40821810600020000461≥40821810404020000010≥       34 572.21≥
≥633  ≥558      ≥29/04/16  ≥40601810800003000001≥40702810804020001343≥        7 000.00≥
≥634  ≥558      ≥29/04/16  ≥40502810767020100036≥40702810900020001564≥      100 000.00≥
≥635  ≥5581     ≥29/04/16  ≥40821810600020000461≥40821810404020000010≥       15 372.18≥
≥636  ≥559      ≥29/04/16  ≥40502810767020100036≥40702810600020001440≥      150 000.00≥
≥637  ≥56       ≥29/04/16  ≥40703810300720003304≥40702810900020001564≥      100 000.00≥
≥638  ≥560      ≥29/04/16  ≥40201810700000000001≥40702810208020000775≥        4 750.39≥
≥639  ≥5618     ≥29/04/16  ≥40802810967440000070≥40802810905020000279≥       41 877.00≥
≥640  ≥569      ≥29/04/16  ≥40702810000100003106≥40702810008020001521≥       21 433.89≥
≥641  ≥57       ≥29/04/16  ≥40802810402990000452≥40702810600020001440≥          130.11≥
≥642  ≥57       ≥29/04/16  ≥40702810767100002618≥40702810100020001445≥        9 206.77≥
≥643  ≥570611   ≥29/04/16  ≥40906810300000000099≥40702810608020000809≥    2 000 000.00≥
≥644  ≥579      ≥29/04/16  ≥40702810538320000181≥40702810600020001440≥       33 000.00≥
≥645  ≥58       ≥29/04/16  ≥40702810067330000012≥40702810500020001443≥      100 000.00≥
≥646  ≥589      ≥29/04/16  ≥40201810600000000002≥40702810204020001590≥   40 684 487.23≥
≥647  ≥59       ≥29/04/16  ≥40702810802990009784≥40702810600020001440≥      350 000.00≥
≥648  ≥59       ≥29/04/16  ≥40702810467440100321≥40702810205020001450≥       10 324.48≥
≥649  ≥59       ≥29/04/16  ≥40802810667100043677≥40702810600020001440≥       50 000.00≥
≥650  ≥590      ≥29/04/16  ≥40201810600000000002≥40702810204020001590≥   26 610 476.93≥
≥651  ≥597      ≥29/04/16  ≥40702810067100046471≥40702810700020001227≥       10 000.00≥
≥652  ≥597832   ≥29/04/16  ≥30233810749000600001≥40702810200020001442≥          417.60≥
≥653  ≥60       ≥29/04/16  ≥40703810100030000262≥40702810600020001440≥       18 744.56≥
≥654  ≥61       ≥29/04/16  ≥40703810967030000165≥40702810004020001596≥      101 677.11≥
≥655  ≥61178    ≥29/04/16  ≥30233810749000600001≥40702810804020001398≥          306.43≥
≥656  ≥62       ≥29/04/16  ≥40702810455990007557≥40702810100020000828≥       40 000.00≥
≥657  ≥622      ≥29/04/16  ≥40702810167100000294≥40702810600020000564≥        4 795.07≥
≥658  ≥626      ≥29/04/16  ≥30302810467006000000≥42301810104020000100≥       12 292.65≥
≥659  ≥627      ≥29/04/16  ≥40702810567100154274≥40702810900020001564≥      200 000.00≥
≥660  ≥628      ≥29/04/16  ≥40702810953830002190≥40702810500020001443≥       26 000.00≥
≥661  ≥639781   ≥29/04/16  ≥40702810367020000682≥40702810600020001550≥      149 830.88≥
≥662  ≥64       ≥29/04/16  ≥40702810338290000961≥40702810600020001440≥        4 714.56≥
≥663  ≥64       ≥29/04/16  ≥40702810800110000658≥40702810008020001589≥       16 615.15≥
≥664  ≥643      ≥29/04/16  ≥30232810400000000033≥40702810700020000574≥        3 790.37≥
≥665  ≥643      ≥29/04/16  ≥40702810400000002814≥40702810208020000775≥        6 413.51≥
≥666  ≥643      ≥29/04/16  ≥40703810822994000603≥40702810000020000106≥          705.00≥
≥667  ≥644      ≥29/04/16  ≥30232810400000000033≥40702810103020001002≥       36 543.66≥
≥668  ≥645      ≥29/04/16  ≥30232810400000000033≥40802810600020000626≥        4 312.00≥
≥669  ≥646      ≥29/04/16  ≥30232810400000000033≥40802810505020000637≥       11 406.89≥
≥670  ≥647      ≥29/04/16  ≥30232810400000000033≥40802810408020000310≥        8 336.52≥
≥671  ≥648244   ≥29/04/16  ≥30811810000000000099≥40817810208020000000≥        8 805.40≥
≥672  ≥648829   ≥29/04/16  ≥47422810100001001516≥40702810200020001442≥          960.00≥
≥673  ≥65       ≥29/04/16  ≥40702810967100046157≥40702810800020001457≥        7 000.00≥
≥674  ≥6562     ≥29/04/16  ≥40701810971043000001≥40703810800020000101≥        3 700.00≥
≥675  ≥66       ≥29/04/16  ≥40702810400000286500≥40702810602020001558≥        4 100.00≥
≥676  ≥66       ≥29/04/16  ≥40702810500000005915≥40817810100020000001≥        1 000.00≥
≥677  ≥66       ≥29/04/16  ≥40802810667100001088≥40702810205020001450≥       11 081.38≥
≥678  ≥66288    ≥29/04/16  ≥30233810749000600001≥40702810100020000828≥          550.00≥
≥679  ≥67       ≥29/04/16  ≥40702810700010000620≥40702810600020001440≥       18 751.49≥
≥680  ≥677584   ≥29/04/16  ≥40911810917300000101≥40702810704020001595≥        2 616.30≥
≥681  ≥678      ≥29/04/16  ≥40601810200003000001≥40702810608020000867≥       20 260.00≥
≥682  ≥683      ≥29/04/16  ≥30302810467006000000≥40702810704020001595≥          367.16≥
≥683  ≥69       ≥29/04/16  ≥40802810167440000100≥40702810205020001450≥       10 247.75≥
≥684  ≥69       ≥29/04/16  ≥40702810867400002205≥40702810704020001595≥        7 414.88≥
≥685  ≥69       ≥29/04/16  ≥40702810500000005915≥40817810100020000001≥        1 000.00≥
≥686  ≥690      ≥29/04/16  ≥40807810200501015077≥40802810200020000314≥       36 729.90≥
≥687  ≥69451    ≥29/04/16  ≥30233810749000600001≥40702810600020001550≥       11 100.00≥
≥688  ≥69970    ≥29/04/16  ≥30233810749000600001≥40702810205020001450≥        1 407.13≥
≥689  ≥70       ≥29/04/16  ≥40802810267030001600≥40702810704020001595≥        1 200.00≥
≥690  ≥7077     ≥29/04/16  ≥40702810267100043083≥40702810300020002105≥    3 950 000.00≥
≥691  ≥709      ≥29/04/16  ≥40702810700100003846≥40702810504020001465≥        5 200.00≥
≥692  ≥712      ≥29/04/16  ≥40817810700000000677≥40702810205020001450≥          174.00≥
≥693  ≥713      ≥29/04/16  ≥40702810567440000091≥40702810300020001025≥        1 184.82≥
≥694  ≥716930   ≥29/04/16  ≥20202810667000167011≥40802810500020000797≥      491 000.00≥
≥695  ≥718118   ≥29/04/16  ≥20202810667000167011≥40702810400020000502≥    1 875 000.00≥
≥696  ≥72       ≥29/04/16  ≥40702810400030007063≥40702810900020001564≥        3 591.54≥
≥697  ≥73       ≥29/04/16  ≥40703810402990000548≥40702810900020001564≥      250 000.00≥
≥698  ≥744      ≥29/04/16  ≥40702810500030004319≥40702810600020001550≥       42 194.00≥
≥699  ≥75       ≥29/04/16  ≥40702810167020000206≥40702810900020001564≥       16 500.00≥
≥700  ≥75       ≥29/04/16  ≥40702810267330000485≥40702810100020001445≥        4 159.07≥
≥701  ≥75       ≥29/04/16  ≥40703810867100104240≥40702810900020001564≥      170 000.00≥
≥702  ≥75       ≥29/04/16  ≥40802810600030000401≥40702810600020000564≥        5 000.00≥
≥703  ≥75157    ≥29/04/16  ≥30233810749000600001≥40702810100020000828≥          247.75≥
≥704  ≥75367    ≥29/04/16  ≥40702810038120108301≥40702810004020001596≥       22 082.54≥
≥705  ≥754      ≥29/04/16  ≥40702810955990007167≥40702810200020000799≥        5 000.00≥
≥706  ≥75426    ≥29/04/16  ≥30233810749000600001≥40702810206020001475≥       75 000.00≥
≥707  ≥759      ≥29/04/16  ≥40702810471050000072≥40802810005020000166≥        1 688.00≥
≥708  ≥76       ≥29/04/16  ≥40702810605000000958≥40702810600020001440≥       17 165.57≥
≥709  ≥76622    ≥29/04/16  ≥30233810749000600001≥40702810206020001475≥      200 000.00≥
≥710  ≥77       ≥29/04/16  ≥40702810767400100715≥40702810206020001475≥        2 070.00≥
≥711  ≥773      ≥29/04/16  ≥40702810867020104198≥40702810000020000193≥        1 000.00≥
≥712  ≥77618    ≥29/04/16  ≥30233810749000600001≥40702810600020001440≥       24 155.60≥
≥713  ≥776235   ≥29/04/16  ≥40703810800990000360≥40702810600020001550≥       10 786.90≥
≥714  ≥776235   ≥29/04/16  ≥40703810800990000360≥40702810600020001550≥       27 875.77≥
≥715  ≥77636    ≥29/04/16  ≥30233810749000600001≥40702810804020001343≥          713.07≥
≥716  ≥782085   ≥29/04/16  ≥60311810567000200000≥40702810804020001369≥      558 482.01≥
≥717  ≥782092   ≥29/04/16  ≥60311810567000200000≥40702810804020001369≥      379 845.22≥
≥718  ≥782198   ≥29/04/16  ≥30233810067100100333≥40802810902020000887≥          899.64≥
≥719  ≥782810   ≥29/04/16  ≥30233810067100100333≥40702810802020001552≥       77 487.59≥
≥720  ≥782821   ≥29/04/16  ≥30233810167000100333≥40802810600020000435≥        6 806.23≥
≥721  ≥783041   ≥29/04/16  ≥30233810167000100333≥40702810500020001540≥       50 891.39≥
≥722  ≥783300   ≥29/04/16  ≥30233810067100100333≥40802810502020000559≥        7 565.60≥
≥723  ≥783304   ≥29/04/16  ≥30233810067100100333≥40802810502020000559≥        6 921.74≥
≥724  ≥783334   ≥29/04/16  ≥30233810067100100333≥40702810800020001525≥        2 293.60≥
≥725  ≥783512   ≥29/04/16  ≥30233810767400100333≥40702810206020001475≥      412 958.42≥
≥726  ≥784      ≥29/04/16  ≥40702810667030100900≥40702810704020001595≥      192 263.37≥
≥727  ≥785      ≥29/04/16  ≥40702810667030100900≥40702810004020001596≥       15 813.91≥
≥728  ≥785562   ≥29/04/16  ≥30233810067100100333≥40802810602020000873≥           34.12≥
≥729  ≥786      ≥29/04/16  ≥40702810667030100900≥40702810004020001596≥       23 140.59≥
≥730  ≥787016   ≥29/04/16  ≥30233810167000100333≥40702810200020001581≥          437.01≥
≥731  ≥787740   ≥29/04/16  ≥30233810067100100333≥40702810002020001129≥        6 628.14≥
≥732  ≥789062   ≥29/04/16  ≥30233810067100100333≥40702810405020000329≥           98.20≥
≥733  ≥789471   ≥29/04/16  ≥30233810067100100333≥40802810705020000165≥        7 725.80≥
≥734  ≥789733   ≥29/04/16  ≥30233810067100100333≥40802810602020000527≥        4 161.28≥
≥735  ≥789927   ≥29/04/16  ≥30233810067100100333≥40702810802020001439≥       15 967.32≥
≥736  ≥79       ≥29/04/16  ≥40703810000030000511≥40702810205020001450≥          262.08≥
≥737  ≥790640   ≥29/04/16  ≥30233810067100100333≥40702810302020001120≥        5 559.54≥
≥738  ≥790651   ≥29/04/16  ≥30233810067100100333≥40702810302020001120≥        1 764.00≥
≥739  ≥791825   ≥29/04/16  ≥30233810067100100333≥40802810902020000696≥        2 385.05≥
≥740  ≥792957   ≥29/04/16  ≥30233810667160100333≥40802810503020000561≥        4 090.52≥
≥741  ≥793105   ≥29/04/16  ≥30233810667160100333≥40702810308020001360≥        1 628.52≥
≥742  ≥793199   ≥29/04/16  ≥30233810767400100333≥40702810904020001285≥       29 548.77≥
≥743  ≥793421   ≥29/04/16  ≥30233810067100100333≥40802810702020000498≥        1 597.37≥
≥744  ≥793569   ≥29/04/16  ≥30233810167000100333≥40802810200020000615≥        3 227.70≥
≥745  ≥794699   ≥29/04/16  ≥30233810167000100333≥40702810900020001331≥       17 365.06≥
≥746  ≥794882   ≥29/04/16  ≥30233810167000100333≥40702810200020001073≥       10 371.36≥
≥747  ≥794889   ≥29/04/16  ≥30233810167000100333≥40702810200020001073≥        3 493.20≥
≥748  ≥794896   ≥29/04/16  ≥30233810167000100333≥40702810200020001073≥        9 923.64≥
≥749  ≥794899   ≥29/04/16  ≥30233810067100100333≥40702810200020001073≥        9 987.60≥
≥750  ≥795      ≥29/04/16  ≥40702810800990007568≥40702810900020001564≥      281 196.14≥
≥751  ≥795391   ≥29/04/16  ≥30233810067100100333≥40802810002020000884≥        6 607.86≥
≥752  ≥795398   ≥29/04/16  ≥30233810067100100333≥40802810002020000884≥       14 544.59≥
≥753  ≥795407   ≥29/04/16  ≥30233810067100100333≥40802810002020000884≥        5 347.97≥
≥754  ≥795413   ≥29/04/16  ≥30233810067100100333≥40802810002020000884≥        1 755.91≥
≥755  ≥795421   ≥29/04/16  ≥30233810067100100333≥40802810002020000884≥        1 371.85≥
≥756  ≥795426   ≥29/04/16  ≥30233810067100100333≥40802810002020000884≥        3 586.28≥
≥757  ≥795434   ≥29/04/16  ≥30233810067100100333≥40802810002020000884≥       10 986.85≥
≥758  ≥798      ≥29/04/16  ≥40502810567100000007≥40702810300020001494≥       14 267.36≥
≥759  ≥798554   ≥29/04/16  ≥30233810667160100333≥40702810103020001002≥        3 386.62≥
≥760  ≥798561   ≥29/04/16  ≥30233810667160100333≥40702810103020001002≥       24 011.19≥
≥761  ≥799825   ≥29/04/16  ≥30233810067100100333≥40802810602020000828≥          772.62≥
≥762  ≥8        ≥29/04/16  ≥40702810455990000790≥40702810600020001440≥       71 547.41≥
≥763  ≥80       ≥29/04/16  ≥40802810867320100064≥40702810600020001440≥       11 000.00≥
≥764  ≥80       ≥29/04/16  ≥40702810506280000810≥40702810600020001440≥       10 000.00≥
≥765  ≥80       ≥29/04/16  ≥40702810400000001091≥40702810600020001440≥       50 000.00≥
≥766  ≥800744   ≥29/04/16  ≥40702810600000001666≥40702810208020000775≥       70 800.00≥
≥767  ≥800745   ≥29/04/16  ≥40702810600000001666≥40702810208020000775≥       23 600.00≥
≥768  ≥809      ≥29/04/16  ≥40702810367100007644≥40702810600020001440≥       25 675.12≥
≥769  ≥81       ≥29/04/16  ≥40802810167170000124≥40702810208020000775≥      451 063.60≥
≥770  ≥81       ≥29/04/16  ≥40702810104000444828≥40702810600020001440≥       14 616.36≥
≥771  ≥810      ≥29/04/16  ≥40702810367100007644≥40702810600020001440≥       22 986.29≥
≥772  ≥82       ≥29/04/16  ≥40702810102990008391≥40702810600020001440≥       53 830.44≥
≥773  ≥821018   ≥29/04/16  ≥40911810502422334175≥40702810400020000502≥      545 900.00≥
≥774  ≥825      ≥29/04/16  ≥40702810200040001001≥40702810208020000775≥        7 883.58≥
≥775  ≥83       ≥29/04/16  ≥40702810500700851028≥40702810608020000809≥      750 000.00≥
≥776  ≥83100    ≥29/04/16  ≥30233810749000600001≥40702810804020001369≥      270 000.00≥
≥777  ≥83880    ≥29/04/16  ≥30233810749000600001≥40702810205020001450≥        4 773.21≥
≥778  ≥84       ≥29/04/16  ≥40702810300120030849≥40817810800020000000≥       11 040.00≥
≥779  ≥840      ≥29/04/16  ≥40702810767160003068≥40702810608020000809≥       62 063.04≥
≥780  ≥844      ≥29/04/16  ≥40802810800210000416≥40702810600020000564≥       67 571.28≥
≥781  ≥856      ≥29/04/16  ≥40702810604000406256≥40702810100020001351≥       55 770.92≥
≥782  ≥858      ≥29/04/16  ≥40701810700001000016≥40702810304020001461≥       18 881.60≥
≥783  ≥859      ≥29/04/16  ≥40701810700001000016≥40702810304020001461≥       37 000.00≥
≥784  ≥859      ≥29/04/16  ≥40701810700001000016≥40702810304020001461≥      370 649.00≥
≥785  ≥86       ≥29/04/16  ≥40802810442020008469≥40702810600020001440≥       18 120.52≥
≥786  ≥86       ≥29/04/16  ≥40702810467100047986≥40702810205020001450≥      115 555.82≥
≥787  ≥860      ≥29/04/16  ≥40701810700001000016≥40702810304020001461≥      216 980.77≥
≥788  ≥86054    ≥29/04/16  ≥40703810567100110068≥40702810600020001550≥       26 732.34≥
≥789  ≥861      ≥29/04/16  ≥40701810700001000016≥40702810304020001461≥       56 076.96≥
≥790  ≥865      ≥29/04/16  ≥40702810544020000394≥40802810700020000898≥    1 580 000.00≥
≥791  ≥87       ≥29/04/16  ≥30232810600000213213≥40702810205020001450≥          150.71≥
≥792  ≥87       ≥29/04/16  ≥40702810462100000983≥40702810600020001440≥       38 877.57≥
≥793  ≥877      ≥29/04/16  ≥60312810812000000187≥40802810400020000842≥       59 078.89≥
≥794  ≥8779     ≥29/04/16  ≥40817810367109451911≥40702810200020001442≥        5 463.09≥
≥795  ≥88       ≥29/04/16  ≥40702810000261004113≥40702810600020001440≥       86 418.74≥
≥796  ≥884702   ≥29/04/16  ≥40702810016000105763≥40702810600020001385≥       41 583.28≥
≥797  ≥89       ≥29/04/16  ≥30232810800000215215≥40702810602020001448≥       18 700.51≥
≥798  ≥89355    ≥29/04/16  ≥30233810749000600001≥40702810804020001343≥        7 024.96≥
≥799  ≥9        ≥29/04/16  ≥40703810867100000182≥40702810205020001450≥          204.02≥
≥800  ≥9        ≥29/04/16  ≥40702810900170000352≥40702810704020001595≥       20 000.00≥
≥801  ≥90       ≥29/04/16  ≥40802810800020010659≥40702810900020001564≥        9 524.80≥
≥802  ≥90012    ≥29/04/16  ≥30233810100000000837≥40802810200020000893≥       14 720.74≥
≥803  ≥9046     ≥29/04/16  ≥40702810072000111639≥30223810500020000962≥       35 045.38≥
≥804  ≥908      ≥29/04/16  ≥40702810300292002341≥40702810608020000809≥       98 320.00≥
≥805  ≥90885    ≥29/04/16  ≥30233810100000000837≥40702810100020001513≥       23 722.26≥
≥806  ≥910      ≥29/04/16  ≥40702810202990000820≥40702810600020001440≥      100 000.00≥
≥807  ≥92727    ≥29/04/16  ≥30233810100000000837≥40702810300020001339≥       10 442.29≥
≥808  ≥929101   ≥29/04/16  ≥40703810867100000043≥40702810600020001550≥       10 553.08≥
≥809  ≥930      ≥29/04/16  ≥40702810400000001094≥40702810300020001494≥       20 644.29≥
≥810  ≥949      ≥29/04/16  ≥40802810395130000086≥40702810200020000799≥       20 000.00≥
≥811  ≥95       ≥29/04/16  ≥40702810500020000674≥47423810000020030102≥        2 940.75≥
≥812  ≥952712   ≥29/04/16  ≥40702810842110001442≥40702810300020002105≥      280 000.00≥
≥813  ≥954      ≥29/04/16  ≥40702810167210100961≥40702810300020001494≥        9 544.94≥
≥814  ≥956      ≥29/04/16  ≥40702810500700851028≥40702810608020000809≥    2 703 201.77≥
≥815  ≥965      ≥29/04/16  ≥40702810040020001897≥40817810100020000001≥       57 000.00≥
≥816  ≥96544    ≥29/04/16  ≥40817810944024020001≥40817810800020000000≥    1 000 000.00≥
≥817  ≥966      ≥29/04/16  ≥40702810040020001897≥70601810904822720220≥          342.00≥
≥818  ≥97       ≥29/04/16  ≥40703810567100138008≥40702810900020001564≥       50 000.00≥
≥819  ≥974      ≥29/04/16  ≥40702810622990004749≥40702810600020001440≥        3 343.57≥
≥820  ≥975      ≥29/04/16  ≥40702810040020001897≥40817810100020000001≥       15 325.00≥
≥821  ≥976      ≥29/04/16  ≥40702810040020001897≥70601810904822720220≥           91.95≥
≥822  ≥978      ≥29/04/16  ≥47416810400000032001≥40702810206020001475≥       20 000.00≥
≥823  ≥98       ≥29/04/16  ≥40802810467420100063≥40702810205020001450≥       32 189.22≥
≥824  ≥98       ≥29/04/16  ≥40802810467100046984≥40702810600020001440≥          500.00≥
≥825  ≥980      ≥29/04/16  ≥40702810040020001897≥40817810100020000001≥       30 611.08≥
≥826  ≥981      ≥29/04/16  ≥40702810040020001897≥70601810904822720220≥          183.67≥
≥827  ≥98642    ≥29/04/16  ≥30233810749000600001≥40702810205020001450≥       33 010.31≥
√ƒƒƒƒƒ¡ƒƒƒƒƒƒƒƒƒ¡ƒƒƒƒƒƒƒƒƒƒ¡ƒƒƒƒƒƒƒƒƒƒƒƒƒƒƒƒƒƒƒƒ¡ƒƒƒƒƒƒƒƒƒƒƒƒƒƒƒƒƒƒƒƒ≈ƒƒƒƒƒƒƒƒƒƒƒƒƒƒƒƒ¥
≥à‚Æ£Æ                                                               ≥  159 729 901.99≥
√ƒƒƒƒƒƒƒƒƒƒƒƒƒƒƒƒƒƒƒƒƒƒƒƒƒƒƒƒƒƒƒƒƒƒƒƒƒƒƒƒƒƒƒƒƒƒƒƒƒƒƒƒƒƒƒƒƒƒƒƒƒƒƒƒƒƒƒƒ¡ƒƒƒƒƒƒƒƒƒƒƒƒƒƒƒƒ¥
≥à‚Æ£Æ ™Æ´®Á•·‚¢Æ §Æ™„¨•≠‚Æ¢: 827                                                     ≥
¿ƒƒƒƒƒƒƒƒƒƒƒƒƒƒƒƒƒƒƒƒƒƒƒƒƒƒƒƒƒƒƒƒƒƒƒƒƒƒƒƒƒƒƒƒƒƒƒƒƒƒƒƒƒƒƒƒƒƒƒƒƒƒƒƒƒƒƒƒƒƒƒƒƒƒƒƒƒƒƒƒƒƒƒƒƒŸ
 
é‚¢•‚·‚¢•≠≠Î© ®·ØÆ´≠®‚•´Ï  _____________   /ä‡†©≠•¢† Ö.Ä./                          
 
