[2018-11-08 11:06:38Z] - INFO - Перемещено L'homme de nulle part 1937.avi
[2018-11-08 11:06:38Z] - WARN - Удалено L'homme de nulle part 1937 700MB
[2018-11-08 11:06:38Z] - INFO - Перемещено Late.Spring.1949.HDRip.avi
[2018-11-08 11:06:38Z] - WARN - Удалено Late.Spring.1949.HDRip
[2018-11-08 11:06:38Z] - INFO - Перемещено ZHeltyj.platochek.schast'ya.1977.BDRip.avi
[2018-11-08 11:06:38Z] - WARN - Удалено ZHeltyj.platochek.schast'ya.1977.BDRip
[2018-11-08 11:06:38Z] - INFO - Перемещено Страна чудес_2017_HDTVRip.avi
[2018-11-08 11:06:38Z] - WARN - Удалено Страна чудес_2017_HDTVRip
[2018-11-08 11:06:39Z] - INFO - Переименован D:\Ps1\renameSerial\in\21.Days.1940.dvdrip_[1.37]_[teko].avi --> D:\Ps1\renameSerial\in\21 день.avi
[2018-11-08 11:06:39Z] - INFO - Переименован D:\Ps1\renameSerial\in\Babette.1959.BDRip-AVC.ExKinoRay.mkv --> D:\Ps1\renameSerial\in\Бабетта.mkv
[2018-11-08 11:06:39Z] - INFO - Переименован D:\Ps1\renameSerial\in\Bespokojnij.Svidetelj.1999.DivX.DVDRip.avi --> D:\Ps1\renameSerial\in\Bespokojnij Svidetelj.avi
[2018-11-08 11:06:40Z] - INFO - Переименован D:\Ps1\renameSerial\in\Bilyardist.1961.XviD.BDRip.HQ-ViDEO.avi --> D:\Ps1\renameSerial\in\Bilyardist.avi
[2018-11-08 11:06:40Z] - INFO - Переименован D:\Ps1\renameSerial\in\Dorogy.Katmandu.1969.XviD.DVDRip.toledano.avi --> D:\Ps1\renameSerial\in\Dorogy Катманду.avi
[2018-11-08 11:06:40Z] - INFO - Переименован D:\Ps1\renameSerial\in\Ejo.serdce.2007.XviD.DVDRip.avi --> D:\Ps1\renameSerial\in\Ejo сердце.avi
[2018-11-08 11:06:40Z] - INFO - Переименован D:\Ps1\renameSerial\in\L'homme de nulle part 1937.avi --> D:\Ps1\renameSerial\in\Человек из ниоткуда.avi
[2018-11-08 11:06:41Z] - INFO - Переименован D:\Ps1\renameSerial\in\Late.Spring.1949.HDRip.avi --> D:\Ps1\renameSerial\in\Поздняя Весна.avi
[2018-11-08 11:06:41Z] - INFO - Переименован D:\Ps1\renameSerial\in\Lawn.Dogs.1997.dvdrip_[1.46]_[teko].avi --> D:\Ps1\renameSerial\in\Луговые Собачки.avi
[2018-11-08 11:06:41Z] - INFO - Переименован D:\Ps1\renameSerial\in\Ljubov.vne.pravil.2008.XviD.DVDRip_BestVideo.avi --> D:\Ps1\renameSerial\in\Любовь вне правил.avi
[2018-11-08 11:06:42Z] - INFO - Переименован D:\Ps1\renameSerial\in\Mort.dun.pourri.1977.BDRip-ylnian.avi --> D:\Ps1\renameSerial\in\Mort dun pourri.avi
[2018-11-08 11:06:42Z] - INFO - Переименован D:\Ps1\renameSerial\in\Most.Waterloo.1940.XviD.DVDRip.Kinozal.TV.avi --> D:\Ps1\renameSerial\in\Большинство Ватерло.avi
[2018-11-08 11:06:42Z] - INFO - Переименован D:\Ps1\renameSerial\in\Pereulok.Sviatogo.Martina.1938.Xvid.DVDRip.avi --> D:\Ps1\renameSerial\in\Sviatogo Переулок Мартина.avi
[2018-11-08 11:06:42Z] - INFO - Переименован D:\Ps1\renameSerial\in\Samaya.krasivaya.zena.1970.XviD.DVDRip.Kinozal.TV.avi --> D:\Ps1\renameSerial\in\Самая красивая Зена.avi
[2018-11-08 11:06:42Z] - INFO - Переименован D:\Ps1\renameSerial\in\Sing.Sing.1983.DivX.DVDRip.Kinozal.TV.avi --> D:\Ps1\renameSerial\in\Синг-Синг.avi
[2018-11-08 11:06:43Z] - INFO - Переименован D:\Ps1\renameSerial\in\ZHeltyj.platochek.schast'ya.1977.BDRip.avi --> D:\Ps1\renameSerial\in\ZHeltyj платочек счастья.avi
[2018-11-08 11:06:43Z] - INFO - Переименован D:\Ps1\renameSerial\in\Айвенго.1982.WEB-DLRip.720p.mkv --> D:\Ps1\renameSerial\in\Айвенго.mkv
[2018-11-08 11:06:43Z] - INFO - Переименован D:\Ps1\renameSerial\in\Замкнутый круг 1996.avi --> D:\Ps1\renameSerial\in\Замкнутый круг.avi
[2018-11-08 11:06:43Z] - INFO - Переименован D:\Ps1\renameSerial\in\Маленький большой человек_1970_BDRip.avi --> D:\Ps1\renameSerial\in\Маленький большой человек.avi
[2018-11-08 11:06:43Z] - INFO - Переименован D:\Ps1\renameSerial\in\Страна чудес_2017_HDTVRip.avi --> D:\Ps1\renameSerial\in\Страна чудес.avi
