íÓ¨•≠·™®© ‰®´®†´ Äé äÅ "ÄÉêéèêéåäêÖÑàí"
                CÁ•‚ 30236810500020000001  ß† 01.11.19-25.11.19
 
Ç†´Ó‚†: ‡„°.
                                             
ê†·Á•‚Î · íëè ØÆ ÆØ•‡†Ê®Ô¨ · Ø´†‚•¶≠Î¨® ™†‡‚†¨®
Ñ†‚† Ø‡•§Î§„È•© ¢ÎØ®·™® 31.10.19
’ÕÕÕÕÕÕÕÕ—ÕÕ—ÕÕÕÕÕÕÕÕ—ÕÕÕÕÕÕÕÕÕ—ÕÕÕÕÕÕÕÕÕÕÕÕÕÕÕÕÕÕÕÕ—ÕÕÕÕÕÕÕÕÕÕÕÕÕÕÕÕÕÕÕÕ—ÕÕÕÕÕÕÕÕÕÕÕÕÕÕÕÕ—ÕÕÕÕÕÕÕÕÕÕÕÕÕÕÕÕ∏
≥  Ñ†‚†  ≥êé≥ÑÆ™„¨•≠‚≥    äÅ   ≥     Ç≠•Ë.·Á•‚      ≥    ëÁ•‚            ≥      Ñ•°•‚     ≥     ä‡•§®‚     ≥
∆ÕÕÕÕÕÕÕÕœÕÕœÕÕÕÕÕÕÕÕœÕÕÕÕÕÕÕÕÕœÕÕÕÕÕÕÕÕÕÕÕÕÕÕÕÕÕÕÕÕœÕÕÕÕÕÕÕÕÕÕÕÕÕÕÕÕÕÕÕÕÿÕÕÕÕÕÕÕÕÕÕÕÕÕÕÕÕÿÕÕÕÕÕÕÕÕÕÕÕÕÕÕÕÕµ
≥            é·‚†‚Æ™ ≠† ≠†Á†´Æ Ø•‡®Æ§†                                   ≥                ≥      1305884.28≥
√ƒƒƒƒƒƒƒƒ¬ƒƒ¬ƒƒƒƒƒƒƒƒ¬ƒƒƒƒƒƒƒƒƒ¬ƒƒƒƒƒƒƒƒƒƒƒƒƒƒƒƒƒƒƒƒ¬ƒƒƒƒƒƒƒƒƒƒƒƒƒƒƒƒƒƒƒƒ≈ƒƒƒƒƒƒƒƒƒƒƒƒƒƒƒƒ≈ƒƒƒƒƒƒƒƒƒƒƒƒƒƒƒƒ¥
≥01.11.19≥17≥   85261≥         ≥                    ≥40817810430020000001≥                ≥         1915.98≥
≥01.11.19≥17≥   85069≥         ≥                    ≥40817810100020000001≥                ≥         3931.98≥
≥01.11.19≥1 ≥   85378≥         ≥                    ≥30302810100020000005≥                ≥        75921.17≥
≥01.11.19≥1 ≥   85296≥         ≥                    ≥30302810100020000005≥                ≥       554182.03≥
≥01.11.19≥1 ≥   85259≥         ≥                    ≥30302810100020000005≥                ≥       577284.00≥
≥01.11.19≥1 ≥   85301≥         ≥                    ≥30302810100020000005≥                ≥      1395070.11≥
≥01.11.19≥9 ≥   85295≥         ≥                    ≥70601810530822720225≥            5.72≥                ≥
≥01.11.19≥9 ≥   85377≥         ≥                    ≥70601810530822720225≥            8.04≥                ≥
≥01.11.19≥9 ≥   85260≥         ≥                    ≥70601810530822720225≥           32.59≥                ≥
≥01.11.19≥9 ≥   85258≥         ≥                    ≥70601810530822720225≥           89.77≥                ≥
≥01.11.19≥9 ≥   85300≥         ≥                    ≥70601810530822720225≥          143.04≥                ≥
≥01.11.19≥9 ≥   85068≥         ≥                    ≥70601810200822720225≥          228.42≥                ≥
≥01.11.19≥9 ≥   85056≥         ≥                    ≥70601810200822720225≥          537.34≥                ≥
≥01.11.19≥9 ≥   85052≥         ≥                    ≥70601810200822720225≥         1417.91≥                ≥
≥01.11.19≥9 ≥   85057≥         ≥                    ≥70601810200822720225≥         5436.40≥                ≥
≥01.11.19≥17≥     143≥         ≥                    ≥40702810808020001611≥        11088.99≥                ≥
≥01.11.19≥17≥   00279≥         ≥                    ≥40702810230020000206≥        13872.23≥                ≥
≥01.11.19≥17≥   00272≥         ≥                    ≥40702810208020000775≥        16672.50≥                ≥
≥01.11.19≥17≥   49110≥         ≥                    ≥40702810230020000688≥        28512.80≥                ≥
≥01.11.19≥17≥   49066≥         ≥                    ≥40702810408020000782≥        35458.63≥                ≥
≥01.11.19≥1 ≥   99899≥046577964≥40702810938320001502≥30102810900020000803≥       176747.85≥                ≥
≥01.11.19≥17≥   49098≥         ≥                    ≥40702810530020000689≥       187823.95≥                ≥
≥01.11.19≥1 ≥   00264≥043735879≥40702810600080000240≥30301810600020000001≥       468233.35≥                ≥
≥01.11.19≥17≥     144≥         ≥                    ≥40702810804020001343≥      1235348.05≥                ≥
≥02.11.19≥1 ≥   87579≥         ≥                    ≥30302810100020000005≥                ≥          221.91≥
≥02.11.19≥1 ≥   87642≥         ≥                    ≥30302810100020000005≥                ≥        12370.18≥
≥02.11.19≥1 ≥   87511≥         ≥                    ≥30302810100020000005≥                ≥       141564.42≥
≥02.11.19≥9 ≥   87578≥         ≥                    ≥70601810200822720225≥            2.22≥                ≥
≥02.11.19≥9 ≥   87641≥         ≥                    ≥70601810530822720225≥           61.95≥                ≥
≥02.11.19≥9 ≥   87599≥         ≥                    ≥70601810200822720225≥           92.73≥                ≥
≥02.11.19≥9 ≥   87510≥         ≥                    ≥70601810200822720225≥         1415.63≥                ≥
≥02.11.19≥17≥   49255≥         ≥                    ≥40702810930020000205≥         5924.30≥                ≥
≥02.11.19≥17≥   49289≥         ≥                    ≥40702810208020000775≥         6532.50≥                ≥
≥02.11.19≥17≥   49296≥         ≥                    ≥40702810230020000206≥         8607.56≥                ≥
≥05.11.19≥17≥   88523≥         ≥                    ≥40817810430020000001≥                ≥         2378.39≥
≥05.11.19≥17≥   88354≥         ≥                    ≥40817810100020000001≥                ≥        12191.48≥
≥05.11.19≥1 ≥   88899≥         ≥                    ≥30302810100020000005≥                ≥       239610.11≥
≥05.11.19≥1 ≥   88181≥         ≥                    ≥30302810100020000005≥                ≥      1717257.46≥
≥05.11.19≥1 ≥   88232≥         ≥                    ≥30302810100020000005≥                ≥      2579517.87≥
≥05.11.19≥1 ≥   88519≥         ≥                    ≥30302810100020000005≥                ≥      4065230.42≥
≥05.11.19≥9 ≥   88898≥         ≥                    ≥70601810530822720225≥            6.53≥                ≥
≥05.11.19≥9 ≥   88522≥         ≥                    ≥70601810530822720225≥           40.45≥                ≥
≥05.11.19≥9 ≥   88180≥         ≥                    ≥70601810530822720225≥           45.57≥                ≥
≥05.11.19≥9 ≥   88231≥         ≥                    ≥70601810530822720225≥           85.62≥                ≥
≥05.11.19≥9 ≥   88518≥         ≥                    ≥70601810530822720225≥           99.92≥                ≥
≥05.11.19≥9 ≥   88833≥         ≥                    ≥70601810200822720225≥          113.93≥                ≥
≥05.11.19≥9 ≥   88353≥         ≥                    ≥70601810200822720225≥          544.14≥                ≥
≥05.11.19≥9 ≥   88348≥         ≥                    ≥70601810200822720225≥         2088.50≥                ≥
≥05.11.19≥9 ≥   88339≥         ≥                    ≥70601810200822720225≥         2103.96≥                ≥
≥05.11.19≥9 ≥   88345≥         ≥                    ≥70601810200822720225≥         3585.91≥                ≥
≥05.11.19≥17≥   61403≥         ≥                    ≥40702810930020000205≥         6259.75≥                ≥
≥05.11.19≥17≥   61443≥         ≥                    ≥40702810230020000206≥         7703.38≥                ≥
≥05.11.19≥17≥   61438≥         ≥                    ≥40702810208020000775≥         8531.25≥                ≥
≥05.11.19≥17≥   37375≥         ≥                    ≥40702810230020000688≥        15383.33≥                ≥
≥05.11.19≥1 ≥   49070≥046577964≥40702810938320001502≥30102810900020000803≥       216173.78≥                ≥
≥05.11.19≥17≥   37359≥         ≥                    ≥40702810530020000689≥       399914.87≥                ≥
≥05.11.19≥1 ≥   49287≥043735879≥40702810600080000240≥30301810600020000001≥       403297.67≥                ≥
≥05.11.19≥1 ≥   61433≥043735879≥40702810600080000240≥30301810600020000001≥       674081.53≥                ≥
≥05.11.19≥17≥     146≥         ≥                    ≥40702810804020001343≥      3573630.36≥                ≥
≥06.11.19≥1 ≥   91493≥         ≥                    ≥30302810100020000005≥                ≥         2758.63≥
≥06.11.19≥17≥   91516≥         ≥                    ≥40817810430020000001≥                ≥         3347.85≥
≥06.11.19≥17≥   91379≥         ≥                    ≥40817810100020000001≥                ≥         6062.33≥
≥06.11.19≥17≥   91381≥         ≥                    ≥40817810100020000001≥                ≥         8965.18≥
≥06.11.19≥1 ≥   91527≥         ≥                    ≥30302810100020000005≥                ≥       198467.60≥
≥06.11.19≥1 ≥   91550≥         ≥                    ≥30302810100020000005≥                ≥      1883152.85≥
≥06.11.19≥1 ≥   91529≥         ≥                    ≥30302810100020000005≥                ≥      2065405.46≥
≥06.11.19≥1 ≥   91494≥         ≥                    ≥30302810100020000005≥                ≥      3163430.14≥
≥06.11.19≥9 ≥   91526≥         ≥                    ≥70601810530822720225≥           20.62≥                ≥
≥06.11.19≥9 ≥   91716≥         ≥                    ≥70601810530822720225≥           21.66≥                ≥
≥06.11.19≥9 ≥   91528≥         ≥                    ≥70601810530822720225≥           41.09≥                ≥
≥06.11.19≥9 ≥   91378≥         ≥                    ≥70601810200822720225≥           43.01≥                ≥
≥06.11.19≥9 ≥   91515≥         ≥                    ≥70601810530822720225≥           56.93≥                ≥
≥06.11.19≥9 ≥   91383≥         ≥                    ≥70601810200822720225≥          163.73≥                ≥
≥06.11.19≥9 ≥   91521≥         ≥                    ≥70601810530822720225≥          716.40≥                ≥
≥06.11.19≥9 ≥   91369≥         ≥                    ≥70601810200822720225≥         1508.92≥                ≥
≥06.11.19≥9 ≥   91377≥         ≥                    ≥70601810200822720225≥         2281.59≥                ≥
≥06.11.19≥17≥   37472≥         ≥                    ≥40702810930020000205≥         3035.55≥                ≥
≥06.11.19≥9 ≥   91356≥         ≥                    ≥70601810200822720225≥         3337.96≥                ≥
≥06.11.19≥17≥     128≥         ≥                    ≥40702810808020001611≥        31763.16≥                ≥
≥06.11.19≥17≥   61951≥         ≥                    ≥40702810230020000688≥        47887.62≥                ≥
≥06.11.19≥17≥     103≥         ≥                    ≥40702810808020001611≥        49764.33≥                ≥
≥06.11.19≥17≥   61911≥         ≥                    ≥40702810408020000782≥        67411.56≥                ≥
≥06.11.19≥17≥   37326≥         ≥                    ≥40702810408020000782≥       109579.07≥                ≥
≥06.11.19≥1 ≥   37502≥043735879≥40702810600080000240≥30301810600020000001≥       149548.43≥                ≥
≥06.11.19≥17≥   61938≥         ≥                    ≥40702810530020000689≥       344185.50≥                ≥
≥06.11.19≥1 ≥   37331≥046577964≥40702810938320001502≥30102810900020000803≥      2727977.72≥                ≥
≥06.11.19≥17≥     129≥         ≥                    ≥40702810804020001343≥      4037221.98≥                ≥
≥07.11.19≥1 ≥  294016≥046577964≥40702810938320001502≥30102810900020000803≥                ≥          980.00≥
≥07.11.19≥17≥   93853≥         ≥                    ≥40817810430020000001≥                ≥         3075.61≥
≥07.11.19≥17≥   93611≥         ≥                    ≥40817810100020000001≥                ≥         5610.03≥
≥07.11.19≥17≥   93698≥         ≥                    ≥40817810100020000001≥                ≥        14169.64≥
≥07.11.19≥1 ≥   93929≥         ≥                    ≥30302810100020000005≥                ≥       224615.67≥
≥07.11.19≥1 ≥   93844≥         ≥                    ≥30302810100020000005≥                ≥      1757952.08≥
≥07.11.19≥1 ≥   93835≥         ≥                    ≥30302810100020000005≥                ≥      2213768.74≥
≥07.11.19≥1 ≥   93850≥         ≥                    ≥30302810100020000005≥                ≥      3678415.02≥
≥07.11.19≥9 ≥   93928≥         ≥                    ≥70601810530822720225≥           17.15≥                ≥
≥07.11.19≥9 ≥   93856≥         ≥                    ≥70601810530822720225≥           19.30≥                ≥
≥07.11.19≥9 ≥   93843≥         ≥                    ≥70601810530822720225≥           35.70≥                ≥
≥07.11.19≥9 ≥   93852≥         ≥                    ≥70601810530822720225≥           52.29≥                ≥
≥07.11.19≥9 ≥   93697≥         ≥                    ≥70601810200822720225≥          101.53≥                ≥
≥07.11.19≥9 ≥   93849≥         ≥                    ≥70601810530822720225≥          139.35≥                ≥
≥07.11.19≥9 ≥   93607≥         ≥                    ≥70601810200822720225≥          290.83≥                ≥
≥07.11.19≥9 ≥   93606≥         ≥                    ≥70601810200822720225≥         1285.50≥                ≥
≥07.11.19≥9 ≥   93587≥         ≥                    ≥70601810200822720225≥         1631.39≥                ≥
≥07.11.19≥17≥   62061≥         ≥                    ≥40702810930020000205≥         4570.23≥                ≥
≥07.11.19≥9 ≥   93592≥         ≥                    ≥70601810200822720225≥         4715.34≥                ≥
≥07.11.19≥17≥   62135≥         ≥                    ≥40702810230020000206≥         9409.17≥                ≥
≥07.11.19≥17≥   62125≥         ≥                    ≥40702810208020000775≥        17062.50≥                ≥
≥07.11.19≥17≥     134≥         ≥                    ≥40702810230020000688≥        28560.47≥                ≥
≥07.11.19≥17≥     139≥         ≥                    ≥40702810808020001611≥        33992.64≥                ≥
≥07.11.19≥17≥     137≥         ≥                    ≥40702810408020000782≥        60762.75≥                ≥
≥07.11.19≥17≥     133≥         ≥                    ≥40702810530020000689≥       455901.41≥                ≥
≥07.11.19≥1 ≥   62109≥043735879≥40702810600080000240≥30301810600020000001≥       613261.67≥                ≥
≥07.11.19≥1 ≥   61915≥046577964≥40702810938320001502≥30102810900020000803≥      1995048.09≥                ≥
≥07.11.19≥17≥     140≥         ≥                    ≥40702810804020001343≥      4770268.42≥                ≥
≥08.11.19≥17≥   96008≥         ≥                    ≥40817810100020000001≥                ≥         1402.47≥
≥08.11.19≥17≥   95920≥         ≥                    ≥40817810430020000001≥                ≥         3999.96≥
≥08.11.19≥1 ≥   97007≥         ≥                    ≥30302810100020000005≥                ≥         4428.18≥
≥08.11.19≥17≥   96003≥         ≥                    ≥40817810100020000001≥                ≥        14788.52≥
≥08.11.19≥1 ≥   95982≥         ≥                    ≥30302810100020000005≥                ≥       256296.64≥
≥08.11.19≥1 ≥   95987≥         ≥                    ≥30302810100020000005≥                ≥      1839095.91≥
≥08.11.19≥1 ≥   95934≥         ≥                    ≥30302810100020000005≥                ≥      1969809.74≥
≥08.11.19≥1 ≥   95913≥         ≥                    ≥30302810100020000005≥                ≥      3343930.45≥
≥08.11.19≥9 ≥   96007≥         ≥                    ≥70601810200822720225≥           14.02≥                ≥
≥08.11.19≥9 ≥   95981≥         ≥                    ≥70601810530822720225≥           16.01≥                ≥
≥08.11.19≥9 ≥   95933≥         ≥                    ≥70601810530822720225≥           28.00≥                ≥
≥08.11.19≥9 ≥   95900≥         ≥                    ≥70601810530822720225≥           48.22≥                ≥
≥08.11.19≥9 ≥   95986≥         ≥                    ≥70601810530822720225≥           93.89≥                ≥
≥08.11.19≥9 ≥   95912≥         ≥                    ≥70601810530822720225≥          188.81≥                ≥
≥08.11.19≥9 ≥   96002≥         ≥                    ≥70601810200822720225≥          192.17≥                ≥
≥08.11.19≥9 ≥   95651≥         ≥                    ≥70601810200822720225≥          236.51≥                ≥
≥08.11.19≥9 ≥   95637≥         ≥                    ≥70601810200822720225≥         1028.48≥                ≥
≥08.11.19≥9 ≥   95633≥         ≥                    ≥70601810200822720225≥         1093.92≥                ≥
≥08.11.19≥17≥   86796≥         ≥                    ≥40702810930020000205≥         2734.20≥                ≥
≥08.11.19≥9 ≥   95625≥         ≥                    ≥70601810200822720225≥         2839.17≥                ≥
≥08.11.19≥17≥   86852≥         ≥                    ≥40702810208020000775≥        10140.00≥                ≥
≥08.11.19≥17≥     156≥         ≥                    ≥40702810808020001611≥        16289.46≥                ≥
≥08.11.19≥17≥   29876≥         ≥                    ≥40702810230020000688≥        26419.93≥                ≥
≥08.11.19≥17≥   86858≥         ≥                    ≥40702810230020000206≥        39742.06≥                ≥
≥08.11.19≥17≥   29825≥         ≥                    ≥40702810408020000782≥        45655.21≥                ≥
≥08.11.19≥17≥   29859≥         ≥                    ≥40702810530020000689≥       412880.96≥                ≥
≥08.11.19≥1 ≥   86843≥043735879≥40702810600080000240≥30301810600020000001≥       612483.90≥                ≥
≥08.11.19≥1 ≥  000006≥046577964≥40702810938320001502≥30102810900020000803≥      1482988.42≥                ≥
≥08.11.19≥17≥     157≥         ≥                    ≥40702810804020001343≥      5541803.32≥                ≥
≥09.11.19≥1 ≥   98428≥         ≥                    ≥30302810100020000005≥                ≥         3700.45≥
≥09.11.19≥1 ≥   98406≥         ≥                    ≥30302810100020000005≥                ≥        10997.10≥
≥09.11.19≥1 ≥   98696≥         ≥                    ≥30302810100020000005≥                ≥        18856.93≥
≥09.11.19≥1 ≥   98353≥         ≥                    ≥30302810100020000005≥                ≥        25695.93≥
≥09.11.19≥9 ≥   98427≥         ≥                    ≥70601810200822720225≥           37.00≥                ≥
≥09.11.19≥9 ≥   98695≥         ≥                    ≥70601810530822720225≥           61.95≥                ≥
≥09.11.19≥9 ≥   98405≥         ≥                    ≥70601810200822720225≥          109.97≥                ≥
≥09.11.19≥9 ≥   98458≥         ≥                    ≥70601810200822720225≥          157.60≥                ≥
≥09.11.19≥9 ≥   98352≥         ≥                    ≥70601810200822720225≥          256.96≥                ≥
≥09.11.19≥17≥   30237≥         ≥                    ≥40702810230020000206≥        13385.03≥                ≥
≥09.11.19≥17≥   30226≥         ≥                    ≥40702810208020000775≥        25837.50≥                ≥
≥11.11.19≥17≥   99349≥         ≥                    ≥40817810430020000001≥                ≥        15480.18≥
≥11.11.19≥17≥   99240≥         ≥                    ≥40817810100020000001≥                ≥        23863.31≥
≥11.11.19≥17≥   99232≥         ≥                    ≥40817810100020000001≥                ≥        49798.38≥
≥11.11.19≥1 ≥   99526≥         ≥                    ≥30302810100020000005≥                ≥       516111.19≥
≥11.11.19≥1 ≥   99353≥         ≥                    ≥30302810100020000005≥                ≥      4913406.88≥
≥11.11.19≥1 ≥   99419≥         ≥                    ≥30302810100020000005≥                ≥      5845638.00≥
≥11.11.19≥1 ≥   99356≥         ≥                    ≥30302810100020000005≥                ≥      8451914.24≥
≥11.11.19≥9 ≥   99525≥         ≥                    ≥70601810530822720225≥            3.97≥                ≥
≥11.11.19≥9 ≥   99592≥         ≥                    ≥70601810530822720225≥           17.35≥                ≥
≥11.11.19≥9 ≥   99418≥         ≥                    ≥70601810530822720225≥           33.41≥                ≥
≥11.11.19≥9 ≥   99290≥         ≥                    ≥70601810200822720225≥           92.12≥                ≥
≥11.11.19≥9 ≥   99355≥         ≥                    ≥70601810530822720225≥           98.65≥                ≥
≥11.11.19≥9 ≥   99244≥         ≥                    ≥70601810200822720225≥          132.65≥                ≥
≥11.11.19≥9 ≥   99348≥         ≥                    ≥70601810530822720225≥          134.41≥                ≥
≥11.11.19≥9 ≥   99260≥         ≥                    ≥70601810200822720225≥          381.86≥                ≥
≥11.11.19≥9 ≥   99201≥         ≥                    ≥70601810200822720225≥         2029.75≥                ≥
≥11.11.19≥17≥   46306≥         ≥                    ≥40702810930020000205≥         3391.29≥                ≥
≥11.11.19≥9 ≥   99224≥         ≥                    ≥70601810200822720225≥         3433.73≥                ≥
≥11.11.19≥9 ≥   99218≥         ≥                    ≥70601810200822720225≥         5540.55≥                ≥
≥11.11.19≥17≥   46329≥         ≥                    ≥40702810208020000775≥         8598.13≥                ≥
≥11.11.19≥17≥   46338≥         ≥                    ≥40702810230020000206≥        15401.94≥                ≥
≥11.11.19≥17≥   14152≥         ≥                    ≥40702810230020000688≥        44843.39≥                ≥
≥11.11.19≥17≥     222≥         ≥                    ≥40702810808020001611≥        57559.59≥                ≥
≥11.11.19≥17≥   14105≥         ≥                    ≥40702810408020000782≥        99168.42≥                ≥
≥11.11.19≥1 ≥   46321≥043735879≥40702810600080000240≥30301810600020000001≥       446915.10≥                ≥
≥11.11.19≥1 ≥   30219≥043735879≥40702810600080000240≥30301810600020000001≥       644897.12≥                ≥
≥11.11.19≥1 ≥   29830≥046577964≥40702810938320001502≥30102810900020000803≥      1104586.26≥                ≥
≥11.11.19≥17≥   14135≥         ≥                    ≥40702810530020000689≥      1167703.20≥                ≥
≥11.11.19≥17≥     223≥         ≥                    ≥40702810804020001343≥     11857897.96≥                ≥
≥12.11.19≥9 ≥   02157≥         ≥                    ≥70601810200822720225≥                ≥            9.71≥
≥12.11.19≥17≥   01477≥         ≥                    ≥40817810100020000001≥                ≥         4515.19≥
≥12.11.19≥17≥   01553≥         ≥                    ≥40817810430020000001≥                ≥         5415.92≥
≥12.11.19≥17≥   01475≥         ≥                    ≥40817810100020000001≥                ≥        26275.36≥
≥12.11.19≥1 ≥   01632≥         ≥                    ≥30302810100020000005≥                ≥       119496.98≥
≥12.11.19≥1 ≥   01556≥         ≥                    ≥30302810100020000005≥                ≥      1399916.03≥
≥12.11.19≥1 ≥   01559≥         ≥                    ≥30302810100020000005≥                ≥      1892237.82≥
≥12.11.19≥1 ≥   01561≥         ≥                    ≥30302810100020000005≥                ≥      3016869.85≥
≥12.11.19≥9 ≥   01631≥         ≥                    ≥70601810530822720225≥            9.43≥                ≥
≥12.11.19≥9 ≥   01716≥         ≥                    ≥70601810530822720225≥           27.52≥                ≥
≥12.11.19≥9 ≥   01558≥         ≥                    ≥70601810530822720225≥           37.19≥                ≥
≥12.11.19≥9 ≥   01552≥         ≥                    ≥70601810530822720225≥           40.93≥                ≥
≥12.11.19≥9 ≥   01560≥         ≥                    ≥70601810530822720225≥          125.51≥                ≥
≥12.11.19≥9 ≥   01462≥         ≥                    ≥70601810200822720225≥          132.69≥                ≥
≥12.11.19≥9 ≥   01580≥         ≥                    ≥70601810200822720225≥          222.38≥                ≥
≥12.11.19≥9 ≥   01453≥         ≥                    ≥70601810200822720225≥          955.02≥                ≥
≥12.11.19≥1 ≥   02158≥         ≥                    ≥30301810800020000005≥          971.28≥                ≥
≥12.11.19≥9 ≥   01471≥         ≥                    ≥70601810200822720225≥         2488.47≥                ≥
≥12.11.19≥17≥   14294≥         ≥                    ≥40702810930020000205≥         3035.55≥                ≥
≥12.11.19≥9 ≥   01449≥         ≥                    ≥70601810200822720225≥         3211.55≥                ≥
≥12.11.19≥17≥   46071≥         ≥                    ≥40702810230020000688≥        21358.73≥                ≥
≥12.11.19≥17≥     144≥         ≥                    ≥40702810808020001611≥        54479.70≥                ≥
≥12.11.19≥1 ≥   14318≥043735879≥40702810600080000240≥30301810600020000001≥        55591.38≥                ≥
≥12.11.19≥17≥   46024≥         ≥                    ≥40702810408020000782≥        58588.32≥                ≥
≥12.11.19≥17≥   46053≥         ≥                    ≥40702810530020000689≥       512463.84≥                ≥
≥12.11.19≥1 ≥   14110≥046577964≥40702810938320001502≥30102810900020000803≥      2909439.75≥                ≥
≥12.11.19≥17≥     145≥         ≥                    ≥40702810804020001343≥      7074519.95≥                ≥
≥13.11.19≥17≥   03668≥         ≥                    ≥40817810100020000001≥                ≥         5441.20≥
≥13.11.19≥17≥   03853≥         ≥                    ≥40817810430020000001≥                ≥        11767.25≥
≥13.11.19≥17≥   03656≥         ≥                    ≥40817810100020000001≥                ≥        12512.44≥
≥13.11.19≥1 ≥   03877≥         ≥                    ≥30302810100020000005≥                ≥       195510.35≥
≥13.11.19≥1 ≥   03865≥         ≥                    ≥30302810100020000005≥                ≥      1049564.49≥
≥13.11.19≥1 ≥   03860≥         ≥                    ≥30302810100020000005≥                ≥      1981284.17≥
≥13.11.19≥1 ≥   03839≥         ≥                    ≥30302810100020000005≥                ≥      3276037.16≥
≥13.11.19≥9 ≥   03876≥         ≥                    ≥70601810530822720225≥            7.16≥                ≥
≥13.11.19≥9 ≥   04129≥         ≥                    ≥70601810200822720225≥           12.62≥                ≥
≥13.11.19≥9 ≥   03859≥         ≥                    ≥70601810530822720225≥           31.77≥                ≥
≥13.11.19≥9 ≥   03852≥         ≥                    ≥70601810530822720225≥           33.55≥                ≥
≥13.11.19≥9 ≥   03928≥         ≥                    ≥70601810530822720225≥          112.24≥                ≥
≥13.11.19≥9 ≥   03662≥         ≥                    ≥70601810200822720225≥          223.83≥                ≥
≥13.11.19≥9 ≥   03838≥         ≥                    ≥70601810530822720225≥          338.71≥                ≥
≥13.11.19≥9 ≥   03638≥         ≥                    ≥70601810200822720225≥          836.49≥                ≥
≥13.11.19≥9 ≥   03654≥         ≥                    ≥70601810200822720225≥         1473.60≥                ≥
≥13.11.19≥9 ≥   03641≥         ≥                    ≥70601810200822720225≥         3508.96≥                ≥
≥13.11.19≥17≥   46280≥         ≥                    ≥40702810208020000775≥         9603.75≥                ≥
≥13.11.19≥17≥   46290≥         ≥                    ≥40702810230020000206≥        15284.03≥                ≥
≥13.11.19≥17≥     141≥         ≥                    ≥40702810808020001611≥        29735.64≥                ≥
≥13.11.19≥17≥   76187≥         ≥                    ≥40702810408020000782≥        44215.87≥                ≥
≥13.11.19≥17≥   76228≥         ≥                    ≥40702810230020000688≥        50380.13≥                ≥
≥13.11.19≥17≥   76216≥         ≥                    ≥40702810530020000689≥       567177.02≥                ≥
≥13.11.19≥1 ≥   46274≥043735879≥40702810600080000240≥30301810600020000001≥       929265.65≥                ≥
≥13.11.19≥1 ≥   46030≥046577964≥40702810938320001502≥30102810900020000803≥      1409152.15≥                ≥
≥13.11.19≥17≥     142≥         ≥                    ≥40702810804020001343≥      4573707.60≥                ≥
≥14.11.19≥17≥   06274≥         ≥                    ≥40817810430020000001≥                ≥          291.50≥
≥14.11.19≥17≥   05830≥         ≥                    ≥40817810100020000001≥                ≥         4558.33≥
≥14.11.19≥17≥   06030≥         ≥                    ≥40817810430020000001≥                ≥         7925.90≥
≥14.11.19≥17≥   06159≥         ≥                    ≥40817810100020000001≥                ≥        20822.57≥
≥14.11.19≥1 ≥   06164≥         ≥                    ≥30302810100020000005≥                ≥       137577.01≥
≥14.11.19≥1 ≥   06166≥         ≥                    ≥30302810100020000005≥                ≥      1197325.74≥
≥14.11.19≥1 ≥   06081≥         ≥                    ≥30302810100020000005≥                ≥      1773670.02≥
≥14.11.19≥1 ≥   06027≥         ≥                    ≥30302810100020000005≥                ≥      3321844.51≥
≥14.11.19≥9 ≥   06183≥         ≥                    ≥70601810530822720225≥            3.09≥                ≥
≥14.11.19≥9 ≥   06273≥         ≥                    ≥70601810530822720225≥            4.96≥                ≥
≥14.11.19≥9 ≥   06158≥         ≥                    ≥70601810200822720225≥            7.67≥                ≥
≥14.11.19≥9 ≥   06165≥         ≥                    ≥70601810530822720225≥           28.57≥                ≥
≥14.11.19≥9 ≥   06080≥         ≥                    ≥70601810530822720225≥           51.16≥                ≥
≥14.11.19≥9 ≥   06026≥         ≥                    ≥70601810530822720225≥          102.14≥                ≥
≥14.11.19≥9 ≥   06029≥         ≥                    ≥70601810530822720225≥          123.48≥                ≥
≥14.11.19≥9 ≥   05964≥         ≥                    ≥70601810200822720225≥          284.90≥                ≥
≥14.11.19≥9 ≥   05847≥         ≥                    ≥70601810200822720225≥         1713.46≥                ≥
≥14.11.19≥9 ≥   05809≥         ≥                    ≥70601810200822720225≥         2843.21≥                ≥
≥14.11.19≥9 ≥   05851≥         ≥                    ≥70601810200822720225≥         7562.07≥                ≥
≥14.11.19≥17≥   76394≥         ≥                    ≥40702810230020000206≥        12145.97≥                ≥
≥14.11.19≥17≥     122≥         ≥                    ≥40702810808020001611≥        24083.73≥                ≥
≥14.11.19≥17≥   25036≥         ≥                    ≥40702810230020000688≥        24536.17≥                ≥
≥14.11.19≥17≥   24992≥         ≥                    ≥40702810408020000782≥        53227.82≥                ≥
≥14.11.19≥17≥   25024≥         ≥                    ≥40702810530020000689≥       586578.39≥                ≥
≥14.11.19≥1 ≥   76374≥043735879≥40702810600080000240≥30301810600020000001≥       606215.48≥                ≥
≥14.11.19≥1 ≥   76191≥046577964≥40702810938320001502≥30102810900020000803≥      1024085.73≥                ≥
≥14.11.19≥17≥     126≥         ≥                    ≥40702810804020001343≥      3739432.05≥                ≥
≥15.11.19≥17≥   09311≥         ≥                    ≥40817810430020000001≥                ≥          205.06≥
≥15.11.19≥17≥   09419≥         ≥                    ≥40817810430020000001≥                ≥         1542.12≥
≥15.11.19≥17≥   09204≥         ≥                    ≥40817810100020000001≥                ≥         2327.80≥
≥15.11.19≥17≥   09210≥         ≥                    ≥40817810100020000001≥                ≥        22641.12≥
≥15.11.19≥1 ≥   09411≥         ≥                    ≥30302810100020000005≥                ≥       230134.06≥
≥15.11.19≥1 ≥   09336≥         ≥                    ≥30302810100020000005≥                ≥      1063315.44≥
≥15.11.19≥1 ≥   09385≥         ≥                    ≥30302810100020000005≥                ≥      3019312.57≥
≥15.11.19≥1 ≥   09313≥         ≥                    ≥30302810100020000005≥                ≥      4597766.96≥
≥15.11.19≥9 ≥   09310≥         ≥                    ≥70601810530822720225≥            3.49≥                ≥
≥15.11.19≥9 ≥   09482≥         ≥                    ≥70601810530822720225≥            5.15≥                ≥
≥15.11.19≥9 ≥   09209≥         ≥                    ≥70601810200822720225≥            7.10≥                ≥
≥15.11.19≥9 ≥   09217≥         ≥                    ≥70601810200822720225≥           14.00≥                ≥
≥15.11.19≥9 ≥   09418≥         ≥                    ≥70601810530822720225≥           17.72≥                ≥
≥15.11.19≥9 ≥   09583≥         ≥                    ≥70601810530822720225≥           35.94≥                ≥
≥15.11.19≥9 ≥   09312≥         ≥                    ≥70601810530822720225≥           84.29≥                ≥
≥15.11.19≥9 ≥   09384≥         ≥                    ≥70601810530822720225≥          184.28≥                ≥
≥15.11.19≥9 ≥   09205≥         ≥                    ≥70601810200822720225≥          628.24≥                ≥
≥15.11.19≥9 ≥   09165≥         ≥                    ≥70601810200822720225≥         1283.78≥                ≥
≥15.11.19≥9 ≥   09197≥         ≥                    ≥70601810200822720225≥         4048.19≥                ≥
≥15.11.19≥17≥   25286≥         ≥                    ≥40702810208020000775≥         5070.00≥                ≥
≥15.11.19≥9 ≥   09180≥         ≥                    ≥70601810200822720225≥         5770.67≥                ≥
≥15.11.19≥17≥   25292≥         ≥                    ≥40702810230020000206≥        10744.69≥                ≥
≥15.11.19≥17≥   25251≥         ≥                    ≥40702810930020000205≥        15196.86≥                ≥
≥15.11.19≥17≥     170≥         ≥                    ≥40702810808020001611≥        40872.15≥                ≥
≥15.11.19≥17≥   80013≥         ≥                    ≥40702810408020000782≥        42338.18≥                ≥
≥15.11.19≥17≥   80066≥         ≥                    ≥40702810230020000688≥        48834.96≥                ≥
≥15.11.19≥1 ≥   25284≥043735879≥40702810600080000240≥30301810600020000001≥       535725.75≥                ≥
≥15.11.19≥17≥   80046≥         ≥                    ≥40702810530020000689≥       698405.18≥                ≥
≥15.11.19≥1 ≥   24996≥046577964≥40702810938320001502≥30102810900020000803≥       811572.13≥                ≥
≥15.11.19≥17≥     171≥         ≥                    ≥40702810804020001343≥      6221553.27≥                ≥
≥16.11.19≥1 ≥   12437≥         ≥                    ≥30302810100020000005≥                ≥         5870.33≥
≥16.11.19≥1 ≥   12039≥         ≥                    ≥30302810100020000005≥                ≥        26374.71≥
≥16.11.19≥1 ≥   12155≥         ≥                    ≥30302810100020000005≥                ≥        63748.86≥
≥16.11.19≥9 ≥   12413≥         ≥                    ≥70601810200822720225≥           27.73≥                ≥
≥16.11.19≥9 ≥   12154≥         ≥                    ≥70601810530822720225≥           61.95≥                ≥
≥16.11.19≥9 ≥   12436≥         ≥                    ≥70601810530822720225≥           61.95≥                ≥
≥16.11.19≥9 ≥   12038≥         ≥                    ≥70601810200822720225≥          263.74≥                ≥
≥16.11.19≥9 ≥   12144≥         ≥                    ≥70601810200822720225≥          606.52≥                ≥
≥16.11.19≥17≥   80429≥         ≥                    ≥40702810208020000775≥         7068.75≥                ≥
≥16.11.19≥17≥   80438≥         ≥                    ≥40702810230020000206≥        16485.22≥                ≥
≥18.11.19≥17≥   13568≥         ≥                    ≥40817810430020000001≥                ≥          152.56≥
≥18.11.19≥1 ≥   13531≥         ≥                    ≥30302810100020000005≥                ≥          699.67≥
≥18.11.19≥17≥   13099≥         ≥                    ≥40817810430020000001≥                ≥         2553.56≥
≥18.11.19≥17≥   12823≥         ≥                    ≥40817810100020000001≥                ≥        64638.62≥
≥18.11.19≥17≥   12813≥         ≥                    ≥40817810100020000001≥                ≥        82770.90≥
≥18.11.19≥1 ≥   13466≥         ≥                    ≥30302810100020000005≥                ≥       600501.92≥
≥18.11.19≥1 ≥   13298≥         ≥                    ≥30302810100020000005≥                ≥      3745132.76≥
≥18.11.19≥1 ≥   13297≥         ≥                    ≥30302810100020000005≥                ≥      6309370.99≥
≥18.11.19≥1 ≥   13006≥         ≥                    ≥30302810100020000005≥                ≥     10254511.09≥
≥18.11.19≥9 ≥   13567≥         ≥                    ≥70601810530822720225≥            2.59≥                ≥
≥18.11.19≥9 ≥   13471≥         ≥                    ≥70601810530822720225≥            3.08≥                ≥
≥18.11.19≥9 ≥   13751≥         ≥                    ≥70601810530822720225≥            9.51≥                ≥
≥18.11.19≥9 ≥   13296≥         ≥                    ≥70601810530822720225≥           19.92≥                ≥
≥18.11.19≥9 ≥   13098≥         ≥                    ≥70601810530822720225≥           25.53≥                ≥
≥18.11.19≥9 ≥   12822≥         ≥                    ≥70601810200822720225≥           30.00≥                ≥
≥18.11.19≥9 ≥   13005≥         ≥                    ≥70601810530822720225≥          193.80≥                ≥
≥18.11.19≥17≥   00078≥         ≥                    ≥40702810504020001465≥          196.00≥                ≥
≥18.11.19≥9 ≥   12810≥         ≥                    ≥70601810200822720225≥          381.56≥                ≥
≥18.11.19≥9 ≥   12794≥         ≥                    ≥70601810200822720225≥         1050.34≥                ≥
≥18.11.19≥9 ≥   12791≥         ≥                    ≥70601810200822720225≥         2285.66≥                ≥
≥18.11.19≥17≥   99958≥         ≥                    ≥40702810930020000205≥         3422.16≥                ≥
≥18.11.19≥17≥   00021≥         ≥                    ≥40702810208020000775≥         3997.50≥                ≥
≥18.11.19≥9 ≥   12783≥         ≥                    ≥70601810200822720225≥        12462.68≥                ≥
≥18.11.19≥17≥   00036≥         ≥                    ≥40702810230020000206≥        12974.74≥                ≥
≥18.11.19≥9 ≥   12778≥         ≥                    ≥70601810200822720225≥        17745.85≥                ≥
≥18.11.19≥17≥     179≥         ≥                    ≥40702810808020001611≥        54273.78≥                ≥
≥18.11.19≥17≥   73461≥         ≥                    ≥40702810230020000688≥        80864.92≥                ≥
≥18.11.19≥17≥   73416≥         ≥                    ≥40702810408020000782≥       140979.14≥                ≥
≥18.11.19≥17≥   73447≥         ≥                    ≥40702810530020000689≥       437783.76≥                ≥
≥18.11.19≥1 ≥  000003≥046577964≥40702810938320001502≥30102810900020000803≥       915545.15≥                ≥
≥18.11.19≥1 ≥   00011≥043735879≥40702810600080000240≥30301810600020000001≥      1065393.92≥                ≥
≥18.11.19≥1 ≥   80422≥043735879≥40702810600080000240≥30102810900020000803≥      1138735.65≥                ≥
≥18.11.19≥17≥     180≥         ≥                    ≥40702810804020001343≥     12394254.21≥                ≥
≥19.11.19≥9 ≥   16421≥         ≥                    ≥70601810200822720225≥                ≥            2.65≥
≥19.11.19≥17≥   16002≥         ≥                    ≥40817810430020000001≥                ≥          166.78≥
≥19.11.19≥17≥   15725≥         ≥                    ≥40817810100020000001≥                ≥         6518.47≥
≥19.11.19≥17≥   15730≥         ≥                    ≥40817810100020000001≥                ≥         9630.22≥
≥19.11.19≥17≥   15982≥         ≥                    ≥40817810430020000001≥                ≥        11205.43≥
≥19.11.19≥1 ≥   16004≥         ≥                    ≥30302810100020000005≥                ≥       371350.72≥
≥19.11.19≥1 ≥   15967≥         ≥                    ≥30302810100020000005≥                ≥      1881899.15≥
≥19.11.19≥1 ≥   15963≥         ≥                    ≥30302810100020000005≥                ≥      2290393.07≥
≥19.11.19≥1 ≥   15947≥         ≥                    ≥30302810100020000005≥                ≥      4516399.71≥
≥19.11.19≥9 ≥   16003≥         ≥                    ≥70601810530822720225≥            2.71≥                ≥
≥19.11.19≥9 ≥   16001≥         ≥                    ≥70601810530822720225≥            2.84≥                ≥
≥19.11.19≥9 ≥   15966≥         ≥                    ≥70601810530822720225≥           16.56≥                ≥
≥19.11.19≥9 ≥   15841≥         ≥                    ≥70601810200822720225≥           35.82≥                ≥
≥19.11.19≥9 ≥   15981≥         ≥                    ≥70601810530822720225≥           71.97≥                ≥
≥19.11.19≥9 ≥   15962≥         ≥                    ≥70601810530822720225≥          147.73≥                ≥
≥19.11.19≥1 ≥   16422≥         ≥                    ≥30301810800020000005≥          264.88≥                ≥
≥19.11.19≥9 ≥   15964≥         ≥                    ≥70601810530822720225≥          266.58≥                ≥
≥19.11.19≥9 ≥   15834≥         ≥                    ≥70601810200822720225≥         1500.56≥                ≥
≥19.11.19≥9 ≥   15718≥         ≥                    ≥70601810200822720225≥         3720.52≥                ≥
≥19.11.19≥9 ≥   15700≥         ≥                    ≥70601810200822720225≥         3725.65≥                ≥
≥19.11.19≥17≥   73608≥         ≥                    ≥40702810930020000205≥         6071.10≥                ≥
≥19.11.19≥9 ≥   15702≥         ≥                    ≥70601810200822720225≥        12012.47≥                ≥
≥19.11.19≥17≥   98722≥         ≥                    ≥40702810408020000782≥        39916.62≥                ≥
≥19.11.19≥17≥     086≥         ≥                    ≥40702810808020001611≥        43172.91≥                ≥
≥19.11.19≥17≥   98768≥         ≥                    ≥40702810230020000688≥        49353.78≥                ≥
≥19.11.19≥1 ≥   73642≥043735879≥40702810600080000240≥30301810600020000001≥        88900.91≥                ≥
≥19.11.19≥17≥   98750≥         ≥                    ≥40702810530020000689≥      1039255.56≥                ≥
≥19.11.19≥1 ≥   73421≥046577964≥40702810938320001502≥30102810900020000803≥      2084942.66≥                ≥
≥19.11.19≥17≥     087≥         ≥                    ≥40702810804020001343≥      6988484.49≥                ≥
≥20.11.19≥17≥   17594≥         ≥                    ≥40817810430020000001≥                ≥         3559.45≥
≥20.11.19≥17≥   17284≥         ≥                    ≥40817810100020000001≥                ≥         3767.41≥
≥20.11.19≥1 ≥   17816≥         ≥                    ≥30302810100020000005≥                ≥       285745.38≥
≥20.11.19≥1 ≥   17920≥         ≥                    ≥30302810100020000005≥                ≥      1684565.05≥
≥20.11.19≥1 ≥   17552≥         ≥                    ≥30302810100020000005≥                ≥      2796425.26≥
≥20.11.19≥1 ≥   17592≥         ≥                    ≥30302810100020000005≥                ≥      3852027.73≥
≥20.11.19≥9 ≥   17818≥         ≥                    ≥70601810530822720225≥           10.84≥                ≥
≥20.11.19≥9 ≥   18253≥         ≥                    ≥70601810530822720225≥           41.15≥                ≥
≥20.11.19≥9 ≥   17593≥         ≥                    ≥70601810530822720225≥           44.59≥                ≥
≥20.11.19≥9 ≥   17551≥         ≥                    ≥70601810530822720225≥           69.81≥                ≥
≥20.11.19≥9 ≥   17591≥         ≥                    ≥70601810530822720225≥          353.88≥                ≥
≥20.11.19≥9 ≥   17286≥         ≥                    ≥70601810200822720225≥          659.62≥                ≥
≥20.11.19≥17≥   99003≥         ≥                    ≥40702810208020000775≥         2632.50≥                ≥
≥20.11.19≥9 ≥   17277≥         ≥                    ≥70601810200822720225≥         3450.45≥                ≥
≥20.11.19≥17≥   98961≥         ≥                    ≥40702810930020000205≥         4411.62≥                ≥
≥20.11.19≥17≥   99013≥         ≥                    ≥40702810230020000206≥         8299.87≥                ≥
≥20.11.19≥9 ≥   17270≥         ≥                    ≥70601810200822720225≥        10788.58≥                ≥
≥20.11.19≥9 ≥   17264≥         ≥                    ≥70601810200822720225≥        10911.00≥                ≥
≥20.11.19≥17≥     110≥         ≥                    ≥40702810808020001611≥        29832.66≥                ≥
≥20.11.19≥17≥   42440≥         ≥                    ≥40702810230020000688≥        30131.33≥                ≥
≥20.11.19≥17≥   42396≥         ≥                    ≥40702810408020000782≥        49639.05≥                ≥
≥20.11.19≥17≥   42430≥         ≥                    ≥40702810530020000689≥       647166.41≥                ≥
≥20.11.19≥1 ≥   98727≥046577964≥40702810938320001502≥30102810900020000803≥      1026920.94≥                ≥
≥20.11.19≥1 ≥   98995≥043735879≥40702810600080000240≥30301810600020000001≥      3137670.98≥                ≥
≥20.11.19≥17≥     115≥         ≥                    ≥40702810804020001343≥      4700842.00≥                ≥
≥21.11.19≥17≥   20772≥         ≥                    ≥40817810430020000001≥                ≥          243.25≥
≥21.11.19≥17≥   20761≥         ≥                    ≥40817810430020000001≥                ≥         2591.74≥
≥21.11.19≥17≥   20679≥         ≥                    ≥40817810100020000001≥                ≥        20214.42≥
≥21.11.19≥1 ≥   20837≥         ≥                    ≥30302810100020000005≥                ≥       328629.71≥
≥21.11.19≥1 ≥   20804≥         ≥                    ≥30302810100020000005≥                ≥      1889672.16≥
≥21.11.19≥1 ≥   20892≥         ≥                    ≥30302810100020000005≥                ≥      2293811.07≥
≥21.11.19≥1 ≥   20767≥         ≥                    ≥30302810100020000005≥                ≥      3823310.48≥
≥21.11.19≥9 ≥   20771≥         ≥                    ≥70601810530822720225≥            4.14≥                ≥
≥21.11.19≥9 ≥   20836≥         ≥                    ≥70601810530822720225≥           10.56≥                ≥
≥21.11.19≥9 ≥   20941≥         ≥                    ≥70601810530822720225≥           16.03≥                ≥
≥21.11.19≥9 ≥   20760≥         ≥                    ≥70601810530822720225≥           29.12≥                ≥
≥21.11.19≥9 ≥   20803≥         ≥                    ≥70601810530822720225≥           39.14≥                ≥
≥21.11.19≥9 ≥   20680≥         ≥                    ≥70601810200822720225≥           46.92≥                ≥
≥21.11.19≥9 ≥   20766≥         ≥                    ≥70601810530822720225≥          186.52≥                ≥
≥21.11.19≥9 ≥   20678≥         ≥                    ≥70601810200822720225≥          795.45≥                ≥
≥21.11.19≥9 ≥   20660≥         ≥                    ≥70601810200822720225≥         1899.01≥                ≥
≥21.11.19≥9 ≥   20632≥         ≥                    ≥70601810200822720225≥         2228.77≥                ≥
≥21.11.19≥9 ≥   20658≥         ≥                    ≥70601810200822720225≥         5290.92≥                ≥
≥21.11.19≥17≥   42622≥         ≥                    ≥40702810930020000205≥        11042.15≥                ≥
≥21.11.19≥17≥   42676≥         ≥                    ≥40702810230020000206≥        14523.88≥                ≥
≥21.11.19≥17≥   42667≥         ≥                    ≥40702810208020000775≥        31732.74≥                ≥
≥21.11.19≥17≥     075≥         ≥                    ≥40702810808020001611≥        41392.89≥                ≥
≥21.11.19≥17≥   74339≥         ≥                    ≥40702810408020000782≥        51995.37≥                ≥
≥21.11.19≥17≥   74384≥         ≥                    ≥40702810230020000688≥       156064.00≥                ≥
≥21.11.19≥17≥   74370≥         ≥                    ≥40702810530020000689≥       655569.39≥                ≥
≥21.11.19≥1 ≥   42403≥046577964≥40702810938320001502≥30102810900020000803≥       765307.21≥                ≥
≥21.11.19≥1 ≥   42654≥043735879≥40702810600080000240≥30102810900020000803≥      1930889.33≥                ≥
≥21.11.19≥17≥     076≥         ≥                    ≥40702810804020001343≥      5212616.75≥                ≥
≥22.11.19≥17≥   22882≥         ≥                    ≥40817810430020000001≥                ≥         2156.02≥
≥22.11.19≥17≥   22628≥         ≥                    ≥40817810100020000001≥                ≥        16136.32≥
≥22.11.19≥17≥   22630≥         ≥                    ≥40817810100020000001≥                ≥        32196.35≥
≥22.11.19≥1 ≥   22823≥         ≥                    ≥30302810100020000005≥                ≥       236125.81≥
≥22.11.19≥1 ≥   22792≥         ≥                    ≥30302810100020000005≥                ≥      1738302.24≥
≥22.11.19≥1 ≥   22837≥         ≥                    ≥30302810100020000005≥                ≥      1801416.02≥
≥22.11.19≥1 ≥   22798≥         ≥                    ≥30302810100020000005≥                ≥      2959085.20≥
≥22.11.19≥9 ≥   23026≥         ≥                    ≥70601810530822720225≥           13.20≥                ≥
≥22.11.19≥9 ≥   22822≥         ≥                    ≥70601810530822720225≥           16.54≥                ≥
≥22.11.19≥9 ≥   22881≥         ≥                    ≥70601810530822720225≥           21.15≥                ≥
≥22.11.19≥9 ≥   22791≥         ≥                    ≥70601810530822720225≥           36.12≥                ≥
≥22.11.19≥9 ≥   22797≥         ≥                    ≥70601810530822720225≥          121.95≥                ≥
≥22.11.19≥9 ≥   23059≥         ≥                    ≥70601810200822720225≥          172.70≥                ≥
≥22.11.19≥17≥   74564≥         ≥                    ≥40702810208020000775≥          536.25≥                ≥
≥22.11.19≥9 ≥   22611≥         ≥                    ≥70601810200822720225≥          653.13≥                ≥
≥22.11.19≥17≥   74562≥         ≥                    ≥40702810030020000493≥         1174.77≥                ≥
≥22.11.19≥9 ≥   22612≥         ≥                    ≥70601810200822720225≥         1951.97≥                ≥
≥22.11.19≥9 ≥   22596≥         ≥                    ≥70601810200822720225≥         3207.62≥                ≥
≥22.11.19≥9 ≥   22602≥         ≥                    ≥70601810200822720225≥         4339.07≥                ≥
≥22.11.19≥17≥   74506≥         ≥                    ≥40702810930020000205≥        10750.60≥                ≥
≥22.11.19≥17≥   74573≥         ≥                    ≥40702810230020000206≥        14894.22≥                ≥
≥22.11.19≥17≥     107≥         ≥                    ≥40702810808020001611≥        22504.68≥                ≥
≥22.11.19≥17≥   07019≥         ≥                    ≥40702810230020000688≥        40616.37≥                ≥
≥22.11.19≥17≥   06974≥         ≥                    ≥40702810408020000782≥        67607.53≥                ≥
≥22.11.19≥17≥   07002≥         ≥                    ≥40702810530020000689≥       406145.05≥                ≥
≥22.11.19≥1 ≥   74345≥046577964≥40702810938320001502≥30102810900020000803≥       606464.26≥                ≥
≥22.11.19≥1 ≥   74556≥043735879≥40702810600080000240≥30301810600020000001≥      2476012.05≥                ≥
≥22.11.19≥17≥     108≥         ≥                    ≥40702810804020001343≥      4889824.14≥                ≥
≥23.11.19≥1 ≥   24876≥         ≥                    ≥30302810100020000005≥                ≥        10922.57≥
≥23.11.19≥1 ≥   24899≥         ≥                    ≥30302810100020000005≥                ≥        15181.96≥
≥23.11.19≥1 ≥   24823≥         ≥                    ≥30302810100020000005≥                ≥        62164.99≥
≥23.11.19≥9 ≥   24960≥         ≥                    ≥70601810200822720225≥           55.53≥                ≥
≥23.11.19≥9 ≥   24875≥         ≥                    ≥70601810530822720225≥          107.38≥                ≥
≥23.11.19≥9 ≥   24898≥         ≥                    ≥70601810200822720225≥          151.82≥                ≥
≥23.11.19≥9 ≥   24822≥         ≥                    ≥70601810200822720225≥          621.66≥                ≥
≥23.11.19≥17≥   07195≥         ≥                    ≥40702810208020000775≥         3997.50≥                ≥
≥23.11.19≥17≥   07206≥         ≥                    ≥40702810230020000206≥        14281.17≥                ≥
≥25.11.19≥17≥   25862≥         ≥                    ≥40817810430020000001≥                ≥          147.75≥
≥25.11.19≥1 ≥   25414≥         ≥                    ≥30302810100020000005≥                ≥          662.86≥
≥25.11.19≥17≥   25528≥         ≥                    ≥40817810430020000001≥                ≥         1269.24≥
≥25.11.19≥17≥   25388≥         ≥                    ≥40817810100020000001≥                ≥        14000.00≥
≥25.11.19≥17≥   25390≥         ≥                    ≥40817810100020000001≥                ≥        50008.63≥
≥25.11.19≥1 ≥   25923≥         ≥                    ≥30302810100020000005≥                ≥       490704.04≥
≥25.11.19≥1 ≥   25531≥         ≥                    ≥30302810100020000005≥                ≥      3787493.09≥
≥25.11.19≥1 ≥   25530≥         ≥                    ≥30302810100020000005≥                ≥      4582068.24≥
≥25.11.19≥1 ≥   25329≥         ≥                    ≥30302810100020000005≥                ≥      7206083.01≥
≥25.11.19≥9 ≥   25861≥         ≥                    ≥70601810530822720225≥            2.51≥                ≥
≥25.11.19≥9 ≥   25922≥         ≥                    ≥70601810530822720225≥            8.38≥                ≥
≥25.11.19≥9 ≥   25413≥         ≥                    ≥70601810200822720225≥           10.35≥                ≥
≥25.11.19≥9 ≥   25527≥         ≥                    ≥70601810530822720225≥           21.57≥                ≥
≥25.11.19≥9 ≥   25960≥         ≥                    ≥70601810530822720225≥           30.73≥                ≥
≥25.11.19≥9 ≥   25529≥         ≥                    ≥70601810530822720225≥          155.94≥                ≥
≥25.11.19≥9 ≥   25328≥         ≥                    ≥70601810530822720225≥          408.98≥                ≥
≥25.11.19≥9 ≥   25373≥         ≥                    ≥70601810200822720225≥          841.61≥                ≥
≥25.11.19≥9 ≥   25351≥         ≥                    ≥70601810200822720225≥         2380.55≥                ≥
≥25.11.19≥9 ≥   25362≥         ≥                    ≥70601810200822720225≥         2830.71≥                ≥
≥25.11.19≥9 ≥   25365≥         ≥                    ≥70601810200822720225≥         9972.25≥                ≥
≥25.11.19≥17≥   19423≥         ≥                    ≥40702810230020000206≥        10423.43≥                ≥
≥25.11.19≥17≥   19415≥         ≥                    ≥40702810208020000775≥        11311.17≥                ≥
≥25.11.19≥17≥     136≥         ≥                    ≥40702810808020001611≥        27009.18≥                ≥
≥25.11.19≥17≥   93013≥         ≥                    ≥40702810230020000688≥        45427.68≥                ≥
≥25.11.19≥17≥   92961≥         ≥                    ≥40702810408020000782≥       204517.18≥                ≥
≥25.11.19≥1 ≥   06979≥046577964≥40702810938320001502≥30102810900020000803≥       842003.97≥                ≥
≥25.11.19≥1 ≥   07192≥043735879≥40702810600080000240≥30301810600020000001≥       885863.37≥                ≥
≥25.11.19≥1 ≥   19413≥043735879≥40702810600080000240≥30301810600020000001≥       922050.43≥                ≥
≥25.11.19≥17≥   92993≥         ≥                    ≥40702810530020000689≥      1031280.51≥                ≥
≥25.11.19≥17≥     137≥         ≥                    ≥40702810804020001343≥      9948359.99≥                ≥
∆ÕÕÕÕÕÕÕÕœÕÕœÕÕÕÕÕÕÕÕœÕÕÕÕÕÕÕÕÕœÕÕÕÕÕÕÕÕÕÕÕÕÕÕÕÕÕÕÕÕœÕÕÕÕÕÕÕÕÕÕÕÕÕÕÕÕÕÕÕÕÿÕÕÕÕÕÕÕÕÕÕÕÕÕÕÕÕÿÕÕÕÕÕÕÕÕÕÕÕÕÕÕÕÕµ
≥            à‚Æ£ Æ°Æ‡Æ‚Æ¢                                               ≥    147375347.15≥    152550733.05≥
√ƒƒƒƒƒƒƒƒƒƒƒƒƒƒƒƒƒƒƒƒƒƒƒƒƒƒƒƒƒƒƒƒƒƒƒƒƒƒƒƒƒƒƒƒƒƒƒƒƒƒƒƒƒƒƒƒƒƒƒƒƒƒƒƒƒƒƒƒƒƒƒƒ≈ƒƒƒƒƒƒƒƒƒƒƒƒƒƒƒƒ≈ƒƒƒƒƒƒƒƒƒƒƒƒƒƒƒƒ¥
≥            é·‚†‚Æ™ ≠† ™Æ≠•Ê Ø•‡®Æ§†                                    ≥                ≥      6481270.18≥
¿ƒƒƒƒƒƒƒƒƒƒƒƒƒƒƒƒƒƒƒƒƒƒƒƒƒƒƒƒƒƒƒƒƒƒƒƒƒƒƒƒƒƒƒƒƒƒƒƒƒƒƒƒƒƒƒƒƒƒƒƒƒƒƒƒƒƒƒƒƒƒƒƒ¡ƒƒƒƒƒƒƒƒƒƒƒƒƒƒƒƒ¡ƒƒƒƒƒƒƒƒƒƒƒƒƒƒƒƒŸ
ÕÕÕÕÕÕÕÕÕÕÕÕÕÕÕÕÕÕÕÕÕÕÕÕÕÕÕÕÕÕÕÕÕÕÕÕÕÕÕÕÕÕÕÕÕÕÕÕÕÕÕÕÕÕÕÕÕÕÕÕÕÕÕÕÕÕÕÕÕÕÕÕÕÕÕÕÕÕÕÕÕÕÕÕÕÕÕ
