[2018-03-01 00:00:11Z] - INFO - Автоматический режим работы
[2018-03-01 00:00:11Z] - INFO - Файлы отчетности не найдены в каталоге l:\PTK PSD\Post\ELO\OUT
[2018-03-01 00:15:03Z] - INFO - Автоматический режим работы
[2018-03-01 00:15:03Z] - INFO - Файлы отчетности не найдены в каталоге l:\PTK PSD\Post\ELO\OUT
[2018-03-01 00:30:07Z] - INFO - Автоматический режим работы
[2018-03-01 00:30:08Z] - INFO - Файлы отчетности не найдены в каталоге l:\PTK PSD\Post\ELO\OUT
[2018-03-01 00:45:09Z] - INFO - Автоматический режим работы
[2018-03-01 00:45:09Z] - INFO - Файлы отчетности не найдены в каталоге l:\PTK PSD\Post\ELO\OUT
[2018-03-01 01:00:16Z] - INFO - Автоматический режим работы
[2018-03-01 01:00:16Z] - INFO - Файлы отчетности не найдены в каталоге l:\PTK PSD\Post\ELO\OUT
[2018-03-01 01:15:04Z] - INFO - Автоматический режим работы
[2018-03-01 01:15:04Z] - INFO - Файлы отчетности не найдены в каталоге l:\PTK PSD\Post\ELO\OUT
[2018-03-01 01:30:04Z] - INFO - Автоматический режим работы
[2018-03-01 01:30:05Z] - INFO - Файлы отчетности не найдены в каталоге l:\PTK PSD\Post\ELO\OUT
[2018-03-01 01:45:03Z] - INFO - Автоматический режим работы
[2018-03-01 01:45:04Z] - INFO - Файлы отчетности не найдены в каталоге l:\PTK PSD\Post\ELO\OUT
[2018-03-01 02:00:05Z] - INFO - Автоматический режим работы
[2018-03-01 02:00:05Z] - INFO - Файлы отчетности не найдены в каталоге l:\PTK PSD\Post\ELO\OUT
[2018-03-01 02:15:05Z] - INFO - Автоматический режим работы
[2018-03-01 02:15:05Z] - INFO - Файлы отчетности не найдены в каталоге l:\PTK PSD\Post\ELO\OUT
[2018-03-01 02:30:04Z] - INFO - Автоматический режим работы
[2018-03-01 02:30:05Z] - INFO - Файлы отчетности не найдены в каталоге l:\PTK PSD\Post\ELO\OUT
[2018-03-01 02:45:06Z] - INFO - Автоматический режим работы
[2018-03-01 02:45:06Z] - INFO - Файлы отчетности не найдены в каталоге l:\PTK PSD\Post\ELO\OUT
[2018-03-01 03:00:03Z] - INFO - Автоматический режим работы
[2018-03-01 03:00:03Z] - INFO - Файлы отчетности не найдены в каталоге l:\PTK PSD\Post\ELO\OUT
[2018-03-01 03:15:04Z] - INFO - Автоматический режим работы
[2018-03-01 03:15:04Z] - INFO - Файлы отчетности не найдены в каталоге l:\PTK PSD\Post\ELO\OUT
[2018-03-01 03:30:06Z] - INFO - Автоматический режим работы
[2018-03-01 03:30:06Z] - INFO - Файлы отчетности не найдены в каталоге l:\PTK PSD\Post\ELO\OUT
[2018-03-01 03:45:07Z] - INFO - Автоматический режим работы
[2018-03-01 03:45:07Z] - INFO - Файлы отчетности не найдены в каталоге l:\PTK PSD\Post\ELO\OUT
[2018-03-01 04:00:05Z] - INFO - Автоматический режим работы
[2018-03-01 04:00:05Z] - INFO - Файлы отчетности не найдены в каталоге l:\PTK PSD\Post\ELO\OUT
[2018-03-01 04:15:05Z] - INFO - Автоматический режим работы
[2018-03-01 04:15:05Z] - INFO - Файлы отчетности не найдены в каталоге l:\PTK PSD\Post\ELO\OUT
[2018-03-01 04:30:08Z] - INFO - Автоматический режим работы
[2018-03-01 04:30:08Z] - INFO - Файлы отчетности не найдены в каталоге l:\PTK PSD\Post\ELO\OUT
[2018-03-01 04:45:03Z] - INFO - Автоматический режим работы
[2018-03-01 04:45:03Z] - INFO - Файлы отчетности не найдены в каталоге l:\PTK PSD\Post\ELO\OUT
[2018-03-01 05:00:03Z] - INFO - Автоматический режим работы
[2018-03-01 05:00:04Z] - INFO - Файлы отчетности не найдены в каталоге l:\PTK PSD\Post\ELO\OUT
[2018-03-01 05:15:04Z] - INFO - Автоматический режим работы
[2018-03-01 05:15:04Z] - INFO - Файлы отчетности не найдены в каталоге l:\PTK PSD\Post\ELO\OUT
[2018-03-01 05:30:04Z] - INFO - Автоматический режим работы
[2018-03-01 05:30:04Z] - INFO - Файлы отчетности не найдены в каталоге l:\PTK PSD\Post\ELO\OUT
[2018-03-01 05:45:03Z] - INFO - Автоматический режим работы
[2018-03-01 05:45:03Z] - INFO - Файлы отчетности не найдены в каталоге l:\PTK PSD\Post\ELO\OUT
[2018-03-01 06:00:04Z] - INFO - Автоматический режим работы
[2018-03-01 06:00:04Z] - INFO - Файлы отчетности не найдены в каталоге l:\PTK PSD\Post\ELO\OUT
[2018-03-01 06:15:03Z] - INFO - Автоматический режим работы
[2018-03-01 06:15:03Z] - INFO - Файлы отчетности не найдены в каталоге l:\PTK PSD\Post\ELO\OUT
[2018-03-01 06:30:04Z] - INFO - Автоматический режим работы
[2018-03-01 06:30:04Z] - INFO - Файлы отчетности не найдены в каталоге l:\PTK PSD\Post\ELO\OUT
[2018-03-01 06:45:03Z] - INFO - Автоматический режим работы
[2018-03-01 06:45:03Z] - INFO - Файлы отчетности не найдены в каталоге l:\PTK PSD\Post\ELO\OUT
[2018-03-01 07:00:03Z] - INFO - Автоматический режим работы
[2018-03-01 07:00:03Z] - INFO - Файлы отчетности не найдены в каталоге l:\PTK PSD\Post\ELO\OUT
[2018-03-01 07:15:04Z] - INFO - Автоматический режим работы
[2018-03-01 07:15:04Z] - INFO - Файлы отчетности не найдены в каталоге l:\PTK PSD\Post\ELO\OUT
[2018-03-01 07:30:04Z] - INFO - Автоматический режим работы
[2018-03-01 07:30:04Z] - INFO - Файлы отчетности не найдены в каталоге l:\PTK PSD\Post\ELO\OUT
[2018-03-01 07:45:03Z] - INFO - Автоматический режим работы
[2018-03-01 07:45:03Z] - INFO - Файлы отчетности не найдены в каталоге l:\PTK PSD\Post\ELO\OUT
[2018-03-01 08:00:04Z] - INFO - Автоматический режим работы
[2018-03-01 08:00:05Z] - INFO - Файлы отчетности не найдены в каталоге l:\PTK PSD\Post\ELO\OUT
[2018-03-01 08:15:04Z] - INFO - Автоматический режим работы
[2018-03-01 08:15:04Z] - INFO - Файлы отчетности не найдены в каталоге l:\PTK PSD\Post\ELO\OUT
[2018-03-01 08:30:02Z] - INFO - Автоматический режим работы
[2018-03-01 08:30:02Z] - INFO - Файлы отчетности не найдены в каталоге l:\PTK PSD\Post\ELO\OUT
[2018-03-01 08:45:00Z] - INFO - Автоматический режим работы
[2018-03-01 08:45:00Z] - INFO - Файлы отчетности не найдены в каталоге l:\PTK PSD\Post\ELO\OUT
[2018-03-01 09:00:05Z] - INFO - Автоматический режим работы
[2018-03-01 09:00:06Z] - INFO - Файлы отчетности не найдены в каталоге l:\PTK PSD\Post\ELO\OUT
[2018-03-01 09:15:02Z] - INFO - Автоматический режим работы
[2018-03-01 09:15:02Z] - INFO - Файлы отчетности не найдены в каталоге l:\PTK PSD\Post\ELO\OUT
[2018-03-01 09:30:00Z] - INFO - Автоматический режим работы
[2018-03-01 09:30:00Z] - INFO - Файлы отчетности не найдены в каталоге l:\PTK PSD\Post\ELO\OUT
[2018-03-01 09:45:00Z] - INFO - Автоматический режим работы
[2018-03-01 09:45:00Z] - INFO - Файлы отчетности не найдены в каталоге l:\PTK PSD\Post\ELO\OUT
[2018-03-01 10:00:00Z] - INFO - Автоматический режим работы
[2018-03-01 10:00:01Z] - INFO - Файлы отчетности не найдены в каталоге l:\PTK PSD\Post\ELO\OUT
[2018-03-01 10:15:01Z] - INFO - Автоматический режим работы
[2018-03-01 10:15:01Z] - INFO - Файлы отчетности не найдены в каталоге l:\PTK PSD\Post\ELO\OUT
[2018-03-01 10:30:00Z] - INFO - Автоматический режим работы
[2018-03-01 10:30:00Z] - INFO - Файлы отчетности не найдены в каталоге l:\PTK PSD\Post\ELO\OUT
[2018-03-01 10:45:00Z] - INFO - Автоматический режим работы
[2018-03-01 10:45:00Z] - INFO - Файлы отчетности не найдены в каталоге l:\PTK PSD\Post\ELO\OUT
[2018-03-01 11:00:02Z] - INFO - Автоматический режим работы
[2018-03-01 11:00:02Z] - INFO - Файлы отчетности не найдены в каталоге l:\PTK PSD\Post\ELO\OUT
[2018-03-01 11:15:02Z] - INFO - Автоматический режим работы
[2018-03-01 11:15:02Z] - INFO - Файлы отчетности не найдены в каталоге l:\PTK PSD\Post\ELO\OUT
[2018-03-01 11:30:00Z] - INFO - Автоматический режим работы
[2018-03-01 11:30:00Z] - INFO - Файлы отчетности не найдены в каталоге l:\PTK PSD\Post\ELO\OUT
[2018-03-01 11:45:00Z] - INFO - Автоматический режим работы
[2018-03-01 11:45:00Z] - INFO - Файлы отчетности не найдены в каталоге l:\PTK PSD\Post\ELO\OUT
[2018-03-01 12:00:03Z] - INFO - Автоматический режим работы
[2018-03-01 12:00:03Z] - INFO - Файлы отчетности не найдены в каталоге l:\PTK PSD\Post\ELO\OUT
[2018-03-01 12:15:02Z] - INFO - Автоматический режим работы
[2018-03-01 12:15:02Z] - INFO - Файлы отчетности не найдены в каталоге l:\PTK PSD\Post\ELO\OUT
[2018-03-01 12:30:00Z] - INFO - Автоматический режим работы
[2018-03-01 12:30:00Z] - INFO - Файлы отчетности не найдены в каталоге l:\PTK PSD\Post\ELO\OUT
[2018-03-01 12:45:00Z] - INFO - Автоматический режим работы
[2018-03-01 12:45:00Z] - INFO - Файлы отчетности не найдены в каталоге l:\PTK PSD\Post\ELO\OUT
[2018-03-01 13:00:01Z] - INFO - Автоматический режим работы
[2018-03-01 13:00:02Z] - INFO - Файлы отчетности не найдены в каталоге l:\PTK PSD\Post\ELO\OUT
[2018-03-01 13:15:03Z] - INFO - Автоматический режим работы
[2018-03-01 13:15:04Z] - INFO - Начат автоматический приём по форме 440П 01.03.2018 13:15:03
[2018-03-01 13:15:05Z] - INFO - Копируем файл AFN_MIFNS00_7106962_20180228_00004.ARJ
[2018-03-01 13:15:05Z] - INFO - Копируем файл AFN_MIFNS00_7106962_20180228_00005.ARJ
[2018-03-01 13:15:05Z] - INFO - Копируем файл AFN_MIFNS00_7106962_20180228_00006.ARJ
[2018-03-01 13:15:05Z] - INFO - Сохраняем текущею ключевую дискету
[2018-03-01 13:15:07Z] - INFO - Копирование файлов в архив \\tmn-ts-01\440p\Arhive\01032018
[2018-03-01 13:15:07Z] - INFO - Выполнение операции "Копирование файла" над целевым объектом "Элемент: C:\work\
AFN_MIFNS00_7106962_20180228_00004.ARJ Назначение: \\tmn-ts-01\440p\Arhive\0103
2018\AFN_MIFNS00_7106962_20180228_00004.ARJ".
Выполнение операции "Копирование файла" над целевым объектом "Элемент: C:\work\
AFN_MIFNS00_7106962_20180228_00005.ARJ Назначение: \\tmn-ts-01\440p\Arhive\0103
2018\AFN_MIFNS00_7106962_20180228_00005.ARJ".
Выполнение операции "Копирование файла" над целевым объектом "Элемент: C:\work\
AFN_MIFNS00_7106962_20180228_00006.ARJ Назначение: \\tmn-ts-01\440p\Arhive\0103
2018\AFN_MIFNS00_7106962_20180228_00006.ARJ".

[2018-03-01 13:15:07Z] - INFO - Снимаем подпись с arj-архивов
[2018-03-01 13:15:07Z] - INFO - Загружаем ключевую дискету C:\DISKET2017\disk\disk22
[2018-03-01 13:15:07Z] - INFO - Начинаем преобразование...
[2018-03-01 13:15:14Z] - INFO - Сравниваем до и после преобразования...
[2018-03-01 13:15:19Z] - INFO - Начинаем разархивацию...
[2018-03-01 13:15:19Z] - INFO - Разархивация файла C:\work\AFN_MIFNS00_7106962_20180228_00004.ARJ
[2018-03-01 13:15:20Z] - INFO - Разархивация файла C:\work\AFN_MIFNS00_7106962_20180228_00005.ARJ
[2018-03-01 13:15:21Z] - INFO - Разархивация файла C:\work\AFN_MIFNS00_7106962_20180228_00006.ARJ
[2018-03-01 13:15:22Z] - INFO - Расшифровываем vrb-файлы
[2018-03-01 13:15:22Z] - INFO - Загружаем ключевую дискету c:\DISKET2017\Disk\DISK21
[2018-03-01 13:15:23Z] - INFO - Начинаем преобразование...
[2018-03-01 13:15:28Z] - INFO - Сравниваем до и после преобразования...
[2018-03-01 13:15:35Z] - INFO - Переименовываем файлы в xml
[2018-03-01 13:15:35Z] - INFO - Снимаем подпись с xml-файлов
[2018-03-01 13:15:35Z] - INFO - Загружаем ключевую дискету C:\DISKET2017\disk\disk22
[2018-03-01 13:15:37Z] - INFO - Начинаем преобразование...
[2018-03-01 13:15:43Z] - INFO - Сравниваем до и после преобразования...
[2018-03-01 13:15:53Z] - INFO - Форматируем xml-файлы
[2018-03-01 13:15:54Z] - INFO - Пришли подтверждения
[2018-03-01 13:15:55Z] - INFO - Пришли успешные подтверждения - 40 шт.
Потверждения находятся в каталоге \\tmn-ts-01\440p\ack\01032018


[2018-03-01 13:16:03Z] - INFO - Пришло всего 67 сообщений
Из них:
Решения: 39
Поручения: 14
Запросы: 14

[2018-03-01 13:16:17Z] - INFO - Удаляем файл l:\PTK PSD\Post\ELO\OUT\AFN_MIFNS00_7106962_20180228_00004.ARJ
[2018-03-01 13:16:17Z] - INFO - Удаляем файл l:\PTK PSD\Post\ELO\OUT\AFN_MIFNS00_7106962_20180228_00005.ARJ
[2018-03-01 13:16:17Z] - INFO - Удаляем файл l:\PTK PSD\Post\ELO\OUT\AFN_MIFNS00_7106962_20180228_00006.ARJ
[2018-03-01 13:16:17Z] - INFO - Загружаем исходную ключевую дискету
[2018-03-01 13:16:19Z] - INFO - Конец работы скрипта!
[2018-03-01 13:30:01Z] - INFO - Автоматический режим работы
[2018-03-01 13:30:01Z] - INFO - Файлы отчетности не найдены в каталоге l:\PTK PSD\Post\ELO\OUT
[2018-03-01 13:45:00Z] - INFO - Автоматический режим работы
[2018-03-01 13:45:00Z] - INFO - Файлы отчетности не найдены в каталоге l:\PTK PSD\Post\ELO\OUT
[2018-03-01 14:00:01Z] - INFO - Автоматический режим работы
[2018-03-01 14:00:02Z] - INFO - Файлы отчетности не найдены в каталоге l:\PTK PSD\Post\ELO\OUT
[2018-03-01 14:15:00Z] - INFO - Автоматический режим работы
[2018-03-01 14:15:00Z] - INFO - Файлы отчетности не найдены в каталоге l:\PTK PSD\Post\ELO\OUT
[2018-03-01 14:30:00Z] - INFO - Автоматический режим работы
[2018-03-01 14:30:00Z] - INFO - Файлы отчетности не найдены в каталоге l:\PTK PSD\Post\ELO\OUT
[2018-03-01 14:45:00Z] - INFO - Автоматический режим работы
[2018-03-01 14:45:00Z] - INFO - Файлы отчетности не найдены в каталоге l:\PTK PSD\Post\ELO\OUT
[2018-03-01 15:00:01Z] - INFO - Автоматический режим работы
[2018-03-01 15:00:01Z] - INFO - Файлы отчетности не найдены в каталоге l:\PTK PSD\Post\ELO\OUT
[2018-03-01 15:15:00Z] - INFO - Автоматический режим работы
[2018-03-01 15:15:00Z] - INFO - Файлы отчетности не найдены в каталоге l:\PTK PSD\Post\ELO\OUT
[2018-03-01 15:30:13Z] - INFO - Автоматический режим работы
[2018-03-01 15:30:19Z] - INFO - Начат автоматический приём по форме 440П 01.03.2018 15:30:14
[2018-03-01 15:30:21Z] - INFO - Копируем файл AFN_MIFNS00_7106962_20180301_00001.ARJ
[2018-03-01 15:30:22Z] - INFO - Сохраняем текущею ключевую дискету
[2018-03-01 15:30:23Z] - INFO - Копирование файлов в архив \\tmn-ts-01\440p\Arhive\01032018
[2018-03-01 15:30:23Z] - INFO - Выполнение операции "Копирование файла" над целевым объектом "Элемент: C:\work\
AFN_MIFNS00_7106962_20180301_00001.ARJ Назначение: \\tmn-ts-01\440p\Arhive\0103
2018\AFN_MIFNS00_7106962_20180301_00001.ARJ".

[2018-03-01 15:30:23Z] - INFO - Снимаем подпись с arj-архивов
[2018-03-01 15:30:23Z] - INFO - Загружаем ключевую дискету C:\DISKET2017\disk\disk22
[2018-03-01 15:30:23Z] - INFO - Начинаем преобразование...
[2018-03-01 15:30:34Z] - INFO - Сравниваем до и после преобразования...
[2018-03-01 15:30:39Z] - INFO - Начинаем разархивацию...
[2018-03-01 15:30:39Z] - INFO - Разархивация файла C:\work\AFN_MIFNS00_7106962_20180301_00001.ARJ
[2018-03-01 15:30:40Z] - INFO - Расшифровываем vrb-файлы
[2018-03-01 15:30:40Z] - INFO - Загружаем ключевую дискету c:\DISKET2017\Disk\DISK21
[2018-03-01 15:30:42Z] - INFO - Начинаем преобразование...
[2018-03-01 15:30:47Z] - INFO - Сравниваем до и после преобразования...
[2018-03-01 15:30:52Z] - INFO - Переименовываем файлы в xml
[2018-03-01 15:30:52Z] - INFO - Снимаем подпись с xml-файлов
[2018-03-01 15:30:52Z] - INFO - Загружаем ключевую дискету C:\DISKET2017\disk\disk22
[2018-03-01 15:30:53Z] - INFO - Начинаем преобразование...
[2018-03-01 15:30:58Z] - INFO - Сравниваем до и после преобразования...
[2018-03-01 15:31:03Z] - INFO - Форматируем xml-файлы
[2018-03-01 15:31:04Z] - INFO - Пришло всего 5 сообщений
Из них:
Решения: 1
Поручения: 4

[2018-03-01 15:31:05Z] - INFO - Удаляем файл l:\PTK PSD\Post\ELO\OUT\AFN_MIFNS00_7106962_20180301_00001.ARJ
[2018-03-01 15:31:05Z] - INFO - Загружаем исходную ключевую дискету
[2018-03-01 15:31:07Z] - INFO - Конец работы скрипта!
[2018-03-01 15:45:00Z] - INFO - Автоматический режим работы
[2018-03-01 15:45:00Z] - INFO - Файлы отчетности не найдены в каталоге l:\PTK PSD\Post\ELO\OUT
[2018-03-01 15:46:18Z] - INFO - Обработка отчетности - 440out
[2018-03-01 15:46:19Z] - WARN - Автоматическое копирование в папку c:\work произведено не было!
[2018-03-01 15:46:19Z] - INFO - Сохраняем текущею ключевую дискету
[2018-03-01 15:46:22Z] - INFO - Выполнение операции "Копирование файла" над целевым объектом "Элемент: C:\work\BNP1_PNO17106962_720520180226_000275_201
80301_0002.xml Назначение: \\tmn-ts-01\440p\Arhive\01032018\BNP1_PNO17106962_720520180226_000275_20180301_0002.xml".
Выполнение операции "Копирование файла" над целевым объектом "Элемент: C:\work\BNP1_PNO17106962_720520180226_000276_201
80301_0002.xml Назначение: \\tmn-ts-01\440p\Arhive\01032018\BNP1_PNO17106962_720520180226_000276_20180301_0002.xml".
Выполнение операции "Копирование файла" над целевым объектом "Элемент: C:\work\BNP1_PNO17106962_720520180226_000277_201
80301_0002.xml Назначение: \\tmn-ts-01\440p\Arhive\01032018\BNP1_PNO17106962_720520180226_000277_20180301_0002.xml".
Выполнение операции "Копирование файла" над целевым объектом "Элемент: C:\work\BNP1_PNO17106962_720520180226_000278_201
80301_0002.xml Назначение: \\tmn-ts-01\440p\Arhive\01032018\BNP1_PNO17106962_720520180226_000278_20180301_0002.xml".
Выполнение операции "Копирование файла" над целевым объектом "Элемент: C:\work\BNP1_PNO17106962_720520180226_000336_201
80301_0002.xml Назначение: \\tmn-ts-01\440p\Arhive\01032018\BNP1_PNO17106962_720520180226_000336_20180301_0002.xml".
Выполнение операции "Копирование файла" над целевым объектом "Элемент: C:\work\BNP1_PNO17106962_720520180226_000337_201
80301_0002.xml Назначение: \\tmn-ts-01\440p\Arhive\01032018\BNP1_PNO17106962_720520180226_000337_20180301_0002.xml".
Выполнение операции "Копирование файла" над целевым объектом "Элемент: C:\work\BNP1_PNO17106962_720520180226_000338_201
80301_0002.xml Назначение: \\tmn-ts-01\440p\Arhive\01032018\BNP1_PNO17106962_720520180226_000338_20180301_0002.xml".
Выполнение операции "Копирование файла" над целевым объектом "Элемент: C:\work\BNP1_PNO17106962_720520180226_000339_201
80301_0002.xml Назначение: \\tmn-ts-01\440p\Arhive\01032018\BNP1_PNO17106962_720520180226_000339_20180301_0002.xml".
Выполнение операции "Копирование файла" над целевым объектом "Элемент: C:\work\BNP1_PNO17106962_720520180226_000340_201
80301_0002.xml Назначение: \\tmn-ts-01\440p\Arhive\01032018\BNP1_PNO17106962_720520180226_000340_20180301_0002.xml".
Выполнение операции "Копирование файла" над целевым объектом "Элемент: C:\work\BNP1_PNO17106962_720520180226_000341_201
80301_0002.xml Назначение: \\tmn-ts-01\440p\Arhive\01032018\BNP1_PNO17106962_720520180226_000341_20180301_0002.xml".
Выполнение операции "Копирование файла" над целевым объектом "Элемент: C:\work\BNP1_PNO17106962_720520180226_000400_201
80301_0002.xml Назначение: \\tmn-ts-01\440p\Arhive\01032018\BNP1_PNO17106962_720520180226_000400_20180301_0002.xml".
Выполнение операции "Копирование файла" над целевым объектом "Элемент: C:\work\BNP1_PNO17106962_720520180226_000401_201
80301_0002.xml Назначение: \\tmn-ts-01\440p\Arhive\01032018\BNP1_PNO17106962_720520180226_000401_20180301_0002.xml".
Выполнение операции "Копирование файла" над целевым объектом "Элемент: C:\work\BNP1_PNO17106962_720520180226_000402_201
80301_0002.xml Назначение: \\tmn-ts-01\440p\Arhive\01032018\BNP1_PNO17106962_720520180226_000402_20180301_0002.xml".
Выполнение операции "Копирование файла" над целевым объектом "Элемент: C:\work\BNP1_PNO17106962_720520180226_000403_201
80301_0002.xml Назначение: \\tmn-ts-01\440p\Arhive\01032018\BNP1_PNO17106962_720520180226_000403_20180301_0002.xml".
Выполнение операции "Копирование файла" над целевым объектом "Элемент: C:\work\BNP1_PNO17106962_720520180226_000404_201
80301_0002.xml Назначение: \\tmn-ts-01\440p\Arhive\01032018\BNP1_PNO17106962_720520180226_000404_20180301_0002.xml".
Выполнение операции "Копирование файла" над целевым объектом "Элемент: C:\work\BNP1_PNO17106962_720520180226_000443_201
80301_0002.xml Назначение: \\tmn-ts-01\440p\Arhive\01032018\BNP1_PNO17106962_720520180226_000443_20180301_0002.xml".
Выполнение операции "Копирование файла" над целевым объектом "Элемент: C:\work\BNP1_PNO17106962_720520180226_000444_201
80301_0002.xml Назначение: \\tmn-ts-01\440p\Arhive\01032018\BNP1_PNO17106962_720520180226_000444_20180301_0002.xml".
Выполнение операции "Копирование файла" над целевым объектом "Элемент: C:\work\BNP1_PNO17106962_720520180226_000445_201
80301_0002.xml Назначение: \\tmn-ts-01\440p\Arhive\01032018\BNP1_PNO17106962_720520180226_000445_20180301_0002.xml".
Выполнение операции "Копирование файла" над целевым объектом "Элемент: C:\work\BNP1_PNO17106962_720520180226_000446_201
80301_0002.xml Назначение: \\tmn-ts-01\440p\Arhive\01032018\BNP1_PNO17106962_720520180226_000446_20180301_0002.xml".
Выполнение операции "Копирование файла" над целевым объектом "Элемент: C:\work\BNP1_PNO17106962_720520180226_000447_201
80301_0002.xml Назначение: \\tmn-ts-01\440p\Arhive\01032018\BNP1_PNO17106962_720520180226_000447_20180301_0002.xml".
Выполнение операции "Копирование файла" над целевым объектом "Элемент: C:\work\BNP1_PNO17106962_720520180226_000448_201
80301_0002.xml Назначение: \\tmn-ts-01\440p\Arhive\01032018\BNP1_PNO17106962_720520180226_000448_20180301_0002.xml".
Выполнение операции "Копирование файла" над целевым объектом "Элемент: C:\work\BNP1_PNO17106962_720520180226_000460_201
80301_0002.xml Назначение: \\tmn-ts-01\440p\Arhive\01032018\BNP1_PNO17106962_720520180226_000460_20180301_0002.xml".
Выполнение операции "Копирование файла" над целевым объектом "Элемент: C:\work\BNP1_PNO17106962_720520180226_000461_201
80301_0002.xml Назначение: \\tmn-ts-01\440p\Arhive\01032018\BNP1_PNO17106962_720520180226_000461_20180301_0002.xml".
Выполнение операции "Копирование файла" над целевым объектом "Элемент: C:\work\BNP1_PNO17106962_720520180226_000462_201
80301_0002.xml Назначение: \\tmn-ts-01\440p\Arhive\01032018\BNP1_PNO17106962_720520180226_000462_20180301_0002.xml".
Выполнение операции "Копирование файла" над целевым объектом "Элемент: C:\work\BNP1_PNO17106962_720520180226_000463_201
80301_0002.xml Назначение: \\tmn-ts-01\440p\Arhive\01032018\BNP1_PNO17106962_720520180226_000463_20180301_0002.xml".
Выполнение операции "Копирование файла" над целевым объектом "Элемент: C:\work\BNP1_PNO17106962_720520180226_000464_201
80301_0002.xml Назначение: \\tmn-ts-01\440p\Arhive\01032018\BNP1_PNO17106962_720520180226_000464_20180301_0002.xml".
Выполнение операции "Копирование файла" над целевым объектом "Элемент: C:\work\BNP1_PNO17106962_720520180226_000465_201
80301_0002.xml Назначение: \\tmn-ts-01\440p\Arhive\01032018\BNP1_PNO17106962_720520180226_000465_20180301_0002.xml".
Выполнение операции "Копирование файла" над целевым объектом "Элемент: C:\work\BNP1_PNO17106962_720520180227_000011_201
80301_0002.xml Назначение: \\tmn-ts-01\440p\Arhive\01032018\BNP1_PNO17106962_720520180227_000011_20180301_0002.xml".
Выполнение операции "Копирование файла" над целевым объектом "Элемент: C:\work\BNP1_PNO17106962_720520180227_000012_201
80301_0002.xml Назначение: \\tmn-ts-01\440p\Arhive\01032018\BNP1_PNO17106962_720520180227_000012_20180301_0002.xml".
Выполнение операции "Копирование файла" над целевым объектом "Элемент: C:\work\BNP1_PNO17106962_720520180227_000013_201
80301_0002.xml Назначение: \\tmn-ts-01\440p\Arhive\01032018\BNP1_PNO17106962_720520180227_000013_20180301_0002.xml".
Выполнение операции "Копирование файла" над целевым объектом "Элемент: C:\work\BNP1_PNO17106962_720520180227_000014_201
80301_0002.xml Назначение: \\tmn-ts-01\440p\Arhive\01032018\BNP1_PNO17106962_720520180227_000014_20180301_0002.xml".
Выполнение операции "Копирование файла" над целевым объектом "Элемент: C:\work\BNP1_PNO17106962_720520180227_000015_201
80301_0002.xml Назначение: \\tmn-ts-01\440p\Arhive\01032018\BNP1_PNO17106962_720520180227_000015_20180301_0002.xml".
Выполнение операции "Копирование файла" над целевым объектом "Элемент: C:\work\BNP1_PNO17106962_723020180228_003903_201
80301_0002.xml Назначение: \\tmn-ts-01\440p\Arhive\01032018\BNP1_PNO17106962_723020180228_003903_20180301_0002.xml".
Выполнение операции "Копирование файла" над целевым объектом "Элемент: C:\work\BNP1_PNO17106962_723020180228_003904_201
80301_0002.xml Назначение: \\tmn-ts-01\440p\Arhive\01032018\BNP1_PNO17106962_723020180228_003904_20180301_0002.xml".
Выполнение операции "Копирование файла" над целевым объектом "Элемент: C:\work\BNP1_PNO17106962_723020180228_003905_201
80301_0002.xml Назначение: \\tmn-ts-01\440p\Arhive\01032018\BNP1_PNO17106962_723020180228_003905_20180301_0002.xml".
Выполнение операции "Копирование файла" над целевым объектом "Элемент: C:\work\BNP1_PNO17106962_723020180228_003906_201
80301_0002.xml Назначение: \\tmn-ts-01\440p\Arhive\01032018\BNP1_PNO17106962_723020180228_003906_20180301_0002.xml".
Выполнение операции "Копирование файла" над целевым объектом "Элемент: C:\work\BNP1_PNO17106962_723020180228_003907_201
80301_0002.xml Назначение: \\tmn-ts-01\440p\Arhive\01032018\BNP1_PNO17106962_723020180228_003907_20180301_0002.xml".
Выполнение операции "Копирование файла" над целевым объектом "Элемент: C:\work\BNP1_PNO17106962_723020180228_003908_201
80301_0002.xml Назначение: \\tmn-ts-01\440p\Arhive\01032018\BNP1_PNO17106962_723020180228_003908_20180301_0002.xml".
Выполнение операции "Копирование файла" над целевым объектом "Элемент: C:\work\BNP1_PNO17106962_723020180228_004733_201
80301_0002.xml Назначение: \\tmn-ts-01\440p\Arhive\01032018\BNP1_PNO17106962_723020180228_004733_20180301_0002.xml".
Выполнение операции "Копирование файла" над целевым объектом "Элемент: C:\work\BNP1_PNO17106962_723020180228_004734_201
80301_0002.xml Назначение: \\tmn-ts-01\440p\Arhive\01032018\BNP1_PNO17106962_723020180228_004734_20180301_0002.xml".
Выполнение операции "Копирование файла" над целевым объектом "Элемент: C:\work\BNP1_PNO17106962_860320180221_001305_201
80301_0002.xml Назначение: \\tmn-ts-01\440p\Arhive\01032018\BNP1_PNO17106962_860320180221_001305_20180301_0002.xml".
Выполнение операции "Копирование файла" над целевым объектом "Элемент: C:\work\BNP1_PNO17106962_860320180221_001306_201
80301_0002.xml Назначение: \\tmn-ts-01\440p\Arhive\01032018\BNP1_PNO17106962_860320180221_001306_20180301_0002.xml".
Выполнение операции "Копирование файла" над целевым объектом "Элемент: C:\work\BNP1_PNO17106962_860320180221_001307_201
80301_0002.xml Назначение: \\tmn-ts-01\440p\Arhive\01032018\BNP1_PNO17106962_860320180221_001307_20180301_0002.xml".
Выполнение операции "Копирование файла" над целевым объектом "Элемент: C:\work\BNP1_PNO17106962_860320180221_001308_201
80301_0002.xml Назначение: \\tmn-ts-01\440p\Arhive\01032018\BNP1_PNO17106962_860320180221_001308_20180301_0002.xml".
Выполнение операции "Копирование файла" над целевым объектом "Элемент: C:\work\BNP1_PNO17106962_860320180221_001505_201
80301_0002.xml Назначение: \\tmn-ts-01\440p\Arhive\01032018\BNP1_PNO17106962_860320180221_001505_20180301_0002.xml".
Выполнение операции "Копирование файла" над целевым объектом "Элемент: C:\work\BNP1_PNO17106962_860320180221_001508_201
80301_0002.xml Назначение: \\tmn-ts-01\440p\Arhive\01032018\BNP1_PNO17106962_860320180221_001508_20180301_0002.xml".
Выполнение операции "Копирование файла" над целевым объектом "Элемент: C:\work\BNP1_PNO17106962_860320180221_006910_201
80301_0002.xml Назначение: \\tmn-ts-01\440p\Arhive\01032018\BNP1_PNO17106962_860320180221_006910_20180301_0002.xml".
Выполнение операции "Копирование файла" над целевым объектом "Элемент: C:\work\BNP1_PNO17106962_860320180221_006911_201
80301_0002.xml Назначение: \\tmn-ts-01\440p\Arhive\01032018\BNP1_PNO17106962_860320180221_006911_20180301_0002.xml".
Выполнение операции "Копирование файла" над целевым объектом "Элемент: C:\work\BNP1_PNO17106962_860320180221_006912_201
80301_0002.xml Назначение: \\tmn-ts-01\440p\Arhive\01032018\BNP1_PNO17106962_860320180221_006912_20180301_0002.xml".
Выполнение операции "Копирование файла" над целевым объектом "Элемент: C:\work\BNP1_PNO17106962_860320180221_006913_201
80301_0002.xml Назначение: \\tmn-ts-01\440p\Arhive\01032018\BNP1_PNO17106962_860320180221_006913_20180301_0002.xml".
Выполнение операции "Копирование файла" над целевым объектом "Элемент: C:\work\BNP1_PNO17106962_860320180221_006914_201
80301_0002.xml Назначение: \\tmn-ts-01\440p\Arhive\01032018\BNP1_PNO17106962_860320180221_006914_20180301_0002.xml".
Выполнение операции "Копирование файла" над целевым объектом "Элемент: C:\work\BNP1_PNO17106962_860320180221_006915_201
80301_0002.xml Назначение: \\tmn-ts-01\440p\Arhive\01032018\BNP1_PNO17106962_860320180221_006915_20180301_0002.xml".
Выполнение операции "Копирование файла" над целевым объектом "Элемент: C:\work\BNP1_PNO17106962_860320180221_011185_201
80301_0002.xml Назначение: \\tmn-ts-01\440p\Arhive\01032018\BNP1_PNO17106962_860320180221_011185_20180301_0002.xml".
Выполнение операции "Копирование файла" над целевым объектом "Элемент: C:\work\BNP1_PNO17106962_860320180221_011186_201
80301_0002.xml Назначение: \\tmn-ts-01\440p\Arhive\01032018\BNP1_PNO17106962_860320180221_011186_20180301_0002.xml".
Выполнение операции "Копирование файла" над целевым объектом "Элемент: C:\work\BNP1_PNO17106962_860320180221_011187_201
80301_0002.xml Назначение: \\tmn-ts-01\440p\Arhive\01032018\BNP1_PNO17106962_860320180221_011187_20180301_0002.xml".
Выполнение операции "Копирование файла" над целевым объектом "Элемент: C:\work\BNP1_PNO17106962_860320180221_011188_201
80301_0002.xml Назначение: \\tmn-ts-01\440p\Arhive\01032018\BNP1_PNO17106962_860320180221_011188_20180301_0002.xml".
Выполнение операции "Копирование файла" над целевым объектом "Элемент: C:\work\BNP1_PNO17106962_860320180221_011189_201
80301_0002.xml Назначение: \\tmn-ts-01\440p\Arhive\01032018\BNP1_PNO17106962_860320180221_011189_20180301_0002.xml".
Выполнение операции "Копирование файла" над целевым объектом "Элемент: C:\work\BNP1_PNO17106962_860320180221_011190_201
80301_0002.xml Назначение: \\tmn-ts-01\440p\Arhive\01032018\BNP1_PNO17106962_860320180221_011190_20180301_0002.xml".
Выполнение операции "Копирование файла" над целевым объектом "Элемент: C:\work\BNP1_PNO17106962_860320180221_011191_201
80301_0002.xml Назначение: \\tmn-ts-01\440p\Arhive\01032018\BNP1_PNO17106962_860320180221_011191_20180301_0002.xml".
Выполнение операции "Копирование файла" над целевым объектом "Элемент: C:\work\BNP1_PNO17106962_860320180221_011192_201
80301_0002.xml Назначение: \\tmn-ts-01\440p\Arhive\01032018\BNP1_PNO17106962_860320180221_011192_20180301_0002.xml".
Выполнение операции "Копирование файла" над целевым объектом "Элемент: C:\work\BNP1_PNO17106962_860320180221_011193_201
80301_0002.xml Назначение: \\tmn-ts-01\440p\Arhive\01032018\BNP1_PNO17106962_860320180221_011193_20180301_0002.xml".
Выполнение операции "Копирование файла" над целевым объектом "Элемент: C:\work\BNS1_ZSN17106962_890120180228_000117_201
80301_0002.xml Назначение: \\tmn-ts-01\440p\Arhive\01032018\BNS1_ZSN17106962_890120180228_000117_20180301_0002.xml".
Выполнение операции "Копирование файла" над целевым объектом "Элемент: C:\work\BNS1_ZSN17106962_890120180228_000189_201
80301_0002.xml Назначение: \\tmn-ts-01\440p\Arhive\01032018\BNS1_ZSN17106962_890120180228_000189_20180301_0002.xml".
Выполнение операции "Копирование файла" над целевым объектом "Элемент: C:\work\BNS1_ZSN17106962_890120180228_000285_201
80301_0002.xml Назначение: \\tmn-ts-01\440p\Arhive\01032018\BNS1_ZSN17106962_890120180228_000285_20180301_0002.xml".
Выполнение операции "Копирование файла" над целевым объектом "Элемент: C:\work\BNS1_ZSN17106962_890120180228_000432_201
80301_0002.xml Назначение: \\tmn-ts-01\440p\Arhive\01032018\BNS1_ZSN17106962_890120180228_000432_20180301_0002.xml".
Выполнение операции "Копирование файла" над целевым объектом "Элемент: C:\work\BNS1_ZSN17106962_890120180228_000594_201
80301_0002.xml Назначение: \\tmn-ts-01\440p\Arhive\01032018\BNS1_ZSN17106962_890120180228_000594_20180301_0002.xml".
Выполнение операции "Копирование файла" над целевым объектом "Элемент: C:\work\BNS1_ZSN17106962_890120180228_000746_201
80301_0002.xml Назначение: \\tmn-ts-01\440p\Arhive\01032018\BNS1_ZSN17106962_890120180228_000746_20180301_0002.xml".
Выполнение операции "Копирование файла" над целевым объектом "Элемент: C:\work\BNS1_ZSN17106962_890120180228_000797_201
80301_0002.xml Назначение: \\tmn-ts-01\440p\Arhive\01032018\BNS1_ZSN17106962_890120180228_000797_20180301_0002.xml".
Выполнение операции "Копирование файла" над целевым объектом "Элемент: C:\work\BNS1_ZSN17106962_890120180228_000851_201
80301_0002.xml Назначение: \\tmn-ts-01\440p\Arhive\01032018\BNS1_ZSN17106962_890120180228_000851_20180301_0002.xml".
Выполнение операции "Копирование файла" над целевым объектом "Элемент: C:\work\BNS1_ZSN17106962_890120180228_000908_201
80301_0002.xml Назначение: \\tmn-ts-01\440p\Arhive\01032018\BNS1_ZSN17106962_890120180228_000908_20180301_0002.xml".
Выполнение операции "Копирование файла" над целевым объектом "Элемент: C:\work\BNS1_ZSN17106962_890120180228_000944_201
80301_0002.xml Назначение: \\tmn-ts-01\440p\Arhive\01032018\BNS1_ZSN17106962_890120180228_000944_20180301_0002.xml".
Выполнение операции "Копирование файла" над целевым объектом "Элемент: C:\work\BOS1_RPO17106962_723020180228_003217_201
80301_0002.xml Назначение: \\tmn-ts-01\440p\Arhive\01032018\BOS1_RPO17106962_723020180228_003217_20180301_0002.xml".
Выполнение операции "Копирование файла" над целевым объектом "Элемент: C:\work\BOS1_RPO17106962_723020180228_003399_201
80301_0002.xml Назначение: \\tmn-ts-01\440p\Arhive\01032018\BOS1_RPO17106962_723020180228_003399_20180301_0002.xml".
Выполнение операции "Копирование файла" над целевым объектом "Элемент: C:\work\BOS1_ZSO17106962_890120180228_000118_201
80301_0002.xml Назначение: \\tmn-ts-01\440p\Arhive\01032018\BOS1_ZSO17106962_890120180228_000118_20180301_0002.xml".
Выполнение операции "Копирование файла" над целевым объектом "Элемент: C:\work\BOS1_ZSO17106962_890120180228_000190_201
80301_0002.xml Назначение: \\tmn-ts-01\440p\Arhive\01032018\BOS1_ZSO17106962_890120180228_000190_20180301_0002.xml".
Выполнение операции "Копирование файла" над целевым объектом "Элемент: C:\work\BOS1_ZSO17106962_890120180228_000286_201
80301_0002.xml Назначение: \\tmn-ts-01\440p\Arhive\01032018\BOS1_ZSO17106962_890120180228_000286_20180301_0002.xml".
Выполнение операции "Копирование файла" над целевым объектом "Элемент: C:\work\BOS1_ZSO17106962_890120180228_000433_201
80301_0002.xml Назначение: \\tmn-ts-01\440p\Arhive\01032018\BOS1_ZSO17106962_890120180228_000433_20180301_0002.xml".
Выполнение операции "Копирование файла" над целевым объектом "Элемент: C:\work\BOS1_ZSO17106962_890120180228_000595_201
80301_0002.xml Назначение: \\tmn-ts-01\440p\Arhive\01032018\BOS1_ZSO17106962_890120180228_000595_20180301_0002.xml".
Выполнение операции "Копирование файла" над целевым объектом "Элемент: C:\work\BOS1_ZSO17106962_890120180228_000747_201
80301_0002.xml Назначение: \\tmn-ts-01\440p\Arhive\01032018\BOS1_ZSO17106962_890120180228_000747_20180301_0002.xml".
Выполнение операции "Копирование файла" над целевым объектом "Элемент: C:\work\BOS1_ZSO17106962_890120180228_000798_201
80301_0002.xml Назначение: \\tmn-ts-01\440p\Arhive\01032018\BOS1_ZSO17106962_890120180228_000798_20180301_0002.xml".
Выполнение операции "Копирование файла" над целевым объектом "Элемент: C:\work\BOS1_ZSO17106962_890120180228_000852_201
80301_0002.xml Назначение: \\tmn-ts-01\440p\Arhive\01032018\BOS1_ZSO17106962_890120180228_000852_20180301_0002.xml".
Выполнение операции "Копирование файла" над целевым объектом "Элемент: C:\work\BOS1_ZSO17106962_890120180228_000909_201
80301_0002.xml Назначение: \\tmn-ts-01\440p\Arhive\01032018\BOS1_ZSO17106962_890120180228_000909_20180301_0002.xml".
Выполнение операции "Копирование файла" над целевым объектом "Элемент: C:\work\BOS1_ZSO17106962_890120180228_000945_201
80301_0002.xml Назначение: \\tmn-ts-01\440p\Arhive\01032018\BOS1_ZSO17106962_890120180228_000945_20180301_0002.xml".
Выполнение операции "Копирование файла" над целевым объектом "Элемент: C:\work\BVD1_ZSV17106962_722420180228_000080_201
80301_0002_000001_000001.XML Назначение: \\tmn-ts-01\440p\Arhive\01032018\BVD1_ZSV17106962_722420180228_000080_20180301
_0002_000001_000001.XML".
Выполнение операции "Копирование файла" над целевым объектом "Элемент: C:\work\BVD1_ZSV17106962_890420180228_000819_201
80301_0002_000001_000001.XML Назначение: \\tmn-ts-01\440p\Arhive\01032018\BVD1_ZSV17106962_890420180228_000819_20180301
_0002_000001_000001.XML".
Выполнение операции "Копирование файла" над целевым объектом "Элемент: C:\work\BVD1_ZSV17106962_890420180228_001266_201
80301_0002_000001_000001.XML Назначение: \\tmn-ts-01\440p\Arhive\01032018\BVD1_ZSV17106962_890420180228_001266_20180301
_0002_000001_000001.XML".
Выполнение операции "Копирование файла" над целевым объектом "Элемент: C:\work\BVD1_ZSV17106962_890420180228_001806_201
80301_0002_000001_000001.XML Назначение: \\tmn-ts-01\440p\Arhive\01032018\BVD1_ZSV17106962_890420180228_001806_20180301
_0002_000001_000001.XML".
Выполнение операции "Копирование файла" над целевым объектом "Элемент: C:\work\BVD1_ZSV17106962_890420180228_001868_201
80301_0002_000001_000001.XML Назначение: \\tmn-ts-01\440p\Arhive\01032018\BVD1_ZSV17106962_890420180228_001868_20180301
_0002_000001_000001.XML".
Выполнение операции "Копирование файла" над целевым объектом "Элемент: C:\work\BVS1_ZSV17106962_722420180228_000080_201
80301_0002.xml Назначение: \\tmn-ts-01\440p\Arhive\01032018\BVS1_ZSV17106962_722420180228_000080_20180301_0002.xml".
Выполнение операции "Копирование файла" над целевым объектом "Элемент: C:\work\BVS1_ZSV17106962_890420180228_000819_201
80301_0002.xml Назначение: \\tmn-ts-01\440p\Arhive\01032018\BVS1_ZSV17106962_890420180228_000819_20180301_0002.xml".
Выполнение операции "Копирование файла" над целевым объектом "Элемент: C:\work\BVS1_ZSV17106962_890420180228_001266_201
80301_0002.xml Назначение: \\tmn-ts-01\440p\Arhive\01032018\BVS1_ZSV17106962_890420180228_001266_20180301_0002.xml".
Выполнение операции "Копирование файла" над целевым объектом "Элемент: C:\work\BVS1_ZSV17106962_890420180228_001806_201
80301_0002.xml Назначение: \\tmn-ts-01\440p\Arhive\01032018\BVS1_ZSV17106962_890420180228_001806_20180301_0002.xml".
Выполнение операции "Копирование файла" над целевым объектом "Элемент: C:\work\BVS1_ZSV17106962_890420180228_001868_201
80301_0002.xml Назначение: \\tmn-ts-01\440p\Arhive\01032018\BVS1_ZSV17106962_890420180228_001868_20180301_0002.xml".
Выполнение операции "Копирование файла" над целевым объектом "Элемент: C:\work\PB1_APZ17106962_720520180228_000070.xml 
Назначение: \\tmn-ts-01\440p\Arhive\01032018\PB1_APZ17106962_720520180228_000070.xml".
Выполнение операции "Копирование файла" над целевым объектом "Элемент: C:\work\PB1_APZ17106962_720520180228_000071.xml 
Назначение: \\tmn-ts-01\440p\Arhive\01032018\PB1_APZ17106962_720520180228_000071.xml".
Выполнение операции "Копирование файла" над целевым объектом "Элемент: C:\work\PB1_APZ17106962_720520180228_000072.xml 
Назначение: \\tmn-ts-01\440p\Arhive\01032018\PB1_APZ17106962_720520180228_000072.xml".
Выполнение операции "Копирование файла" над целевым объектом "Элемент: C:\work\PB1_APZ17106962_720520180228_000073.xml 
Назначение: \\tmn-ts-01\440p\Arhive\01032018\PB1_APZ17106962_720520180228_000073.xml".
Выполнение операции "Копирование файла" над целевым объектом "Элемент: C:\work\PB1_APZ17106962_720520180228_000074.xml 
Назначение: \\tmn-ts-01\440p\Arhive\01032018\PB1_APZ17106962_720520180228_000074.xml".
Выполнение операции "Копирование файла" над целевым объектом "Элемент: C:\work\PB1_APZ17106962_720520180228_000075.xml 
Назначение: \\tmn-ts-01\440p\Arhive\01032018\PB1_APZ17106962_720520180228_000075.xml".
Выполнение операции "Копирование файла" над целевым объектом "Элемент: C:\work\PB1_APZ17106962_720520180228_000076.xml 
Назначение: \\tmn-ts-01\440p\Arhive\01032018\PB1_APZ17106962_720520180228_000076.xml".
Выполнение операции "Копирование файла" над целевым объектом "Элемент: C:\work\PB1_APZ17106962_720520180228_000077.xml 
Назначение: \\tmn-ts-01\440p\Arhive\01032018\PB1_APZ17106962_720520180228_000077.xml".
Выполнение операции "Копирование файла" над целевым объектом "Элемент: C:\work\PB1_APZ17106962_720520180228_000078.xml 
Назначение: \\tmn-ts-01\440p\Arhive\01032018\PB1_APZ17106962_720520180228_000078.xml".
Выполнение операции "Копирование файла" над целевым объектом "Элемент: C:\work\PB1_APZ17106962_720520180228_000079.xml 
Назначение: \\tmn-ts-01\440p\Arhive\01032018\PB1_APZ17106962_720520180228_000079.xml".
Выполнение операции "Копирование файла" над целевым объектом "Элемент: C:\work\PB1_APZ17106962_723020180228_000059.xml 
Назначение: \\tmn-ts-01\440p\Arhive\01032018\PB1_APZ17106962_723020180228_000059.xml".
Выполнение операции "Копирование файла" над целевым объектом "Элемент: C:\work\PB1_APZ17106962_723020180228_000060.xml 
Назначение: \\tmn-ts-01\440p\Arhive\01032018\PB1_APZ17106962_723020180228_000060.xml".
Выполнение операции "Копирование файла" над целевым объектом "Элемент: C:\work\PB1_APZ17106962_723020180228_000370.xml 
Назначение: \\tmn-ts-01\440p\Arhive\01032018\PB1_APZ17106962_723020180228_000370.xml".
Выполнение операции "Копирование файла" над целевым объектом "Элемент: C:\work\PB1_APZ17106962_890420180228_000020.xml 
Назначение: \\tmn-ts-01\440p\Arhive\01032018\PB1_APZ17106962_890420180228_000020.xml".
Выполнение операции "Копирование файла" над целевым объектом "Элемент: C:\work\PB1_PNO17106962_723020180228_003474.xml 
Назначение: \\tmn-ts-01\440p\Arhive\01032018\PB1_PNO17106962_723020180228_003474.xml".
Выполнение операции "Копирование файла" над целевым объектом "Элемент: C:\work\PB1_PNO17106962_723020180228_003475.xml 
Назначение: \\tmn-ts-01\440p\Arhive\01032018\PB1_PNO17106962_723020180228_003475.xml".
Выполнение операции "Копирование файла" над целевым объектом "Элемент: C:\work\PB1_PNO17106962_723020180228_003476.xml 
Назначение: \\tmn-ts-01\440p\Arhive\01032018\PB1_PNO17106962_723020180228_003476.xml".
Выполнение операции "Копирование файла" над целевым объектом "Элемент: C:\work\PB1_PNO17106962_723020180228_003477.xml 
Назначение: \\tmn-ts-01\440p\Arhive\01032018\PB1_PNO17106962_723020180228_003477.xml".
Выполнение операции "Копирование файла" над целевым объектом "Элемент: C:\work\PB1_PNO17106962_723020180228_003478.xml 
Назначение: \\tmn-ts-01\440p\Arhive\01032018\PB1_PNO17106962_723020180228_003478.xml".
Выполнение операции "Копирование файла" над целевым объектом "Элемент: C:\work\PB1_PNO17106962_723020180228_003479.xml 
Назначение: \\tmn-ts-01\440p\Arhive\01032018\PB1_PNO17106962_723020180228_003479.xml".
Выполнение операции "Копирование файла" над целевым объектом "Элемент: C:\work\PB1_PNO17106962_723020180228_003903.xml 
Назначение: \\tmn-ts-01\440p\Arhive\01032018\PB1_PNO17106962_723020180228_003903.xml".
Выполнение операции "Копирование файла" над целевым объектом "Элемент: C:\work\PB1_PNO17106962_723020180228_003904.xml 
Назначение: \\tmn-ts-01\440p\Arhive\01032018\PB1_PNO17106962_723020180228_003904.xml".
Выполнение операции "Копирование файла" над целевым объектом "Элемент: C:\work\PB1_PNO17106962_723020180228_003905.xml 
Назначение: \\tmn-ts-01\440p\Arhive\01032018\PB1_PNO17106962_723020180228_003905.xml".
Выполнение операции "Копирование файла" над целевым объектом "Элемент: C:\work\PB1_PNO17106962_723020180228_003906.xml 
Назначение: \\tmn-ts-01\440p\Arhive\01032018\PB1_PNO17106962_723020180228_003906.xml".
Выполнение операции "Копирование файла" над целевым объектом "Элемент: C:\work\PB1_PNO17106962_723020180228_003907.xml 
Назначение: \\tmn-ts-01\440p\Arhive\01032018\PB1_PNO17106962_723020180228_003907.xml".
Выполнение операции "Копирование файла" над целевым объектом "Элемент: C:\work\PB1_PNO17106962_723020180228_003908.xml 
Назначение: \\tmn-ts-01\440p\Arhive\01032018\PB1_PNO17106962_723020180228_003908.xml".
Выполнение операции "Копирование файла" над целевым объектом "Элемент: C:\work\PB1_PNO17106962_723020180228_004733.xml 
Назначение: \\tmn-ts-01\440p\Arhive\01032018\PB1_PNO17106962_723020180228_004733.xml".
Выполнение операции "Копирование файла" над целевым объектом "Элемент: C:\work\PB1_PNO17106962_723020180228_004734.xml 
Назначение: \\tmn-ts-01\440p\Arhive\01032018\PB1_PNO17106962_723020180228_004734.xml".
Выполнение операции "Копирование файла" над целевым объектом "Элемент: C:\work\PB1_ROO17106962_720520180228_000010.xml 
Назначение: \\tmn-ts-01\440p\Arhive\01032018\PB1_ROO17106962_720520180228_000010.xml".
Выполнение операции "Копирование файла" над целевым объектом "Элемент: C:\work\PB1_ROO17106962_720520180228_000012.xml 
Назначение: \\tmn-ts-01\440p\Arhive\01032018\PB1_ROO17106962_720520180228_000012.xml".
Выполнение операции "Копирование файла" над целевым объектом "Элемент: C:\work\PB1_ROO17106962_723020180228_001491.xml 
Назначение: \\tmn-ts-01\440p\Arhive\01032018\PB1_ROO17106962_723020180228_001491.xml".
Выполнение операции "Копирование файла" над целевым объектом "Элемент: C:\work\PB1_ROO17106962_723020180228_001536.xml 
Назначение: \\tmn-ts-01\440p\Arhive\01032018\PB1_ROO17106962_723020180228_001536.xml".
Выполнение операции "Копирование файла" над целевым объектом "Элемент: C:\work\PB1_ROO17106962_723020180228_001574.xml 
Назначение: \\tmn-ts-01\440p\Arhive\01032018\PB1_ROO17106962_723020180228_001574.xml".
Выполнение операции "Копирование файла" над целевым объектом "Элемент: C:\work\PB1_ROO17106962_723020180228_001594.xml 
Назначение: \\tmn-ts-01\440p\Arhive\01032018\PB1_ROO17106962_723020180228_001594.xml".
Выполнение операции "Копирование файла" над целевым объектом "Элемент: C:\work\PB1_ROO17106962_723020180228_001681.xml 
Назначение: \\tmn-ts-01\440p\Arhive\01032018\PB1_ROO17106962_723020180228_001681.xml".
Выполнение операции "Копирование файла" над целевым объектом "Элемент: C:\work\PB1_ROO17106962_723020180228_001685.xml 
Назначение: \\tmn-ts-01\440p\Arhive\01032018\PB1_ROO17106962_723020180228_001685.xml".
Выполнение операции "Копирование файла" над целевым объектом "Элемент: C:\work\PB1_ROO17106962_723020180228_001691.xml 
Назначение: \\tmn-ts-01\440p\Arhive\01032018\PB1_ROO17106962_723020180228_001691.xml".
Выполнение операции "Копирование файла" над целевым объектом "Элемент: C:\work\PB1_ROO17106962_723020180228_002228.xml 
Назначение: \\tmn-ts-01\440p\Arhive\01032018\PB1_ROO17106962_723020180228_002228.xml".
Выполнение операции "Копирование файла" над целевым объектом "Элемент: C:\work\PB1_ROO17106962_723020180228_002252.xml 
Назначение: \\tmn-ts-01\440p\Arhive\01032018\PB1_ROO17106962_723020180228_002252.xml".
Выполнение операции "Копирование файла" над целевым объектом "Элемент: C:\work\PB1_ROO17106962_723020180228_002268.xml 
Назначение: \\tmn-ts-01\440p\Arhive\01032018\PB1_ROO17106962_723020180228_002268.xml".
Выполнение операции "Копирование файла" над целевым объектом "Элемент: C:\work\PB1_ROO17106962_723020180228_002276.xml 
Назначение: \\tmn-ts-01\440p\Arhive\01032018\PB1_ROO17106962_723020180228_002276.xml".
Выполнение операции "Копирование файла" над целевым объектом "Элемент: C:\work\PB1_ROO17106962_723020180228_002311.xml 
Назначение: \\tmn-ts-01\440p\Arhive\01032018\PB1_ROO17106962_723020180228_002311.xml".
Выполнение операции "Копирование файла" над целевым объектом "Элемент: C:\work\PB1_ROO17106962_723020180228_002322.xml 
Назначение: \\tmn-ts-01\440p\Arhive\01032018\PB1_ROO17106962_723020180228_002322.xml".
Выполнение операции "Копирование файла" над целевым объектом "Элемент: C:\work\PB1_ROO17106962_723020180228_002466.xml 
Назначение: \\tmn-ts-01\440p\Arhive\01032018\PB1_ROO17106962_723020180228_002466.xml".
Выполнение операции "Копирование файла" над целевым объектом "Элемент: C:\work\PB1_ROO17106962_723020180228_002605.xml 
Назначение: \\tmn-ts-01\440p\Arhive\01032018\PB1_ROO17106962_723020180228_002605.xml".
Выполнение операции "Копирование файла" над целевым объектом "Элемент: C:\work\PB1_ROO17106962_723020180228_002615.xml 
Назначение: \\tmn-ts-01\440p\Arhive\01032018\PB1_ROO17106962_723020180228_002615.xml".
Выполнение операции "Копирование файла" над целевым объектом "Элемент: C:\work\PB1_ROO17106962_723020180228_002625.xml 
Назначение: \\tmn-ts-01\440p\Arhive\01032018\PB1_ROO17106962_723020180228_002625.xml".
Выполнение операции "Копирование файла" над целевым объектом "Элемент: C:\work\PB1_ROO17106962_723020180228_002636.xml 
Назначение: \\tmn-ts-01\440p\Arhive\01032018\PB1_ROO17106962_723020180228_002636.xml".
Выполнение операции "Копирование файла" над целевым объектом "Элемент: C:\work\PB1_ROO17106962_723020180228_002648.xml 
Назначение: \\tmn-ts-01\440p\Arhive\01032018\PB1_ROO17106962_723020180228_002648.xml".
Выполнение операции "Копирование файла" над целевым объектом "Элемент: C:\work\PB1_ROO17106962_723020180228_002756.xml 
Назначение: \\tmn-ts-01\440p\Arhive\01032018\PB1_ROO17106962_723020180228_002756.xml".
Выполнение операции "Копирование файла" над целевым объектом "Элемент: C:\work\PB1_ROO17106962_723020180228_003045.xml 
Назначение: \\tmn-ts-01\440p\Arhive\01032018\PB1_ROO17106962_723020180228_003045.xml".
Выполнение операции "Копирование файла" над целевым объектом "Элемент: C:\work\PB1_RPO17106962_723020180228_003107.xml 
Назначение: \\tmn-ts-01\440p\Arhive\01032018\PB1_RPO17106962_723020180228_003107.xml".
Выполнение операции "Копирование файла" над целевым объектом "Элемент: C:\work\PB1_RPO17106962_723020180228_003217.xml 
Назначение: \\tmn-ts-01\440p\Arhive\01032018\PB1_RPO17106962_723020180228_003217.xml".
Выполнение операции "Копирование файла" над целевым объектом "Элемент: C:\work\PB1_RPO17106962_723020180228_003399.xml 
Назначение: \\tmn-ts-01\440p\Arhive\01032018\PB1_RPO17106962_723020180228_003399.xml".
Выполнение операции "Копирование файла" над целевым объектом "Элемент: C:\work\PB1_ZSN17106962_890120180228_000117.xml 
Назначение: \\tmn-ts-01\440p\Arhive\01032018\PB1_ZSN17106962_890120180228_000117.xml".
Выполнение операции "Копирование файла" над целевым объектом "Элемент: C:\work\PB1_ZSN17106962_890120180228_000189.xml 
Назначение: \\tmn-ts-01\440p\Arhive\01032018\PB1_ZSN17106962_890120180228_000189.xml".
Выполнение операции "Копирование файла" над целевым объектом "Элемент: C:\work\PB1_ZSN17106962_890120180228_000285.xml 
Назначение: \\tmn-ts-01\440p\Arhive\01032018\PB1_ZSN17106962_890120180228_000285.xml".
Выполнение операции "Копирование файла" над целевым объектом "Элемент: C:\work\PB1_ZSN17106962_890120180228_000432.xml 
Назначение: \\tmn-ts-01\440p\Arhive\01032018\PB1_ZSN17106962_890120180228_000432.xml".
Выполнение операции "Копирование файла" над целевым объектом "Элемент: C:\work\PB1_ZSN17106962_890120180228_000594.xml 
Назначение: \\tmn-ts-01\440p\Arhive\01032018\PB1_ZSN17106962_890120180228_000594.xml".
Выполнение операции "Копирование файла" над целевым объектом "Элемент: C:\work\PB1_ZSN17106962_890120180228_000746.xml 
Назначение: \\tmn-ts-01\440p\Arhive\01032018\PB1_ZSN17106962_890120180228_000746.xml".
Выполнение операции "Копирование файла" над целевым объектом "Элемент: C:\work\PB1_ZSN17106962_890120180228_000797.xml 
Назначение: \\tmn-ts-01\440p\Arhive\01032018\PB1_ZSN17106962_890120180228_000797.xml".
Выполнение операции "Копирование файла" над целевым объектом "Элемент: C:\work\PB1_ZSN17106962_890120180228_000851.xml 
Назначение: \\tmn-ts-01\440p\Arhive\01032018\PB1_ZSN17106962_890120180228_000851.xml".
Выполнение операции "Копирование файла" над целевым объектом "Элемент: C:\work\PB1_ZSN17106962_890120180228_000908.xml 
Назначение: \\tmn-ts-01\440p\Arhive\01032018\PB1_ZSN17106962_890120180228_000908.xml".
Выполнение операции "Копирование файла" над целевым объектом "Элемент: C:\work\PB1_ZSN17106962_890120180228_000944.xml 
Назначение: \\tmn-ts-01\440p\Arhive\01032018\PB1_ZSN17106962_890120180228_000944.xml".
Выполнение операции "Копирование файла" над целевым объектом "Элемент: C:\work\PB1_ZSO17106962_890120180228_000118.xml 
Назначение: \\tmn-ts-01\440p\Arhive\01032018\PB1_ZSO17106962_890120180228_000118.xml".
Выполнение операции "Копирование файла" над целевым объектом "Элемент: C:\work\PB1_ZSO17106962_890120180228_000190.xml 
Назначение: \\tmn-ts-01\440p\Arhive\01032018\PB1_ZSO17106962_890120180228_000190.xml".
Выполнение операции "Копирование файла" над целевым объектом "Элемент: C:\work\PB1_ZSO17106962_890120180228_000286.xml 
Назначение: \\tmn-ts-01\440p\Arhive\01032018\PB1_ZSO17106962_890120180228_000286.xml".
Выполнение операции "Копирование файла" над целевым объектом "Элемент: C:\work\PB1_ZSO17106962_890120180228_000433.xml 
Назначение: \\tmn-ts-01\440p\Arhive\01032018\PB1_ZSO17106962_890120180228_000433.xml".
Выполнение операции "Копирование файла" над целевым объектом "Элемент: C:\work\PB1_ZSO17106962_890120180228_000595.xml 
Назначение: \\tmn-ts-01\440p\Arhive\01032018\PB1_ZSO17106962_890120180228_000595.xml".
Выполнение операции "Копирование файла" над целевым объектом "Элемент: C:\work\PB1_ZSO17106962_890120180228_000747.xml 
Назначение: \\tmn-ts-01\440p\Arhive\01032018\PB1_ZSO17106962_890120180228_000747.xml".
Выполнение операции "Копирование файла" над целевым объектом "Элемент: C:\work\PB1_ZSO17106962_890120180228_000798.xml 
Назначение: \\tmn-ts-01\440p\Arhive\01032018\PB1_ZSO17106962_890120180228_000798.xml".
Выполнение операции "Копирование файла" над целевым объектом "Элемент: C:\work\PB1_ZSO17106962_890120180228_000852.xml 
Назначение: \\tmn-ts-01\440p\Arhive\01032018\PB1_ZSO17106962_890120180228_000852.xml".
Выполнение операции "Копирование файла" над целевым объектом "Элемент: C:\work\PB1_ZSO17106962_890120180228_000909.xml 
Назначение: \\tmn-ts-01\440p\Arhive\01032018\PB1_ZSO17106962_890120180228_000909.xml".
Выполнение операции "Копирование файла" над целевым объектом "Элемент: C:\work\PB1_ZSO17106962_890120180228_000945.xml 
Назначение: \\tmn-ts-01\440p\Arhive\01032018\PB1_ZSO17106962_890120180228_000945.xml".
Выполнение операции "Копирование файла" над целевым объектом "Элемент: C:\work\PB1_ZSV17106962_722420180228_000080.xml 
Назначение: \\tmn-ts-01\440p\Arhive\01032018\PB1_ZSV17106962_722420180228_000080.xml".
Выполнение операции "Копирование файла" над целевым объектом "Элемент: C:\work\PB1_ZSV17106962_890420180228_000819.xml 
Назначение: \\tmn-ts-01\440p\Arhive\01032018\PB1_ZSV17106962_890420180228_000819.xml".
Выполнение операции "Копирование файла" над целевым объектом "Элемент: C:\work\PB1_ZSV17106962_890420180228_001266.xml 
Назначение: \\tmn-ts-01\440p\Arhive\01032018\PB1_ZSV17106962_890420180228_001266.xml".
Выполнение операции "Копирование файла" над целевым объектом "Элемент: C:\work\PB1_ZSV17106962_890420180228_001806.xml 
Назначение: \\tmn-ts-01\440p\Arhive\01032018\PB1_ZSV17106962_890420180228_001806.xml".
Выполнение операции "Копирование файла" над целевым объектом "Элемент: C:\work\PB1_ZSV17106962_890420180228_001868.xml 
Назначение: \\tmn-ts-01\440p\Arhive\01032018\PB1_ZSV17106962_890420180228_001868.xml".
Выполнение операции "Копирование файла" над целевым объектом "Элемент: C:\work\PB2_APZ17106962_723020180228_000370_0002
.xml Назначение: \\tmn-ts-01\440p\Arhive\01032018\PB2_APZ17106962_723020180228_000370_0002.xml".
Выполнение операции "Копирование файла" над целевым объектом "Элемент: C:\work\PB2_APZ17106962_890420180228_000020_0002
.xml Назначение: \\tmn-ts-01\440p\Arhive\01032018\PB2_APZ17106962_890420180228_000020_0002.xml".
Выполнение операции "Копирование файла" над целевым объектом "Элемент: C:\work\PB2_PNO17106962_723020180228_003474_0002
.xml Назначение: \\tmn-ts-01\440p\Arhive\01032018\PB2_PNO17106962_723020180228_003474_0002.xml".
Выполнение операции "Копирование файла" над целевым объектом "Элемент: C:\work\PB2_PNO17106962_723020180228_003475_0002
.xml Назначение: \\tmn-ts-01\440p\Arhive\01032018\PB2_PNO17106962_723020180228_003475_0002.xml".
Выполнение операции "Копирование файла" над целевым объектом "Элемент: C:\work\PB2_PNO17106962_723020180228_003476_0002
.xml Назначение: \\tmn-ts-01\440p\Arhive\01032018\PB2_PNO17106962_723020180228_003476_0002.xml".
Выполнение операции "Копирование файла" над целевым объектом "Элемент: C:\work\PB2_PNO17106962_723020180228_003477_0002
.xml Назначение: \\tmn-ts-01\440p\Arhive\01032018\PB2_PNO17106962_723020180228_003477_0002.xml".
Выполнение операции "Копирование файла" над целевым объектом "Элемент: C:\work\PB2_PNO17106962_723020180228_003478_0002
.xml Назначение: \\tmn-ts-01\440p\Arhive\01032018\PB2_PNO17106962_723020180228_003478_0002.xml".
Выполнение операции "Копирование файла" над целевым объектом "Элемент: C:\work\PB2_PNO17106962_723020180228_003479_0002
.xml Назначение: \\tmn-ts-01\440p\Arhive\01032018\PB2_PNO17106962_723020180228_003479_0002.xml".
Выполнение операции "Копирование файла" над целевым объектом "Элемент: C:\work\PB2_ROO17106962_723020180228_001491_0002
.xml Назначение: \\tmn-ts-01\440p\Arhive\01032018\PB2_ROO17106962_723020180228_001491_0002.xml".
Выполнение операции "Копирование файла" над целевым объектом "Элемент: C:\work\PB2_ROO17106962_723020180228_001536_0002
.xml Назначение: \\tmn-ts-01\440p\Arhive\01032018\PB2_ROO17106962_723020180228_001536_0002.xml".
Выполнение операции "Копирование файла" над целевым объектом "Элемент: C:\work\PB2_ROO17106962_723020180228_001574_0002
.xml Назначение: \\tmn-ts-01\440p\Arhive\01032018\PB2_ROO17106962_723020180228_001574_0002.xml".
Выполнение операции "Копирование файла" над целевым объектом "Элемент: C:\work\PB2_ROO17106962_723020180228_001594_0002
.xml Назначение: \\tmn-ts-01\440p\Arhive\01032018\PB2_ROO17106962_723020180228_001594_0002.xml".
Выполнение операции "Копирование файла" над целевым объектом "Элемент: C:\work\PB2_ROO17106962_723020180228_001681_0002
.xml Назначение: \\tmn-ts-01\440p\Arhive\01032018\PB2_ROO17106962_723020180228_001681_0002.xml".
Выполнение операции "Копирование файла" над целевым объектом "Элемент: C:\work\PB2_ROO17106962_723020180228_001691_0002
.xml Назначение: \\tmn-ts-01\440p\Arhive\01032018\PB2_ROO17106962_723020180228_001691_0002.xml".
Выполнение операции "Копирование файла" над целевым объектом "Элемент: C:\work\PB2_ROO17106962_723020180228_002228_0002
.xml Назначение: \\tmn-ts-01\440p\Arhive\01032018\PB2_ROO17106962_723020180228_002228_0002.xml".
Выполнение операции "Копирование файла" над целевым объектом "Элемент: C:\work\PB2_ROO17106962_723020180228_002252_0002
.xml Назначение: \\tmn-ts-01\440p\Arhive\01032018\PB2_ROO17106962_723020180228_002252_0002.xml".
Выполнение операции "Копирование файла" над целевым объектом "Элемент: C:\work\PB2_ROO17106962_723020180228_002268_0002
.xml Назначение: \\tmn-ts-01\440p\Arhive\01032018\PB2_ROO17106962_723020180228_002268_0002.xml".
Выполнение операции "Копирование файла" над целевым объектом "Элемент: C:\work\PB2_ROO17106962_723020180228_002276_0002
.xml Назначение: \\tmn-ts-01\440p\Arhive\01032018\PB2_ROO17106962_723020180228_002276_0002.xml".
Выполнение операции "Копирование файла" над целевым объектом "Элемент: C:\work\PB2_ROO17106962_723020180228_002311_0002
.xml Назначение: \\tmn-ts-01\440p\Arhive\01032018\PB2_ROO17106962_723020180228_002311_0002.xml".
Выполнение операции "Копирование файла" над целевым объектом "Элемент: C:\work\PB2_ROO17106962_723020180228_002322_0002
.xml Назначение: \\tmn-ts-01\440p\Arhive\01032018\PB2_ROO17106962_723020180228_002322_0002.xml".
Выполнение операции "Копирование файла" над целевым объектом "Элемент: C:\work\PB2_ROO17106962_723020180228_002466_0002
.xml Назначение: \\tmn-ts-01\440p\Arhive\01032018\PB2_ROO17106962_723020180228_002466_0002.xml".
Выполнение операции "Копирование файла" над целевым объектом "Элемент: C:\work\PB2_ROO17106962_723020180228_002605_0002
.xml Назначение: \\tmn-ts-01\440p\Arhive\01032018\PB2_ROO17106962_723020180228_002605_0002.xml".
Выполнение операции "Копирование файла" над целевым объектом "Элемент: C:\work\PB2_ROO17106962_723020180228_002615_0002
.xml Назначение: \\tmn-ts-01\440p\Arhive\01032018\PB2_ROO17106962_723020180228_002615_0002.xml".
Выполнение операции "Копирование файла" над целевым объектом "Элемент: C:\work\PB2_ROO17106962_723020180228_002648_0002
.xml Назначение: \\tmn-ts-01\440p\Arhive\01032018\PB2_ROO17106962_723020180228_002648_0002.xml".
Выполнение операции "Копирование файла" над целевым объектом "Элемент: C:\work\PB2_ROO17106962_723020180228_002756_0002
.xml Назначение: \\tmn-ts-01\440p\Arhive\01032018\PB2_ROO17106962_723020180228_002756_0002.xml".
Выполнение операции "Копирование файла" над целевым объектом "Элемент: C:\work\PB2_RPO17106962_723020180228_003107_0002
.xml Назначение: \\tmn-ts-01\440p\Arhive\01032018\PB2_RPO17106962_723020180228_003107_0002.xml".

[2018-03-01 15:46:22Z] - INFO - Копирование файлов в архив \\tmn-ts-01\440p\Arhive\01032018
[2018-03-01 15:46:22Z] - INFO - Переименовываем файлы *.xml -> *.vrb
[2018-03-01 15:46:22Z] - INFO - Подписываем все файлы
[2018-03-01 15:46:22Z] - INFO - Загружаем ключевую дискету c:\DISKET2017-1\Disk\DISK2
[2018-03-01 15:46:22Z] - INFO - Начинаем преобразование...
[2018-03-01 15:46:32Z] - INFO - Сравниваем до и после преобразования...
[2018-03-01 15:46:54Z] - INFO - Зашифровываем vrb-файлы
[2018-03-01 15:46:54Z] - INFO - Загружаем ключевую дискету c:\DISKET2017\Disk\DISK21
[2018-03-01 15:46:55Z] - INFO - Начинаем преобразование...
[2018-03-01 15:47:03Z] - INFO - Сравниваем до и после преобразования...
[2018-03-01 15:47:12Z] - INFO - Начинаем архивацию...
[2018-03-01 15:47:13Z] - INFO - Подписываем файл архива c:\work\AFN_7106962_MIFNS00_20180301_00001.arj
[2018-03-01 15:47:13Z] - INFO - Загружаем ключевую дискету c:\DISKET2017-1\Disk\DISK2
[2018-03-01 15:47:13Z] - INFO - Начинаем преобразование...
[2018-03-01 15:47:23Z] - INFO - Сравниваем до и после преобразования...
[2018-03-01 15:47:28Z] - INFO - Копируем файл архива AFN_7106962_MIFNS00_20180301_00001.arj в \\tmn-ts-01\440p\Arhive\01032018
[2018-03-01 15:47:28Z] - INFO - Копируем файл архива AFN_7106962_MIFNS00_20180301_00001.arj в l:\PTK PSD\Post\Post
[2018-03-01 15:47:29Z] - INFO - Отправленно всего 198 сообщений
Из них:
Сообщения: 61
Справка: 22
Сведения: 5
Выписка: 5
Потверждения: 105

[2018-03-01 15:47:29Z] - INFO - Загружаем исходную ключевую дискету
[2018-03-01 15:47:30Z] - INFO - Конец работы скрипта!
[2018-03-01 16:00:01Z] - INFO - Автоматический режим работы
[2018-03-01 16:00:01Z] - INFO - Файлы отчетности не найдены в каталоге l:\PTK PSD\Post\ELO\OUT
[2018-03-01 16:15:00Z] - INFO - Автоматический режим работы
[2018-03-01 16:15:00Z] - INFO - Файлы отчетности не найдены в каталоге l:\PTK PSD\Post\ELO\OUT
[2018-03-01 16:30:00Z] - INFO - Автоматический режим работы
[2018-03-01 16:30:00Z] - INFO - Файлы отчетности не найдены в каталоге l:\PTK PSD\Post\ELO\OUT
[2018-03-01 16:45:00Z] - INFO - Автоматический режим работы
[2018-03-01 16:45:00Z] - INFO - Файлы отчетности не найдены в каталоге l:\PTK PSD\Post\ELO\OUT
[2018-03-01 17:00:01Z] - INFO - Автоматический режим работы
[2018-03-01 17:00:01Z] - INFO - Файлы отчетности не найдены в каталоге l:\PTK PSD\Post\ELO\OUT
[2018-03-01 17:15:00Z] - INFO - Автоматический режим работы
[2018-03-01 17:15:00Z] - INFO - Файлы отчетности не найдены в каталоге l:\PTK PSD\Post\ELO\OUT
[2018-03-01 17:30:00Z] - INFO - Автоматический режим работы
[2018-03-01 17:30:00Z] - INFO - Файлы отчетности не найдены в каталоге l:\PTK PSD\Post\ELO\OUT
[2018-03-01 17:45:00Z] - INFO - Автоматический режим работы
[2018-03-01 17:45:00Z] - INFO - Файлы отчетности не найдены в каталоге l:\PTK PSD\Post\ELO\OUT
[2018-03-01 18:00:01Z] - INFO - Автоматический режим работы
[2018-03-01 18:00:01Z] - INFO - Файлы отчетности не найдены в каталоге l:\PTK PSD\Post\ELO\OUT
[2018-03-01 18:03:37Z] - INFO - Обработка отчетности - 440out
[2018-03-01 18:03:37Z] - WARN - Автоматическое копирование в папку c:\work произведено не было!
[2018-03-01 18:03:38Z] - INFO - Сохраняем текущею ключевую дискету
[2018-03-01 18:03:39Z] - INFO - Выполнение операции "Копирование файла" над целевым объектом "Элемент: C:\work\BOS1_RPO17106962_720320180228_000898_201
80301_0002.xml Назначение: \\tmn-ts-01\440p\Arhive\01032018\BOS1_RPO17106962_720320180228_000898_20180301_0002.xml".
Выполнение операции "Копирование файла" над целевым объектом "Элемент: C:\work\PB1_PNO17106962_720320180228_001775.xml 
Назначение: \\tmn-ts-01\440p\Arhive\01032018\PB1_PNO17106962_720320180228_001775.xml".
Выполнение операции "Копирование файла" над целевым объектом "Элемент: C:\work\PB1_PNO17106962_720320180228_001776.xml 
Назначение: \\tmn-ts-01\440p\Arhive\01032018\PB1_PNO17106962_720320180228_001776.xml".
Выполнение операции "Копирование файла" над целевым объектом "Элемент: C:\work\PB1_PNO17106962_720320180228_001777.xml 
Назначение: \\tmn-ts-01\440p\Arhive\01032018\PB1_PNO17106962_720320180228_001777.xml".
Выполнение операции "Копирование файла" над целевым объектом "Элемент: C:\work\PB1_PNO17106962_720320180228_001778.xml 
Назначение: \\tmn-ts-01\440p\Arhive\01032018\PB1_PNO17106962_720320180228_001778.xml".
Выполнение операции "Копирование файла" над целевым объектом "Элемент: C:\work\PB1_RPO17106962_720320180228_000898.xml 
Назначение: \\tmn-ts-01\440p\Arhive\01032018\PB1_RPO17106962_720320180228_000898.xml".

[2018-03-01 18:03:39Z] - INFO - Копирование файлов в архив \\tmn-ts-01\440p\Arhive\01032018
[2018-03-01 18:03:39Z] - INFO - Переименовываем файлы *.xml -> *.vrb
[2018-03-01 18:03:39Z] - INFO - Подписываем все файлы
[2018-03-01 18:03:39Z] - INFO - Загружаем ключевую дискету c:\DISKET2017-1\Disk\DISK2
[2018-03-01 18:03:39Z] - INFO - Начинаем преобразование...
[2018-03-01 18:03:46Z] - INFO - Сравниваем до и после преобразования...
[2018-03-01 18:03:51Z] - INFO - Зашифровываем vrb-файлы
[2018-03-01 18:03:51Z] - INFO - Загружаем ключевую дискету c:\DISKET2017\Disk\DISK21
[2018-03-01 18:03:53Z] - INFO - Начинаем преобразование...
[2018-03-01 18:04:01Z] - INFO - Сравниваем до и после преобразования...
[2018-03-01 18:04:06Z] - INFO - Начинаем архивацию...
[2018-03-01 18:04:06Z] - INFO - Подписываем файл архива c:\work\AFN_7106962_MIFNS00_20180301_00002.arj
[2018-03-01 18:04:06Z] - INFO - Загружаем ключевую дискету c:\DISKET2017-1\Disk\DISK2
[2018-03-01 18:04:07Z] - INFO - Начинаем преобразование...
[2018-03-01 18:04:14Z] - INFO - Сравниваем до и после преобразования...
[2018-03-01 18:04:19Z] - INFO - Копируем файл архива AFN_7106962_MIFNS00_20180301_00002.arj в \\tmn-ts-01\440p\Arhive\01032018
[2018-03-01 18:04:19Z] - INFO - Копируем файл архива AFN_7106962_MIFNS00_20180301_00002.arj в l:\PTK PSD\Post\Post
[2018-03-01 18:04:20Z] - INFO - Отправленно всего 6 сообщений
Из них:
Справка: 1
Потверждения: 5

[2018-03-01 18:04:20Z] - INFO - Загружаем исходную ключевую дискету
[2018-03-01 18:04:21Z] - INFO - Конец работы скрипта!
[2018-03-01 18:15:00Z] - INFO - Автоматический режим работы
[2018-03-01 18:15:00Z] - INFO - Файлы отчетности не найдены в каталоге l:\PTK PSD\Post\ELO\OUT
[2018-03-01 18:30:00Z] - INFO - Автоматический режим работы
[2018-03-01 18:30:00Z] - INFO - Файлы отчетности не найдены в каталоге l:\PTK PSD\Post\ELO\OUT
[2018-03-01 18:45:00Z] - INFO - Автоматический режим работы
[2018-03-01 18:45:00Z] - INFO - Файлы отчетности не найдены в каталоге l:\PTK PSD\Post\ELO\OUT
[2018-03-01 19:00:00Z] - INFO - Автоматический режим работы
[2018-03-01 19:00:00Z] - INFO - Файлы отчетности не найдены в каталоге l:\PTK PSD\Post\ELO\OUT
[2018-03-01 19:15:01Z] - INFO - Автоматический режим работы
[2018-03-01 19:15:01Z] - INFO - Файлы отчетности не найдены в каталоге l:\PTK PSD\Post\ELO\OUT
[2018-03-01 19:30:18Z] - INFO - Автоматический режим работы
[2018-03-01 19:30:18Z] - INFO - Файлы отчетности не найдены в каталоге l:\PTK PSD\Post\ELO\OUT
[2018-03-01 19:45:00Z] - INFO - Автоматический режим работы
[2018-03-01 19:45:00Z] - INFO - Файлы отчетности не найдены в каталоге l:\PTK PSD\Post\ELO\OUT
[2018-03-01 20:00:00Z] - INFO - Автоматический режим работы
[2018-03-01 20:00:00Z] - INFO - Файлы отчетности не найдены в каталоге l:\PTK PSD\Post\ELO\OUT
[2018-03-01 20:15:00Z] - INFO - Автоматический режим работы
[2018-03-01 20:15:02Z] - INFO - Файлы отчетности не найдены в каталоге l:\PTK PSD\Post\ELO\OUT
[2018-03-01 20:30:00Z] - INFO - Автоматический режим работы
[2018-03-01 20:30:00Z] - INFO - Файлы отчетности не найдены в каталоге l:\PTK PSD\Post\ELO\OUT
[2018-03-01 20:45:00Z] - INFO - Автоматический режим работы
[2018-03-01 20:45:00Z] - INFO - Файлы отчетности не найдены в каталоге l:\PTK PSD\Post\ELO\OUT
[2018-03-01 21:00:00Z] - INFO - Автоматический режим работы
[2018-03-01 21:00:00Z] - INFO - Файлы отчетности не найдены в каталоге l:\PTK PSD\Post\ELO\OUT
[2018-03-01 21:15:00Z] - INFO - Автоматический режим работы
[2018-03-01 21:15:01Z] - INFO - Начат автоматический приём по форме 440П 01.03.2018 21:15:00
[2018-03-01 21:15:02Z] - INFO - Копируем файл AFN_MIFNS00_7106962_20180301_00002.ARJ
[2018-03-01 21:15:02Z] - INFO - Копируем файл AFN_MIFNS00_7106962_20180301_00003.ARJ
[2018-03-01 21:15:02Z] - INFO - Сохраняем текущею ключевую дискету
[2018-03-01 21:15:03Z] - INFO - Копирование файлов в архив \\tmn-ts-01\440p\Arhive\01032018
[2018-03-01 21:15:03Z] - INFO - Выполнение операции "Копирование файла" над целевым объектом "Элемент: C:\work\
AFN_MIFNS00_7106962_20180301_00002.ARJ Назначение: \\tmn-ts-01\440p\Arhive\0103
2018\AFN_MIFNS00_7106962_20180301_00002.ARJ".
Выполнение операции "Копирование файла" над целевым объектом "Элемент: C:\work\
AFN_MIFNS00_7106962_20180301_00003.ARJ Назначение: \\tmn-ts-01\440p\Arhive\0103
2018\AFN_MIFNS00_7106962_20180301_00003.ARJ".

[2018-03-01 21:15:03Z] - INFO - Снимаем подпись с arj-архивов
[2018-03-01 21:15:03Z] - INFO - Загружаем ключевую дискету C:\DISKET2017\disk\disk22
[2018-03-01 21:15:04Z] - INFO - Начинаем преобразование...
[2018-03-01 21:15:09Z] - INFO - Сравниваем до и после преобразования...
[2018-03-01 21:15:14Z] - INFO - Начинаем разархивацию...
[2018-03-01 21:15:14Z] - INFO - Разархивация файла C:\work\AFN_MIFNS00_7106962_20180301_00002.ARJ
[2018-03-01 21:15:15Z] - INFO - Разархивация файла C:\work\AFN_MIFNS00_7106962_20180301_00003.ARJ
[2018-03-01 21:15:16Z] - INFO - Расшифровываем vrb-файлы
[2018-03-01 21:15:16Z] - INFO - Загружаем ключевую дискету c:\DISKET2017\Disk\DISK21
[2018-03-01 21:15:17Z] - INFO - Начинаем преобразование...
[2018-03-01 21:15:22Z] - INFO - Сравниваем до и после преобразования...
[2018-03-01 21:15:27Z] - INFO - Переименовываем файлы в xml
[2018-03-01 21:15:27Z] - INFO - Снимаем подпись с xml-файлов
[2018-03-01 21:15:27Z] - INFO - Загружаем ключевую дискету C:\DISKET2017\disk\disk22
[2018-03-01 21:15:29Z] - INFO - Начинаем преобразование...
[2018-03-01 21:15:34Z] - INFO - Сравниваем до и после преобразования...
[2018-03-01 21:15:40Z] - INFO - Форматируем xml-файлы
[2018-03-01 21:15:40Z] - INFO - Пришли подтверждения
[2018-03-01 21:15:41Z] - INFO - Пришли успешные подтверждения - 34 шт.
Потверждения находятся в каталоге \\tmn-ts-01\440p\ack\01032018


[2018-03-01 21:15:49Z] - INFO - Пришло всего 20 сообщений
Из них:
Решения: 20

[2018-03-01 21:15:53Z] - INFO - Удаляем файл l:\PTK PSD\Post\ELO\OUT\AFN_MIFNS00_7106962_20180301_00002.ARJ
[2018-03-01 21:15:53Z] - INFO - Удаляем файл l:\PTK PSD\Post\ELO\OUT\AFN_MIFNS00_7106962_20180301_00003.ARJ
[2018-03-01 21:15:53Z] - INFO - Загружаем исходную ключевую дискету
[2018-03-01 21:15:54Z] - INFO - Конец работы скрипта!
[2018-03-01 21:30:00Z] - INFO - Автоматический режим работы
[2018-03-01 21:30:00Z] - INFO - Файлы отчетности не найдены в каталоге l:\PTK PSD\Post\ELO\OUT
[2018-03-01 21:45:00Z] - INFO - Автоматический режим работы
[2018-03-01 21:45:00Z] - INFO - Файлы отчетности не найдены в каталоге l:\PTK PSD\Post\ELO\OUT
[2018-03-01 22:00:00Z] - INFO - Автоматический режим работы
[2018-03-01 22:00:00Z] - INFO - Файлы отчетности не найдены в каталоге l:\PTK PSD\Post\ELO\OUT
[2018-03-01 22:15:00Z] - INFO - Автоматический режим работы
[2018-03-01 22:15:00Z] - INFO - Файлы отчетности не найдены в каталоге l:\PTK PSD\Post\ELO\OUT
[2018-03-01 22:30:00Z] - INFO - Автоматический режим работы
[2018-03-01 22:30:00Z] - INFO - Файлы отчетности не найдены в каталоге l:\PTK PSD\Post\ELO\OUT
[2018-03-01 22:45:00Z] - INFO - Автоматический режим работы
[2018-03-01 22:45:00Z] - INFO - Файлы отчетности не найдены в каталоге l:\PTK PSD\Post\ELO\OUT
[2018-03-01 23:00:00Z] - INFO - Автоматический режим работы
[2018-03-01 23:00:00Z] - INFO - Файлы отчетности не найдены в каталоге l:\PTK PSD\Post\ELO\OUT
[2018-03-01 23:15:00Z] - INFO - Автоматический режим работы
[2018-03-01 23:15:00Z] - INFO - Файлы отчетности не найдены в каталоге l:\PTK PSD\Post\ELO\OUT
[2018-03-01 23:30:00Z] - INFO - Автоматический режим работы
[2018-03-01 23:30:00Z] - INFO - Файлы отчетности не найдены в каталоге l:\PTK PSD\Post\ELO\OUT
[2018-03-01 23:45:12Z] - INFO - Автоматический режим работы
[2018-03-01 23:45:12Z] - INFO - Файлы отчетности не найдены в каталоге l:\PTK PSD\Post\ELO\OUT
