[2018-06-01 00:00:11Z] - INFO - Автоматический режим работы
[2018-06-01 00:00:11Z] - INFO - Файлы отчетности не найдены в каталоге l:\PTK PSD\Post\ELO\OUT
[2018-06-01 00:15:00Z] - INFO - Автоматический режим работы
[2018-06-01 00:15:00Z] - INFO - Файлы отчетности не найдены в каталоге l:\PTK PSD\Post\ELO\OUT
[2018-06-01 00:30:00Z] - INFO - Автоматический режим работы
[2018-06-01 00:30:00Z] - INFO - Файлы отчетности не найдены в каталоге l:\PTK PSD\Post\ELO\OUT
[2018-06-01 00:45:00Z] - INFO - Автоматический режим работы
[2018-06-01 00:45:00Z] - INFO - Файлы отчетности не найдены в каталоге l:\PTK PSD\Post\ELO\OUT
[2018-06-01 01:00:00Z] - INFO - Автоматический режим работы
[2018-06-01 01:00:00Z] - INFO - Файлы отчетности не найдены в каталоге l:\PTK PSD\Post\ELO\OUT
[2018-06-01 01:15:00Z] - INFO - Автоматический режим работы
[2018-06-01 01:15:00Z] - INFO - Файлы отчетности не найдены в каталоге l:\PTK PSD\Post\ELO\OUT
[2018-06-01 01:30:00Z] - INFO - Автоматический режим работы
[2018-06-01 01:30:00Z] - INFO - Файлы отчетности не найдены в каталоге l:\PTK PSD\Post\ELO\OUT
[2018-06-01 01:45:00Z] - INFO - Автоматический режим работы
[2018-06-01 01:45:00Z] - INFO - Файлы отчетности не найдены в каталоге l:\PTK PSD\Post\ELO\OUT
[2018-06-01 02:00:00Z] - INFO - Автоматический режим работы
[2018-06-01 02:00:00Z] - INFO - Файлы отчетности не найдены в каталоге l:\PTK PSD\Post\ELO\OUT
[2018-06-01 02:15:00Z] - INFO - Автоматический режим работы
[2018-06-01 02:15:00Z] - INFO - Файлы отчетности не найдены в каталоге l:\PTK PSD\Post\ELO\OUT
[2018-06-01 02:30:00Z] - INFO - Автоматический режим работы
[2018-06-01 02:30:00Z] - INFO - Файлы отчетности не найдены в каталоге l:\PTK PSD\Post\ELO\OUT
[2018-06-01 02:45:00Z] - INFO - Автоматический режим работы
[2018-06-01 02:45:00Z] - INFO - Файлы отчетности не найдены в каталоге l:\PTK PSD\Post\ELO\OUT
[2018-06-01 03:00:00Z] - INFO - Автоматический режим работы
[2018-06-01 03:00:00Z] - INFO - Файлы отчетности не найдены в каталоге l:\PTK PSD\Post\ELO\OUT
[2018-06-01 03:15:00Z] - INFO - Автоматический режим работы
[2018-06-01 03:15:00Z] - INFO - Файлы отчетности не найдены в каталоге l:\PTK PSD\Post\ELO\OUT
[2018-06-01 03:30:00Z] - INFO - Автоматический режим работы
[2018-06-01 03:30:00Z] - INFO - Файлы отчетности не найдены в каталоге l:\PTK PSD\Post\ELO\OUT
[2018-06-01 03:45:00Z] - INFO - Автоматический режим работы
[2018-06-01 03:45:00Z] - INFO - Файлы отчетности не найдены в каталоге l:\PTK PSD\Post\ELO\OUT
[2018-06-01 04:00:00Z] - INFO - Автоматический режим работы
[2018-06-01 04:00:00Z] - INFO - Файлы отчетности не найдены в каталоге l:\PTK PSD\Post\ELO\OUT
[2018-06-01 04:15:00Z] - INFO - Автоматический режим работы
[2018-06-01 04:15:00Z] - INFO - Файлы отчетности не найдены в каталоге l:\PTK PSD\Post\ELO\OUT
[2018-06-01 04:30:00Z] - INFO - Автоматический режим работы
[2018-06-01 04:30:00Z] - INFO - Файлы отчетности не найдены в каталоге l:\PTK PSD\Post\ELO\OUT
[2018-06-01 04:45:00Z] - INFO - Автоматический режим работы
[2018-06-01 04:45:00Z] - INFO - Файлы отчетности не найдены в каталоге l:\PTK PSD\Post\ELO\OUT
[2018-06-01 05:00:00Z] - INFO - Автоматический режим работы
[2018-06-01 05:00:00Z] - INFO - Файлы отчетности не найдены в каталоге l:\PTK PSD\Post\ELO\OUT
[2018-06-01 05:15:00Z] - INFO - Автоматический режим работы
[2018-06-01 05:15:00Z] - INFO - Файлы отчетности не найдены в каталоге l:\PTK PSD\Post\ELO\OUT
[2018-06-01 05:30:00Z] - INFO - Автоматический режим работы
[2018-06-01 05:30:00Z] - INFO - Файлы отчетности не найдены в каталоге l:\PTK PSD\Post\ELO\OUT
[2018-06-01 05:45:00Z] - INFO - Автоматический режим работы
[2018-06-01 05:45:00Z] - INFO - Файлы отчетности не найдены в каталоге l:\PTK PSD\Post\ELO\OUT
[2018-06-01 06:00:00Z] - INFO - Автоматический режим работы
[2018-06-01 06:00:00Z] - INFO - Файлы отчетности не найдены в каталоге l:\PTK PSD\Post\ELO\OUT
[2018-06-01 06:15:00Z] - INFO - Автоматический режим работы
[2018-06-01 06:15:00Z] - INFO - Файлы отчетности не найдены в каталоге l:\PTK PSD\Post\ELO\OUT
[2018-06-01 06:30:00Z] - INFO - Автоматический режим работы
[2018-06-01 06:30:00Z] - INFO - Файлы отчетности не найдены в каталоге l:\PTK PSD\Post\ELO\OUT
[2018-06-01 06:45:00Z] - INFO - Автоматический режим работы
[2018-06-01 06:45:00Z] - INFO - Файлы отчетности не найдены в каталоге l:\PTK PSD\Post\ELO\OUT
[2018-06-01 07:00:00Z] - INFO - Автоматический режим работы
[2018-06-01 07:00:00Z] - INFO - Файлы отчетности не найдены в каталоге l:\PTK PSD\Post\ELO\OUT
[2018-06-01 07:15:00Z] - INFO - Автоматический режим работы
[2018-06-01 07:15:00Z] - INFO - Файлы отчетности не найдены в каталоге l:\PTK PSD\Post\ELO\OUT
[2018-06-01 07:30:09Z] - INFO - Автоматический режим работы
[2018-06-01 07:30:09Z] - INFO - Файлы отчетности не найдены в каталоге l:\PTK PSD\Post\ELO\OUT
[2018-06-01 07:45:00Z] - INFO - Автоматический режим работы
[2018-06-01 07:45:00Z] - INFO - Файлы отчетности не найдены в каталоге l:\PTK PSD\Post\ELO\OUT
[2018-06-01 08:00:00Z] - INFO - Автоматический режим работы
[2018-06-01 08:00:00Z] - INFO - Файлы отчетности не найдены в каталоге l:\PTK PSD\Post\ELO\OUT
[2018-06-01 08:15:00Z] - INFO - Автоматический режим работы
[2018-06-01 08:15:00Z] - INFO - Файлы отчетности не найдены в каталоге l:\PTK PSD\Post\ELO\OUT
[2018-06-01 08:30:00Z] - INFO - Автоматический режим работы
[2018-06-01 08:30:00Z] - INFO - Файлы отчетности не найдены в каталоге l:\PTK PSD\Post\ELO\OUT
[2018-06-01 08:45:00Z] - INFO - Автоматический режим работы
[2018-06-01 08:45:00Z] - INFO - Файлы отчетности не найдены в каталоге l:\PTK PSD\Post\ELO\OUT
[2018-06-01 09:00:01Z] - INFO - Автоматический режим работы
[2018-06-01 09:00:01Z] - INFO - Файлы отчетности не найдены в каталоге l:\PTK PSD\Post\ELO\OUT
[2018-06-01 09:15:00Z] - INFO - Автоматический режим работы
[2018-06-01 09:15:00Z] - INFO - Файлы отчетности не найдены в каталоге l:\PTK PSD\Post\ELO\OUT
[2018-06-01 09:30:00Z] - INFO - Автоматический режим работы
[2018-06-01 09:30:00Z] - INFO - Файлы отчетности не найдены в каталоге l:\PTK PSD\Post\ELO\OUT
[2018-06-01 09:45:00Z] - INFO - Автоматический режим работы
[2018-06-01 09:45:00Z] - INFO - Файлы отчетности не найдены в каталоге l:\PTK PSD\Post\ELO\OUT
[2018-06-01 10:00:01Z] - INFO - Автоматический режим работы
[2018-06-01 10:00:01Z] - INFO - Файлы отчетности не найдены в каталоге l:\PTK PSD\Post\ELO\OUT
[2018-06-01 10:15:00Z] - INFO - Автоматический режим работы
[2018-06-01 10:15:00Z] - INFO - Файлы отчетности не найдены в каталоге l:\PTK PSD\Post\ELO\OUT
[2018-06-01 10:30:00Z] - INFO - Автоматический режим работы
[2018-06-01 10:30:00Z] - INFO - Файлы отчетности не найдены в каталоге l:\PTK PSD\Post\ELO\OUT
[2018-06-01 10:45:00Z] - INFO - Автоматический режим работы
[2018-06-01 10:45:00Z] - INFO - Файлы отчетности не найдены в каталоге l:\PTK PSD\Post\ELO\OUT
[2018-06-01 11:00:01Z] - INFO - Автоматический режим работы
[2018-06-01 11:00:01Z] - INFO - Файлы отчетности не найдены в каталоге l:\PTK PSD\Post\ELO\OUT
[2018-06-01 11:30:15Z] - INFO - Автоматический режим работы
[2018-06-01 11:30:15Z] - INFO - Файлы отчетности не найдены в каталоге l:\PTK PSD\Post\ELO\OUT
[2018-06-01 11:45:00Z] - INFO - Автоматический режим работы
[2018-06-01 11:45:00Z] - INFO - Файлы отчетности не найдены в каталоге l:\PTK PSD\Post\ELO\OUT
[2018-06-01 12:00:01Z] - INFO - Автоматический режим работы
[2018-06-01 12:00:01Z] - INFO - Файлы отчетности не найдены в каталоге l:\PTK PSD\Post\ELO\OUT
[2018-06-01 12:15:00Z] - INFO - Автоматический режим работы
[2018-06-01 12:15:00Z] - INFO - Файлы отчетности не найдены в каталоге l:\PTK PSD\Post\ELO\OUT
[2018-06-01 12:30:00Z] - INFO - Автоматический режим работы
[2018-06-01 12:30:00Z] - INFO - Файлы отчетности не найдены в каталоге l:\PTK PSD\Post\ELO\OUT
[2018-06-01 12:45:00Z] - INFO - Автоматический режим работы
[2018-06-01 12:45:00Z] - INFO - Файлы отчетности не найдены в каталоге l:\PTK PSD\Post\ELO\OUT
[2018-06-01 13:00:01Z] - INFO - Автоматический режим работы
[2018-06-01 13:00:01Z] - INFO - Файлы отчетности не найдены в каталоге l:\PTK PSD\Post\ELO\OUT
[2018-06-01 13:15:00Z] - INFO - Автоматический режим работы
[2018-06-01 13:15:00Z] - INFO - Файлы отчетности не найдены в каталоге l:\PTK PSD\Post\ELO\OUT
[2018-06-01 13:30:00Z] - INFO - Автоматический режим работы
[2018-06-01 13:30:00Z] - INFO - Файлы отчетности не найдены в каталоге l:\PTK PSD\Post\ELO\OUT
[2018-06-01 13:45:00Z] - INFO - Автоматический режим работы
[2018-06-01 13:45:00Z] - INFO - Файлы отчетности не найдены в каталоге l:\PTK PSD\Post\ELO\OUT
[2018-06-01 14:00:01Z] - INFO - Автоматический режим работы
[2018-06-01 14:00:01Z] - INFO - Файлы отчетности не найдены в каталоге l:\PTK PSD\Post\ELO\OUT
[2018-06-01 14:15:00Z] - INFO - Автоматический режим работы
[2018-06-01 14:15:00Z] - INFO - Файлы отчетности не найдены в каталоге l:\PTK PSD\Post\ELO\OUT
[2018-06-01 14:30:00Z] - INFO - Автоматический режим работы
[2018-06-01 14:30:00Z] - INFO - Файлы отчетности не найдены в каталоге l:\PTK PSD\Post\ELO\OUT
[2018-06-01 14:45:00Z] - INFO - Автоматический режим работы
[2018-06-01 14:45:00Z] - INFO - Файлы отчетности не найдены в каталоге l:\PTK PSD\Post\ELO\OUT
[2018-06-01 15:00:01Z] - INFO - Автоматический режим работы
[2018-06-01 15:00:01Z] - INFO - Файлы отчетности не найдены в каталоге l:\PTK PSD\Post\ELO\OUT
[2018-06-01 15:15:00Z] - INFO - Автоматический режим работы
[2018-06-01 15:15:00Z] - INFO - Файлы отчетности не найдены в каталоге l:\PTK PSD\Post\ELO\OUT
[2018-06-01 15:30:00Z] - INFO - Автоматический режим работы
[2018-06-01 15:30:00Z] - INFO - Файлы отчетности не найдены в каталоге l:\PTK PSD\Post\ELO\OUT
[2018-06-01 15:45:00Z] - INFO - Автоматический режим работы
[2018-06-01 15:45:00Z] - INFO - Файлы отчетности не найдены в каталоге l:\PTK PSD\Post\ELO\OUT
[2018-06-01 16:00:01Z] - INFO - Автоматический режим работы
[2018-06-01 16:00:01Z] - INFO - Файлы отчетности не найдены в каталоге l:\PTK PSD\Post\ELO\OUT
[2018-06-01 16:15:00Z] - INFO - Автоматический режим работы
[2018-06-01 16:15:00Z] - INFO - Файлы отчетности не найдены в каталоге l:\PTK PSD\Post\ELO\OUT
[2018-06-01 16:30:00Z] - INFO - Автоматический режим работы
[2018-06-01 16:30:04Z] - INFO - Начат автоматический приём по форме 440П 01.06.2018 16:30:00
[2018-06-01 16:30:05Z] - INFO - Копируем файл AFN_MIFNS00_7106962_20180531_00002.ARJ
[2018-06-01 16:30:06Z] - INFO - Сохраняем текущею ключевую дискету
[2018-06-01 16:30:07Z] - INFO - Копирование файлов в архив \\tmn-ts-01\440p\Arhive\01062018
[2018-06-01 16:30:07Z] - INFO - Выполнение операции "Копирование файла" над целевым объектом "Элемент: C:\work\
AFN_MIFNS00_7106962_20180531_00002.ARJ Назначение: \\tmn-ts-01\440p\Arhive\0106
2018\AFN_MIFNS00_7106962_20180531_00002.ARJ".

[2018-06-01 16:30:07Z] - INFO - Снимаем подпись с arj-архивов
[2018-06-01 16:30:07Z] - INFO - Загружаем ключевую дискету C:\DISKET2018\disk\disk22
[2018-06-01 16:30:07Z] - INFO - Начинаем преобразование...
[2018-06-01 16:44:24Z] - INFO - Сравниваем до и после преобразования...
[2018-06-01 16:44:30Z] - INFO - Начинаем разархивацию...
[2018-06-01 16:44:30Z] - INFO - Разархивация файла C:\work\AFN_MIFNS00_7106962_20180531_00002.ARJ
[2018-06-01 16:44:31Z] - INFO - Расшифровываем vrb-файлы
[2018-06-01 16:44:31Z] - INFO - Загружаем ключевую дискету c:\DISKET2018\Disk\DISK21
[2018-06-01 16:44:32Z] - INFO - Начинаем преобразование...
[2018-06-01 16:44:37Z] - INFO - Сравниваем до и после преобразования...
[2018-06-01 16:44:42Z] - INFO - Переименовываем файлы в xml
[2018-06-01 16:44:42Z] - INFO - Снимаем подпись с xml-файлов
[2018-06-01 16:44:42Z] - INFO - Загружаем ключевую дискету C:\DISKET2018\disk\disk22
[2018-06-01 16:44:43Z] - INFO - Начинаем преобразование...
[2018-06-01 16:44:48Z] - INFO - Сравниваем до и после преобразования...
[2018-06-01 16:44:54Z] - INFO - Форматируем xml-файлы
[2018-06-01 16:44:54Z] - INFO - Пришли подтверждения
[2018-06-01 16:44:55Z] - INFO - Пришли успешные подтверждения - 28 шт.
Потверждения находятся в каталоге \\tmn-ts-01\440p\ack\01062018


[2018-06-01 16:45:03Z] - INFO - Пришло всего 3 сообщений
Из них:
Решения: 3

[2018-06-01 16:45:03Z] - INFO - Удаляем файл l:\PTK PSD\Post\ELO\OUT\AFN_MIFNS00_7106962_20180531_00002.ARJ
[2018-06-01 16:45:03Z] - INFO - Загружаем исходную ключевую дискету
[2018-06-01 16:45:03Z] - INFO - Конец работы скрипта!
[2018-06-01 17:00:01Z] - INFO - Автоматический режим работы
[2018-06-01 17:00:01Z] - INFO - Файлы отчетности не найдены в каталоге l:\PTK PSD\Post\ELO\OUT
[2018-06-01 17:15:00Z] - INFO - Автоматический режим работы
[2018-06-01 17:15:00Z] - INFO - Файлы отчетности не найдены в каталоге l:\PTK PSD\Post\ELO\OUT
[2018-06-01 17:30:00Z] - INFO - Автоматический режим работы
[2018-06-01 17:30:01Z] - INFO - Файлы отчетности не найдены в каталоге l:\PTK PSD\Post\ELO\OUT
[2018-06-01 17:45:00Z] - INFO - Автоматический режим работы
[2018-06-01 17:45:00Z] - INFO - Файлы отчетности не найдены в каталоге l:\PTK PSD\Post\ELO\OUT
[2018-06-01 18:00:01Z] - INFO - Автоматический режим работы
[2018-06-01 18:00:01Z] - INFO - Файлы отчетности не найдены в каталоге l:\PTK PSD\Post\ELO\OUT
[2018-06-01 18:15:00Z] - INFO - Автоматический режим работы
[2018-06-01 18:15:00Z] - INFO - Файлы отчетности не найдены в каталоге l:\PTK PSD\Post\ELO\OUT
[2018-06-01 18:30:00Z] - INFO - Автоматический режим работы
[2018-06-01 18:30:00Z] - INFO - Файлы отчетности не найдены в каталоге l:\PTK PSD\Post\ELO\OUT
[2018-06-01 18:45:00Z] - INFO - Автоматический режим работы
[2018-06-01 18:45:00Z] - INFO - Файлы отчетности не найдены в каталоге l:\PTK PSD\Post\ELO\OUT
[2018-06-01 19:00:01Z] - INFO - Автоматический режим работы
[2018-06-01 19:00:01Z] - INFO - Файлы отчетности не найдены в каталоге l:\PTK PSD\Post\ELO\OUT
[2018-06-01 19:15:00Z] - INFO - Автоматический режим работы
[2018-06-01 19:15:00Z] - INFO - Файлы отчетности не найдены в каталоге l:\PTK PSD\Post\ELO\OUT
[2018-06-01 19:30:00Z] - INFO - Автоматический режим работы
[2018-06-01 19:30:00Z] - INFO - Файлы отчетности не найдены в каталоге l:\PTK PSD\Post\ELO\OUT
[2018-06-01 19:45:00Z] - INFO - Автоматический режим работы
[2018-06-01 19:45:00Z] - INFO - Файлы отчетности не найдены в каталоге l:\PTK PSD\Post\ELO\OUT
[2018-06-01 20:00:00Z] - INFO - Автоматический режим работы
[2018-06-01 20:00:00Z] - INFO - Файлы отчетности не найдены в каталоге l:\PTK PSD\Post\ELO\OUT
[2018-06-01 20:15:00Z] - INFO - Автоматический режим работы
[2018-06-01 20:15:00Z] - INFO - Файлы отчетности не найдены в каталоге l:\PTK PSD\Post\ELO\OUT
[2018-06-01 20:30:00Z] - INFO - Автоматический режим работы
[2018-06-01 20:30:00Z] - INFO - Файлы отчетности не найдены в каталоге l:\PTK PSD\Post\ELO\OUT
[2018-06-01 20:45:00Z] - INFO - Автоматический режим работы
[2018-06-01 20:45:00Z] - INFO - Файлы отчетности не найдены в каталоге l:\PTK PSD\Post\ELO\OUT
[2018-06-01 21:00:00Z] - INFO - Автоматический режим работы
[2018-06-01 21:00:00Z] - INFO - Файлы отчетности не найдены в каталоге l:\PTK PSD\Post\ELO\OUT
[2018-06-01 21:15:00Z] - INFO - Автоматический режим работы
[2018-06-01 21:15:00Z] - INFO - Файлы отчетности не найдены в каталоге l:\PTK PSD\Post\ELO\OUT
[2018-06-01 21:30:00Z] - INFO - Автоматический режим работы
[2018-06-01 21:30:00Z] - INFO - Файлы отчетности не найдены в каталоге l:\PTK PSD\Post\ELO\OUT
[2018-06-01 21:45:00Z] - INFO - Автоматический режим работы
[2018-06-01 21:45:00Z] - INFO - Файлы отчетности не найдены в каталоге l:\PTK PSD\Post\ELO\OUT
[2018-06-01 22:00:00Z] - INFO - Автоматический режим работы
[2018-06-01 22:00:00Z] - INFO - Файлы отчетности не найдены в каталоге l:\PTK PSD\Post\ELO\OUT
[2018-06-01 22:15:00Z] - INFO - Автоматический режим работы
[2018-06-01 22:15:00Z] - INFO - Файлы отчетности не найдены в каталоге l:\PTK PSD\Post\ELO\OUT
[2018-06-01 22:30:00Z] - INFO - Автоматический режим работы
[2018-06-01 22:30:00Z] - INFO - Файлы отчетности не найдены в каталоге l:\PTK PSD\Post\ELO\OUT
[2018-06-01 22:45:00Z] - INFO - Автоматический режим работы
[2018-06-01 22:45:00Z] - INFO - Файлы отчетности не найдены в каталоге l:\PTK PSD\Post\ELO\OUT
[2018-06-01 23:00:00Z] - INFO - Автоматический режим работы
[2018-06-01 23:00:00Z] - INFO - Файлы отчетности не найдены в каталоге l:\PTK PSD\Post\ELO\OUT
[2018-06-01 23:15:00Z] - INFO - Автоматический режим работы
[2018-06-01 23:15:00Z] - INFO - Файлы отчетности не найдены в каталоге l:\PTK PSD\Post\ELO\OUT
[2018-06-01 23:30:00Z] - INFO - Автоматический режим работы
[2018-06-01 23:30:00Z] - INFO - Файлы отчетности не найдены в каталоге l:\PTK PSD\Post\ELO\OUT
[2018-06-01 23:45:12Z] - INFO - Автоматический режим работы
[2018-06-01 23:45:12Z] - INFO - Файлы отчетности не найдены в каталоге l:\PTK PSD\Post\ELO\OUT
