[2018-10-01 00:00:00Z] - INFO - Автоматический режим работы
[2018-10-01 00:00:00Z] - INFO - Файлы отчетности не найдены в каталоге l:\PTK PSD\Post\ELO\OUT
[2018-10-01 00:15:00Z] - INFO - Автоматический режим работы
[2018-10-01 00:15:00Z] - INFO - Файлы отчетности не найдены в каталоге l:\PTK PSD\Post\ELO\OUT
[2018-10-01 00:30:00Z] - INFO - Автоматический режим работы
[2018-10-01 00:30:00Z] - INFO - Файлы отчетности не найдены в каталоге l:\PTK PSD\Post\ELO\OUT
[2018-10-01 00:45:00Z] - INFO - Автоматический режим работы
[2018-10-01 00:45:00Z] - INFO - Файлы отчетности не найдены в каталоге l:\PTK PSD\Post\ELO\OUT
[2018-10-01 01:00:00Z] - INFO - Автоматический режим работы
[2018-10-01 01:00:00Z] - INFO - Файлы отчетности не найдены в каталоге l:\PTK PSD\Post\ELO\OUT
[2018-10-01 01:15:00Z] - INFO - Автоматический режим работы
[2018-10-01 01:15:00Z] - INFO - Файлы отчетности не найдены в каталоге l:\PTK PSD\Post\ELO\OUT
[2018-10-01 01:30:00Z] - INFO - Автоматический режим работы
[2018-10-01 01:30:00Z] - INFO - Файлы отчетности не найдены в каталоге l:\PTK PSD\Post\ELO\OUT
[2018-10-01 01:45:00Z] - INFO - Автоматический режим работы
[2018-10-01 01:45:00Z] - INFO - Файлы отчетности не найдены в каталоге l:\PTK PSD\Post\ELO\OUT
[2018-10-01 02:00:00Z] - INFO - Автоматический режим работы
[2018-10-01 02:00:00Z] - INFO - Файлы отчетности не найдены в каталоге l:\PTK PSD\Post\ELO\OUT
[2018-10-01 02:15:00Z] - INFO - Автоматический режим работы
[2018-10-01 02:15:00Z] - INFO - Файлы отчетности не найдены в каталоге l:\PTK PSD\Post\ELO\OUT
[2018-10-01 02:30:00Z] - INFO - Автоматический режим работы
[2018-10-01 02:30:00Z] - INFO - Файлы отчетности не найдены в каталоге l:\PTK PSD\Post\ELO\OUT
[2018-10-01 02:45:00Z] - INFO - Автоматический режим работы
[2018-10-01 02:45:00Z] - INFO - Файлы отчетности не найдены в каталоге l:\PTK PSD\Post\ELO\OUT
[2018-10-01 03:00:00Z] - INFO - Автоматический режим работы
[2018-10-01 03:00:00Z] - INFO - Файлы отчетности не найдены в каталоге l:\PTK PSD\Post\ELO\OUT
[2018-10-01 03:15:00Z] - INFO - Автоматический режим работы
[2018-10-01 03:15:00Z] - INFO - Файлы отчетности не найдены в каталоге l:\PTK PSD\Post\ELO\OUT
[2018-10-01 03:30:00Z] - INFO - Автоматический режим работы
[2018-10-01 03:30:00Z] - INFO - Файлы отчетности не найдены в каталоге l:\PTK PSD\Post\ELO\OUT
[2018-10-01 03:45:00Z] - INFO - Автоматический режим работы
[2018-10-01 03:45:00Z] - INFO - Файлы отчетности не найдены в каталоге l:\PTK PSD\Post\ELO\OUT
[2018-10-01 04:00:00Z] - INFO - Автоматический режим работы
[2018-10-01 04:00:00Z] - INFO - Файлы отчетности не найдены в каталоге l:\PTK PSD\Post\ELO\OUT
[2018-10-01 04:15:00Z] - INFO - Автоматический режим работы
[2018-10-01 04:15:00Z] - INFO - Файлы отчетности не найдены в каталоге l:\PTK PSD\Post\ELO\OUT
[2018-10-01 04:30:00Z] - INFO - Автоматический режим работы
[2018-10-01 04:30:00Z] - INFO - Файлы отчетности не найдены в каталоге l:\PTK PSD\Post\ELO\OUT
[2018-10-01 04:45:00Z] - INFO - Автоматический режим работы
[2018-10-01 04:45:00Z] - INFO - Файлы отчетности не найдены в каталоге l:\PTK PSD\Post\ELO\OUT
[2018-10-01 05:00:00Z] - INFO - Автоматический режим работы
[2018-10-01 05:00:00Z] - INFO - Файлы отчетности не найдены в каталоге l:\PTK PSD\Post\ELO\OUT
[2018-10-01 05:15:00Z] - INFO - Автоматический режим работы
[2018-10-01 05:15:00Z] - INFO - Файлы отчетности не найдены в каталоге l:\PTK PSD\Post\ELO\OUT
[2018-10-01 05:30:00Z] - INFO - Автоматический режим работы
[2018-10-01 05:30:00Z] - INFO - Файлы отчетности не найдены в каталоге l:\PTK PSD\Post\ELO\OUT
[2018-10-01 05:45:00Z] - INFO - Автоматический режим работы
[2018-10-01 05:45:00Z] - INFO - Файлы отчетности не найдены в каталоге l:\PTK PSD\Post\ELO\OUT
[2018-10-01 06:00:00Z] - INFO - Автоматический режим работы
[2018-10-01 06:00:00Z] - INFO - Файлы отчетности не найдены в каталоге l:\PTK PSD\Post\ELO\OUT
[2018-10-01 06:15:00Z] - INFO - Автоматический режим работы
[2018-10-01 06:15:00Z] - INFO - Файлы отчетности не найдены в каталоге l:\PTK PSD\Post\ELO\OUT
[2018-10-01 06:30:00Z] - INFO - Автоматический режим работы
[2018-10-01 06:30:00Z] - INFO - Файлы отчетности не найдены в каталоге l:\PTK PSD\Post\ELO\OUT
[2018-10-01 06:45:00Z] - INFO - Автоматический режим работы
[2018-10-01 06:45:00Z] - INFO - Файлы отчетности не найдены в каталоге l:\PTK PSD\Post\ELO\OUT
[2018-10-01 07:00:00Z] - INFO - Автоматический режим работы
[2018-10-01 07:00:00Z] - INFO - Файлы отчетности не найдены в каталоге l:\PTK PSD\Post\ELO\OUT
[2018-10-01 07:15:00Z] - INFO - Автоматический режим работы
[2018-10-01 07:15:00Z] - INFO - Файлы отчетности не найдены в каталоге l:\PTK PSD\Post\ELO\OUT
[2018-10-01 07:30:00Z] - INFO - Автоматический режим работы
[2018-10-01 07:30:00Z] - INFO - Файлы отчетности не найдены в каталоге l:\PTK PSD\Post\ELO\OUT
[2018-10-01 07:45:00Z] - INFO - Автоматический режим работы
[2018-10-01 07:45:00Z] - INFO - Файлы отчетности не найдены в каталоге l:\PTK PSD\Post\ELO\OUT
[2018-10-01 08:00:00Z] - INFO - Автоматический режим работы
[2018-10-01 08:00:00Z] - INFO - Файлы отчетности не найдены в каталоге l:\PTK PSD\Post\ELO\OUT
[2018-10-01 08:15:00Z] - INFO - Автоматический режим работы
[2018-10-01 08:15:00Z] - INFO - Файлы отчетности не найдены в каталоге l:\PTK PSD\Post\ELO\OUT
[2018-10-01 08:30:00Z] - INFO - Автоматический режим работы
[2018-10-01 08:30:00Z] - INFO - Файлы отчетности не найдены в каталоге l:\PTK PSD\Post\ELO\OUT
[2018-10-01 08:45:00Z] - INFO - Автоматический режим работы
[2018-10-01 08:45:00Z] - INFO - Файлы отчетности не найдены в каталоге l:\PTK PSD\Post\ELO\OUT
[2018-10-01 09:00:01Z] - INFO - Автоматический режим работы
[2018-10-01 09:00:01Z] - INFO - Файлы отчетности не найдены в каталоге l:\PTK PSD\Post\ELO\OUT
[2018-10-01 09:15:00Z] - INFO - Автоматический режим работы
[2018-10-01 09:15:00Z] - INFO - Файлы отчетности не найдены в каталоге l:\PTK PSD\Post\ELO\OUT
[2018-10-01 09:30:00Z] - INFO - Автоматический режим работы
[2018-10-01 09:30:00Z] - INFO - Файлы отчетности не найдены в каталоге l:\PTK PSD\Post\ELO\OUT
[2018-10-01 09:45:00Z] - INFO - Автоматический режим работы
[2018-10-01 09:45:00Z] - INFO - Файлы отчетности не найдены в каталоге l:\PTK PSD\Post\ELO\OUT
[2018-10-01 10:00:01Z] - INFO - Автоматический режим работы
[2018-10-01 10:00:01Z] - INFO - Файлы отчетности не найдены в каталоге l:\PTK PSD\Post\ELO\OUT
[2018-10-01 10:15:00Z] - INFO - Автоматический режим работы
[2018-10-01 10:15:00Z] - INFO - Файлы отчетности не найдены в каталоге l:\PTK PSD\Post\ELO\OUT
[2018-10-01 10:30:00Z] - INFO - Автоматический режим работы
[2018-10-01 10:30:00Z] - INFO - Файлы отчетности не найдены в каталоге l:\PTK PSD\Post\ELO\OUT
[2018-10-01 10:45:00Z] - INFO - Автоматический режим работы
[2018-10-01 10:45:00Z] - INFO - Файлы отчетности не найдены в каталоге l:\PTK PSD\Post\ELO\OUT
[2018-10-01 11:00:00Z] - INFO - Автоматический режим работы
[2018-10-01 11:00:01Z] - INFO - Файлы отчетности не найдены в каталоге l:\PTK PSD\Post\ELO\OUT
[2018-10-01 11:15:00Z] - INFO - Автоматический режим работы
[2018-10-01 11:15:00Z] - INFO - Файлы отчетности не найдены в каталоге l:\PTK PSD\Post\ELO\OUT
[2018-10-01 11:30:00Z] - INFO - Автоматический режим работы
[2018-10-01 11:30:00Z] - INFO - Файлы отчетности не найдены в каталоге l:\PTK PSD\Post\ELO\OUT
[2018-10-01 11:45:00Z] - INFO - Автоматический режим работы
[2018-10-01 11:45:00Z] - INFO - Файлы отчетности не найдены в каталоге l:\PTK PSD\Post\ELO\OUT
[2018-10-01 12:00:01Z] - INFO - Автоматический режим работы
[2018-10-01 12:00:01Z] - INFO - Файлы отчетности не найдены в каталоге l:\PTK PSD\Post\ELO\OUT
[2018-10-01 12:15:00Z] - INFO - Автоматический режим работы
[2018-10-01 12:15:00Z] - INFO - Файлы отчетности не найдены в каталоге l:\PTK PSD\Post\ELO\OUT
[2018-10-01 12:30:00Z] - INFO - Автоматический режим работы
[2018-10-01 12:30:01Z] - INFO - Начат автоматический приём по форме 440П 01.10.2018 12:30:00
[2018-10-01 12:30:02Z] - INFO - Копируем файл AFN_MIFNS00_7106962_20181001_00001.ARJ
[2018-10-01 12:30:02Z] - INFO - Сохраняем текущею ключевую дискету
[2018-10-01 12:30:04Z] - INFO - Копирование файлов в архив \\tmn-ts-01\440p\Arhive\01102018
[2018-10-01 12:30:04Z] - INFO - Выполнение операции "Копирование файла" над целевым объектом "Элемент: C:\work\
AFN_MIFNS00_7106962_20181001_00001.ARJ Назначение: \\tmn-ts-01\440p\Arhive\0110
2018\AFN_MIFNS00_7106962_20181001_00001.ARJ".

[2018-10-01 12:30:04Z] - INFO - Снимаем подпись с arj-архивов
[2018-10-01 12:30:04Z] - INFO - Загружаем ключевую дискету C:\DISKET2018\disk\disk22
[2018-10-01 12:30:04Z] - INFO - Начинаем преобразование...
[2018-10-01 12:30:13Z] - INFO - Сравниваем до и после преобразования...
[2018-10-01 12:30:19Z] - INFO - Начинаем разархивацию...
[2018-10-01 12:30:19Z] - INFO - Разархивация файла C:\work\AFN_MIFNS00_7106962_20181001_00001.ARJ
[2018-10-01 12:30:20Z] - INFO - Расшифровываем vrb-файлы
[2018-10-01 12:30:20Z] - INFO - Загружаем ключевую дискету c:\DISKET2018\Disk\DISK21
[2018-10-01 12:30:21Z] - INFO - Начинаем преобразование...
[2018-10-01 12:30:26Z] - INFO - Сравниваем до и после преобразования...
[2018-10-01 12:30:31Z] - INFO - Переименовываем файлы в xml
[2018-10-01 12:30:31Z] - INFO - Снимаем подпись с xml-файлов
[2018-10-01 12:30:31Z] - INFO - Загружаем ключевую дискету C:\DISKET2018\disk\disk22
[2018-10-01 12:30:33Z] - INFO - Начинаем преобразование...
[2018-10-01 12:30:37Z] - INFO - Сравниваем до и после преобразования...
[2018-10-01 12:30:42Z] - INFO - Форматируем xml-файлы
[2018-10-01 12:30:42Z] - INFO - Пришло всего 1 сообщений
Из них:
Запросы: 1

[2018-10-01 12:30:42Z] - INFO - Удаляем файл l:\PTK PSD\Post\ELO\OUT\AFN_MIFNS00_7106962_20181001_00001.ARJ
[2018-10-01 12:30:42Z] - INFO - Загружаем исходную ключевую дискету
[2018-10-01 12:30:44Z] - INFO - Конец работы скрипта!
[2018-10-01 12:45:00Z] - INFO - Автоматический режим работы
[2018-10-01 12:45:01Z] - INFO - Начат автоматический приём по форме 440П 01.10.2018 12:45:00
[2018-10-01 12:45:01Z] - INFO - Копируем файл AFN_MIFNS00_7106962_20180928_00003.ARJ
[2018-10-01 12:45:01Z] - INFO - Сохраняем текущею ключевую дискету
[2018-10-01 12:45:02Z] - INFO - Копирование файлов в архив \\tmn-ts-01\440p\Arhive\01102018
[2018-10-01 12:45:02Z] - INFO - Выполнение операции "Копирование файла" над целевым объектом "Элемент: C:\work\
AFN_MIFNS00_7106962_20180928_00003.ARJ Назначение: \\tmn-ts-01\440p\Arhive\0110
2018\AFN_MIFNS00_7106962_20180928_00003.ARJ".

[2018-10-01 12:45:02Z] - INFO - Снимаем подпись с arj-архивов
[2018-10-01 12:45:02Z] - INFO - Загружаем ключевую дискету C:\DISKET2018\disk\disk22
[2018-10-01 12:45:03Z] - INFO - Начинаем преобразование...
[2018-10-01 12:45:08Z] - INFO - Сравниваем до и после преобразования...
[2018-10-01 12:45:13Z] - INFO - Начинаем разархивацию...
[2018-10-01 12:45:13Z] - INFO - Разархивация файла C:\work\AFN_MIFNS00_7106962_20180928_00003.ARJ
[2018-10-01 12:45:14Z] - INFO - Снимаем подпись с xml-файлов
[2018-10-01 12:45:14Z] - INFO - Загружаем ключевую дискету C:\DISKET2018\disk\disk22
[2018-10-01 12:45:15Z] - INFO - Начинаем преобразование...
[2018-10-01 12:45:20Z] - INFO - Сравниваем до и после преобразования...
[2018-10-01 12:45:25Z] - INFO - Форматируем xml-файлы
[2018-10-01 12:45:25Z] - INFO - Пришли подтверждения
[2018-10-01 12:45:26Z] - INFO - Пришли успешные подтверждения - 13 шт.
Потверждения находятся в каталоге \\tmn-ts-01\440p\ack\01102018


[2018-10-01 12:45:29Z] - INFO - Удаляем файл l:\PTK PSD\Post\ELO\OUT\AFN_MIFNS00_7106962_20180928_00003.ARJ
[2018-10-01 12:45:29Z] - INFO - Загружаем исходную ключевую дискету
[2018-10-01 12:45:30Z] - INFO - Конец работы скрипта!
[2018-10-01 13:00:00Z] - INFO - Автоматический режим работы
[2018-10-01 13:00:02Z] - INFO - Начат автоматический приём по форме 440П 01.10.2018 13:00:01
[2018-10-01 13:00:02Z] - INFO - Копируем файл AFN_MIFNS00_7106962_20180928_00004.ARJ
[2018-10-01 13:00:02Z] - INFO - Копируем файл AFN_MIFNS00_7106962_20180929_00001.ARJ
[2018-10-01 13:00:02Z] - INFO - Копируем файл AFN_MIFNS00_7106962_20181001_00002.ARJ
[2018-10-01 13:00:02Z] - INFO - Копируем файл AFN_MIFNS00_7106962_20181001_00003.ARJ
[2018-10-01 13:00:02Z] - INFO - Сохраняем текущею ключевую дискету
[2018-10-01 13:00:03Z] - INFO - Копирование файлов в архив \\tmn-ts-01\440p\Arhive\01102018
[2018-10-01 13:00:03Z] - INFO - Выполнение операции "Копирование файла" над целевым объектом "Элемент: C:\work\
AFN_MIFNS00_7106962_20180928_00004.ARJ Назначение: \\tmn-ts-01\440p\Arhive\0110
2018\AFN_MIFNS00_7106962_20180928_00004.ARJ".
Выполнение операции "Копирование файла" над целевым объектом "Элемент: C:\work\
AFN_MIFNS00_7106962_20180929_00001.ARJ Назначение: \\tmn-ts-01\440p\Arhive\0110
2018\AFN_MIFNS00_7106962_20180929_00001.ARJ".
Выполнение операции "Копирование файла" над целевым объектом "Элемент: C:\work\
AFN_MIFNS00_7106962_20181001_00002.ARJ Назначение: \\tmn-ts-01\440p\Arhive\0110
2018\AFN_MIFNS00_7106962_20181001_00002.ARJ".
Выполнение операции "Копирование файла" над целевым объектом "Элемент: C:\work\
AFN_MIFNS00_7106962_20181001_00003.ARJ Назначение: \\tmn-ts-01\440p\Arhive\0110
2018\AFN_MIFNS00_7106962_20181001_00003.ARJ".

[2018-10-01 13:00:03Z] - INFO - Снимаем подпись с arj-архивов
[2018-10-01 13:00:03Z] - INFO - Загружаем ключевую дискету C:\DISKET2018\disk\disk22
[2018-10-01 13:00:04Z] - INFO - Начинаем преобразование...
[2018-10-01 13:00:09Z] - INFO - Сравниваем до и после преобразования...
[2018-10-01 13:00:14Z] - INFO - Начинаем разархивацию...
[2018-10-01 13:00:14Z] - INFO - Разархивация файла C:\work\AFN_MIFNS00_7106962_20180928_00004.ARJ
[2018-10-01 13:00:15Z] - INFO - Разархивация файла C:\work\AFN_MIFNS00_7106962_20180929_00001.ARJ
[2018-10-01 13:00:16Z] - INFO - Разархивация файла C:\work\AFN_MIFNS00_7106962_20181001_00002.ARJ
[2018-10-01 13:00:17Z] - INFO - Разархивация файла C:\work\AFN_MIFNS00_7106962_20181001_00003.ARJ
[2018-10-01 13:00:18Z] - INFO - Расшифровываем vrb-файлы
[2018-10-01 13:00:18Z] - INFO - Загружаем ключевую дискету c:\DISKET2018\Disk\DISK21
[2018-10-01 13:00:19Z] - INFO - Начинаем преобразование...
[2018-10-01 13:00:24Z] - INFO - Сравниваем до и после преобразования...
[2018-10-01 13:00:29Z] - INFO - Переименовываем файлы в xml
[2018-10-01 13:00:29Z] - INFO - Снимаем подпись с xml-файлов
[2018-10-01 13:00:29Z] - INFO - Загружаем ключевую дискету C:\DISKET2018\disk\disk22
[2018-10-01 13:00:30Z] - INFO - Начинаем преобразование...
[2018-10-01 13:00:35Z] - INFO - Сравниваем до и после преобразования...
[2018-10-01 13:00:41Z] - INFO - Форматируем xml-файлы
[2018-10-01 13:00:41Z] - INFO - Пришли подтверждения
[2018-10-01 13:00:51Z] - INFO - Пришли успешные подтверждения - 18 шт.
Потверждения находятся в каталоге \\tmn-ts-01\440p\ack\01102018


[2018-10-01 13:00:55Z] - INFO - Пришло всего 8 сообщений
Из них:
Решения: 5
Поручения: 3

[2018-10-01 13:01:01Z] - INFO - Удаляем файл l:\PTK PSD\Post\ELO\OUT\AFN_MIFNS00_7106962_20180928_00004.ARJ
[2018-10-01 13:01:01Z] - INFO - Удаляем файл l:\PTK PSD\Post\ELO\OUT\AFN_MIFNS00_7106962_20180929_00001.ARJ
[2018-10-01 13:01:01Z] - INFO - Удаляем файл l:\PTK PSD\Post\ELO\OUT\AFN_MIFNS00_7106962_20181001_00002.ARJ
[2018-10-01 13:01:01Z] - INFO - Удаляем файл l:\PTK PSD\Post\ELO\OUT\AFN_MIFNS00_7106962_20181001_00003.ARJ
[2018-10-01 13:01:01Z] - INFO - Загружаем исходную ключевую дискету
[2018-10-01 13:01:02Z] - INFO - Конец работы скрипта!
[2018-10-01 13:15:00Z] - INFO - Автоматический режим работы
[2018-10-01 13:15:00Z] - INFO - Файлы отчетности не найдены в каталоге l:\PTK PSD\Post\ELO\OUT
[2018-10-01 13:30:00Z] - INFO - Автоматический режим работы
[2018-10-01 13:30:00Z] - INFO - Файлы отчетности не найдены в каталоге l:\PTK PSD\Post\ELO\OUT
[2018-10-01 13:45:00Z] - INFO - Автоматический режим работы
[2018-10-01 13:45:00Z] - INFO - Файлы отчетности не найдены в каталоге l:\PTK PSD\Post\ELO\OUT
[2018-10-01 14:00:01Z] - INFO - Автоматический режим работы
[2018-10-01 14:00:01Z] - INFO - Файлы отчетности не найдены в каталоге l:\PTK PSD\Post\ELO\OUT
[2018-10-01 14:15:14Z] - INFO - Автоматический режим работы
[2018-10-01 14:15:14Z] - INFO - Файлы отчетности не найдены в каталоге l:\PTK PSD\Post\ELO\OUT
[2018-10-01 14:30:00Z] - INFO - Автоматический режим работы
[2018-10-01 14:30:00Z] - INFO - Файлы отчетности не найдены в каталоге l:\PTK PSD\Post\ELO\OUT
[2018-10-01 14:45:00Z] - INFO - Автоматический режим работы
[2018-10-01 14:45:00Z] - INFO - Файлы отчетности не найдены в каталоге l:\PTK PSD\Post\ELO\OUT
[2018-10-01 15:00:01Z] - INFO - Автоматический режим работы
[2018-10-01 15:00:01Z] - INFO - Файлы отчетности не найдены в каталоге l:\PTK PSD\Post\ELO\OUT
[2018-10-01 15:15:00Z] - INFO - Автоматический режим работы
[2018-10-01 15:15:00Z] - INFO - Файлы отчетности не найдены в каталоге l:\PTK PSD\Post\ELO\OUT
[2018-10-01 15:30:00Z] - INFO - Автоматический режим работы
[2018-10-01 15:30:00Z] - INFO - Файлы отчетности не найдены в каталоге l:\PTK PSD\Post\ELO\OUT
[2018-10-01 15:45:00Z] - INFO - Автоматический режим работы
[2018-10-01 15:45:00Z] - INFO - Файлы отчетности не найдены в каталоге l:\PTK PSD\Post\ELO\OUT
[2018-10-01 16:00:00Z] - INFO - Автоматический режим работы
[2018-10-01 16:00:01Z] - INFO - Файлы отчетности не найдены в каталоге l:\PTK PSD\Post\ELO\OUT
[2018-10-01 16:15:00Z] - INFO - Автоматический режим работы
[2018-10-01 16:15:00Z] - INFO - Файлы отчетности не найдены в каталоге l:\PTK PSD\Post\ELO\OUT
[2018-10-01 16:30:00Z] - INFO - Автоматический режим работы
[2018-10-01 16:30:00Z] - INFO - Найдены файлы в каталоге c:\work
[2018-10-01 16:30:55Z] - INFO - Обработка отчетности - 440out
[2018-10-01 16:30:56Z] - WARN - Автоматическое копирование в папку c:\work произведено не было!
[2018-10-01 16:30:56Z] - INFO - Сохраняем текущею ключевую дискету
[2018-10-01 16:30:57Z] - INFO - Выполнение операции "Копирование файла" над целевым объектом "Элемент: C:\work\BOS1_RPO17106962_701420181001_000048_201
81001_0002.xml Назначение: \\tmn-ts-01\440p\Arhive\01102018\BOS1_RPO17106962_701420181001_000048_20181001_0002.xml".
Выполнение операции "Копирование файла" над целевым объектом "Элемент: C:\work\BOS1_RPO17106962_860220180929_000253_201
81001_0002.xml Назначение: \\tmn-ts-01\440p\Arhive\01102018\BOS1_RPO17106962_860220180929_000253_20181001_0002.xml".
Выполнение операции "Копирование файла" над целевым объектом "Элемент: C:\work\BOS1_RPO17106962_860220180929_000328_201
81001_0002.xml Назначение: \\tmn-ts-01\440p\Arhive\01102018\BOS1_RPO17106962_860220180929_000328_20181001_0002.xml".
Выполнение операции "Копирование файла" над целевым объектом "Элемент: C:\work\PB1_APZ17106962_720320180928_001004.xml 
Назначение: \\tmn-ts-01\440p\Arhive\01102018\PB1_APZ17106962_720320180928_001004.xml".
Выполнение операции "Копирование файла" над целевым объектом "Элемент: C:\work\PB1_PNO17106962_701420181001_000154.xml 
Назначение: \\tmn-ts-01\440p\Arhive\01102018\PB1_PNO17106962_701420181001_000154.xml".
Выполнение операции "Копирование файла" над целевым объектом "Элемент: C:\work\PB1_PNO17106962_860220180929_000027.xml 
Назначение: \\tmn-ts-01\440p\Arhive\01102018\PB1_PNO17106962_860220180929_000027.xml".
Выполнение операции "Копирование файла" над целевым объектом "Элемент: C:\work\PB1_PNO17106962_860220180929_000084.xml 
Назначение: \\tmn-ts-01\440p\Arhive\01102018\PB1_PNO17106962_860220180929_000084.xml".
Выполнение операции "Копирование файла" над целевым объектом "Элемент: C:\work\PB1_ROO17106962_720320180928_000920.xml 
Назначение: \\tmn-ts-01\440p\Arhive\01102018\PB1_ROO17106962_720320180928_000920.xml".
Выполнение операции "Копирование файла" над целевым объектом "Элемент: C:\work\PB1_ROO17106962_860220181001_000035.xml 
Назначение: \\tmn-ts-01\440p\Arhive\01102018\PB1_ROO17106962_860220181001_000035.xml".
Выполнение операции "Копирование файла" над целевым объектом "Элемент: C:\work\PB1_ROO17106962_860220181001_000137.xml 
Назначение: \\tmn-ts-01\440p\Arhive\01102018\PB1_ROO17106962_860220181001_000137.xml".
Выполнение операции "Копирование файла" над целевым объектом "Элемент: C:\work\PB1_RPO17106962_701420181001_000048.xml 
Назначение: \\tmn-ts-01\440p\Arhive\01102018\PB1_RPO17106962_701420181001_000048.xml".
Выполнение операции "Копирование файла" над целевым объектом "Элемент: C:\work\PB1_RPO17106962_860220180929_000253.xml 
Назначение: \\tmn-ts-01\440p\Arhive\01102018\PB1_RPO17106962_860220180929_000253.xml".
Выполнение операции "Копирование файла" над целевым объектом "Элемент: C:\work\PB1_RPO17106962_860220180929_000328.xml 
Назначение: \\tmn-ts-01\440p\Arhive\01102018\PB1_RPO17106962_860220180929_000328.xml".
Выполнение операции "Копирование файла" над целевым объектом "Элемент: C:\work\PB1_ZSV17106962_540420180928_000150.xml 
Назначение: \\tmn-ts-01\440p\Arhive\01102018\PB1_ZSV17106962_540420180928_000150.xml".

[2018-10-01 16:30:57Z] - INFO - Копирование файлов в архив \\tmn-ts-01\440p\Arhive\01102018
[2018-10-01 16:30:57Z] - INFO - Переименовываем файлы *.xml -> *.vrb
[2018-10-01 16:30:57Z] - INFO - Подписываем все файлы
[2018-10-01 16:30:57Z] - INFO - Загружаем ключевую дискету c:\DISKET2017-1\Disk\DISK2
[2018-10-01 16:30:58Z] - INFO - Начинаем преобразование...
[2018-10-01 16:31:12Z] - INFO - Сравниваем до и после преобразования...
[2018-10-01 16:31:17Z] - INFO - Зашифровываем vrb-файлы
[2018-10-01 16:31:17Z] - INFO - Загружаем ключевую дискету c:\DISKET2018\Disk\DISK21
[2018-10-01 16:31:18Z] - INFO - Начинаем преобразование...
[2018-10-01 16:31:25Z] - INFO - Сравниваем до и после преобразования...
[2018-10-01 16:31:30Z] - INFO - Начинаем архивацию...
[2018-10-01 16:31:30Z] - INFO - Подписываем файл архива c:\work\AFN_7106962_MIFNS00_20181001_00001.arj
[2018-10-01 16:31:30Z] - INFO - Загружаем ключевую дискету c:\DISKET2017-1\Disk\DISK2
[2018-10-01 16:31:31Z] - INFO - Начинаем преобразование...
[2018-10-01 16:31:39Z] - INFO - Сравниваем до и после преобразования...
[2018-10-01 16:31:44Z] - INFO - Копируем файл архива AFN_7106962_MIFNS00_20181001_00001.arj в \\tmn-ts-01\440p\Arhive\01102018
[2018-10-01 16:31:44Z] - INFO - Копируем файл архива AFN_7106962_MIFNS00_20181001_00001.arj в l:\PTK PSD\Post\Post
[2018-10-01 16:31:45Z] - INFO - Отправленно всего 14 сообщений
Из них:
Справка: 3
Потверждения: 11

[2018-10-01 16:31:45Z] - INFO - Загружаем исходную ключевую дискету
[2018-10-01 16:31:46Z] - INFO - Конец работы скрипта!
[2018-10-01 16:45:00Z] - INFO - Автоматический режим работы
[2018-10-01 16:45:01Z] - INFO - Начат автоматический приём по форме 440П 01.10.2018 16:45:00
[2018-10-01 16:45:01Z] - INFO - Копируем файл AFN_MIFNS00_7106962_20181001_00004.ARJ
[2018-10-01 16:45:01Z] - INFO - Сохраняем текущею ключевую дискету
[2018-10-01 16:45:02Z] - INFO - Копирование файлов в архив \\tmn-ts-01\440p\Arhive\01102018
[2018-10-01 16:45:02Z] - INFO - Выполнение операции "Копирование файла" над целевым объектом "Элемент: C:\work\
AFN_MIFNS00_7106962_20181001_00004.ARJ Назначение: \\tmn-ts-01\440p\Arhive\0110
2018\AFN_MIFNS00_7106962_20181001_00004.ARJ".

[2018-10-01 16:45:02Z] - INFO - Снимаем подпись с arj-архивов
[2018-10-01 16:45:02Z] - INFO - Загружаем ключевую дискету C:\DISKET2018\disk\disk22
[2018-10-01 16:45:03Z] - INFO - Начинаем преобразование...
[2018-10-01 16:45:08Z] - INFO - Сравниваем до и после преобразования...
[2018-10-01 16:45:13Z] - INFO - Начинаем разархивацию...
[2018-10-01 16:45:13Z] - INFO - Разархивация файла C:\work\AFN_MIFNS00_7106962_20181001_00004.ARJ
[2018-10-01 16:45:14Z] - INFO - Расшифровываем vrb-файлы
[2018-10-01 16:45:14Z] - INFO - Загружаем ключевую дискету c:\DISKET2018\Disk\DISK21
[2018-10-01 16:45:15Z] - INFO - Начинаем преобразование...
[2018-10-01 16:45:19Z] - INFO - Сравниваем до и после преобразования...
[2018-10-01 16:45:24Z] - INFO - Переименовываем файлы в xml
[2018-10-01 16:45:24Z] - INFO - Снимаем подпись с xml-файлов
[2018-10-01 16:45:24Z] - INFO - Загружаем ключевую дискету C:\DISKET2018\disk\disk22
[2018-10-01 16:45:26Z] - INFO - Начинаем преобразование...
[2018-10-01 16:45:30Z] - INFO - Сравниваем до и после преобразования...
[2018-10-01 16:45:35Z] - INFO - Форматируем xml-файлы
[2018-10-01 16:45:35Z] - INFO - Пришло всего 1 сообщений
Из них:
Запросы: 1

[2018-10-01 16:45:36Z] - INFO - Удаляем файл l:\PTK PSD\Post\ELO\OUT\AFN_MIFNS00_7106962_20181001_00004.ARJ
[2018-10-01 16:45:36Z] - INFO - Загружаем исходную ключевую дискету
[2018-10-01 16:45:37Z] - INFO - Конец работы скрипта!
[2018-10-01 17:00:01Z] - INFO - Автоматический режим работы
[2018-10-01 17:00:01Z] - INFO - Файлы отчетности не найдены в каталоге l:\PTK PSD\Post\ELO\OUT
[2018-10-01 17:15:00Z] - INFO - Автоматический режим работы
[2018-10-01 17:15:00Z] - INFO - Файлы отчетности не найдены в каталоге l:\PTK PSD\Post\ELO\OUT
[2018-10-01 17:30:00Z] - INFO - Автоматический режим работы
[2018-10-01 17:30:00Z] - INFO - Файлы отчетности не найдены в каталоге l:\PTK PSD\Post\ELO\OUT
[2018-10-01 17:45:00Z] - INFO - Автоматический режим работы
[2018-10-01 17:45:00Z] - INFO - Файлы отчетности не найдены в каталоге l:\PTK PSD\Post\ELO\OUT
[2018-10-01 18:00:01Z] - INFO - Автоматический режим работы
[2018-10-01 18:00:01Z] - INFO - Файлы отчетности не найдены в каталоге l:\PTK PSD\Post\ELO\OUT
[2018-10-01 18:15:00Z] - INFO - Автоматический режим работы
[2018-10-01 18:15:00Z] - INFO - Файлы отчетности не найдены в каталоге l:\PTK PSD\Post\ELO\OUT
[2018-10-01 18:30:00Z] - INFO - Автоматический режим работы
[2018-10-01 18:30:00Z] - INFO - Файлы отчетности не найдены в каталоге l:\PTK PSD\Post\ELO\OUT
[2018-10-01 18:45:00Z] - INFO - Автоматический режим работы
[2018-10-01 18:45:00Z] - INFO - Файлы отчетности не найдены в каталоге l:\PTK PSD\Post\ELO\OUT
[2018-10-01 19:00:00Z] - INFO - Автоматический режим работы
[2018-10-01 19:00:01Z] - INFO - Файлы отчетности не найдены в каталоге l:\PTK PSD\Post\ELO\OUT
[2018-10-01 19:15:00Z] - INFO - Автоматический режим работы
[2018-10-01 19:15:01Z] - INFO - Начат автоматический приём по форме 440П 01.10.2018 19:15:00
[2018-10-01 19:15:01Z] - INFO - Копируем файл AFN_MIFNS00_7106962_20181001_00005.ARJ
[2018-10-01 19:15:01Z] - INFO - Сохраняем текущею ключевую дискету
[2018-10-01 19:15:02Z] - INFO - Копирование файлов в архив \\tmn-ts-01\440p\Arhive\01102018
[2018-10-01 19:15:03Z] - INFO - Выполнение операции "Копирование файла" над целевым объектом "Элемент: C:\work\
AFN_MIFNS00_7106962_20181001_00005.ARJ Назначение: \\tmn-ts-01\440p\Arhive\0110
2018\AFN_MIFNS00_7106962_20181001_00005.ARJ".

[2018-10-01 19:15:03Z] - INFO - Снимаем подпись с arj-архивов
[2018-10-01 19:15:03Z] - INFO - Загружаем ключевую дискету C:\DISKET2018\disk\disk22
[2018-10-01 19:15:03Z] - INFO - Начинаем преобразование...
[2018-10-01 19:15:08Z] - INFO - Сравниваем до и после преобразования...
[2018-10-01 19:15:13Z] - INFO - Начинаем разархивацию...
[2018-10-01 19:15:13Z] - INFO - Разархивация файла C:\work\AFN_MIFNS00_7106962_20181001_00005.ARJ
[2018-10-01 19:15:14Z] - INFO - Снимаем подпись с xml-файлов
[2018-10-01 19:15:14Z] - INFO - Загружаем ключевую дискету C:\DISKET2018\disk\disk22
[2018-10-01 19:15:15Z] - INFO - Начинаем преобразование...
[2018-10-01 19:15:20Z] - INFO - Сравниваем до и после преобразования...
[2018-10-01 19:15:25Z] - INFO - Форматируем xml-файлы
[2018-10-01 19:15:25Z] - INFO - Пришли подтверждения
[2018-10-01 19:15:26Z] - INFO - Пришли успешные подтверждения - 7 шт.
Потверждения находятся в каталоге \\tmn-ts-01\440p\ack\01102018


[2018-10-01 19:15:27Z] - INFO - Удаляем файл l:\PTK PSD\Post\ELO\OUT\AFN_MIFNS00_7106962_20181001_00005.ARJ
[2018-10-01 19:15:27Z] - INFO - Загружаем исходную ключевую дискету
[2018-10-01 19:15:28Z] - INFO - Конец работы скрипта!
[2018-10-01 19:30:00Z] - INFO - Автоматический режим работы
[2018-10-01 19:30:00Z] - INFO - Файлы отчетности не найдены в каталоге l:\PTK PSD\Post\ELO\OUT
[2018-10-01 19:45:00Z] - INFO - Автоматический режим работы
[2018-10-01 19:45:00Z] - INFO - Файлы отчетности не найдены в каталоге l:\PTK PSD\Post\ELO\OUT
[2018-10-01 20:00:00Z] - INFO - Автоматический режим работы
[2018-10-01 20:00:00Z] - INFO - Файлы отчетности не найдены в каталоге l:\PTK PSD\Post\ELO\OUT
[2018-10-01 20:15:00Z] - INFO - Автоматический режим работы
[2018-10-01 20:15:00Z] - INFO - Файлы отчетности не найдены в каталоге l:\PTK PSD\Post\ELO\OUT
[2018-10-01 20:30:00Z] - INFO - Автоматический режим работы
[2018-10-01 20:30:00Z] - INFO - Файлы отчетности не найдены в каталоге l:\PTK PSD\Post\ELO\OUT
[2018-10-01 20:45:00Z] - INFO - Автоматический режим работы
[2018-10-01 20:45:00Z] - INFO - Файлы отчетности не найдены в каталоге l:\PTK PSD\Post\ELO\OUT
[2018-10-01 21:00:00Z] - INFO - Автоматический режим работы
[2018-10-01 21:00:00Z] - INFO - Файлы отчетности не найдены в каталоге l:\PTK PSD\Post\ELO\OUT
[2018-10-01 21:15:00Z] - INFO - Автоматический режим работы
[2018-10-01 21:15:00Z] - INFO - Файлы отчетности не найдены в каталоге l:\PTK PSD\Post\ELO\OUT
[2018-10-01 21:30:00Z] - INFO - Автоматический режим работы
[2018-10-01 21:30:00Z] - INFO - Файлы отчетности не найдены в каталоге l:\PTK PSD\Post\ELO\OUT
[2018-10-01 21:45:00Z] - INFO - Автоматический режим работы
[2018-10-01 21:45:00Z] - INFO - Файлы отчетности не найдены в каталоге l:\PTK PSD\Post\ELO\OUT
[2018-10-01 22:00:00Z] - INFO - Автоматический режим работы
[2018-10-01 22:00:00Z] - INFO - Файлы отчетности не найдены в каталоге l:\PTK PSD\Post\ELO\OUT
[2018-10-01 22:15:00Z] - INFO - Автоматический режим работы
[2018-10-01 22:15:00Z] - INFO - Файлы отчетности не найдены в каталоге l:\PTK PSD\Post\ELO\OUT
[2018-10-01 22:30:00Z] - INFO - Автоматический режим работы
[2018-10-01 22:30:00Z] - INFO - Файлы отчетности не найдены в каталоге l:\PTK PSD\Post\ELO\OUT
[2018-10-01 22:45:00Z] - INFO - Автоматический режим работы
[2018-10-01 22:45:00Z] - INFO - Файлы отчетности не найдены в каталоге l:\PTK PSD\Post\ELO\OUT
[2018-10-01 23:00:00Z] - INFO - Автоматический режим работы
[2018-10-01 23:00:00Z] - INFO - Файлы отчетности не найдены в каталоге l:\PTK PSD\Post\ELO\OUT
[2018-10-01 23:15:00Z] - INFO - Автоматический режим работы
[2018-10-01 23:15:00Z] - INFO - Файлы отчетности не найдены в каталоге l:\PTK PSD\Post\ELO\OUT
[2018-10-01 23:30:00Z] - INFO - Автоматический режим работы
[2018-10-01 23:30:00Z] - INFO - Файлы отчетности не найдены в каталоге l:\PTK PSD\Post\ELO\OUT
[2018-10-01 23:45:00Z] - INFO - Автоматический режим работы
[2018-10-01 23:45:00Z] - INFO - Файлы отчетности не найдены в каталоге l:\PTK PSD\Post\ELO\OUT
