[2018-11-01 00:00:03Z] - INFO - Автоматический режим работы
[2018-11-01 00:00:03Z] - INFO - Файлы отчетности не найдены в каталоге l:\PTK PSD\Post\ELO\OUT
[2018-11-01 00:15:00Z] - INFO - Автоматический режим работы
[2018-11-01 00:15:00Z] - INFO - Файлы отчетности не найдены в каталоге l:\PTK PSD\Post\ELO\OUT
[2018-11-01 00:30:00Z] - INFO - Автоматический режим работы
[2018-11-01 00:30:00Z] - INFO - Файлы отчетности не найдены в каталоге l:\PTK PSD\Post\ELO\OUT
[2018-11-01 00:45:00Z] - INFO - Автоматический режим работы
[2018-11-01 00:45:00Z] - INFO - Файлы отчетности не найдены в каталоге l:\PTK PSD\Post\ELO\OUT
[2018-11-01 01:00:00Z] - INFO - Автоматический режим работы
[2018-11-01 01:00:00Z] - INFO - Файлы отчетности не найдены в каталоге l:\PTK PSD\Post\ELO\OUT
[2018-11-01 01:15:00Z] - INFO - Автоматический режим работы
[2018-11-01 01:15:00Z] - INFO - Файлы отчетности не найдены в каталоге l:\PTK PSD\Post\ELO\OUT
[2018-11-01 01:30:00Z] - INFO - Автоматический режим работы
[2018-11-01 01:30:00Z] - INFO - Файлы отчетности не найдены в каталоге l:\PTK PSD\Post\ELO\OUT
[2018-11-01 01:45:00Z] - INFO - Автоматический режим работы
[2018-11-01 01:45:00Z] - INFO - Файлы отчетности не найдены в каталоге l:\PTK PSD\Post\ELO\OUT
[2018-11-01 02:00:00Z] - INFO - Автоматический режим работы
[2018-11-01 02:00:00Z] - INFO - Файлы отчетности не найдены в каталоге l:\PTK PSD\Post\ELO\OUT
[2018-11-01 02:15:00Z] - INFO - Автоматический режим работы
[2018-11-01 02:15:00Z] - INFO - Файлы отчетности не найдены в каталоге l:\PTK PSD\Post\ELO\OUT
[2018-11-01 02:30:00Z] - INFO - Автоматический режим работы
[2018-11-01 02:30:00Z] - INFO - Файлы отчетности не найдены в каталоге l:\PTK PSD\Post\ELO\OUT
[2018-11-01 02:45:00Z] - INFO - Автоматический режим работы
[2018-11-01 02:45:00Z] - INFO - Файлы отчетности не найдены в каталоге l:\PTK PSD\Post\ELO\OUT
[2018-11-01 03:00:00Z] - INFO - Автоматический режим работы
[2018-11-01 03:00:00Z] - INFO - Файлы отчетности не найдены в каталоге l:\PTK PSD\Post\ELO\OUT
[2018-11-01 03:15:00Z] - INFO - Автоматический режим работы
[2018-11-01 03:15:00Z] - INFO - Файлы отчетности не найдены в каталоге l:\PTK PSD\Post\ELO\OUT
[2018-11-01 03:30:00Z] - INFO - Автоматический режим работы
[2018-11-01 03:30:00Z] - INFO - Файлы отчетности не найдены в каталоге l:\PTK PSD\Post\ELO\OUT
[2018-11-01 03:45:00Z] - INFO - Автоматический режим работы
[2018-11-01 03:45:00Z] - INFO - Файлы отчетности не найдены в каталоге l:\PTK PSD\Post\ELO\OUT
[2018-11-01 04:00:00Z] - INFO - Автоматический режим работы
[2018-11-01 04:00:00Z] - INFO - Файлы отчетности не найдены в каталоге l:\PTK PSD\Post\ELO\OUT
[2018-11-01 04:15:00Z] - INFO - Автоматический режим работы
[2018-11-01 04:15:00Z] - INFO - Файлы отчетности не найдены в каталоге l:\PTK PSD\Post\ELO\OUT
[2018-11-01 04:30:01Z] - INFO - Автоматический режим работы
[2018-11-01 04:30:01Z] - INFO - Файлы отчетности не найдены в каталоге l:\PTK PSD\Post\ELO\OUT
[2018-11-01 04:45:00Z] - INFO - Автоматический режим работы
[2018-11-01 04:45:00Z] - INFO - Файлы отчетности не найдены в каталоге l:\PTK PSD\Post\ELO\OUT
[2018-11-01 05:00:00Z] - INFO - Автоматический режим работы
[2018-11-01 05:00:00Z] - INFO - Файлы отчетности не найдены в каталоге l:\PTK PSD\Post\ELO\OUT
[2018-11-01 05:15:00Z] - INFO - Автоматический режим работы
[2018-11-01 05:15:00Z] - INFO - Файлы отчетности не найдены в каталоге l:\PTK PSD\Post\ELO\OUT
[2018-11-01 05:30:00Z] - INFO - Автоматический режим работы
[2018-11-01 05:30:00Z] - INFO - Файлы отчетности не найдены в каталоге l:\PTK PSD\Post\ELO\OUT
[2018-11-01 05:45:00Z] - INFO - Автоматический режим работы
[2018-11-01 05:45:00Z] - INFO - Файлы отчетности не найдены в каталоге l:\PTK PSD\Post\ELO\OUT
[2018-11-01 06:00:00Z] - INFO - Автоматический режим работы
[2018-11-01 06:00:00Z] - INFO - Файлы отчетности не найдены в каталоге l:\PTK PSD\Post\ELO\OUT
[2018-11-01 06:15:00Z] - INFO - Автоматический режим работы
[2018-11-01 06:15:00Z] - INFO - Файлы отчетности не найдены в каталоге l:\PTK PSD\Post\ELO\OUT
[2018-11-01 06:30:00Z] - INFO - Автоматический режим работы
[2018-11-01 06:30:00Z] - INFO - Файлы отчетности не найдены в каталоге l:\PTK PSD\Post\ELO\OUT
[2018-11-01 06:45:00Z] - INFO - Автоматический режим работы
[2018-11-01 06:45:00Z] - INFO - Файлы отчетности не найдены в каталоге l:\PTK PSD\Post\ELO\OUT
[2018-11-01 07:00:00Z] - INFO - Автоматический режим работы
[2018-11-01 07:00:00Z] - INFO - Файлы отчетности не найдены в каталоге l:\PTK PSD\Post\ELO\OUT
[2018-11-01 07:15:00Z] - INFO - Автоматический режим работы
[2018-11-01 07:15:00Z] - INFO - Файлы отчетности не найдены в каталоге l:\PTK PSD\Post\ELO\OUT
[2018-11-01 07:30:00Z] - INFO - Автоматический режим работы
[2018-11-01 07:30:00Z] - INFO - Файлы отчетности не найдены в каталоге l:\PTK PSD\Post\ELO\OUT
[2018-11-01 07:45:00Z] - INFO - Автоматический режим работы
[2018-11-01 07:45:00Z] - INFO - Файлы отчетности не найдены в каталоге l:\PTK PSD\Post\ELO\OUT
[2018-11-01 08:00:00Z] - INFO - Автоматический режим работы
[2018-11-01 08:00:00Z] - INFO - Файлы отчетности не найдены в каталоге l:\PTK PSD\Post\ELO\OUT
[2018-11-01 08:15:00Z] - INFO - Автоматический режим работы
[2018-11-01 08:15:00Z] - INFO - Файлы отчетности не найдены в каталоге l:\PTK PSD\Post\ELO\OUT
[2018-11-01 08:30:00Z] - INFO - Автоматический режим работы
[2018-11-01 08:30:00Z] - INFO - Файлы отчетности не найдены в каталоге l:\PTK PSD\Post\ELO\OUT
[2018-11-01 08:45:00Z] - INFO - Автоматический режим работы
[2018-11-01 08:45:00Z] - INFO - Файлы отчетности не найдены в каталоге l:\PTK PSD\Post\ELO\OUT
[2018-11-01 09:00:01Z] - INFO - Автоматический режим работы
[2018-11-01 09:00:01Z] - INFO - Файлы отчетности не найдены в каталоге l:\PTK PSD\Post\ELO\OUT
[2018-11-01 09:15:00Z] - INFO - Автоматический режим работы
[2018-11-01 09:15:00Z] - INFO - Файлы отчетности не найдены в каталоге l:\PTK PSD\Post\ELO\OUT
[2018-11-01 09:30:00Z] - INFO - Автоматический режим работы
[2018-11-01 09:30:00Z] - INFO - Файлы отчетности не найдены в каталоге l:\PTK PSD\Post\ELO\OUT
[2018-11-01 09:45:00Z] - INFO - Автоматический режим работы
[2018-11-01 09:45:00Z] - INFO - Файлы отчетности не найдены в каталоге l:\PTK PSD\Post\ELO\OUT
[2018-11-01 10:00:01Z] - INFO - Автоматический режим работы
[2018-11-01 10:00:01Z] - INFO - Файлы отчетности не найдены в каталоге l:\PTK PSD\Post\ELO\OUT
[2018-11-01 10:15:00Z] - INFO - Автоматический режим работы
[2018-11-01 10:15:00Z] - INFO - Файлы отчетности не найдены в каталоге l:\PTK PSD\Post\ELO\OUT
[2018-11-01 10:30:00Z] - INFO - Автоматический режим работы
[2018-11-01 10:30:01Z] - INFO - Файлы отчетности не найдены в каталоге l:\PTK PSD\Post\ELO\OUT
[2018-11-01 10:45:00Z] - INFO - Автоматический режим работы
[2018-11-01 10:45:00Z] - INFO - Файлы отчетности не найдены в каталоге l:\PTK PSD\Post\ELO\OUT
[2018-11-01 11:00:00Z] - INFO - Автоматический режим работы
[2018-11-01 11:00:01Z] - INFO - Файлы отчетности не найдены в каталоге l:\PTK PSD\Post\ELO\OUT
[2018-11-01 11:15:00Z] - INFO - Автоматический режим работы
[2018-11-01 11:15:00Z] - INFO - Файлы отчетности не найдены в каталоге l:\PTK PSD\Post\ELO\OUT
[2018-11-01 11:30:00Z] - INFO - Автоматический режим работы
[2018-11-01 11:30:00Z] - INFO - Файлы отчетности не найдены в каталоге l:\PTK PSD\Post\ELO\OUT
[2018-11-01 11:45:00Z] - INFO - Автоматический режим работы
[2018-11-01 11:45:00Z] - INFO - Файлы отчетности не найдены в каталоге l:\PTK PSD\Post\ELO\OUT
[2018-11-01 12:00:01Z] - INFO - Автоматический режим работы
[2018-11-01 12:00:01Z] - INFO - Файлы отчетности не найдены в каталоге l:\PTK PSD\Post\ELO\OUT
[2018-11-01 12:15:00Z] - INFO - Автоматический режим работы
[2018-11-01 12:15:00Z] - INFO - Файлы отчетности не найдены в каталоге l:\PTK PSD\Post\ELO\OUT
[2018-11-01 12:30:00Z] - INFO - Автоматический режим работы
[2018-11-01 12:30:00Z] - INFO - Файлы отчетности не найдены в каталоге l:\PTK PSD\Post\ELO\OUT
[2018-11-01 12:45:00Z] - INFO - Автоматический режим работы
[2018-11-01 12:45:01Z] - INFO - Начат автоматический приём по форме 440П 01.11.2018 12:45:00
[2018-11-01 12:45:02Z] - INFO - Копируем файл AFN_MIFNS00_7106962_20181101_00001.ARJ
[2018-11-01 12:45:02Z] - INFO - Копируем файл AFN_MIFNS00_7106962_20181101_00002.ARJ
[2018-11-01 12:45:02Z] - INFO - Сохраняем текущею ключевую дискету
[2018-11-01 12:45:03Z] - INFO - Копирование файлов в архив \\tmn-ts-01\440p\Arhive\01112018
[2018-11-01 12:45:03Z] - INFO - Выполнение операции "Копирование файла" над целевым объектом "Элемент: C:\work\
AFN_MIFNS00_7106962_20181101_00001.ARJ Назначение: \\tmn-ts-01\440p\Arhive\0111
2018\AFN_MIFNS00_7106962_20181101_00001.ARJ".
Выполнение операции "Копирование файла" над целевым объектом "Элемент: C:\work\
AFN_MIFNS00_7106962_20181101_00002.ARJ Назначение: \\tmn-ts-01\440p\Arhive\0111
2018\AFN_MIFNS00_7106962_20181101_00002.ARJ".

[2018-11-01 12:45:03Z] - INFO - Снимаем подпись с arj-архивов
[2018-11-01 12:45:03Z] - INFO - Загружаем ключевую дискету C:\DISKET2018\disk\disk22
[2018-11-01 12:45:03Z] - INFO - Начинаем преобразование...
[2018-11-01 12:45:08Z] - INFO - Сравниваем до и после преобразования...
[2018-11-01 12:45:13Z] - INFO - Начинаем разархивацию...
[2018-11-01 12:45:13Z] - INFO - Разархивация файла C:\work\AFN_MIFNS00_7106962_20181101_00001.ARJ
[2018-11-01 12:45:14Z] - INFO - Разархивация файла C:\work\AFN_MIFNS00_7106962_20181101_00002.ARJ
[2018-11-01 12:45:15Z] - INFO - Расшифровываем vrb-файлы
[2018-11-01 12:45:15Z] - INFO - Загружаем ключевую дискету c:\DISKET2018\Disk\DISK21
[2018-11-01 12:45:17Z] - INFO - Начинаем преобразование...
[2018-11-01 12:45:21Z] - INFO - Сравниваем до и после преобразования...
[2018-11-01 12:45:26Z] - INFO - Переименовываем файлы в xml
[2018-11-01 12:45:26Z] - INFO - Снимаем подпись с xml-файлов
[2018-11-01 12:45:26Z] - INFO - Загружаем ключевую дискету C:\DISKET2018\disk\disk22
[2018-11-01 12:45:27Z] - INFO - Начинаем преобразование...
[2018-11-01 12:45:32Z] - INFO - Сравниваем до и после преобразования...
[2018-11-01 12:45:37Z] - INFO - Форматируем xml-файлы
[2018-11-01 12:45:37Z] - INFO - Пришли подтверждения
[2018-11-01 12:45:38Z] - INFO - Пришли успешные подтверждения - 9 шт.
Потверждения находятся в каталоге \\tmn-ts-01\440p\ack\01112018


[2018-11-01 12:45:41Z] - INFO - Пришло всего 1 сообщений
Из них:
Решения: 1

[2018-11-01 12:45:41Z] - INFO - Удаляем файл l:\PTK PSD\Post\ELO\OUT\AFN_MIFNS00_7106962_20181101_00001.ARJ
[2018-11-01 12:45:41Z] - INFO - Удаляем файл l:\PTK PSD\Post\ELO\OUT\AFN_MIFNS00_7106962_20181101_00002.ARJ
[2018-11-01 12:45:41Z] - INFO - Загружаем исходную ключевую дискету
[2018-11-01 12:45:42Z] - INFO - Конец работы скрипта!
[2018-11-01 12:47:56Z] - INFO - Обработка отчетности - 440out
[2018-11-01 12:47:56Z] - WARN - Автоматическое копирование в папку c:\work произведено не было!
[2018-11-01 12:47:57Z] - INFO - Сохраняем текущею ключевую дискету
[2018-11-01 12:47:58Z] - INFO - Выполнение операции "Копирование файла" над целевым объектом "Элемент: C:\work\PB1_ZSV17106962_667120181031_000932.xml 
Назначение: \\tmn-ts-01\440p\Arhive\01112018\PB1_ZSV17106962_667120181031_000932.xml".
Выполнение операции "Копирование файла" над целевым объектом "Элемент: C:\work\PB1_ZSV17106962_667120181031_001300.xml 
Назначение: \\tmn-ts-01\440p\Arhive\01112018\PB1_ZSV17106962_667120181031_001300.xml".
Выполнение операции "Копирование файла" над целевым объектом "Элемент: C:\work\PB1_ZSV17106962_667120181031_001686.xml 
Назначение: \\tmn-ts-01\440p\Arhive\01112018\PB1_ZSV17106962_667120181031_001686.xml".
Выполнение операции "Копирование файла" над целевым объектом "Элемент: C:\work\PB1_ZSV17106962_667120181031_003371.xml 
Назначение: \\tmn-ts-01\440p\Arhive\01112018\PB1_ZSV17106962_667120181031_003371.xml".
Выполнение операции "Копирование файла" над целевым объектом "Элемент: C:\work\PB1_ZSV17106962_722420181031_000572.xml 
Назначение: \\tmn-ts-01\440p\Arhive\01112018\PB1_ZSV17106962_722420181031_000572.xml".
Выполнение операции "Копирование файла" над целевым объектом "Элемент: C:\work\PB1_ZSV17106962_722420181031_000969.xml 
Назначение: \\tmn-ts-01\440p\Arhive\01112018\PB1_ZSV17106962_722420181031_000969.xml".
Выполнение операции "Копирование файла" над целевым объектом "Элемент: C:\work\PB1_ZSV17106962_722420181031_001223.xml 
Назначение: \\tmn-ts-01\440p\Arhive\01112018\PB1_ZSV17106962_722420181031_001223.xml".
Выполнение операции "Копирование файла" над целевым объектом "Элемент: C:\work\PB1_ZSV17106962_722420181031_001678.xml 
Назначение: \\tmn-ts-01\440p\Arhive\01112018\PB1_ZSV17106962_722420181031_001678.xml".
Выполнение операции "Копирование файла" над целевым объектом "Элемент: C:\work\PB1_ZSV17106962_722420181031_001706.xml 
Назначение: \\tmn-ts-01\440p\Arhive\01112018\PB1_ZSV17106962_722420181031_001706.xml".
Выполнение операции "Копирование файла" над целевым объектом "Элемент: C:\work\PB1_ZSV17106962_722420181031_002433.xml 
Назначение: \\tmn-ts-01\440p\Arhive\01112018\PB1_ZSV17106962_722420181031_002433.xml".
Выполнение операции "Копирование файла" над целевым объектом "Элемент: C:\work\PB1_ZSV17106962_722420181031_003218.xml 
Назначение: \\tmn-ts-01\440p\Arhive\01112018\PB1_ZSV17106962_722420181031_003218.xml".
Выполнение операции "Копирование файла" над целевым объектом "Элемент: C:\work\PB1_ZSV17106962_722420181031_003566.xml 
Назначение: \\tmn-ts-01\440p\Arhive\01112018\PB1_ZSV17106962_722420181031_003566.xml".
Выполнение операции "Копирование файла" над целевым объектом "Элемент: C:\work\PB1_ZSV17106962_722420181031_003663.xml 
Назначение: \\tmn-ts-01\440p\Arhive\01112018\PB1_ZSV17106962_722420181031_003663.xml".
Выполнение операции "Копирование файла" над целевым объектом "Элемент: C:\work\PB1_ZSV17106962_722420181031_003812.xml 
Назначение: \\tmn-ts-01\440p\Arhive\01112018\PB1_ZSV17106962_722420181031_003812.xml".
Выполнение операции "Копирование файла" над целевым объектом "Элемент: C:\work\PB1_ZSV17106962_722420181031_004606.xml 
Назначение: \\tmn-ts-01\440p\Arhive\01112018\PB1_ZSV17106962_722420181031_004606.xml".
Выполнение операции "Копирование файла" над целевым объектом "Элемент: C:\work\PB1_ZSV17106962_722420181031_004882.xml 
Назначение: \\tmn-ts-01\440p\Arhive\01112018\PB1_ZSV17106962_722420181031_004882.xml".
Выполнение операции "Копирование файла" над целевым объектом "Элемент: C:\work\PB1_ZSV17106962_722420181031_005551.xml 
Назначение: \\tmn-ts-01\440p\Arhive\01112018\PB1_ZSV17106962_722420181031_005551.xml".
Выполнение операции "Копирование файла" над целевым объектом "Элемент: C:\work\PB1_ZSV17106962_722420181031_005831.xml 
Назначение: \\tmn-ts-01\440p\Arhive\01112018\PB1_ZSV17106962_722420181031_005831.xml".
Выполнение операции "Копирование файла" над целевым объектом "Элемент: C:\work\PB1_ZSV17106962_722420181031_005885.xml 
Назначение: \\tmn-ts-01\440p\Arhive\01112018\PB1_ZSV17106962_722420181031_005885.xml".
Выполнение операции "Копирование файла" над целевым объектом "Элемент: C:\work\PB1_ZSV17106962_722420181031_006279.xml 
Назначение: \\tmn-ts-01\440p\Arhive\01112018\PB1_ZSV17106962_722420181031_006279.xml".
Выполнение операции "Копирование файла" над целевым объектом "Элемент: C:\work\PB2_ZSV17106962_722420181031_005831_0002
.xml Назначение: \\tmn-ts-01\440p\Arhive\01112018\PB2_ZSV17106962_722420181031_005831_0002.xml".

[2018-11-01 12:47:58Z] - INFO - Копирование файлов в архив \\tmn-ts-01\440p\Arhive\01112018
[2018-11-01 12:47:58Z] - INFO - Переименовываем файлы *.xml -> *.vrb
[2018-11-01 12:47:58Z] - INFO - Подписываем все файлы
[2018-11-01 12:47:58Z] - INFO - Загружаем ключевую дискету c:\DISKET2017-1\Disk\DISK2
[2018-11-01 12:47:59Z] - INFO - Начинаем преобразование...
[2018-11-01 12:48:08Z] - INFO - Сравниваем до и после преобразования...
[2018-11-01 12:48:13Z] - INFO - Начинаем архивацию...
[2018-11-01 12:48:13Z] - INFO - Подписываем файл архива c:\work\AFN_7106962_MIFNS00_20181101_00001.arj
[2018-11-01 12:48:13Z] - INFO - Загружаем ключевую дискету c:\DISKET2017-1\Disk\DISK2
[2018-11-01 12:48:14Z] - INFO - Начинаем преобразование...
[2018-11-01 12:48:23Z] - INFO - Сравниваем до и после преобразования...
[2018-11-01 12:48:28Z] - INFO - Копируем файл архива AFN_7106962_MIFNS00_20181101_00001.arj в \\tmn-ts-01\440p\Arhive\01112018
[2018-11-01 12:48:28Z] - INFO - Копируем файл архива AFN_7106962_MIFNS00_20181101_00001.arj в l:\PTK PSD\Post\Post
[2018-11-01 12:48:29Z] - INFO - Отправленно всего 21 сообщений
Из них:
Потверждения: 21

[2018-11-01 12:48:29Z] - INFO - Загружаем исходную ключевую дискету
[2018-11-01 12:48:30Z] - INFO - Конец работы скрипта!
[2018-11-01 13:00:01Z] - INFO - Автоматический режим работы
[2018-11-01 13:00:01Z] - INFO - Файлы отчетности не найдены в каталоге l:\PTK PSD\Post\ELO\OUT
[2018-11-01 13:15:00Z] - INFO - Автоматический режим работы
[2018-11-01 13:15:01Z] - INFO - Файлы отчетности не найдены в каталоге l:\PTK PSD\Post\ELO\OUT
[2018-11-01 13:30:00Z] - INFO - Автоматический режим работы
[2018-11-01 13:30:00Z] - INFO - Файлы отчетности не найдены в каталоге l:\PTK PSD\Post\ELO\OUT
[2018-11-01 13:45:00Z] - INFO - Автоматический режим работы
[2018-11-01 13:45:00Z] - INFO - Файлы отчетности не найдены в каталоге l:\PTK PSD\Post\ELO\OUT
[2018-11-01 14:00:01Z] - INFO - Автоматический режим работы
[2018-11-01 14:00:01Z] - INFO - Файлы отчетности не найдены в каталоге l:\PTK PSD\Post\ELO\OUT
[2018-11-01 14:15:00Z] - INFO - Автоматический режим работы
[2018-11-01 14:15:00Z] - INFO - Файлы отчетности не найдены в каталоге l:\PTK PSD\Post\ELO\OUT
[2018-11-01 14:30:00Z] - INFO - Автоматический режим работы
[2018-11-01 14:30:00Z] - INFO - Файлы отчетности не найдены в каталоге l:\PTK PSD\Post\ELO\OUT
[2018-11-01 14:45:00Z] - INFO - Автоматический режим работы
[2018-11-01 14:45:00Z] - INFO - Файлы отчетности не найдены в каталоге l:\PTK PSD\Post\ELO\OUT
[2018-11-01 15:00:01Z] - INFO - Автоматический режим работы
[2018-11-01 15:00:02Z] - INFO - Начат автоматический приём по форме 440П 01.11.2018 15:00:01
[2018-11-01 15:00:03Z] - INFO - Копируем файл AFN_MIFNS00_7106962_20181101_00003.ARJ
[2018-11-01 15:00:03Z] - INFO - Сохраняем текущею ключевую дискету
[2018-11-01 15:00:04Z] - INFO - Копирование файлов в архив \\tmn-ts-01\440p\Arhive\01112018
[2018-11-01 15:00:04Z] - INFO - Выполнение операции "Копирование файла" над целевым объектом "Элемент: C:\work\
AFN_MIFNS00_7106962_20181101_00003.ARJ Назначение: \\tmn-ts-01\440p\Arhive\0111
2018\AFN_MIFNS00_7106962_20181101_00003.ARJ".

[2018-11-01 15:00:04Z] - INFO - Снимаем подпись с arj-архивов
[2018-11-01 15:00:04Z] - INFO - Загружаем ключевую дискету C:\DISKET2018\disk\disk22
[2018-11-01 15:00:04Z] - INFO - Начинаем преобразование...
[2018-11-01 15:00:09Z] - INFO - Сравниваем до и после преобразования...
[2018-11-01 15:00:14Z] - INFO - Начинаем разархивацию...
[2018-11-01 15:00:14Z] - INFO - Разархивация файла C:\work\AFN_MIFNS00_7106962_20181101_00003.ARJ
[2018-11-01 15:00:15Z] - INFO - Расшифровываем vrb-файлы
[2018-11-01 15:00:15Z] - INFO - Загружаем ключевую дискету c:\DISKET2018\Disk\DISK21
[2018-11-01 15:00:16Z] - INFO - Начинаем преобразование...
[2018-11-01 15:00:20Z] - INFO - Сравниваем до и после преобразования...
[2018-11-01 15:00:25Z] - INFO - Переименовываем файлы в xml
[2018-11-01 15:00:25Z] - INFO - Снимаем подпись с xml-файлов
[2018-11-01 15:00:25Z] - INFO - Загружаем ключевую дискету C:\DISKET2018\disk\disk22
[2018-11-01 15:00:27Z] - INFO - Начинаем преобразование...
[2018-11-01 15:00:31Z] - INFO - Сравниваем до и после преобразования...
[2018-11-01 15:00:36Z] - INFO - Форматируем xml-файлы
[2018-11-01 15:00:36Z] - INFO - Пришло всего 1 сообщений
Из них:
Решения: 1

[2018-11-01 15:00:37Z] - INFO - Удаляем файл l:\PTK PSD\Post\ELO\OUT\AFN_MIFNS00_7106962_20181101_00003.ARJ
[2018-11-01 15:00:37Z] - INFO - Загружаем исходную ключевую дискету
[2018-11-01 15:00:38Z] - INFO - Конец работы скрипта!
[2018-11-01 15:15:00Z] - INFO - Автоматический режим работы
[2018-11-01 15:15:00Z] - INFO - Файлы отчетности не найдены в каталоге l:\PTK PSD\Post\ELO\OUT
[2018-11-01 15:30:00Z] - INFO - Автоматический режим работы
[2018-11-01 15:30:00Z] - INFO - Файлы отчетности не найдены в каталоге l:\PTK PSD\Post\ELO\OUT
[2018-11-01 15:45:00Z] - INFO - Автоматический режим работы
[2018-11-01 15:45:00Z] - INFO - Файлы отчетности не найдены в каталоге l:\PTK PSD\Post\ELO\OUT
[2018-11-01 16:00:00Z] - INFO - Автоматический режим работы
[2018-11-01 16:00:01Z] - INFO - Файлы отчетности не найдены в каталоге l:\PTK PSD\Post\ELO\OUT
[2018-11-01 16:15:00Z] - INFO - Автоматический режим работы
[2018-11-01 16:15:00Z] - INFO - Файлы отчетности не найдены в каталоге l:\PTK PSD\Post\ELO\OUT
[2018-11-01 16:30:00Z] - INFO - Автоматический режим работы
[2018-11-01 16:30:00Z] - INFO - Файлы отчетности не найдены в каталоге l:\PTK PSD\Post\ELO\OUT
[2018-11-01 16:45:00Z] - INFO - Автоматический режим работы
[2018-11-01 16:45:00Z] - INFO - Файлы отчетности не найдены в каталоге l:\PTK PSD\Post\ELO\OUT
[2018-11-01 17:00:01Z] - INFO - Автоматический режим работы
[2018-11-01 17:00:01Z] - INFO - Файлы отчетности не найдены в каталоге l:\PTK PSD\Post\ELO\OUT
[2018-11-01 17:15:00Z] - INFO - Автоматический режим работы
[2018-11-01 17:15:00Z] - INFO - Файлы отчетности не найдены в каталоге l:\PTK PSD\Post\ELO\OUT
[2018-11-01 17:30:00Z] - INFO - Автоматический режим работы
[2018-11-01 17:30:00Z] - INFO - Файлы отчетности не найдены в каталоге l:\PTK PSD\Post\ELO\OUT
[2018-11-01 17:30:09Z] - INFO - Обработка отчетности - 440out
[2018-11-01 17:30:09Z] - WARN - Автоматическое копирование в папку c:\work произведено не было!
[2018-11-01 17:30:10Z] - INFO - Сохраняем текущею ключевую дискету
[2018-11-01 17:30:11Z] - INFO - Выполнение операции "Копирование файла" над целевым объектом "Элемент: C:\work\BVD1_ZSV17106962_667120181031_000932_201
81101_0002_000001_000001.xml Назначение: \\tmn-ts-01\440p\Arhive\01112018\BVD1_ZSV17106962_667120181031_000932_20181101
_0002_000001_000001.xml".
Выполнение операции "Копирование файла" над целевым объектом "Элемент: C:\work\BVD1_ZSV17106962_667120181031_000932_201
81101_0002_000002_000001.xml Назначение: \\tmn-ts-01\440p\Arhive\01112018\BVD1_ZSV17106962_667120181031_000932_20181101
_0002_000002_000001.xml".
Выполнение операции "Копирование файла" над целевым объектом "Элемент: C:\work\BVD1_ZSV17106962_667120181031_000932_201
81101_0002_000003_000001.xml Назначение: \\tmn-ts-01\440p\Arhive\01112018\BVD1_ZSV17106962_667120181031_000932_20181101
_0002_000003_000001.xml".
Выполнение операции "Копирование файла" над целевым объектом "Элемент: C:\work\BVD1_ZSV17106962_667120181031_000932_201
81101_0002_000004_000001.xml Назначение: \\tmn-ts-01\440p\Arhive\01112018\BVD1_ZSV17106962_667120181031_000932_20181101
_0002_000004_000001.xml".
Выполнение операции "Копирование файла" над целевым объектом "Элемент: C:\work\BVD1_ZSV17106962_667120181031_000932_201
81101_0002_000005_000001.xml Назначение: \\tmn-ts-01\440p\Arhive\01112018\BVD1_ZSV17106962_667120181031_000932_20181101
_0002_000005_000001.xml".
Выполнение операции "Копирование файла" над целевым объектом "Элемент: C:\work\BVD1_ZSV17106962_667120181031_001300_201
81101_0002_000001_000001.xml Назначение: \\tmn-ts-01\440p\Arhive\01112018\BVD1_ZSV17106962_667120181031_001300_20181101
_0002_000001_000001.xml".
Выполнение операции "Копирование файла" над целевым объектом "Элемент: C:\work\BVD1_ZSV17106962_667120181031_001300_201
81101_0002_000002_000001.xml Назначение: \\tmn-ts-01\440p\Arhive\01112018\BVD1_ZSV17106962_667120181031_001300_20181101
_0002_000002_000001.xml".
Выполнение операции "Копирование файла" над целевым объектом "Элемент: C:\work\BVD1_ZSV17106962_667120181031_001300_201
81101_0002_000003_000001.xml Назначение: \\tmn-ts-01\440p\Arhive\01112018\BVD1_ZSV17106962_667120181031_001300_20181101
_0002_000003_000001.xml".
Выполнение операции "Копирование файла" над целевым объектом "Элемент: C:\work\BVD1_ZSV17106962_667120181031_001300_201
81101_0002_000004_000001.xml Назначение: \\tmn-ts-01\440p\Arhive\01112018\BVD1_ZSV17106962_667120181031_001300_20181101
_0002_000004_000001.xml".
Выполнение операции "Копирование файла" над целевым объектом "Элемент: C:\work\BVD1_ZSV17106962_667120181031_001300_201
81101_0002_000005_000001.xml Назначение: \\tmn-ts-01\440p\Arhive\01112018\BVD1_ZSV17106962_667120181031_001300_20181101
_0002_000005_000001.xml".
Выполнение операции "Копирование файла" над целевым объектом "Элемент: C:\work\BVD1_ZSV17106962_667120181031_001686_201
81101_0002_000001_000001.xml Назначение: \\tmn-ts-01\440p\Arhive\01112018\BVD1_ZSV17106962_667120181031_001686_20181101
_0002_000001_000001.xml".
Выполнение операции "Копирование файла" над целевым объектом "Элемент: C:\work\BVD1_ZSV17106962_667120181031_001686_201
81101_0002_000002_000001.xml Назначение: \\tmn-ts-01\440p\Arhive\01112018\BVD1_ZSV17106962_667120181031_001686_20181101
_0002_000002_000001.xml".
Выполнение операции "Копирование файла" над целевым объектом "Элемент: C:\work\BVD1_ZSV17106962_667120181031_001686_201
81101_0002_000003_000001.xml Назначение: \\tmn-ts-01\440p\Arhive\01112018\BVD1_ZSV17106962_667120181031_001686_20181101
_0002_000003_000001.xml".
Выполнение операции "Копирование файла" над целевым объектом "Элемент: C:\work\BVD1_ZSV17106962_667120181031_001686_201
81101_0002_000004_000001.xml Назначение: \\tmn-ts-01\440p\Arhive\01112018\BVD1_ZSV17106962_667120181031_001686_20181101
_0002_000004_000001.xml".
Выполнение операции "Копирование файла" над целевым объектом "Элемент: C:\work\BVD1_ZSV17106962_667120181031_001686_201
81101_0002_000005_000001.xml Назначение: \\tmn-ts-01\440p\Arhive\01112018\BVD1_ZSV17106962_667120181031_001686_20181101
_0002_000005_000001.xml".
Выполнение операции "Копирование файла" над целевым объектом "Элемент: C:\work\BVD1_ZSV17106962_722420181031_000969_201
81101_0002_000001_000001.xml Назначение: \\tmn-ts-01\440p\Arhive\01112018\BVD1_ZSV17106962_722420181031_000969_20181101
_0002_000001_000001.xml".
Выполнение операции "Копирование файла" над целевым объектом "Элемент: C:\work\BVD1_ZSV17106962_722420181031_001223_201
81101_0002_000001_000001.xml Назначение: \\tmn-ts-01\440p\Arhive\01112018\BVD1_ZSV17106962_722420181031_001223_20181101
_0002_000001_000001.xml".
Выполнение операции "Копирование файла" над целевым объектом "Элемент: C:\work\BVD1_ZSV17106962_722420181031_001678_201
81101_0002_000001_000001.xml Назначение: \\tmn-ts-01\440p\Arhive\01112018\BVD1_ZSV17106962_722420181031_001678_20181101
_0002_000001_000001.xml".
Выполнение операции "Копирование файла" над целевым объектом "Элемент: C:\work\BVD1_ZSV17106962_722420181031_001706_201
81101_0002_000001_000001.xml Назначение: \\tmn-ts-01\440p\Arhive\01112018\BVD1_ZSV17106962_722420181031_001706_20181101
_0002_000001_000001.xml".
Выполнение операции "Копирование файла" над целевым объектом "Элемент: C:\work\BVD1_ZSV17106962_722420181031_002433_201
81101_0002_000001_000001.xml Назначение: \\tmn-ts-01\440p\Arhive\01112018\BVD1_ZSV17106962_722420181031_002433_20181101
_0002_000001_000001.xml".
Выполнение операции "Копирование файла" над целевым объектом "Элемент: C:\work\BVD1_ZSV17106962_722420181031_003218_201
81101_0002_000001_000001.xml Назначение: \\tmn-ts-01\440p\Arhive\01112018\BVD1_ZSV17106962_722420181031_003218_20181101
_0002_000001_000001.xml".
Выполнение операции "Копирование файла" над целевым объектом "Элемент: C:\work\BVD1_ZSV17106962_722420181031_003566_201
81101_0002_000001_000001.xml Назначение: \\tmn-ts-01\440p\Arhive\01112018\BVD1_ZSV17106962_722420181031_003566_20181101
_0002_000001_000001.xml".
Выполнение операции "Копирование файла" над целевым объектом "Элемент: C:\work\BVD1_ZSV17106962_722420181031_003663_201
81101_0002_000001_000001.xml Назначение: \\tmn-ts-01\440p\Arhive\01112018\BVD1_ZSV17106962_722420181031_003663_20181101
_0002_000001_000001.xml".
Выполнение операции "Копирование файла" над целевым объектом "Элемент: C:\work\BVD1_ZSV17106962_722420181031_003812_201
81101_0002_000001_000001.xml Назначение: \\tmn-ts-01\440p\Arhive\01112018\BVD1_ZSV17106962_722420181031_003812_20181101
_0002_000001_000001.xml".
Выполнение операции "Копирование файла" над целевым объектом "Элемент: C:\work\BVD1_ZSV17106962_722420181031_004606_201
81101_0002_000001_000001.xml Назначение: \\tmn-ts-01\440p\Arhive\01112018\BVD1_ZSV17106962_722420181031_004606_20181101
_0002_000001_000001.xml".
Выполнение операции "Копирование файла" над целевым объектом "Элемент: C:\work\BVD1_ZSV17106962_722420181031_004882_201
81101_0002_000001_000001.xml Назначение: \\tmn-ts-01\440p\Arhive\01112018\BVD1_ZSV17106962_722420181031_004882_20181101
_0002_000001_000001.xml".
Выполнение операции "Копирование файла" над целевым объектом "Элемент: C:\work\BVD1_ZSV17106962_722420181031_005551_201
81101_0002_000001_000001.xml Назначение: \\tmn-ts-01\440p\Arhive\01112018\BVD1_ZSV17106962_722420181031_005551_20181101
_0002_000001_000001.xml".
Выполнение операции "Копирование файла" над целевым объектом "Элемент: C:\work\BVD1_ZSV17106962_722420181031_005885_201
81101_0002_000001_000001.xml Назначение: \\tmn-ts-01\440p\Arhive\01112018\BVD1_ZSV17106962_722420181031_005885_20181101
_0002_000001_000001.xml".
Выполнение операции "Копирование файла" над целевым объектом "Элемент: C:\work\BVD1_ZSV17106962_722420181031_006279_201
81101_0002_000001_000001.xml Назначение: \\tmn-ts-01\440p\Arhive\01112018\BVD1_ZSV17106962_722420181031_006279_20181101
_0002_000001_000001.xml".
Выполнение операции "Копирование файла" над целевым объектом "Элемент: C:\work\BVS1_ZSV17106962_667120181031_000932_201
81101_0002.xml Назначение: \\tmn-ts-01\440p\Arhive\01112018\BVS1_ZSV17106962_667120181031_000932_20181101_0002.xml".
Выполнение операции "Копирование файла" над целевым объектом "Элемент: C:\work\BVS1_ZSV17106962_667120181031_001300_201
81101_0002.xml Назначение: \\tmn-ts-01\440p\Arhive\01112018\BVS1_ZSV17106962_667120181031_001300_20181101_0002.xml".
Выполнение операции "Копирование файла" над целевым объектом "Элемент: C:\work\BVS1_ZSV17106962_667120181031_001686_201
81101_0002.xml Назначение: \\tmn-ts-01\440p\Arhive\01112018\BVS1_ZSV17106962_667120181031_001686_20181101_0002.xml".
Выполнение операции "Копирование файла" над целевым объектом "Элемент: C:\work\BVS1_ZSV17106962_722420181031_000969_201
81101_0002.xml Назначение: \\tmn-ts-01\440p\Arhive\01112018\BVS1_ZSV17106962_722420181031_000969_20181101_0002.xml".
Выполнение операции "Копирование файла" над целевым объектом "Элемент: C:\work\BVS1_ZSV17106962_722420181031_001223_201
81101_0002.xml Назначение: \\tmn-ts-01\440p\Arhive\01112018\BVS1_ZSV17106962_722420181031_001223_20181101_0002.xml".
Выполнение операции "Копирование файла" над целевым объектом "Элемент: C:\work\BVS1_ZSV17106962_722420181031_001678_201
81101_0002.xml Назначение: \\tmn-ts-01\440p\Arhive\01112018\BVS1_ZSV17106962_722420181031_001678_20181101_0002.xml".
Выполнение операции "Копирование файла" над целевым объектом "Элемент: C:\work\BVS1_ZSV17106962_722420181031_001706_201
81101_0002.xml Назначение: \\tmn-ts-01\440p\Arhive\01112018\BVS1_ZSV17106962_722420181031_001706_20181101_0002.xml".
Выполнение операции "Копирование файла" над целевым объектом "Элемент: C:\work\BVS1_ZSV17106962_722420181031_002433_201
81101_0002.xml Назначение: \\tmn-ts-01\440p\Arhive\01112018\BVS1_ZSV17106962_722420181031_002433_20181101_0002.xml".
Выполнение операции "Копирование файла" над целевым объектом "Элемент: C:\work\BVS1_ZSV17106962_722420181031_003218_201
81101_0002.xml Назначение: \\tmn-ts-01\440p\Arhive\01112018\BVS1_ZSV17106962_722420181031_003218_20181101_0002.xml".
Выполнение операции "Копирование файла" над целевым объектом "Элемент: C:\work\BVS1_ZSV17106962_722420181031_003566_201
81101_0002.xml Назначение: \\tmn-ts-01\440p\Arhive\01112018\BVS1_ZSV17106962_722420181031_003566_20181101_0002.xml".
Выполнение операции "Копирование файла" над целевым объектом "Элемент: C:\work\BVS1_ZSV17106962_722420181031_003663_201
81101_0002.xml Назначение: \\tmn-ts-01\440p\Arhive\01112018\BVS1_ZSV17106962_722420181031_003663_20181101_0002.xml".
Выполнение операции "Копирование файла" над целевым объектом "Элемент: C:\work\BVS1_ZSV17106962_722420181031_003812_201
81101_0002.xml Назначение: \\tmn-ts-01\440p\Arhive\01112018\BVS1_ZSV17106962_722420181031_003812_20181101_0002.xml".
Выполнение операции "Копирование файла" над целевым объектом "Элемент: C:\work\BVS1_ZSV17106962_722420181031_004606_201
81101_0002.xml Назначение: \\tmn-ts-01\440p\Arhive\01112018\BVS1_ZSV17106962_722420181031_004606_20181101_0002.xml".
Выполнение операции "Копирование файла" над целевым объектом "Элемент: C:\work\BVS1_ZSV17106962_722420181031_004882_201
81101_0002.xml Назначение: \\tmn-ts-01\440p\Arhive\01112018\BVS1_ZSV17106962_722420181031_004882_20181101_0002.xml".
Выполнение операции "Копирование файла" над целевым объектом "Элемент: C:\work\BVS1_ZSV17106962_722420181031_005551_201
81101_0002.xml Назначение: \\tmn-ts-01\440p\Arhive\01112018\BVS1_ZSV17106962_722420181031_005551_20181101_0002.xml".
Выполнение операции "Копирование файла" над целевым объектом "Элемент: C:\work\BVS1_ZSV17106962_722420181031_005885_201
81101_0002.xml Назначение: \\tmn-ts-01\440p\Arhive\01112018\BVS1_ZSV17106962_722420181031_005885_20181101_0002.xml".
Выполнение операции "Копирование файла" над целевым объектом "Элемент: C:\work\BVS1_ZSV17106962_722420181031_006279_201
81101_0002.xml Назначение: \\tmn-ts-01\440p\Arhive\01112018\BVS1_ZSV17106962_722420181031_006279_20181101_0002.xml".
Выполнение операции "Копирование файла" над целевым объектом "Элемент: C:\work\PB1_ROO17106962_860220181101_000097.xml 
Назначение: \\tmn-ts-01\440p\Arhive\01112018\PB1_ROO17106962_860220181101_000097.xml".
Выполнение операции "Копирование файла" над целевым объектом "Элемент: C:\work\PB1_ROO17106962_860220181101_000224.xml 
Назначение: \\tmn-ts-01\440p\Arhive\01112018\PB1_ROO17106962_860220181101_000224.xml".
Выполнение операции "Копирование файла" над целевым объектом "Элемент: C:\work\PB2_ZSV17106962_667120181031_001300_0002
.xml Назначение: \\tmn-ts-01\440p\Arhive\01112018\PB2_ZSV17106962_667120181031_001300_0002.xml".
Выполнение операции "Копирование файла" над целевым объектом "Элемент: C:\work\PB2_ZSV17106962_667120181031_001686_0002
.xml Назначение: \\tmn-ts-01\440p\Arhive\01112018\PB2_ZSV17106962_667120181031_001686_0002.xml".
Выполнение операции "Копирование файла" над целевым объектом "Элемент: C:\work\PB2_ZSV17106962_667120181031_003371_0002
.xml Назначение: \\tmn-ts-01\440p\Arhive\01112018\PB2_ZSV17106962_667120181031_003371_0002.xml".

[2018-11-01 17:30:11Z] - INFO - Копирование файлов в архив \\tmn-ts-01\440p\Arhive\01112018
[2018-11-01 17:30:12Z] - INFO - Переименовываем файлы *.xml -> *.vrb
[2018-11-01 17:30:12Z] - INFO - Подписываем все файлы
[2018-11-01 17:30:12Z] - INFO - Загружаем ключевую дискету c:\DISKET2017-1\Disk\DISK2
[2018-11-01 17:30:12Z] - INFO - Начинаем преобразование...
[2018-11-01 17:30:24Z] - INFO - Сравниваем до и после преобразования...
[2018-11-01 17:30:30Z] - INFO - Зашифровываем vrb-файлы
[2018-11-01 17:30:30Z] - INFO - Загружаем ключевую дискету c:\DISKET2018\Disk\DISK21
[2018-11-01 17:30:30Z] - INFO - Начинаем преобразование...
[2018-11-01 17:30:49Z] - INFO - Сравниваем до и после преобразования...
[2018-11-01 17:30:50Z] - ERRR - Часть файлов не были преобразованы!
[2018-11-01 17:30:50Z] - INFO - Начинаем преобразование...
[2018-11-01 17:30:59Z] - INFO - Сравниваем до и после преобразования...
[2018-11-01 17:31:05Z] - INFO - Начинаем архивацию...
[2018-11-01 17:31:05Z] - INFO - Подписываем файл архива c:\work\AFN_7106962_MIFNS00_20181101_00002.arj
[2018-11-01 17:31:05Z] - INFO - Загружаем ключевую дискету c:\DISKET2017-1\Disk\DISK2
[2018-11-01 17:31:06Z] - INFO - Начинаем преобразование...
[2018-11-01 17:31:43Z] - INFO - Сравниваем до и после преобразования...
[2018-11-01 17:31:48Z] - INFO - Копируем файл архива AFN_7106962_MIFNS00_20181101_00002.arj в \\tmn-ts-01\440p\Arhive\01112018
[2018-11-01 17:31:48Z] - INFO - Копируем файл архива AFN_7106962_MIFNS00_20181101_00002.arj в l:\PTK PSD\Post\Post
[2018-11-01 17:31:49Z] - INFO - Отправленно всего 51 сообщений
Из них:
Сведения: 29
Выписка: 17
Потверждения: 5

[2018-11-01 17:31:49Z] - INFO - Загружаем исходную ключевую дискету
[2018-11-01 17:31:50Z] - INFO - Конец работы скрипта!
[2018-11-01 17:45:00Z] - INFO - Автоматический режим работы
[2018-11-01 17:45:00Z] - INFO - Файлы отчетности не найдены в каталоге l:\PTK PSD\Post\ELO\OUT
[2018-11-01 17:52:51Z] - INFO - Обработка отчетности - 440out
[2018-11-01 17:52:51Z] - WARN - Автоматическое копирование в папку c:\work произведено не было!
[2018-11-01 17:52:52Z] - INFO - Сохраняем текущею ключевую дискету
[2018-11-01 17:52:53Z] - INFO - Выполнение операции "Копирование файла" над целевым объектом "Элемент: C:\work\BVD1_ZSV17106962_722420181031_000572_201
81101_0002_000001_000001.xml Назначение: \\tmn-ts-01\440p\Arhive\01112018\BVD1_ZSV17106962_722420181031_000572_20181101
_0002_000001_000001.xml".
Выполнение операции "Копирование файла" над целевым объектом "Элемент: C:\work\BVS1_ZSV17106962_722420181031_000572_201
81101_0002.xml Назначение: \\tmn-ts-01\440p\Arhive\01112018\BVS1_ZSV17106962_722420181031_000572_20181101_0002.xml".

[2018-11-01 17:52:53Z] - INFO - Копирование файлов в архив \\tmn-ts-01\440p\Arhive\01112018
[2018-11-01 17:52:53Z] - INFO - Переименовываем файлы *.xml -> *.vrb
[2018-11-01 17:52:53Z] - INFO - Подписываем все файлы
[2018-11-01 17:52:53Z] - INFO - Загружаем ключевую дискету c:\DISKET2017-1\Disk\DISK2
[2018-11-01 17:52:53Z] - INFO - Начинаем преобразование...
[2018-11-01 17:53:05Z] - INFO - Сравниваем до и после преобразования...
[2018-11-01 17:53:10Z] - INFO - Зашифровываем vrb-файлы
[2018-11-01 17:53:10Z] - INFO - Загружаем ключевую дискету c:\DISKET2018\Disk\DISK21
[2018-11-01 17:53:12Z] - INFO - Начинаем преобразование...
[2018-11-01 17:53:19Z] - INFO - Сравниваем до и после преобразования...
[2018-11-01 17:53:24Z] - INFO - Начинаем архивацию...
[2018-11-01 17:53:24Z] - INFO - Подписываем файл архива c:\work\AFN_7106962_MIFNS00_20181101_00003.arj
[2018-11-01 17:53:24Z] - INFO - Загружаем ключевую дискету c:\DISKET2017-1\Disk\DISK2
[2018-11-01 17:53:25Z] - INFO - Начинаем преобразование...
[2018-11-01 17:53:33Z] - INFO - Сравниваем до и после преобразования...
[2018-11-01 17:53:38Z] - INFO - Копируем файл архива AFN_7106962_MIFNS00_20181101_00003.arj в \\tmn-ts-01\440p\Arhive\01112018
[2018-11-01 17:53:38Z] - INFO - Копируем файл архива AFN_7106962_MIFNS00_20181101_00003.arj в l:\PTK PSD\Post\Post
[2018-11-01 17:53:39Z] - INFO - Отправленно всего 2 сообщений
Из них:
Сведения: 1
Выписка: 1

[2018-11-01 17:53:39Z] - INFO - Загружаем исходную ключевую дискету
[2018-11-01 17:53:40Z] - INFO - Конец работы скрипта!
[2018-11-01 18:00:00Z] - INFO - Автоматический режим работы
[2018-11-01 18:00:01Z] - INFO - Файлы отчетности не найдены в каталоге l:\PTK PSD\Post\ELO\OUT
[2018-11-01 18:15:00Z] - INFO - Автоматический режим работы
[2018-11-01 18:15:00Z] - INFO - Файлы отчетности не найдены в каталоге l:\PTK PSD\Post\ELO\OUT
[2018-11-01 18:30:00Z] - INFO - Автоматический режим работы
[2018-11-01 18:30:01Z] - INFO - Файлы отчетности не найдены в каталоге l:\PTK PSD\Post\ELO\OUT
[2018-11-01 18:45:00Z] - INFO - Автоматический режим работы
[2018-11-01 18:45:00Z] - INFO - Файлы отчетности не найдены в каталоге l:\PTK PSD\Post\ELO\OUT
[2018-11-01 19:00:01Z] - INFO - Автоматический режим работы
[2018-11-01 19:00:01Z] - INFO - Файлы отчетности не найдены в каталоге l:\PTK PSD\Post\ELO\OUT
[2018-11-01 19:15:00Z] - INFO - Автоматический режим работы
[2018-11-01 19:15:00Z] - INFO - Файлы отчетности не найдены в каталоге l:\PTK PSD\Post\ELO\OUT
[2018-11-01 19:30:49Z] - INFO - Автоматический режим работы
[2018-11-01 19:30:49Z] - INFO - Файлы отчетности не найдены в каталоге l:\PTK PSD\Post\ELO\OUT
[2018-11-01 19:45:03Z] - INFO - Автоматический режим работы
[2018-11-01 19:45:03Z] - INFO - Файлы отчетности не найдены в каталоге l:\PTK PSD\Post\ELO\OUT
[2018-11-01 20:00:00Z] - INFO - Автоматический режим работы
[2018-11-01 20:00:00Z] - INFO - Файлы отчетности не найдены в каталоге l:\PTK PSD\Post\ELO\OUT
[2018-11-01 20:15:00Z] - INFO - Автоматический режим работы
[2018-11-01 20:15:00Z] - INFO - Файлы отчетности не найдены в каталоге l:\PTK PSD\Post\ELO\OUT
[2018-11-01 20:30:00Z] - INFO - Автоматический режим работы
[2018-11-01 20:30:00Z] - INFO - Файлы отчетности не найдены в каталоге l:\PTK PSD\Post\ELO\OUT
[2018-11-01 20:45:00Z] - INFO - Автоматический режим работы
[2018-11-01 20:45:00Z] - INFO - Файлы отчетности не найдены в каталоге l:\PTK PSD\Post\ELO\OUT
[2018-11-01 21:00:00Z] - INFO - Автоматический режим работы
[2018-11-01 21:00:00Z] - INFO - Файлы отчетности не найдены в каталоге l:\PTK PSD\Post\ELO\OUT
[2018-11-01 21:15:00Z] - INFO - Автоматический режим работы
[2018-11-01 21:15:00Z] - INFO - Файлы отчетности не найдены в каталоге l:\PTK PSD\Post\ELO\OUT
[2018-11-01 21:30:00Z] - INFO - Автоматический режим работы
[2018-11-01 21:30:00Z] - INFO - Файлы отчетности не найдены в каталоге l:\PTK PSD\Post\ELO\OUT
[2018-11-01 21:45:00Z] - INFO - Автоматический режим работы
[2018-11-01 21:45:00Z] - INFO - Файлы отчетности не найдены в каталоге l:\PTK PSD\Post\ELO\OUT
[2018-11-01 22:00:00Z] - INFO - Автоматический режим работы
[2018-11-01 22:00:00Z] - INFO - Файлы отчетности не найдены в каталоге l:\PTK PSD\Post\ELO\OUT
[2018-11-01 22:15:00Z] - INFO - Автоматический режим работы
[2018-11-01 22:15:00Z] - INFO - Файлы отчетности не найдены в каталоге l:\PTK PSD\Post\ELO\OUT
[2018-11-01 22:30:00Z] - INFO - Автоматический режим работы
[2018-11-01 22:30:00Z] - INFO - Файлы отчетности не найдены в каталоге l:\PTK PSD\Post\ELO\OUT
[2018-11-01 22:45:00Z] - INFO - Автоматический режим работы
[2018-11-01 22:45:00Z] - INFO - Файлы отчетности не найдены в каталоге l:\PTK PSD\Post\ELO\OUT
[2018-11-01 23:00:00Z] - INFO - Автоматический режим работы
[2018-11-01 23:00:00Z] - INFO - Файлы отчетности не найдены в каталоге l:\PTK PSD\Post\ELO\OUT
[2018-11-01 23:15:00Z] - INFO - Автоматический режим работы
[2018-11-01 23:15:00Z] - INFO - Файлы отчетности не найдены в каталоге l:\PTK PSD\Post\ELO\OUT
[2018-11-01 23:30:00Z] - INFO - Автоматический режим работы
[2018-11-01 23:30:00Z] - INFO - Файлы отчетности не найдены в каталоге l:\PTK PSD\Post\ELO\OUT
[2018-11-01 23:45:12Z] - INFO - Автоматический режим работы
[2018-11-01 23:45:12Z] - INFO - Файлы отчетности не найдены в каталоге l:\PTK PSD\Post\ELO\OUT
