[2018-03-02 00:00:09Z] - INFO - Автоматический режим работы
[2018-03-02 00:00:09Z] - INFO - Файлы отчетности не найдены в каталоге l:\PTK PSD\Post\ELO\OUT
[2018-03-02 00:15:00Z] - INFO - Автоматический режим работы
[2018-03-02 00:15:00Z] - INFO - Файлы отчетности не найдены в каталоге l:\PTK PSD\Post\ELO\OUT
[2018-03-02 00:30:00Z] - INFO - Автоматический режим работы
[2018-03-02 00:30:00Z] - INFO - Файлы отчетности не найдены в каталоге l:\PTK PSD\Post\ELO\OUT
[2018-03-02 00:45:00Z] - INFO - Автоматический режим работы
[2018-03-02 00:45:00Z] - INFO - Файлы отчетности не найдены в каталоге l:\PTK PSD\Post\ELO\OUT
[2018-03-02 01:00:00Z] - INFO - Автоматический режим работы
[2018-03-02 01:00:00Z] - INFO - Файлы отчетности не найдены в каталоге l:\PTK PSD\Post\ELO\OUT
[2018-03-02 01:15:00Z] - INFO - Автоматический режим работы
[2018-03-02 01:15:00Z] - INFO - Файлы отчетности не найдены в каталоге l:\PTK PSD\Post\ELO\OUT
[2018-03-02 01:30:00Z] - INFO - Автоматический режим работы
[2018-03-02 01:30:00Z] - INFO - Файлы отчетности не найдены в каталоге l:\PTK PSD\Post\ELO\OUT
[2018-03-02 01:45:00Z] - INFO - Автоматический режим работы
[2018-03-02 01:45:00Z] - INFO - Файлы отчетности не найдены в каталоге l:\PTK PSD\Post\ELO\OUT
[2018-03-02 02:00:00Z] - INFO - Автоматический режим работы
[2018-03-02 02:00:00Z] - INFO - Файлы отчетности не найдены в каталоге l:\PTK PSD\Post\ELO\OUT
[2018-03-02 02:15:00Z] - INFO - Автоматический режим работы
[2018-03-02 02:15:00Z] - INFO - Файлы отчетности не найдены в каталоге l:\PTK PSD\Post\ELO\OUT
[2018-03-02 02:30:00Z] - INFO - Автоматический режим работы
[2018-03-02 02:30:00Z] - INFO - Файлы отчетности не найдены в каталоге l:\PTK PSD\Post\ELO\OUT
[2018-03-02 02:45:00Z] - INFO - Автоматический режим работы
[2018-03-02 02:45:00Z] - INFO - Файлы отчетности не найдены в каталоге l:\PTK PSD\Post\ELO\OUT
[2018-03-02 03:00:00Z] - INFO - Автоматический режим работы
[2018-03-02 03:00:00Z] - INFO - Файлы отчетности не найдены в каталоге l:\PTK PSD\Post\ELO\OUT
[2018-03-02 03:15:00Z] - INFO - Автоматический режим работы
[2018-03-02 03:15:00Z] - INFO - Файлы отчетности не найдены в каталоге l:\PTK PSD\Post\ELO\OUT
[2018-03-02 03:30:00Z] - INFO - Автоматический режим работы
[2018-03-02 03:30:00Z] - INFO - Файлы отчетности не найдены в каталоге l:\PTK PSD\Post\ELO\OUT
[2018-03-02 03:45:00Z] - INFO - Автоматический режим работы
[2018-03-02 03:45:00Z] - INFO - Файлы отчетности не найдены в каталоге l:\PTK PSD\Post\ELO\OUT
[2018-03-02 04:00:00Z] - INFO - Автоматический режим работы
[2018-03-02 04:00:00Z] - INFO - Файлы отчетности не найдены в каталоге l:\PTK PSD\Post\ELO\OUT
[2018-03-02 04:15:00Z] - INFO - Автоматический режим работы
[2018-03-02 04:15:00Z] - INFO - Файлы отчетности не найдены в каталоге l:\PTK PSD\Post\ELO\OUT
[2018-03-02 04:30:00Z] - INFO - Автоматический режим работы
[2018-03-02 04:30:00Z] - INFO - Файлы отчетности не найдены в каталоге l:\PTK PSD\Post\ELO\OUT
[2018-03-02 04:45:00Z] - INFO - Автоматический режим работы
[2018-03-02 04:45:00Z] - INFO - Файлы отчетности не найдены в каталоге l:\PTK PSD\Post\ELO\OUT
[2018-03-02 05:00:00Z] - INFO - Автоматический режим работы
[2018-03-02 05:00:00Z] - INFO - Файлы отчетности не найдены в каталоге l:\PTK PSD\Post\ELO\OUT
[2018-03-02 05:15:00Z] - INFO - Автоматический режим работы
[2018-03-02 05:15:00Z] - INFO - Файлы отчетности не найдены в каталоге l:\PTK PSD\Post\ELO\OUT
[2018-03-02 05:30:00Z] - INFO - Автоматический режим работы
[2018-03-02 05:30:00Z] - INFO - Файлы отчетности не найдены в каталоге l:\PTK PSD\Post\ELO\OUT
[2018-03-02 05:45:00Z] - INFO - Автоматический режим работы
[2018-03-02 05:45:00Z] - INFO - Файлы отчетности не найдены в каталоге l:\PTK PSD\Post\ELO\OUT
[2018-03-02 06:00:00Z] - INFO - Автоматический режим работы
[2018-03-02 06:00:00Z] - INFO - Файлы отчетности не найдены в каталоге l:\PTK PSD\Post\ELO\OUT
[2018-03-02 06:15:00Z] - INFO - Автоматический режим работы
[2018-03-02 06:15:00Z] - INFO - Файлы отчетности не найдены в каталоге l:\PTK PSD\Post\ELO\OUT
[2018-03-02 06:30:00Z] - INFO - Автоматический режим работы
[2018-03-02 06:30:00Z] - INFO - Файлы отчетности не найдены в каталоге l:\PTK PSD\Post\ELO\OUT
[2018-03-02 06:45:00Z] - INFO - Автоматический режим работы
[2018-03-02 06:45:00Z] - INFO - Файлы отчетности не найдены в каталоге l:\PTK PSD\Post\ELO\OUT
[2018-03-02 07:00:00Z] - INFO - Автоматический режим работы
[2018-03-02 07:00:00Z] - INFO - Файлы отчетности не найдены в каталоге l:\PTK PSD\Post\ELO\OUT
[2018-03-02 07:15:00Z] - INFO - Автоматический режим работы
[2018-03-02 07:15:00Z] - INFO - Файлы отчетности не найдены в каталоге l:\PTK PSD\Post\ELO\OUT
[2018-03-02 07:30:00Z] - INFO - Автоматический режим работы
[2018-03-02 07:30:00Z] - INFO - Файлы отчетности не найдены в каталоге l:\PTK PSD\Post\ELO\OUT
[2018-03-02 07:45:00Z] - INFO - Автоматический режим работы
[2018-03-02 07:45:00Z] - INFO - Файлы отчетности не найдены в каталоге l:\PTK PSD\Post\ELO\OUT
[2018-03-02 08:00:00Z] - INFO - Автоматический режим работы
[2018-03-02 08:00:00Z] - INFO - Файлы отчетности не найдены в каталоге l:\PTK PSD\Post\ELO\OUT
[2018-03-02 08:15:00Z] - INFO - Автоматический режим работы
[2018-03-02 08:15:00Z] - INFO - Файлы отчетности не найдены в каталоге l:\PTK PSD\Post\ELO\OUT
[2018-03-02 08:30:00Z] - INFO - Автоматический режим работы
[2018-03-02 08:30:00Z] - INFO - Файлы отчетности не найдены в каталоге l:\PTK PSD\Post\ELO\OUT
[2018-03-02 08:45:00Z] - INFO - Автоматический режим работы
[2018-03-02 08:45:00Z] - INFO - Файлы отчетности не найдены в каталоге l:\PTK PSD\Post\ELO\OUT
[2018-03-02 09:00:01Z] - INFO - Автоматический режим работы
[2018-03-02 09:00:01Z] - INFO - Файлы отчетности не найдены в каталоге l:\PTK PSD\Post\ELO\OUT
[2018-03-02 09:15:00Z] - INFO - Автоматический режим работы
[2018-03-02 09:15:00Z] - INFO - Файлы отчетности не найдены в каталоге l:\PTK PSD\Post\ELO\OUT
[2018-03-02 09:30:00Z] - INFO - Автоматический режим работы
[2018-03-02 09:30:00Z] - INFO - Файлы отчетности не найдены в каталоге l:\PTK PSD\Post\ELO\OUT
[2018-03-02 09:45:00Z] - INFO - Автоматический режим работы
[2018-03-02 09:45:00Z] - INFO - Файлы отчетности не найдены в каталоге l:\PTK PSD\Post\ELO\OUT
[2018-03-02 10:00:01Z] - INFO - Автоматический режим работы
[2018-03-02 10:00:01Z] - INFO - Файлы отчетности не найдены в каталоге l:\PTK PSD\Post\ELO\OUT
[2018-03-02 10:15:00Z] - INFO - Автоматический режим работы
[2018-03-02 10:15:00Z] - INFO - Файлы отчетности не найдены в каталоге l:\PTK PSD\Post\ELO\OUT
[2018-03-02 10:26:27Z] - INFO - Обработка отчетности - 440out
[2018-03-02 10:26:27Z] - WARN - Автоматическое копирование в папку c:\work произведено не было!
[2018-03-02 10:26:28Z] - INFO - Сохраняем текущею ключевую дискету
[2018-03-02 10:26:30Z] - INFO - Выполнение операции "Копирование файла" над целевым объектом "Элемент: C:\work\PB1_APZ17106962_720620180301_000191.xml 
Назначение: \\tmn-ts-01\440p\Arhive\02032018\PB1_APZ17106962_720620180301_000191.xml".
Выполнение операции "Копирование файла" над целевым объектом "Элемент: C:\work\PB1_APZ17106962_720620180301_000192.xml 
Назначение: \\tmn-ts-01\440p\Arhive\02032018\PB1_APZ17106962_720620180301_000192.xml".
Выполнение операции "Копирование файла" над целевым объектом "Элемент: C:\work\PB1_APZ17106962_720620180301_000193.xml 
Назначение: \\tmn-ts-01\440p\Arhive\02032018\PB1_APZ17106962_720620180301_000193.xml".
Выполнение операции "Копирование файла" над целевым объектом "Элемент: C:\work\PB1_APZ17106962_720620180301_000194.xml 
Назначение: \\tmn-ts-01\440p\Arhive\02032018\PB1_APZ17106962_720620180301_000194.xml".
Выполнение операции "Копирование файла" над целевым объектом "Элемент: C:\work\PB1_APZ17106962_720620180301_000195.xml 
Назначение: \\tmn-ts-01\440p\Arhive\02032018\PB1_APZ17106962_720620180301_000195.xml".
Выполнение операции "Копирование файла" над целевым объектом "Элемент: C:\work\PB1_APZ17106962_720620180301_000196.xml 
Назначение: \\tmn-ts-01\440p\Arhive\02032018\PB1_APZ17106962_720620180301_000196.xml".
Выполнение операции "Копирование файла" над целевым объектом "Элемент: C:\work\PB1_APZ17106962_720620180301_000197.xml 
Назначение: \\tmn-ts-01\440p\Arhive\02032018\PB1_APZ17106962_720620180301_000197.xml".
Выполнение операции "Копирование файла" над целевым объектом "Элемент: C:\work\PB1_APZ17106962_720620180301_000198.xml 
Назначение: \\tmn-ts-01\440p\Arhive\02032018\PB1_APZ17106962_720620180301_000198.xml".
Выполнение операции "Копирование файла" над целевым объектом "Элемент: C:\work\PB1_APZ17106962_720620180301_000199.xml 
Назначение: \\tmn-ts-01\440p\Arhive\02032018\PB1_APZ17106962_720620180301_000199.xml".
Выполнение операции "Копирование файла" над целевым объектом "Элемент: C:\work\PB1_APZ17106962_720620180301_000200.xml 
Назначение: \\tmn-ts-01\440p\Arhive\02032018\PB1_APZ17106962_720620180301_000200.xml".
Выполнение операции "Копирование файла" над целевым объектом "Элемент: C:\work\PB1_APZ17106962_720620180301_000201.xml 
Назначение: \\tmn-ts-01\440p\Arhive\02032018\PB1_APZ17106962_720620180301_000201.xml".
Выполнение операции "Копирование файла" над целевым объектом "Элемент: C:\work\PB1_APZ17106962_720620180301_000202.xml 
Назначение: \\tmn-ts-01\440p\Arhive\02032018\PB1_APZ17106962_720620180301_000202.xml".
Выполнение операции "Копирование файла" над целевым объектом "Элемент: C:\work\PB1_APZ17106962_720620180301_000203.xml 
Назначение: \\tmn-ts-01\440p\Arhive\02032018\PB1_APZ17106962_720620180301_000203.xml".
Выполнение операции "Копирование файла" над целевым объектом "Элемент: C:\work\PB1_APZ17106962_720620180301_000204.xml 
Назначение: \\tmn-ts-01\440p\Arhive\02032018\PB1_APZ17106962_720620180301_000204.xml".
Выполнение операции "Копирование файла" над целевым объектом "Элемент: C:\work\PB1_APZ17106962_720620180301_000205.xml 
Назначение: \\tmn-ts-01\440p\Arhive\02032018\PB1_APZ17106962_720620180301_000205.xml".
Выполнение операции "Копирование файла" над целевым объектом "Элемент: C:\work\PB1_APZ17106962_720620180301_000206.xml 
Назначение: \\tmn-ts-01\440p\Arhive\02032018\PB1_APZ17106962_720620180301_000206.xml".
Выполнение операции "Копирование файла" над целевым объектом "Элемент: C:\work\PB1_APZ17106962_720620180301_000207.xml 
Назначение: \\tmn-ts-01\440p\Arhive\02032018\PB1_APZ17106962_720620180301_000207.xml".
Выполнение операции "Копирование файла" над целевым объектом "Элемент: C:\work\PB1_APZ17106962_720620180301_000208.xml 
Назначение: \\tmn-ts-01\440p\Arhive\02032018\PB1_APZ17106962_720620180301_000208.xml".
Выполнение операции "Копирование файла" над целевым объектом "Элемент: C:\work\PB1_APZ17106962_720620180301_000209.xml 
Назначение: \\tmn-ts-01\440p\Arhive\02032018\PB1_APZ17106962_720620180301_000209.xml".
Выполнение операции "Копирование файла" над целевым объектом "Элемент: C:\work\PB1_ROO17106962_860320180301_000373.xml 
Назначение: \\tmn-ts-01\440p\Arhive\02032018\PB1_ROO17106962_860320180301_000373.xml".
Выполнение операции "Копирование файла" над целевым объектом "Элемент: C:\work\PB2_APZ17106962_720620180301_000191_0002
.xml Назначение: \\tmn-ts-01\440p\Arhive\02032018\PB2_APZ17106962_720620180301_000191_0002.xml".
Выполнение операции "Копирование файла" над целевым объектом "Элемент: C:\work\PB2_APZ17106962_720620180301_000192_0002
.xml Назначение: \\tmn-ts-01\440p\Arhive\02032018\PB2_APZ17106962_720620180301_000192_0002.xml".
Выполнение операции "Копирование файла" над целевым объектом "Элемент: C:\work\PB2_APZ17106962_720620180301_000193_0002
.xml Назначение: \\tmn-ts-01\440p\Arhive\02032018\PB2_APZ17106962_720620180301_000193_0002.xml".
Выполнение операции "Копирование файла" над целевым объектом "Элемент: C:\work\PB2_APZ17106962_720620180301_000194_0002
.xml Назначение: \\tmn-ts-01\440p\Arhive\02032018\PB2_APZ17106962_720620180301_000194_0002.xml".
Выполнение операции "Копирование файла" над целевым объектом "Элемент: C:\work\PB2_APZ17106962_720620180301_000195_0002
.xml Назначение: \\tmn-ts-01\440p\Arhive\02032018\PB2_APZ17106962_720620180301_000195_0002.xml".
Выполнение операции "Копирование файла" над целевым объектом "Элемент: C:\work\PB2_APZ17106962_720620180301_000196_0002
.xml Назначение: \\tmn-ts-01\440p\Arhive\02032018\PB2_APZ17106962_720620180301_000196_0002.xml".
Выполнение операции "Копирование файла" над целевым объектом "Элемент: C:\work\PB2_APZ17106962_720620180301_000197_0002
.xml Назначение: \\tmn-ts-01\440p\Arhive\02032018\PB2_APZ17106962_720620180301_000197_0002.xml".
Выполнение операции "Копирование файла" над целевым объектом "Элемент: C:\work\PB2_APZ17106962_720620180301_000198_0002
.xml Назначение: \\tmn-ts-01\440p\Arhive\02032018\PB2_APZ17106962_720620180301_000198_0002.xml".
Выполнение операции "Копирование файла" над целевым объектом "Элемент: C:\work\PB2_APZ17106962_720620180301_000199_0002
.xml Назначение: \\tmn-ts-01\440p\Arhive\02032018\PB2_APZ17106962_720620180301_000199_0002.xml".
Выполнение операции "Копирование файла" над целевым объектом "Элемент: C:\work\PB2_APZ17106962_720620180301_000200_0002
.xml Назначение: \\tmn-ts-01\440p\Arhive\02032018\PB2_APZ17106962_720620180301_000200_0002.xml".
Выполнение операции "Копирование файла" над целевым объектом "Элемент: C:\work\PB2_APZ17106962_720620180301_000201_0002
.xml Назначение: \\tmn-ts-01\440p\Arhive\02032018\PB2_APZ17106962_720620180301_000201_0002.xml".
Выполнение операции "Копирование файла" над целевым объектом "Элемент: C:\work\PB2_APZ17106962_720620180301_000202_0002
.xml Назначение: \\tmn-ts-01\440p\Arhive\02032018\PB2_APZ17106962_720620180301_000202_0002.xml".
Выполнение операции "Копирование файла" над целевым объектом "Элемент: C:\work\PB2_APZ17106962_720620180301_000203_0002
.xml Назначение: \\tmn-ts-01\440p\Arhive\02032018\PB2_APZ17106962_720620180301_000203_0002.xml".
Выполнение операции "Копирование файла" над целевым объектом "Элемент: C:\work\PB2_APZ17106962_720620180301_000204_0002
.xml Назначение: \\tmn-ts-01\440p\Arhive\02032018\PB2_APZ17106962_720620180301_000204_0002.xml".
Выполнение операции "Копирование файла" над целевым объектом "Элемент: C:\work\PB2_APZ17106962_720620180301_000205_0002
.xml Назначение: \\tmn-ts-01\440p\Arhive\02032018\PB2_APZ17106962_720620180301_000205_0002.xml".
Выполнение операции "Копирование файла" над целевым объектом "Элемент: C:\work\PB2_APZ17106962_720620180301_000206_0002
.xml Назначение: \\tmn-ts-01\440p\Arhive\02032018\PB2_APZ17106962_720620180301_000206_0002.xml".
Выполнение операции "Копирование файла" над целевым объектом "Элемент: C:\work\PB2_APZ17106962_720620180301_000207_0002
.xml Назначение: \\tmn-ts-01\440p\Arhive\02032018\PB2_APZ17106962_720620180301_000207_0002.xml".
Выполнение операции "Копирование файла" над целевым объектом "Элемент: C:\work\PB2_APZ17106962_720620180301_000208_0002
.xml Назначение: \\tmn-ts-01\440p\Arhive\02032018\PB2_APZ17106962_720620180301_000208_0002.xml".
Выполнение операции "Копирование файла" над целевым объектом "Элемент: C:\work\PB2_APZ17106962_720620180301_000209_0002
.xml Назначение: \\tmn-ts-01\440p\Arhive\02032018\PB2_APZ17106962_720620180301_000209_0002.xml".

[2018-03-02 10:26:30Z] - INFO - Копирование файлов в архив \\tmn-ts-01\440p\Arhive\02032018
[2018-03-02 10:26:30Z] - INFO - Переименовываем файлы *.xml -> *.vrb
[2018-03-02 10:26:30Z] - INFO - Подписываем все файлы
[2018-03-02 10:26:30Z] - INFO - Загружаем ключевую дискету c:\DISKET2017-1\Disk\DISK2
[2018-03-02 10:26:30Z] - INFO - Начинаем преобразование...
[2018-03-02 10:26:42Z] - INFO - Сравниваем до и после преобразования...
[2018-03-02 10:26:48Z] - INFO - Начинаем архивацию...
[2018-03-02 10:26:48Z] - INFO - Подписываем файл архива c:\work\AFN_7106962_MIFNS00_20180302_00001.arj
[2018-03-02 10:26:48Z] - INFO - Загружаем ключевую дискету c:\DISKET2017-1\Disk\DISK2
[2018-03-02 10:26:49Z] - INFO - Начинаем преобразование...
[2018-03-02 10:26:57Z] - INFO - Сравниваем до и после преобразования...
[2018-03-02 10:27:02Z] - INFO - Копируем файл архива AFN_7106962_MIFNS00_20180302_00001.arj в \\tmn-ts-01\440p\Arhive\02032018
[2018-03-02 10:27:02Z] - INFO - Копируем файл архива AFN_7106962_MIFNS00_20180302_00001.arj в l:\PTK PSD\Post\Post
[2018-03-02 10:27:03Z] - INFO - Отправленно всего 39 сообщений
Из них:
Потверждения: 39

[2018-03-02 10:27:03Z] - INFO - Загружаем исходную ключевую дискету
[2018-03-02 10:27:04Z] - INFO - Конец работы скрипта!
[2018-03-02 10:30:00Z] - INFO - Автоматический режим работы
[2018-03-02 10:30:00Z] - INFO - Файлы отчетности не найдены в каталоге l:\PTK PSD\Post\ELO\OUT
[2018-03-02 10:45:00Z] - INFO - Автоматический режим работы
[2018-03-02 10:45:00Z] - INFO - Файлы отчетности не найдены в каталоге l:\PTK PSD\Post\ELO\OUT
[2018-03-02 11:00:01Z] - INFO - Автоматический режим работы
[2018-03-02 11:00:01Z] - INFO - Файлы отчетности не найдены в каталоге l:\PTK PSD\Post\ELO\OUT
[2018-03-02 11:15:00Z] - INFO - Автоматический режим работы
[2018-03-02 11:15:00Z] - INFO - Файлы отчетности не найдены в каталоге l:\PTK PSD\Post\ELO\OUT
[2018-03-02 11:30:09Z] - INFO - Автоматический режим работы
[2018-03-02 11:30:09Z] - INFO - Файлы отчетности не найдены в каталоге l:\PTK PSD\Post\ELO\OUT
[2018-03-02 11:45:00Z] - INFO - Автоматический режим работы
[2018-03-02 11:45:00Z] - INFO - Файлы отчетности не найдены в каталоге l:\PTK PSD\Post\ELO\OUT
[2018-03-02 12:00:01Z] - INFO - Автоматический режим работы
[2018-03-02 12:00:01Z] - INFO - Файлы отчетности не найдены в каталоге l:\PTK PSD\Post\ELO\OUT
[2018-03-02 12:15:00Z] - INFO - Автоматический режим работы
[2018-03-02 12:15:00Z] - INFO - Файлы отчетности не найдены в каталоге l:\PTK PSD\Post\ELO\OUT
[2018-03-02 12:30:00Z] - INFO - Автоматический режим работы
[2018-03-02 12:30:00Z] - INFO - Файлы отчетности не найдены в каталоге l:\PTK PSD\Post\ELO\OUT
[2018-03-02 12:45:00Z] - INFO - Автоматический режим работы
[2018-03-02 12:45:00Z] - INFO - Файлы отчетности не найдены в каталоге l:\PTK PSD\Post\ELO\OUT
[2018-03-02 13:00:01Z] - INFO - Автоматический режим работы
[2018-03-02 13:00:01Z] - INFO - Файлы отчетности не найдены в каталоге l:\PTK PSD\Post\ELO\OUT
[2018-03-02 13:15:05Z] - INFO - Автоматический режим работы
[2018-03-02 13:15:06Z] - INFO - Начат автоматический приём по форме 440П 02.03.2018 13:15:05
[2018-03-02 13:15:07Z] - INFO - Копируем файл AFN_MIFNS00_7106962_20180301_00004.ARJ
[2018-03-02 13:15:07Z] - INFO - Копируем файл AFN_MIFNS00_7106962_20180301_00005.ARJ
[2018-03-02 13:15:07Z] - INFO - Копируем файл AFN_MIFNS00_7106962_20180301_00006.ARJ
[2018-03-02 13:15:07Z] - INFO - Копируем файл AFN_MIFNS00_7106962_20180301_00007.ARJ
[2018-03-02 13:15:07Z] - INFO - Копируем файл AFN_MIFNS00_7106962_20180301_00008.ARJ
[2018-03-02 13:15:07Z] - INFO - Сохраняем текущею ключевую дискету
[2018-03-02 13:15:09Z] - INFO - Копирование файлов в архив \\tmn-ts-01\440p\Arhive\02032018
[2018-03-02 13:15:09Z] - INFO - Выполнение операции "Копирование файла" над целевым объектом "Элемент: C:\work\
AFN_MIFNS00_7106962_20180301_00004.ARJ Назначение: \\tmn-ts-01\440p\Arhive\0203
2018\AFN_MIFNS00_7106962_20180301_00004.ARJ".
Выполнение операции "Копирование файла" над целевым объектом "Элемент: C:\work\
AFN_MIFNS00_7106962_20180301_00005.ARJ Назначение: \\tmn-ts-01\440p\Arhive\0203
2018\AFN_MIFNS00_7106962_20180301_00005.ARJ".
Выполнение операции "Копирование файла" над целевым объектом "Элемент: C:\work\
AFN_MIFNS00_7106962_20180301_00006.ARJ Назначение: \\tmn-ts-01\440p\Arhive\0203
2018\AFN_MIFNS00_7106962_20180301_00006.ARJ".
Выполнение операции "Копирование файла" над целевым объектом "Элемент: C:\work\
AFN_MIFNS00_7106962_20180301_00007.ARJ Назначение: \\tmn-ts-01\440p\Arhive\0203
2018\AFN_MIFNS00_7106962_20180301_00007.ARJ".
Выполнение операции "Копирование файла" над целевым объектом "Элемент: C:\work\
AFN_MIFNS00_7106962_20180301_00008.ARJ Назначение: \\tmn-ts-01\440p\Arhive\0203
2018\AFN_MIFNS00_7106962_20180301_00008.ARJ".

[2018-03-02 13:15:09Z] - INFO - Снимаем подпись с arj-архивов
[2018-03-02 13:15:09Z] - INFO - Загружаем ключевую дискету C:\DISKET2017\disk\disk22
[2018-03-02 13:15:09Z] - INFO - Начинаем преобразование...
[2018-03-02 13:15:16Z] - INFO - Сравниваем до и после преобразования...
[2018-03-02 13:15:21Z] - INFO - Начинаем разархивацию...
[2018-03-02 13:15:21Z] - INFO - Разархивация файла C:\work\AFN_MIFNS00_7106962_20180301_00004.ARJ
[2018-03-02 13:15:22Z] - INFO - Разархивация файла C:\work\AFN_MIFNS00_7106962_20180301_00005.ARJ
[2018-03-02 13:15:23Z] - INFO - Разархивация файла C:\work\AFN_MIFNS00_7106962_20180301_00006.ARJ
[2018-03-02 13:15:24Z] - INFO - Разархивация файла C:\work\AFN_MIFNS00_7106962_20180301_00007.ARJ
[2018-03-02 13:15:26Z] - INFO - Разархивация файла C:\work\AFN_MIFNS00_7106962_20180301_00008.ARJ
[2018-03-02 13:15:27Z] - INFO - Расшифровываем vrb-файлы
[2018-03-02 13:15:27Z] - INFO - Загружаем ключевую дискету c:\DISKET2017\Disk\DISK21
[2018-03-02 13:15:28Z] - INFO - Начинаем преобразование...
[2018-03-02 13:15:33Z] - INFO - Сравниваем до и после преобразования...
[2018-03-02 13:15:38Z] - INFO - Переименовываем файлы в xml
[2018-03-02 13:15:38Z] - INFO - Снимаем подпись с xml-файлов
[2018-03-02 13:15:38Z] - INFO - Загружаем ключевую дискету C:\DISKET2017\disk\disk22
[2018-03-02 13:15:40Z] - INFO - Начинаем преобразование...
[2018-03-02 13:15:46Z] - INFO - Сравниваем до и после преобразования...
[2018-03-02 13:15:59Z] - INFO - Форматируем xml-файлы
[2018-03-02 13:15:59Z] - INFO - Пришли подтверждения
[2018-03-02 13:16:01Z] - INFO - Пришли успешные подтверждения - 107 шт.
Потверждения находятся в каталоге \\tmn-ts-01\440p\ack\02032018


[2018-03-02 13:16:22Z] - INFO - Пришло всего 28 сообщений
Из них:
Решения: 24
Запросы: 4

[2018-03-02 13:16:28Z] - INFO - Удаляем файл l:\PTK PSD\Post\ELO\OUT\AFN_MIFNS00_7106962_20180301_00004.ARJ
[2018-03-02 13:16:28Z] - INFO - Удаляем файл l:\PTK PSD\Post\ELO\OUT\AFN_MIFNS00_7106962_20180301_00005.ARJ
[2018-03-02 13:16:28Z] - INFO - Удаляем файл l:\PTK PSD\Post\ELO\OUT\AFN_MIFNS00_7106962_20180301_00006.ARJ
[2018-03-02 13:16:28Z] - INFO - Удаляем файл l:\PTK PSD\Post\ELO\OUT\AFN_MIFNS00_7106962_20180301_00007.ARJ
[2018-03-02 13:16:28Z] - INFO - Удаляем файл l:\PTK PSD\Post\ELO\OUT\AFN_MIFNS00_7106962_20180301_00008.ARJ
[2018-03-02 13:16:28Z] - INFO - Загружаем исходную ключевую дискету
[2018-03-02 13:16:29Z] - INFO - Конец работы скрипта!
[2018-03-02 13:30:00Z] - INFO - Автоматический режим работы
[2018-03-02 13:30:00Z] - INFO - Файлы отчетности не найдены в каталоге l:\PTK PSD\Post\ELO\OUT
[2018-03-02 13:45:00Z] - INFO - Автоматический режим работы
[2018-03-02 13:45:00Z] - INFO - Файлы отчетности не найдены в каталоге l:\PTK PSD\Post\ELO\OUT
[2018-03-02 14:00:01Z] - INFO - Автоматический режим работы
[2018-03-02 14:00:01Z] - INFO - Файлы отчетности не найдены в каталоге l:\PTK PSD\Post\ELO\OUT
[2018-03-02 14:15:00Z] - INFO - Автоматический режим работы
[2018-03-02 14:15:00Z] - INFO - Файлы отчетности не найдены в каталоге l:\PTK PSD\Post\ELO\OUT
[2018-03-02 14:30:00Z] - INFO - Автоматический режим работы
[2018-03-02 14:30:00Z] - INFO - Файлы отчетности не найдены в каталоге l:\PTK PSD\Post\ELO\OUT
[2018-03-02 14:45:00Z] - INFO - Автоматический режим работы
[2018-03-02 14:45:00Z] - INFO - Файлы отчетности не найдены в каталоге l:\PTK PSD\Post\ELO\OUT
[2018-03-02 15:00:01Z] - INFO - Автоматический режим работы
[2018-03-02 15:00:01Z] - INFO - Файлы отчетности не найдены в каталоге l:\PTK PSD\Post\ELO\OUT
[2018-03-02 15:15:00Z] - INFO - Автоматический режим работы
[2018-03-02 15:15:00Z] - INFO - Файлы отчетности не найдены в каталоге l:\PTK PSD\Post\ELO\OUT
[2018-03-02 15:30:00Z] - INFO - Автоматический режим работы
[2018-03-02 15:30:00Z] - INFO - Файлы отчетности не найдены в каталоге l:\PTK PSD\Post\ELO\OUT
[2018-03-02 15:45:00Z] - INFO - Автоматический режим работы
[2018-03-02 15:45:00Z] - INFO - Файлы отчетности не найдены в каталоге l:\PTK PSD\Post\ELO\OUT
[2018-03-02 16:00:00Z] - INFO - Автоматический режим работы
[2018-03-02 16:00:01Z] - INFO - Файлы отчетности не найдены в каталоге l:\PTK PSD\Post\ELO\OUT
[2018-03-02 16:15:00Z] - INFO - Автоматический режим работы
[2018-03-02 16:15:00Z] - INFO - Файлы отчетности не найдены в каталоге l:\PTK PSD\Post\ELO\OUT
[2018-03-02 16:16:28Z] - INFO - Обработка отчетности - 440out
[2018-03-02 16:16:28Z] - WARN - Автоматическое копирование в папку c:\work произведено не было!
[2018-03-02 16:16:28Z] - INFO - Сохраняем текущею ключевую дискету
[2018-03-02 16:16:30Z] - INFO - Выполнение операции "Копирование файла" над целевым объектом "Элемент: C:\work\BVD1_ZSV17106962_722420180301_000005_201
80302_0002_000001_000001.xml Назначение: \\tmn-ts-01\440p\Arhive\02032018\BVD1_ZSV17106962_722420180301_000005_20180302
_0002_000001_000001.xml".
Выполнение операции "Копирование файла" над целевым объектом "Элемент: C:\work\BVD1_ZSV17106962_890320180301_000049_201
80302_0002_000001_000001.XML Назначение: \\tmn-ts-01\440p\Arhive\02032018\BVD1_ZSV17106962_890320180301_000049_20180302
_0002_000001_000001.XML".
Выполнение операции "Копирование файла" над целевым объектом "Элемент: C:\work\BVD1_ZSV17106962_890320180301_000050_201
80302_0002_000001_000001.XML Назначение: \\tmn-ts-01\440p\Arhive\02032018\BVD1_ZSV17106962_890320180301_000050_20180302
_0002_000001_000001.XML".
Выполнение операции "Копирование файла" над целевым объектом "Элемент: C:\work\BVS1_ZSV17106962_722420180301_000005_201
80302_0002.xml Назначение: \\tmn-ts-01\440p\Arhive\02032018\BVS1_ZSV17106962_722420180301_000005_20180302_0002.xml".
Выполнение операции "Копирование файла" над целевым объектом "Элемент: C:\work\BVS1_ZSV17106962_890320180301_000049_201
80302_0002.xml Назначение: \\tmn-ts-01\440p\Arhive\02032018\BVS1_ZSV17106962_890320180301_000049_20180302_0002.xml".
Выполнение операции "Копирование файла" над целевым объектом "Элемент: C:\work\BVS1_ZSV17106962_890320180301_000050_201
80302_0002.xml Назначение: \\tmn-ts-01\440p\Arhive\02032018\BVS1_ZSV17106962_890320180301_000050_20180302_0002.xml".
Выполнение операции "Копирование файла" над целевым объектом "Элемент: C:\work\PB1_ROO17106962_720620180301_000574.xml 
Назначение: \\tmn-ts-01\440p\Arhive\02032018\PB1_ROO17106962_720620180301_000574.xml".
Выполнение операции "Копирование файла" над целевым объектом "Элемент: C:\work\PB1_ROO17106962_720620180301_000575.xml 
Назначение: \\tmn-ts-01\440p\Arhive\02032018\PB1_ROO17106962_720620180301_000575.xml".
Выполнение операции "Копирование файла" над целевым объектом "Элемент: C:\work\PB1_ROO17106962_720620180301_000576.xml 
Назначение: \\tmn-ts-01\440p\Arhive\02032018\PB1_ROO17106962_720620180301_000576.xml".
Выполнение операции "Копирование файла" над целевым объектом "Элемент: C:\work\PB1_ROO17106962_720620180301_000577.xml 
Назначение: \\tmn-ts-01\440p\Arhive\02032018\PB1_ROO17106962_720620180301_000577.xml".
Выполнение операции "Копирование файла" над целевым объектом "Элемент: C:\work\PB1_ROO17106962_720620180301_000578.xml 
Назначение: \\tmn-ts-01\440p\Arhive\02032018\PB1_ROO17106962_720620180301_000578.xml".
Выполнение операции "Копирование файла" над целевым объектом "Элемент: C:\work\PB1_ROO17106962_720620180301_000579.xml 
Назначение: \\tmn-ts-01\440p\Arhive\02032018\PB1_ROO17106962_720620180301_000579.xml".
Выполнение операции "Копирование файла" над целевым объектом "Элемент: C:\work\PB1_ROO17106962_720620180301_000580.xml 
Назначение: \\tmn-ts-01\440p\Arhive\02032018\PB1_ROO17106962_720620180301_000580.xml".
Выполнение операции "Копирование файла" над целевым объектом "Элемент: C:\work\PB1_ROO17106962_720620180301_000581.xml 
Назначение: \\tmn-ts-01\440p\Arhive\02032018\PB1_ROO17106962_720620180301_000581.xml".
Выполнение операции "Копирование файла" над целевым объектом "Элемент: C:\work\PB1_ROO17106962_720620180301_000582.xml 
Назначение: \\tmn-ts-01\440p\Arhive\02032018\PB1_ROO17106962_720620180301_000582.xml".
Выполнение операции "Копирование файла" над целевым объектом "Элемент: C:\work\PB1_ROO17106962_860320180301_000826.xml 
Назначение: \\tmn-ts-01\440p\Arhive\02032018\PB1_ROO17106962_860320180301_000826.xml".
Выполнение операции "Копирование файла" над целевым объектом "Элемент: C:\work\PB1_ROO17106962_860320180301_000881.xml 
Назначение: \\tmn-ts-01\440p\Arhive\02032018\PB1_ROO17106962_860320180301_000881.xml".
Выполнение операции "Копирование файла" над целевым объектом "Элемент: C:\work\PB1_ROO17106962_860320180301_000920.xml 
Назначение: \\tmn-ts-01\440p\Arhive\02032018\PB1_ROO17106962_860320180301_000920.xml".
Выполнение операции "Копирование файла" над целевым объектом "Элемент: C:\work\PB1_ROO17106962_860320180301_001198.xml 
Назначение: \\tmn-ts-01\440p\Arhive\02032018\PB1_ROO17106962_860320180301_001198.xml".
Выполнение операции "Копирование файла" над целевым объектом "Элемент: C:\work\PB1_ROO17106962_860320180301_001340.xml 
Назначение: \\tmn-ts-01\440p\Arhive\02032018\PB1_ROO17106962_860320180301_001340.xml".
Выполнение операции "Копирование файла" над целевым объектом "Элемент: C:\work\PB1_ROO17106962_860320180301_001425.xml 
Назначение: \\tmn-ts-01\440p\Arhive\02032018\PB1_ROO17106962_860320180301_001425.xml".
Выполнение операции "Копирование файла" над целевым объектом "Элемент: C:\work\PB1_ROO17106962_860320180301_001451.xml 
Назначение: \\tmn-ts-01\440p\Arhive\02032018\PB1_ROO17106962_860320180301_001451.xml".
Выполнение операции "Копирование файла" над целевым объектом "Элемент: C:\work\PB1_ROO17106962_860320180301_001526.xml 
Назначение: \\tmn-ts-01\440p\Arhive\02032018\PB1_ROO17106962_860320180301_001526.xml".
Выполнение операции "Копирование файла" над целевым объектом "Элемент: C:\work\PB1_ROO17106962_860320180301_001549.xml 
Назначение: \\tmn-ts-01\440p\Arhive\02032018\PB1_ROO17106962_860320180301_001549.xml".
Выполнение операции "Копирование файла" над целевым объектом "Элемент: C:\work\PB1_ROO17106962_860320180301_001637.xml 
Назначение: \\tmn-ts-01\440p\Arhive\02032018\PB1_ROO17106962_860320180301_001637.xml".
Выполнение операции "Копирование файла" над целевым объектом "Элемент: C:\work\PB1_ROO17106962_860320180301_001801.xml 
Назначение: \\tmn-ts-01\440p\Arhive\02032018\PB1_ROO17106962_860320180301_001801.xml".
Выполнение операции "Копирование файла" над целевым объектом "Элемент: C:\work\PB1_ROO17106962_860320180301_001830.xml 
Назначение: \\tmn-ts-01\440p\Arhive\02032018\PB1_ROO17106962_860320180301_001830.xml".
Выполнение операции "Копирование файла" над целевым объектом "Элемент: C:\work\PB1_ROO17106962_860320180301_001936.xml 
Назначение: \\tmn-ts-01\440p\Arhive\02032018\PB1_ROO17106962_860320180301_001936.xml".
Выполнение операции "Копирование файла" над целевым объектом "Элемент: C:\work\PB1_ROO17106962_860320180301_002098.xml 
Назначение: \\tmn-ts-01\440p\Arhive\02032018\PB1_ROO17106962_860320180301_002098.xml".
Выполнение операции "Копирование файла" над целевым объектом "Элемент: C:\work\PB1_RPO17106962_723020180301_001190.xml 
Назначение: \\tmn-ts-01\440p\Arhive\02032018\PB1_RPO17106962_723020180301_001190.xml".
Выполнение операции "Копирование файла" над целевым объектом "Элемент: C:\work\PB1_ZSV17106962_151020180301_000738.xml 
Назначение: \\tmn-ts-01\440p\Arhive\02032018\PB1_ZSV17106962_151020180301_000738.xml".
Выполнение операции "Копирование файла" над целевым объектом "Элемент: C:\work\PB1_ZSV17106962_722420180301_000005.xml 
Назначение: \\tmn-ts-01\440p\Arhive\02032018\PB1_ZSV17106962_722420180301_000005.xml".
Выполнение операции "Копирование файла" над целевым объектом "Элемент: C:\work\PB1_ZSV17106962_890320180301_000049.xml 
Назначение: \\tmn-ts-01\440p\Arhive\02032018\PB1_ZSV17106962_890320180301_000049.xml".
Выполнение операции "Копирование файла" над целевым объектом "Элемент: C:\work\PB1_ZSV17106962_890320180301_000050.xml 
Назначение: \\tmn-ts-01\440p\Arhive\02032018\PB1_ZSV17106962_890320180301_000050.xml".
Выполнение операции "Копирование файла" над целевым объектом "Элемент: C:\work\PB2_ROO17106962_720620180301_000576_0002
.xml Назначение: \\tmn-ts-01\440p\Arhive\02032018\PB2_ROO17106962_720620180301_000576_0002.xml".
Выполнение операции "Копирование файла" над целевым объектом "Элемент: C:\work\PB2_ROO17106962_720620180301_000581_0002
.xml Назначение: \\tmn-ts-01\440p\Arhive\02032018\PB2_ROO17106962_720620180301_000581_0002.xml".
Выполнение операции "Копирование файла" над целевым объектом "Элемент: C:\work\PB2_ROO17106962_720620180301_000582_0002
.xml Назначение: \\tmn-ts-01\440p\Arhive\02032018\PB2_ROO17106962_720620180301_000582_0002.xml".
Выполнение операции "Копирование файла" над целевым объектом "Элемент: C:\work\PB2_ROO17106962_860320180301_001549_0002
.xml Назначение: \\tmn-ts-01\440p\Arhive\02032018\PB2_ROO17106962_860320180301_001549_0002.xml".
Выполнение операции "Копирование файла" над целевым объектом "Элемент: C:\work\PB2_ROO17106962_860320180301_001801_0002
.xml Назначение: \\tmn-ts-01\440p\Arhive\02032018\PB2_ROO17106962_860320180301_001801_0002.xml".
Выполнение операции "Копирование файла" над целевым объектом "Элемент: C:\work\PB2_RPO17106962_723020180301_001190_0002
.xml Назначение: \\tmn-ts-01\440p\Arhive\02032018\PB2_RPO17106962_723020180301_001190_0002.xml".
Выполнение операции "Копирование файла" над целевым объектом "Элемент: C:\work\PB2_ZSV17106962_151020180301_000738_0002
.xml Назначение: \\tmn-ts-01\440p\Arhive\02032018\PB2_ZSV17106962_151020180301_000738_0002.xml".

[2018-03-02 16:16:30Z] - INFO - Копирование файлов в архив \\tmn-ts-01\440p\Arhive\02032018
[2018-03-02 16:16:30Z] - INFO - Переименовываем файлы *.xml -> *.vrb
[2018-03-02 16:16:30Z] - INFO - Подписываем все файлы
[2018-03-02 16:16:30Z] - INFO - Загружаем ключевую дискету c:\DISKET2017-1\Disk\DISK2
[2018-03-02 16:16:30Z] - INFO - Начинаем преобразование...
[2018-03-02 16:16:38Z] - INFO - Сравниваем до и после преобразования...
[2018-03-02 16:16:44Z] - INFO - Зашифровываем vrb-файлы
[2018-03-02 16:16:44Z] - INFO - Загружаем ключевую дискету c:\DISKET2017\Disk\DISK21
[2018-03-02 16:16:45Z] - INFO - Начинаем преобразование...
[2018-03-02 16:16:52Z] - INFO - Сравниваем до и после преобразования...
[2018-03-02 16:16:57Z] - INFO - Начинаем архивацию...
[2018-03-02 16:16:58Z] - INFO - Подписываем файл архива c:\work\AFN_7106962_MIFNS00_20180302_00002.arj
[2018-03-02 16:16:58Z] - INFO - Загружаем ключевую дискету c:\DISKET2017-1\Disk\DISK2
[2018-03-02 16:16:59Z] - INFO - Начинаем преобразование...
[2018-03-02 16:17:05Z] - INFO - Сравниваем до и после преобразования...
[2018-03-02 16:17:10Z] - INFO - Копируем файл архива AFN_7106962_MIFNS00_20180302_00002.arj в \\tmn-ts-01\440p\Arhive\02032018
[2018-03-02 16:17:10Z] - INFO - Копируем файл архива AFN_7106962_MIFNS00_20180302_00002.arj в l:\PTK PSD\Post\Post
[2018-03-02 16:17:11Z] - INFO - Отправленно всего 41 сообщений
Из них:
Сведения: 3
Выписка: 3
Потверждения: 35

[2018-03-02 16:17:11Z] - INFO - Загружаем исходную ключевую дискету
[2018-03-02 16:17:12Z] - INFO - Конец работы скрипта!
[2018-03-02 16:30:00Z] - INFO - Автоматический режим работы
[2018-03-02 16:30:00Z] - INFO - Файлы отчетности не найдены в каталоге l:\PTK PSD\Post\ELO\OUT
[2018-03-02 16:45:00Z] - INFO - Автоматический режим работы
[2018-03-02 16:45:00Z] - INFO - Файлы отчетности не найдены в каталоге l:\PTK PSD\Post\ELO\OUT
[2018-03-02 17:00:01Z] - INFO - Автоматический режим работы
[2018-03-02 17:00:01Z] - INFO - Файлы отчетности не найдены в каталоге l:\PTK PSD\Post\ELO\OUT
[2018-03-02 17:15:00Z] - INFO - Автоматический режим работы
[2018-03-02 17:15:00Z] - INFO - Файлы отчетности не найдены в каталоге l:\PTK PSD\Post\ELO\OUT
[2018-03-02 17:30:00Z] - INFO - Автоматический режим работы
[2018-03-02 17:30:00Z] - INFO - Файлы отчетности не найдены в каталоге l:\PTK PSD\Post\ELO\OUT
[2018-03-02 17:45:00Z] - INFO - Автоматический режим работы
[2018-03-02 17:45:00Z] - INFO - Файлы отчетности не найдены в каталоге l:\PTK PSD\Post\ELO\OUT
[2018-03-02 18:00:01Z] - INFO - Автоматический режим работы
[2018-03-02 18:00:01Z] - INFO - Файлы отчетности не найдены в каталоге l:\PTK PSD\Post\ELO\OUT
[2018-03-02 18:15:00Z] - INFO - Автоматический режим работы
[2018-03-02 18:15:00Z] - INFO - Файлы отчетности не найдены в каталоге l:\PTK PSD\Post\ELO\OUT
[2018-03-02 18:30:00Z] - INFO - Автоматический режим работы
[2018-03-02 18:30:00Z] - INFO - Файлы отчетности не найдены в каталоге l:\PTK PSD\Post\ELO\OUT
[2018-03-02 18:45:00Z] - INFO - Автоматический режим работы
[2018-03-02 18:45:00Z] - INFO - Файлы отчетности не найдены в каталоге l:\PTK PSD\Post\ELO\OUT
[2018-03-02 19:00:00Z] - INFO - Автоматический режим работы
[2018-03-02 19:00:01Z] - INFO - Файлы отчетности не найдены в каталоге l:\PTK PSD\Post\ELO\OUT
[2018-03-02 19:15:00Z] - INFO - Автоматический режим работы
[2018-03-02 19:15:00Z] - INFO - Файлы отчетности не найдены в каталоге l:\PTK PSD\Post\ELO\OUT
[2018-03-02 19:30:00Z] - INFO - Автоматический режим работы
[2018-03-02 19:30:00Z] - INFO - Файлы отчетности не найдены в каталоге l:\PTK PSD\Post\ELO\OUT
[2018-03-02 19:45:00Z] - INFO - Автоматический режим работы
[2018-03-02 19:45:00Z] - INFO - Файлы отчетности не найдены в каталоге l:\PTK PSD\Post\ELO\OUT
[2018-03-02 20:00:00Z] - INFO - Автоматический режим работы
[2018-03-02 20:00:01Z] - INFO - Начат автоматический приём по форме 440П 02.03.2018 20:00:00
[2018-03-02 20:00:02Z] - INFO - Копируем файл AFN_MIFNS00_7106962_20180302_00001.ARJ
[2018-03-02 20:00:02Z] - INFO - Копируем файл AFN_MIFNS00_7106962_20180302_00002.ARJ
[2018-03-02 20:00:02Z] - INFO - Копируем файл AFN_MIFNS00_7106962_20180302_00003.ARJ
[2018-03-02 20:00:02Z] - INFO - Копируем файл AFN_MIFNS00_7106962_20180302_00004.ARJ
[2018-03-02 20:00:02Z] - INFO - Сохраняем текущею ключевую дискету
[2018-03-02 20:00:03Z] - INFO - Копирование файлов в архив \\tmn-ts-01\440p\Arhive\02032018
[2018-03-02 20:00:03Z] - INFO - Выполнение операции "Копирование файла" над целевым объектом "Элемент: C:\work\
AFN_MIFNS00_7106962_20180302_00001.ARJ Назначение: \\tmn-ts-01\440p\Arhive\0203
2018\AFN_MIFNS00_7106962_20180302_00001.ARJ".
Выполнение операции "Копирование файла" над целевым объектом "Элемент: C:\work\
AFN_MIFNS00_7106962_20180302_00002.ARJ Назначение: \\tmn-ts-01\440p\Arhive\0203
2018\AFN_MIFNS00_7106962_20180302_00002.ARJ".
Выполнение операции "Копирование файла" над целевым объектом "Элемент: C:\work\
AFN_MIFNS00_7106962_20180302_00003.ARJ Назначение: \\tmn-ts-01\440p\Arhive\0203
2018\AFN_MIFNS00_7106962_20180302_00003.ARJ".
Выполнение операции "Копирование файла" над целевым объектом "Элемент: C:\work\
AFN_MIFNS00_7106962_20180302_00004.ARJ Назначение: \\tmn-ts-01\440p\Arhive\0203
2018\AFN_MIFNS00_7106962_20180302_00004.ARJ".

[2018-03-02 20:00:03Z] - INFO - Снимаем подпись с arj-архивов
[2018-03-02 20:00:03Z] - INFO - Загружаем ключевую дискету C:\DISKET2017\disk\disk22
[2018-03-02 20:00:04Z] - INFO - Начинаем преобразование...
[2018-03-02 20:00:09Z] - INFO - Сравниваем до и после преобразования...
[2018-03-02 20:00:14Z] - INFO - Начинаем разархивацию...
[2018-03-02 20:00:14Z] - INFO - Разархивация файла C:\work\AFN_MIFNS00_7106962_20180302_00001.ARJ
[2018-03-02 20:00:15Z] - INFO - Разархивация файла C:\work\AFN_MIFNS00_7106962_20180302_00002.ARJ
[2018-03-02 20:00:16Z] - INFO - Разархивация файла C:\work\AFN_MIFNS00_7106962_20180302_00003.ARJ
[2018-03-02 20:00:17Z] - INFO - Разархивация файла C:\work\AFN_MIFNS00_7106962_20180302_00004.ARJ
[2018-03-02 20:00:18Z] - INFO - Расшифровываем vrb-файлы
[2018-03-02 20:00:18Z] - INFO - Загружаем ключевую дискету c:\DISKET2017\Disk\DISK21
[2018-03-02 20:00:19Z] - INFO - Начинаем преобразование...
[2018-03-02 20:00:24Z] - INFO - Сравниваем до и после преобразования...
[2018-03-02 20:00:29Z] - INFO - Переименовываем файлы в xml
[2018-03-02 20:00:29Z] - INFO - Снимаем подпись с xml-файлов
[2018-03-02 20:00:29Z] - INFO - Загружаем ключевую дискету C:\DISKET2017\disk\disk22
[2018-03-02 20:00:31Z] - INFO - Начинаем преобразование...
[2018-03-02 20:00:37Z] - INFO - Сравниваем до и после преобразования...
[2018-03-02 20:00:47Z] - INFO - Форматируем xml-файлы
[2018-03-02 20:00:48Z] - INFO - Пришли подтверждения
[2018-03-02 20:00:49Z] - INFO - Пришли успешные подтверждения - 105 шт.
Потверждения находятся в каталоге \\tmn-ts-01\440p\ack\02032018


[2018-03-02 20:01:10Z] - INFO - Пришло всего 10 сообщений
Из них:
Решения: 5
Поручения: 3
Запросы: 2

[2018-03-02 20:01:12Z] - INFO - Удаляем файл l:\PTK PSD\Post\ELO\OUT\AFN_MIFNS00_7106962_20180302_00001.ARJ
[2018-03-02 20:01:12Z] - INFO - Удаляем файл l:\PTK PSD\Post\ELO\OUT\AFN_MIFNS00_7106962_20180302_00002.ARJ
[2018-03-02 20:01:12Z] - INFO - Удаляем файл l:\PTK PSD\Post\ELO\OUT\AFN_MIFNS00_7106962_20180302_00003.ARJ
[2018-03-02 20:01:12Z] - INFO - Удаляем файл l:\PTK PSD\Post\ELO\OUT\AFN_MIFNS00_7106962_20180302_00004.ARJ
[2018-03-02 20:01:12Z] - INFO - Загружаем исходную ключевую дискету
[2018-03-02 20:01:13Z] - INFO - Конец работы скрипта!
[2018-03-02 20:15:00Z] - INFO - Автоматический режим работы
[2018-03-02 20:15:02Z] - INFO - Файлы отчетности не найдены в каталоге l:\PTK PSD\Post\ELO\OUT
[2018-03-02 20:30:00Z] - INFO - Автоматический режим работы
[2018-03-02 20:30:00Z] - INFO - Файлы отчетности не найдены в каталоге l:\PTK PSD\Post\ELO\OUT
[2018-03-02 20:45:00Z] - INFO - Автоматический режим работы
[2018-03-02 20:45:00Z] - INFO - Файлы отчетности не найдены в каталоге l:\PTK PSD\Post\ELO\OUT
[2018-03-02 21:00:00Z] - INFO - Автоматический режим работы
[2018-03-02 21:00:00Z] - INFO - Файлы отчетности не найдены в каталоге l:\PTK PSD\Post\ELO\OUT
[2018-03-02 21:15:00Z] - INFO - Автоматический режим работы
[2018-03-02 21:15:00Z] - INFO - Файлы отчетности не найдены в каталоге l:\PTK PSD\Post\ELO\OUT
[2018-03-02 21:30:00Z] - INFO - Автоматический режим работы
[2018-03-02 21:30:00Z] - INFO - Файлы отчетности не найдены в каталоге l:\PTK PSD\Post\ELO\OUT
[2018-03-02 21:45:00Z] - INFO - Автоматический режим работы
[2018-03-02 21:45:00Z] - INFO - Файлы отчетности не найдены в каталоге l:\PTK PSD\Post\ELO\OUT
[2018-03-02 22:00:00Z] - INFO - Автоматический режим работы
[2018-03-02 22:00:00Z] - INFO - Файлы отчетности не найдены в каталоге l:\PTK PSD\Post\ELO\OUT
[2018-03-02 22:15:00Z] - INFO - Автоматический режим работы
[2018-03-02 22:15:00Z] - INFO - Файлы отчетности не найдены в каталоге l:\PTK PSD\Post\ELO\OUT
[2018-03-02 22:30:00Z] - INFO - Автоматический режим работы
[2018-03-02 22:30:00Z] - INFO - Файлы отчетности не найдены в каталоге l:\PTK PSD\Post\ELO\OUT
[2018-03-02 22:45:00Z] - INFO - Автоматический режим работы
[2018-03-02 22:45:00Z] - INFO - Файлы отчетности не найдены в каталоге l:\PTK PSD\Post\ELO\OUT
[2018-03-02 23:00:00Z] - INFO - Автоматический режим работы
[2018-03-02 23:00:00Z] - INFO - Файлы отчетности не найдены в каталоге l:\PTK PSD\Post\ELO\OUT
[2018-03-02 23:15:00Z] - INFO - Автоматический режим работы
[2018-03-02 23:15:00Z] - INFO - Файлы отчетности не найдены в каталоге l:\PTK PSD\Post\ELO\OUT
[2018-03-02 23:30:00Z] - INFO - Автоматический режим работы
[2018-03-02 23:30:00Z] - INFO - Файлы отчетности не найдены в каталоге l:\PTK PSD\Post\ELO\OUT
[2018-03-02 23:45:16Z] - INFO - Автоматический режим работы
[2018-03-02 23:45:16Z] - INFO - Файлы отчетности не найдены в каталоге l:\PTK PSD\Post\ELO\OUT
