[2018-04-02 00:00:12Z] - INFO - Автоматический режим работы
[2018-04-02 00:00:12Z] - INFO - Файлы отчетности не найдены в каталоге l:\PTK PSD\Post\ELO\OUT
[2018-04-02 00:15:00Z] - INFO - Автоматический режим работы
[2018-04-02 00:15:00Z] - INFO - Файлы отчетности не найдены в каталоге l:\PTK PSD\Post\ELO\OUT
[2018-04-02 00:30:00Z] - INFO - Автоматический режим работы
[2018-04-02 00:30:00Z] - INFO - Файлы отчетности не найдены в каталоге l:\PTK PSD\Post\ELO\OUT
[2018-04-02 00:45:00Z] - INFO - Автоматический режим работы
[2018-04-02 00:45:00Z] - INFO - Файлы отчетности не найдены в каталоге l:\PTK PSD\Post\ELO\OUT
[2018-04-02 01:00:00Z] - INFO - Автоматический режим работы
[2018-04-02 01:00:00Z] - INFO - Файлы отчетности не найдены в каталоге l:\PTK PSD\Post\ELO\OUT
[2018-04-02 01:15:00Z] - INFO - Автоматический режим работы
[2018-04-02 01:15:00Z] - INFO - Файлы отчетности не найдены в каталоге l:\PTK PSD\Post\ELO\OUT
[2018-04-02 01:30:00Z] - INFO - Автоматический режим работы
[2018-04-02 01:30:00Z] - INFO - Файлы отчетности не найдены в каталоге l:\PTK PSD\Post\ELO\OUT
[2018-04-02 01:45:00Z] - INFO - Автоматический режим работы
[2018-04-02 01:45:00Z] - INFO - Файлы отчетности не найдены в каталоге l:\PTK PSD\Post\ELO\OUT
[2018-04-02 02:00:00Z] - INFO - Автоматический режим работы
[2018-04-02 02:00:00Z] - INFO - Файлы отчетности не найдены в каталоге l:\PTK PSD\Post\ELO\OUT
[2018-04-02 02:15:00Z] - INFO - Автоматический режим работы
[2018-04-02 02:15:00Z] - INFO - Файлы отчетности не найдены в каталоге l:\PTK PSD\Post\ELO\OUT
[2018-04-02 02:30:00Z] - INFO - Автоматический режим работы
[2018-04-02 02:30:00Z] - INFO - Файлы отчетности не найдены в каталоге l:\PTK PSD\Post\ELO\OUT
[2018-04-02 02:45:00Z] - INFO - Автоматический режим работы
[2018-04-02 02:45:00Z] - INFO - Файлы отчетности не найдены в каталоге l:\PTK PSD\Post\ELO\OUT
[2018-04-02 03:00:00Z] - INFO - Автоматический режим работы
[2018-04-02 03:00:00Z] - INFO - Файлы отчетности не найдены в каталоге l:\PTK PSD\Post\ELO\OUT
[2018-04-02 03:24:18Z] - INFO - Автоматический режим работы
[2018-04-02 03:24:18Z] - INFO - Файлы отчетности не найдены в каталоге l:\PTK PSD\Post\ELO\OUT
[2018-04-02 03:30:00Z] - INFO - Автоматический режим работы
[2018-04-02 03:30:00Z] - INFO - Файлы отчетности не найдены в каталоге l:\PTK PSD\Post\ELO\OUT
[2018-04-02 03:45:00Z] - INFO - Автоматический режим работы
[2018-04-02 03:45:00Z] - INFO - Файлы отчетности не найдены в каталоге l:\PTK PSD\Post\ELO\OUT
[2018-04-02 04:00:00Z] - INFO - Автоматический режим работы
[2018-04-02 04:00:00Z] - INFO - Файлы отчетности не найдены в каталоге l:\PTK PSD\Post\ELO\OUT
[2018-04-02 04:15:00Z] - INFO - Автоматический режим работы
[2018-04-02 04:15:00Z] - INFO - Файлы отчетности не найдены в каталоге l:\PTK PSD\Post\ELO\OUT
[2018-04-02 04:30:00Z] - INFO - Автоматический режим работы
[2018-04-02 04:30:00Z] - INFO - Файлы отчетности не найдены в каталоге l:\PTK PSD\Post\ELO\OUT
[2018-04-02 04:45:00Z] - INFO - Автоматический режим работы
[2018-04-02 04:45:00Z] - INFO - Файлы отчетности не найдены в каталоге l:\PTK PSD\Post\ELO\OUT
[2018-04-02 05:00:00Z] - INFO - Автоматический режим работы
[2018-04-02 05:00:00Z] - INFO - Файлы отчетности не найдены в каталоге l:\PTK PSD\Post\ELO\OUT
[2018-04-02 05:15:00Z] - INFO - Автоматический режим работы
[2018-04-02 05:15:00Z] - INFO - Файлы отчетности не найдены в каталоге l:\PTK PSD\Post\ELO\OUT
[2018-04-02 05:30:00Z] - INFO - Автоматический режим работы
[2018-04-02 05:30:00Z] - INFO - Файлы отчетности не найдены в каталоге l:\PTK PSD\Post\ELO\OUT
[2018-04-02 05:45:00Z] - INFO - Автоматический режим работы
[2018-04-02 05:45:00Z] - INFO - Файлы отчетности не найдены в каталоге l:\PTK PSD\Post\ELO\OUT
[2018-04-02 06:00:00Z] - INFO - Автоматический режим работы
[2018-04-02 06:00:00Z] - INFO - Файлы отчетности не найдены в каталоге l:\PTK PSD\Post\ELO\OUT
[2018-04-02 06:15:00Z] - INFO - Автоматический режим работы
[2018-04-02 06:15:00Z] - INFO - Файлы отчетности не найдены в каталоге l:\PTK PSD\Post\ELO\OUT
[2018-04-02 06:30:00Z] - INFO - Автоматический режим работы
[2018-04-02 06:30:00Z] - INFO - Файлы отчетности не найдены в каталоге l:\PTK PSD\Post\ELO\OUT
[2018-04-02 06:45:00Z] - INFO - Автоматический режим работы
[2018-04-02 06:45:00Z] - INFO - Файлы отчетности не найдены в каталоге l:\PTK PSD\Post\ELO\OUT
[2018-04-02 07:00:00Z] - INFO - Автоматический режим работы
[2018-04-02 07:00:00Z] - INFO - Файлы отчетности не найдены в каталоге l:\PTK PSD\Post\ELO\OUT
[2018-04-02 07:15:00Z] - INFO - Автоматический режим работы
[2018-04-02 07:15:00Z] - INFO - Файлы отчетности не найдены в каталоге l:\PTK PSD\Post\ELO\OUT
[2018-04-02 07:30:00Z] - INFO - Автоматический режим работы
[2018-04-02 07:30:00Z] - INFO - Файлы отчетности не найдены в каталоге l:\PTK PSD\Post\ELO\OUT
[2018-04-02 07:45:00Z] - INFO - Автоматический режим работы
[2018-04-02 07:45:00Z] - INFO - Файлы отчетности не найдены в каталоге l:\PTK PSD\Post\ELO\OUT
[2018-04-02 08:00:00Z] - INFO - Автоматический режим работы
[2018-04-02 08:00:00Z] - INFO - Файлы отчетности не найдены в каталоге l:\PTK PSD\Post\ELO\OUT
[2018-04-02 08:15:00Z] - INFO - Автоматический режим работы
[2018-04-02 08:15:00Z] - INFO - Файлы отчетности не найдены в каталоге l:\PTK PSD\Post\ELO\OUT
[2018-04-02 08:30:00Z] - INFO - Автоматический режим работы
[2018-04-02 08:30:00Z] - INFO - Файлы отчетности не найдены в каталоге l:\PTK PSD\Post\ELO\OUT
[2018-04-02 08:45:00Z] - INFO - Автоматический режим работы
[2018-04-02 08:45:00Z] - INFO - Файлы отчетности не найдены в каталоге l:\PTK PSD\Post\ELO\OUT
[2018-04-02 09:00:00Z] - INFO - Автоматический режим работы
[2018-04-02 09:00:01Z] - INFO - Файлы отчетности не найдены в каталоге l:\PTK PSD\Post\ELO\OUT
[2018-04-02 09:15:00Z] - INFO - Автоматический режим работы
[2018-04-02 09:15:00Z] - INFO - Файлы отчетности не найдены в каталоге l:\PTK PSD\Post\ELO\OUT
[2018-04-02 09:30:00Z] - INFO - Автоматический режим работы
[2018-04-02 09:30:00Z] - INFO - Файлы отчетности не найдены в каталоге l:\PTK PSD\Post\ELO\OUT
[2018-04-02 09:45:08Z] - INFO - Автоматический режим работы
[2018-04-02 09:45:08Z] - INFO - Файлы отчетности не найдены в каталоге l:\PTK PSD\Post\ELO\OUT
[2018-04-02 10:00:01Z] - INFO - Автоматический режим работы
[2018-04-02 10:00:01Z] - INFO - Файлы отчетности не найдены в каталоге l:\PTK PSD\Post\ELO\OUT
[2018-04-02 10:14:09Z] - INFO - Обработка отчетности - 440out
[2018-04-02 10:14:09Z] - WARN - Автоматическое копирование в папку c:\work произведено не было!
[2018-04-02 10:14:11Z] - INFO - Сохраняем текущею ключевую дискету
[2018-04-02 10:14:13Z] - INFO - Выполнение операции "Копирование файла" над целевым объектом "Элемент: C:\work\BVD1_ZSV17106962_770420180329_000118_201
80402_0002_000001_000001.XML Назначение: \\tmn-ts-01\440p\Arhive\02042018\BVD1_ZSV17106962_770420180329_000118_20180402
_0002_000001_000001.XML".
Выполнение операции "Копирование файла" над целевым объектом "Элемент: C:\work\BVD1_ZSV17106962_770420180329_000118_201
80402_0002_000001_000002.XML Назначение: \\tmn-ts-01\440p\Arhive\02042018\BVD1_ZSV17106962_770420180329_000118_20180402
_0002_000001_000002.XML".
Выполнение операции "Копирование файла" над целевым объектом "Элемент: C:\work\BVD1_ZSV17106962_770420180329_000118_201
80402_0002_000001_000003.XML Назначение: \\tmn-ts-01\440p\Arhive\02042018\BVD1_ZSV17106962_770420180329_000118_20180402
_0002_000001_000003.XML".
Выполнение операции "Копирование файла" над целевым объектом "Элемент: C:\work\BVD1_ZSV17106962_770420180329_000118_201
80402_0002_000001_000004.XML Назначение: \\tmn-ts-01\440p\Arhive\02042018\BVD1_ZSV17106962_770420180329_000118_20180402
_0002_000001_000004.XML".
Выполнение операции "Копирование файла" над целевым объектом "Элемент: C:\work\BVD1_ZSV17106962_770420180329_000118_201
80402_0002_000001_000005.XML Назначение: \\tmn-ts-01\440p\Arhive\02042018\BVD1_ZSV17106962_770420180329_000118_20180402
_0002_000001_000005.XML".
Выполнение операции "Копирование файла" над целевым объектом "Элемент: C:\work\BVD1_ZSV17106962_770420180329_000118_201
80402_0002_000001_000006.XML Назначение: \\tmn-ts-01\440p\Arhive\02042018\BVD1_ZSV17106962_770420180329_000118_20180402
_0002_000001_000006.XML".
Выполнение операции "Копирование файла" над целевым объектом "Элемент: C:\work\BVD1_ZSV17106962_770420180329_000118_201
80402_0002_000001_000007.XML Назначение: \\tmn-ts-01\440p\Arhive\02042018\BVD1_ZSV17106962_770420180329_000118_20180402
_0002_000001_000007.XML".
Выполнение операции "Копирование файла" над целевым объектом "Элемент: C:\work\BVD1_ZSV17106962_770420180329_000118_201
80402_0002_000001_000008.XML Назначение: \\tmn-ts-01\440p\Arhive\02042018\BVD1_ZSV17106962_770420180329_000118_20180402
_0002_000001_000008.XML".
Выполнение операции "Копирование файла" над целевым объектом "Элемент: C:\work\BVD1_ZSV17106962_770420180329_000118_201
80402_0002_000001_000009.XML Назначение: \\tmn-ts-01\440p\Arhive\02042018\BVD1_ZSV17106962_770420180329_000118_20180402
_0002_000001_000009.XML".
Выполнение операции "Копирование файла" над целевым объектом "Элемент: C:\work\BVD1_ZSV17106962_770420180329_000118_201
80402_0002_000002_000001.XML Назначение: \\tmn-ts-01\440p\Arhive\02042018\BVD1_ZSV17106962_770420180329_000118_20180402
_0002_000002_000001.XML".
Выполнение операции "Копирование файла" над целевым объектом "Элемент: C:\work\BVD1_ZSV17106962_770420180329_000118_201
80402_0002_000003_000001.XML Назначение: \\tmn-ts-01\440p\Arhive\02042018\BVD1_ZSV17106962_770420180329_000118_20180402
_0002_000003_000001.XML".
Выполнение операции "Копирование файла" над целевым объектом "Элемент: C:\work\BVD1_ZSV17106962_770420180329_000118_201
80402_0002_000004_000001.XML Назначение: \\tmn-ts-01\440p\Arhive\02042018\BVD1_ZSV17106962_770420180329_000118_20180402
_0002_000004_000001.XML".
Выполнение операции "Копирование файла" над целевым объектом "Элемент: C:\work\BVD1_ZSV17106962_770420180329_000118_201
80402_0002_000005_000001.XML Назначение: \\tmn-ts-01\440p\Arhive\02042018\BVD1_ZSV17106962_770420180329_000118_20180402
_0002_000005_000001.XML".
Выполнение операции "Копирование файла" над целевым объектом "Элемент: C:\work\BVD1_ZSV17106962_770420180329_000118_201
80402_0002_000006_000001.XML Назначение: \\tmn-ts-01\440p\Arhive\02042018\BVD1_ZSV17106962_770420180329_000118_20180402
_0002_000006_000001.XML".
Выполнение операции "Копирование файла" над целевым объектом "Элемент: C:\work\BVD1_ZSV17106962_770420180329_000118_201
80402_0002_000007_000001.XML Назначение: \\tmn-ts-01\440p\Arhive\02042018\BVD1_ZSV17106962_770420180329_000118_20180402
_0002_000007_000001.XML".
Выполнение операции "Копирование файла" над целевым объектом "Элемент: C:\work\BVD1_ZSV17106962_770420180329_000118_201
80402_0002_000008_000001.XML Назначение: \\tmn-ts-01\440p\Arhive\02042018\BVD1_ZSV17106962_770420180329_000118_20180402
_0002_000008_000001.XML".
Выполнение операции "Копирование файла" над целевым объектом "Элемент: C:\work\BVD1_ZSV17106962_770420180329_000118_201
80402_0002_000009_000001.XML Назначение: \\tmn-ts-01\440p\Arhive\02042018\BVD1_ZSV17106962_770420180329_000118_20180402
_0002_000009_000001.XML".
Выполнение операции "Копирование файла" над целевым объектом "Элемент: C:\work\BVD1_ZSV17106962_770420180329_000118_201
80402_0002_000010_000001.XML Назначение: \\tmn-ts-01\440p\Arhive\02042018\BVD1_ZSV17106962_770420180329_000118_20180402
_0002_000010_000001.XML".
Выполнение операции "Копирование файла" над целевым объектом "Элемент: C:\work\BVD1_ZSV17106962_770420180329_000118_201
80402_0002_000011_000001.XML Назначение: \\tmn-ts-01\440p\Arhive\02042018\BVD1_ZSV17106962_770420180329_000118_20180402
_0002_000011_000001.XML".
Выполнение операции "Копирование файла" над целевым объектом "Элемент: C:\work\BVD1_ZSV17106962_770420180329_000118_201
80402_0002_000012_000001.XML Назначение: \\tmn-ts-01\440p\Arhive\02042018\BVD1_ZSV17106962_770420180329_000118_20180402
_0002_000012_000001.XML".
Выполнение операции "Копирование файла" над целевым объектом "Элемент: C:\work\BVD1_ZSV17106962_770420180329_000118_201
80402_0002_000013_000001.XML Назначение: \\tmn-ts-01\440p\Arhive\02042018\BVD1_ZSV17106962_770420180329_000118_20180402
_0002_000013_000001.XML".
Выполнение операции "Копирование файла" над целевым объектом "Элемент: C:\work\BVD1_ZSV17106962_770420180329_000118_201
80402_0002_000014_000001.XML Назначение: \\tmn-ts-01\440p\Arhive\02042018\BVD1_ZSV17106962_770420180329_000118_20180402
_0002_000014_000001.XML".
Выполнение операции "Копирование файла" над целевым объектом "Элемент: C:\work\BVD1_ZSV17106962_770420180329_000118_201
80402_0002_000015_000001.XML Назначение: \\tmn-ts-01\440p\Arhive\02042018\BVD1_ZSV17106962_770420180329_000118_20180402
_0002_000015_000001.XML".
Выполнение операции "Копирование файла" над целевым объектом "Элемент: C:\work\BVD1_ZSV17106962_770420180329_000118_201
80402_0002_000016_000001.XML Назначение: \\tmn-ts-01\440p\Arhive\02042018\BVD1_ZSV17106962_770420180329_000118_20180402
_0002_000016_000001.XML".
Выполнение операции "Копирование файла" над целевым объектом "Элемент: C:\work\BVD1_ZSV17106962_770420180329_000118_201
80402_0002_000017_000001.XML Назначение: \\tmn-ts-01\440p\Arhive\02042018\BVD1_ZSV17106962_770420180329_000118_20180402
_0002_000017_000001.XML".
Выполнение операции "Копирование файла" над целевым объектом "Элемент: C:\work\BVD1_ZSV17106962_770420180329_000118_201
80402_0002_000018_000001.XML Назначение: \\tmn-ts-01\440p\Arhive\02042018\BVD1_ZSV17106962_770420180329_000118_20180402
_0002_000018_000001.XML".
Выполнение операции "Копирование файла" над целевым объектом "Элемент: C:\work\BVD1_ZSV17106962_770420180329_000118_201
80402_0002_000019_000001.XML Назначение: \\tmn-ts-01\440p\Arhive\02042018\BVD1_ZSV17106962_770420180329_000118_20180402
_0002_000019_000001.XML".
Выполнение операции "Копирование файла" над целевым объектом "Элемент: C:\work\BVD1_ZSV17106962_770420180329_000118_201
80402_0002_000020_000001.XML Назначение: \\tmn-ts-01\440p\Arhive\02042018\BVD1_ZSV17106962_770420180329_000118_20180402
_0002_000020_000001.XML".
Выполнение операции "Копирование файла" над целевым объектом "Элемент: C:\work\BVD1_ZSV17106962_770420180329_000118_201
80402_0002_000021_000001.XML Назначение: \\tmn-ts-01\440p\Arhive\02042018\BVD1_ZSV17106962_770420180329_000118_20180402
_0002_000021_000001.XML".
Выполнение операции "Копирование файла" над целевым объектом "Элемент: C:\work\BVD1_ZSV17106962_862420180330_000351_201
80402_0002_000001_000001.XML Назначение: \\tmn-ts-01\440p\Arhive\02042018\BVD1_ZSV17106962_862420180330_000351_20180402
_0002_000001_000001.XML".
Выполнение операции "Копирование файла" над целевым объектом "Элемент: C:\work\BVD1_ZSV17106962_862420180330_000351_201
80402_0002_000002_000001.xml Назначение: \\tmn-ts-01\440p\Arhive\02042018\BVD1_ZSV17106962_862420180330_000351_20180402
_0002_000002_000001.xml".
Выполнение операции "Копирование файла" над целевым объектом "Элемент: C:\work\BVD1_ZSV17106962_862420180330_000351_201
80402_0002_000002_000002.xml Назначение: \\tmn-ts-01\440p\Arhive\02042018\BVD1_ZSV17106962_862420180330_000351_20180402
_0002_000002_000002.xml".
Выполнение операции "Копирование файла" над целевым объектом "Элемент: C:\work\BVD1_ZSV17106962_862420180330_000351_201
80402_0002_000003_000001.XML Назначение: \\tmn-ts-01\440p\Arhive\02042018\BVD1_ZSV17106962_862420180330_000351_20180402
_0002_000003_000001.XML".
Выполнение операции "Копирование файла" над целевым объектом "Элемент: C:\work\BVD1_ZSV17106962_862420180330_000351_201
80402_0002_000004_000001.XML Назначение: \\tmn-ts-01\440p\Arhive\02042018\BVD1_ZSV17106962_862420180330_000351_20180402
_0002_000004_000001.XML".
Выполнение операции "Копирование файла" над целевым объектом "Элемент: C:\work\BVS1_ZSV17106962_770420180329_000118_201
80402_0002.xml Назначение: \\tmn-ts-01\440p\Arhive\02042018\BVS1_ZSV17106962_770420180329_000118_20180402_0002.xml".
Выполнение операции "Копирование файла" над целевым объектом "Элемент: C:\work\BVS1_ZSV17106962_862420180330_000351_201
80402_0002.xml Назначение: \\tmn-ts-01\440p\Arhive\02042018\BVS1_ZSV17106962_862420180330_000351_20180402_0002.xml".
Выполнение операции "Копирование файла" над целевым объектом "Элемент: C:\work\PB1_RPO17106962_723020180330_000143.xml 
Назначение: \\tmn-ts-01\440p\Arhive\02042018\PB1_RPO17106962_723020180330_000143.xml".
Выполнение операции "Копирование файла" над целевым объектом "Элемент: C:\work\PB1_ZSV17106962_770420180329_000118.xml 
Назначение: \\tmn-ts-01\440p\Arhive\02042018\PB1_ZSV17106962_770420180329_000118.xml".
Выполнение операции "Копирование файла" над целевым объектом "Элемент: C:\work\PB1_ZSV17106962_862420180330_000351.xml 
Назначение: \\tmn-ts-01\440p\Arhive\02042018\PB1_ZSV17106962_862420180330_000351.xml".
Выполнение операции "Копирование файла" над целевым объектом "Элемент: C:\work\PB2_RPO17106962_723020180330_000143_0002
.xml Назначение: \\tmn-ts-01\440p\Arhive\02042018\PB2_RPO17106962_723020180330_000143_0002.xml".

[2018-04-02 10:14:13Z] - INFO - Копирование файлов в архив \\tmn-ts-01\440p\Arhive\02042018
[2018-04-02 10:14:13Z] - INFO - Переименовываем файлы *.xml -> *.vrb
[2018-04-02 10:14:13Z] - INFO - Подписываем все файлы
[2018-04-02 10:14:13Z] - INFO - Загружаем ключевую дискету c:\DISKET2017-1\Disk\DISK2
[2018-04-02 10:14:13Z] - INFO - Начинаем преобразование...
[2018-04-02 10:14:25Z] - INFO - Сравниваем до и после преобразования...
[2018-04-02 10:14:31Z] - INFO - Зашифровываем vrb-файлы
[2018-04-02 10:14:31Z] - INFO - Загружаем ключевую дискету c:\DISKET2017\Disk\DISK21
[2018-04-02 10:14:33Z] - INFO - Начинаем преобразование...
[2018-04-02 10:14:41Z] - INFO - Сравниваем до и после преобразования...
[2018-04-02 10:14:46Z] - INFO - Начинаем архивацию...
[2018-04-02 10:14:47Z] - INFO - Подписываем файл архива c:\work\AFN_7106962_MIFNS00_20180402_00001.arj
[2018-04-02 10:14:47Z] - INFO - Загружаем ключевую дискету c:\DISKET2017-1\Disk\DISK2
[2018-04-02 10:14:48Z] - INFO - Начинаем преобразование...
[2018-04-02 10:14:55Z] - INFO - Сравниваем до и после преобразования...
[2018-04-02 10:15:00Z] - INFO - Копируем файл архива AFN_7106962_MIFNS00_20180402_00001.arj в \\tmn-ts-01\440p\Arhive\02042018
[2018-04-02 10:15:00Z] - INFO - Автоматический режим работы
[2018-04-02 10:15:00Z] - INFO - Копируем файл архива AFN_7106962_MIFNS00_20180402_00001.arj в l:\PTK PSD\Post\Post
[2018-04-02 10:15:00Z] - INFO - Файлы отчетности не найдены в каталоге l:\PTK PSD\Post\ELO\OUT
[2018-04-02 10:15:01Z] - INFO - Отправленно всего 40 сообщений
Из них:
Сведения: 34
Выписка: 2
Потверждения: 4

[2018-04-02 10:15:01Z] - INFO - Загружаем исходную ключевую дискету
[2018-04-02 10:15:03Z] - INFO - Конец работы скрипта!
[2018-04-02 10:30:00Z] - INFO - Автоматический режим работы
[2018-04-02 10:30:00Z] - INFO - Файлы отчетности не найдены в каталоге l:\PTK PSD\Post\ELO\OUT
[2018-04-02 10:45:00Z] - INFO - Автоматический режим работы
[2018-04-02 10:45:00Z] - INFO - Файлы отчетности не найдены в каталоге l:\PTK PSD\Post\ELO\OUT
[2018-04-02 11:00:01Z] - INFO - Автоматический режим работы
[2018-04-02 11:00:01Z] - INFO - Файлы отчетности не найдены в каталоге l:\PTK PSD\Post\ELO\OUT
[2018-04-02 11:15:00Z] - INFO - Автоматический режим работы
[2018-04-02 11:15:00Z] - INFO - Файлы отчетности не найдены в каталоге l:\PTK PSD\Post\ELO\OUT
[2018-04-02 11:30:00Z] - INFO - Автоматический режим работы
[2018-04-02 11:30:00Z] - INFO - Файлы отчетности не найдены в каталоге l:\PTK PSD\Post\ELO\OUT
[2018-04-02 11:45:00Z] - INFO - Автоматический режим работы
[2018-04-02 11:45:00Z] - INFO - Файлы отчетности не найдены в каталоге l:\PTK PSD\Post\ELO\OUT
[2018-04-02 12:00:01Z] - INFO - Автоматический режим работы
[2018-04-02 12:00:01Z] - INFO - Файлы отчетности не найдены в каталоге l:\PTK PSD\Post\ELO\OUT
[2018-04-02 12:15:00Z] - INFO - Автоматический режим работы
[2018-04-02 12:15:00Z] - INFO - Файлы отчетности не найдены в каталоге l:\PTK PSD\Post\ELO\OUT
[2018-04-02 12:30:00Z] - INFO - Автоматический режим работы
[2018-04-02 12:30:00Z] - INFO - Файлы отчетности не найдены в каталоге l:\PTK PSD\Post\ELO\OUT
[2018-04-02 12:45:00Z] - INFO - Автоматический режим работы
[2018-04-02 12:45:00Z] - INFO - Файлы отчетности не найдены в каталоге l:\PTK PSD\Post\ELO\OUT
[2018-04-02 13:00:01Z] - INFO - Автоматический режим работы
[2018-04-02 13:00:01Z] - INFO - Файлы отчетности не найдены в каталоге l:\PTK PSD\Post\ELO\OUT
[2018-04-02 13:15:02Z] - INFO - Автоматический режим работы
[2018-04-02 13:15:02Z] - INFO - Файлы отчетности не найдены в каталоге l:\PTK PSD\Post\ELO\OUT
[2018-04-02 13:30:00Z] - INFO - Автоматический режим работы
[2018-04-02 13:30:02Z] - INFO - Начат автоматический приём по форме 440П 02.04.2018 13:30:00
[2018-04-02 13:30:24Z] - INFO - Копируем файл AFN_MIFNS00_7106962_20180330_00007.ARJ
[2018-04-02 13:30:24Z] - INFO - Сохраняем текущею ключевую дискету
[2018-04-02 13:30:25Z] - INFO - Копирование файлов в архив \\tmn-ts-01\440p\Arhive\02042018
[2018-04-02 13:30:25Z] - INFO - Выполнение операции "Копирование файла" над целевым объектом "Элемент: C:\work\
AFN_MIFNS00_7106962_20180330_00007.ARJ Назначение: \\tmn-ts-01\440p\Arhive\0204
2018\AFN_MIFNS00_7106962_20180330_00007.ARJ".

[2018-04-02 13:30:25Z] - INFO - Снимаем подпись с arj-архивов
[2018-04-02 13:30:25Z] - INFO - Загружаем ключевую дискету C:\DISKET2017\disk\disk22
[2018-04-02 13:30:25Z] - INFO - Начинаем преобразование...
[2018-04-02 13:30:30Z] - INFO - Сравниваем до и после преобразования...
[2018-04-02 13:30:36Z] - INFO - Начинаем разархивацию...
[2018-04-02 13:30:36Z] - INFO - Разархивация файла C:\work\AFN_MIFNS00_7106962_20180330_00007.ARJ
[2018-04-02 13:30:37Z] - INFO - Расшифровываем vrb-файлы
[2018-04-02 13:30:37Z] - INFO - Загружаем ключевую дискету c:\DISKET2017\Disk\DISK21
[2018-04-02 13:30:38Z] - INFO - Начинаем преобразование...
[2018-04-02 13:30:43Z] - INFO - Сравниваем до и после преобразования...
[2018-04-02 13:30:48Z] - INFO - Переименовываем файлы в xml
[2018-04-02 13:30:48Z] - INFO - Снимаем подпись с xml-файлов
[2018-04-02 13:30:48Z] - INFO - Загружаем ключевую дискету C:\DISKET2017\disk\disk22
[2018-04-02 13:30:49Z] - INFO - Начинаем преобразование...
[2018-04-02 13:30:54Z] - INFO - Сравниваем до и после преобразования...
[2018-04-02 13:30:59Z] - INFO - Форматируем xml-файлы
[2018-04-02 13:31:00Z] - INFO - Пришло всего 3 сообщений
Из них:
Решения: 1
Поручения: 2

[2018-04-02 13:31:01Z] - INFO - Удаляем файл l:\PTK PSD\Post\ELO\OUT\AFN_MIFNS00_7106962_20180330_00007.ARJ
[2018-04-02 13:31:01Z] - INFO - Загружаем исходную ключевую дискету
[2018-04-02 13:31:02Z] - INFO - Конец работы скрипта!
[2018-04-02 13:45:00Z] - INFO - Автоматический режим работы
[2018-04-02 13:45:03Z] - INFO - Начат автоматический приём по форме 440П 02.04.2018 13:45:00
[2018-04-02 13:45:04Z] - INFO - Копируем файл AFN_MIFNS00_7106962_20180330_00006.ARJ
[2018-04-02 13:45:04Z] - INFO - Сохраняем текущею ключевую дискету
[2018-04-02 13:45:05Z] - INFO - Копирование файлов в архив \\tmn-ts-01\440p\Arhive\02042018
[2018-04-02 13:45:05Z] - INFO - Выполнение операции "Копирование файла" над целевым объектом "Элемент: C:\work\
AFN_MIFNS00_7106962_20180330_00006.ARJ Назначение: \\tmn-ts-01\440p\Arhive\0204
2018\AFN_MIFNS00_7106962_20180330_00006.ARJ".

[2018-04-02 13:45:05Z] - INFO - Снимаем подпись с arj-архивов
[2018-04-02 13:45:05Z] - INFO - Загружаем ключевую дискету C:\DISKET2017\disk\disk22
[2018-04-02 13:45:05Z] - INFO - Начинаем преобразование...
[2018-04-02 13:45:10Z] - INFO - Сравниваем до и после преобразования...
[2018-04-02 13:45:15Z] - INFO - Начинаем разархивацию...
[2018-04-02 13:45:15Z] - INFO - Разархивация файла C:\work\AFN_MIFNS00_7106962_20180330_00006.ARJ
[2018-04-02 13:45:16Z] - INFO - Расшифровываем vrb-файлы
[2018-04-02 13:45:16Z] - INFO - Загружаем ключевую дискету c:\DISKET2017\Disk\DISK21
[2018-04-02 13:45:18Z] - INFO - Начинаем преобразование...
[2018-04-02 13:45:23Z] - INFO - Сравниваем до и после преобразования...
[2018-04-02 13:45:28Z] - INFO - Переименовываем файлы в xml
[2018-04-02 13:45:28Z] - INFO - Снимаем подпись с xml-файлов
[2018-04-02 13:45:28Z] - INFO - Загружаем ключевую дискету C:\DISKET2017\disk\disk22
[2018-04-02 13:45:29Z] - INFO - Начинаем преобразование...
[2018-04-02 13:45:33Z] - INFO - Сравниваем до и после преобразования...
[2018-04-02 13:45:38Z] - INFO - Форматируем xml-файлы
[2018-04-02 13:45:39Z] - INFO - Пришло всего 1 сообщений
Из них:
Поручения: 1

[2018-04-02 13:45:41Z] - INFO - Удаляем файл l:\PTK PSD\Post\ELO\OUT\AFN_MIFNS00_7106962_20180330_00006.ARJ
[2018-04-02 13:45:41Z] - INFO - Загружаем исходную ключевую дискету
[2018-04-02 13:45:42Z] - INFO - Конец работы скрипта!
[2018-04-02 14:00:01Z] - INFO - Автоматический режим работы
[2018-04-02 14:00:02Z] - INFO - Начат автоматический приём по форме 440П 02.04.2018 14:00:01
[2018-04-02 14:00:03Z] - INFO - Копируем файл AFN_MIFNS00_7106962_20180331_00001.ARJ
[2018-04-02 14:00:03Z] - INFO - Копируем файл AFN_MIFNS00_7106962_20180331_00002.ARJ
[2018-04-02 14:00:03Z] - INFO - Копируем файл AFN_MIFNS00_7106962_20180331_00003.ARJ
[2018-04-02 14:00:03Z] - INFO - Сохраняем текущею ключевую дискету
[2018-04-02 14:00:05Z] - INFO - Копирование файлов в архив \\tmn-ts-01\440p\Arhive\02042018
[2018-04-02 14:00:05Z] - INFO - Выполнение операции "Копирование файла" над целевым объектом "Элемент: C:\work\
AFN_MIFNS00_7106962_20180331_00001.ARJ Назначение: \\tmn-ts-01\440p\Arhive\0204
2018\AFN_MIFNS00_7106962_20180331_00001.ARJ".
Выполнение операции "Копирование файла" над целевым объектом "Элемент: C:\work\
AFN_MIFNS00_7106962_20180331_00002.ARJ Назначение: \\tmn-ts-01\440p\Arhive\0204
2018\AFN_MIFNS00_7106962_20180331_00002.ARJ".
Выполнение операции "Копирование файла" над целевым объектом "Элемент: C:\work\
AFN_MIFNS00_7106962_20180331_00003.ARJ Назначение: \\tmn-ts-01\440p\Arhive\0204
2018\AFN_MIFNS00_7106962_20180331_00003.ARJ".

[2018-04-02 14:00:05Z] - INFO - Снимаем подпись с arj-архивов
[2018-04-02 14:00:05Z] - INFO - Загружаем ключевую дискету C:\DISKET2017\disk\disk22
[2018-04-02 14:00:05Z] - INFO - Начинаем преобразование...
[2018-04-02 14:00:10Z] - INFO - Сравниваем до и после преобразования...
[2018-04-02 14:00:15Z] - INFO - Начинаем разархивацию...
[2018-04-02 14:00:15Z] - INFO - Разархивация файла C:\work\AFN_MIFNS00_7106962_20180331_00001.ARJ
[2018-04-02 14:00:16Z] - INFO - Разархивация файла C:\work\AFN_MIFNS00_7106962_20180331_00002.ARJ
[2018-04-02 14:00:17Z] - INFO - Разархивация файла C:\work\AFN_MIFNS00_7106962_20180331_00003.ARJ
[2018-04-02 14:00:18Z] - INFO - Расшифровываем vrb-файлы
[2018-04-02 14:00:18Z] - INFO - Загружаем ключевую дискету c:\DISKET2017\Disk\DISK21
[2018-04-02 14:00:19Z] - INFO - Начинаем преобразование...
[2018-04-02 14:00:24Z] - INFO - Сравниваем до и после преобразования...
[2018-04-02 14:00:29Z] - INFO - Переименовываем файлы в xml
[2018-04-02 14:00:29Z] - INFO - Снимаем подпись с xml-файлов
[2018-04-02 14:00:29Z] - INFO - Загружаем ключевую дискету C:\DISKET2017\disk\disk22
[2018-04-02 14:00:31Z] - INFO - Начинаем преобразование...
[2018-04-02 14:00:36Z] - INFO - Сравниваем до и после преобразования...
[2018-04-02 14:00:41Z] - INFO - Форматируем xml-файлы
[2018-04-02 14:00:41Z] - INFO - Пришли подтверждения
[2018-04-02 14:00:42Z] - INFO - Пришли успешные подтверждения - 4 шт.
Потверждения находятся в каталоге \\tmn-ts-01\440p\ack\02042018


[2018-04-02 14:00:45Z] - INFO - Пришло всего 7 сообщений
Из них:
Решения: 7

[2018-04-02 14:00:47Z] - INFO - Удаляем файл l:\PTK PSD\Post\ELO\OUT\AFN_MIFNS00_7106962_20180331_00001.ARJ
[2018-04-02 14:00:47Z] - INFO - Удаляем файл l:\PTK PSD\Post\ELO\OUT\AFN_MIFNS00_7106962_20180331_00002.ARJ
[2018-04-02 14:00:47Z] - INFO - Удаляем файл l:\PTK PSD\Post\ELO\OUT\AFN_MIFNS00_7106962_20180331_00003.ARJ
[2018-04-02 14:00:47Z] - INFO - Загружаем исходную ключевую дискету
[2018-04-02 14:00:49Z] - INFO - Конец работы скрипта!
[2018-04-02 14:15:00Z] - INFO - Автоматический режим работы
[2018-04-02 14:15:00Z] - INFO - Файлы отчетности не найдены в каталоге l:\PTK PSD\Post\ELO\OUT
[2018-04-02 14:30:00Z] - INFO - Автоматический режим работы
[2018-04-02 14:30:00Z] - INFO - Файлы отчетности не найдены в каталоге l:\PTK PSD\Post\ELO\OUT
[2018-04-02 14:45:00Z] - INFO - Автоматический режим работы
[2018-04-02 14:45:00Z] - INFO - Файлы отчетности не найдены в каталоге l:\PTK PSD\Post\ELO\OUT
[2018-04-02 15:00:01Z] - INFO - Автоматический режим работы
[2018-04-02 15:00:01Z] - INFO - Файлы отчетности не найдены в каталоге l:\PTK PSD\Post\ELO\OUT
[2018-04-02 15:11:01Z] - INFO - Обработка отчетности - 440out
[2018-04-02 15:11:01Z] - WARN - Автоматическое копирование в папку c:\work произведено не было!
[2018-04-02 15:11:20Z] - INFO - Сохраняем текущею ключевую дискету
[2018-04-02 15:11:22Z] - INFO - Выполнение операции "Копирование файла" над целевым объектом "Элемент: C:\work\BOS1_RPO17106962_720320180330_000543_201
80402_0002.xml Назначение: \\tmn-ts-01\440p\Arhive\02042018\BOS1_RPO17106962_720320180330_000543_20180402_0002.xml".
Выполнение операции "Копирование файла" над целевым объектом "Элемент: C:\work\PB1_APZ17106962_723020180331_000010.xml 
Назначение: \\tmn-ts-01\440p\Arhive\02042018\PB1_APZ17106962_723020180331_000010.xml".
Выполнение операции "Копирование файла" над целевым объектом "Элемент: C:\work\PB1_APZ17106962_723020180331_000011.xml 
Назначение: \\tmn-ts-01\440p\Arhive\02042018\PB1_APZ17106962_723020180331_000011.xml".
Выполнение операции "Копирование файла" над целевым объектом "Элемент: C:\work\PB1_APZ17106962_723020180331_000012.xml 
Назначение: \\tmn-ts-01\440p\Arhive\02042018\PB1_APZ17106962_723020180331_000012.xml".
Выполнение операции "Копирование файла" над целевым объектом "Элемент: C:\work\PB1_APZ17106962_723020180331_000013.xml 
Назначение: \\tmn-ts-01\440p\Arhive\02042018\PB1_APZ17106962_723020180331_000013.xml".
Выполнение операции "Копирование файла" над целевым объектом "Элемент: C:\work\PB1_APZ17106962_723020180331_000014.xml 
Назначение: \\tmn-ts-01\440p\Arhive\02042018\PB1_APZ17106962_723020180331_000014.xml".
Выполнение операции "Копирование файла" над целевым объектом "Элемент: C:\work\PB1_APZ17106962_723020180331_000015.xml 
Назначение: \\tmn-ts-01\440p\Arhive\02042018\PB1_APZ17106962_723020180331_000015.xml".
Выполнение операции "Копирование файла" над целевым объектом "Элемент: C:\work\PB1_PNO17106962_720320180330_000888.xml 
Назначение: \\tmn-ts-01\440p\Arhive\02042018\PB1_PNO17106962_720320180330_000888.xml".
Выполнение операции "Копирование файла" над целевым объектом "Элемент: C:\work\PB1_PNO17106962_720320180330_000889.xml 
Назначение: \\tmn-ts-01\440p\Arhive\02042018\PB1_PNO17106962_720320180330_000889.xml".
Выполнение операции "Копирование файла" над целевым объектом "Элемент: C:\work\PB1_PNO17106962_890420180330_000506.xml 
Назначение: \\tmn-ts-01\440p\Arhive\02042018\PB1_PNO17106962_890420180330_000506.xml".
Выполнение операции "Копирование файла" над целевым объектом "Элемент: C:\work\PB1_ROO17106962_723020180331_000194.xml 
Назначение: \\tmn-ts-01\440p\Arhive\02042018\PB1_ROO17106962_723020180331_000194.xml".
Выполнение операции "Копирование файла" над целевым объектом "Элемент: C:\work\PB1_RPO17106962_720320180330_000543.xml 
Назначение: \\tmn-ts-01\440p\Arhive\02042018\PB1_RPO17106962_720320180330_000543.xml".
Выполнение операции "Копирование файла" над целевым объектом "Элемент: C:\work\PB2_PNO17106962_890420180330_000506_0002
.xml Назначение: \\tmn-ts-01\440p\Arhive\02042018\PB2_PNO17106962_890420180330_000506_0002.xml".

[2018-04-02 15:11:22Z] - INFO - Копирование файлов в архив \\tmn-ts-01\440p\Arhive\02042018
[2018-04-02 15:11:22Z] - INFO - Переименовываем файлы *.xml -> *.vrb
[2018-04-02 15:11:22Z] - INFO - Подписываем все файлы
[2018-04-02 15:11:22Z] - INFO - Загружаем ключевую дискету c:\DISKET2017-1\Disk\DISK2
[2018-04-02 15:11:22Z] - INFO - Начинаем преобразование...
[2018-04-02 15:11:30Z] - INFO - Сравниваем до и после преобразования...
[2018-04-02 15:11:35Z] - INFO - Зашифровываем vrb-файлы
[2018-04-02 15:11:35Z] - INFO - Загружаем ключевую дискету c:\DISKET2017\Disk\DISK21
[2018-04-02 15:11:36Z] - INFO - Начинаем преобразование...
[2018-04-02 15:11:46Z] - INFO - Сравниваем до и после преобразования...
[2018-04-02 15:11:51Z] - INFO - Начинаем архивацию...
[2018-04-02 15:11:51Z] - INFO - Подписываем файл архива c:\work\AFN_7106962_MIFNS00_20180402_00002.arj
[2018-04-02 15:11:51Z] - INFO - Загружаем ключевую дискету c:\DISKET2017-1\Disk\DISK2
[2018-04-02 15:11:53Z] - INFO - Начинаем преобразование...
[2018-04-02 15:11:59Z] - INFO - Сравниваем до и после преобразования...
[2018-04-02 15:12:04Z] - INFO - Копируем файл архива AFN_7106962_MIFNS00_20180402_00002.arj в \\tmn-ts-01\440p\Arhive\02042018
[2018-04-02 15:12:04Z] - INFO - Копируем файл архива AFN_7106962_MIFNS00_20180402_00002.arj в l:\PTK PSD\Post\Post
[2018-04-02 15:12:04Z] - INFO - Отправленно всего 13 сообщений
Из них:
Справка: 1
Потверждения: 12

[2018-04-02 15:12:04Z] - INFO - Загружаем исходную ключевую дискету
[2018-04-02 15:12:06Z] - INFO - Конец работы скрипта!
[2018-04-02 15:15:00Z] - INFO - Автоматический режим работы
[2018-04-02 15:15:00Z] - INFO - Файлы отчетности не найдены в каталоге l:\PTK PSD\Post\ELO\OUT
[2018-04-02 15:30:00Z] - INFO - Автоматический режим работы
[2018-04-02 15:30:00Z] - INFO - Файлы отчетности не найдены в каталоге l:\PTK PSD\Post\ELO\OUT
[2018-04-02 15:45:00Z] - INFO - Автоматический режим работы
[2018-04-02 15:45:00Z] - INFO - Файлы отчетности не найдены в каталоге l:\PTK PSD\Post\ELO\OUT
[2018-04-02 16:00:00Z] - INFO - Автоматический режим работы
[2018-04-02 16:00:01Z] - INFO - Начат автоматический приём по форме 440П 02.04.2018 16:00:01
[2018-04-02 16:00:02Z] - INFO - Копируем файл AFN_MIFNS00_7106962_20180402_00001.ARJ
[2018-04-02 16:00:02Z] - INFO - Копируем файл AFN_MIFNS00_7106962_20180402_00002.ARJ
[2018-04-02 16:00:02Z] - INFO - Копируем файл AFN_MIFNS00_7106962_20180402_00003.ARJ
[2018-04-02 16:00:02Z] - INFO - Сохраняем текущею ключевую дискету
[2018-04-02 16:00:03Z] - INFO - Копирование файлов в архив \\tmn-ts-01\440p\Arhive\02042018
[2018-04-02 16:00:03Z] - INFO - Выполнение операции "Копирование файла" над целевым объектом "Элемент: C:\work\
AFN_MIFNS00_7106962_20180402_00001.ARJ Назначение: \\tmn-ts-01\440p\Arhive\0204
2018\AFN_MIFNS00_7106962_20180402_00001.ARJ".
Выполнение операции "Копирование файла" над целевым объектом "Элемент: C:\work\
AFN_MIFNS00_7106962_20180402_00002.ARJ Назначение: \\tmn-ts-01\440p\Arhive\0204
2018\AFN_MIFNS00_7106962_20180402_00002.ARJ".
Выполнение операции "Копирование файла" над целевым объектом "Элемент: C:\work\
AFN_MIFNS00_7106962_20180402_00003.ARJ Назначение: \\tmn-ts-01\440p\Arhive\0204
2018\AFN_MIFNS00_7106962_20180402_00003.ARJ".

[2018-04-02 16:00:03Z] - INFO - Снимаем подпись с arj-архивов
[2018-04-02 16:00:03Z] - INFO - Загружаем ключевую дискету C:\DISKET2017\disk\disk22
[2018-04-02 16:00:04Z] - INFO - Начинаем преобразование...
[2018-04-02 16:00:09Z] - INFO - Сравниваем до и после преобразования...
[2018-04-02 16:00:14Z] - INFO - Начинаем разархивацию...
[2018-04-02 16:00:14Z] - INFO - Разархивация файла C:\work\AFN_MIFNS00_7106962_20180402_00001.ARJ
[2018-04-02 16:00:15Z] - INFO - Разархивация файла C:\work\AFN_MIFNS00_7106962_20180402_00002.ARJ
[2018-04-02 16:00:16Z] - INFO - Разархивация файла C:\work\AFN_MIFNS00_7106962_20180402_00003.ARJ
[2018-04-02 16:00:17Z] - INFO - Расшифровываем vrb-файлы
[2018-04-02 16:00:17Z] - INFO - Загружаем ключевую дискету c:\DISKET2017\Disk\DISK21
[2018-04-02 16:00:18Z] - INFO - Начинаем преобразование...
[2018-04-02 16:00:22Z] - INFO - Сравниваем до и после преобразования...
[2018-04-02 16:00:27Z] - INFO - Переименовываем файлы в xml
[2018-04-02 16:00:27Z] - INFO - Снимаем подпись с xml-файлов
[2018-04-02 16:00:27Z] - INFO - Загружаем ключевую дискету C:\DISKET2017\disk\disk22
[2018-04-02 16:00:28Z] - INFO - Начинаем преобразование...
[2018-04-02 16:00:33Z] - INFO - Сравниваем до и после преобразования...
[2018-04-02 16:00:38Z] - INFO - Форматируем xml-файлы
[2018-04-02 16:00:41Z] - INFO - Пришло всего 3 сообщений
Из них:
Решения: 1
Запросы: 2

[2018-04-02 16:00:42Z] - INFO - Удаляем файл l:\PTK PSD\Post\ELO\OUT\AFN_MIFNS00_7106962_20180402_00001.ARJ
[2018-04-02 16:00:42Z] - INFO - Удаляем файл l:\PTK PSD\Post\ELO\OUT\AFN_MIFNS00_7106962_20180402_00002.ARJ
[2018-04-02 16:00:42Z] - INFO - Удаляем файл l:\PTK PSD\Post\ELO\OUT\AFN_MIFNS00_7106962_20180402_00003.ARJ
[2018-04-02 16:00:42Z] - INFO - Загружаем исходную ключевую дискету
[2018-04-02 16:00:43Z] - INFO - Конец работы скрипта!
[2018-04-02 16:15:00Z] - INFO - Автоматический режим работы
[2018-04-02 16:15:00Z] - INFO - Файлы отчетности не найдены в каталоге l:\PTK PSD\Post\ELO\OUT
[2018-04-02 16:30:00Z] - INFO - Автоматический режим работы
[2018-04-02 16:30:00Z] - INFO - Файлы отчетности не найдены в каталоге l:\PTK PSD\Post\ELO\OUT
[2018-04-02 16:45:00Z] - INFO - Автоматический режим работы
[2018-04-02 16:45:00Z] - INFO - Файлы отчетности не найдены в каталоге l:\PTK PSD\Post\ELO\OUT
[2018-04-02 17:00:01Z] - INFO - Автоматический режим работы
[2018-04-02 17:00:01Z] - INFO - Файлы отчетности не найдены в каталоге l:\PTK PSD\Post\ELO\OUT
[2018-04-02 17:15:00Z] - INFO - Автоматический режим работы
[2018-04-02 17:15:00Z] - INFO - Файлы отчетности не найдены в каталоге l:\PTK PSD\Post\ELO\OUT
[2018-04-02 17:30:00Z] - INFO - Автоматический режим работы
[2018-04-02 17:30:00Z] - INFO - Файлы отчетности не найдены в каталоге l:\PTK PSD\Post\ELO\OUT
[2018-04-02 17:45:00Z] - INFO - Автоматический режим работы
[2018-04-02 17:45:00Z] - INFO - Файлы отчетности не найдены в каталоге l:\PTK PSD\Post\ELO\OUT
[2018-04-02 18:00:01Z] - INFO - Автоматический режим работы
[2018-04-02 18:00:01Z] - INFO - Файлы отчетности не найдены в каталоге l:\PTK PSD\Post\ELO\OUT
[2018-04-02 18:09:43Z] - INFO - Обработка отчетности - 440out
[2018-04-02 18:09:43Z] - WARN - Автоматическое копирование в папку c:\work произведено не было!
[2018-04-02 18:09:44Z] - INFO - Сохраняем текущею ключевую дискету
[2018-04-02 18:09:45Z] - INFO - Выполнение операции "Копирование файла" над целевым объектом "Элемент: C:\work\BVD1_ZSV17106962_550320180330_001031_201
80402_0002_000001_000001.XML Назначение: \\tmn-ts-01\440p\Arhive\02042018\BVD1_ZSV17106962_550320180330_001031_20180402
_0002_000001_000001.XML".
Выполнение операции "Копирование файла" над целевым объектом "Элемент: C:\work\BVD1_ZSV17106962_860320180402_000617_201
80402_0002_000001_000001.XML Назначение: \\tmn-ts-01\440p\Arhive\02042018\BVD1_ZSV17106962_860320180402_000617_20180402
_0002_000001_000001.XML".
Выполнение операции "Копирование файла" над целевым объектом "Элемент: C:\work\BVD1_ZSV17106962_860320180402_000617_201
80402_0002_000001_000002.XML Назначение: \\tmn-ts-01\440p\Arhive\02042018\BVD1_ZSV17106962_860320180402_000617_20180402
_0002_000001_000002.XML".
Выполнение операции "Копирование файла" над целевым объектом "Элемент: C:\work\BVD1_ZSV17106962_860320180402_000617_201
80402_0002_000001_000003.XML Назначение: \\tmn-ts-01\440p\Arhive\02042018\BVD1_ZSV17106962_860320180402_000617_20180402
_0002_000001_000003.XML".
Выполнение операции "Копирование файла" над целевым объектом "Элемент: C:\work\BVS1_ZSV17106962_550320180330_001031_201
80402_0002.xml Назначение: \\tmn-ts-01\440p\Arhive\02042018\BVS1_ZSV17106962_550320180330_001031_20180402_0002.xml".
Выполнение операции "Копирование файла" над целевым объектом "Элемент: C:\work\BVS1_ZSV17106962_860320180402_000617_201
80402_0002.xml Назначение: \\tmn-ts-01\440p\Arhive\02042018\BVS1_ZSV17106962_860320180402_000617_20180402_0002.xml".
Выполнение операции "Копирование файла" над целевым объектом "Элемент: C:\work\PB1_ROO17106962_890520180402_000047.xml 
Назначение: \\tmn-ts-01\440p\Arhive\02042018\PB1_ROO17106962_890520180402_000047.xml".
Выполнение операции "Копирование файла" над целевым объектом "Элемент: C:\work\PB1_ZSV17106962_550320180330_001031.xml 
Назначение: \\tmn-ts-01\440p\Arhive\02042018\PB1_ZSV17106962_550320180330_001031.xml".
Выполнение операции "Копирование файла" над целевым объектом "Элемент: C:\work\PB1_ZSV17106962_860320180402_000617.xml 
Назначение: \\tmn-ts-01\440p\Arhive\02042018\PB1_ZSV17106962_860320180402_000617.xml".

[2018-04-02 18:09:45Z] - INFO - Копирование файлов в архив \\tmn-ts-01\440p\Arhive\02042018
[2018-04-02 18:09:45Z] - INFO - Переименовываем файлы *.xml -> *.vrb
[2018-04-02 18:09:45Z] - INFO - Подписываем все файлы
[2018-04-02 18:09:45Z] - INFO - Загружаем ключевую дискету c:\DISKET2017-1\Disk\DISK2
[2018-04-02 18:09:45Z] - INFO - Начинаем преобразование...
[2018-04-02 18:09:52Z] - INFO - Сравниваем до и после преобразования...
[2018-04-02 18:09:57Z] - INFO - Зашифровываем vrb-файлы
[2018-04-02 18:09:57Z] - INFO - Загружаем ключевую дискету c:\DISKET2017\Disk\DISK21
[2018-04-02 18:09:59Z] - INFO - Начинаем преобразование...
[2018-04-02 18:10:04Z] - INFO - Сравниваем до и после преобразования...
[2018-04-02 18:10:09Z] - INFO - Начинаем архивацию...
[2018-04-02 18:10:09Z] - INFO - Подписываем файл архива c:\work\AFN_7106962_MIFNS00_20180402_00003.arj
[2018-04-02 18:10:09Z] - INFO - Загружаем ключевую дискету c:\DISKET2017-1\Disk\DISK2
[2018-04-02 18:10:10Z] - INFO - Начинаем преобразование...
[2018-04-02 18:10:28Z] - INFO - Сравниваем до и после преобразования...
[2018-04-02 18:10:33Z] - INFO - Копируем файл архива AFN_7106962_MIFNS00_20180402_00003.arj в \\tmn-ts-01\440p\Arhive\02042018
[2018-04-02 18:10:33Z] - INFO - Копируем файл архива AFN_7106962_MIFNS00_20180402_00003.arj в l:\PTK PSD\Post\Post
[2018-04-02 18:10:34Z] - INFO - Отправленно всего 9 сообщений
Из них:
Сведения: 4
Выписка: 2
Потверждения: 3

[2018-04-02 18:10:34Z] - INFO - Загружаем исходную ключевую дискету
[2018-04-02 18:10:34Z] - INFO - Конец работы скрипта!
[2018-04-02 18:15:00Z] - INFO - Автоматический режим работы
[2018-04-02 18:15:00Z] - INFO - Файлы отчетности не найдены в каталоге l:\PTK PSD\Post\ELO\OUT
[2018-04-02 18:30:00Z] - INFO - Автоматический режим работы
[2018-04-02 18:30:00Z] - INFO - Файлы отчетности не найдены в каталоге l:\PTK PSD\Post\ELO\OUT
[2018-04-02 18:45:00Z] - INFO - Автоматический режим работы
[2018-04-02 18:45:00Z] - INFO - Файлы отчетности не найдены в каталоге l:\PTK PSD\Post\ELO\OUT
[2018-04-02 19:00:00Z] - INFO - Автоматический режим работы
[2018-04-02 19:00:01Z] - INFO - Файлы отчетности не найдены в каталоге l:\PTK PSD\Post\ELO\OUT
[2018-04-02 19:02:25Z] - INFO - Обработка отчетности - 440out
[2018-04-02 19:02:25Z] - WARN - Автоматическое копирование в папку c:\work произведено не было!
[2018-04-02 19:02:26Z] - INFO - Сохраняем текущею ключевую дискету
[2018-04-02 19:02:27Z] - INFO - Выполнение операции "Копирование файла" над целевым объектом "Элемент: C:\work\PB2_ZSV17106962_890420180322_000366_0002
.xml Назначение: \\tmn-ts-01\440p\Arhive\02042018\PB2_ZSV17106962_890420180322_000366_0002.xml".
Выполнение операции "Копирование файла" над целевым объектом "Элемент: C:\work\PB2_ZSV17106962_890420180322_000657_0002
.xml Назначение: \\tmn-ts-01\440p\Arhive\02042018\PB2_ZSV17106962_890420180322_000657_0002.xml".
Выполнение операции "Копирование файла" над целевым объектом "Элемент: C:\work\PB2_ZSV17106962_890420180322_001143_0002
.xml Назначение: \\tmn-ts-01\440p\Arhive\02042018\PB2_ZSV17106962_890420180322_001143_0002.xml".

[2018-04-02 19:02:27Z] - INFO - Копирование файлов в архив \\tmn-ts-01\440p\Arhive\02042018
[2018-04-02 19:02:27Z] - INFO - Переименовываем файлы *.xml -> *.vrb
[2018-04-02 19:02:27Z] - INFO - Подписываем все файлы
[2018-04-02 19:02:27Z] - INFO - Загружаем ключевую дискету c:\DISKET2017-1\Disk\DISK2
[2018-04-02 19:02:28Z] - INFO - Начинаем преобразование...
[2018-04-02 19:02:34Z] - INFO - Сравниваем до и после преобразования...
[2018-04-02 19:02:39Z] - INFO - Начинаем архивацию...
[2018-04-02 19:02:39Z] - INFO - Подписываем файл архива c:\work\AFN_7106962_MIFNS00_20180402_00004.arj
[2018-04-02 19:02:39Z] - INFO - Загружаем ключевую дискету c:\DISKET2017-1\Disk\DISK2
[2018-04-02 19:02:40Z] - INFO - Начинаем преобразование...
[2018-04-02 19:03:11Z] - INFO - Сравниваем до и после преобразования...
[2018-04-02 19:03:16Z] - INFO - Копируем файл архива AFN_7106962_MIFNS00_20180402_00004.arj в \\tmn-ts-01\440p\Arhive\02042018
[2018-04-02 19:03:16Z] - INFO - Копируем файл архива AFN_7106962_MIFNS00_20180402_00004.arj в l:\PTK PSD\Post\Post
[2018-04-02 19:03:17Z] - INFO - Отправленно всего 3 сообщений
Из них:
Потверждения: 3

[2018-04-02 19:03:17Z] - INFO - Загружаем исходную ключевую дискету
[2018-04-02 19:03:18Z] - INFO - Конец работы скрипта!
[2018-04-02 19:15:00Z] - INFO - Автоматический режим работы
[2018-04-02 19:15:01Z] - INFO - Начат автоматический приём по форме 440П 02.04.2018 19:15:00
[2018-04-02 19:15:02Z] - INFO - Копируем файл AFN_MIFNS00_7106962_20180402_00004.ARJ
[2018-04-02 19:15:02Z] - INFO - Сохраняем текущею ключевую дискету
[2018-04-02 19:15:03Z] - INFO - Копирование файлов в архив \\tmn-ts-01\440p\Arhive\02042018
[2018-04-02 19:15:03Z] - INFO - Выполнение операции "Копирование файла" над целевым объектом "Элемент: C:\work\
AFN_MIFNS00_7106962_20180402_00004.ARJ Назначение: \\tmn-ts-01\440p\Arhive\0204
2018\AFN_MIFNS00_7106962_20180402_00004.ARJ".

[2018-04-02 19:15:03Z] - INFO - Снимаем подпись с arj-архивов
[2018-04-02 19:15:03Z] - INFO - Загружаем ключевую дискету C:\DISKET2017\disk\disk22
[2018-04-02 19:15:03Z] - INFO - Начинаем преобразование...
[2018-04-02 19:15:08Z] - INFO - Сравниваем до и после преобразования...
[2018-04-02 19:15:13Z] - INFO - Начинаем разархивацию...
[2018-04-02 19:15:13Z] - INFO - Разархивация файла C:\work\AFN_MIFNS00_7106962_20180402_00004.ARJ
[2018-04-02 19:15:14Z] - INFO - Расшифровываем vrb-файлы
[2018-04-02 19:15:14Z] - INFO - Загружаем ключевую дискету c:\DISKET2017\Disk\DISK21
[2018-04-02 19:15:16Z] - INFO - Начинаем преобразование...
[2018-04-02 19:15:21Z] - INFO - Сравниваем до и после преобразования...
[2018-04-02 19:15:26Z] - INFO - Переименовываем файлы в xml
[2018-04-02 19:15:26Z] - INFO - Снимаем подпись с xml-файлов
[2018-04-02 19:15:26Z] - INFO - Загружаем ключевую дискету C:\DISKET2017\disk\disk22
[2018-04-02 19:15:27Z] - INFO - Начинаем преобразование...
[2018-04-02 19:15:32Z] - INFO - Сравниваем до и после преобразования...
[2018-04-02 19:15:37Z] - INFO - Форматируем xml-файлы
[2018-04-02 19:15:38Z] - INFO - Пришло всего 2 сообщений
Из них:
Решения: 1
Запросы: 1

[2018-04-02 19:15:38Z] - INFO - Удаляем файл l:\PTK PSD\Post\ELO\OUT\AFN_MIFNS00_7106962_20180402_00004.ARJ
[2018-04-02 19:15:38Z] - INFO - Загружаем исходную ключевую дискету
[2018-04-02 19:15:40Z] - INFO - Конец работы скрипта!
[2018-04-02 19:30:00Z] - INFO - Автоматический режим работы
[2018-04-02 19:30:00Z] - INFO - Файлы отчетности не найдены в каталоге l:\PTK PSD\Post\ELO\OUT
[2018-04-02 19:45:00Z] - INFO - Автоматический режим работы
[2018-04-02 19:45:00Z] - INFO - Файлы отчетности не найдены в каталоге l:\PTK PSD\Post\ELO\OUT
[2018-04-02 20:00:00Z] - INFO - Автоматический режим работы
[2018-04-02 20:00:00Z] - INFO - Файлы отчетности не найдены в каталоге l:\PTK PSD\Post\ELO\OUT
[2018-04-02 20:15:00Z] - INFO - Автоматический режим работы
[2018-04-02 20:15:02Z] - INFO - Файлы отчетности не найдены в каталоге l:\PTK PSD\Post\ELO\OUT
[2018-04-02 20:30:00Z] - INFO - Автоматический режим работы
[2018-04-02 20:30:00Z] - INFO - Файлы отчетности не найдены в каталоге l:\PTK PSD\Post\ELO\OUT
[2018-04-02 20:45:00Z] - INFO - Автоматический режим работы
[2018-04-02 20:45:00Z] - INFO - Файлы отчетности не найдены в каталоге l:\PTK PSD\Post\ELO\OUT
[2018-04-02 21:00:00Z] - INFO - Автоматический режим работы
[2018-04-02 21:00:00Z] - INFO - Файлы отчетности не найдены в каталоге l:\PTK PSD\Post\ELO\OUT
[2018-04-02 21:15:00Z] - INFO - Автоматический режим работы
[2018-04-02 21:15:00Z] - INFO - Файлы отчетности не найдены в каталоге l:\PTK PSD\Post\ELO\OUT
[2018-04-02 21:30:00Z] - INFO - Автоматический режим работы
[2018-04-02 21:30:00Z] - INFO - Файлы отчетности не найдены в каталоге l:\PTK PSD\Post\ELO\OUT
[2018-04-02 21:45:00Z] - INFO - Автоматический режим работы
[2018-04-02 21:45:00Z] - INFO - Файлы отчетности не найдены в каталоге l:\PTK PSD\Post\ELO\OUT
[2018-04-02 22:00:00Z] - INFO - Автоматический режим работы
[2018-04-02 22:00:00Z] - INFO - Файлы отчетности не найдены в каталоге l:\PTK PSD\Post\ELO\OUT
[2018-04-02 22:15:00Z] - INFO - Автоматический режим работы
[2018-04-02 22:15:00Z] - INFO - Файлы отчетности не найдены в каталоге l:\PTK PSD\Post\ELO\OUT
[2018-04-02 22:30:00Z] - INFO - Автоматический режим работы
[2018-04-02 22:30:00Z] - INFO - Файлы отчетности не найдены в каталоге l:\PTK PSD\Post\ELO\OUT
[2018-04-02 22:45:00Z] - INFO - Автоматический режим работы
[2018-04-02 22:45:00Z] - INFO - Файлы отчетности не найдены в каталоге l:\PTK PSD\Post\ELO\OUT
[2018-04-02 23:00:00Z] - INFO - Автоматический режим работы
[2018-04-02 23:00:00Z] - INFO - Файлы отчетности не найдены в каталоге l:\PTK PSD\Post\ELO\OUT
[2018-04-02 23:15:00Z] - INFO - Автоматический режим работы
[2018-04-02 23:15:00Z] - INFO - Файлы отчетности не найдены в каталоге l:\PTK PSD\Post\ELO\OUT
[2018-04-02 23:30:01Z] - INFO - Автоматический режим работы
[2018-04-02 23:30:01Z] - INFO - Файлы отчетности не найдены в каталоге l:\PTK PSD\Post\ELO\OUT
[2018-04-02 23:45:16Z] - INFO - Автоматический режим работы
[2018-04-02 23:45:16Z] - INFO - Файлы отчетности не найдены в каталоге l:\PTK PSD\Post\ELO\OUT
