[2018-07-02 00:00:08Z] - INFO - Автоматический режим работы
[2018-07-02 00:00:08Z] - INFO - Файлы отчетности не найдены в каталоге l:\PTK PSD\Post\ELO\OUT
[2018-07-02 00:15:00Z] - INFO - Автоматический режим работы
[2018-07-02 00:15:00Z] - INFO - Файлы отчетности не найдены в каталоге l:\PTK PSD\Post\ELO\OUT
[2018-07-02 00:30:00Z] - INFO - Автоматический режим работы
[2018-07-02 00:30:00Z] - INFO - Файлы отчетности не найдены в каталоге l:\PTK PSD\Post\ELO\OUT
[2018-07-02 00:45:00Z] - INFO - Автоматический режим работы
[2018-07-02 00:45:00Z] - INFO - Файлы отчетности не найдены в каталоге l:\PTK PSD\Post\ELO\OUT
[2018-07-02 01:00:00Z] - INFO - Автоматический режим работы
[2018-07-02 01:00:00Z] - INFO - Файлы отчетности не найдены в каталоге l:\PTK PSD\Post\ELO\OUT
[2018-07-02 01:15:00Z] - INFO - Автоматический режим работы
[2018-07-02 01:15:00Z] - INFO - Файлы отчетности не найдены в каталоге l:\PTK PSD\Post\ELO\OUT
[2018-07-02 01:30:00Z] - INFO - Автоматический режим работы
[2018-07-02 01:30:00Z] - INFO - Файлы отчетности не найдены в каталоге l:\PTK PSD\Post\ELO\OUT
[2018-07-02 01:45:00Z] - INFO - Автоматический режим работы
[2018-07-02 01:45:00Z] - INFO - Файлы отчетности не найдены в каталоге l:\PTK PSD\Post\ELO\OUT
[2018-07-02 02:00:00Z] - INFO - Автоматический режим работы
[2018-07-02 02:00:00Z] - INFO - Файлы отчетности не найдены в каталоге l:\PTK PSD\Post\ELO\OUT
[2018-07-02 02:15:00Z] - INFO - Автоматический режим работы
[2018-07-02 02:15:00Z] - INFO - Файлы отчетности не найдены в каталоге l:\PTK PSD\Post\ELO\OUT
[2018-07-02 02:30:00Z] - INFO - Автоматический режим работы
[2018-07-02 02:30:00Z] - INFO - Файлы отчетности не найдены в каталоге l:\PTK PSD\Post\ELO\OUT
[2018-07-02 02:45:00Z] - INFO - Автоматический режим работы
[2018-07-02 02:45:00Z] - INFO - Файлы отчетности не найдены в каталоге l:\PTK PSD\Post\ELO\OUT
[2018-07-02 03:00:00Z] - INFO - Автоматический режим работы
[2018-07-02 03:00:00Z] - INFO - Файлы отчетности не найдены в каталоге l:\PTK PSD\Post\ELO\OUT
[2018-07-02 03:15:00Z] - INFO - Автоматический режим работы
[2018-07-02 03:15:00Z] - INFO - Файлы отчетности не найдены в каталоге l:\PTK PSD\Post\ELO\OUT
[2018-07-02 03:30:00Z] - INFO - Автоматический режим работы
[2018-07-02 03:30:00Z] - INFO - Файлы отчетности не найдены в каталоге l:\PTK PSD\Post\ELO\OUT
[2018-07-02 03:45:00Z] - INFO - Автоматический режим работы
[2018-07-02 03:45:00Z] - INFO - Файлы отчетности не найдены в каталоге l:\PTK PSD\Post\ELO\OUT
[2018-07-02 04:00:00Z] - INFO - Автоматический режим работы
[2018-07-02 04:00:00Z] - INFO - Файлы отчетности не найдены в каталоге l:\PTK PSD\Post\ELO\OUT
[2018-07-02 04:15:00Z] - INFO - Автоматический режим работы
[2018-07-02 04:15:00Z] - INFO - Файлы отчетности не найдены в каталоге l:\PTK PSD\Post\ELO\OUT
[2018-07-02 04:30:00Z] - INFO - Автоматический режим работы
[2018-07-02 04:30:00Z] - INFO - Файлы отчетности не найдены в каталоге l:\PTK PSD\Post\ELO\OUT
[2018-07-02 04:45:00Z] - INFO - Автоматический режим работы
[2018-07-02 04:45:00Z] - INFO - Файлы отчетности не найдены в каталоге l:\PTK PSD\Post\ELO\OUT
[2018-07-02 05:00:00Z] - INFO - Автоматический режим работы
[2018-07-02 05:00:00Z] - INFO - Файлы отчетности не найдены в каталоге l:\PTK PSD\Post\ELO\OUT
[2018-07-02 05:15:00Z] - INFO - Автоматический режим работы
[2018-07-02 05:15:00Z] - INFO - Файлы отчетности не найдены в каталоге l:\PTK PSD\Post\ELO\OUT
[2018-07-02 05:30:00Z] - INFO - Автоматический режим работы
[2018-07-02 05:30:00Z] - INFO - Файлы отчетности не найдены в каталоге l:\PTK PSD\Post\ELO\OUT
[2018-07-02 05:45:00Z] - INFO - Автоматический режим работы
[2018-07-02 05:45:00Z] - INFO - Файлы отчетности не найдены в каталоге l:\PTK PSD\Post\ELO\OUT
[2018-07-02 06:00:00Z] - INFO - Автоматический режим работы
[2018-07-02 06:00:00Z] - INFO - Файлы отчетности не найдены в каталоге l:\PTK PSD\Post\ELO\OUT
[2018-07-02 06:15:00Z] - INFO - Автоматический режим работы
[2018-07-02 06:15:00Z] - INFO - Файлы отчетности не найдены в каталоге l:\PTK PSD\Post\ELO\OUT
[2018-07-02 06:30:00Z] - INFO - Автоматический режим работы
[2018-07-02 06:30:00Z] - INFO - Файлы отчетности не найдены в каталоге l:\PTK PSD\Post\ELO\OUT
[2018-07-02 06:45:00Z] - INFO - Автоматический режим работы
[2018-07-02 06:45:00Z] - INFO - Файлы отчетности не найдены в каталоге l:\PTK PSD\Post\ELO\OUT
[2018-07-02 07:00:00Z] - INFO - Автоматический режим работы
[2018-07-02 07:00:00Z] - INFO - Файлы отчетности не найдены в каталоге l:\PTK PSD\Post\ELO\OUT
[2018-07-02 07:15:00Z] - INFO - Автоматический режим работы
[2018-07-02 07:15:00Z] - INFO - Файлы отчетности не найдены в каталоге l:\PTK PSD\Post\ELO\OUT
[2018-07-02 07:30:00Z] - INFO - Автоматический режим работы
[2018-07-02 07:30:00Z] - INFO - Файлы отчетности не найдены в каталоге l:\PTK PSD\Post\ELO\OUT
[2018-07-02 07:45:00Z] - INFO - Автоматический режим работы
[2018-07-02 07:45:00Z] - INFO - Файлы отчетности не найдены в каталоге l:\PTK PSD\Post\ELO\OUT
[2018-07-02 08:00:00Z] - INFO - Автоматический режим работы
[2018-07-02 08:00:00Z] - INFO - Файлы отчетности не найдены в каталоге l:\PTK PSD\Post\ELO\OUT
[2018-07-02 08:15:00Z] - INFO - Автоматический режим работы
[2018-07-02 08:15:00Z] - INFO - Файлы отчетности не найдены в каталоге l:\PTK PSD\Post\ELO\OUT
[2018-07-02 08:30:00Z] - INFO - Автоматический режим работы
[2018-07-02 08:30:00Z] - INFO - Файлы отчетности не найдены в каталоге l:\PTK PSD\Post\ELO\OUT
[2018-07-02 08:45:00Z] - INFO - Автоматический режим работы
[2018-07-02 08:45:00Z] - INFO - Файлы отчетности не найдены в каталоге l:\PTK PSD\Post\ELO\OUT
[2018-07-02 09:00:01Z] - INFO - Автоматический режим работы
[2018-07-02 09:00:01Z] - INFO - Файлы отчетности не найдены в каталоге l:\PTK PSD\Post\ELO\OUT
[2018-07-02 09:15:00Z] - INFO - Автоматический режим работы
[2018-07-02 09:15:00Z] - INFO - Файлы отчетности не найдены в каталоге l:\PTK PSD\Post\ELO\OUT
[2018-07-02 09:30:00Z] - INFO - Автоматический режим работы
[2018-07-02 09:30:00Z] - INFO - Файлы отчетности не найдены в каталоге l:\PTK PSD\Post\ELO\OUT
[2018-07-02 09:45:00Z] - INFO - Автоматический режим работы
[2018-07-02 09:45:00Z] - INFO - Файлы отчетности не найдены в каталоге l:\PTK PSD\Post\ELO\OUT
[2018-07-02 10:00:01Z] - INFO - Автоматический режим работы
[2018-07-02 10:00:01Z] - INFO - Файлы отчетности не найдены в каталоге l:\PTK PSD\Post\ELO\OUT
[2018-07-02 10:15:00Z] - INFO - Автоматический режим работы
[2018-07-02 10:15:00Z] - INFO - Файлы отчетности не найдены в каталоге l:\PTK PSD\Post\ELO\OUT
[2018-07-02 10:30:00Z] - INFO - Автоматический режим работы
[2018-07-02 10:30:00Z] - INFO - Файлы отчетности не найдены в каталоге l:\PTK PSD\Post\ELO\OUT
[2018-07-02 10:34:22Z] - INFO - Обработка отчетности - 440out
[2018-07-02 10:34:22Z] - WARN - Автоматическое копирование в папку c:\work произведено не было!
[2018-07-02 10:34:22Z] - INFO - Сохраняем текущею ключевую дискету
[2018-07-02 10:34:24Z] - INFO - Выполнение операции "Копирование файла" над целевым объектом "Элемент: C:\work\BOS1_RPO17106962_860320180629_000836_201
80702_0002.xml Назначение: \\tmn-ts-01\440p\Arhive\02072018\BOS1_RPO17106962_860320180629_000836_20180702_0002.xml".
Выполнение операции "Копирование файла" над целевым объектом "Элемент: C:\work\PB1_ROO17106962_720620180629_000061.xml 
Назначение: \\tmn-ts-01\440p\Arhive\02072018\PB1_ROO17106962_720620180629_000061.xml".
Выполнение операции "Копирование файла" над целевым объектом "Элемент: C:\work\PB1_ROO17106962_890420180629_000947.xml 
Назначение: \\tmn-ts-01\440p\Arhive\02072018\PB1_ROO17106962_890420180629_000947.xml".
Выполнение операции "Копирование файла" над целевым объектом "Элемент: C:\work\PB1_ROO17106962_890420180629_001038.xml 
Назначение: \\tmn-ts-01\440p\Arhive\02072018\PB1_ROO17106962_890420180629_001038.xml".
Выполнение операции "Копирование файла" над целевым объектом "Элемент: C:\work\PB1_RPO17106962_860320180629_000836.xml 
Назначение: \\tmn-ts-01\440p\Arhive\02072018\PB1_RPO17106962_860320180629_000836.xml".

[2018-07-02 10:34:24Z] - INFO - Копирование файлов в архив \\tmn-ts-01\440p\Arhive\02072018
[2018-07-02 10:34:24Z] - INFO - Переименовываем файлы *.xml -> *.vrb
[2018-07-02 10:34:24Z] - INFO - Подписываем все файлы
[2018-07-02 10:34:24Z] - INFO - Загружаем ключевую дискету c:\DISKET2017-1\Disk\DISK2
[2018-07-02 10:34:24Z] - INFO - Начинаем преобразование...
[2018-07-02 10:34:32Z] - INFO - Сравниваем до и после преобразования...
[2018-07-02 10:34:37Z] - INFO - Зашифровываем vrb-файлы
[2018-07-02 10:34:37Z] - INFO - Загружаем ключевую дискету c:\DISKET2018\Disk\DISK21
[2018-07-02 10:34:38Z] - INFO - Начинаем преобразование...
[2018-07-02 10:34:45Z] - INFO - Сравниваем до и после преобразования...
[2018-07-02 10:34:50Z] - INFO - Начинаем архивацию...
[2018-07-02 10:34:50Z] - INFO - Подписываем файл архива c:\work\AFN_7106962_MIFNS00_20180702_00001.arj
[2018-07-02 10:34:50Z] - INFO - Загружаем ключевую дискету c:\DISKET2017-1\Disk\DISK2
[2018-07-02 10:34:52Z] - INFO - Начинаем преобразование...
[2018-07-02 10:34:57Z] - INFO - Сравниваем до и после преобразования...
[2018-07-02 10:35:02Z] - INFO - Копируем файл архива AFN_7106962_MIFNS00_20180702_00001.arj в \\tmn-ts-01\440p\Arhive\02072018
[2018-07-02 10:35:02Z] - INFO - Копируем файл архива AFN_7106962_MIFNS00_20180702_00001.arj в l:\PTK PSD\Post\Post
[2018-07-02 10:35:02Z] - INFO - Отправленно всего 5 сообщений
Из них:
Справка: 1
Потверждения: 4

[2018-07-02 10:35:02Z] - INFO - Загружаем исходную ключевую дискету
[2018-07-02 10:35:04Z] - INFO - Конец работы скрипта!
[2018-07-02 10:45:00Z] - INFO - Автоматический режим работы
[2018-07-02 10:45:00Z] - INFO - Файлы отчетности не найдены в каталоге l:\PTK PSD\Post\ELO\OUT
[2018-07-02 11:00:01Z] - INFO - Автоматический режим работы
[2018-07-02 11:00:01Z] - INFO - Файлы отчетности не найдены в каталоге l:\PTK PSD\Post\ELO\OUT
[2018-07-02 11:15:00Z] - INFO - Автоматический режим работы
[2018-07-02 11:15:00Z] - INFO - Файлы отчетности не найдены в каталоге l:\PTK PSD\Post\ELO\OUT
[2018-07-02 11:30:00Z] - INFO - Автоматический режим работы
[2018-07-02 11:30:00Z] - INFO - Файлы отчетности не найдены в каталоге l:\PTK PSD\Post\ELO\OUT
[2018-07-02 11:45:00Z] - INFO - Автоматический режим работы
[2018-07-02 11:45:00Z] - INFO - Файлы отчетности не найдены в каталоге l:\PTK PSD\Post\ELO\OUT
[2018-07-02 12:00:00Z] - INFO - Автоматический режим работы
[2018-07-02 12:00:01Z] - INFO - Файлы отчетности не найдены в каталоге l:\PTK PSD\Post\ELO\OUT
[2018-07-02 12:15:00Z] - INFO - Автоматический режим работы
[2018-07-02 12:15:00Z] - INFO - Файлы отчетности не найдены в каталоге l:\PTK PSD\Post\ELO\OUT
[2018-07-02 12:30:00Z] - INFO - Автоматический режим работы
[2018-07-02 12:30:01Z] - INFO - Файлы отчетности не найдены в каталоге l:\PTK PSD\Post\ELO\OUT
[2018-07-02 12:45:00Z] - INFO - Автоматический режим работы
[2018-07-02 12:45:00Z] - INFO - Файлы отчетности не найдены в каталоге l:\PTK PSD\Post\ELO\OUT
[2018-07-02 13:00:01Z] - INFO - Автоматический режим работы
[2018-07-02 13:00:01Z] - INFO - Файлы отчетности не найдены в каталоге l:\PTK PSD\Post\ELO\OUT
[2018-07-02 13:15:00Z] - INFO - Автоматический режим работы
[2018-07-02 13:15:01Z] - INFO - Начат автоматический приём по форме 440П 02.07.2018 13:15:00
[2018-07-02 13:15:02Z] - INFO - Копируем файл AFN_MIFNS00_7106962_20180629_00003.ARJ
[2018-07-02 13:15:02Z] - INFO - Сохраняем текущею ключевую дискету
[2018-07-02 13:15:03Z] - INFO - Копирование файлов в архив \\tmn-ts-01\440p\Arhive\02072018
[2018-07-02 13:15:03Z] - INFO - Выполнение операции "Копирование файла" над целевым объектом "Элемент: C:\work\
AFN_MIFNS00_7106962_20180629_00003.ARJ Назначение: \\tmn-ts-01\440p\Arhive\0207
2018\AFN_MIFNS00_7106962_20180629_00003.ARJ".

[2018-07-02 13:15:03Z] - INFO - Снимаем подпись с arj-архивов
[2018-07-02 13:15:03Z] - INFO - Загружаем ключевую дискету C:\DISKET2018\disk\disk22
[2018-07-02 13:15:03Z] - INFO - Начинаем преобразование...
[2018-07-02 13:15:08Z] - INFO - Сравниваем до и после преобразования...
[2018-07-02 13:15:13Z] - INFO - Начинаем разархивацию...
[2018-07-02 13:15:13Z] - INFO - Разархивация файла C:\work\AFN_MIFNS00_7106962_20180629_00003.ARJ
[2018-07-02 13:15:15Z] - INFO - Расшифровываем vrb-файлы
[2018-07-02 13:15:15Z] - INFO - Загружаем ключевую дискету c:\DISKET2018\Disk\DISK21
[2018-07-02 13:15:16Z] - INFO - Начинаем преобразование...
[2018-07-02 13:15:20Z] - INFO - Сравниваем до и после преобразования...
[2018-07-02 13:15:25Z] - INFO - Переименовываем файлы в xml
[2018-07-02 13:15:25Z] - INFO - Снимаем подпись с xml-файлов
[2018-07-02 13:15:25Z] - INFO - Загружаем ключевую дискету C:\DISKET2018\disk\disk22
[2018-07-02 13:15:26Z] - INFO - Начинаем преобразование...
[2018-07-02 13:15:30Z] - INFO - Сравниваем до и после преобразования...
[2018-07-02 13:15:35Z] - INFO - Форматируем xml-файлы
[2018-07-02 13:15:37Z] - INFO - Пришло всего 1 сообщений
Из них:
Решения: 1

[2018-07-02 13:15:37Z] - INFO - Удаляем файл l:\PTK PSD\Post\ELO\OUT\AFN_MIFNS00_7106962_20180629_00003.ARJ
[2018-07-02 13:15:37Z] - INFO - Загружаем исходную ключевую дискету
[2018-07-02 13:15:38Z] - INFO - Конец работы скрипта!
[2018-07-02 13:30:00Z] - INFO - Автоматический режим работы
[2018-07-02 13:30:01Z] - INFO - Начат автоматический приём по форме 440П 02.07.2018 13:30:00
[2018-07-02 13:30:02Z] - INFO - Копируем файл AFN_MIFNS00_7106962_20180629_00004.ARJ
[2018-07-02 13:30:02Z] - INFO - Копируем файл AFN_MIFNS00_7106962_20180630_00001.ARJ
[2018-07-02 13:30:02Z] - INFO - Копируем файл AFN_MIFNS00_7106962_20180630_00002.ARJ
[2018-07-02 13:30:02Z] - INFO - Копируем файл AFN_MIFNS00_7106962_20180702_00001.ARJ
[2018-07-02 13:30:02Z] - INFO - Сохраняем текущею ключевую дискету
[2018-07-02 13:30:03Z] - INFO - Копирование файлов в архив \\tmn-ts-01\440p\Arhive\02072018
[2018-07-02 13:30:03Z] - INFO - Выполнение операции "Копирование файла" над целевым объектом "Элемент: C:\work\
AFN_MIFNS00_7106962_20180629_00004.ARJ Назначение: \\tmn-ts-01\440p\Arhive\0207
2018\AFN_MIFNS00_7106962_20180629_00004.ARJ".
Выполнение операции "Копирование файла" над целевым объектом "Элемент: C:\work\
AFN_MIFNS00_7106962_20180630_00001.ARJ Назначение: \\tmn-ts-01\440p\Arhive\0207
2018\AFN_MIFNS00_7106962_20180630_00001.ARJ".
Выполнение операции "Копирование файла" над целевым объектом "Элемент: C:\work\
AFN_MIFNS00_7106962_20180630_00002.ARJ Назначение: \\tmn-ts-01\440p\Arhive\0207
2018\AFN_MIFNS00_7106962_20180630_00002.ARJ".
Выполнение операции "Копирование файла" над целевым объектом "Элемент: C:\work\
AFN_MIFNS00_7106962_20180702_00001.ARJ Назначение: \\tmn-ts-01\440p\Arhive\0207
2018\AFN_MIFNS00_7106962_20180702_00001.ARJ".

[2018-07-02 13:30:03Z] - INFO - Снимаем подпись с arj-архивов
[2018-07-02 13:30:03Z] - INFO - Загружаем ключевую дискету C:\DISKET2018\disk\disk22
[2018-07-02 13:30:04Z] - INFO - Начинаем преобразование...
[2018-07-02 13:30:09Z] - INFO - Сравниваем до и после преобразования...
[2018-07-02 13:30:14Z] - INFO - Начинаем разархивацию...
[2018-07-02 13:30:14Z] - INFO - Разархивация файла C:\work\AFN_MIFNS00_7106962_20180629_00004.ARJ
[2018-07-02 13:30:15Z] - INFO - Разархивация файла C:\work\AFN_MIFNS00_7106962_20180630_00001.ARJ
[2018-07-02 13:30:16Z] - INFO - Разархивация файла C:\work\AFN_MIFNS00_7106962_20180630_00002.ARJ
[2018-07-02 13:30:17Z] - INFO - Разархивация файла C:\work\AFN_MIFNS00_7106962_20180702_00001.ARJ
[2018-07-02 13:30:18Z] - INFO - Расшифровываем vrb-файлы
[2018-07-02 13:30:18Z] - INFO - Загружаем ключевую дискету c:\DISKET2018\Disk\DISK21
[2018-07-02 13:30:19Z] - INFO - Начинаем преобразование...
[2018-07-02 13:30:24Z] - INFO - Сравниваем до и после преобразования...
[2018-07-02 13:30:29Z] - INFO - Переименовываем файлы в xml
[2018-07-02 13:30:29Z] - INFO - Снимаем подпись с xml-файлов
[2018-07-02 13:30:29Z] - INFO - Загружаем ключевую дискету C:\DISKET2018\disk\disk22
[2018-07-02 13:30:30Z] - INFO - Начинаем преобразование...
[2018-07-02 13:30:35Z] - INFO - Сравниваем до и после преобразования...
[2018-07-02 13:30:41Z] - INFO - Форматируем xml-файлы
[2018-07-02 13:30:41Z] - INFO - Пришли подтверждения
[2018-07-02 13:30:42Z] - INFO - Пришли успешные подтверждения - 17 шт.
Потверждения находятся в каталоге \\tmn-ts-01\440p\ack\02072018


[2018-07-02 13:30:46Z] - INFO - Пришло всего 5 сообщений
Из них:
Решения: 2
Запросы: 3

[2018-07-02 13:30:47Z] - INFO - Удаляем файл l:\PTK PSD\Post\ELO\OUT\AFN_MIFNS00_7106962_20180629_00004.ARJ
[2018-07-02 13:30:47Z] - INFO - Удаляем файл l:\PTK PSD\Post\ELO\OUT\AFN_MIFNS00_7106962_20180630_00001.ARJ
[2018-07-02 13:30:47Z] - INFO - Удаляем файл l:\PTK PSD\Post\ELO\OUT\AFN_MIFNS00_7106962_20180630_00002.ARJ
[2018-07-02 13:30:47Z] - INFO - Удаляем файл l:\PTK PSD\Post\ELO\OUT\AFN_MIFNS00_7106962_20180702_00001.ARJ
[2018-07-02 13:30:47Z] - INFO - Загружаем исходную ключевую дискету
[2018-07-02 13:30:48Z] - INFO - Конец работы скрипта!
[2018-07-02 13:45:00Z] - INFO - Автоматический режим работы
[2018-07-02 13:45:00Z] - INFO - Файлы отчетности не найдены в каталоге l:\PTK PSD\Post\ELO\OUT
[2018-07-02 14:00:01Z] - INFO - Автоматический режим работы
[2018-07-02 14:00:01Z] - INFO - Файлы отчетности не найдены в каталоге l:\PTK PSD\Post\ELO\OUT
[2018-07-02 14:15:00Z] - INFO - Автоматический режим работы
[2018-07-02 14:15:00Z] - INFO - Файлы отчетности не найдены в каталоге l:\PTK PSD\Post\ELO\OUT
[2018-07-02 14:16:51Z] - INFO - Обработка отчетности - 440out
[2018-07-02 14:16:52Z] - WARN - Автоматическое копирование в папку c:\work произведено не было!
[2018-07-02 14:16:52Z] - INFO - Сохраняем текущею ключевую дискету
[2018-07-02 14:16:53Z] - INFO - Выполнение операции "Копирование файла" над целевым объектом "Элемент: C:\work\BVD1_ZSV17106962_890520180629_000006_201
80702_0002_000001_000001.XML Назначение: \\tmn-ts-01\440p\Arhive\02072018\BVD1_ZSV17106962_890520180629_000006_20180702
_0002_000001_000001.XML".
Выполнение операции "Копирование файла" над целевым объектом "Элемент: C:\work\BVD1_ZSV17106962_890520180629_000007_201
80702_0002_000001_000001.XML Назначение: \\tmn-ts-01\440p\Arhive\02072018\BVD1_ZSV17106962_890520180629_000007_20180702
_0002_000001_000001.XML".
Выполнение операции "Копирование файла" над целевым объектом "Элемент: C:\work\BVS1_ZSV17106962_890520180629_000006_201
80702_0002.xml Назначение: \\tmn-ts-01\440p\Arhive\02072018\BVS1_ZSV17106962_890520180629_000006_20180702_0002.xml".
Выполнение операции "Копирование файла" над целевым объектом "Элемент: C:\work\BVS1_ZSV17106962_890520180629_000007_201
80702_0002.xml Назначение: \\tmn-ts-01\440p\Arhive\02072018\BVS1_ZSV17106962_890520180629_000007_20180702_0002.xml".
Выполнение операции "Копирование файла" над целевым объектом "Элемент: C:\work\PB1_ROO17106962_720620180702_000039.xml 
Назначение: \\tmn-ts-01\440p\Arhive\02072018\PB1_ROO17106962_720620180702_000039.xml".
Выполнение операции "Копирование файла" над целевым объектом "Элемент: C:\work\PB1_ROO17106962_720620180702_000040.xml 
Назначение: \\tmn-ts-01\440p\Arhive\02072018\PB1_ROO17106962_720620180702_000040.xml".
Выполнение операции "Копирование файла" над целевым объектом "Элемент: C:\work\PB1_ROO17106962_890520180629_000144.xml 
Назначение: \\tmn-ts-01\440p\Arhive\02072018\PB1_ROO17106962_890520180629_000144.xml".
Выполнение операции "Копирование файла" над целевым объектом "Элемент: C:\work\PB1_ZSV17106962_890520180629_000006.xml 
Назначение: \\tmn-ts-01\440p\Arhive\02072018\PB1_ZSV17106962_890520180629_000006.xml".
Выполнение операции "Копирование файла" над целевым объектом "Элемент: C:\work\PB1_ZSV17106962_890520180629_000007.xml 
Назначение: \\tmn-ts-01\440p\Arhive\02072018\PB1_ZSV17106962_890520180629_000007.xml".
Выполнение операции "Копирование файла" над целевым объектом "Элемент: C:\work\PB1_ZSV17106962_890520180630_000027.xml 
Назначение: \\tmn-ts-01\440p\Arhive\02072018\PB1_ZSV17106962_890520180630_000027.xml".
Выполнение операции "Копирование файла" над целевым объектом "Элемент: C:\work\PB2_ZSV17106962_890520180630_000027_0002
.xml Назначение: \\tmn-ts-01\440p\Arhive\02072018\PB2_ZSV17106962_890520180630_000027_0002.xml".

[2018-07-02 14:16:53Z] - INFO - Копирование файлов в архив \\tmn-ts-01\440p\Arhive\02072018
[2018-07-02 14:16:53Z] - INFO - Переименовываем файлы *.xml -> *.vrb
[2018-07-02 14:16:53Z] - INFO - Подписываем все файлы
[2018-07-02 14:16:53Z] - INFO - Загружаем ключевую дискету c:\DISKET2017-1\Disk\DISK2
[2018-07-02 14:16:54Z] - INFO - Начинаем преобразование...
[2018-07-02 14:17:13Z] - INFO - Сравниваем до и после преобразования...
[2018-07-02 14:17:18Z] - INFO - Зашифровываем vrb-файлы
[2018-07-02 14:17:18Z] - INFO - Загружаем ключевую дискету c:\DISKET2018\Disk\DISK21
[2018-07-02 14:17:18Z] - INFO - Начинаем преобразование...
[2018-07-02 14:17:27Z] - INFO - Сравниваем до и после преобразования...
[2018-07-02 14:17:32Z] - INFO - Начинаем архивацию...
[2018-07-02 14:17:32Z] - INFO - Подписываем файл архива c:\work\AFN_7106962_MIFNS00_20180702_00002.arj
[2018-07-02 14:17:32Z] - INFO - Загружаем ключевую дискету c:\DISKET2017-1\Disk\DISK2
[2018-07-02 14:17:33Z] - INFO - Начинаем преобразование...
[2018-07-02 14:17:40Z] - INFO - Сравниваем до и после преобразования...
[2018-07-02 14:17:45Z] - INFO - Копируем файл архива AFN_7106962_MIFNS00_20180702_00002.arj в \\tmn-ts-01\440p\Arhive\02072018
[2018-07-02 14:17:45Z] - INFO - Копируем файл архива AFN_7106962_MIFNS00_20180702_00002.arj в l:\PTK PSD\Post\Post
[2018-07-02 14:17:46Z] - INFO - Отправленно всего 11 сообщений
Из них:
Сведения: 2
Выписка: 2
Потверждения: 7

[2018-07-02 14:17:46Z] - INFO - Загружаем исходную ключевую дискету
[2018-07-02 14:17:47Z] - INFO - Конец работы скрипта!
[2018-07-02 14:30:00Z] - INFO - Автоматический режим работы
[2018-07-02 14:30:01Z] - INFO - Файлы отчетности не найдены в каталоге l:\PTK PSD\Post\ELO\OUT
[2018-07-02 14:45:00Z] - INFO - Автоматический режим работы
[2018-07-02 14:45:00Z] - INFO - Файлы отчетности не найдены в каталоге l:\PTK PSD\Post\ELO\OUT
[2018-07-02 15:00:00Z] - INFO - Автоматический режим работы
[2018-07-02 15:00:01Z] - INFO - Файлы отчетности не найдены в каталоге l:\PTK PSD\Post\ELO\OUT
[2018-07-02 15:15:00Z] - INFO - Автоматический режим работы
[2018-07-02 15:15:00Z] - INFO - Файлы отчетности не найдены в каталоге l:\PTK PSD\Post\ELO\OUT
[2018-07-02 15:30:00Z] - INFO - Автоматический режим работы
[2018-07-02 15:30:00Z] - INFO - Файлы отчетности не найдены в каталоге l:\PTK PSD\Post\ELO\OUT
[2018-07-02 15:45:00Z] - INFO - Автоматический режим работы
[2018-07-02 15:45:00Z] - INFO - Файлы отчетности не найдены в каталоге l:\PTK PSD\Post\ELO\OUT
[2018-07-02 16:00:01Z] - INFO - Автоматический режим работы
[2018-07-02 16:00:01Z] - INFO - Файлы отчетности не найдены в каталоге l:\PTK PSD\Post\ELO\OUT
[2018-07-02 16:15:00Z] - INFO - Автоматический режим работы
[2018-07-02 16:15:00Z] - INFO - Файлы отчетности не найдены в каталоге l:\PTK PSD\Post\ELO\OUT
[2018-07-02 16:30:00Z] - INFO - Автоматический режим работы
[2018-07-02 16:30:00Z] - INFO - Файлы отчетности не найдены в каталоге l:\PTK PSD\Post\ELO\OUT
[2018-07-02 16:45:00Z] - INFO - Автоматический режим работы
[2018-07-02 16:45:00Z] - INFO - Файлы отчетности не найдены в каталоге l:\PTK PSD\Post\ELO\OUT
[2018-07-02 17:00:01Z] - INFO - Автоматический режим работы
[2018-07-02 17:00:01Z] - INFO - Файлы отчетности не найдены в каталоге l:\PTK PSD\Post\ELO\OUT
[2018-07-02 17:15:00Z] - INFO - Автоматический режим работы
[2018-07-02 17:15:00Z] - INFO - Файлы отчетности не найдены в каталоге l:\PTK PSD\Post\ELO\OUT
[2018-07-02 17:30:00Z] - INFO - Автоматический режим работы
[2018-07-02 17:30:00Z] - INFO - Файлы отчетности не найдены в каталоге l:\PTK PSD\Post\ELO\OUT
[2018-07-02 17:45:00Z] - INFO - Автоматический режим работы
[2018-07-02 17:45:00Z] - INFO - Файлы отчетности не найдены в каталоге l:\PTK PSD\Post\ELO\OUT
[2018-07-02 18:00:01Z] - INFO - Автоматический режим работы
[2018-07-02 18:00:01Z] - INFO - Файлы отчетности не найдены в каталоге l:\PTK PSD\Post\ELO\OUT
[2018-07-02 18:15:15Z] - INFO - Автоматический режим работы
[2018-07-02 18:15:16Z] - INFO - Файлы отчетности не найдены в каталоге l:\PTK PSD\Post\ELO\OUT
[2018-07-02 18:30:00Z] - INFO - Автоматический режим работы
[2018-07-02 18:30:00Z] - INFO - Файлы отчетности не найдены в каталоге l:\PTK PSD\Post\ELO\OUT
[2018-07-02 18:45:01Z] - INFO - Автоматический режим работы
[2018-07-02 18:45:01Z] - INFO - Файлы отчетности не найдены в каталоге l:\PTK PSD\Post\ELO\OUT
[2018-07-02 19:00:01Z] - INFO - Автоматический режим работы
[2018-07-02 19:00:01Z] - INFO - Файлы отчетности не найдены в каталоге l:\PTK PSD\Post\ELO\OUT
[2018-07-02 19:15:00Z] - INFO - Автоматический режим работы
[2018-07-02 19:15:00Z] - INFO - Файлы отчетности не найдены в каталоге l:\PTK PSD\Post\ELO\OUT
[2018-07-02 19:30:00Z] - INFO - Автоматический режим работы
[2018-07-02 19:30:00Z] - INFO - Файлы отчетности не найдены в каталоге l:\PTK PSD\Post\ELO\OUT
[2018-07-02 19:45:00Z] - INFO - Автоматический режим работы
[2018-07-02 19:45:00Z] - INFO - Файлы отчетности не найдены в каталоге l:\PTK PSD\Post\ELO\OUT
[2018-07-02 20:00:00Z] - INFO - Автоматический режим работы
[2018-07-02 20:00:00Z] - INFO - Файлы отчетности не найдены в каталоге l:\PTK PSD\Post\ELO\OUT
[2018-07-02 20:15:00Z] - INFO - Автоматический режим работы
[2018-07-02 20:15:00Z] - INFO - Файлы отчетности не найдены в каталоге l:\PTK PSD\Post\ELO\OUT
[2018-07-02 20:30:00Z] - INFO - Автоматический режим работы
[2018-07-02 20:30:00Z] - INFO - Файлы отчетности не найдены в каталоге l:\PTK PSD\Post\ELO\OUT
[2018-07-02 20:45:00Z] - INFO - Автоматический режим работы
[2018-07-02 20:45:00Z] - INFO - Файлы отчетности не найдены в каталоге l:\PTK PSD\Post\ELO\OUT
[2018-07-02 21:00:00Z] - INFO - Автоматический режим работы
[2018-07-02 21:00:00Z] - INFO - Файлы отчетности не найдены в каталоге l:\PTK PSD\Post\ELO\OUT
[2018-07-02 21:15:00Z] - INFO - Автоматический режим работы
[2018-07-02 21:15:00Z] - INFO - Файлы отчетности не найдены в каталоге l:\PTK PSD\Post\ELO\OUT
[2018-07-02 21:30:00Z] - INFO - Автоматический режим работы
[2018-07-02 21:30:00Z] - INFO - Файлы отчетности не найдены в каталоге l:\PTK PSD\Post\ELO\OUT
[2018-07-02 21:45:00Z] - INFO - Автоматический режим работы
[2018-07-02 21:45:00Z] - INFO - Файлы отчетности не найдены в каталоге l:\PTK PSD\Post\ELO\OUT
[2018-07-02 22:00:00Z] - INFO - Автоматический режим работы
[2018-07-02 22:00:00Z] - INFO - Файлы отчетности не найдены в каталоге l:\PTK PSD\Post\ELO\OUT
[2018-07-02 22:15:00Z] - INFO - Автоматический режим работы
[2018-07-02 22:15:00Z] - INFO - Файлы отчетности не найдены в каталоге l:\PTK PSD\Post\ELO\OUT
[2018-07-02 22:30:00Z] - INFO - Автоматический режим работы
[2018-07-02 22:30:00Z] - INFO - Файлы отчетности не найдены в каталоге l:\PTK PSD\Post\ELO\OUT
[2018-07-02 22:45:00Z] - INFO - Автоматический режим работы
[2018-07-02 22:45:00Z] - INFO - Файлы отчетности не найдены в каталоге l:\PTK PSD\Post\ELO\OUT
[2018-07-02 23:00:00Z] - INFO - Автоматический режим работы
[2018-07-02 23:00:00Z] - INFO - Файлы отчетности не найдены в каталоге l:\PTK PSD\Post\ELO\OUT
[2018-07-02 23:15:00Z] - INFO - Автоматический режим работы
[2018-07-02 23:15:00Z] - INFO - Файлы отчетности не найдены в каталоге l:\PTK PSD\Post\ELO\OUT
[2018-07-02 23:30:00Z] - INFO - Автоматический режим работы
[2018-07-02 23:30:00Z] - INFO - Файлы отчетности не найдены в каталоге l:\PTK PSD\Post\ELO\OUT
[2018-07-02 23:45:09Z] - INFO - Автоматический режим работы
[2018-07-02 23:45:09Z] - INFO - Файлы отчетности не найдены в каталоге l:\PTK PSD\Post\ELO\OUT
