[2018-08-02 00:00:10Z] - INFO - Автоматический режим работы
[2018-08-02 00:00:10Z] - INFO - Файлы отчетности не найдены в каталоге l:\PTK PSD\Post\ELO\OUT
[2018-08-02 00:15:00Z] - INFO - Автоматический режим работы
[2018-08-02 00:15:00Z] - INFO - Файлы отчетности не найдены в каталоге l:\PTK PSD\Post\ELO\OUT
[2018-08-02 00:30:00Z] - INFO - Автоматический режим работы
[2018-08-02 00:30:00Z] - INFO - Файлы отчетности не найдены в каталоге l:\PTK PSD\Post\ELO\OUT
[2018-08-02 00:45:00Z] - INFO - Автоматический режим работы
[2018-08-02 00:45:00Z] - INFO - Файлы отчетности не найдены в каталоге l:\PTK PSD\Post\ELO\OUT
[2018-08-02 01:00:00Z] - INFO - Автоматический режим работы
[2018-08-02 01:00:00Z] - INFO - Файлы отчетности не найдены в каталоге l:\PTK PSD\Post\ELO\OUT
[2018-08-02 01:15:00Z] - INFO - Автоматический режим работы
[2018-08-02 01:15:00Z] - INFO - Файлы отчетности не найдены в каталоге l:\PTK PSD\Post\ELO\OUT
[2018-08-02 01:30:00Z] - INFO - Автоматический режим работы
[2018-08-02 01:30:00Z] - INFO - Файлы отчетности не найдены в каталоге l:\PTK PSD\Post\ELO\OUT
[2018-08-02 01:45:00Z] - INFO - Автоматический режим работы
[2018-08-02 01:45:00Z] - INFO - Файлы отчетности не найдены в каталоге l:\PTK PSD\Post\ELO\OUT
[2018-08-02 02:00:00Z] - INFO - Автоматический режим работы
[2018-08-02 02:00:00Z] - INFO - Файлы отчетности не найдены в каталоге l:\PTK PSD\Post\ELO\OUT
[2018-08-02 02:15:00Z] - INFO - Автоматический режим работы
[2018-08-02 02:15:00Z] - INFO - Файлы отчетности не найдены в каталоге l:\PTK PSD\Post\ELO\OUT
[2018-08-02 02:30:00Z] - INFO - Автоматический режим работы
[2018-08-02 02:30:00Z] - INFO - Файлы отчетности не найдены в каталоге l:\PTK PSD\Post\ELO\OUT
[2018-08-02 02:45:00Z] - INFO - Автоматический режим работы
[2018-08-02 02:45:00Z] - INFO - Файлы отчетности не найдены в каталоге l:\PTK PSD\Post\ELO\OUT
[2018-08-02 03:00:00Z] - INFO - Автоматический режим работы
[2018-08-02 03:00:00Z] - INFO - Файлы отчетности не найдены в каталоге l:\PTK PSD\Post\ELO\OUT
[2018-08-02 03:15:00Z] - INFO - Автоматический режим работы
[2018-08-02 03:15:00Z] - INFO - Файлы отчетности не найдены в каталоге l:\PTK PSD\Post\ELO\OUT
[2018-08-02 03:30:00Z] - INFO - Автоматический режим работы
[2018-08-02 03:30:00Z] - INFO - Файлы отчетности не найдены в каталоге l:\PTK PSD\Post\ELO\OUT
[2018-08-02 03:45:00Z] - INFO - Автоматический режим работы
[2018-08-02 03:45:00Z] - INFO - Файлы отчетности не найдены в каталоге l:\PTK PSD\Post\ELO\OUT
[2018-08-02 04:00:00Z] - INFO - Автоматический режим работы
[2018-08-02 04:00:00Z] - INFO - Файлы отчетности не найдены в каталоге l:\PTK PSD\Post\ELO\OUT
[2018-08-02 04:15:00Z] - INFO - Автоматический режим работы
[2018-08-02 04:15:00Z] - INFO - Файлы отчетности не найдены в каталоге l:\PTK PSD\Post\ELO\OUT
[2018-08-02 04:30:00Z] - INFO - Автоматический режим работы
[2018-08-02 04:30:00Z] - INFO - Файлы отчетности не найдены в каталоге l:\PTK PSD\Post\ELO\OUT
[2018-08-02 04:45:00Z] - INFO - Автоматический режим работы
[2018-08-02 04:45:00Z] - INFO - Файлы отчетности не найдены в каталоге l:\PTK PSD\Post\ELO\OUT
[2018-08-02 05:00:00Z] - INFO - Автоматический режим работы
[2018-08-02 05:00:00Z] - INFO - Файлы отчетности не найдены в каталоге l:\PTK PSD\Post\ELO\OUT
[2018-08-02 05:15:00Z] - INFO - Автоматический режим работы
[2018-08-02 05:15:00Z] - INFO - Файлы отчетности не найдены в каталоге l:\PTK PSD\Post\ELO\OUT
[2018-08-02 05:30:00Z] - INFO - Автоматический режим работы
[2018-08-02 05:30:00Z] - INFO - Файлы отчетности не найдены в каталоге l:\PTK PSD\Post\ELO\OUT
[2018-08-02 05:45:00Z] - INFO - Автоматический режим работы
[2018-08-02 05:45:00Z] - INFO - Файлы отчетности не найдены в каталоге l:\PTK PSD\Post\ELO\OUT
[2018-08-02 06:00:00Z] - INFO - Автоматический режим работы
[2018-08-02 06:00:00Z] - INFO - Файлы отчетности не найдены в каталоге l:\PTK PSD\Post\ELO\OUT
[2018-08-02 06:15:00Z] - INFO - Автоматический режим работы
[2018-08-02 06:15:00Z] - INFO - Файлы отчетности не найдены в каталоге l:\PTK PSD\Post\ELO\OUT
[2018-08-02 06:30:00Z] - INFO - Автоматический режим работы
[2018-08-02 06:30:00Z] - INFO - Файлы отчетности не найдены в каталоге l:\PTK PSD\Post\ELO\OUT
[2018-08-02 06:45:00Z] - INFO - Автоматический режим работы
[2018-08-02 06:45:00Z] - INFO - Файлы отчетности не найдены в каталоге l:\PTK PSD\Post\ELO\OUT
[2018-08-02 07:00:00Z] - INFO - Автоматический режим работы
[2018-08-02 07:00:00Z] - INFO - Файлы отчетности не найдены в каталоге l:\PTK PSD\Post\ELO\OUT
[2018-08-02 07:15:00Z] - INFO - Автоматический режим работы
[2018-08-02 07:15:00Z] - INFO - Файлы отчетности не найдены в каталоге l:\PTK PSD\Post\ELO\OUT
[2018-08-02 07:30:00Z] - INFO - Автоматический режим работы
[2018-08-02 07:30:00Z] - INFO - Файлы отчетности не найдены в каталоге l:\PTK PSD\Post\ELO\OUT
[2018-08-02 07:45:00Z] - INFO - Автоматический режим работы
[2018-08-02 07:45:00Z] - INFO - Файлы отчетности не найдены в каталоге l:\PTK PSD\Post\ELO\OUT
[2018-08-02 08:00:00Z] - INFO - Автоматический режим работы
[2018-08-02 08:00:00Z] - INFO - Файлы отчетности не найдены в каталоге l:\PTK PSD\Post\ELO\OUT
[2018-08-02 08:15:00Z] - INFO - Автоматический режим работы
[2018-08-02 08:15:00Z] - INFO - Файлы отчетности не найдены в каталоге l:\PTK PSD\Post\ELO\OUT
[2018-08-02 08:30:00Z] - INFO - Автоматический режим работы
[2018-08-02 08:30:00Z] - INFO - Файлы отчетности не найдены в каталоге l:\PTK PSD\Post\ELO\OUT
[2018-08-02 08:45:00Z] - INFO - Автоматический режим работы
[2018-08-02 08:45:00Z] - INFO - Файлы отчетности не найдены в каталоге l:\PTK PSD\Post\ELO\OUT
[2018-08-02 09:00:01Z] - INFO - Автоматический режим работы
[2018-08-02 09:00:01Z] - INFO - Файлы отчетности не найдены в каталоге l:\PTK PSD\Post\ELO\OUT
[2018-08-02 09:15:00Z] - INFO - Автоматический режим работы
[2018-08-02 09:15:00Z] - INFO - Файлы отчетности не найдены в каталоге l:\PTK PSD\Post\ELO\OUT
[2018-08-02 09:30:00Z] - INFO - Автоматический режим работы
[2018-08-02 09:30:00Z] - INFO - Файлы отчетности не найдены в каталоге l:\PTK PSD\Post\ELO\OUT
[2018-08-02 09:45:00Z] - INFO - Автоматический режим работы
[2018-08-02 09:45:00Z] - INFO - Файлы отчетности не найдены в каталоге l:\PTK PSD\Post\ELO\OUT
[2018-08-02 10:00:01Z] - INFO - Автоматический режим работы
[2018-08-02 10:00:01Z] - INFO - Файлы отчетности не найдены в каталоге l:\PTK PSD\Post\ELO\OUT
[2018-08-02 10:15:00Z] - INFO - Автоматический режим работы
[2018-08-02 10:15:00Z] - INFO - Файлы отчетности не найдены в каталоге l:\PTK PSD\Post\ELO\OUT
[2018-08-02 10:30:00Z] - INFO - Автоматический режим работы
[2018-08-02 10:30:00Z] - INFO - Файлы отчетности не найдены в каталоге l:\PTK PSD\Post\ELO\OUT
[2018-08-02 10:45:00Z] - INFO - Автоматический режим работы
[2018-08-02 10:45:00Z] - INFO - Файлы отчетности не найдены в каталоге l:\PTK PSD\Post\ELO\OUT
[2018-08-02 11:00:01Z] - INFO - Автоматический режим работы
[2018-08-02 11:00:01Z] - INFO - Файлы отчетности не найдены в каталоге l:\PTK PSD\Post\ELO\OUT
[2018-08-02 11:15:00Z] - INFO - Автоматический режим работы
[2018-08-02 11:15:00Z] - INFO - Файлы отчетности не найдены в каталоге l:\PTK PSD\Post\ELO\OUT
[2018-08-02 11:30:00Z] - INFO - Автоматический режим работы
[2018-08-02 11:30:00Z] - INFO - Файлы отчетности не найдены в каталоге l:\PTK PSD\Post\ELO\OUT
[2018-08-02 11:45:00Z] - INFO - Автоматический режим работы
[2018-08-02 11:45:00Z] - INFO - Файлы отчетности не найдены в каталоге l:\PTK PSD\Post\ELO\OUT
[2018-08-02 12:00:00Z] - INFO - Автоматический режим работы
[2018-08-02 12:00:00Z] - INFO - Файлы отчетности не найдены в каталоге l:\PTK PSD\Post\ELO\OUT
[2018-08-02 12:15:00Z] - INFO - Автоматический режим работы
[2018-08-02 12:15:00Z] - INFO - Файлы отчетности не найдены в каталоге l:\PTK PSD\Post\ELO\OUT
[2018-08-02 12:30:00Z] - INFO - Автоматический режим работы
[2018-08-02 12:30:33Z] - INFO - Начат автоматический приём по форме 440П 02.08.2018 12:30:00
[2018-08-02 12:30:34Z] - INFO - Копируем файл AFN_MIFNS00_7106962_20180801_00004.ARJ
[2018-08-02 12:30:34Z] - INFO - Сохраняем текущею ключевую дискету
[2018-08-02 12:30:35Z] - INFO - Копирование файлов в архив \\tmn-ts-01\440p\Arhive\02082018
[2018-08-02 12:30:35Z] - INFO - Выполнение операции "Копирование файла" над целевым объектом "Элемент: C:\work\
AFN_MIFNS00_7106962_20180801_00004.ARJ Назначение: \\tmn-ts-01\440p\Arhive\0208
2018\AFN_MIFNS00_7106962_20180801_00004.ARJ".

[2018-08-02 12:30:35Z] - INFO - Снимаем подпись с arj-архивов
[2018-08-02 12:30:35Z] - INFO - Загружаем ключевую дискету C:\DISKET2018\disk\disk22
[2018-08-02 12:30:36Z] - INFO - Начинаем преобразование...
[2018-08-02 12:30:41Z] - INFO - Сравниваем до и после преобразования...
[2018-08-02 12:30:46Z] - INFO - Начинаем разархивацию...
[2018-08-02 12:30:46Z] - INFO - Разархивация файла C:\work\AFN_MIFNS00_7106962_20180801_00004.ARJ
[2018-08-02 12:30:47Z] - INFO - Расшифровываем vrb-файлы
[2018-08-02 12:30:47Z] - INFO - Загружаем ключевую дискету c:\DISKET2018\Disk\DISK21
[2018-08-02 12:30:48Z] - INFO - Начинаем преобразование...
[2018-08-02 12:30:53Z] - INFO - Сравниваем до и после преобразования...
[2018-08-02 12:30:58Z] - INFO - Переименовываем файлы в xml
[2018-08-02 12:30:58Z] - INFO - Снимаем подпись с xml-файлов
[2018-08-02 12:30:58Z] - INFO - Загружаем ключевую дискету C:\DISKET2018\disk\disk22
[2018-08-02 12:30:59Z] - INFO - Начинаем преобразование...
[2018-08-02 12:31:04Z] - INFO - Сравниваем до и после преобразования...
[2018-08-02 12:31:09Z] - INFO - Форматируем xml-файлы
[2018-08-02 12:31:44Z] - INFO - Пришло всего 1 сообщений
Из них:
Решения: 1

[2018-08-02 12:31:44Z] - INFO - Удаляем файл l:\PTK PSD\Post\ELO\OUT\AFN_MIFNS00_7106962_20180801_00004.ARJ
[2018-08-02 12:31:44Z] - INFO - Загружаем исходную ключевую дискету
[2018-08-02 12:31:45Z] - INFO - Конец работы скрипта!
[2018-08-02 12:45:00Z] - INFO - Автоматический режим работы
[2018-08-02 12:45:00Z] - INFO - Файлы отчетности не найдены в каталоге l:\PTK PSD\Post\ELO\OUT
[2018-08-02 13:00:01Z] - INFO - Автоматический режим работы
[2018-08-02 13:00:32Z] - INFO - Начат автоматический приём по форме 440П 02.08.2018 13:00:01
[2018-08-02 13:00:33Z] - INFO - Копируем файл AFN_MIFNS00_7106962_20180801_00003.ARJ
[2018-08-02 13:00:33Z] - INFO - Копируем файл AFN_MIFNS00_7106962_20180801_00005.ARJ
[2018-08-02 13:00:33Z] - INFO - Копируем файл AFN_MIFNS00_7106962_20180801_00006.ARJ
[2018-08-02 13:00:33Z] - INFO - Копируем файл AFN_MIFNS00_7106962_20180801_00007.ARJ
[2018-08-02 13:00:33Z] - INFO - Копируем файл AFN_MIFNS00_7106962_20180802_00001.ARJ
[2018-08-02 13:00:33Z] - INFO - Сохраняем текущею ключевую дискету
[2018-08-02 13:00:34Z] - INFO - Копирование файлов в архив \\tmn-ts-01\440p\Arhive\02082018
[2018-08-02 13:00:35Z] - INFO - Выполнение операции "Копирование файла" над целевым объектом "Элемент: C:\work\
AFN_MIFNS00_7106962_20180801_00003.ARJ Назначение: \\tmn-ts-01\440p\Arhive\0208
2018\AFN_MIFNS00_7106962_20180801_00003.ARJ".
Выполнение операции "Копирование файла" над целевым объектом "Элемент: C:\work\
AFN_MIFNS00_7106962_20180801_00005.ARJ Назначение: \\tmn-ts-01\440p\Arhive\0208
2018\AFN_MIFNS00_7106962_20180801_00005.ARJ".
Выполнение операции "Копирование файла" над целевым объектом "Элемент: C:\work\
AFN_MIFNS00_7106962_20180801_00006.ARJ Назначение: \\tmn-ts-01\440p\Arhive\0208
2018\AFN_MIFNS00_7106962_20180801_00006.ARJ".
Выполнение операции "Копирование файла" над целевым объектом "Элемент: C:\work\
AFN_MIFNS00_7106962_20180801_00007.ARJ Назначение: \\tmn-ts-01\440p\Arhive\0208
2018\AFN_MIFNS00_7106962_20180801_00007.ARJ".
Выполнение операции "Копирование файла" над целевым объектом "Элемент: C:\work\
AFN_MIFNS00_7106962_20180802_00001.ARJ Назначение: \\tmn-ts-01\440p\Arhive\0208
2018\AFN_MIFNS00_7106962_20180802_00001.ARJ".

[2018-08-02 13:00:35Z] - INFO - Снимаем подпись с arj-архивов
[2018-08-02 13:00:35Z] - INFO - Загружаем ключевую дискету C:\DISKET2018\disk\disk22
[2018-08-02 13:00:35Z] - INFO - Начинаем преобразование...
[2018-08-02 13:00:40Z] - INFO - Сравниваем до и после преобразования...
[2018-08-02 13:00:45Z] - INFO - Начинаем разархивацию...
[2018-08-02 13:00:45Z] - INFO - Разархивация файла C:\work\AFN_MIFNS00_7106962_20180801_00003.ARJ
[2018-08-02 13:00:46Z] - INFO - Разархивация файла C:\work\AFN_MIFNS00_7106962_20180801_00005.ARJ
[2018-08-02 13:00:47Z] - INFO - Разархивация файла C:\work\AFN_MIFNS00_7106962_20180801_00006.ARJ
[2018-08-02 13:00:48Z] - INFO - Разархивация файла C:\work\AFN_MIFNS00_7106962_20180801_00007.ARJ
[2018-08-02 13:00:50Z] - INFO - Разархивация файла C:\work\AFN_MIFNS00_7106962_20180802_00001.ARJ
[2018-08-02 13:00:51Z] - INFO - Расшифровываем vrb-файлы
[2018-08-02 13:00:51Z] - INFO - Загружаем ключевую дискету c:\DISKET2018\Disk\DISK21
[2018-08-02 13:00:52Z] - INFO - Начинаем преобразование...
[2018-08-02 13:00:57Z] - INFO - Сравниваем до и после преобразования...
[2018-08-02 13:01:02Z] - INFO - Переименовываем файлы в xml
[2018-08-02 13:01:02Z] - INFO - Снимаем подпись с xml-файлов
[2018-08-02 13:01:02Z] - INFO - Загружаем ключевую дискету C:\DISKET2018\disk\disk22
[2018-08-02 13:01:03Z] - INFO - Начинаем преобразование...
[2018-08-02 13:01:09Z] - INFO - Сравниваем до и после преобразования...
[2018-08-02 13:01:19Z] - INFO - Форматируем xml-файлы
[2018-08-02 13:01:20Z] - INFO - Пришли подтверждения
[2018-08-02 13:01:52Z] - INFO - Пришли успешные подтверждения - 96 шт.
Потверждения находятся в каталоге \\tmn-ts-01\440p\ack\02082018


[2018-08-02 13:02:42Z] - INFO - Пришло всего 9 сообщений
Из них:
Решения: 2
Поручения: 7

[2018-08-02 13:02:44Z] - INFO - Удаляем файл l:\PTK PSD\Post\ELO\OUT\AFN_MIFNS00_7106962_20180801_00003.ARJ
[2018-08-02 13:02:44Z] - INFO - Удаляем файл l:\PTK PSD\Post\ELO\OUT\AFN_MIFNS00_7106962_20180801_00005.ARJ
[2018-08-02 13:02:44Z] - INFO - Удаляем файл l:\PTK PSD\Post\ELO\OUT\AFN_MIFNS00_7106962_20180801_00006.ARJ
[2018-08-02 13:02:44Z] - INFO - Удаляем файл l:\PTK PSD\Post\ELO\OUT\AFN_MIFNS00_7106962_20180801_00007.ARJ
[2018-08-02 13:02:44Z] - INFO - Удаляем файл l:\PTK PSD\Post\ELO\OUT\AFN_MIFNS00_7106962_20180802_00001.ARJ
[2018-08-02 13:02:44Z] - INFO - Загружаем исходную ключевую дискету
[2018-08-02 13:02:45Z] - INFO - Конец работы скрипта!
[2018-08-02 13:15:00Z] - INFO - Автоматический режим работы
[2018-08-02 13:15:00Z] - INFO - Файлы отчетности не найдены в каталоге l:\PTK PSD\Post\ELO\OUT
[2018-08-02 13:30:00Z] - INFO - Автоматический режим работы
[2018-08-02 13:30:00Z] - INFO - Файлы отчетности не найдены в каталоге l:\PTK PSD\Post\ELO\OUT
[2018-08-02 13:45:00Z] - INFO - Автоматический режим работы
[2018-08-02 13:45:00Z] - INFO - Файлы отчетности не найдены в каталоге l:\PTK PSD\Post\ELO\OUT
[2018-08-02 14:00:01Z] - INFO - Автоматический режим работы
[2018-08-02 14:00:01Z] - INFO - Файлы отчетности не найдены в каталоге l:\PTK PSD\Post\ELO\OUT
[2018-08-02 14:15:00Z] - INFO - Автоматический режим работы
[2018-08-02 14:15:00Z] - INFO - Файлы отчетности не найдены в каталоге l:\PTK PSD\Post\ELO\OUT
[2018-08-02 14:30:00Z] - INFO - Автоматический режим работы
[2018-08-02 14:30:32Z] - INFO - Начат автоматический приём по форме 440П 02.08.2018 14:30:00
[2018-08-02 14:30:33Z] - INFO - Копируем файл AFN_MIFNS00_7106962_20180802_00002.ARJ
[2018-08-02 14:30:33Z] - INFO - Сохраняем текущею ключевую дискету
[2018-08-02 14:30:34Z] - INFO - Копирование файлов в архив \\tmn-ts-01\440p\Arhive\02082018
[2018-08-02 14:30:34Z] - INFO - Выполнение операции "Копирование файла" над целевым объектом "Элемент: C:\work\
AFN_MIFNS00_7106962_20180802_00002.ARJ Назначение: \\tmn-ts-01\440p\Arhive\0208
2018\AFN_MIFNS00_7106962_20180802_00002.ARJ".

[2018-08-02 14:30:34Z] - INFO - Снимаем подпись с arj-архивов
[2018-08-02 14:30:34Z] - INFO - Загружаем ключевую дискету C:\DISKET2018\disk\disk22
[2018-08-02 14:30:34Z] - INFO - Начинаем преобразование...
[2018-08-02 14:30:39Z] - INFO - Сравниваем до и после преобразования...
[2018-08-02 14:30:44Z] - INFO - Начинаем разархивацию...
[2018-08-02 14:30:44Z] - INFO - Разархивация файла C:\work\AFN_MIFNS00_7106962_20180802_00002.ARJ
[2018-08-02 14:30:45Z] - INFO - Расшифровываем vrb-файлы
[2018-08-02 14:30:45Z] - INFO - Загружаем ключевую дискету c:\DISKET2018\Disk\DISK21
[2018-08-02 14:30:47Z] - INFO - Начинаем преобразование...
[2018-08-02 14:30:52Z] - INFO - Сравниваем до и после преобразования...
[2018-08-02 14:30:57Z] - INFO - Переименовываем файлы в xml
[2018-08-02 14:30:57Z] - INFO - Снимаем подпись с xml-файлов
[2018-08-02 14:30:57Z] - INFO - Загружаем ключевую дискету C:\DISKET2018\disk\disk22
[2018-08-02 14:30:58Z] - INFO - Начинаем преобразование...
[2018-08-02 14:31:03Z] - INFO - Сравниваем до и после преобразования...
[2018-08-02 14:31:08Z] - INFO - Форматируем xml-файлы
[2018-08-02 14:31:42Z] - INFO - Пришло всего 7 сообщений
Из них:
Решения: 7

[2018-08-02 14:31:44Z] - INFO - Удаляем файл l:\PTK PSD\Post\ELO\OUT\AFN_MIFNS00_7106962_20180802_00002.ARJ
[2018-08-02 14:31:44Z] - INFO - Загружаем исходную ключевую дискету
[2018-08-02 14:31:45Z] - INFO - Конец работы скрипта!
[2018-08-02 14:45:10Z] - INFO - Автоматический режим работы
[2018-08-02 14:45:10Z] - INFO - Файлы отчетности не найдены в каталоге l:\PTK PSD\Post\ELO\OUT
[2018-08-02 15:00:01Z] - INFO - Автоматический режим работы
[2018-08-02 15:00:01Z] - INFO - Файлы отчетности не найдены в каталоге l:\PTK PSD\Post\ELO\OUT
[2018-08-02 15:15:00Z] - INFO - Автоматический режим работы
[2018-08-02 15:15:00Z] - INFO - Файлы отчетности не найдены в каталоге l:\PTK PSD\Post\ELO\OUT
[2018-08-02 15:30:00Z] - INFO - Автоматический режим работы
[2018-08-02 15:30:00Z] - INFO - Файлы отчетности не найдены в каталоге l:\PTK PSD\Post\ELO\OUT
[2018-08-02 15:30:16Z] - INFO - Обработка отчетности - 440out
[2018-08-02 15:30:16Z] - WARN - Автоматическое копирование в папку c:\work произведено не было!
[2018-08-02 15:30:17Z] - INFO - Сохраняем текущею ключевую дискету
[2018-08-02 15:30:18Z] - INFO - Выполнение операции "Копирование файла" над целевым объектом "Элемент: C:\work\BNP1_PNO17106962_720320180725_003040_201
80802_0002.xml Назначение: \\tmn-ts-01\440p\Arhive\02082018\BNP1_PNO17106962_720320180725_003040_20180802_0002.xml".
Выполнение операции "Копирование файла" над целевым объектом "Элемент: C:\work\BNP1_PNO17106962_720320180725_003041_201
80802_0002.xml Назначение: \\tmn-ts-01\440p\Arhive\02082018\BNP1_PNO17106962_720320180725_003041_20180802_0002.xml".
Выполнение операции "Копирование файла" над целевым объектом "Элемент: C:\work\BNP1_PNO17106962_720320180725_003042_201
80802_0002.xml Назначение: \\tmn-ts-01\440p\Arhive\02082018\BNP1_PNO17106962_720320180725_003042_20180802_0002.xml".
Выполнение операции "Копирование файла" над целевым объектом "Элемент: C:\work\BNP1_PNO17106962_720320180725_003043_201
80802_0002.xml Назначение: \\tmn-ts-01\440p\Arhive\02082018\BNP1_PNO17106962_720320180725_003043_20180802_0002.xml".
Выполнение операции "Копирование файла" над целевым объектом "Элемент: C:\work\BNP1_PNO17106962_720320180725_003044_201
80802_0002.xml Назначение: \\tmn-ts-01\440p\Arhive\02082018\BNP1_PNO17106962_720320180725_003044_20180802_0002.xml".
Выполнение операции "Копирование файла" над целевым объектом "Элемент: C:\work\BNP1_PNO17106962_720320180725_003045_201
80802_0002.xml Назначение: \\tmn-ts-01\440p\Arhive\02082018\BNP1_PNO17106962_720320180725_003045_20180802_0002.xml".
Выполнение операции "Копирование файла" над целевым объектом "Элемент: C:\work\BNP1_PNO17106962_720320180725_003046_201
80802_0002.xml Назначение: \\tmn-ts-01\440p\Arhive\02082018\BNP1_PNO17106962_720320180725_003046_20180802_0002.xml".
Выполнение операции "Копирование файла" над целевым объектом "Элемент: C:\work\BNP1_PNO17106962_720320180725_003047_201
80802_0002.xml Назначение: \\tmn-ts-01\440p\Arhive\02082018\BNP1_PNO17106962_720320180725_003047_20180802_0002.xml".
Выполнение операции "Копирование файла" над целевым объектом "Элемент: C:\work\BNP1_PNO17106962_720320180725_003048_201
80802_0002.xml Назначение: \\tmn-ts-01\440p\Arhive\02082018\BNP1_PNO17106962_720320180725_003048_20180802_0002.xml".
Выполнение операции "Копирование файла" над целевым объектом "Элемент: C:\work\BNP1_PNO17106962_720320180726_004710_201
80802_0002.xml Назначение: \\tmn-ts-01\440p\Arhive\02082018\BNP1_PNO17106962_720320180726_004710_20180802_0002.xml".
Выполнение операции "Копирование файла" над целевым объектом "Элемент: C:\work\BNP1_PNO17106962_720320180726_004711_201
80802_0002.xml Назначение: \\tmn-ts-01\440p\Arhive\02082018\BNP1_PNO17106962_720320180726_004711_20180802_0002.xml".
Выполнение операции "Копирование файла" над целевым объектом "Элемент: C:\work\BNP1_PNO17106962_720520180725_000177_201
80802_0002.xml Назначение: \\tmn-ts-01\440p\Arhive\02082018\BNP1_PNO17106962_720520180725_000177_20180802_0002.xml".
Выполнение операции "Копирование файла" над целевым объектом "Элемент: C:\work\BNP1_PNO17106962_720520180725_000307_201
80802_0002.xml Назначение: \\tmn-ts-01\440p\Arhive\02082018\BNP1_PNO17106962_720520180725_000307_20180802_0002.xml".
Выполнение операции "Копирование файла" над целевым объектом "Элемент: C:\work\BNP1_PNO17106962_720520180725_000308_201
80802_0002.xml Назначение: \\tmn-ts-01\440p\Arhive\02082018\BNP1_PNO17106962_720520180725_000308_20180802_0002.xml".
Выполнение операции "Копирование файла" над целевым объектом "Элемент: C:\work\BNP1_PNO17106962_720520180725_000309_201
80802_0002.xml Назначение: \\tmn-ts-01\440p\Arhive\02082018\BNP1_PNO17106962_720520180725_000309_20180802_0002.xml".
Выполнение операции "Копирование файла" над целевым объектом "Элемент: C:\work\BNP1_PNO17106962_720520180725_000310_201
80802_0002.xml Назначение: \\tmn-ts-01\440p\Arhive\02082018\BNP1_PNO17106962_720520180725_000310_20180802_0002.xml".
Выполнение операции "Копирование файла" над целевым объектом "Элемент: C:\work\BNP1_PNO17106962_860320180731_001764_201
80802_0002.xml Назначение: \\tmn-ts-01\440p\Arhive\02082018\BNP1_PNO17106962_860320180731_001764_20180802_0002.xml".
Выполнение операции "Копирование файла" над целевым объектом "Элемент: C:\work\BNP1_PNO17106962_890320180726_000061_201
80802_0002.xml Назначение: \\tmn-ts-01\440p\Arhive\02082018\BNP1_PNO17106962_890320180726_000061_20180802_0002.xml".
Выполнение операции "Копирование файла" над целевым объектом "Элемент: C:\work\BNP1_PNO17106962_890320180726_000062_201
80802_0002.xml Назначение: \\tmn-ts-01\440p\Arhive\02082018\BNP1_PNO17106962_890320180726_000062_20180802_0002.xml".
Выполнение операции "Копирование файла" над целевым объектом "Элемент: C:\work\BNP1_PNO17106962_890320180726_000063_201
80802_0002.xml Назначение: \\tmn-ts-01\440p\Arhive\02082018\BNP1_PNO17106962_890320180726_000063_20180802_0002.xml".
Выполнение операции "Копирование файла" над целевым объектом "Элемент: C:\work\BNP1_PNO17106962_890320180726_000064_201
80802_0002.xml Назначение: \\tmn-ts-01\440p\Arhive\02082018\BNP1_PNO17106962_890320180726_000064_20180802_0002.xml".
Выполнение операции "Копирование файла" над целевым объектом "Элемент: C:\work\BNP1_PNO17106962_890320180726_000065_201
80802_0002.xml Назначение: \\tmn-ts-01\440p\Arhive\02082018\BNP1_PNO17106962_890320180726_000065_20180802_0002.xml".
Выполнение операции "Копирование файла" над целевым объектом "Элемент: C:\work\BNP1_PNO17106962_890320180726_000066_201
80802_0002.xml Назначение: \\tmn-ts-01\440p\Arhive\02082018\BNP1_PNO17106962_890320180726_000066_20180802_0002.xml".
Выполнение операции "Копирование файла" над целевым объектом "Элемент: C:\work\BNP1_PNO17106962_890320180726_000067_201
80802_0002.xml Назначение: \\tmn-ts-01\440p\Arhive\02082018\BNP1_PNO17106962_890320180726_000067_20180802_0002.xml".
Выполнение операции "Копирование файла" над целевым объектом "Элемент: C:\work\BNP1_PNO17106962_890320180726_000068_201
80802_0002.xml Назначение: \\tmn-ts-01\440p\Arhive\02082018\BNP1_PNO17106962_890320180726_000068_20180802_0002.xml".
Выполнение операции "Копирование файла" над целевым объектом "Элемент: C:\work\BNP1_PNO17106962_890320180726_000069_201
80802_0002.xml Назначение: \\tmn-ts-01\440p\Arhive\02082018\BNP1_PNO17106962_890320180726_000069_20180802_0002.xml".
Выполнение операции "Копирование файла" над целевым объектом "Элемент: C:\work\BNP1_PNO17106962_890320180726_000070_201
80802_0002.xml Назначение: \\tmn-ts-01\440p\Arhive\02082018\BNP1_PNO17106962_890320180726_000070_20180802_0002.xml".
Выполнение операции "Копирование файла" над целевым объектом "Элемент: C:\work\BNP1_PNO17106962_890320180726_000071_201
80802_0002.xml Назначение: \\tmn-ts-01\440p\Arhive\02082018\BNP1_PNO17106962_890320180726_000071_20180802_0002.xml".
Выполнение операции "Копирование файла" над целевым объектом "Элемент: C:\work\BNP1_PNO17106962_890320180726_000072_201
80802_0002.xml Назначение: \\tmn-ts-01\440p\Arhive\02082018\BNP1_PNO17106962_890320180726_000072_20180802_0002.xml".
Выполнение операции "Копирование файла" над целевым объектом "Элемент: C:\work\BNP1_PNO17106962_890320180726_000073_201
80802_0002.xml Назначение: \\tmn-ts-01\440p\Arhive\02082018\BNP1_PNO17106962_890320180726_000073_20180802_0002.xml".
Выполнение операции "Копирование файла" над целевым объектом "Элемент: C:\work\BNP1_PNO17106962_890320180726_000074_201
80802_0002.xml Назначение: \\tmn-ts-01\440p\Arhive\02082018\BNP1_PNO17106962_890320180726_000074_20180802_0002.xml".
Выполнение операции "Копирование файла" над целевым объектом "Элемент: C:\work\BNP1_PNO17106962_890320180726_000075_201
80802_0002.xml Назначение: \\tmn-ts-01\440p\Arhive\02082018\BNP1_PNO17106962_890320180726_000075_20180802_0002.xml".
Выполнение операции "Копирование файла" над целевым объектом "Элемент: C:\work\BNP1_PNO17106962_890320180726_000076_201
80802_0002.xml Назначение: \\tmn-ts-01\440p\Arhive\02082018\BNP1_PNO17106962_890320180726_000076_20180802_0002.xml".
Выполнение операции "Копирование файла" над целевым объектом "Элемент: C:\work\BNP1_PNO17106962_890520180731_000020_201
80802_0002.xml Назначение: \\tmn-ts-01\440p\Arhive\02082018\BNP1_PNO17106962_890520180731_000020_20180802_0002.xml".
Выполнение операции "Копирование файла" над целевым объектом "Элемент: C:\work\BOS1_RPO17106962_720320180801_000412_201
80802_0002.xml Назначение: \\tmn-ts-01\440p\Arhive\02082018\BOS1_RPO17106962_720320180801_000412_20180802_0002.xml".
Выполнение операции "Копирование файла" над целевым объектом "Элемент: C:\work\BOS1_RPO17106962_722420180802_000047_201
80802_0002.xml Назначение: \\tmn-ts-01\440p\Arhive\02082018\BOS1_RPO17106962_722420180802_000047_20180802_0002.xml".
Выполнение операции "Копирование файла" над целевым объектом "Элемент: C:\work\PB1_PNO17106962_720320180801_001613.xml 
Назначение: \\tmn-ts-01\440p\Arhive\02082018\PB1_PNO17106962_720320180801_001613.xml".
Выполнение операции "Копирование файла" над целевым объектом "Элемент: C:\work\PB1_PNO17106962_720320180801_001614.xml 
Назначение: \\tmn-ts-01\440p\Arhive\02082018\PB1_PNO17106962_720320180801_001614.xml".
Выполнение операции "Копирование файла" над целевым объектом "Элемент: C:\work\PB1_PNO17106962_720320180801_001615.xml 
Назначение: \\tmn-ts-01\440p\Arhive\02082018\PB1_PNO17106962_720320180801_001615.xml".
Выполнение операции "Копирование файла" над целевым объектом "Элемент: C:\work\PB1_PNO17106962_720320180801_001616.xml 
Назначение: \\tmn-ts-01\440p\Arhive\02082018\PB1_PNO17106962_720320180801_001616.xml".
Выполнение операции "Копирование файла" над целевым объектом "Элемент: C:\work\PB1_PNO17106962_720320180801_001617.xml 
Назначение: \\tmn-ts-01\440p\Arhive\02082018\PB1_PNO17106962_720320180801_001617.xml".
Выполнение операции "Копирование файла" над целевым объектом "Элемент: C:\work\PB1_PNO17106962_720320180801_001618.xml 
Назначение: \\tmn-ts-01\440p\Arhive\02082018\PB1_PNO17106962_720320180801_001618.xml".
Выполнение операции "Копирование файла" над целевым объектом "Элемент: C:\work\PB1_PNO17106962_722420180802_000208.xml 
Назначение: \\tmn-ts-01\440p\Arhive\02082018\PB1_PNO17106962_722420180802_000208.xml".
Выполнение операции "Копирование файла" над целевым объектом "Элемент: C:\work\PB1_ROO17106962_720320180802_000273.xml 
Назначение: \\tmn-ts-01\440p\Arhive\02082018\PB1_ROO17106962_720320180802_000273.xml".
Выполнение операции "Копирование файла" над целевым объектом "Элемент: C:\work\PB1_ROO17106962_720320180802_000277.xml 
Назначение: \\tmn-ts-01\440p\Arhive\02082018\PB1_ROO17106962_720320180802_000277.xml".
Выполнение операции "Копирование файла" над целевым объектом "Элемент: C:\work\PB1_ROO17106962_720320180802_000372.xml 
Назначение: \\tmn-ts-01\440p\Arhive\02082018\PB1_ROO17106962_720320180802_000372.xml".
Выполнение операции "Копирование файла" над целевым объектом "Элемент: C:\work\PB1_ROO17106962_720320180802_000384.xml 
Назначение: \\tmn-ts-01\440p\Arhive\02082018\PB1_ROO17106962_720320180802_000384.xml".
Выполнение операции "Копирование файла" над целевым объектом "Элемент: C:\work\PB1_ROO17106962_720320180802_000394.xml 
Назначение: \\tmn-ts-01\440p\Arhive\02082018\PB1_ROO17106962_720320180802_000394.xml".
Выполнение операции "Копирование файла" над целевым объектом "Элемент: C:\work\PB1_ROO17106962_720320180802_000403.xml 
Назначение: \\tmn-ts-01\440p\Arhive\02082018\PB1_ROO17106962_720320180802_000403.xml".
Выполнение операции "Копирование файла" над целевым объектом "Элемент: C:\work\PB1_ROO17106962_720320180802_000404.xml 
Назначение: \\tmn-ts-01\440p\Arhive\02082018\PB1_ROO17106962_720320180802_000404.xml".
Выполнение операции "Копирование файла" над целевым объектом "Элемент: C:\work\PB1_ROO17106962_890420180801_000023.xml 
Назначение: \\tmn-ts-01\440p\Arhive\02082018\PB1_ROO17106962_890420180801_000023.xml".
Выполнение операции "Копирование файла" над целевым объектом "Элемент: C:\work\PB1_RPO17106962_720320180801_000412.xml 
Назначение: \\tmn-ts-01\440p\Arhive\02082018\PB1_RPO17106962_720320180801_000412.xml".
Выполнение операции "Копирование файла" над целевым объектом "Элемент: C:\work\PB1_RPO17106962_722420180802_000047.xml 
Назначение: \\tmn-ts-01\440p\Arhive\02082018\PB1_RPO17106962_722420180802_000047.xml".

[2018-08-02 15:30:18Z] - INFO - Копирование файлов в архив \\tmn-ts-01\440p\Arhive\02082018
[2018-08-02 15:30:18Z] - INFO - Переименовываем файлы *.xml -> *.vrb
[2018-08-02 15:30:19Z] - INFO - Подписываем все файлы
[2018-08-02 15:30:19Z] - INFO - Загружаем ключевую дискету c:\DISKET2017-1\Disk\DISK2
[2018-08-02 15:30:19Z] - INFO - Начинаем преобразование...
[2018-08-02 15:30:28Z] - INFO - Сравниваем до и после преобразования...
[2018-08-02 15:30:34Z] - INFO - Зашифровываем vrb-файлы
[2018-08-02 15:30:34Z] - INFO - Загружаем ключевую дискету c:\DISKET2018\Disk\DISK21
[2018-08-02 15:30:36Z] - INFO - Начинаем преобразование...
[2018-08-02 15:30:45Z] - INFO - Сравниваем до и после преобразования...
[2018-08-02 15:30:45Z] - ERRR - Часть файлов не были преобразованы!
[2018-08-02 15:30:45Z] - INFO - Начинаем преобразование...
[2018-08-02 15:30:53Z] - INFO - Сравниваем до и после преобразования...
[2018-08-02 15:30:58Z] - INFO - Начинаем архивацию...
[2018-08-02 15:30:59Z] - INFO - Подписываем файл архива c:\work\AFN_7106962_MIFNS00_20180802_00001.arj
[2018-08-02 15:30:59Z] - INFO - Загружаем ключевую дискету c:\DISKET2017-1\Disk\DISK2
[2018-08-02 15:31:00Z] - INFO - Начинаем преобразование...
[2018-08-02 15:31:07Z] - INFO - Сравниваем до и после преобразования...
[2018-08-02 15:31:12Z] - INFO - Копируем файл архива AFN_7106962_MIFNS00_20180802_00001.arj в \\tmn-ts-01\440p\Arhive\02082018
[2018-08-02 15:31:12Z] - INFO - Копируем файл архива AFN_7106962_MIFNS00_20180802_00001.arj в l:\PTK PSD\Post\Post
[2018-08-02 15:31:44Z] - INFO - Отправленно всего 53 сообщений
Из них:
Сообщения: 34
Справка: 2
Потверждения: 17

[2018-08-02 15:31:44Z] - INFO - Загружаем исходную ключевую дискету
[2018-08-02 15:31:45Z] - INFO - Конец работы скрипта!
[2018-08-02 15:45:00Z] - INFO - Автоматический режим работы
[2018-08-02 15:45:00Z] - INFO - Файлы отчетности не найдены в каталоге l:\PTK PSD\Post\ELO\OUT
[2018-08-02 16:00:00Z] - INFO - Автоматический режим работы
[2018-08-02 16:00:01Z] - INFO - Файлы отчетности не найдены в каталоге l:\PTK PSD\Post\ELO\OUT
[2018-08-02 16:15:00Z] - INFO - Автоматический режим работы
[2018-08-02 16:15:00Z] - INFO - Файлы отчетности не найдены в каталоге l:\PTK PSD\Post\ELO\OUT
[2018-08-02 16:30:00Z] - INFO - Автоматический режим работы
[2018-08-02 16:30:01Z] - INFO - Файлы отчетности не найдены в каталоге l:\PTK PSD\Post\ELO\OUT
[2018-08-02 16:45:00Z] - INFO - Автоматический режим работы
[2018-08-02 16:45:00Z] - INFO - Файлы отчетности не найдены в каталоге l:\PTK PSD\Post\ELO\OUT
[2018-08-02 17:00:01Z] - INFO - Автоматический режим работы
[2018-08-02 17:00:01Z] - INFO - Файлы отчетности не найдены в каталоге l:\PTK PSD\Post\ELO\OUT
[2018-08-02 17:15:00Z] - INFO - Автоматический режим работы
[2018-08-02 17:15:00Z] - INFO - Файлы отчетности не найдены в каталоге l:\PTK PSD\Post\ELO\OUT
[2018-08-02 17:30:00Z] - INFO - Автоматический режим работы
[2018-08-02 17:30:32Z] - INFO - Начат автоматический приём по форме 440П 02.08.2018 17:30:01
[2018-08-02 17:30:33Z] - INFO - Копируем файл AFN_MIFNS00_7106962_20180802_00003.ARJ
[2018-08-02 17:30:33Z] - INFO - Сохраняем текущею ключевую дискету
[2018-08-02 17:30:34Z] - INFO - Копирование файлов в архив \\tmn-ts-01\440p\Arhive\02082018
[2018-08-02 17:30:34Z] - INFO - Выполнение операции "Копирование файла" над целевым объектом "Элемент: C:\work\
AFN_MIFNS00_7106962_20180802_00003.ARJ Назначение: \\tmn-ts-01\440p\Arhive\0208
2018\AFN_MIFNS00_7106962_20180802_00003.ARJ".

[2018-08-02 17:30:34Z] - INFO - Снимаем подпись с arj-архивов
[2018-08-02 17:30:34Z] - INFO - Загружаем ключевую дискету C:\DISKET2018\disk\disk22
[2018-08-02 17:30:34Z] - INFO - Начинаем преобразование...
[2018-08-02 17:30:39Z] - INFO - Сравниваем до и после преобразования...
[2018-08-02 17:30:44Z] - INFO - Начинаем разархивацию...
[2018-08-02 17:30:44Z] - INFO - Разархивация файла C:\work\AFN_MIFNS00_7106962_20180802_00003.ARJ
[2018-08-02 17:30:45Z] - INFO - Расшифровываем vrb-файлы
[2018-08-02 17:30:45Z] - INFO - Загружаем ключевую дискету c:\DISKET2018\Disk\DISK21
[2018-08-02 17:30:47Z] - INFO - Начинаем преобразование...
[2018-08-02 17:30:51Z] - INFO - Сравниваем до и после преобразования...
[2018-08-02 17:30:56Z] - INFO - Переименовываем файлы в xml
[2018-08-02 17:30:56Z] - INFO - Снимаем подпись с xml-файлов
[2018-08-02 17:30:56Z] - INFO - Загружаем ключевую дискету C:\DISKET2018\disk\disk22
[2018-08-02 17:30:57Z] - INFO - Начинаем преобразование...
[2018-08-02 17:31:02Z] - INFO - Сравниваем до и после преобразования...
[2018-08-02 17:31:07Z] - INFO - Форматируем xml-файлы
[2018-08-02 17:31:38Z] - INFO - Пришло всего 2 сообщений
Из них:
Решения: 2

[2018-08-02 17:31:38Z] - INFO - Удаляем файл l:\PTK PSD\Post\ELO\OUT\AFN_MIFNS00_7106962_20180802_00003.ARJ
[2018-08-02 17:31:38Z] - INFO - Загружаем исходную ключевую дискету
[2018-08-02 17:31:39Z] - INFO - Конец работы скрипта!
[2018-08-02 17:45:00Z] - INFO - Автоматический режим работы
[2018-08-02 17:45:34Z] - INFO - Начат автоматический приём по форме 440П 02.08.2018 17:45:00
[2018-08-02 17:45:35Z] - INFO - Копируем файл AFN_MIFNS00_7106962_20180802_00004.ARJ
[2018-08-02 17:45:35Z] - INFO - Копируем файл AFN_MIFNS00_7106962_20180802_00005.ARJ
[2018-08-02 17:45:35Z] - INFO - Сохраняем текущею ключевую дискету
[2018-08-02 17:45:36Z] - INFO - Копирование файлов в архив \\tmn-ts-01\440p\Arhive\02082018
[2018-08-02 17:45:36Z] - INFO - Выполнение операции "Копирование файла" над целевым объектом "Элемент: C:\work\
AFN_MIFNS00_7106962_20180802_00004.ARJ Назначение: \\tmn-ts-01\440p\Arhive\0208
2018\AFN_MIFNS00_7106962_20180802_00004.ARJ".
Выполнение операции "Копирование файла" над целевым объектом "Элемент: C:\work\
AFN_MIFNS00_7106962_20180802_00005.ARJ Назначение: \\tmn-ts-01\440p\Arhive\0208
2018\AFN_MIFNS00_7106962_20180802_00005.ARJ".

[2018-08-02 17:45:36Z] - INFO - Снимаем подпись с arj-архивов
[2018-08-02 17:45:36Z] - INFO - Загружаем ключевую дискету C:\DISKET2018\disk\disk22
[2018-08-02 17:45:36Z] - INFO - Начинаем преобразование...
[2018-08-02 17:45:41Z] - INFO - Сравниваем до и после преобразования...
[2018-08-02 17:45:46Z] - INFO - Начинаем разархивацию...
[2018-08-02 17:45:46Z] - INFO - Разархивация файла C:\work\AFN_MIFNS00_7106962_20180802_00004.ARJ
[2018-08-02 17:45:47Z] - INFO - Разархивация файла C:\work\AFN_MIFNS00_7106962_20180802_00005.ARJ
[2018-08-02 17:45:48Z] - INFO - Расшифровываем vrb-файлы
[2018-08-02 17:45:48Z] - INFO - Загружаем ключевую дискету c:\DISKET2018\Disk\DISK21
[2018-08-02 17:45:50Z] - INFO - Начинаем преобразование...
[2018-08-02 17:45:55Z] - INFO - Сравниваем до и после преобразования...
[2018-08-02 17:46:00Z] - INFO - Переименовываем файлы в xml
[2018-08-02 17:46:00Z] - INFO - Снимаем подпись с xml-файлов
[2018-08-02 17:46:00Z] - INFO - Загружаем ключевую дискету C:\DISKET2018\disk\disk22
[2018-08-02 17:46:01Z] - INFO - Начинаем преобразование...
[2018-08-02 17:46:06Z] - INFO - Сравниваем до и после преобразования...
[2018-08-02 17:46:11Z] - INFO - Форматируем xml-файлы
[2018-08-02 17:46:44Z] - INFO - Пришло всего 2 сообщений
Из них:
Запросы: 2

[2018-08-02 17:46:45Z] - INFO - Удаляем файл l:\PTK PSD\Post\ELO\OUT\AFN_MIFNS00_7106962_20180802_00004.ARJ
[2018-08-02 17:46:45Z] - INFO - Удаляем файл l:\PTK PSD\Post\ELO\OUT\AFN_MIFNS00_7106962_20180802_00005.ARJ
[2018-08-02 17:46:45Z] - INFO - Загружаем исходную ключевую дискету
[2018-08-02 17:46:46Z] - INFO - Конец работы скрипта!
[2018-08-02 18:00:00Z] - INFO - Автоматический режим работы
[2018-08-02 18:00:01Z] - INFO - Файлы отчетности не найдены в каталоге l:\PTK PSD\Post\ELO\OUT
[2018-08-02 18:15:00Z] - INFO - Автоматический режим работы
[2018-08-02 18:15:00Z] - INFO - Файлы отчетности не найдены в каталоге l:\PTK PSD\Post\ELO\OUT
[2018-08-02 18:30:00Z] - INFO - Автоматический режим работы
[2018-08-02 18:30:00Z] - INFO - Файлы отчетности не найдены в каталоге l:\PTK PSD\Post\ELO\OUT
[2018-08-02 18:45:00Z] - INFO - Автоматический режим работы
[2018-08-02 18:45:00Z] - INFO - Файлы отчетности не найдены в каталоге l:\PTK PSD\Post\ELO\OUT
[2018-08-02 19:00:01Z] - INFO - Автоматический режим работы
[2018-08-02 19:00:01Z] - INFO - Файлы отчетности не найдены в каталоге l:\PTK PSD\Post\ELO\OUT
[2018-08-02 19:15:08Z] - INFO - Автоматический режим работы
[2018-08-02 19:15:08Z] - INFO - Файлы отчетности не найдены в каталоге l:\PTK PSD\Post\ELO\OUT
[2018-08-02 19:31:05Z] - INFO - Автоматический режим работы
[2018-08-02 19:31:05Z] - INFO - Файлы отчетности не найдены в каталоге l:\PTK PSD\Post\ELO\OUT
[2018-08-02 19:45:00Z] - INFO - Автоматический режим работы
[2018-08-02 19:45:00Z] - INFO - Файлы отчетности не найдены в каталоге l:\PTK PSD\Post\ELO\OUT
[2018-08-02 20:00:00Z] - INFO - Автоматический режим работы
[2018-08-02 20:00:00Z] - INFO - Файлы отчетности не найдены в каталоге l:\PTK PSD\Post\ELO\OUT
[2018-08-02 20:15:00Z] - INFO - Автоматический режим работы
[2018-08-02 20:15:00Z] - INFO - Файлы отчетности не найдены в каталоге l:\PTK PSD\Post\ELO\OUT
[2018-08-02 20:30:00Z] - INFO - Автоматический режим работы
[2018-08-02 20:30:01Z] - INFO - Файлы отчетности не найдены в каталоге l:\PTK PSD\Post\ELO\OUT
[2018-08-02 20:45:00Z] - INFO - Автоматический режим работы
[2018-08-02 20:45:00Z] - INFO - Файлы отчетности не найдены в каталоге l:\PTK PSD\Post\ELO\OUT
[2018-08-02 21:00:01Z] - INFO - Автоматический режим работы
[2018-08-02 21:00:01Z] - INFO - Файлы отчетности не найдены в каталоге l:\PTK PSD\Post\ELO\OUT
[2018-08-02 21:15:01Z] - INFO - Автоматический режим работы
[2018-08-02 21:15:01Z] - INFO - Файлы отчетности не найдены в каталоге l:\PTK PSD\Post\ELO\OUT
[2018-08-02 21:30:01Z] - INFO - Автоматический режим работы
[2018-08-02 21:30:01Z] - INFO - Файлы отчетности не найдены в каталоге l:\PTK PSD\Post\ELO\OUT
[2018-08-02 21:45:00Z] - INFO - Автоматический режим работы
[2018-08-02 21:45:01Z] - INFO - Файлы отчетности не найдены в каталоге l:\PTK PSD\Post\ELO\OUT
[2018-08-02 22:00:01Z] - INFO - Автоматический режим работы
[2018-08-02 22:00:01Z] - INFO - Файлы отчетности не найдены в каталоге l:\PTK PSD\Post\ELO\OUT
[2018-08-02 22:15:01Z] - INFO - Автоматический режим работы
[2018-08-02 22:15:01Z] - INFO - Файлы отчетности не найдены в каталоге l:\PTK PSD\Post\ELO\OUT
[2018-08-02 22:30:01Z] - INFO - Автоматический режим работы
[2018-08-02 22:30:01Z] - INFO - Файлы отчетности не найдены в каталоге l:\PTK PSD\Post\ELO\OUT
[2018-08-02 22:45:01Z] - INFO - Автоматический режим работы
[2018-08-02 22:45:01Z] - INFO - Файлы отчетности не найдены в каталоге l:\PTK PSD\Post\ELO\OUT
[2018-08-02 23:00:01Z] - INFO - Автоматический режим работы
[2018-08-02 23:00:01Z] - INFO - Файлы отчетности не найдены в каталоге l:\PTK PSD\Post\ELO\OUT
[2018-08-02 23:15:01Z] - INFO - Автоматический режим работы
[2018-08-02 23:15:01Z] - INFO - Файлы отчетности не найдены в каталоге l:\PTK PSD\Post\ELO\OUT
[2018-08-02 23:30:00Z] - INFO - Автоматический режим работы
[2018-08-02 23:30:01Z] - INFO - Файлы отчетности не найдены в каталоге l:\PTK PSD\Post\ELO\OUT
[2018-08-02 23:45:09Z] - INFO - Автоматический режим работы
[2018-08-02 23:45:10Z] - INFO - Файлы отчетности не найдены в каталоге l:\PTK PSD\Post\ELO\OUT
