[2018-10-02 00:00:00Z] - INFO - Автоматический режим работы
[2018-10-02 00:00:00Z] - INFO - Файлы отчетности не найдены в каталоге l:\PTK PSD\Post\ELO\OUT
[2018-10-02 00:15:00Z] - INFO - Автоматический режим работы
[2018-10-02 00:15:00Z] - INFO - Файлы отчетности не найдены в каталоге l:\PTK PSD\Post\ELO\OUT
[2018-10-02 00:30:00Z] - INFO - Автоматический режим работы
[2018-10-02 00:30:00Z] - INFO - Файлы отчетности не найдены в каталоге l:\PTK PSD\Post\ELO\OUT
[2018-10-02 00:45:00Z] - INFO - Автоматический режим работы
[2018-10-02 00:45:00Z] - INFO - Файлы отчетности не найдены в каталоге l:\PTK PSD\Post\ELO\OUT
[2018-10-02 01:00:00Z] - INFO - Автоматический режим работы
[2018-10-02 01:00:00Z] - INFO - Файлы отчетности не найдены в каталоге l:\PTK PSD\Post\ELO\OUT
[2018-10-02 01:15:00Z] - INFO - Автоматический режим работы
[2018-10-02 01:15:00Z] - INFO - Файлы отчетности не найдены в каталоге l:\PTK PSD\Post\ELO\OUT
[2018-10-02 01:30:00Z] - INFO - Автоматический режим работы
[2018-10-02 01:30:00Z] - INFO - Файлы отчетности не найдены в каталоге l:\PTK PSD\Post\ELO\OUT
[2018-10-02 01:45:00Z] - INFO - Автоматический режим работы
[2018-10-02 01:45:00Z] - INFO - Файлы отчетности не найдены в каталоге l:\PTK PSD\Post\ELO\OUT
[2018-10-02 02:00:00Z] - INFO - Автоматический режим работы
[2018-10-02 02:00:00Z] - INFO - Файлы отчетности не найдены в каталоге l:\PTK PSD\Post\ELO\OUT
[2018-10-02 02:15:00Z] - INFO - Автоматический режим работы
[2018-10-02 02:15:00Z] - INFO - Файлы отчетности не найдены в каталоге l:\PTK PSD\Post\ELO\OUT
[2018-10-02 02:30:00Z] - INFO - Автоматический режим работы
[2018-10-02 02:30:00Z] - INFO - Файлы отчетности не найдены в каталоге l:\PTK PSD\Post\ELO\OUT
[2018-10-02 02:45:00Z] - INFO - Автоматический режим работы
[2018-10-02 02:45:00Z] - INFO - Файлы отчетности не найдены в каталоге l:\PTK PSD\Post\ELO\OUT
[2018-10-02 03:00:00Z] - INFO - Автоматический режим работы
[2018-10-02 03:00:00Z] - INFO - Файлы отчетности не найдены в каталоге l:\PTK PSD\Post\ELO\OUT
[2018-10-02 03:15:00Z] - INFO - Автоматический режим работы
[2018-10-02 03:15:00Z] - INFO - Файлы отчетности не найдены в каталоге l:\PTK PSD\Post\ELO\OUT
[2018-10-02 03:30:00Z] - INFO - Автоматический режим работы
[2018-10-02 03:30:00Z] - INFO - Файлы отчетности не найдены в каталоге l:\PTK PSD\Post\ELO\OUT
[2018-10-02 03:45:00Z] - INFO - Автоматический режим работы
[2018-10-02 03:45:00Z] - INFO - Файлы отчетности не найдены в каталоге l:\PTK PSD\Post\ELO\OUT
[2018-10-02 04:00:00Z] - INFO - Автоматический режим работы
[2018-10-02 04:00:00Z] - INFO - Файлы отчетности не найдены в каталоге l:\PTK PSD\Post\ELO\OUT
[2018-10-02 04:15:00Z] - INFO - Автоматический режим работы
[2018-10-02 04:15:00Z] - INFO - Файлы отчетности не найдены в каталоге l:\PTK PSD\Post\ELO\OUT
[2018-10-02 04:30:00Z] - INFO - Автоматический режим работы
[2018-10-02 04:30:00Z] - INFO - Файлы отчетности не найдены в каталоге l:\PTK PSD\Post\ELO\OUT
[2018-10-02 04:45:00Z] - INFO - Автоматический режим работы
[2018-10-02 04:45:00Z] - INFO - Файлы отчетности не найдены в каталоге l:\PTK PSD\Post\ELO\OUT
[2018-10-02 05:00:00Z] - INFO - Автоматический режим работы
[2018-10-02 05:00:00Z] - INFO - Файлы отчетности не найдены в каталоге l:\PTK PSD\Post\ELO\OUT
[2018-10-02 05:15:00Z] - INFO - Автоматический режим работы
[2018-10-02 05:15:00Z] - INFO - Файлы отчетности не найдены в каталоге l:\PTK PSD\Post\ELO\OUT
[2018-10-02 05:30:00Z] - INFO - Автоматический режим работы
[2018-10-02 05:30:00Z] - INFO - Файлы отчетности не найдены в каталоге l:\PTK PSD\Post\ELO\OUT
[2018-10-02 05:45:00Z] - INFO - Автоматический режим работы
[2018-10-02 05:45:00Z] - INFO - Файлы отчетности не найдены в каталоге l:\PTK PSD\Post\ELO\OUT
[2018-10-02 06:00:00Z] - INFO - Автоматический режим работы
[2018-10-02 06:00:00Z] - INFO - Файлы отчетности не найдены в каталоге l:\PTK PSD\Post\ELO\OUT
[2018-10-02 06:15:00Z] - INFO - Автоматический режим работы
[2018-10-02 06:15:00Z] - INFO - Файлы отчетности не найдены в каталоге l:\PTK PSD\Post\ELO\OUT
[2018-10-02 06:30:00Z] - INFO - Автоматический режим работы
[2018-10-02 06:30:00Z] - INFO - Файлы отчетности не найдены в каталоге l:\PTK PSD\Post\ELO\OUT
[2018-10-02 06:45:00Z] - INFO - Автоматический режим работы
[2018-10-02 06:45:00Z] - INFO - Файлы отчетности не найдены в каталоге l:\PTK PSD\Post\ELO\OUT
[2018-10-02 07:00:00Z] - INFO - Автоматический режим работы
[2018-10-02 07:00:00Z] - INFO - Файлы отчетности не найдены в каталоге l:\PTK PSD\Post\ELO\OUT
[2018-10-02 07:15:00Z] - INFO - Автоматический режим работы
[2018-10-02 07:15:00Z] - INFO - Файлы отчетности не найдены в каталоге l:\PTK PSD\Post\ELO\OUT
[2018-10-02 07:30:00Z] - INFO - Автоматический режим работы
[2018-10-02 07:30:00Z] - INFO - Файлы отчетности не найдены в каталоге l:\PTK PSD\Post\ELO\OUT
[2018-10-02 07:45:00Z] - INFO - Автоматический режим работы
[2018-10-02 07:45:00Z] - INFO - Файлы отчетности не найдены в каталоге l:\PTK PSD\Post\ELO\OUT
[2018-10-02 08:00:00Z] - INFO - Автоматический режим работы
[2018-10-02 08:00:00Z] - INFO - Файлы отчетности не найдены в каталоге l:\PTK PSD\Post\ELO\OUT
[2018-10-02 08:15:00Z] - INFO - Автоматический режим работы
[2018-10-02 08:15:00Z] - INFO - Файлы отчетности не найдены в каталоге l:\PTK PSD\Post\ELO\OUT
[2018-10-02 08:30:00Z] - INFO - Автоматический режим работы
[2018-10-02 08:30:00Z] - INFO - Файлы отчетности не найдены в каталоге l:\PTK PSD\Post\ELO\OUT
[2018-10-02 08:45:00Z] - INFO - Автоматический режим работы
[2018-10-02 08:45:00Z] - INFO - Файлы отчетности не найдены в каталоге l:\PTK PSD\Post\ELO\OUT
[2018-10-02 09:00:13Z] - INFO - Автоматический режим работы
[2018-10-02 09:00:13Z] - INFO - Файлы отчетности не найдены в каталоге l:\PTK PSD\Post\ELO\OUT
[2018-10-02 09:15:00Z] - INFO - Автоматический режим работы
[2018-10-02 09:15:00Z] - INFO - Файлы отчетности не найдены в каталоге l:\PTK PSD\Post\ELO\OUT
[2018-10-02 09:30:00Z] - INFO - Автоматический режим работы
[2018-10-02 09:30:00Z] - INFO - Файлы отчетности не найдены в каталоге l:\PTK PSD\Post\ELO\OUT
[2018-10-02 09:45:00Z] - INFO - Автоматический режим работы
[2018-10-02 09:45:00Z] - INFO - Файлы отчетности не найдены в каталоге l:\PTK PSD\Post\ELO\OUT
[2018-10-02 10:00:00Z] - INFO - Автоматический режим работы
[2018-10-02 10:00:01Z] - INFO - Файлы отчетности не найдены в каталоге l:\PTK PSD\Post\ELO\OUT
[2018-10-02 10:15:00Z] - INFO - Автоматический режим работы
[2018-10-02 10:15:00Z] - INFO - Файлы отчетности не найдены в каталоге l:\PTK PSD\Post\ELO\OUT
[2018-10-02 10:30:00Z] - INFO - Автоматический режим работы
[2018-10-02 10:30:00Z] - INFO - Файлы отчетности не найдены в каталоге l:\PTK PSD\Post\ELO\OUT
[2018-10-02 10:45:00Z] - INFO - Автоматический режим работы
[2018-10-02 10:45:00Z] - INFO - Файлы отчетности не найдены в каталоге l:\PTK PSD\Post\ELO\OUT
[2018-10-02 11:00:01Z] - INFO - Автоматический режим работы
[2018-10-02 11:00:01Z] - INFO - Файлы отчетности не найдены в каталоге l:\PTK PSD\Post\ELO\OUT
[2018-10-02 11:15:00Z] - INFO - Автоматический режим работы
[2018-10-02 11:15:00Z] - INFO - Файлы отчетности не найдены в каталоге l:\PTK PSD\Post\ELO\OUT
[2018-10-02 11:30:00Z] - INFO - Автоматический режим работы
[2018-10-02 11:30:00Z] - INFO - Файлы отчетности не найдены в каталоге l:\PTK PSD\Post\ELO\OUT
[2018-10-02 11:38:54Z] - INFO - Обработка отчетности - 440out
[2018-10-02 11:38:54Z] - WARN - Автоматическое копирование в папку c:\work произведено не было!
[2018-10-02 11:38:54Z] - INFO - Сохраняем текущею ключевую дискету
[2018-10-02 11:38:55Z] - INFO - Выполнение операции "Копирование файла" над целевым объектом "Элемент: C:\work\BVD1_ZSV17106962_720320181001_000721_201
81002_0002_000001_000001.xml Назначение: \\tmn-ts-01\440p\Arhive\02102018\BVD1_ZSV17106962_720320181001_000721_20181002
_0002_000001_000001.xml".
Выполнение операции "Копирование файла" над целевым объектом "Элемент: C:\work\BVS1_ZSV17106962_720320181001_000721_201
81002_0002.xml Назначение: \\tmn-ts-01\440p\Arhive\02102018\BVS1_ZSV17106962_720320181001_000721_20181002_0002.xml".
Выполнение операции "Копирование файла" над целевым объектом "Элемент: C:\work\PB1_ZSV17106962_720320181001_000721.xml 
Назначение: \\tmn-ts-01\440p\Arhive\02102018\PB1_ZSV17106962_720320181001_000721.xml".

[2018-10-02 11:38:55Z] - INFO - Копирование файлов в архив \\tmn-ts-01\440p\Arhive\02102018
[2018-10-02 11:38:55Z] - INFO - Переименовываем файлы *.xml -> *.vrb
[2018-10-02 11:38:55Z] - INFO - Подписываем все файлы
[2018-10-02 11:38:56Z] - INFO - Загружаем ключевую дискету c:\DISKET2017-1\Disk\DISK2
[2018-10-02 11:38:56Z] - INFO - Начинаем преобразование...
[2018-10-02 11:39:03Z] - INFO - Сравниваем до и после преобразования...
[2018-10-02 11:39:08Z] - INFO - Зашифровываем vrb-файлы
[2018-10-02 11:39:08Z] - INFO - Загружаем ключевую дискету c:\DISKET2018\Disk\DISK21
[2018-10-02 11:39:09Z] - INFO - Начинаем преобразование...
[2018-10-02 11:39:15Z] - INFO - Сравниваем до и после преобразования...
[2018-10-02 11:39:20Z] - INFO - Начинаем архивацию...
[2018-10-02 11:39:20Z] - INFO - Подписываем файл архива c:\work\AFN_7106962_MIFNS00_20181002_00001.arj
[2018-10-02 11:39:20Z] - INFO - Загружаем ключевую дискету c:\DISKET2017-1\Disk\DISK2
[2018-10-02 11:39:21Z] - INFO - Начинаем преобразование...
[2018-10-02 11:39:28Z] - INFO - Сравниваем до и после преобразования...
[2018-10-02 11:39:33Z] - INFO - Копируем файл архива AFN_7106962_MIFNS00_20181002_00001.arj в \\tmn-ts-01\440p\Arhive\02102018
[2018-10-02 11:39:33Z] - INFO - Копируем файл архива AFN_7106962_MIFNS00_20181002_00001.arj в l:\PTK PSD\Post\Post
[2018-10-02 11:39:34Z] - INFO - Отправленно всего 3 сообщений
Из них:
Сведения: 1
Выписка: 1
Потверждения: 1

[2018-10-02 11:39:34Z] - INFO - Загружаем исходную ключевую дискету
[2018-10-02 11:39:35Z] - INFO - Конец работы скрипта!
[2018-10-02 11:45:00Z] - INFO - Автоматический режим работы
[2018-10-02 11:45:00Z] - INFO - Файлы отчетности не найдены в каталоге l:\PTK PSD\Post\ELO\OUT
[2018-10-02 12:00:01Z] - INFO - Автоматический режим работы
[2018-10-02 12:00:01Z] - INFO - Файлы отчетности не найдены в каталоге l:\PTK PSD\Post\ELO\OUT
[2018-10-02 12:15:00Z] - INFO - Автоматический режим работы
[2018-10-02 12:15:00Z] - INFO - Файлы отчетности не найдены в каталоге l:\PTK PSD\Post\ELO\OUT
[2018-10-02 12:30:00Z] - INFO - Автоматический режим работы
[2018-10-02 12:30:00Z] - INFO - Файлы отчетности не найдены в каталоге l:\PTK PSD\Post\ELO\OUT
[2018-10-02 12:45:00Z] - INFO - Автоматический режим работы
[2018-10-02 12:45:01Z] - INFO - Начат автоматический приём по форме 440П 02.10.2018 12:45:00
[2018-10-02 12:45:01Z] - INFO - Копируем файл AFN_MIFNS00_7106962_20181001_00006.ARJ
[2018-10-02 12:45:01Z] - INFO - Сохраняем текущею ключевую дискету
[2018-10-02 12:45:03Z] - INFO - Копирование файлов в архив \\tmn-ts-01\440p\Arhive\02102018
[2018-10-02 12:45:03Z] - INFO - Выполнение операции "Копирование файла" над целевым объектом "Элемент: C:\work\
AFN_MIFNS00_7106962_20181001_00006.ARJ Назначение: \\tmn-ts-01\440p\Arhive\0210
2018\AFN_MIFNS00_7106962_20181001_00006.ARJ".

[2018-10-02 12:45:03Z] - INFO - Снимаем подпись с arj-архивов
[2018-10-02 12:45:03Z] - INFO - Загружаем ключевую дискету C:\DISKET2018\disk\disk22
[2018-10-02 12:45:03Z] - INFO - Начинаем преобразование...
[2018-10-02 12:45:08Z] - INFO - Сравниваем до и после преобразования...
[2018-10-02 12:45:13Z] - INFO - Начинаем разархивацию...
[2018-10-02 12:45:13Z] - INFO - Разархивация файла C:\work\AFN_MIFNS00_7106962_20181001_00006.ARJ
[2018-10-02 12:45:14Z] - INFO - Расшифровываем vrb-файлы
[2018-10-02 12:45:14Z] - INFO - Загружаем ключевую дискету c:\DISKET2018\Disk\DISK21
[2018-10-02 12:45:15Z] - INFO - Начинаем преобразование...
[2018-10-02 12:45:19Z] - INFO - Сравниваем до и после преобразования...
[2018-10-02 12:45:24Z] - INFO - Переименовываем файлы в xml
[2018-10-02 12:45:24Z] - INFO - Снимаем подпись с xml-файлов
[2018-10-02 12:45:24Z] - INFO - Загружаем ключевую дискету C:\DISKET2018\disk\disk22
[2018-10-02 12:45:26Z] - INFO - Начинаем преобразование...
[2018-10-02 12:45:31Z] - INFO - Сравниваем до и после преобразования...
[2018-10-02 12:45:36Z] - INFO - Форматируем xml-файлы
[2018-10-02 12:45:36Z] - INFO - Пришли подтверждения
[2018-10-02 12:45:36Z] - INFO - Пришли успешные подтверждения - 4 шт.
Потверждения находятся в каталоге \\tmn-ts-01\440p\ack\02102018


[2018-10-02 12:45:38Z] - INFO - Пришло всего 6 сообщений
Из них:
Решения: 1
Запросы: 5

[2018-10-02 12:45:39Z] - INFO - Удаляем файл l:\PTK PSD\Post\ELO\OUT\AFN_MIFNS00_7106962_20181001_00006.ARJ
[2018-10-02 12:45:39Z] - INFO - Загружаем исходную ключевую дискету
[2018-10-02 12:45:40Z] - INFO - Конец работы скрипта!
[2018-10-02 13:00:01Z] - INFO - Автоматический режим работы
[2018-10-02 13:00:02Z] - INFO - Начат автоматический приём по форме 440П 02.10.2018 13:00:01
[2018-10-02 13:00:02Z] - INFO - Копируем файл AFN_MIFNS00_7106962_20181001_00007.ARJ
[2018-10-02 13:00:02Z] - INFO - Копируем файл AFN_MIFNS00_7106962_20181002_00001.ARJ
[2018-10-02 13:00:02Z] - INFO - Сохраняем текущею ключевую дискету
[2018-10-02 13:00:03Z] - INFO - Копирование файлов в архив \\tmn-ts-01\440p\Arhive\02102018
[2018-10-02 13:00:03Z] - INFO - Выполнение операции "Копирование файла" над целевым объектом "Элемент: C:\work\
AFN_MIFNS00_7106962_20181001_00007.ARJ Назначение: \\tmn-ts-01\440p\Arhive\0210
2018\AFN_MIFNS00_7106962_20181001_00007.ARJ".
Выполнение операции "Копирование файла" над целевым объектом "Элемент: C:\work\
AFN_MIFNS00_7106962_20181002_00001.ARJ Назначение: \\tmn-ts-01\440p\Arhive\0210
2018\AFN_MIFNS00_7106962_20181002_00001.ARJ".

[2018-10-02 13:00:03Z] - INFO - Снимаем подпись с arj-архивов
[2018-10-02 13:00:03Z] - INFO - Загружаем ключевую дискету C:\DISKET2018\disk\disk22
[2018-10-02 13:00:04Z] - INFO - Начинаем преобразование...
[2018-10-02 13:00:09Z] - INFO - Сравниваем до и после преобразования...
[2018-10-02 13:00:14Z] - INFO - Начинаем разархивацию...
[2018-10-02 13:00:14Z] - INFO - Разархивация файла C:\work\AFN_MIFNS00_7106962_20181001_00007.ARJ
[2018-10-02 13:00:15Z] - INFO - Разархивация файла C:\work\AFN_MIFNS00_7106962_20181002_00001.ARJ
[2018-10-02 13:00:16Z] - INFO - Расшифровываем vrb-файлы
[2018-10-02 13:00:16Z] - INFO - Загружаем ключевую дискету c:\DISKET2018\Disk\DISK21
[2018-10-02 13:00:17Z] - INFO - Начинаем преобразование...
[2018-10-02 13:00:22Z] - INFO - Сравниваем до и после преобразования...
[2018-10-02 13:00:27Z] - INFO - Переименовываем файлы в xml
[2018-10-02 13:00:27Z] - INFO - Снимаем подпись с xml-файлов
[2018-10-02 13:00:27Z] - INFO - Загружаем ключевую дискету C:\DISKET2018\disk\disk22
[2018-10-02 13:00:28Z] - INFO - Начинаем преобразование...
[2018-10-02 13:00:32Z] - INFO - Сравниваем до и после преобразования...
[2018-10-02 13:00:37Z] - INFO - Форматируем xml-файлы
[2018-10-02 13:00:38Z] - INFO - Пришло всего 7 сообщений
Из них:
Решения: 4
Запросы: 3

[2018-10-02 13:00:43Z] - INFO - Удаляем файл l:\PTK PSD\Post\ELO\OUT\AFN_MIFNS00_7106962_20181001_00007.ARJ
[2018-10-02 13:00:43Z] - INFO - Удаляем файл l:\PTK PSD\Post\ELO\OUT\AFN_MIFNS00_7106962_20181002_00001.ARJ
[2018-10-02 13:00:43Z] - INFO - Загружаем исходную ключевую дискету
[2018-10-02 13:00:44Z] - INFO - Конец работы скрипта!
[2018-10-02 13:15:00Z] - INFO - Автоматический режим работы
[2018-10-02 13:15:00Z] - INFO - Файлы отчетности не найдены в каталоге l:\PTK PSD\Post\ELO\OUT
[2018-10-02 13:30:00Z] - INFO - Автоматический режим работы
[2018-10-02 13:30:00Z] - INFO - Файлы отчетности не найдены в каталоге l:\PTK PSD\Post\ELO\OUT
[2018-10-02 13:45:00Z] - INFO - Автоматический режим работы
[2018-10-02 13:45:00Z] - INFO - Файлы отчетности не найдены в каталоге l:\PTK PSD\Post\ELO\OUT
[2018-10-02 14:00:01Z] - INFO - Автоматический режим работы
[2018-10-02 14:00:01Z] - INFO - Файлы отчетности не найдены в каталоге l:\PTK PSD\Post\ELO\OUT
[2018-10-02 14:15:00Z] - INFO - Автоматический режим работы
[2018-10-02 14:15:00Z] - INFO - Файлы отчетности не найдены в каталоге l:\PTK PSD\Post\ELO\OUT
[2018-10-02 14:30:01Z] - INFO - Автоматический режим работы
[2018-10-02 14:30:01Z] - INFO - Файлы отчетности не найдены в каталоге l:\PTK PSD\Post\ELO\OUT
[2018-10-02 14:45:00Z] - INFO - Автоматический режим работы
[2018-10-02 14:45:00Z] - INFO - Файлы отчетности не найдены в каталоге l:\PTK PSD\Post\ELO\OUT
[2018-10-02 15:00:01Z] - INFO - Автоматический режим работы
[2018-10-02 15:00:01Z] - INFO - Файлы отчетности не найдены в каталоге l:\PTK PSD\Post\ELO\OUT
[2018-10-02 15:15:00Z] - INFO - Автоматический режим работы
[2018-10-02 15:15:00Z] - INFO - Файлы отчетности не найдены в каталоге l:\PTK PSD\Post\ELO\OUT
[2018-10-02 15:30:00Z] - INFO - Автоматический режим работы
[2018-10-02 15:30:01Z] - INFO - Начат автоматический приём по форме 440П 02.10.2018 15:30:00
[2018-10-02 15:30:01Z] - INFO - Копируем файл AFN_MIFNS00_7106962_20181002_00002.ARJ
[2018-10-02 15:30:01Z] - INFO - Копируем файл AFN_MIFNS00_7106962_20181002_00003.ARJ
[2018-10-02 15:30:02Z] - INFO - Сохраняем текущею ключевую дискету
[2018-10-02 15:30:03Z] - INFO - Копирование файлов в архив \\tmn-ts-01\440p\Arhive\02102018
[2018-10-02 15:30:03Z] - INFO - Выполнение операции "Копирование файла" над целевым объектом "Элемент: C:\work\
AFN_MIFNS00_7106962_20181002_00002.ARJ Назначение: \\tmn-ts-01\440p\Arhive\0210
2018\AFN_MIFNS00_7106962_20181002_00002.ARJ".
Выполнение операции "Копирование файла" над целевым объектом "Элемент: C:\work\
AFN_MIFNS00_7106962_20181002_00003.ARJ Назначение: \\tmn-ts-01\440p\Arhive\0210
2018\AFN_MIFNS00_7106962_20181002_00003.ARJ".

[2018-10-02 15:30:03Z] - INFO - Снимаем подпись с arj-архивов
[2018-10-02 15:30:03Z] - INFO - Загружаем ключевую дискету C:\DISKET2018\disk\disk22
[2018-10-02 15:30:03Z] - INFO - Начинаем преобразование...
[2018-10-02 15:30:08Z] - INFO - Сравниваем до и после преобразования...
[2018-10-02 15:30:13Z] - INFO - Начинаем разархивацию...
[2018-10-02 15:30:13Z] - INFO - Разархивация файла C:\work\AFN_MIFNS00_7106962_20181002_00002.ARJ
[2018-10-02 15:30:14Z] - INFO - Разархивация файла C:\work\AFN_MIFNS00_7106962_20181002_00003.ARJ
[2018-10-02 15:30:15Z] - INFO - Расшифровываем vrb-файлы
[2018-10-02 15:30:15Z] - INFO - Загружаем ключевую дискету c:\DISKET2018\Disk\DISK21
[2018-10-02 15:30:16Z] - INFO - Начинаем преобразование...
[2018-10-02 15:30:20Z] - INFO - Сравниваем до и после преобразования...
[2018-10-02 15:30:25Z] - INFO - Переименовываем файлы в xml
[2018-10-02 15:30:25Z] - INFO - Снимаем подпись с xml-файлов
[2018-10-02 15:30:25Z] - INFO - Загружаем ключевую дискету C:\DISKET2018\disk\disk22
[2018-10-02 15:30:27Z] - INFO - Начинаем преобразование...
[2018-10-02 15:30:31Z] - INFO - Сравниваем до и после преобразования...
[2018-10-02 15:30:36Z] - INFO - Форматируем xml-файлы
[2018-10-02 15:30:36Z] - INFO - Пришло всего 4 сообщений
Из них:
Решения: 1
Запросы: 3

[2018-10-02 15:30:37Z] - INFO - Удаляем файл l:\PTK PSD\Post\ELO\OUT\AFN_MIFNS00_7106962_20181002_00002.ARJ
[2018-10-02 15:30:37Z] - INFO - Удаляем файл l:\PTK PSD\Post\ELO\OUT\AFN_MIFNS00_7106962_20181002_00003.ARJ
[2018-10-02 15:30:37Z] - INFO - Загружаем исходную ключевую дискету
[2018-10-02 15:30:38Z] - INFO - Конец работы скрипта!
[2018-10-02 15:45:00Z] - INFO - Автоматический режим работы
[2018-10-02 15:45:00Z] - INFO - Файлы отчетности не найдены в каталоге l:\PTK PSD\Post\ELO\OUT
[2018-10-02 16:00:01Z] - INFO - Автоматический режим работы
[2018-10-02 16:00:01Z] - INFO - Файлы отчетности не найдены в каталоге l:\PTK PSD\Post\ELO\OUT
[2018-10-02 16:15:00Z] - INFO - Автоматический режим работы
[2018-10-02 16:15:00Z] - INFO - Файлы отчетности не найдены в каталоге l:\PTK PSD\Post\ELO\OUT
[2018-10-02 16:30:00Z] - INFO - Автоматический режим работы
[2018-10-02 16:30:00Z] - INFO - Файлы отчетности не найдены в каталоге l:\PTK PSD\Post\ELO\OUT
[2018-10-02 16:45:00Z] - INFO - Автоматический режим работы
[2018-10-02 16:45:00Z] - INFO - Файлы отчетности не найдены в каталоге l:\PTK PSD\Post\ELO\OUT
[2018-10-02 17:00:00Z] - INFO - Автоматический режим работы
[2018-10-02 17:00:01Z] - INFO - Файлы отчетности не найдены в каталоге l:\PTK PSD\Post\ELO\OUT
[2018-10-02 17:15:00Z] - INFO - Автоматический режим работы
[2018-10-02 17:15:31Z] - INFO - Начат автоматический приём по форме 440П 02.10.2018 17:15:00
[2018-10-02 17:15:31Z] - INFO - Копируем файл AFN_MIFNS00_7106962_20181002_00004.ARJ
[2018-10-02 17:15:31Z] - INFO - Сохраняем текущею ключевую дискету
[2018-10-02 17:15:32Z] - INFO - Копирование файлов в архив \\tmn-ts-01\440p\Arhive\02102018
[2018-10-02 17:15:32Z] - INFO - Выполнение операции "Копирование файла" над целевым объектом "Элемент: C:\work\
AFN_MIFNS00_7106962_20181002_00004.ARJ Назначение: \\tmn-ts-01\440p\Arhive\0210
2018\AFN_MIFNS00_7106962_20181002_00004.ARJ".

[2018-10-02 17:15:32Z] - INFO - Снимаем подпись с arj-архивов
[2018-10-02 17:15:32Z] - INFO - Загружаем ключевую дискету C:\DISKET2018\disk\disk22
[2018-10-02 17:15:33Z] - INFO - Начинаем преобразование...
[2018-10-02 17:15:37Z] - INFO - Сравниваем до и после преобразования...
[2018-10-02 17:15:42Z] - INFO - Начинаем разархивацию...
[2018-10-02 17:15:42Z] - INFO - Разархивация файла C:\work\AFN_MIFNS00_7106962_20181002_00004.ARJ
[2018-10-02 17:15:43Z] - INFO - Расшифровываем vrb-файлы
[2018-10-02 17:15:43Z] - INFO - Загружаем ключевую дискету c:\DISKET2018\Disk\DISK21
[2018-10-02 17:15:44Z] - INFO - Начинаем преобразование...
[2018-10-02 17:15:48Z] - INFO - Сравниваем до и после преобразования...
[2018-10-02 17:15:53Z] - INFO - Переименовываем файлы в xml
[2018-10-02 17:15:53Z] - INFO - Снимаем подпись с xml-файлов
[2018-10-02 17:15:53Z] - INFO - Загружаем ключевую дискету C:\DISKET2018\disk\disk22
[2018-10-02 17:15:54Z] - INFO - Начинаем преобразование...
[2018-10-02 17:15:58Z] - INFO - Сравниваем до и после преобразования...
[2018-10-02 17:16:03Z] - INFO - Форматируем xml-файлы
[2018-10-02 17:16:04Z] - INFO - Пришло всего 2 сообщений
Из них:
Запросы: 2

[2018-10-02 17:16:05Z] - INFO - Удаляем файл l:\PTK PSD\Post\ELO\OUT\AFN_MIFNS00_7106962_20181002_00004.ARJ
[2018-10-02 17:16:05Z] - INFO - Загружаем исходную ключевую дискету
[2018-10-02 17:16:06Z] - INFO - Конец работы скрипта!
[2018-10-02 17:30:00Z] - INFO - Автоматический режим работы
[2018-10-02 17:30:00Z] - INFO - Файлы отчетности не найдены в каталоге l:\PTK PSD\Post\ELO\OUT
[2018-10-02 17:45:00Z] - INFO - Автоматический режим работы
[2018-10-02 17:45:00Z] - INFO - Файлы отчетности не найдены в каталоге l:\PTK PSD\Post\ELO\OUT
[2018-10-02 18:00:01Z] - INFO - Автоматический режим работы
[2018-10-02 18:00:01Z] - INFO - Файлы отчетности не найдены в каталоге l:\PTK PSD\Post\ELO\OUT
[2018-10-02 18:01:36Z] - INFO - Обработка отчетности - 440out
[2018-10-02 18:01:36Z] - WARN - Автоматическое копирование в папку c:\work произведено не было!
[2018-10-02 18:01:36Z] - INFO - Сохраняем текущею ключевую дискету
[2018-10-02 18:01:38Z] - INFO - Выполнение операции "Копирование файла" над целевым объектом "Элемент: C:\work\PB1_ROO17106962_720320181002_000181.xml 
Назначение: \\tmn-ts-01\440p\Arhive\02102018\PB1_ROO17106962_720320181002_000181.xml".
Выполнение операции "Копирование файла" над целевым объектом "Элемент: C:\work\PB1_ROO17106962_770120181002_001346.xml 
Назначение: \\tmn-ts-01\440p\Arhive\02102018\PB1_ROO17106962_770120181002_001346.xml".
Выполнение операции "Копирование файла" над целевым объектом "Элемент: C:\work\PB1_ROO17106962_890120181001_000140.xml 
Назначение: \\tmn-ts-01\440p\Arhive\02102018\PB1_ROO17106962_890120181001_000140.xml".
Выполнение операции "Копирование файла" над целевым объектом "Элемент: C:\work\PB1_ROO17106962_890120181001_000221.xml 
Назначение: \\tmn-ts-01\440p\Arhive\02102018\PB1_ROO17106962_890120181001_000221.xml".
Выполнение операции "Копирование файла" над целевым объектом "Элемент: C:\work\PB1_ROO17106962_890120181001_000225.xml 
Назначение: \\tmn-ts-01\440p\Arhive\02102018\PB1_ROO17106962_890120181001_000225.xml".
Выполнение операции "Копирование файла" над целевым объектом "Элемент: C:\work\PB1_ROO17106962_890120181001_000238.xml 
Назначение: \\tmn-ts-01\440p\Arhive\02102018\PB1_ROO17106962_890120181001_000238.xml".
Выполнение операции "Копирование файла" над целевым объектом "Элемент: C:\work\PB1_ZSV17106962_720620181001_000297.xml 
Назначение: \\tmn-ts-01\440p\Arhive\02102018\PB1_ZSV17106962_720620181001_000297.xml".
Выполнение операции "Копирование файла" над целевым объектом "Элемент: C:\work\PB1_ZSV17106962_720620181001_000298.xml 
Назначение: \\tmn-ts-01\440p\Arhive\02102018\PB1_ZSV17106962_720620181001_000298.xml".
Выполнение операции "Копирование файла" над целевым объектом "Элемент: C:\work\PB1_ZSV17106962_722420181001_000071.xml 
Назначение: \\tmn-ts-01\440p\Arhive\02102018\PB1_ZSV17106962_722420181001_000071.xml".
Выполнение операции "Копирование файла" над целевым объектом "Элемент: C:\work\PB1_ZSV17106962_890120181002_000241.xml 
Назначение: \\tmn-ts-01\440p\Arhive\02102018\PB1_ZSV17106962_890120181002_000241.xml".
Выполнение операции "Копирование файла" над целевым объектом "Элемент: C:\work\PB1_ZSV17106962_890120181002_000245.xml 
Назначение: \\tmn-ts-01\440p\Arhive\02102018\PB1_ZSV17106962_890120181002_000245.xml".
Выполнение операции "Копирование файла" над целевым объектом "Элемент: C:\work\PB1_ZSV17106962_890120181002_000256.xml 
Назначение: \\tmn-ts-01\440p\Arhive\02102018\PB1_ZSV17106962_890120181002_000256.xml".
Выполнение операции "Копирование файла" над целевым объектом "Элемент: C:\work\PB1_ZSV17106962_890320181001_000154.xml 
Назначение: \\tmn-ts-01\440p\Arhive\02102018\PB1_ZSV17106962_890320181001_000154.xml".
Выполнение операции "Копирование файла" над целевым объектом "Элемент: C:\work\PB1_ZSV17106962_890320181001_000155.xml 
Назначение: \\tmn-ts-01\440p\Arhive\02102018\PB1_ZSV17106962_890320181001_000155.xml".
Выполнение операции "Копирование файла" над целевым объектом "Элемент: C:\work\PB1_ZSV17106962_890420181001_001388.xml 
Назначение: \\tmn-ts-01\440p\Arhive\02102018\PB1_ZSV17106962_890420181001_001388.xml".
Выполнение операции "Копирование файла" над целевым объектом "Элемент: C:\work\PB1_ZSV17106962_890420181001_001446.xml 
Назначение: \\tmn-ts-01\440p\Arhive\02102018\PB1_ZSV17106962_890420181001_001446.xml".
Выполнение операции "Копирование файла" над целевым объектом "Элемент: C:\work\PB1_ZSV17106962_890420181001_002333.xml 
Назначение: \\tmn-ts-01\440p\Arhive\02102018\PB1_ZSV17106962_890420181001_002333.xml".
Выполнение операции "Копирование файла" над целевым объектом "Элемент: C:\work\PB1_ZSV17106962_890420181001_002627.xml 
Назначение: \\tmn-ts-01\440p\Arhive\02102018\PB1_ZSV17106962_890420181001_002627.xml".
Выполнение операции "Копирование файла" над целевым объектом "Элемент: C:\work\PB1_ZSV17106962_890420181001_002780.xml 
Назначение: \\tmn-ts-01\440p\Arhive\02102018\PB1_ZSV17106962_890420181001_002780.xml".

[2018-10-02 18:01:38Z] - INFO - Копирование файлов в архив \\tmn-ts-01\440p\Arhive\02102018
[2018-10-02 18:01:38Z] - INFO - Переименовываем файлы *.xml -> *.vrb
[2018-10-02 18:01:38Z] - INFO - Подписываем все файлы
[2018-10-02 18:01:38Z] - INFO - Загружаем ключевую дискету c:\DISKET2017-1\Disk\DISK2
[2018-10-02 18:01:38Z] - INFO - Начинаем преобразование...
[2018-10-02 18:01:46Z] - INFO - Сравниваем до и после преобразования...
[2018-10-02 18:01:51Z] - INFO - Начинаем архивацию...
[2018-10-02 18:01:51Z] - INFO - Подписываем файл архива c:\work\AFN_7106962_MIFNS00_20181002_00002.arj
[2018-10-02 18:01:51Z] - INFO - Загружаем ключевую дискету c:\DISKET2017-1\Disk\DISK2
[2018-10-02 18:01:53Z] - INFO - Начинаем преобразование...
[2018-10-02 18:01:59Z] - INFO - Сравниваем до и после преобразования...
[2018-10-02 18:02:04Z] - INFO - Копируем файл архива AFN_7106962_MIFNS00_20181002_00002.arj в \\tmn-ts-01\440p\Arhive\02102018
[2018-10-02 18:02:04Z] - INFO - Копируем файл архива AFN_7106962_MIFNS00_20181002_00002.arj в l:\PTK PSD\Post\Post
[2018-10-02 18:02:04Z] - INFO - Отправленно всего 19 сообщений
Из них:
Потверждения: 19

[2018-10-02 18:02:04Z] - INFO - Загружаем исходную ключевую дискету
[2018-10-02 18:02:05Z] - INFO - Конец работы скрипта!
[2018-10-02 18:15:00Z] - INFO - Автоматический режим работы
[2018-10-02 18:15:00Z] - INFO - Файлы отчетности не найдены в каталоге l:\PTK PSD\Post\ELO\OUT
[2018-10-02 18:30:00Z] - INFO - Автоматический режим работы
[2018-10-02 18:30:00Z] - INFO - Файлы отчетности не найдены в каталоге l:\PTK PSD\Post\ELO\OUT
[2018-10-02 18:45:00Z] - INFO - Автоматический режим работы
[2018-10-02 18:45:00Z] - INFO - Файлы отчетности не найдены в каталоге l:\PTK PSD\Post\ELO\OUT
[2018-10-02 19:00:01Z] - INFO - Автоматический режим работы
[2018-10-02 19:00:01Z] - INFO - Файлы отчетности не найдены в каталоге l:\PTK PSD\Post\ELO\OUT
[2018-10-02 19:15:00Z] - INFO - Автоматический режим работы
[2018-10-02 19:15:00Z] - INFO - Файлы отчетности не найдены в каталоге l:\PTK PSD\Post\ELO\OUT
[2018-10-02 19:30:00Z] - INFO - Автоматический режим работы
[2018-10-02 19:30:00Z] - INFO - Файлы отчетности не найдены в каталоге l:\PTK PSD\Post\ELO\OUT
[2018-10-02 19:45:00Z] - INFO - Автоматический режим работы
[2018-10-02 19:45:00Z] - INFO - Файлы отчетности не найдены в каталоге l:\PTK PSD\Post\ELO\OUT
[2018-10-02 20:00:00Z] - INFO - Автоматический режим работы
[2018-10-02 20:00:00Z] - INFO - Файлы отчетности не найдены в каталоге l:\PTK PSD\Post\ELO\OUT
[2018-10-02 20:15:00Z] - INFO - Автоматический режим работы
[2018-10-02 20:15:01Z] - INFO - Начат автоматический приём по форме 440П 02.10.2018 20:15:00
[2018-10-02 20:15:01Z] - INFO - Копируем файл AFN_MIFNS00_7106962_20181002_00005.ARJ
[2018-10-02 20:15:01Z] - INFO - Сохраняем текущею ключевую дискету
[2018-10-02 20:15:02Z] - INFO - Копирование файлов в архив \\tmn-ts-01\440p\Arhive\02102018
[2018-10-02 20:15:02Z] - INFO - Выполнение операции "Копирование файла" над целевым объектом "Элемент: C:\work\
AFN_MIFNS00_7106962_20181002_00005.ARJ Назначение: \\tmn-ts-01\440p\Arhive\0210
2018\AFN_MIFNS00_7106962_20181002_00005.ARJ".

[2018-10-02 20:15:02Z] - INFO - Снимаем подпись с arj-архивов
[2018-10-02 20:15:02Z] - INFO - Загружаем ключевую дискету C:\DISKET2018\disk\disk22
[2018-10-02 20:15:03Z] - INFO - Начинаем преобразование...
[2018-10-02 20:15:08Z] - INFO - Сравниваем до и после преобразования...
[2018-10-02 20:15:13Z] - INFO - Начинаем разархивацию...
[2018-10-02 20:15:13Z] - INFO - Разархивация файла C:\work\AFN_MIFNS00_7106962_20181002_00005.ARJ
[2018-10-02 20:15:14Z] - INFO - Снимаем подпись с xml-файлов
[2018-10-02 20:15:14Z] - INFO - Загружаем ключевую дискету C:\DISKET2018\disk\disk22
[2018-10-02 20:15:15Z] - INFO - Начинаем преобразование...
[2018-10-02 20:15:19Z] - INFO - Сравниваем до и после преобразования...
[2018-10-02 20:15:24Z] - INFO - Форматируем xml-файлы
[2018-10-02 20:15:24Z] - INFO - Пришли подтверждения
[2018-10-02 20:15:25Z] - INFO - Пришли успешные подтверждения - 3 шт.
Потверждения находятся в каталоге \\tmn-ts-01\440p\ack\02102018


[2018-10-02 20:15:25Z] - INFO - Удаляем файл l:\PTK PSD\Post\ELO\OUT\AFN_MIFNS00_7106962_20181002_00005.ARJ
[2018-10-02 20:15:25Z] - INFO - Загружаем исходную ключевую дискету
[2018-10-02 20:15:27Z] - INFO - Конец работы скрипта!
[2018-10-02 20:30:00Z] - INFO - Автоматический режим работы
[2018-10-02 20:30:00Z] - INFO - Файлы отчетности не найдены в каталоге l:\PTK PSD\Post\ELO\OUT
[2018-10-02 20:45:00Z] - INFO - Автоматический режим работы
[2018-10-02 20:45:00Z] - INFO - Файлы отчетности не найдены в каталоге l:\PTK PSD\Post\ELO\OUT
[2018-10-02 21:00:00Z] - INFO - Автоматический режим работы
[2018-10-02 21:00:00Z] - INFO - Файлы отчетности не найдены в каталоге l:\PTK PSD\Post\ELO\OUT
[2018-10-02 21:15:00Z] - INFO - Автоматический режим работы
[2018-10-02 21:15:00Z] - INFO - Файлы отчетности не найдены в каталоге l:\PTK PSD\Post\ELO\OUT
[2018-10-02 21:30:00Z] - INFO - Автоматический режим работы
[2018-10-02 21:30:00Z] - INFO - Файлы отчетности не найдены в каталоге l:\PTK PSD\Post\ELO\OUT
[2018-10-02 21:45:00Z] - INFO - Автоматический режим работы
[2018-10-02 21:45:00Z] - INFO - Файлы отчетности не найдены в каталоге l:\PTK PSD\Post\ELO\OUT
[2018-10-02 22:00:00Z] - INFO - Автоматический режим работы
[2018-10-02 22:00:00Z] - INFO - Файлы отчетности не найдены в каталоге l:\PTK PSD\Post\ELO\OUT
[2018-10-02 22:15:00Z] - INFO - Автоматический режим работы
[2018-10-02 22:15:00Z] - INFO - Файлы отчетности не найдены в каталоге l:\PTK PSD\Post\ELO\OUT
[2018-10-02 22:30:00Z] - INFO - Автоматический режим работы
[2018-10-02 22:30:00Z] - INFO - Файлы отчетности не найдены в каталоге l:\PTK PSD\Post\ELO\OUT
[2018-10-02 22:45:00Z] - INFO - Автоматический режим работы
[2018-10-02 22:45:00Z] - INFO - Файлы отчетности не найдены в каталоге l:\PTK PSD\Post\ELO\OUT
[2018-10-02 23:00:00Z] - INFO - Автоматический режим работы
[2018-10-02 23:00:00Z] - INFO - Файлы отчетности не найдены в каталоге l:\PTK PSD\Post\ELO\OUT
[2018-10-02 23:15:00Z] - INFO - Автоматический режим работы
[2018-10-02 23:15:00Z] - INFO - Файлы отчетности не найдены в каталоге l:\PTK PSD\Post\ELO\OUT
[2018-10-02 23:30:00Z] - INFO - Автоматический режим работы
[2018-10-02 23:30:00Z] - INFO - Файлы отчетности не найдены в каталоге l:\PTK PSD\Post\ELO\OUT
[2018-10-02 23:45:00Z] - INFO - Автоматический режим работы
[2018-10-02 23:45:00Z] - INFO - Файлы отчетности не найдены в каталоге l:\PTK PSD\Post\ELO\OUT
