[2018-11-02 00:00:04Z] - INFO - Автоматический режим работы
[2018-11-02 00:00:04Z] - INFO - Файлы отчетности не найдены в каталоге l:\PTK PSD\Post\ELO\OUT
[2018-11-02 00:15:00Z] - INFO - Автоматический режим работы
[2018-11-02 00:15:00Z] - INFO - Файлы отчетности не найдены в каталоге l:\PTK PSD\Post\ELO\OUT
[2018-11-02 00:30:00Z] - INFO - Автоматический режим работы
[2018-11-02 00:30:00Z] - INFO - Файлы отчетности не найдены в каталоге l:\PTK PSD\Post\ELO\OUT
[2018-11-02 00:45:00Z] - INFO - Автоматический режим работы
[2018-11-02 00:45:00Z] - INFO - Файлы отчетности не найдены в каталоге l:\PTK PSD\Post\ELO\OUT
[2018-11-02 01:00:00Z] - INFO - Автоматический режим работы
[2018-11-02 01:00:00Z] - INFO - Файлы отчетности не найдены в каталоге l:\PTK PSD\Post\ELO\OUT
[2018-11-02 01:15:00Z] - INFO - Автоматический режим работы
[2018-11-02 01:15:00Z] - INFO - Файлы отчетности не найдены в каталоге l:\PTK PSD\Post\ELO\OUT
[2018-11-02 01:30:00Z] - INFO - Автоматический режим работы
[2018-11-02 01:30:00Z] - INFO - Файлы отчетности не найдены в каталоге l:\PTK PSD\Post\ELO\OUT
[2018-11-02 01:45:00Z] - INFO - Автоматический режим работы
[2018-11-02 01:45:00Z] - INFO - Файлы отчетности не найдены в каталоге l:\PTK PSD\Post\ELO\OUT
[2018-11-02 02:00:00Z] - INFO - Автоматический режим работы
[2018-11-02 02:00:00Z] - INFO - Файлы отчетности не найдены в каталоге l:\PTK PSD\Post\ELO\OUT
[2018-11-02 02:15:00Z] - INFO - Автоматический режим работы
[2018-11-02 02:15:00Z] - INFO - Файлы отчетности не найдены в каталоге l:\PTK PSD\Post\ELO\OUT
[2018-11-02 02:30:12Z] - INFO - Автоматический режим работы
[2018-11-02 02:30:13Z] - INFO - Файлы отчетности не найдены в каталоге l:\PTK PSD\Post\ELO\OUT
[2018-11-02 02:45:00Z] - INFO - Автоматический режим работы
[2018-11-02 02:45:00Z] - INFO - Файлы отчетности не найдены в каталоге l:\PTK PSD\Post\ELO\OUT
[2018-11-02 03:00:00Z] - INFO - Автоматический режим работы
[2018-11-02 03:00:00Z] - INFO - Файлы отчетности не найдены в каталоге l:\PTK PSD\Post\ELO\OUT
[2018-11-02 03:15:00Z] - INFO - Автоматический режим работы
[2018-11-02 03:15:00Z] - INFO - Файлы отчетности не найдены в каталоге l:\PTK PSD\Post\ELO\OUT
[2018-11-02 03:30:00Z] - INFO - Автоматический режим работы
[2018-11-02 03:30:00Z] - INFO - Файлы отчетности не найдены в каталоге l:\PTK PSD\Post\ELO\OUT
[2018-11-02 03:45:00Z] - INFO - Автоматический режим работы
[2018-11-02 03:45:00Z] - INFO - Файлы отчетности не найдены в каталоге l:\PTK PSD\Post\ELO\OUT
[2018-11-02 04:00:00Z] - INFO - Автоматический режим работы
[2018-11-02 04:00:00Z] - INFO - Файлы отчетности не найдены в каталоге l:\PTK PSD\Post\ELO\OUT
[2018-11-02 04:15:00Z] - INFO - Автоматический режим работы
[2018-11-02 04:15:00Z] - INFO - Файлы отчетности не найдены в каталоге l:\PTK PSD\Post\ELO\OUT
[2018-11-02 04:30:00Z] - INFO - Автоматический режим работы
[2018-11-02 04:30:00Z] - INFO - Файлы отчетности не найдены в каталоге l:\PTK PSD\Post\ELO\OUT
[2018-11-02 04:45:00Z] - INFO - Автоматический режим работы
[2018-11-02 04:45:00Z] - INFO - Файлы отчетности не найдены в каталоге l:\PTK PSD\Post\ELO\OUT
[2018-11-02 05:00:00Z] - INFO - Автоматический режим работы
[2018-11-02 05:00:00Z] - INFO - Файлы отчетности не найдены в каталоге l:\PTK PSD\Post\ELO\OUT
[2018-11-02 05:15:00Z] - INFO - Автоматический режим работы
[2018-11-02 05:15:00Z] - INFO - Файлы отчетности не найдены в каталоге l:\PTK PSD\Post\ELO\OUT
[2018-11-02 05:30:00Z] - INFO - Автоматический режим работы
[2018-11-02 05:30:00Z] - INFO - Файлы отчетности не найдены в каталоге l:\PTK PSD\Post\ELO\OUT
[2018-11-02 05:45:00Z] - INFO - Автоматический режим работы
[2018-11-02 05:45:00Z] - INFO - Файлы отчетности не найдены в каталоге l:\PTK PSD\Post\ELO\OUT
[2018-11-02 06:00:00Z] - INFO - Автоматический режим работы
[2018-11-02 06:00:00Z] - INFO - Файлы отчетности не найдены в каталоге l:\PTK PSD\Post\ELO\OUT
[2018-11-02 06:15:00Z] - INFO - Автоматический режим работы
[2018-11-02 06:15:00Z] - INFO - Файлы отчетности не найдены в каталоге l:\PTK PSD\Post\ELO\OUT
[2018-11-02 06:30:00Z] - INFO - Автоматический режим работы
[2018-11-02 06:30:00Z] - INFO - Файлы отчетности не найдены в каталоге l:\PTK PSD\Post\ELO\OUT
[2018-11-02 06:45:00Z] - INFO - Автоматический режим работы
[2018-11-02 06:45:00Z] - INFO - Файлы отчетности не найдены в каталоге l:\PTK PSD\Post\ELO\OUT
[2018-11-02 07:00:00Z] - INFO - Автоматический режим работы
[2018-11-02 07:00:00Z] - INFO - Файлы отчетности не найдены в каталоге l:\PTK PSD\Post\ELO\OUT
[2018-11-02 07:15:00Z] - INFO - Автоматический режим работы
[2018-11-02 07:15:00Z] - INFO - Файлы отчетности не найдены в каталоге l:\PTK PSD\Post\ELO\OUT
[2018-11-02 07:30:00Z] - INFO - Автоматический режим работы
[2018-11-02 07:30:00Z] - INFO - Файлы отчетности не найдены в каталоге l:\PTK PSD\Post\ELO\OUT
[2018-11-02 07:45:00Z] - INFO - Автоматический режим работы
[2018-11-02 07:45:00Z] - INFO - Файлы отчетности не найдены в каталоге l:\PTK PSD\Post\ELO\OUT
[2018-11-02 08:00:00Z] - INFO - Автоматический режим работы
[2018-11-02 08:00:00Z] - INFO - Файлы отчетности не найдены в каталоге l:\PTK PSD\Post\ELO\OUT
[2018-11-02 08:15:00Z] - INFO - Автоматический режим работы
[2018-11-02 08:15:00Z] - INFO - Файлы отчетности не найдены в каталоге l:\PTK PSD\Post\ELO\OUT
[2018-11-02 08:30:00Z] - INFO - Автоматический режим работы
[2018-11-02 08:30:00Z] - INFO - Файлы отчетности не найдены в каталоге l:\PTK PSD\Post\ELO\OUT
[2018-11-02 08:45:00Z] - INFO - Автоматический режим работы
[2018-11-02 08:45:00Z] - INFO - Файлы отчетности не найдены в каталоге l:\PTK PSD\Post\ELO\OUT
[2018-11-02 09:00:01Z] - INFO - Автоматический режим работы
[2018-11-02 09:00:01Z] - INFO - Файлы отчетности не найдены в каталоге l:\PTK PSD\Post\ELO\OUT
[2018-11-02 09:15:00Z] - INFO - Автоматический режим работы
[2018-11-02 09:15:00Z] - INFO - Файлы отчетности не найдены в каталоге l:\PTK PSD\Post\ELO\OUT
[2018-11-02 09:30:00Z] - INFO - Автоматический режим работы
[2018-11-02 09:30:00Z] - INFO - Файлы отчетности не найдены в каталоге l:\PTK PSD\Post\ELO\OUT
[2018-11-02 09:45:00Z] - INFO - Автоматический режим работы
[2018-11-02 09:45:00Z] - INFO - Файлы отчетности не найдены в каталоге l:\PTK PSD\Post\ELO\OUT
[2018-11-02 10:00:00Z] - INFO - Автоматический режим работы
[2018-11-02 10:00:01Z] - INFO - Файлы отчетности не найдены в каталоге l:\PTK PSD\Post\ELO\OUT
[2018-11-02 10:15:00Z] - INFO - Автоматический режим работы
[2018-11-02 10:15:00Z] - INFO - Файлы отчетности не найдены в каталоге l:\PTK PSD\Post\ELO\OUT
[2018-11-02 10:30:00Z] - INFO - Автоматический режим работы
[2018-11-02 10:30:00Z] - INFO - Файлы отчетности не найдены в каталоге l:\PTK PSD\Post\ELO\OUT
[2018-11-02 10:45:00Z] - INFO - Автоматический режим работы
[2018-11-02 10:45:00Z] - INFO - Файлы отчетности не найдены в каталоге l:\PTK PSD\Post\ELO\OUT
[2018-11-02 11:00:01Z] - INFO - Автоматический режим работы
[2018-11-02 11:00:01Z] - INFO - Файлы отчетности не найдены в каталоге l:\PTK PSD\Post\ELO\OUT
[2018-11-02 11:15:00Z] - INFO - Автоматический режим работы
[2018-11-02 11:15:00Z] - INFO - Файлы отчетности не найдены в каталоге l:\PTK PSD\Post\ELO\OUT
[2018-11-02 11:30:00Z] - INFO - Автоматический режим работы
[2018-11-02 11:30:00Z] - INFO - Файлы отчетности не найдены в каталоге l:\PTK PSD\Post\ELO\OUT
[2018-11-02 11:45:00Z] - INFO - Автоматический режим работы
[2018-11-02 11:45:00Z] - INFO - Файлы отчетности не найдены в каталоге l:\PTK PSD\Post\ELO\OUT
[2018-11-02 12:00:00Z] - INFO - Автоматический режим работы
[2018-11-02 12:00:01Z] - INFO - Файлы отчетности не найдены в каталоге l:\PTK PSD\Post\ELO\OUT
[2018-11-02 12:15:00Z] - INFO - Автоматический режим работы
[2018-11-02 12:15:00Z] - INFO - Файлы отчетности не найдены в каталоге l:\PTK PSD\Post\ELO\OUT
[2018-11-02 12:30:00Z] - INFO - Автоматический режим работы
[2018-11-02 12:30:00Z] - INFO - Файлы отчетности не найдены в каталоге l:\PTK PSD\Post\ELO\OUT
[2018-11-02 12:45:00Z] - INFO - Автоматический режим работы
[2018-11-02 12:45:00Z] - INFO - Файлы отчетности не найдены в каталоге l:\PTK PSD\Post\ELO\OUT
[2018-11-02 13:00:00Z] - INFO - Автоматический режим работы
[2018-11-02 13:00:01Z] - INFO - Файлы отчетности не найдены в каталоге l:\PTK PSD\Post\ELO\OUT
[2018-11-02 13:15:03Z] - INFO - Автоматический режим работы
[2018-11-02 13:15:04Z] - INFO - Начат автоматический приём по форме 440П 02.11.2018 13:15:03
[2018-11-02 13:15:05Z] - INFO - Копируем файл AFN_MIFNS00_7106962_20181101_00004.ARJ
[2018-11-02 13:15:05Z] - INFO - Сохраняем текущею ключевую дискету
[2018-11-02 13:15:06Z] - INFO - Копирование файлов в архив \\tmn-ts-01\440p\Arhive\02112018
[2018-11-02 13:15:06Z] - INFO - Выполнение операции "Копирование файла" над целевым объектом "Элемент: C:\work\
AFN_MIFNS00_7106962_20181101_00004.ARJ Назначение: \\tmn-ts-01\440p\Arhive\0211
2018\AFN_MIFNS00_7106962_20181101_00004.ARJ".

[2018-11-02 13:15:06Z] - INFO - Снимаем подпись с arj-архивов
[2018-11-02 13:15:06Z] - INFO - Загружаем ключевую дискету C:\DISKET2018\disk\disk22
[2018-11-02 13:15:06Z] - INFO - Начинаем преобразование...
[2018-11-02 13:15:11Z] - INFO - Сравниваем до и после преобразования...
[2018-11-02 13:15:16Z] - INFO - Начинаем разархивацию...
[2018-11-02 13:15:16Z] - INFO - Разархивация файла C:\work\AFN_MIFNS00_7106962_20181101_00004.ARJ
[2018-11-02 13:15:17Z] - INFO - Расшифровываем vrb-файлы
[2018-11-02 13:15:17Z] - INFO - Загружаем ключевую дискету c:\DISKET2018\Disk\DISK21
[2018-11-02 13:15:19Z] - INFO - Начинаем преобразование...
[2018-11-02 13:15:24Z] - INFO - Сравниваем до и после преобразования...
[2018-11-02 13:15:29Z] - INFO - Переименовываем файлы в xml
[2018-11-02 13:15:29Z] - INFO - Снимаем подпись с xml-файлов
[2018-11-02 13:15:29Z] - INFO - Загружаем ключевую дискету C:\DISKET2018\disk\disk22
[2018-11-02 13:15:30Z] - INFO - Начинаем преобразование...
[2018-11-02 13:15:35Z] - INFO - Сравниваем до и после преобразования...
[2018-11-02 13:15:40Z] - INFO - Форматируем xml-файлы
[2018-11-02 13:15:41Z] - INFO - Пришло всего 4 сообщений
Из них:
Поручения: 3
Запросы: 1

[2018-11-02 13:15:42Z] - INFO - Удаляем файл l:\PTK PSD\Post\ELO\OUT\AFN_MIFNS00_7106962_20181101_00004.ARJ
[2018-11-02 13:15:42Z] - INFO - Загружаем исходную ключевую дискету
[2018-11-02 13:15:43Z] - INFO - Конец работы скрипта!
[2018-11-02 13:30:00Z] - INFO - Автоматический режим работы
[2018-11-02 13:30:22Z] - INFO - Начат автоматический приём по форме 440П 02.11.2018 13:30:00
[2018-11-02 13:31:04Z] - ERRR - Путь \\191.168.6.12\quorum\TMN\ARM_440 не найден!
[2018-11-02 13:31:04Z] - INFO - Нажмите любую клавишу для продолжения
[2018-11-02 14:45:00Z] - INFO - Автоматический режим работы
[2018-11-02 14:45:01Z] - INFO - Начат автоматический приём по форме 440П 02.11.2018 14:45:00
[2018-11-02 14:45:01Z] - INFO - Копируем файл AFN_MIFNS00_7106962_20181102_00001.ARJ
[2018-11-02 14:45:01Z] - INFO - Копируем файл AFN_MIFNS00_7106962_20181102_00002.ARJ
[2018-11-02 14:45:01Z] - INFO - Сохраняем текущею ключевую дискету
[2018-11-02 14:45:03Z] - INFO - Копирование файлов в архив \\tmn-ts-01\440p\Arhive\02112018
[2018-11-02 14:45:03Z] - INFO - Выполнение операции "Копирование файла" над целевым объектом "Элемент: C:\work\
AFN_MIFNS00_7106962_20181102_00001.ARJ Назначение: \\tmn-ts-01\440p\Arhive\0211
2018\AFN_MIFNS00_7106962_20181102_00001.ARJ".
Выполнение операции "Копирование файла" над целевым объектом "Элемент: C:\work\
AFN_MIFNS00_7106962_20181102_00002.ARJ Назначение: \\tmn-ts-01\440p\Arhive\0211
2018\AFN_MIFNS00_7106962_20181102_00002.ARJ".

[2018-11-02 14:45:03Z] - INFO - Снимаем подпись с arj-архивов
[2018-11-02 14:45:03Z] - INFO - Загружаем ключевую дискету C:\DISKET2018\disk\disk22
[2018-11-02 14:45:03Z] - INFO - Начинаем преобразование...
[2018-11-02 14:45:08Z] - INFO - Сравниваем до и после преобразования...
[2018-11-02 14:45:13Z] - INFO - Начинаем разархивацию...
[2018-11-02 14:45:13Z] - INFO - Разархивация файла C:\work\AFN_MIFNS00_7106962_20181102_00001.ARJ
[2018-11-02 14:45:14Z] - INFO - Разархивация файла C:\work\AFN_MIFNS00_7106962_20181102_00002.ARJ
[2018-11-02 14:45:15Z] - INFO - Снимаем подпись с xml-файлов
[2018-11-02 14:45:15Z] - INFO - Загружаем ключевую дискету C:\DISKET2018\disk\disk22
[2018-11-02 14:45:16Z] - INFO - Начинаем преобразование...
[2018-11-02 14:45:21Z] - INFO - Сравниваем до и после преобразования...
[2018-11-02 14:45:27Z] - INFO - Форматируем xml-файлы
[2018-11-02 14:45:27Z] - INFO - Пришли подтверждения
[2018-11-02 14:45:27Z] - INFO - Пришли успешные подтверждения - 24 шт.
Потверждения находятся в каталоге \\tmn-ts-01\440p\ack\02112018


[2018-11-02 14:45:32Z] - INFO - Удаляем файл l:\PTK PSD\Post\ELO\OUT\AFN_MIFNS00_7106962_20181102_00001.ARJ
[2018-11-02 14:45:32Z] - INFO - Удаляем файл l:\PTK PSD\Post\ELO\OUT\AFN_MIFNS00_7106962_20181102_00002.ARJ
[2018-11-02 14:45:32Z] - INFO - Загружаем исходную ключевую дискету
[2018-11-02 14:45:34Z] - INFO - Конец работы скрипта!
[2018-11-02 15:00:01Z] - INFO - Автоматический режим работы
[2018-11-02 15:00:01Z] - INFO - Файлы отчетности не найдены в каталоге l:\PTK PSD\Post\ELO\OUT
[2018-11-02 15:00:22Z] - INFO - Обработка отчетности - 440out
[2018-11-02 15:00:22Z] - WARN - Автоматическое копирование в папку c:\work произведено не было!
[2018-11-02 15:00:22Z] - INFO - Сохраняем текущею ключевую дискету
[2018-11-02 15:00:24Z] - INFO - Выполнение операции "Копирование файла" над целевым объектом "Элемент: C:\work\BVD1_ZSV17106962_081320181101_000003_201
81102_0002_000001_000001.xml Назначение: \\tmn-ts-01\440p\Arhive\02112018\BVD1_ZSV17106962_081320181101_000003_20181102
_0002_000001_000001.xml".
Выполнение операции "Копирование файла" над целевым объектом "Элемент: C:\work\BVS1_ZSV17106962_081320181101_000003_201
81102_0002.xml Назначение: \\tmn-ts-01\440p\Arhive\02112018\BVS1_ZSV17106962_081320181101_000003_20181102_0002.xml".
Выполнение операции "Копирование файла" над целевым объектом "Элемент: C:\work\PB1_PNO17106962_890320181101_000049.xml 
Назначение: \\tmn-ts-01\440p\Arhive\02112018\PB1_PNO17106962_890320181101_000049.xml".
Выполнение операции "Копирование файла" над целевым объектом "Элемент: C:\work\PB1_PNO17106962_890320181101_000050.xml 
Назначение: \\tmn-ts-01\440p\Arhive\02112018\PB1_PNO17106962_890320181101_000050.xml".
Выполнение операции "Копирование файла" над целевым объектом "Элемент: C:\work\PB1_PNO17106962_890320181101_000051.xml 
Назначение: \\tmn-ts-01\440p\Arhive\02112018\PB1_PNO17106962_890320181101_000051.xml".
Выполнение операции "Копирование файла" над целевым объектом "Элемент: C:\work\PB1_ZSV17106962_081320181101_000003.xml 
Назначение: \\tmn-ts-01\440p\Arhive\02112018\PB1_ZSV17106962_081320181101_000003.xml".

[2018-11-02 15:00:24Z] - INFO - Копирование файлов в архив \\tmn-ts-01\440p\Arhive\02112018
[2018-11-02 15:00:24Z] - INFO - Переименовываем файлы *.xml -> *.vrb
[2018-11-02 15:00:24Z] - INFO - Подписываем все файлы
[2018-11-02 15:00:24Z] - INFO - Загружаем ключевую дискету c:\DISKET2017-1\Disk\DISK2
[2018-11-02 15:00:24Z] - INFO - Начинаем преобразование...
[2018-11-02 15:00:34Z] - INFO - Сравниваем до и после преобразования...
[2018-11-02 15:00:39Z] - INFO - Зашифровываем vrb-файлы
[2018-11-02 15:00:39Z] - INFO - Загружаем ключевую дискету c:\DISKET2018\Disk\DISK21
[2018-11-02 15:00:40Z] - INFO - Начинаем преобразование...
[2018-11-02 15:00:49Z] - INFO - Сравниваем до и после преобразования...
[2018-11-02 15:00:49Z] - ERRR - Часть файлов не были преобразованы!
[2018-11-02 15:00:49Z] - INFO - Начинаем преобразование...
[2018-11-02 15:00:55Z] - INFO - Сравниваем до и после преобразования...
[2018-11-02 15:01:00Z] - INFO - Начинаем архивацию...
[2018-11-02 15:01:00Z] - INFO - Подписываем файл архива c:\work\AFN_7106962_MIFNS00_20181102_00001.arj
[2018-11-02 15:01:00Z] - INFO - Загружаем ключевую дискету c:\DISKET2017-1\Disk\DISK2
[2018-11-02 15:01:02Z] - INFO - Начинаем преобразование...
[2018-11-02 15:01:08Z] - INFO - Сравниваем до и после преобразования...
[2018-11-02 15:01:13Z] - INFO - Копируем файл архива AFN_7106962_MIFNS00_20181102_00001.arj в \\tmn-ts-01\440p\Arhive\02112018
[2018-11-02 15:01:13Z] - INFO - Копируем файл архива AFN_7106962_MIFNS00_20181102_00001.arj в l:\PTK PSD\Post\Post
[2018-11-02 15:01:13Z] - INFO - Отправленно всего 6 сообщений
Из них:
Сведения: 1
Выписка: 1
Потверждения: 4

[2018-11-02 15:01:13Z] - INFO - Загружаем исходную ключевую дискету
[2018-11-02 15:01:15Z] - INFO - Конец работы скрипта!
[2018-11-02 15:15:00Z] - INFO - Автоматический режим работы
[2018-11-02 15:15:00Z] - INFO - Файлы отчетности не найдены в каталоге l:\PTK PSD\Post\ELO\OUT
[2018-11-02 15:30:00Z] - INFO - Автоматический режим работы
[2018-11-02 15:30:00Z] - INFO - Файлы отчетности не найдены в каталоге l:\PTK PSD\Post\ELO\OUT
[2018-11-02 15:45:00Z] - INFO - Автоматический режим работы
[2018-11-02 15:45:00Z] - INFO - Файлы отчетности не найдены в каталоге l:\PTK PSD\Post\ELO\OUT
[2018-11-02 16:00:01Z] - INFO - Автоматический режим работы
[2018-11-02 16:00:01Z] - INFO - Файлы отчетности не найдены в каталоге l:\PTK PSD\Post\ELO\OUT
[2018-11-02 16:15:00Z] - INFO - Автоматический режим работы
[2018-11-02 16:15:01Z] - INFO - Начат автоматический приём по форме 440П 02.11.2018 16:15:00
[2018-11-02 16:15:01Z] - INFO - Копируем файл AFN_MIFNS00_7106962_20181102_00003.ARJ
[2018-11-02 16:15:01Z] - INFO - Сохраняем текущею ключевую дискету
[2018-11-02 16:15:03Z] - INFO - Копирование файлов в архив \\tmn-ts-01\440p\Arhive\02112018
[2018-11-02 16:15:03Z] - INFO - Выполнение операции "Копирование файла" над целевым объектом "Элемент: C:\work\
AFN_MIFNS00_7106962_20181102_00003.ARJ Назначение: \\tmn-ts-01\440p\Arhive\0211
2018\AFN_MIFNS00_7106962_20181102_00003.ARJ".

[2018-11-02 16:15:03Z] - INFO - Снимаем подпись с arj-архивов
[2018-11-02 16:15:03Z] - INFO - Загружаем ключевую дискету C:\DISKET2018\disk\disk22
[2018-11-02 16:15:03Z] - INFO - Начинаем преобразование...
[2018-11-02 16:15:08Z] - INFO - Сравниваем до и после преобразования...
[2018-11-02 16:15:13Z] - INFO - Начинаем разархивацию...
[2018-11-02 16:15:13Z] - INFO - Разархивация файла C:\work\AFN_MIFNS00_7106962_20181102_00003.ARJ
[2018-11-02 16:15:14Z] - INFO - Расшифровываем vrb-файлы
[2018-11-02 16:15:14Z] - INFO - Загружаем ключевую дискету c:\DISKET2018\Disk\DISK21
[2018-11-02 16:15:15Z] - INFO - Начинаем преобразование...
[2018-11-02 16:15:19Z] - INFO - Сравниваем до и после преобразования...
[2018-11-02 16:15:24Z] - INFO - Переименовываем файлы в xml
[2018-11-02 16:15:24Z] - INFO - Снимаем подпись с xml-файлов
[2018-11-02 16:15:24Z] - INFO - Загружаем ключевую дискету C:\DISKET2018\disk\disk22
[2018-11-02 16:15:26Z] - INFO - Начинаем преобразование...
[2018-11-02 16:15:30Z] - INFO - Сравниваем до и после преобразования...
[2018-11-02 16:15:35Z] - INFO - Форматируем xml-файлы
[2018-11-02 16:15:35Z] - INFO - Пришло всего 1 сообщений
Из них:
Решения: 1

[2018-11-02 16:15:36Z] - INFO - Удаляем файл l:\PTK PSD\Post\ELO\OUT\AFN_MIFNS00_7106962_20181102_00003.ARJ
[2018-11-02 16:15:36Z] - INFO - Загружаем исходную ключевую дискету
[2018-11-02 16:15:37Z] - INFO - Конец работы скрипта!
[2018-11-02 16:30:00Z] - INFO - Автоматический режим работы
[2018-11-02 16:30:00Z] - INFO - Файлы отчетности не найдены в каталоге l:\PTK PSD\Post\ELO\OUT
[2018-11-02 16:45:00Z] - INFO - Автоматический режим работы
[2018-11-02 16:45:00Z] - INFO - Файлы отчетности не найдены в каталоге l:\PTK PSD\Post\ELO\OUT
[2018-11-02 17:00:01Z] - INFO - Автоматический режим работы
[2018-11-02 17:00:01Z] - INFO - Файлы отчетности не найдены в каталоге l:\PTK PSD\Post\ELO\OUT
[2018-11-02 17:15:00Z] - INFO - Автоматический режим работы
[2018-11-02 17:15:00Z] - INFO - Файлы отчетности не найдены в каталоге l:\PTK PSD\Post\ELO\OUT
[2018-11-02 17:30:00Z] - INFO - Автоматический режим работы
[2018-11-02 17:30:00Z] - INFO - Файлы отчетности не найдены в каталоге l:\PTK PSD\Post\ELO\OUT
[2018-11-02 17:45:00Z] - INFO - Автоматический режим работы
[2018-11-02 17:45:00Z] - INFO - Файлы отчетности не найдены в каталоге l:\PTK PSD\Post\ELO\OUT
[2018-11-02 18:00:01Z] - INFO - Автоматический режим работы
[2018-11-02 18:00:01Z] - INFO - Файлы отчетности не найдены в каталоге l:\PTK PSD\Post\ELO\OUT
[2018-11-02 18:15:00Z] - INFO - Автоматический режим работы
[2018-11-02 18:15:00Z] - INFO - Файлы отчетности не найдены в каталоге l:\PTK PSD\Post\ELO\OUT
[2018-11-02 18:30:00Z] - INFO - Автоматический режим работы
[2018-11-02 18:30:00Z] - INFO - Файлы отчетности не найдены в каталоге l:\PTK PSD\Post\ELO\OUT
[2018-11-02 18:45:00Z] - INFO - Автоматический режим работы
[2018-11-02 18:45:00Z] - INFO - Файлы отчетности не найдены в каталоге l:\PTK PSD\Post\ELO\OUT
[2018-11-02 19:00:01Z] - INFO - Автоматический режим работы
[2018-11-02 19:00:01Z] - INFO - Файлы отчетности не найдены в каталоге l:\PTK PSD\Post\ELO\OUT
[2018-11-02 19:15:00Z] - INFO - Автоматический режим работы
[2018-11-02 19:15:00Z] - INFO - Файлы отчетности не найдены в каталоге l:\PTK PSD\Post\ELO\OUT
[2018-11-02 19:30:00Z] - INFO - Автоматический режим работы
[2018-11-02 19:30:01Z] - INFO - Файлы отчетности не найдены в каталоге l:\PTK PSD\Post\ELO\OUT
[2018-11-02 19:45:00Z] - INFO - Автоматический режим работы
[2018-11-02 19:45:00Z] - INFO - Файлы отчетности не найдены в каталоге l:\PTK PSD\Post\ELO\OUT
[2018-11-02 20:00:00Z] - INFO - Автоматический режим работы
[2018-11-02 20:00:01Z] - INFO - Файлы отчетности не найдены в каталоге l:\PTK PSD\Post\ELO\OUT
[2018-11-02 20:15:00Z] - INFO - Автоматический режим работы
[2018-11-02 20:15:00Z] - INFO - Файлы отчетности не найдены в каталоге l:\PTK PSD\Post\ELO\OUT
[2018-11-02 20:30:00Z] - INFO - Автоматический режим работы
[2018-11-02 20:30:00Z] - INFO - Файлы отчетности не найдены в каталоге l:\PTK PSD\Post\ELO\OUT
[2018-11-02 20:45:00Z] - INFO - Автоматический режим работы
[2018-11-02 20:45:00Z] - INFO - Файлы отчетности не найдены в каталоге l:\PTK PSD\Post\ELO\OUT
[2018-11-02 21:00:00Z] - INFO - Автоматический режим работы
[2018-11-02 21:00:00Z] - INFO - Файлы отчетности не найдены в каталоге l:\PTK PSD\Post\ELO\OUT
[2018-11-02 21:15:00Z] - INFO - Автоматический режим работы
[2018-11-02 21:15:00Z] - INFO - Файлы отчетности не найдены в каталоге l:\PTK PSD\Post\ELO\OUT
[2018-11-02 21:30:01Z] - INFO - Автоматический режим работы
[2018-11-02 21:30:01Z] - INFO - Файлы отчетности не найдены в каталоге l:\PTK PSD\Post\ELO\OUT
[2018-11-02 21:45:09Z] - INFO - Автоматический режим работы
[2018-11-02 21:45:09Z] - INFO - Файлы отчетности не найдены в каталоге l:\PTK PSD\Post\ELO\OUT
[2018-11-02 22:00:00Z] - INFO - Автоматический режим работы
[2018-11-02 22:00:00Z] - INFO - Файлы отчетности не найдены в каталоге l:\PTK PSD\Post\ELO\OUT
[2018-11-02 22:15:00Z] - INFO - Автоматический режим работы
[2018-11-02 22:15:00Z] - INFO - Файлы отчетности не найдены в каталоге l:\PTK PSD\Post\ELO\OUT
[2018-11-02 22:30:00Z] - INFO - Автоматический режим работы
[2018-11-02 22:30:00Z] - INFO - Файлы отчетности не найдены в каталоге l:\PTK PSD\Post\ELO\OUT
[2018-11-02 22:45:00Z] - INFO - Автоматический режим работы
[2018-11-02 22:45:00Z] - INFO - Файлы отчетности не найдены в каталоге l:\PTK PSD\Post\ELO\OUT
[2018-11-02 23:00:00Z] - INFO - Автоматический режим работы
[2018-11-02 23:00:00Z] - INFO - Файлы отчетности не найдены в каталоге l:\PTK PSD\Post\ELO\OUT
[2018-11-02 23:15:00Z] - INFO - Автоматический режим работы
[2018-11-02 23:15:00Z] - INFO - Файлы отчетности не найдены в каталоге l:\PTK PSD\Post\ELO\OUT
[2018-11-02 23:30:00Z] - INFO - Автоматический режим работы
[2018-11-02 23:30:00Z] - INFO - Файлы отчетности не найдены в каталоге l:\PTK PSD\Post\ELO\OUT
[2018-11-02 23:45:10Z] - INFO - Автоматический режим работы
[2018-11-02 23:45:10Z] - INFO - Файлы отчетности не найдены в каталоге l:\PTK PSD\Post\ELO\OUT
