[2018-04-03 00:00:11Z] - INFO - Автоматический режим работы
[2018-04-03 00:00:11Z] - INFO - Файлы отчетности не найдены в каталоге l:\PTK PSD\Post\ELO\OUT
[2018-04-03 00:15:00Z] - INFO - Автоматический режим работы
[2018-04-03 00:15:00Z] - INFO - Файлы отчетности не найдены в каталоге l:\PTK PSD\Post\ELO\OUT
[2018-04-03 00:30:00Z] - INFO - Автоматический режим работы
[2018-04-03 00:30:00Z] - INFO - Файлы отчетности не найдены в каталоге l:\PTK PSD\Post\ELO\OUT
[2018-04-03 00:45:00Z] - INFO - Автоматический режим работы
[2018-04-03 00:45:00Z] - INFO - Файлы отчетности не найдены в каталоге l:\PTK PSD\Post\ELO\OUT
[2018-04-03 01:00:00Z] - INFO - Автоматический режим работы
[2018-04-03 01:00:00Z] - INFO - Файлы отчетности не найдены в каталоге l:\PTK PSD\Post\ELO\OUT
[2018-04-03 01:15:00Z] - INFO - Автоматический режим работы
[2018-04-03 01:15:00Z] - INFO - Файлы отчетности не найдены в каталоге l:\PTK PSD\Post\ELO\OUT
[2018-04-03 01:30:00Z] - INFO - Автоматический режим работы
[2018-04-03 01:30:00Z] - INFO - Файлы отчетности не найдены в каталоге l:\PTK PSD\Post\ELO\OUT
[2018-04-03 01:45:00Z] - INFO - Автоматический режим работы
[2018-04-03 01:45:00Z] - INFO - Файлы отчетности не найдены в каталоге l:\PTK PSD\Post\ELO\OUT
[2018-04-03 02:00:00Z] - INFO - Автоматический режим работы
[2018-04-03 02:00:00Z] - INFO - Файлы отчетности не найдены в каталоге l:\PTK PSD\Post\ELO\OUT
[2018-04-03 02:15:00Z] - INFO - Автоматический режим работы
[2018-04-03 02:15:00Z] - INFO - Файлы отчетности не найдены в каталоге l:\PTK PSD\Post\ELO\OUT
[2018-04-03 02:30:00Z] - INFO - Автоматический режим работы
[2018-04-03 02:30:00Z] - INFO - Файлы отчетности не найдены в каталоге l:\PTK PSD\Post\ELO\OUT
[2018-04-03 02:45:00Z] - INFO - Автоматический режим работы
[2018-04-03 02:45:00Z] - INFO - Файлы отчетности не найдены в каталоге l:\PTK PSD\Post\ELO\OUT
[2018-04-03 03:00:00Z] - INFO - Автоматический режим работы
[2018-04-03 03:00:00Z] - INFO - Файлы отчетности не найдены в каталоге l:\PTK PSD\Post\ELO\OUT
[2018-04-03 03:15:00Z] - INFO - Автоматический режим работы
[2018-04-03 03:15:00Z] - INFO - Файлы отчетности не найдены в каталоге l:\PTK PSD\Post\ELO\OUT
[2018-04-03 03:30:00Z] - INFO - Автоматический режим работы
[2018-04-03 03:30:00Z] - INFO - Файлы отчетности не найдены в каталоге l:\PTK PSD\Post\ELO\OUT
[2018-04-03 03:45:00Z] - INFO - Автоматический режим работы
[2018-04-03 03:45:00Z] - INFO - Файлы отчетности не найдены в каталоге l:\PTK PSD\Post\ELO\OUT
[2018-04-03 04:00:00Z] - INFO - Автоматический режим работы
[2018-04-03 04:00:00Z] - INFO - Файлы отчетности не найдены в каталоге l:\PTK PSD\Post\ELO\OUT
[2018-04-03 04:15:00Z] - INFO - Автоматический режим работы
[2018-04-03 04:15:00Z] - INFO - Файлы отчетности не найдены в каталоге l:\PTK PSD\Post\ELO\OUT
[2018-04-03 04:30:00Z] - INFO - Автоматический режим работы
[2018-04-03 04:30:00Z] - INFO - Файлы отчетности не найдены в каталоге l:\PTK PSD\Post\ELO\OUT
[2018-04-03 04:45:00Z] - INFO - Автоматический режим работы
[2018-04-03 04:45:00Z] - INFO - Файлы отчетности не найдены в каталоге l:\PTK PSD\Post\ELO\OUT
[2018-04-03 05:00:00Z] - INFO - Автоматический режим работы
[2018-04-03 05:00:00Z] - INFO - Файлы отчетности не найдены в каталоге l:\PTK PSD\Post\ELO\OUT
[2018-04-03 05:15:00Z] - INFO - Автоматический режим работы
[2018-04-03 05:15:00Z] - INFO - Файлы отчетности не найдены в каталоге l:\PTK PSD\Post\ELO\OUT
[2018-04-03 05:30:00Z] - INFO - Автоматический режим работы
[2018-04-03 05:30:00Z] - INFO - Файлы отчетности не найдены в каталоге l:\PTK PSD\Post\ELO\OUT
[2018-04-03 05:45:00Z] - INFO - Автоматический режим работы
[2018-04-03 05:45:00Z] - INFO - Файлы отчетности не найдены в каталоге l:\PTK PSD\Post\ELO\OUT
[2018-04-03 06:00:00Z] - INFO - Автоматический режим работы
[2018-04-03 06:00:00Z] - INFO - Файлы отчетности не найдены в каталоге l:\PTK PSD\Post\ELO\OUT
[2018-04-03 06:15:00Z] - INFO - Автоматический режим работы
[2018-04-03 06:15:00Z] - INFO - Файлы отчетности не найдены в каталоге l:\PTK PSD\Post\ELO\OUT
[2018-04-03 06:30:00Z] - INFO - Автоматический режим работы
[2018-04-03 06:30:00Z] - INFO - Файлы отчетности не найдены в каталоге l:\PTK PSD\Post\ELO\OUT
[2018-04-03 06:45:00Z] - INFO - Автоматический режим работы
[2018-04-03 06:45:00Z] - INFO - Файлы отчетности не найдены в каталоге l:\PTK PSD\Post\ELO\OUT
[2018-04-03 07:00:09Z] - INFO - Автоматический режим работы
[2018-04-03 07:00:09Z] - INFO - Файлы отчетности не найдены в каталоге l:\PTK PSD\Post\ELO\OUT
[2018-04-03 07:15:00Z] - INFO - Автоматический режим работы
[2018-04-03 07:15:00Z] - INFO - Файлы отчетности не найдены в каталоге l:\PTK PSD\Post\ELO\OUT
[2018-04-03 07:30:00Z] - INFO - Автоматический режим работы
[2018-04-03 07:30:00Z] - INFO - Файлы отчетности не найдены в каталоге l:\PTK PSD\Post\ELO\OUT
[2018-04-03 07:45:00Z] - INFO - Автоматический режим работы
[2018-04-03 07:45:00Z] - INFO - Файлы отчетности не найдены в каталоге l:\PTK PSD\Post\ELO\OUT
[2018-04-03 08:00:00Z] - INFO - Автоматический режим работы
[2018-04-03 08:00:00Z] - INFO - Файлы отчетности не найдены в каталоге l:\PTK PSD\Post\ELO\OUT
[2018-04-03 08:15:00Z] - INFO - Автоматический режим работы
[2018-04-03 08:15:00Z] - INFO - Файлы отчетности не найдены в каталоге l:\PTK PSD\Post\ELO\OUT
[2018-04-03 08:30:00Z] - INFO - Автоматический режим работы
[2018-04-03 08:30:00Z] - INFO - Файлы отчетности не найдены в каталоге l:\PTK PSD\Post\ELO\OUT
[2018-04-03 08:45:00Z] - INFO - Автоматический режим работы
[2018-04-03 08:45:00Z] - INFO - Файлы отчетности не найдены в каталоге l:\PTK PSD\Post\ELO\OUT
[2018-04-03 09:00:01Z] - INFO - Автоматический режим работы
[2018-04-03 09:00:01Z] - INFO - Файлы отчетности не найдены в каталоге l:\PTK PSD\Post\ELO\OUT
[2018-04-03 09:15:00Z] - INFO - Автоматический режим работы
[2018-04-03 09:15:00Z] - INFO - Файлы отчетности не найдены в каталоге l:\PTK PSD\Post\ELO\OUT
[2018-04-03 09:30:00Z] - INFO - Автоматический режим работы
[2018-04-03 09:30:00Z] - INFO - Файлы отчетности не найдены в каталоге l:\PTK PSD\Post\ELO\OUT
[2018-04-03 09:45:00Z] - INFO - Автоматический режим работы
[2018-04-03 09:45:00Z] - INFO - Файлы отчетности не найдены в каталоге l:\PTK PSD\Post\ELO\OUT
[2018-04-03 10:00:00Z] - INFO - Автоматический режим работы
[2018-04-03 10:00:01Z] - INFO - Файлы отчетности не найдены в каталоге l:\PTK PSD\Post\ELO\OUT
[2018-04-03 10:15:00Z] - INFO - Автоматический режим работы
[2018-04-03 10:15:00Z] - INFO - Файлы отчетности не найдены в каталоге l:\PTK PSD\Post\ELO\OUT
[2018-04-03 10:30:00Z] - INFO - Автоматический режим работы
[2018-04-03 10:30:00Z] - INFO - Файлы отчетности не найдены в каталоге l:\PTK PSD\Post\ELO\OUT
[2018-04-03 10:45:00Z] - INFO - Автоматический режим работы
[2018-04-03 10:45:00Z] - INFO - Файлы отчетности не найдены в каталоге l:\PTK PSD\Post\ELO\OUT
[2018-04-03 11:00:01Z] - INFO - Автоматический режим работы
[2018-04-03 11:00:01Z] - INFO - Файлы отчетности не найдены в каталоге l:\PTK PSD\Post\ELO\OUT
[2018-04-03 11:15:00Z] - INFO - Автоматический режим работы
[2018-04-03 11:15:00Z] - INFO - Файлы отчетности не найдены в каталоге l:\PTK PSD\Post\ELO\OUT
[2018-04-03 11:30:00Z] - INFO - Автоматический режим работы
[2018-04-03 11:30:00Z] - INFO - Файлы отчетности не найдены в каталоге l:\PTK PSD\Post\ELO\OUT
[2018-04-03 11:45:00Z] - INFO - Автоматический режим работы
[2018-04-03 11:45:00Z] - INFO - Файлы отчетности не найдены в каталоге l:\PTK PSD\Post\ELO\OUT
[2018-04-03 12:00:01Z] - INFO - Автоматический режим работы
[2018-04-03 12:00:01Z] - INFO - Файлы отчетности не найдены в каталоге l:\PTK PSD\Post\ELO\OUT
[2018-04-03 12:15:00Z] - INFO - Автоматический режим работы
[2018-04-03 12:15:00Z] - INFO - Файлы отчетности не найдены в каталоге l:\PTK PSD\Post\ELO\OUT
[2018-04-03 12:30:00Z] - INFO - Автоматический режим работы
[2018-04-03 12:30:00Z] - INFO - Файлы отчетности не найдены в каталоге l:\PTK PSD\Post\ELO\OUT
[2018-04-03 12:45:00Z] - INFO - Автоматический режим работы
[2018-04-03 12:45:00Z] - INFO - Файлы отчетности не найдены в каталоге l:\PTK PSD\Post\ELO\OUT
[2018-04-03 13:00:01Z] - INFO - Автоматический режим работы
[2018-04-03 13:00:02Z] - INFO - Начат автоматический приём по форме 440П 03.04.2018 13:00:01
[2018-04-03 13:00:03Z] - INFO - Копируем файл AFN_MIFNS00_7106962_20180402_00005.ARJ
[2018-04-03 13:00:03Z] - INFO - Сохраняем текущею ключевую дискету
[2018-04-03 13:00:05Z] - INFO - Копирование файлов в архив \\tmn-ts-01\440p\Arhive\03042018
[2018-04-03 13:00:05Z] - INFO - Выполнение операции "Копирование файла" над целевым объектом "Элемент: C:\work\
AFN_MIFNS00_7106962_20180402_00005.ARJ Назначение: \\tmn-ts-01\440p\Arhive\0304
2018\AFN_MIFNS00_7106962_20180402_00005.ARJ".

[2018-04-03 13:00:05Z] - INFO - Снимаем подпись с arj-архивов
[2018-04-03 13:00:05Z] - INFO - Загружаем ключевую дискету C:\DISKET2017\disk\disk22
[2018-04-03 13:00:08Z] - INFO - Начинаем преобразование...
[2018-04-03 13:00:26Z] - INFO - Сравниваем до и после преобразования...
[2018-04-03 13:00:31Z] - INFO - Начинаем разархивацию...
[2018-04-03 13:00:31Z] - INFO - Разархивация файла C:\work\AFN_MIFNS00_7106962_20180402_00005.ARJ
[2018-04-03 13:00:34Z] - INFO - Расшифровываем vrb-файлы
[2018-04-03 13:00:34Z] - INFO - Загружаем ключевую дискету c:\DISKET2017\Disk\DISK21
[2018-04-03 13:00:34Z] - INFO - Начинаем преобразование...
[2018-04-03 13:00:41Z] - INFO - Сравниваем до и после преобразования...
[2018-04-03 13:00:46Z] - INFO - Переименовываем файлы в xml
[2018-04-03 13:00:46Z] - INFO - Снимаем подпись с xml-файлов
[2018-04-03 13:00:46Z] - INFO - Загружаем ключевую дискету C:\DISKET2017\disk\disk22
[2018-04-03 13:00:48Z] - INFO - Начинаем преобразование...
[2018-04-03 13:00:53Z] - INFO - Сравниваем до и после преобразования...
[2018-04-03 13:00:58Z] - INFO - Форматируем xml-файлы
[2018-04-03 13:01:09Z] - INFO - Пришло всего 2 сообщений
Из них:
Поручения: 2

[2018-04-03 13:01:10Z] - INFO - Удаляем файл l:\PTK PSD\Post\ELO\OUT\AFN_MIFNS00_7106962_20180402_00005.ARJ
[2018-04-03 13:01:10Z] - INFO - Загружаем исходную ключевую дискету
[2018-04-03 13:01:11Z] - INFO - Конец работы скрипта!
[2018-04-03 13:15:00Z] - INFO - Автоматический режим работы
[2018-04-03 13:15:00Z] - INFO - Найдены файлы в каталоге c:\work
[2018-04-03 13:30:00Z] - INFO - Автоматический режим работы
[2018-04-03 13:30:02Z] - INFO - Начат автоматический приём по форме 440П 03.04.2018 13:30:00
[2018-04-03 13:30:03Z] - INFO - Копируем файл AFN_MIFNS00_7106962_20180402_00006.ARJ
[2018-04-03 13:30:03Z] - INFO - Копируем файл AFN_MIFNS00_7106962_20180402_00007.ARJ
[2018-04-03 13:30:03Z] - INFO - Сохраняем текущею ключевую дискету
[2018-04-03 13:30:04Z] - INFO - Копирование файлов в архив \\tmn-ts-01\440p\Arhive\03042018
[2018-04-03 13:30:04Z] - INFO - Выполнение операции "Копирование файла" над целевым объектом "Элемент: C:\work\
AFN_MIFNS00_7106962_20180402_00006.ARJ Назначение: \\tmn-ts-01\440p\Arhive\0304
2018\AFN_MIFNS00_7106962_20180402_00006.ARJ".
Выполнение операции "Копирование файла" над целевым объектом "Элемент: C:\work\
AFN_MIFNS00_7106962_20180402_00007.ARJ Назначение: \\tmn-ts-01\440p\Arhive\0304
2018\AFN_MIFNS00_7106962_20180402_00007.ARJ".

[2018-04-03 13:30:04Z] - INFO - Снимаем подпись с arj-архивов
[2018-04-03 13:30:04Z] - INFO - Загружаем ключевую дискету C:\DISKET2017\disk\disk22
[2018-04-03 13:30:04Z] - INFO - Начинаем преобразование...
[2018-04-03 13:30:09Z] - INFO - Сравниваем до и после преобразования...
[2018-04-03 13:30:14Z] - INFO - Начинаем разархивацию...
[2018-04-03 13:30:14Z] - INFO - Разархивация файла C:\work\AFN_MIFNS00_7106962_20180402_00006.ARJ
[2018-04-03 13:30:15Z] - INFO - Разархивация файла C:\work\AFN_MIFNS00_7106962_20180402_00007.ARJ
[2018-04-03 13:30:16Z] - INFO - Снимаем подпись с xml-файлов
[2018-04-03 13:30:16Z] - INFO - Загружаем ключевую дискету C:\DISKET2017\disk\disk22
[2018-04-03 13:30:18Z] - INFO - Начинаем преобразование...
[2018-04-03 13:30:23Z] - INFO - Сравниваем до и после преобразования...
[2018-04-03 13:30:28Z] - INFO - Форматируем xml-файлы
[2018-04-03 13:30:29Z] - INFO - Пришли подтверждения
[2018-04-03 13:30:30Z] - INFO - Пришли успешные подтверждения - 40 шт.
Потверждения находятся в каталоге \\tmn-ts-01\440p\ack\03042018


[2018-04-03 13:30:48Z] - INFO - Удаляем файл l:\PTK PSD\Post\ELO\OUT\AFN_MIFNS00_7106962_20180402_00006.ARJ
[2018-04-03 13:30:48Z] - INFO - Удаляем файл l:\PTK PSD\Post\ELO\OUT\AFN_MIFNS00_7106962_20180402_00007.ARJ
[2018-04-03 13:30:48Z] - INFO - Загружаем исходную ключевую дискету
[2018-04-03 13:30:49Z] - INFO - Конец работы скрипта!
[2018-04-03 13:44:00Z] - INFO - Обработка отчетности - 440out
[2018-04-03 13:44:00Z] - WARN - Автоматическое копирование в папку c:\work произведено не было!
[2018-04-03 13:44:01Z] - INFO - Сохраняем текущею ключевую дискету
[2018-04-03 13:44:02Z] - INFO - Выполнение операции "Копирование файла" над целевым объектом "Элемент: C:\work\BNP1_PNO17106962_720320180322_002589_201
80403_0002.xml Назначение: \\tmn-ts-01\440p\Arhive\03042018\BNP1_PNO17106962_720320180322_002589_20180403_0002.xml".
Выполнение операции "Копирование файла" над целевым объектом "Элемент: C:\work\BNP1_PNO17106962_720320180322_002590_201
80403_0002.xml Назначение: \\tmn-ts-01\440p\Arhive\03042018\BNP1_PNO17106962_720320180322_002590_20180403_0002.xml".
Выполнение операции "Копирование файла" над целевым объектом "Элемент: C:\work\BNP1_PNO17106962_720320180322_002591_201
80403_0002.xml Назначение: \\tmn-ts-01\440p\Arhive\03042018\BNP1_PNO17106962_720320180322_002591_20180403_0002.xml".
Выполнение операции "Копирование файла" над целевым объектом "Элемент: C:\work\BNP1_PNO17106962_720320180322_002592_201
80403_0002.xml Назначение: \\tmn-ts-01\440p\Arhive\03042018\BNP1_PNO17106962_720320180322_002592_20180403_0002.xml".
Выполнение операции "Копирование файла" над целевым объектом "Элемент: C:\work\BNP1_PNO17106962_720320180322_002593_201
80403_0002.xml Назначение: \\tmn-ts-01\440p\Arhive\03042018\BNP1_PNO17106962_720320180322_002593_20180403_0002.xml".
Выполнение операции "Копирование файла" над целевым объектом "Элемент: C:\work\BNP1_PNO17106962_720320180322_002594_201
80403_0002.xml Назначение: \\tmn-ts-01\440p\Arhive\03042018\BNP1_PNO17106962_720320180322_002594_20180403_0002.xml".
Выполнение операции "Копирование файла" над целевым объектом "Элемент: C:\work\BNP1_PNO17106962_720320180323_003785_201
80403_0002.xml Назначение: \\tmn-ts-01\440p\Arhive\03042018\BNP1_PNO17106962_720320180323_003785_20180403_0002.xml".
Выполнение операции "Копирование файла" над целевым объектом "Элемент: C:\work\BNP1_PNO17106962_720320180323_003786_201
80403_0002.xml Назначение: \\tmn-ts-01\440p\Arhive\03042018\BNP1_PNO17106962_720320180323_003786_20180403_0002.xml".
Выполнение операции "Копирование файла" над целевым объектом "Элемент: C:\work\BNP1_PNO17106962_720520180323_000089_201
80403_0002.xml Назначение: \\tmn-ts-01\440p\Arhive\03042018\BNP1_PNO17106962_720520180323_000089_20180403_0002.xml".
Выполнение операции "Копирование файла" над целевым объектом "Элемент: C:\work\BNP1_PNO17106962_860120180328_000315_201
80403_0002.xml Назначение: \\tmn-ts-01\440p\Arhive\03042018\BNP1_PNO17106962_860120180328_000315_20180403_0002.xml".
Выполнение операции "Копирование файла" над целевым объектом "Элемент: C:\work\BNP1_PNO17106962_860120180328_000316_201
80403_0002.xml Назначение: \\tmn-ts-01\440p\Arhive\03042018\BNP1_PNO17106962_860120180328_000316_20180403_0002.xml".
Выполнение операции "Копирование файла" над целевым объектом "Элемент: C:\work\BNP1_PNO17106962_860120180328_000317_201
80403_0002.xml Назначение: \\tmn-ts-01\440p\Arhive\03042018\BNP1_PNO17106962_860120180328_000317_20180403_0002.xml".
Выполнение операции "Копирование файла" над целевым объектом "Элемент: C:\work\BNP1_PNO17106962_860120180328_000318_201
80403_0002.xml Назначение: \\tmn-ts-01\440p\Arhive\03042018\BNP1_PNO17106962_860120180328_000318_20180403_0002.xml".
Выполнение операции "Копирование файла" над целевым объектом "Элемент: C:\work\BOS1_RPO17106962_720520180402_000031_201
80403_0002.xml Назначение: \\tmn-ts-01\440p\Arhive\03042018\BOS1_RPO17106962_720520180402_000031_20180403_0002.xml".
Выполнение операции "Копирование файла" над целевым объектом "Элемент: C:\work\BVD1_ZSV17106962_720520180402_000021_201
80403_0002_000001_000001.XML Назначение: \\tmn-ts-01\440p\Arhive\03042018\BVD1_ZSV17106962_720520180402_000021_20180403
_0002_000001_000001.XML".
Выполнение операции "Копирование файла" над целевым объектом "Элемент: C:\work\BVS1_ZSV17106962_720520180402_000021_201
80403_0002.xml Назначение: \\tmn-ts-01\440p\Arhive\03042018\BVS1_ZSV17106962_720520180402_000021_20180403_0002.xml".
Выполнение операции "Копирование файла" над целевым объектом "Элемент: C:\work\PB1_PNO17106962_720520180402_000061.xml 
Назначение: \\tmn-ts-01\440p\Arhive\03042018\PB1_PNO17106962_720520180402_000061.xml".
Выполнение операции "Копирование файла" над целевым объектом "Элемент: C:\work\PB1_PNO17106962_720520180402_000062.xml 
Назначение: \\tmn-ts-01\440p\Arhive\03042018\PB1_PNO17106962_720520180402_000062.xml".
Выполнение операции "Копирование файла" над целевым объектом "Элемент: C:\work\PB1_RPO17106962_720520180402_000031.xml 
Назначение: \\tmn-ts-01\440p\Arhive\03042018\PB1_RPO17106962_720520180402_000031.xml".
Выполнение операции "Копирование файла" над целевым объектом "Элемент: C:\work\PB1_ZSV17106962_720520180402_000021.xml 
Назначение: \\tmn-ts-01\440p\Arhive\03042018\PB1_ZSV17106962_720520180402_000021.xml".

[2018-04-03 13:44:02Z] - INFO - Копирование файлов в архив \\tmn-ts-01\440p\Arhive\03042018
[2018-04-03 13:44:02Z] - INFO - Переименовываем файлы *.xml -> *.vrb
[2018-04-03 13:44:02Z] - INFO - Подписываем все файлы
[2018-04-03 13:44:02Z] - INFO - Загружаем ключевую дискету c:\DISKET2017-1\Disk\DISK2
[2018-04-03 13:44:02Z] - INFO - Начинаем преобразование...
[2018-04-03 13:44:10Z] - INFO - Сравниваем до и после преобразования...
[2018-04-03 13:44:16Z] - INFO - Зашифровываем vrb-файлы
[2018-04-03 13:44:16Z] - INFO - Загружаем ключевую дискету c:\DISKET2017\Disk\DISK21
[2018-04-03 13:44:17Z] - INFO - Начинаем преобразование...
[2018-04-03 13:44:25Z] - INFO - Сравниваем до и после преобразования...
[2018-04-03 13:44:30Z] - INFO - Начинаем архивацию...
[2018-04-03 13:44:31Z] - INFO - Подписываем файл архива c:\work\AFN_7106962_MIFNS00_20180403_00001.arj
[2018-04-03 13:44:31Z] - INFO - Загружаем ключевую дискету c:\DISKET2017-1\Disk\DISK2
[2018-04-03 13:44:32Z] - INFO - Начинаем преобразование...
[2018-04-03 13:44:40Z] - INFO - Сравниваем до и после преобразования...
[2018-04-03 13:44:45Z] - INFO - Копируем файл архива AFN_7106962_MIFNS00_20180403_00001.arj в \\tmn-ts-01\440p\Arhive\03042018
[2018-04-03 13:44:45Z] - INFO - Копируем файл архива AFN_7106962_MIFNS00_20180403_00001.arj в l:\PTK PSD\Post\Post
[2018-04-03 13:44:46Z] - INFO - Отправленно всего 20 сообщений
Из них:
Сообщения: 13
Справка: 1
Сведения: 1
Выписка: 1
Потверждения: 4

[2018-04-03 13:44:46Z] - INFO - Загружаем исходную ключевую дискету
[2018-04-03 13:44:47Z] - INFO - Конец работы скрипта!
[2018-04-03 13:45:00Z] - INFO - Автоматический режим работы
[2018-04-03 13:45:01Z] - INFO - Файлы отчетности не найдены в каталоге l:\PTK PSD\Post\ELO\OUT
[2018-04-03 14:00:00Z] - INFO - Автоматический режим работы
[2018-04-03 14:00:01Z] - INFO - Файлы отчетности не найдены в каталоге l:\PTK PSD\Post\ELO\OUT
[2018-04-03 14:15:00Z] - INFO - Автоматический режим работы
[2018-04-03 14:15:00Z] - INFO - Файлы отчетности не найдены в каталоге l:\PTK PSD\Post\ELO\OUT
[2018-04-03 14:30:00Z] - INFO - Автоматический режим работы
[2018-04-03 14:30:00Z] - INFO - Файлы отчетности не найдены в каталоге l:\PTK PSD\Post\ELO\OUT
[2018-04-03 14:45:00Z] - INFO - Автоматический режим работы
[2018-04-03 14:45:00Z] - INFO - Файлы отчетности не найдены в каталоге l:\PTK PSD\Post\ELO\OUT
[2018-04-03 15:00:00Z] - INFO - Автоматический режим работы
[2018-04-03 15:00:00Z] - INFO - Файлы отчетности не найдены в каталоге l:\PTK PSD\Post\ELO\OUT
[2018-04-03 15:15:00Z] - INFO - Автоматический режим работы
[2018-04-03 15:15:00Z] - INFO - Файлы отчетности не найдены в каталоге l:\PTK PSD\Post\ELO\OUT
[2018-04-03 15:30:00Z] - INFO - Автоматический режим работы
[2018-04-03 15:30:01Z] - INFO - Начат автоматический приём по форме 440П 03.04.2018 15:30:00
[2018-04-03 15:30:02Z] - INFO - Копируем файл AFN_MIFNS00_7106962_20180403_00001.ARJ
[2018-04-03 15:30:03Z] - INFO - Сохраняем текущею ключевую дискету
[2018-04-03 15:30:04Z] - INFO - Копирование файлов в архив \\tmn-ts-01\440p\Arhive\03042018
[2018-04-03 15:30:04Z] - INFO - Выполнение операции "Копирование файла" над целевым объектом "Элемент: C:\work\
AFN_MIFNS00_7106962_20180403_00001.ARJ Назначение: \\tmn-ts-01\440p\Arhive\0304
2018\AFN_MIFNS00_7106962_20180403_00001.ARJ".

[2018-04-03 15:30:04Z] - INFO - Снимаем подпись с arj-архивов
[2018-04-03 15:30:04Z] - INFO - Загружаем ключевую дискету C:\DISKET2017\disk\disk22
[2018-04-03 15:30:04Z] - INFO - Начинаем преобразование...
[2018-04-03 15:30:09Z] - INFO - Сравниваем до и после преобразования...
[2018-04-03 15:30:14Z] - INFO - Начинаем разархивацию...
[2018-04-03 15:30:14Z] - INFO - Разархивация файла C:\work\AFN_MIFNS00_7106962_20180403_00001.ARJ
[2018-04-03 15:30:15Z] - INFO - Расшифровываем vrb-файлы
[2018-04-03 15:30:15Z] - INFO - Загружаем ключевую дискету c:\DISKET2017\Disk\DISK21
[2018-04-03 15:30:16Z] - INFO - Начинаем преобразование...
[2018-04-03 15:30:21Z] - INFO - Сравниваем до и после преобразования...
[2018-04-03 15:30:26Z] - INFO - Переименовываем файлы в xml
[2018-04-03 15:30:26Z] - INFO - Снимаем подпись с xml-файлов
[2018-04-03 15:30:26Z] - INFO - Загружаем ключевую дискету C:\DISKET2017\disk\disk22
[2018-04-03 15:30:28Z] - INFO - Начинаем преобразование...
[2018-04-03 15:30:36Z] - INFO - Сравниваем до и после преобразования...
[2018-04-03 15:30:42Z] - INFO - Форматируем xml-файлы
[2018-04-03 15:30:42Z] - INFO - Пришло всего 1 сообщений
Из них:
Решения: 1

[2018-04-03 15:30:43Z] - INFO - Удаляем файл l:\PTK PSD\Post\ELO\OUT\AFN_MIFNS00_7106962_20180403_00001.ARJ
[2018-04-03 15:30:43Z] - INFO - Загружаем исходную ключевую дискету
[2018-04-03 15:30:44Z] - INFO - Конец работы скрипта!
[2018-04-03 15:45:00Z] - INFO - Автоматический режим работы
[2018-04-03 15:45:00Z] - INFO - Файлы отчетности не найдены в каталоге l:\PTK PSD\Post\ELO\OUT
[2018-04-03 16:00:01Z] - INFO - Автоматический режим работы
[2018-04-03 16:00:01Z] - INFO - Файлы отчетности не найдены в каталоге l:\PTK PSD\Post\ELO\OUT
[2018-04-03 16:15:00Z] - INFO - Автоматический режим работы
[2018-04-03 16:15:00Z] - INFO - Файлы отчетности не найдены в каталоге l:\PTK PSD\Post\ELO\OUT
[2018-04-03 16:30:00Z] - INFO - Автоматический режим работы
[2018-04-03 16:30:00Z] - INFO - Файлы отчетности не найдены в каталоге l:\PTK PSD\Post\ELO\OUT
[2018-04-03 16:45:00Z] - INFO - Автоматический режим работы
[2018-04-03 16:45:00Z] - INFO - Файлы отчетности не найдены в каталоге l:\PTK PSD\Post\ELO\OUT
[2018-04-03 17:00:01Z] - INFO - Автоматический режим работы
[2018-04-03 17:00:01Z] - INFO - Файлы отчетности не найдены в каталоге l:\PTK PSD\Post\ELO\OUT
[2018-04-03 17:15:00Z] - INFO - Автоматический режим работы
[2018-04-03 17:15:00Z] - INFO - Файлы отчетности не найдены в каталоге l:\PTK PSD\Post\ELO\OUT
[2018-04-03 17:19:45Z] - INFO - Обработка отчетности - 440out
[2018-04-03 17:19:45Z] - WARN - Автоматическое копирование в папку c:\work произведено не было!
[2018-04-03 17:19:46Z] - INFO - Сохраняем текущею ключевую дискету
[2018-04-03 17:19:47Z] - INFO - Выполнение операции "Копирование файла" над целевым объектом "Элемент: C:\work\PB1_ROO17106962_860320180403_000155.xml 
Назначение: \\tmn-ts-01\440p\Arhive\03042018\PB1_ROO17106962_860320180403_000155.xml".

[2018-04-03 17:19:47Z] - INFO - Копирование файлов в архив \\tmn-ts-01\440p\Arhive\03042018
[2018-04-03 17:19:47Z] - INFO - Переименовываем файлы *.xml -> *.vrb
[2018-04-03 17:19:47Z] - INFO - Подписываем все файлы
[2018-04-03 17:19:47Z] - INFO - Загружаем ключевую дискету c:\DISKET2017-1\Disk\DISK2
[2018-04-03 17:19:47Z] - INFO - Начинаем преобразование...
[2018-04-03 17:20:03Z] - INFO - Сравниваем до и после преобразования...
[2018-04-03 17:20:08Z] - INFO - Начинаем архивацию...
[2018-04-03 17:20:08Z] - INFO - Подписываем файл архива c:\work\AFN_7106962_MIFNS00_20180403_00002.arj
[2018-04-03 17:20:08Z] - INFO - Загружаем ключевую дискету c:\DISKET2017-1\Disk\DISK2
[2018-04-03 17:20:08Z] - INFO - Начинаем преобразование...
[2018-04-03 17:20:15Z] - INFO - Сравниваем до и после преобразования...
[2018-04-03 17:20:20Z] - INFO - Копируем файл архива AFN_7106962_MIFNS00_20180403_00002.arj в \\tmn-ts-01\440p\Arhive\03042018
[2018-04-03 17:20:20Z] - INFO - Копируем файл архива AFN_7106962_MIFNS00_20180403_00002.arj в l:\PTK PSD\Post\Post
[2018-04-03 17:20:21Z] - INFO - Отправленно всего 1 сообщений
Из них:
Потверждения: 1

[2018-04-03 17:20:21Z] - INFO - Загружаем исходную ключевую дискету
[2018-04-03 17:20:22Z] - INFO - Конец работы скрипта!
[2018-04-03 17:30:00Z] - INFO - Автоматический режим работы
[2018-04-03 17:30:00Z] - INFO - Файлы отчетности не найдены в каталоге l:\PTK PSD\Post\ELO\OUT
[2018-04-03 17:45:00Z] - INFO - Автоматический режим работы
[2018-04-03 17:45:00Z] - INFO - Файлы отчетности не найдены в каталоге l:\PTK PSD\Post\ELO\OUT
[2018-04-03 18:00:00Z] - INFO - Автоматический режим работы
[2018-04-03 18:00:01Z] - INFO - Файлы отчетности не найдены в каталоге l:\PTK PSD\Post\ELO\OUT
[2018-04-03 18:15:00Z] - INFO - Автоматический режим работы
[2018-04-03 18:15:00Z] - INFO - Файлы отчетности не найдены в каталоге l:\PTK PSD\Post\ELO\OUT
[2018-04-03 18:30:00Z] - INFO - Автоматический режим работы
[2018-04-03 18:30:01Z] - INFO - Начат автоматический приём по форме 440П 03.04.2018 18:30:00
[2018-04-03 18:30:02Z] - INFO - Копируем файл AFN_MIFNS00_7106962_20180403_00002.ARJ
[2018-04-03 18:30:02Z] - INFO - Сохраняем текущею ключевую дискету
[2018-04-03 18:30:03Z] - INFO - Копирование файлов в архив \\tmn-ts-01\440p\Arhive\03042018
[2018-04-03 18:30:03Z] - INFO - Выполнение операции "Копирование файла" над целевым объектом "Элемент: C:\work\
AFN_MIFNS00_7106962_20180403_00002.ARJ Назначение: \\tmn-ts-01\440p\Arhive\0304
2018\AFN_MIFNS00_7106962_20180403_00002.ARJ".

[2018-04-03 18:30:03Z] - INFO - Снимаем подпись с arj-архивов
[2018-04-03 18:30:03Z] - INFO - Загружаем ключевую дискету C:\DISKET2017\disk\disk22
[2018-04-03 18:30:03Z] - INFO - Начинаем преобразование...
[2018-04-03 18:30:08Z] - INFO - Сравниваем до и после преобразования...
[2018-04-03 18:30:13Z] - INFO - Начинаем разархивацию...
[2018-04-03 18:30:13Z] - INFO - Разархивация файла C:\work\AFN_MIFNS00_7106962_20180403_00002.ARJ
[2018-04-03 18:30:14Z] - INFO - Расшифровываем vrb-файлы
[2018-04-03 18:30:14Z] - INFO - Загружаем ключевую дискету c:\DISKET2017\Disk\DISK21
[2018-04-03 18:30:16Z] - INFO - Начинаем преобразование...
[2018-04-03 18:30:21Z] - INFO - Сравниваем до и после преобразования...
[2018-04-03 18:30:26Z] - INFO - Переименовываем файлы в xml
[2018-04-03 18:30:26Z] - INFO - Снимаем подпись с xml-файлов
[2018-04-03 18:30:26Z] - INFO - Загружаем ключевую дискету C:\DISKET2017\disk\disk22
[2018-04-03 18:30:27Z] - INFO - Начинаем преобразование...
[2018-04-03 18:30:32Z] - INFO - Сравниваем до и после преобразования...
[2018-04-03 18:30:37Z] - INFO - Форматируем xml-файлы
[2018-04-03 18:30:38Z] - INFO - Пришло всего 2 сообщений
Из них:
Запросы: 2

[2018-04-03 18:30:38Z] - INFO - Удаляем файл l:\PTK PSD\Post\ELO\OUT\AFN_MIFNS00_7106962_20180403_00002.ARJ
[2018-04-03 18:30:38Z] - INFO - Загружаем исходную ключевую дискету
[2018-04-03 18:30:39Z] - INFO - Конец работы скрипта!
[2018-04-03 18:45:00Z] - INFO - Автоматический режим работы
[2018-04-03 18:45:00Z] - INFO - Файлы отчетности не найдены в каталоге l:\PTK PSD\Post\ELO\OUT
[2018-04-03 19:00:01Z] - INFO - Автоматический режим работы
[2018-04-03 19:00:01Z] - INFO - Файлы отчетности не найдены в каталоге l:\PTK PSD\Post\ELO\OUT
[2018-04-03 19:15:00Z] - INFO - Автоматический режим работы
[2018-04-03 19:15:00Z] - INFO - Файлы отчетности не найдены в каталоге l:\PTK PSD\Post\ELO\OUT
[2018-04-03 19:30:00Z] - INFO - Автоматический режим работы
[2018-04-03 19:30:01Z] - INFO - Начат автоматический приём по форме 440П 03.04.2018 19:30:00
[2018-04-03 19:30:02Z] - INFO - Копируем файл AFN_MIFNS00_7106962_20180403_00003.ARJ
[2018-04-03 19:30:02Z] - INFO - Копируем файл AFN_MIFNS00_7106962_20180403_00004.ARJ
[2018-04-03 19:30:02Z] - INFO - Сохраняем текущею ключевую дискету
[2018-04-03 19:30:03Z] - INFO - Копирование файлов в архив \\tmn-ts-01\440p\Arhive\03042018
[2018-04-03 19:30:03Z] - INFO - Выполнение операции "Копирование файла" над целевым объектом "Элемент: C:\work\
AFN_MIFNS00_7106962_20180403_00003.ARJ Назначение: \\tmn-ts-01\440p\Arhive\0304
2018\AFN_MIFNS00_7106962_20180403_00003.ARJ".
Выполнение операции "Копирование файла" над целевым объектом "Элемент: C:\work\
AFN_MIFNS00_7106962_20180403_00004.ARJ Назначение: \\tmn-ts-01\440p\Arhive\0304
2018\AFN_MIFNS00_7106962_20180403_00004.ARJ".

[2018-04-03 19:30:03Z] - INFO - Снимаем подпись с arj-архивов
[2018-04-03 19:30:03Z] - INFO - Загружаем ключевую дискету C:\DISKET2017\disk\disk22
[2018-04-03 19:30:03Z] - INFO - Начинаем преобразование...
[2018-04-03 19:30:08Z] - INFO - Сравниваем до и после преобразования...
[2018-04-03 19:30:13Z] - INFO - Начинаем разархивацию...
[2018-04-03 19:30:13Z] - INFO - Разархивация файла C:\work\AFN_MIFNS00_7106962_20180403_00003.ARJ
[2018-04-03 19:30:14Z] - INFO - Разархивация файла C:\work\AFN_MIFNS00_7106962_20180403_00004.ARJ
[2018-04-03 19:30:15Z] - INFO - Расшифровываем vrb-файлы
[2018-04-03 19:30:15Z] - INFO - Загружаем ключевую дискету c:\DISKET2017\Disk\DISK21
[2018-04-03 19:30:17Z] - INFO - Начинаем преобразование...
[2018-04-03 19:30:22Z] - INFO - Сравниваем до и после преобразования...
[2018-04-03 19:30:27Z] - INFO - Переименовываем файлы в xml
[2018-04-03 19:30:27Z] - INFO - Снимаем подпись с xml-файлов
[2018-04-03 19:30:27Z] - INFO - Загружаем ключевую дискету C:\DISKET2017\disk\disk22
[2018-04-03 19:30:28Z] - INFO - Начинаем преобразование...
[2018-04-03 19:30:33Z] - INFO - Сравниваем до и после преобразования...
[2018-04-03 19:30:38Z] - INFO - Форматируем xml-файлы
[2018-04-03 19:30:39Z] - INFO - Пришло всего 2 сообщений
Из них:
Решения: 1
Запросы: 1

[2018-04-03 19:30:40Z] - INFO - Удаляем файл l:\PTK PSD\Post\ELO\OUT\AFN_MIFNS00_7106962_20180403_00003.ARJ
[2018-04-03 19:30:40Z] - INFO - Удаляем файл l:\PTK PSD\Post\ELO\OUT\AFN_MIFNS00_7106962_20180403_00004.ARJ
[2018-04-03 19:30:40Z] - INFO - Загружаем исходную ключевую дискету
[2018-04-03 19:30:41Z] - INFO - Конец работы скрипта!
[2018-04-03 19:45:00Z] - INFO - Автоматический режим работы
[2018-04-03 19:45:00Z] - INFO - Файлы отчетности не найдены в каталоге l:\PTK PSD\Post\ELO\OUT
[2018-04-03 20:00:00Z] - INFO - Автоматический режим работы
[2018-04-03 20:00:00Z] - INFO - Файлы отчетности не найдены в каталоге l:\PTK PSD\Post\ELO\OUT
[2018-04-03 20:15:00Z] - INFO - Автоматический режим работы
[2018-04-03 20:15:02Z] - INFO - Начат автоматический приём по форме 440П 03.04.2018 20:15:01
[2018-04-03 20:15:05Z] - INFO - Копируем файл AFN_MIFNS00_7106962_20180403_00005.ARJ
[2018-04-03 20:15:05Z] - INFO - Сохраняем текущею ключевую дискету
[2018-04-03 20:15:07Z] - INFO - Копирование файлов в архив \\tmn-ts-01\440p\Arhive\03042018
[2018-04-03 20:15:07Z] - INFO - Выполнение операции "Копирование файла" над целевым объектом "Элемент: C:\work\
AFN_MIFNS00_7106962_20180403_00005.ARJ Назначение: \\tmn-ts-01\440p\Arhive\0304
2018\AFN_MIFNS00_7106962_20180403_00005.ARJ".

[2018-04-03 20:15:07Z] - INFO - Снимаем подпись с arj-архивов
[2018-04-03 20:15:07Z] - INFO - Загружаем ключевую дискету C:\DISKET2017\disk\disk22
[2018-04-03 20:15:07Z] - INFO - Начинаем преобразование...
[2018-04-03 20:15:12Z] - INFO - Сравниваем до и после преобразования...
[2018-04-03 20:15:17Z] - INFO - Начинаем разархивацию...
[2018-04-03 20:15:17Z] - INFO - Разархивация файла C:\work\AFN_MIFNS00_7106962_20180403_00005.ARJ
[2018-04-03 20:15:19Z] - INFO - Расшифровываем vrb-файлы
[2018-04-03 20:15:19Z] - INFO - Загружаем ключевую дискету c:\DISKET2017\Disk\DISK21
[2018-04-03 20:15:20Z] - INFO - Начинаем преобразование...
[2018-04-03 20:15:25Z] - INFO - Сравниваем до и после преобразования...
[2018-04-03 20:15:30Z] - INFO - Переименовываем файлы в xml
[2018-04-03 20:15:30Z] - INFO - Снимаем подпись с xml-файлов
[2018-04-03 20:15:30Z] - INFO - Загружаем ключевую дискету C:\DISKET2017\disk\disk22
[2018-04-03 20:15:31Z] - INFO - Начинаем преобразование...
[2018-04-03 20:15:36Z] - INFO - Сравниваем до и после преобразования...
[2018-04-03 20:15:41Z] - INFO - Форматируем xml-файлы
[2018-04-03 20:15:42Z] - INFO - Пришло всего 4 сообщений
Из них:
Решения: 3
Поручения: 1

[2018-04-03 20:15:48Z] - INFO - Удаляем файл l:\PTK PSD\Post\ELO\OUT\AFN_MIFNS00_7106962_20180403_00005.ARJ
[2018-04-03 20:15:48Z] - INFO - Загружаем исходную ключевую дискету
[2018-04-03 20:15:49Z] - INFO - Конец работы скрипта!
[2018-04-03 20:30:00Z] - INFO - Автоматический режим работы
[2018-04-03 20:30:00Z] - INFO - Файлы отчетности не найдены в каталоге l:\PTK PSD\Post\ELO\OUT
[2018-04-03 20:45:00Z] - INFO - Автоматический режим работы
[2018-04-03 20:45:00Z] - INFO - Файлы отчетности не найдены в каталоге l:\PTK PSD\Post\ELO\OUT
[2018-04-03 21:00:00Z] - INFO - Автоматический режим работы
[2018-04-03 21:00:00Z] - INFO - Файлы отчетности не найдены в каталоге l:\PTK PSD\Post\ELO\OUT
[2018-04-03 21:15:00Z] - INFO - Автоматический режим работы
[2018-04-03 21:15:00Z] - INFO - Файлы отчетности не найдены в каталоге l:\PTK PSD\Post\ELO\OUT
[2018-04-03 21:30:00Z] - INFO - Автоматический режим работы
[2018-04-03 21:30:00Z] - INFO - Файлы отчетности не найдены в каталоге l:\PTK PSD\Post\ELO\OUT
[2018-04-03 21:45:00Z] - INFO - Автоматический режим работы
[2018-04-03 21:45:00Z] - INFO - Файлы отчетности не найдены в каталоге l:\PTK PSD\Post\ELO\OUT
[2018-04-03 22:00:00Z] - INFO - Автоматический режим работы
[2018-04-03 22:00:00Z] - INFO - Файлы отчетности не найдены в каталоге l:\PTK PSD\Post\ELO\OUT
[2018-04-03 22:15:00Z] - INFO - Автоматический режим работы
[2018-04-03 22:15:00Z] - INFO - Файлы отчетности не найдены в каталоге l:\PTK PSD\Post\ELO\OUT
[2018-04-03 22:30:00Z] - INFO - Автоматический режим работы
[2018-04-03 22:30:00Z] - INFO - Файлы отчетности не найдены в каталоге l:\PTK PSD\Post\ELO\OUT
[2018-04-03 22:45:00Z] - INFO - Автоматический режим работы
[2018-04-03 22:45:00Z] - INFO - Файлы отчетности не найдены в каталоге l:\PTK PSD\Post\ELO\OUT
[2018-04-03 23:00:00Z] - INFO - Автоматический режим работы
[2018-04-03 23:00:00Z] - INFO - Файлы отчетности не найдены в каталоге l:\PTK PSD\Post\ELO\OUT
[2018-04-03 23:15:00Z] - INFO - Автоматический режим работы
[2018-04-03 23:15:00Z] - INFO - Файлы отчетности не найдены в каталоге l:\PTK PSD\Post\ELO\OUT
[2018-04-03 23:30:00Z] - INFO - Автоматический режим работы
[2018-04-03 23:30:00Z] - INFO - Файлы отчетности не найдены в каталоге l:\PTK PSD\Post\ELO\OUT
[2018-04-03 23:45:16Z] - INFO - Автоматический режим работы
[2018-04-03 23:45:16Z] - INFO - Файлы отчетности не найдены в каталоге l:\PTK PSD\Post\ELO\OUT
