[2018-05-03 00:00:13Z] - INFO - Автоматический режим работы
[2018-05-03 00:00:13Z] - INFO - Файлы отчетности не найдены в каталоге l:\PTK PSD\Post\ELO\OUT
[2018-05-03 00:15:00Z] - INFO - Автоматический режим работы
[2018-05-03 00:15:00Z] - INFO - Файлы отчетности не найдены в каталоге l:\PTK PSD\Post\ELO\OUT
[2018-05-03 00:30:00Z] - INFO - Автоматический режим работы
[2018-05-03 00:30:00Z] - INFO - Файлы отчетности не найдены в каталоге l:\PTK PSD\Post\ELO\OUT
[2018-05-03 00:45:00Z] - INFO - Автоматический режим работы
[2018-05-03 00:45:00Z] - INFO - Файлы отчетности не найдены в каталоге l:\PTK PSD\Post\ELO\OUT
[2018-05-03 01:00:00Z] - INFO - Автоматический режим работы
[2018-05-03 01:00:00Z] - INFO - Файлы отчетности не найдены в каталоге l:\PTK PSD\Post\ELO\OUT
[2018-05-03 01:15:00Z] - INFO - Автоматический режим работы
[2018-05-03 01:15:00Z] - INFO - Файлы отчетности не найдены в каталоге l:\PTK PSD\Post\ELO\OUT
[2018-05-03 01:30:00Z] - INFO - Автоматический режим работы
[2018-05-03 01:30:00Z] - INFO - Файлы отчетности не найдены в каталоге l:\PTK PSD\Post\ELO\OUT
[2018-05-03 01:45:00Z] - INFO - Автоматический режим работы
[2018-05-03 01:45:00Z] - INFO - Файлы отчетности не найдены в каталоге l:\PTK PSD\Post\ELO\OUT
[2018-05-03 02:00:00Z] - INFO - Автоматический режим работы
[2018-05-03 02:00:00Z] - INFO - Файлы отчетности не найдены в каталоге l:\PTK PSD\Post\ELO\OUT
[2018-05-03 02:15:00Z] - INFO - Автоматический режим работы
[2018-05-03 02:15:00Z] - INFO - Файлы отчетности не найдены в каталоге l:\PTK PSD\Post\ELO\OUT
[2018-05-03 02:30:00Z] - INFO - Автоматический режим работы
[2018-05-03 02:30:00Z] - INFO - Файлы отчетности не найдены в каталоге l:\PTK PSD\Post\ELO\OUT
[2018-05-03 02:45:00Z] - INFO - Автоматический режим работы
[2018-05-03 02:45:00Z] - INFO - Файлы отчетности не найдены в каталоге l:\PTK PSD\Post\ELO\OUT
[2018-05-03 03:00:00Z] - INFO - Автоматический режим работы
[2018-05-03 03:00:00Z] - INFO - Файлы отчетности не найдены в каталоге l:\PTK PSD\Post\ELO\OUT
[2018-05-03 03:15:00Z] - INFO - Автоматический режим работы
[2018-05-03 03:15:00Z] - INFO - Файлы отчетности не найдены в каталоге l:\PTK PSD\Post\ELO\OUT
[2018-05-03 03:30:00Z] - INFO - Автоматический режим работы
[2018-05-03 03:30:00Z] - INFO - Файлы отчетности не найдены в каталоге l:\PTK PSD\Post\ELO\OUT
[2018-05-03 03:45:00Z] - INFO - Автоматический режим работы
[2018-05-03 03:45:00Z] - INFO - Файлы отчетности не найдены в каталоге l:\PTK PSD\Post\ELO\OUT
[2018-05-03 04:00:00Z] - INFO - Автоматический режим работы
[2018-05-03 04:00:00Z] - INFO - Файлы отчетности не найдены в каталоге l:\PTK PSD\Post\ELO\OUT
[2018-05-03 04:15:00Z] - INFO - Автоматический режим работы
[2018-05-03 04:15:00Z] - INFO - Файлы отчетности не найдены в каталоге l:\PTK PSD\Post\ELO\OUT
[2018-05-03 04:30:03Z] - INFO - Автоматический режим работы
[2018-05-03 04:30:03Z] - INFO - Файлы отчетности не найдены в каталоге l:\PTK PSD\Post\ELO\OUT
[2018-05-03 04:45:00Z] - INFO - Автоматический режим работы
[2018-05-03 04:45:00Z] - INFO - Файлы отчетности не найдены в каталоге l:\PTK PSD\Post\ELO\OUT
[2018-05-03 05:00:00Z] - INFO - Автоматический режим работы
[2018-05-03 05:00:00Z] - INFO - Файлы отчетности не найдены в каталоге l:\PTK PSD\Post\ELO\OUT
[2018-05-03 05:15:00Z] - INFO - Автоматический режим работы
[2018-05-03 05:15:00Z] - INFO - Файлы отчетности не найдены в каталоге l:\PTK PSD\Post\ELO\OUT
[2018-05-03 05:30:01Z] - INFO - Автоматический режим работы
[2018-05-03 05:30:01Z] - INFO - Файлы отчетности не найдены в каталоге l:\PTK PSD\Post\ELO\OUT
[2018-05-03 05:45:01Z] - INFO - Автоматический режим работы
[2018-05-03 05:45:01Z] - INFO - Файлы отчетности не найдены в каталоге l:\PTK PSD\Post\ELO\OUT
[2018-05-03 06:00:00Z] - INFO - Автоматический режим работы
[2018-05-03 06:00:00Z] - INFO - Файлы отчетности не найдены в каталоге l:\PTK PSD\Post\ELO\OUT
[2018-05-03 06:15:00Z] - INFO - Автоматический режим работы
[2018-05-03 06:15:00Z] - INFO - Файлы отчетности не найдены в каталоге l:\PTK PSD\Post\ELO\OUT
[2018-05-03 06:30:00Z] - INFO - Автоматический режим работы
[2018-05-03 06:30:00Z] - INFO - Файлы отчетности не найдены в каталоге l:\PTK PSD\Post\ELO\OUT
[2018-05-03 06:45:00Z] - INFO - Автоматический режим работы
[2018-05-03 06:45:00Z] - INFO - Файлы отчетности не найдены в каталоге l:\PTK PSD\Post\ELO\OUT
[2018-05-03 07:00:00Z] - INFO - Автоматический режим работы
[2018-05-03 07:00:00Z] - INFO - Файлы отчетности не найдены в каталоге l:\PTK PSD\Post\ELO\OUT
[2018-05-03 07:15:00Z] - INFO - Автоматический режим работы
[2018-05-03 07:15:00Z] - INFO - Файлы отчетности не найдены в каталоге l:\PTK PSD\Post\ELO\OUT
[2018-05-03 07:30:00Z] - INFO - Автоматический режим работы
[2018-05-03 07:30:00Z] - INFO - Файлы отчетности не найдены в каталоге l:\PTK PSD\Post\ELO\OUT
[2018-05-03 07:45:00Z] - INFO - Автоматический режим работы
[2018-05-03 07:45:00Z] - INFO - Файлы отчетности не найдены в каталоге l:\PTK PSD\Post\ELO\OUT
[2018-05-03 08:00:00Z] - INFO - Автоматический режим работы
[2018-05-03 08:00:00Z] - INFO - Файлы отчетности не найдены в каталоге l:\PTK PSD\Post\ELO\OUT
[2018-05-03 08:15:00Z] - INFO - Автоматический режим работы
[2018-05-03 08:15:00Z] - INFO - Файлы отчетности не найдены в каталоге l:\PTK PSD\Post\ELO\OUT
[2018-05-03 08:30:00Z] - INFO - Автоматический режим работы
[2018-05-03 08:30:00Z] - INFO - Файлы отчетности не найдены в каталоге l:\PTK PSD\Post\ELO\OUT
[2018-05-03 08:45:00Z] - INFO - Автоматический режим работы
[2018-05-03 08:45:00Z] - INFO - Файлы отчетности не найдены в каталоге l:\PTK PSD\Post\ELO\OUT
[2018-05-03 09:00:00Z] - INFO - Автоматический режим работы
[2018-05-03 09:00:01Z] - INFO - Файлы отчетности не найдены в каталоге l:\PTK PSD\Post\ELO\OUT
[2018-05-03 09:15:00Z] - INFO - Автоматический режим работы
[2018-05-03 09:15:00Z] - INFO - Файлы отчетности не найдены в каталоге l:\PTK PSD\Post\ELO\OUT
[2018-05-03 09:30:00Z] - INFO - Автоматический режим работы
[2018-05-03 09:30:00Z] - INFO - Файлы отчетности не найдены в каталоге l:\PTK PSD\Post\ELO\OUT
[2018-05-03 09:45:00Z] - INFO - Автоматический режим работы
[2018-05-03 09:45:00Z] - INFO - Файлы отчетности не найдены в каталоге l:\PTK PSD\Post\ELO\OUT
[2018-05-03 10:00:01Z] - INFO - Автоматический режим работы
[2018-05-03 10:00:01Z] - INFO - Файлы отчетности не найдены в каталоге l:\PTK PSD\Post\ELO\OUT
[2018-05-03 10:15:00Z] - INFO - Автоматический режим работы
[2018-05-03 10:15:00Z] - INFO - Файлы отчетности не найдены в каталоге l:\PTK PSD\Post\ELO\OUT
[2018-05-03 10:30:00Z] - INFO - Автоматический режим работы
[2018-05-03 10:30:00Z] - INFO - Файлы отчетности не найдены в каталоге l:\PTK PSD\Post\ELO\OUT
[2018-05-03 10:45:00Z] - INFO - Автоматический режим работы
[2018-05-03 10:45:00Z] - INFO - Файлы отчетности не найдены в каталоге l:\PTK PSD\Post\ELO\OUT
[2018-05-03 11:00:01Z] - INFO - Автоматический режим работы
[2018-05-03 11:00:01Z] - INFO - Файлы отчетности не найдены в каталоге l:\PTK PSD\Post\ELO\OUT
[2018-05-03 11:15:00Z] - INFO - Автоматический режим работы
[2018-05-03 11:15:00Z] - INFO - Файлы отчетности не найдены в каталоге l:\PTK PSD\Post\ELO\OUT
[2018-05-03 11:30:00Z] - INFO - Автоматический режим работы
[2018-05-03 11:30:00Z] - INFO - Файлы отчетности не найдены в каталоге l:\PTK PSD\Post\ELO\OUT
[2018-05-03 11:45:00Z] - INFO - Автоматический режим работы
[2018-05-03 11:45:00Z] - INFO - Файлы отчетности не найдены в каталоге l:\PTK PSD\Post\ELO\OUT
[2018-05-03 12:00:00Z] - INFO - Автоматический режим работы
[2018-05-03 12:00:00Z] - INFO - Файлы отчетности не найдены в каталоге l:\PTK PSD\Post\ELO\OUT
[2018-05-03 12:15:00Z] - INFO - Автоматический режим работы
[2018-05-03 12:15:00Z] - INFO - Файлы отчетности не найдены в каталоге l:\PTK PSD\Post\ELO\OUT
[2018-05-03 12:30:00Z] - INFO - Автоматический режим работы
[2018-05-03 12:30:00Z] - INFO - Файлы отчетности не найдены в каталоге l:\PTK PSD\Post\ELO\OUT
[2018-05-03 12:45:00Z] - INFO - Автоматический режим работы
[2018-05-03 12:45:00Z] - INFO - Файлы отчетности не найдены в каталоге l:\PTK PSD\Post\ELO\OUT
[2018-05-03 13:00:00Z] - INFO - Автоматический режим работы
[2018-05-03 13:00:01Z] - INFO - Файлы отчетности не найдены в каталоге l:\PTK PSD\Post\ELO\OUT
[2018-05-03 13:15:02Z] - INFO - Автоматический режим работы
[2018-05-03 13:15:02Z] - INFO - Файлы отчетности не найдены в каталоге l:\PTK PSD\Post\ELO\OUT
[2018-05-03 13:30:01Z] - INFO - Автоматический режим работы
[2018-05-03 13:30:01Z] - INFO - Файлы отчетности не найдены в каталоге l:\PTK PSD\Post\ELO\OUT
[2018-05-03 13:45:00Z] - INFO - Автоматический режим работы
[2018-05-03 13:45:00Z] - INFO - Файлы отчетности не найдены в каталоге l:\PTK PSD\Post\ELO\OUT
[2018-05-03 14:00:02Z] - INFO - Автоматический режим работы
[2018-05-03 14:00:02Z] - INFO - Файлы отчетности не найдены в каталоге l:\PTK PSD\Post\ELO\OUT
[2018-05-03 14:15:00Z] - INFO - Автоматический режим работы
[2018-05-03 14:15:01Z] - INFO - Начат автоматический приём по форме 440П 03.05.2018 14:15:00
[2018-05-03 14:15:02Z] - INFO - Копируем файл AFN_MIFNS00_7106962_20180428_00007.ARJ
[2018-05-03 14:15:02Z] - INFO - Копируем файл AFN_MIFNS00_7106962_20180428_00008.ARJ
[2018-05-03 14:15:02Z] - INFO - Сохраняем текущею ключевую дискету
[2018-05-03 14:15:24Z] - INFO - Копирование файлов в архив \\tmn-ts-01\440p\Arhive\03052018
[2018-05-03 14:15:25Z] - INFO - Снимаем подпись с arj-архивов
[2018-05-03 14:15:25Z] - INFO - Загружаем ключевую дискету C:\DISKET2018\disk\disk22
[2018-05-03 14:15:26Z] - INFO - Начинаем преобразование...
[2018-05-03 14:15:31Z] - INFO - Сравниваем до и после преобразования...
[2018-05-03 14:15:36Z] - INFO - Начинаем разархивацию...
[2018-05-03 14:15:36Z] - INFO - Разархивация файла C:\work\AFN_MIFNS00_7106962_20180428_00007.ARJ
[2018-05-03 14:15:37Z] - INFO - Разархивация файла C:\work\AFN_MIFNS00_7106962_20180428_00008.ARJ
[2018-05-03 14:15:38Z] - INFO - Снимаем подпись с xml-файлов
[2018-05-03 14:15:38Z] - INFO - Загружаем ключевую дискету C:\DISKET2018\disk\disk22
[2018-05-03 14:15:40Z] - INFO - Начинаем преобразование...
[2018-05-03 14:15:45Z] - INFO - Сравниваем до и после преобразования...
[2018-05-03 14:15:51Z] - INFO - Форматируем xml-файлы
[2018-05-03 14:15:52Z] - INFO - Пришли подтверждения
[2018-05-03 14:15:53Z] - INFO - Пришли успешные подтверждения - 59 шт.
Потверждения находятся в каталоге \\tmn-ts-01\440p\ack\03052018


[2018-05-03 14:16:05Z] - INFO - Удаляем файл l:\PTK PSD\Post\ELO\OUT\AFN_MIFNS00_7106962_20180428_00007.ARJ
[2018-05-03 14:16:05Z] - INFO - Удаляем файл l:\PTK PSD\Post\ELO\OUT\AFN_MIFNS00_7106962_20180428_00008.ARJ
[2018-05-03 14:16:05Z] - INFO - Загружаем исходную ключевую дискету
[2018-05-03 14:16:06Z] - INFO - Конец работы скрипта!
[2018-05-03 14:30:00Z] - INFO - Автоматический режим работы
[2018-05-03 14:30:00Z] - INFO - Файлы отчетности не найдены в каталоге l:\PTK PSD\Post\ELO\OUT
[2018-05-03 14:45:00Z] - INFO - Автоматический режим работы
[2018-05-03 14:45:00Z] - INFO - Файлы отчетности не найдены в каталоге l:\PTK PSD\Post\ELO\OUT
[2018-05-03 15:00:00Z] - INFO - Автоматический режим работы
[2018-05-03 15:00:01Z] - INFO - Начат автоматический приём по форме 440П 03.05.2018 15:00:01
[2018-05-03 15:00:02Z] - INFO - Копируем файл AFN_MIFNS00_7106962_20180428_00005.ARJ
[2018-05-03 15:00:02Z] - INFO - Сохраняем текущею ключевую дискету
[2018-05-03 15:00:03Z] - INFO - Копирование файлов в архив \\tmn-ts-01\440p\Arhive\03052018
[2018-05-03 15:00:03Z] - INFO - Выполнение операции "Копирование файла" над целевым объектом "Элемент: C:\work\
AFN_MIFNS00_7106962_20180428_00005.ARJ Назначение: \\tmn-ts-01\440p\Arhive\0305
2018\AFN_MIFNS00_7106962_20180428_00005.ARJ".

[2018-05-03 15:00:03Z] - INFO - Снимаем подпись с arj-архивов
[2018-05-03 15:00:03Z] - INFO - Загружаем ключевую дискету C:\DISKET2018\disk\disk22
[2018-05-03 15:00:03Z] - INFO - Начинаем преобразование...
[2018-05-03 15:00:08Z] - INFO - Сравниваем до и после преобразования...
[2018-05-03 15:00:13Z] - INFO - Начинаем разархивацию...
[2018-05-03 15:00:13Z] - INFO - Разархивация файла C:\work\AFN_MIFNS00_7106962_20180428_00005.ARJ
[2018-05-03 15:00:14Z] - INFO - Расшифровываем vrb-файлы
[2018-05-03 15:00:14Z] - INFO - Загружаем ключевую дискету c:\DISKET2018\Disk\DISK21
[2018-05-03 15:00:16Z] - INFO - Начинаем преобразование...
[2018-05-03 15:00:21Z] - INFO - Сравниваем до и после преобразования...
[2018-05-03 15:00:26Z] - INFO - Переименовываем файлы в xml
[2018-05-03 15:00:26Z] - INFO - Снимаем подпись с xml-файлов
[2018-05-03 15:00:26Z] - INFO - Загружаем ключевую дискету C:\DISKET2018\disk\disk22
[2018-05-03 15:00:27Z] - INFO - Начинаем преобразование...
[2018-05-03 15:00:32Z] - INFO - Сравниваем до и после преобразования...
[2018-05-03 15:00:37Z] - INFO - Форматируем xml-файлы
[2018-05-03 15:00:38Z] - INFO - Пришло всего 1 сообщений
Из них:
Решения: 1

[2018-05-03 15:00:38Z] - INFO - Удаляем файл l:\PTK PSD\Post\ELO\OUT\AFN_MIFNS00_7106962_20180428_00005.ARJ
[2018-05-03 15:00:38Z] - INFO - Загружаем исходную ключевую дискету
[2018-05-03 15:00:39Z] - INFO - Конец работы скрипта!
[2018-05-03 15:15:00Z] - INFO - Автоматический режим работы
[2018-05-03 15:15:01Z] - INFO - Начат автоматический приём по форме 440П 03.05.2018 15:15:00
[2018-05-03 15:15:01Z] - INFO - Копируем файл AFN_MIFNS00_7106962_20180428_00006.ARJ
[2018-05-03 15:15:01Z] - INFO - Сохраняем текущею ключевую дискету
[2018-05-03 15:15:03Z] - INFO - Копирование файлов в архив \\tmn-ts-01\440p\Arhive\03052018
[2018-05-03 15:15:03Z] - INFO - Выполнение операции "Копирование файла" над целевым объектом "Элемент: C:\work\
AFN_MIFNS00_7106962_20180428_00006.ARJ Назначение: \\tmn-ts-01\440p\Arhive\0305
2018\AFN_MIFNS00_7106962_20180428_00006.ARJ".

[2018-05-03 15:15:03Z] - INFO - Снимаем подпись с arj-архивов
[2018-05-03 15:15:03Z] - INFO - Загружаем ключевую дискету C:\DISKET2018\disk\disk22
[2018-05-03 15:15:03Z] - INFO - Начинаем преобразование...
[2018-05-03 15:15:08Z] - INFO - Сравниваем до и после преобразования...
[2018-05-03 15:15:13Z] - INFO - Начинаем разархивацию...
[2018-05-03 15:15:13Z] - INFO - Разархивация файла C:\work\AFN_MIFNS00_7106962_20180428_00006.ARJ
[2018-05-03 15:15:14Z] - INFO - Расшифровываем vrb-файлы
[2018-05-03 15:15:14Z] - INFO - Загружаем ключевую дискету c:\DISKET2018\Disk\DISK21
[2018-05-03 15:15:15Z] - INFO - Начинаем преобразование...
[2018-05-03 15:15:20Z] - INFO - Сравниваем до и после преобразования...
[2018-05-03 15:15:25Z] - INFO - Переименовываем файлы в xml
[2018-05-03 15:15:25Z] - INFO - Снимаем подпись с xml-файлов
[2018-05-03 15:15:25Z] - INFO - Загружаем ключевую дискету C:\DISKET2018\disk\disk22
[2018-05-03 15:15:27Z] - INFO - Начинаем преобразование...
[2018-05-03 15:15:32Z] - INFO - Сравниваем до и после преобразования...
[2018-05-03 15:15:37Z] - INFO - Форматируем xml-файлы
[2018-05-03 15:15:37Z] - INFO - Пришло всего 13 сообщений
Из них:
Запросы: 13

[2018-05-03 15:15:41Z] - INFO - Удаляем файл l:\PTK PSD\Post\ELO\OUT\AFN_MIFNS00_7106962_20180428_00006.ARJ
[2018-05-03 15:15:41Z] - INFO - Загружаем исходную ключевую дискету
[2018-05-03 15:15:42Z] - INFO - Конец работы скрипта!
[2018-05-03 15:30:00Z] - INFO - Автоматический режим работы
[2018-05-03 15:30:01Z] - INFO - Начат автоматический приём по форме 440П 03.05.2018 15:30:00
[2018-05-03 15:30:01Z] - INFO - Копируем файл AFN_MIFNS00_7106962_20180429_00001.ARJ
[2018-05-03 15:30:01Z] - INFO - Копируем файл AFN_MIFNS00_7106962_20180503_00001.ARJ
[2018-05-03 15:30:01Z] - INFO - Копируем файл AFN_MIFNS00_7106962_20180503_00002.ARJ
[2018-05-03 15:30:02Z] - INFO - Сохраняем текущею ключевую дискету
[2018-05-03 15:30:03Z] - INFO - Копирование файлов в архив \\tmn-ts-01\440p\Arhive\03052018
[2018-05-03 15:30:03Z] - INFO - Выполнение операции "Копирование файла" над целевым объектом "Элемент: C:\work\
AFN_MIFNS00_7106962_20180429_00001.ARJ Назначение: \\tmn-ts-01\440p\Arhive\0305
2018\AFN_MIFNS00_7106962_20180429_00001.ARJ".
Выполнение операции "Копирование файла" над целевым объектом "Элемент: C:\work\
AFN_MIFNS00_7106962_20180503_00001.ARJ Назначение: \\tmn-ts-01\440p\Arhive\0305
2018\AFN_MIFNS00_7106962_20180503_00001.ARJ".
Выполнение операции "Копирование файла" над целевым объектом "Элемент: C:\work\
AFN_MIFNS00_7106962_20180503_00002.ARJ Назначение: \\tmn-ts-01\440p\Arhive\0305
2018\AFN_MIFNS00_7106962_20180503_00002.ARJ".

[2018-05-03 15:30:03Z] - INFO - Снимаем подпись с arj-архивов
[2018-05-03 15:30:03Z] - INFO - Загружаем ключевую дискету C:\DISKET2018\disk\disk22
[2018-05-03 15:30:03Z] - INFO - Начинаем преобразование...
[2018-05-03 15:30:08Z] - INFO - Сравниваем до и после преобразования...
[2018-05-03 15:30:13Z] - INFO - Начинаем разархивацию...
[2018-05-03 15:30:13Z] - INFO - Разархивация файла C:\work\AFN_MIFNS00_7106962_20180429_00001.ARJ
[2018-05-03 15:30:14Z] - INFO - Разархивация файла C:\work\AFN_MIFNS00_7106962_20180503_00001.ARJ
[2018-05-03 15:30:15Z] - INFO - Разархивация файла C:\work\AFN_MIFNS00_7106962_20180503_00002.ARJ
[2018-05-03 15:30:16Z] - INFO - Расшифровываем vrb-файлы
[2018-05-03 15:30:16Z] - INFO - Загружаем ключевую дискету c:\DISKET2018\Disk\DISK21
[2018-05-03 15:30:17Z] - INFO - Начинаем преобразование...
[2018-05-03 15:30:22Z] - INFO - Сравниваем до и после преобразования...
[2018-05-03 15:30:28Z] - INFO - Переименовываем файлы в xml
[2018-05-03 15:30:28Z] - INFO - Снимаем подпись с xml-файлов
[2018-05-03 15:30:28Z] - INFO - Загружаем ключевую дискету C:\DISKET2018\disk\disk22
[2018-05-03 15:30:29Z] - INFO - Начинаем преобразование...
[2018-05-03 15:30:34Z] - INFO - Сравниваем до и после преобразования...
[2018-05-03 15:30:39Z] - INFO - Форматируем xml-файлы
[2018-05-03 15:30:40Z] - INFO - Пришли подтверждения
[2018-05-03 15:30:41Z] - INFO - Пришли успешные подтверждения - 15 шт.
Потверждения находятся в каталоге \\tmn-ts-01\440p\ack\03052018


[2018-05-03 15:30:52Z] - INFO - Пришло всего 18 сообщений
Из них:
Запросы: 18

[2018-05-03 15:30:56Z] - INFO - Удаляем файл l:\PTK PSD\Post\ELO\OUT\AFN_MIFNS00_7106962_20180429_00001.ARJ
[2018-05-03 15:30:56Z] - INFO - Удаляем файл l:\PTK PSD\Post\ELO\OUT\AFN_MIFNS00_7106962_20180503_00001.ARJ
[2018-05-03 15:30:56Z] - INFO - Удаляем файл l:\PTK PSD\Post\ELO\OUT\AFN_MIFNS00_7106962_20180503_00002.ARJ
[2018-05-03 15:30:56Z] - INFO - Загружаем исходную ключевую дискету
[2018-05-03 15:30:57Z] - INFO - Конец работы скрипта!
[2018-05-03 15:45:00Z] - INFO - Автоматический режим работы
[2018-05-03 15:45:00Z] - INFO - Файлы отчетности не найдены в каталоге l:\PTK PSD\Post\ELO\OUT
[2018-05-03 16:00:00Z] - INFO - Автоматический режим работы
[2018-05-03 16:00:01Z] - INFO - Файлы отчетности не найдены в каталоге l:\PTK PSD\Post\ELO\OUT
[2018-05-03 16:15:00Z] - INFO - Автоматический режим работы
[2018-05-03 16:15:00Z] - INFO - Файлы отчетности не найдены в каталоге l:\PTK PSD\Post\ELO\OUT
[2018-05-03 16:30:00Z] - INFO - Автоматический режим работы
[2018-05-03 16:30:00Z] - INFO - Файлы отчетности не найдены в каталоге l:\PTK PSD\Post\ELO\OUT
[2018-05-03 16:45:00Z] - INFO - Автоматический режим работы
[2018-05-03 16:45:00Z] - INFO - Файлы отчетности не найдены в каталоге l:\PTK PSD\Post\ELO\OUT
[2018-05-03 16:53:00Z] - INFO - Обработка отчетности - 440out
[2018-05-03 16:53:00Z] - WARN - Автоматическое копирование в папку c:\work произведено не было!
[2018-05-03 16:53:01Z] - INFO - Сохраняем текущею ключевую дискету
[2018-05-03 16:53:02Z] - INFO - Выполнение операции "Копирование файла" над целевым объектом "Элемент: C:\work\PB1_ROO17106962_720620180428_000384.xml 
Назначение: \\tmn-ts-01\440p\Arhive\03052018\PB1_ROO17106962_720620180428_000384.xml".
Выполнение операции "Копирование файла" над целевым объектом "Элемент: C:\work\PB1_ZSV17106962_723020180428_001005.xml 
Назначение: \\tmn-ts-01\440p\Arhive\03052018\PB1_ZSV17106962_723020180428_001005.xml".
Выполнение операции "Копирование файла" над целевым объектом "Элемент: C:\work\PB1_ZSV17106962_723020180428_001208.xml 
Назначение: \\tmn-ts-01\440p\Arhive\03052018\PB1_ZSV17106962_723020180428_001208.xml".
Выполнение операции "Копирование файла" над целевым объектом "Элемент: C:\work\PB1_ZSV17106962_723020180428_001283.xml 
Назначение: \\tmn-ts-01\440p\Arhive\03052018\PB1_ZSV17106962_723020180428_001283.xml".
Выполнение операции "Копирование файла" над целевым объектом "Элемент: C:\work\PB1_ZSV17106962_723020180428_001365.xml 
Назначение: \\tmn-ts-01\440p\Arhive\03052018\PB1_ZSV17106962_723020180428_001365.xml".
Выполнение операции "Копирование файла" над целевым объектом "Элемент: C:\work\PB1_ZSV17106962_723020180428_001478.xml 
Назначение: \\tmn-ts-01\440p\Arhive\03052018\PB1_ZSV17106962_723020180428_001478.xml".
Выполнение операции "Копирование файла" над целевым объектом "Элемент: C:\work\PB1_ZSV17106962_723020180428_001539.xml 
Назначение: \\tmn-ts-01\440p\Arhive\03052018\PB1_ZSV17106962_723020180428_001539.xml".
Выполнение операции "Копирование файла" над целевым объектом "Элемент: C:\work\PB1_ZSV17106962_723020180428_001584.xml 
Назначение: \\tmn-ts-01\440p\Arhive\03052018\PB1_ZSV17106962_723020180428_001584.xml".
Выполнение операции "Копирование файла" над целевым объектом "Элемент: C:\work\PB1_ZSV17106962_723020180428_001812.xml 
Назначение: \\tmn-ts-01\440p\Arhive\03052018\PB1_ZSV17106962_723020180428_001812.xml".
Выполнение операции "Копирование файла" над целевым объектом "Элемент: C:\work\PB1_ZSV17106962_723020180428_002262.xml 
Назначение: \\tmn-ts-01\440p\Arhive\03052018\PB1_ZSV17106962_723020180428_002262.xml".
Выполнение операции "Копирование файла" над целевым объектом "Элемент: C:\work\PB1_ZSV17106962_723020180428_002395.xml 
Назначение: \\tmn-ts-01\440p\Arhive\03052018\PB1_ZSV17106962_723020180428_002395.xml".
Выполнение операции "Копирование файла" над целевым объектом "Элемент: C:\work\PB1_ZSV17106962_723020180428_002746.xml 
Назначение: \\tmn-ts-01\440p\Arhive\03052018\PB1_ZSV17106962_723020180428_002746.xml".
Выполнение операции "Копирование файла" над целевым объектом "Элемент: C:\work\PB1_ZSV17106962_723020180428_003088.xml 
Назначение: \\tmn-ts-01\440p\Arhive\03052018\PB1_ZSV17106962_723020180428_003088.xml".
Выполнение операции "Копирование файла" над целевым объектом "Элемент: C:\work\PB1_ZSV17106962_723020180428_003481.xml 
Назначение: \\tmn-ts-01\440p\Arhive\03052018\PB1_ZSV17106962_723020180428_003481.xml".
Выполнение операции "Копирование файла" над целевым объектом "Элемент: C:\work\PB1_ZSV17106962_723020180503_000165.xml 
Назначение: \\tmn-ts-01\440p\Arhive\03052018\PB1_ZSV17106962_723020180503_000165.xml".
Выполнение операции "Копирование файла" над целевым объектом "Элемент: C:\work\PB1_ZSV17106962_723020180503_000289.xml 
Назначение: \\tmn-ts-01\440p\Arhive\03052018\PB1_ZSV17106962_723020180503_000289.xml".
Выполнение операции "Копирование файла" над целевым объектом "Элемент: C:\work\PB1_ZSV17106962_723020180503_000582.xml 
Назначение: \\tmn-ts-01\440p\Arhive\03052018\PB1_ZSV17106962_723020180503_000582.xml".
Выполнение операции "Копирование файла" над целевым объектом "Элемент: C:\work\PB1_ZSV17106962_723020180503_000813.xml 
Назначение: \\tmn-ts-01\440p\Arhive\03052018\PB1_ZSV17106962_723020180503_000813.xml".
Выполнение операции "Копирование файла" над целевым объектом "Элемент: C:\work\PB1_ZSV17106962_723020180503_000896.xml 
Назначение: \\tmn-ts-01\440p\Arhive\03052018\PB1_ZSV17106962_723020180503_000896.xml".
Выполнение операции "Копирование файла" над целевым объектом "Элемент: C:\work\PB1_ZSV17106962_723020180503_001221.xml 
Назначение: \\tmn-ts-01\440p\Arhive\03052018\PB1_ZSV17106962_723020180503_001221.xml".
Выполнение операции "Копирование файла" над целевым объектом "Элемент: C:\work\PB1_ZSV17106962_723020180503_001526.xml 
Назначение: \\tmn-ts-01\440p\Arhive\03052018\PB1_ZSV17106962_723020180503_001526.xml".
Выполнение операции "Копирование файла" над целевым объектом "Элемент: C:\work\PB1_ZSV17106962_723020180503_001607.xml 
Назначение: \\tmn-ts-01\440p\Arhive\03052018\PB1_ZSV17106962_723020180503_001607.xml".
Выполнение операции "Копирование файла" над целевым объектом "Элемент: C:\work\PB1_ZSV17106962_723020180503_001704.xml 
Назначение: \\tmn-ts-01\440p\Arhive\03052018\PB1_ZSV17106962_723020180503_001704.xml".
Выполнение операции "Копирование файла" над целевым объектом "Элемент: C:\work\PB1_ZSV17106962_723020180503_001716.xml 
Назначение: \\tmn-ts-01\440p\Arhive\03052018\PB1_ZSV17106962_723020180503_001716.xml".
Выполнение операции "Копирование файла" над целевым объектом "Элемент: C:\work\PB1_ZSV17106962_723020180503_001753.xml 
Назначение: \\tmn-ts-01\440p\Arhive\03052018\PB1_ZSV17106962_723020180503_001753.xml".
Выполнение операции "Копирование файла" над целевым объектом "Элемент: C:\work\PB1_ZSV17106962_723020180503_002423.xml 
Назначение: \\tmn-ts-01\440p\Arhive\03052018\PB1_ZSV17106962_723020180503_002423.xml".
Выполнение операции "Копирование файла" над целевым объектом "Элемент: C:\work\PB1_ZSV17106962_723020180503_002573.xml 
Назначение: \\tmn-ts-01\440p\Arhive\03052018\PB1_ZSV17106962_723020180503_002573.xml".
Выполнение операции "Копирование файла" над целевым объектом "Элемент: C:\work\PB1_ZSV17106962_723020180503_002605.xml 
Назначение: \\tmn-ts-01\440p\Arhive\03052018\PB1_ZSV17106962_723020180503_002605.xml".
Выполнение операции "Копирование файла" над целевым объектом "Элемент: C:\work\PB1_ZSV17106962_723020180503_002657.xml 
Назначение: \\tmn-ts-01\440p\Arhive\03052018\PB1_ZSV17106962_723020180503_002657.xml".
Выполнение операции "Копирование файла" над целевым объектом "Элемент: C:\work\PB1_ZSV17106962_723020180503_002672.xml 
Назначение: \\tmn-ts-01\440p\Arhive\03052018\PB1_ZSV17106962_723020180503_002672.xml".
Выполнение операции "Копирование файла" над целевым объектом "Элемент: C:\work\PB1_ZSV17106962_723020180503_003252.xml 
Назначение: \\tmn-ts-01\440p\Arhive\03052018\PB1_ZSV17106962_723020180503_003252.xml".
Выполнение операции "Копирование файла" над целевым объектом "Элемент: C:\work\PB1_ZSV17106962_723020180503_003349.xml 
Назначение: \\tmn-ts-01\440p\Arhive\03052018\PB1_ZSV17106962_723020180503_003349.xml".

[2018-05-03 16:53:02Z] - INFO - Копирование файлов в архив \\tmn-ts-01\440p\Arhive\03052018
[2018-05-03 16:53:02Z] - INFO - Переименовываем файлы *.xml -> *.vrb
[2018-05-03 16:53:02Z] - INFO - Подписываем все файлы
[2018-05-03 16:53:02Z] - INFO - Загружаем ключевую дискету c:\DISKET2017-1\Disk\DISK2
[2018-05-03 16:53:03Z] - INFO - Начинаем преобразование...
[2018-05-03 16:53:10Z] - INFO - Сравниваем до и после преобразования...
[2018-05-03 16:53:15Z] - INFO - Начинаем архивацию...
[2018-05-03 16:53:16Z] - INFO - Подписываем файл архива c:\work\AFN_7106962_MIFNS00_20180503_00001.arj
[2018-05-03 16:53:16Z] - INFO - Загружаем ключевую дискету c:\DISKET2017-1\Disk\DISK2
[2018-05-03 16:53:17Z] - INFO - Начинаем преобразование...
[2018-05-03 16:53:23Z] - INFO - Сравниваем до и после преобразования...
[2018-05-03 16:53:28Z] - INFO - Копируем файл архива AFN_7106962_MIFNS00_20180503_00001.arj в \\tmn-ts-01\440p\Arhive\03052018
[2018-05-03 16:53:28Z] - INFO - Копируем файл архива AFN_7106962_MIFNS00_20180503_00001.arj в l:\PTK PSD\Post\Post
[2018-05-03 16:53:29Z] - INFO - Отправленно всего 32 сообщений
Из них:
Потверждения: 32

[2018-05-03 16:53:29Z] - INFO - Загружаем исходную ключевую дискету
[2018-05-03 16:53:30Z] - INFO - Конец работы скрипта!
[2018-05-03 17:00:01Z] - INFO - Автоматический режим работы
[2018-05-03 17:00:01Z] - INFO - Файлы отчетности не найдены в каталоге l:\PTK PSD\Post\ELO\OUT
[2018-05-03 17:15:00Z] - INFO - Автоматический режим работы
[2018-05-03 17:15:00Z] - INFO - Файлы отчетности не найдены в каталоге l:\PTK PSD\Post\ELO\OUT
[2018-05-03 17:30:00Z] - INFO - Автоматический режим работы
[2018-05-03 17:30:01Z] - INFO - Начат автоматический приём по форме 440П 03.05.2018 17:30:00
[2018-05-03 17:30:02Z] - INFO - Копируем файл AFN_MIFNS00_7106962_20180503_00003.ARJ
[2018-05-03 17:30:02Z] - INFO - Копируем файл AFN_MIFNS00_7106962_20180503_00004.ARJ
[2018-05-03 17:30:02Z] - INFO - Копируем файл AFN_MIFNS00_7106962_20180503_00005.ARJ
[2018-05-03 17:30:02Z] - INFO - Сохраняем текущею ключевую дискету
[2018-05-03 17:30:03Z] - INFO - Копирование файлов в архив \\tmn-ts-01\440p\Arhive\03052018
[2018-05-03 17:30:03Z] - INFO - Выполнение операции "Копирование файла" над целевым объектом "Элемент: C:\work\
AFN_MIFNS00_7106962_20180503_00003.ARJ Назначение: \\tmn-ts-01\440p\Arhive\0305
2018\AFN_MIFNS00_7106962_20180503_00003.ARJ".
Выполнение операции "Копирование файла" над целевым объектом "Элемент: C:\work\
AFN_MIFNS00_7106962_20180503_00004.ARJ Назначение: \\tmn-ts-01\440p\Arhive\0305
2018\AFN_MIFNS00_7106962_20180503_00004.ARJ".
Выполнение операции "Копирование файла" над целевым объектом "Элемент: C:\work\
AFN_MIFNS00_7106962_20180503_00005.ARJ Назначение: \\tmn-ts-01\440p\Arhive\0305
2018\AFN_MIFNS00_7106962_20180503_00005.ARJ".

[2018-05-03 17:30:03Z] - INFO - Снимаем подпись с arj-архивов
[2018-05-03 17:30:03Z] - INFO - Загружаем ключевую дискету C:\DISKET2018\disk\disk22
[2018-05-03 17:30:03Z] - INFO - Начинаем преобразование...
[2018-05-03 17:30:08Z] - INFO - Сравниваем до и после преобразования...
[2018-05-03 17:30:13Z] - INFO - Начинаем разархивацию...
[2018-05-03 17:30:13Z] - INFO - Разархивация файла C:\work\AFN_MIFNS00_7106962_20180503_00003.ARJ
[2018-05-03 17:30:14Z] - INFO - Разархивация файла C:\work\AFN_MIFNS00_7106962_20180503_00004.ARJ
[2018-05-03 17:30:15Z] - INFO - Разархивация файла C:\work\AFN_MIFNS00_7106962_20180503_00005.ARJ
[2018-05-03 17:30:16Z] - INFO - Расшифровываем vrb-файлы
[2018-05-03 17:30:16Z] - INFO - Загружаем ключевую дискету c:\DISKET2018\Disk\DISK21
[2018-05-03 17:30:18Z] - INFO - Начинаем преобразование...
[2018-05-03 17:30:23Z] - INFO - Сравниваем до и после преобразования...
[2018-05-03 17:30:28Z] - INFO - Переименовываем файлы в xml
[2018-05-03 17:30:28Z] - INFO - Снимаем подпись с xml-файлов
[2018-05-03 17:30:28Z] - INFO - Загружаем ключевую дискету C:\DISKET2018\disk\disk22
[2018-05-03 17:30:29Z] - INFO - Начинаем преобразование...
[2018-05-03 17:30:34Z] - INFO - Сравниваем до и после преобразования...
[2018-05-03 17:30:39Z] - INFO - Форматируем xml-файлы
[2018-05-03 17:30:40Z] - INFO - Пришло всего 13 сообщений
Из них:
Решения: 10
Запросы: 3

[2018-05-03 17:30:43Z] - INFO - Удаляем файл l:\PTK PSD\Post\ELO\OUT\AFN_MIFNS00_7106962_20180503_00003.ARJ
[2018-05-03 17:30:43Z] - INFO - Удаляем файл l:\PTK PSD\Post\ELO\OUT\AFN_MIFNS00_7106962_20180503_00004.ARJ
[2018-05-03 17:30:43Z] - INFO - Удаляем файл l:\PTK PSD\Post\ELO\OUT\AFN_MIFNS00_7106962_20180503_00005.ARJ
[2018-05-03 17:30:43Z] - INFO - Загружаем исходную ключевую дискету
[2018-05-03 17:30:44Z] - INFO - Конец работы скрипта!
[2018-05-03 17:45:00Z] - INFO - Автоматический режим работы
[2018-05-03 17:45:00Z] - INFO - Файлы отчетности не найдены в каталоге l:\PTK PSD\Post\ELO\OUT
[2018-05-03 18:00:01Z] - INFO - Автоматический режим работы
[2018-05-03 18:00:01Z] - INFO - Файлы отчетности не найдены в каталоге l:\PTK PSD\Post\ELO\OUT
[2018-05-03 18:15:00Z] - INFO - Автоматический режим работы
[2018-05-03 18:15:00Z] - INFO - Файлы отчетности не найдены в каталоге l:\PTK PSD\Post\ELO\OUT
[2018-05-03 18:30:16Z] - INFO - Автоматический режим работы
[2018-05-03 18:30:16Z] - INFO - Файлы отчетности не найдены в каталоге l:\PTK PSD\Post\ELO\OUT
[2018-05-03 18:45:00Z] - INFO - Автоматический режим работы
[2018-05-03 18:45:00Z] - INFO - Файлы отчетности не найдены в каталоге l:\PTK PSD\Post\ELO\OUT
[2018-05-03 19:00:00Z] - INFO - Автоматический режим работы
[2018-05-03 19:00:00Z] - INFO - Файлы отчетности не найдены в каталоге l:\PTK PSD\Post\ELO\OUT
[2018-05-03 19:15:00Z] - INFO - Автоматический режим работы
[2018-05-03 19:15:05Z] - INFO - Начат автоматический приём по форме 440П 03.05.2018 19:15:01
[2018-05-03 19:15:06Z] - INFO - Копируем файл AFN_MIFNS00_7106962_20180503_00006.ARJ
[2018-05-03 19:15:09Z] - INFO - Сохраняем текущею ключевую дискету
[2018-05-03 19:15:11Z] - INFO - Копирование файлов в архив \\tmn-ts-01\440p\Arhive\03052018
[2018-05-03 19:15:11Z] - INFO - Выполнение операции "Копирование файла" над целевым объектом "Элемент: C:\work\
AFN_MIFNS00_7106962_20180503_00006.ARJ Назначение: \\tmn-ts-01\440p\Arhive\0305
2018\AFN_MIFNS00_7106962_20180503_00006.ARJ".

[2018-05-03 19:15:11Z] - INFO - Снимаем подпись с arj-архивов
[2018-05-03 19:15:11Z] - INFO - Загружаем ключевую дискету C:\DISKET2018\disk\disk22
[2018-05-03 19:15:12Z] - INFO - Начинаем преобразование...
[2018-05-03 19:15:32Z] - INFO - Сравниваем до и после преобразования...
[2018-05-03 19:15:38Z] - INFO - Начинаем разархивацию...
[2018-05-03 19:15:38Z] - INFO - Разархивация файла C:\work\AFN_MIFNS00_7106962_20180503_00006.ARJ
[2018-05-03 19:15:39Z] - INFO - Расшифровываем vrb-файлы
[2018-05-03 19:15:39Z] - INFO - Загружаем ключевую дискету c:\DISKET2018\Disk\DISK21
[2018-05-03 19:15:40Z] - INFO - Начинаем преобразование...
[2018-05-03 19:15:45Z] - INFO - Сравниваем до и после преобразования...
[2018-05-03 19:15:50Z] - INFO - Переименовываем файлы в xml
[2018-05-03 19:15:50Z] - INFO - Снимаем подпись с xml-файлов
[2018-05-03 19:15:50Z] - INFO - Загружаем ключевую дискету C:\DISKET2018\disk\disk22
[2018-05-03 19:15:52Z] - INFO - Начинаем преобразование...
[2018-05-03 19:15:57Z] - INFO - Сравниваем до и после преобразования...
[2018-05-03 19:16:02Z] - INFO - Форматируем xml-файлы
[2018-05-03 19:16:03Z] - INFO - Пришло всего 10 сообщений
Из них:
Решения: 1
Поручения: 2
Запросы: 7

[2018-05-03 19:16:06Z] - INFO - Удаляем файл l:\PTK PSD\Post\ELO\OUT\AFN_MIFNS00_7106962_20180503_00006.ARJ
[2018-05-03 19:16:06Z] - INFO - Загружаем исходную ключевую дискету
[2018-05-03 19:16:07Z] - INFO - Конец работы скрипта!
[2018-05-03 19:30:08Z] - INFO - Автоматический режим работы
[2018-05-03 19:30:08Z] - INFO - Файлы отчетности не найдены в каталоге l:\PTK PSD\Post\ELO\OUT
[2018-05-03 19:45:00Z] - INFO - Автоматический режим работы
[2018-05-03 19:45:00Z] - INFO - Файлы отчетности не найдены в каталоге l:\PTK PSD\Post\ELO\OUT
[2018-05-03 20:00:00Z] - INFO - Автоматический режим работы
[2018-05-03 20:00:00Z] - INFO - Файлы отчетности не найдены в каталоге l:\PTK PSD\Post\ELO\OUT
[2018-05-03 20:15:00Z] - INFO - Автоматический режим работы
[2018-05-03 20:15:02Z] - INFO - Файлы отчетности не найдены в каталоге l:\PTK PSD\Post\ELO\OUT
[2018-05-03 20:30:00Z] - INFO - Автоматический режим работы
[2018-05-03 20:30:00Z] - INFO - Файлы отчетности не найдены в каталоге l:\PTK PSD\Post\ELO\OUT
[2018-05-03 20:45:00Z] - INFO - Автоматический режим работы
[2018-05-03 20:45:00Z] - INFO - Файлы отчетности не найдены в каталоге l:\PTK PSD\Post\ELO\OUT
[2018-05-03 21:00:00Z] - INFO - Автоматический режим работы
[2018-05-03 21:00:00Z] - INFO - Файлы отчетности не найдены в каталоге l:\PTK PSD\Post\ELO\OUT
[2018-05-03 21:15:00Z] - INFO - Автоматический режим работы
[2018-05-03 21:15:00Z] - INFO - Файлы отчетности не найдены в каталоге l:\PTK PSD\Post\ELO\OUT
[2018-05-03 21:30:00Z] - INFO - Автоматический режим работы
[2018-05-03 21:30:00Z] - INFO - Файлы отчетности не найдены в каталоге l:\PTK PSD\Post\ELO\OUT
[2018-05-03 21:45:00Z] - INFO - Автоматический режим работы
[2018-05-03 21:45:00Z] - INFO - Файлы отчетности не найдены в каталоге l:\PTK PSD\Post\ELO\OUT
[2018-05-03 22:00:00Z] - INFO - Автоматический режим работы
[2018-05-03 22:00:00Z] - INFO - Файлы отчетности не найдены в каталоге l:\PTK PSD\Post\ELO\OUT
[2018-05-03 22:15:00Z] - INFO - Автоматический режим работы
[2018-05-03 22:15:00Z] - INFO - Файлы отчетности не найдены в каталоге l:\PTK PSD\Post\ELO\OUT
[2018-05-03 22:30:00Z] - INFO - Автоматический режим работы
[2018-05-03 22:30:00Z] - INFO - Файлы отчетности не найдены в каталоге l:\PTK PSD\Post\ELO\OUT
[2018-05-03 22:45:01Z] - INFO - Автоматический режим работы
[2018-05-03 22:45:01Z] - INFO - Файлы отчетности не найдены в каталоге l:\PTK PSD\Post\ELO\OUT
[2018-05-03 23:00:00Z] - INFO - Автоматический режим работы
[2018-05-03 23:00:00Z] - INFO - Файлы отчетности не найдены в каталоге l:\PTK PSD\Post\ELO\OUT
[2018-05-03 23:15:00Z] - INFO - Автоматический режим работы
[2018-05-03 23:15:00Z] - INFO - Файлы отчетности не найдены в каталоге l:\PTK PSD\Post\ELO\OUT
[2018-05-03 23:30:00Z] - INFO - Автоматический режим работы
[2018-05-03 23:30:00Z] - INFO - Файлы отчетности не найдены в каталоге l:\PTK PSD\Post\ELO\OUT
[2018-05-03 23:45:09Z] - INFO - Автоматический режим работы
[2018-05-03 23:45:09Z] - INFO - Файлы отчетности не найдены в каталоге l:\PTK PSD\Post\ELO\OUT
