[2018-11-20 08:40:23Z] - INFO - Обработка отчетности - 440out
[2018-11-20 08:40:23Z] - WARN - Автоматическое копирование в папку c:\work произведено не было!
[2018-11-20 08:40:23Z] - ERRR - Файлы xml в каталоге c:\work не найдены!
[2018-11-20 08:40:48Z] - INFO - Обработка отчетности - 440out
[2018-11-20 08:40:48Z] - WARN - Автоматическое копирование в папку c:\work произведено не было!
[2018-11-20 08:40:48Z] - INFO - Сохраняем текущею ключевую дискету
[2018-11-20 08:40:52Z] - INFO - Отправленно всего 100 сообщений
Из них:
Справка: 3
Сведения: 97

[2018-11-20 08:40:56Z] - INFO - Выполнение операции "Копирование файла" над целевым объектом "Элемент: C:\work\BOS1_RPO17106962_860320181015_000880_20181017_0002.xml Назначение: \\tmn-ts-01\440p\Arhive\20112018\BOS1_RPO17106962_860320181015_000880_20181017_0002.xml
".
Выполнение операции "Копирование файла" над целевым объектом "Элемент: C:\work\BOS1_RPO17106962_860320181015_001665_20181017_0002.xml Назначение: \\tmn-ts-01\440p\Arhive\20112018\BOS1_RPO17106962_860320181015_001665_20181017_0002.xml
".
Выполнение операции "Копирование файла" над целевым объектом "Элемент: C:\work\BOS1_RPO17106962_890520181016_000398_20181017_0002.xml Назначение: \\tmn-ts-01\440p\Arhive\20112018\BOS1_RPO17106962_890520181016_000398_20181017_0002.xml
".
Выполнение операции "Копирование файла" над целевым объектом "Элемент: C:\work\BVD1_ZSV17106962_720320181016_000130_20181017_0002_000001_000001.xml Назначение: \\tmn-ts-01\440p\Arhive\20112018\BVD1_ZSV17106962_720320181016_000130_201
81017_0002_000001_000001.xml".
Выполнение операции "Копирование файла" над целевым объектом "Элемент: C:\work\BVD1_ZSV17106962_720320181016_000208_20181017_0002_000001_000001.xml Назначение: \\tmn-ts-01\440p\Arhive\20112018\BVD1_ZSV17106962_720320181016_000208_201
81017_0002_000001_000001.xml".
Выполнение операции "Копирование файла" над целевым объектом "Элемент: C:\work\BVD1_ZSV17106962_720320181016_000304_20181017_0002_000001_000001.xml Назначение: \\tmn-ts-01\440p\Arhive\20112018\BVD1_ZSV17106962_720320181016_000304_201
81017_0002_000001_000001.xml".
Выполнение операции "Копирование файла" над целевым объектом "Элемент: C:\work\BVD1_ZSV17106962_720320181016_000736_20181017_0002_000001_000001.xml Назначение: \\tmn-ts-01\440p\Arhive\20112018\BVD1_ZSV17106962_720320181016_000736_201
81017_0002_000001_000001.xml".
Выполнение операции "Копирование файла" над целевым объектом "Элемент: C:\work\BVD1_ZSV17106962_720320181016_001186_20181017_0002_000001_000001.xml Назначение: \\tmn-ts-01\440p\Arhive\20112018\BVD1_ZSV17106962_720320181016_001186_201
81017_0002_000001_000001.xml".
Выполнение операции "Копирование файла" над целевым объектом "Элемент: C:\work\BVD1_ZSV17106962_720320181016_001186_20181017_0002_000001_000002.xml Назначение: \\tmn-ts-01\440p\Arhive\20112018\BVD1_ZSV17106962_720320181016_001186_201
81017_0002_000001_000002.xml".
Выполнение операции "Копирование файла" над целевым объектом "Элемент: C:\work\BVD1_ZSV17106962_720320181016_001395_20181017_0002_000001_000001.xml Назначение: \\tmn-ts-01\440p\Arhive\20112018\BVD1_ZSV17106962_720320181016_001395_201
81017_0002_000001_000001.xml".
Выполнение операции "Копирование файла" над целевым объектом "Элемент: C:\work\BVD1_ZSV17106962_720320181016_001479_20181017_0002_000001_000001.xml Назначение: \\tmn-ts-01\440p\Arhive\20112018\BVD1_ZSV17106962_720320181016_001479_201
81017_0002_000001_000001.xml".
Выполнение операции "Копирование файла" над целевым объектом "Элемент: C:\work\BVD1_ZSV17106962_720320181016_001479_20181017_0002_000001_000002.xml Назначение: \\tmn-ts-01\440p\Arhive\20112018\BVD1_ZSV17106962_720320181016_001479_201
81017_0002_000001_000002.xml".
Выполнение операции "Копирование файла" над целевым объектом "Элемент: C:\work\BVD1_ZSV17106962_720320181016_001479_20181017_0002_000002_000001.xml Назначение: \\tmn-ts-01\440p\Arhive\20112018\BVD1_ZSV17106962_720320181016_001479_201
81017_0002_000002_000001.xml".
Выполнение операции "Копирование файла" над целевым объектом "Элемент: C:\work\BVD1_ZSV17106962_720320181016_001576_20181017_0002_000001_000001.xml Назначение: \\tmn-ts-01\440p\Arhive\20112018\BVD1_ZSV17106962_720320181016_001576_201
81017_0002_000001_000001.xml".
Выполнение операции "Копирование файла" над целевым объектом "Элемент: C:\work\BVD1_ZSV17106962_720320181016_002141_20181017_0002_000001_000001.xml Назначение: \\tmn-ts-01\440p\Arhive\20112018\BVD1_ZSV17106962_720320181016_002141_201
81017_0002_000001_000001.xml".
Выполнение операции "Копирование файла" над целевым объектом "Элемент: C:\work\BVD1_ZSV17106962_720320181016_003286_20181017_0002_000001_000001.xml Назначение: \\tmn-ts-01\440p\Arhive\20112018\BVD1_ZSV17106962_720320181016_003286_201
81017_0002_000001_000001.xml".
Выполнение операции "Копирование файла" над целевым объектом "Элемент: C:\work\BVD1_ZSV17106962_720320181016_006073_20181017_0002_000001_000001.xml Назначение: \\tmn-ts-01\440p\Arhive\20112018\BVD1_ZSV17106962_720320181016_006073_201
81017_0002_000001_000001.xml".
Выполнение операции "Копирование файла" над целевым объектом "Элемент: C:\work\BVD1_ZSV17106962_720320181016_007706_20181017_0002_000001_000001.xml Назначение: \\tmn-ts-01\440p\Arhive\20112018\BVD1_ZSV17106962_720320181016_007706_201
81017_0002_000001_000001.xml".
Выполнение операции "Копирование файла" над целевым объектом "Элемент: C:\work\BVD1_ZSV17106962_720320181016_007964_20181017_0002_000001_000001.xml Назначение: \\tmn-ts-01\440p\Arhive\20112018\BVD1_ZSV17106962_720320181016_007964_201
81017_0002_000001_000001.xml".
Выполнение операции "Копирование файла" над целевым объектом "Элемент: C:\work\BVD1_ZSV17106962_720320181016_007964_20181017_0002_000002_000001.xml Назначение: \\tmn-ts-01\440p\Arhive\20112018\BVD1_ZSV17106962_720320181016_007964_201
81017_0002_000002_000001.xml".
Выполнение операции "Копирование файла" над целевым объектом "Элемент: C:\work\BVD1_ZSV17106962_720320181016_007964_20181017_0002_000003_000001.xml Назначение: \\tmn-ts-01\440p\Arhive\20112018\BVD1_ZSV17106962_720320181016_007964_201
81017_0002_000003_000001.xml".
Выполнение операции "Копирование файла" над целевым объектом "Элемент: C:\work\BVD1_ZSV17106962_720320181016_007964_20181017_0002_000004_000001.xml Назначение: \\tmn-ts-01\440p\Arhive\20112018\BVD1_ZSV17106962_720320181016_007964_201
81017_0002_000004_000001.xml".
Выполнение операции "Копирование файла" над целевым объектом "Элемент: C:\work\BVD1_ZSV17106962_720320181016_007964_20181017_0002_000005_000001.xml Назначение: \\tmn-ts-01\440p\Arhive\20112018\BVD1_ZSV17106962_720320181016_007964_201
81017_0002_000005_000001.xml".
Выполнение операции "Копирование файла" над целевым объектом "Элемент: C:\work\BVD1_ZSV17106962_720320181016_007964_20181017_0002_000006_000001.xml Назначение: \\tmn-ts-01\440p\Arhive\20112018\BVD1_ZSV17106962_720320181016_007964_201
81017_0002_000006_000001.xml".
Выполнение операции "Копирование файла" над целевым объектом "Элемент: C:\work\BVD1_ZSV17106962_720320181016_007964_20181017_0002_000007_000001.xml Назначение: \\tmn-ts-01\440p\Arhive\20112018\BVD1_ZSV17106962_720320181016_007964_201
81017_0002_000007_000001.xml".
Выполнение операции "Копирование файла" над целевым объектом "Элемент: C:\work\BVD1_ZSV17106962_720320181016_007964_20181017_0002_000008_000001.xml Назначение: \\tmn-ts-01\440p\Arhive\20112018\BVD1_ZSV17106962_720320181016_007964_201
81017_0002_000008_000001.xml".
Выполнение операции "Копирование файла" над целевым объектом "Элемент: C:\work\BVD1_ZSV17106962_720320181016_007964_20181017_0002_000009_000001.xml Назначение: \\tmn-ts-01\440p\Arhive\20112018\BVD1_ZSV17106962_720320181016_007964_201
81017_0002_000009_000001.xml".
Выполнение операции "Копирование файла" над целевым объектом "Элемент: C:\work\BVD1_ZSV17106962_720320181016_007964_20181017_0002_000010_000001.xml Назначение: \\tmn-ts-01\440p\Arhive\20112018\BVD1_ZSV17106962_720320181016_007964_201
81017_0002_000010_000001.xml".
Выполнение операции "Копирование файла" над целевым объектом "Элемент: C:\work\BVD1_ZSV17106962_720320181016_007964_20181017_0002_000011_000001.xml Назначение: \\tmn-ts-01\440p\Arhive\20112018\BVD1_ZSV17106962_720320181016_007964_201
81017_0002_000011_000001.xml".
Выполнение операции "Копирование файла" над целевым объектом "Элемент: C:\work\BVD1_ZSV17106962_720320181016_007964_20181017_0002_000012_000001.xml Назначение: \\tmn-ts-01\440p\Arhive\20112018\BVD1_ZSV17106962_720320181016_007964_201
81017_0002_000012_000001.xml".
Выполнение операции "Копирование файла" над целевым объектом "Элемент: C:\work\BVD1_ZSV17106962_720320181016_007964_20181017_0002_000013_000001.xml Назначение: \\tmn-ts-01\440p\Arhive\20112018\BVD1_ZSV17106962_720320181016_007964_201
81017_0002_000013_000001.xml".
Выполнение операции "Копирование файла" над целевым объектом "Элемент: C:\work\BVD1_ZSV17106962_720320181016_007964_20181017_0002_000014_000001.xml Назначение: \\tmn-ts-01\440p\Arhive\20112018\BVD1_ZSV17106962_720320181016_007964_201
81017_0002_000014_000001.xml".
Выполнение операции "Копирование файла" над целевым объектом "Элемент: C:\work\BVD1_ZSV17106962_720320181016_007964_20181017_0002_000015_000001.xml Назначение: \\tmn-ts-01\440p\Arhive\20112018\BVD1_ZSV17106962_720320181016_007964_201
81017_0002_000015_000001.xml".
Выполнение операции "Копирование файла" над целевым объектом "Элемент: C:\work\BVD1_ZSV17106962_720320181016_007964_20181017_0002_000016_000001.xml Назначение: \\tmn-ts-01\440p\Arhive\20112018\BVD1_ZSV17106962_720320181016_007964_201
81017_0002_000016_000001.xml".
Выполнение операции "Копирование файла" над целевым объектом "Элемент: C:\work\BVD1_ZSV17106962_720320181016_007964_20181017_0002_000017_000001.xml Назначение: \\tmn-ts-01\440p\Arhive\20112018\BVD1_ZSV17106962_720320181016_007964_201
81017_0002_000017_000001.xml".
Выполнение операции "Копирование файла" над целевым объектом "Элемент: C:\work\BVD1_ZSV17106962_720320181016_007964_20181017_0002_000018_000001.xml Назначение: \\tmn-ts-01\440p\Arhive\20112018\BVD1_ZSV17106962_720320181016_007964_201
81017_0002_000018_000001.xml".
Выполнение операции "Копирование файла" над целевым объектом "Элемент: C:\work\BVD1_ZSV17106962_720320181016_007964_20181017_0002_000019_000001.xml Назначение: \\tmn-ts-01\440p\Arhive\20112018\BVD1_ZSV17106962_720320181016_007964_201
81017_0002_000019_000001.xml".
Выполнение операции "Копирование файла" над целевым объектом "Элемент: C:\work\BVD1_ZSV17106962_720320181016_007964_20181017_0002_000020_000001.xml Назначение: \\tmn-ts-01\440p\Arhive\20112018\BVD1_ZSV17106962_720320181016_007964_201
81017_0002_000020_000001.xml".
Выполнение операции "Копирование файла" над целевым объектом "Элемент: C:\work\BVD1_ZSV17106962_720320181016_007964_20181017_0002_000021_000001.xml Назначение: \\tmn-ts-01\440p\Arhive\20112018\BVD1_ZSV17106962_720320181016_007964_201
81017_0002_000021_000001.xml".
Выполнение операции "Копирование файла" над целевым объектом "Элемент: C:\work\BVD1_ZSV17106962_720320181016_007964_20181017_0002_000022_000001.xml Назначение: \\tmn-ts-01\440p\Arhive\20112018\BVD1_ZSV17106962_720320181016_007964_201
81017_0002_000022_000001.xml".
Выполнение операции "Копирование файла" над целевым объектом "Элемент: C:\work\BVD1_ZSV17106962_720320181016_007964_20181017_0002_000023_000001.xml Назначение: \\tmn-ts-01\440p\Arhive\20112018\BVD1_ZSV17106962_720320181016_007964_201
81017_0002_000023_000001.xml".
Выполнение операции "Копирование файла" над целевым объектом "Элемент: C:\work\BVD1_ZSV17106962_720320181016_007964_20181017_0002_000024_000001.xml Назначение: \\tmn-ts-01\440p\Arhive\20112018\BVD1_ZSV17106962_720320181016_007964_201
81017_0002_000024_000001.xml".
Выполнение операции "Копирование файла" над целевым объектом "Элемент: C:\work\BVD1_ZSV17106962_720320181016_007964_20181017_0002_000025_000001.xml Назначение: \\tmn-ts-01\440p\Arhive\20112018\BVD1_ZSV17106962_720320181016_007964_201
81017_0002_000025_000001.xml".
Выполнение операции "Копирование файла" над целевым объектом "Элемент: C:\work\BVD1_ZSV17106962_720320181016_007964_20181017_0002_000026_000001.xml Назначение: \\tmn-ts-01\440p\Arhive\20112018\BVD1_ZSV17106962_720320181016_007964_201
81017_0002_000026_000001.xml".
Выполнение операции "Копирование файла" над целевым объектом "Элемент: C:\work\BVD1_ZSV17106962_720320181016_007964_20181017_0002_000027_000001.xml Назначение: \\tmn-ts-01\440p\Arhive\20112018\BVD1_ZSV17106962_720320181016_007964_201
81017_0002_000027_000001.xml".
Выполнение операции "Копирование файла" над целевым объектом "Элемент: C:\work\BVD1_ZSV17106962_772520181012_002161_20181017_0002_000001_000001.xml Назначение: \\tmn-ts-01\440p\Arhive\20112018\BVD1_ZSV17106962_772520181012_002161_201
81017_0002_000001_000001.xml".
Выполнение операции "Копирование файла" над целевым объектом "Элемент: C:\work\BVD1_ZSV17106962_772520181012_002161_20181017_0002_000001_000002.xml Назначение: \\tmn-ts-01\440p\Arhive\20112018\BVD1_ZSV17106962_772520181012_002161_201
81017_0002_000001_000002.xml".
Выполнение операции "Копирование файла" над целевым объектом "Элемент: C:\work\BVD1_ZSV17106962_772520181012_002161_20181017_0002_000001_000003.xml Назначение: \\tmn-ts-01\440p\Arhive\20112018\BVD1_ZSV17106962_772520181012_002161_201
81017_0002_000001_000003.xml".
Выполнение операции "Копирование файла" над целевым объектом "Элемент: C:\work\BVD1_ZSV17106962_772520181012_002161_20181017_0002_000001_000004.xml Назначение: \\tmn-ts-01\440p\Arhive\20112018\BVD1_ZSV17106962_772520181012_002161_201
81017_0002_000001_000004.xml".
Выполнение операции "Копирование файла" над целевым объектом "Элемент: C:\work\BVD1_ZSV17106962_772520181012_002161_20181017_0002_000001_000005.xml Назначение: \\tmn-ts-01\440p\Arhive\20112018\BVD1_ZSV17106962_772520181012_002161_201
81017_0002_000001_000005.xml".
Выполнение операции "Копирование файла" над целевым объектом "Элемент: C:\work\BVD1_ZSV17106962_772520181012_002161_20181017_0002_000001_000006.xml Назначение: \\tmn-ts-01\440p\Arhive\20112018\BVD1_ZSV17106962_772520181012_002161_201
81017_0002_000001_000006.xml".
Выполнение операции "Копирование файла" над целевым объектом "Элемент: C:\work\BVD1_ZSV17106962_772520181012_002161_20181017_0002_000001_000007.xml Назначение: \\tmn-ts-01\440p\Arhive\20112018\BVD1_ZSV17106962_772520181012_002161_201
81017_0002_000001_000007.xml".
Выполнение операции "Копирование файла" над целевым объектом "Элемент: C:\work\BVD1_ZSV17106962_772520181012_002161_20181017_0002_000001_000008.xml Назначение: \\tmn-ts-01\440p\Arhive\20112018\BVD1_ZSV17106962_772520181012_002161_201
81017_0002_000001_000008.xml".
Выполнение операции "Копирование файла" над целевым объектом "Элемент: C:\work\BVD1_ZSV17106962_772520181012_002161_20181017_0002_000001_000009.xml Назначение: \\tmn-ts-01\440p\Arhive\20112018\BVD1_ZSV17106962_772520181012_002161_201
81017_0002_000001_000009.xml".
Выполнение операции "Копирование файла" над целевым объектом "Элемент: C:\work\BVD1_ZSV17106962_772520181012_002161_20181017_0002_000001_000010.xml Назначение: \\tmn-ts-01\440p\Arhive\20112018\BVD1_ZSV17106962_772520181012_002161_201
81017_0002_000001_000010.xml".
Выполнение операции "Копирование файла" над целевым объектом "Элемент: C:\work\BVD1_ZSV17106962_772520181012_002161_20181017_0002_000001_000011.xml Назначение: \\tmn-ts-01\440p\Arhive\20112018\BVD1_ZSV17106962_772520181012_002161_201
81017_0002_000001_000011.xml".
Выполнение операции "Копирование файла" над целевым объектом "Элемент: C:\work\BVD1_ZSV17106962_772520181012_002161_20181017_0002_000001_000012.xml Назначение: \\tmn-ts-01\440p\Arhive\20112018\BVD1_ZSV17106962_772520181012_002161_201
81017_0002_000001_000012.xml".
Выполнение операции "Копирование файла" над целевым объектом "Элемент: C:\work\BVD1_ZSV17106962_772520181012_002161_20181017_0002_000001_000013.xml Назначение: \\tmn-ts-01\440p\Arhive\20112018\BVD1_ZSV17106962_772520181012_002161_201
81017_0002_000001_000013.xml".
Выполнение операции "Копирование файла" над целевым объектом "Элемент: C:\work\BVD1_ZSV17106962_772520181012_002161_20181017_0002_000001_000014.xml Назначение: \\tmn-ts-01\440p\Arhive\20112018\BVD1_ZSV17106962_772520181012_002161_201
81017_0002_000001_000014.xml".
Выполнение операции "Копирование файла" над целевым объектом "Элемент: C:\work\BVD1_ZSV17106962_772520181012_002161_20181017_0002_000001_000015.xml Назначение: \\tmn-ts-01\440p\Arhive\20112018\BVD1_ZSV17106962_772520181012_002161_201
81017_0002_000001_000015.xml".
Выполнение операции "Копирование файла" над целевым объектом "Элемент: C:\work\BVD1_ZSV17106962_772520181012_002161_20181017_0002_000001_000016.xml Назначение: \\tmn-ts-01\440p\Arhive\20112018\BVD1_ZSV17106962_772520181012_002161_201
81017_0002_000001_000016.xml".
Выполнение операции "Копирование файла" над целевым объектом "Элемент: C:\work\BVD1_ZSV17106962_772520181012_002161_20181017_0002_000001_000017.xml Назначение: \\tmn-ts-01\440p\Arhive\20112018\BVD1_ZSV17106962_772520181012_002161_201
81017_0002_000001_000017.xml".
Выполнение операции "Копирование файла" над целевым объектом "Элемент: C:\work\BVD1_ZSV17106962_772520181012_002161_20181017_0002_000001_000018.xml Назначение: \\tmn-ts-01\440p\Arhive\20112018\BVD1_ZSV17106962_772520181012_002161_201
81017_0002_000001_000018.xml".
Выполнение операции "Копирование файла" над целевым объектом "Элемент: C:\work\BVD1_ZSV17106962_772520181012_002161_20181017_0002_000001_000019.xml Назначение: \\tmn-ts-01\440p\Arhive\20112018\BVD1_ZSV17106962_772520181012_002161_201
81017_0002_000001_000019.xml".
Выполнение операции "Копирование файла" над целевым объектом "Элемент: C:\work\BVD1_ZSV17106962_772520181012_002161_20181017_0002_000001_000020.xml Назначение: \\tmn-ts-01\440p\Arhive\20112018\BVD1_ZSV17106962_772520181012_002161_201
81017_0002_000001_000020.xml".
Выполнение операции "Копирование файла" над целевым объектом "Элемент: C:\work\BVD1_ZSV17106962_772520181012_002161_20181017_0002_000001_000021.xml Назначение: \\tmn-ts-01\440p\Arhive\20112018\BVD1_ZSV17106962_772520181012_002161_201
81017_0002_000001_000021.xml".
Выполнение операции "Копирование файла" над целевым объектом "Элемент: C:\work\BVD1_ZSV17106962_772520181012_002161_20181017_0002_000001_000022.xml Назначение: \\tmn-ts-01\440p\Arhive\20112018\BVD1_ZSV17106962_772520181012_002161_201
81017_0002_000001_000022.xml".
Выполнение операции "Копирование файла" над целевым объектом "Элемент: C:\work\BVD1_ZSV17106962_772520181012_002161_20181017_0002_000001_000023.xml Назначение: \\tmn-ts-01\440p\Arhive\20112018\BVD1_ZSV17106962_772520181012_002161_201
81017_0002_000001_000023.xml".
Выполнение операции "Копирование файла" над целевым объектом "Элемент: C:\work\BVD1_ZSV17106962_772520181012_002161_20181017_0002_000001_000024.xml Назначение: \\tmn-ts-01\440p\Arhive\20112018\BVD1_ZSV17106962_772520181012_002161_201
81017_0002_000001_000024.xml".
Выполнение операции "Копирование файла" над целевым объектом "Элемент: C:\work\BVD1_ZSV17106962_772520181012_002161_20181017_0002_000001_000025.xml Назначение: \\tmn-ts-01\440p\Arhive\20112018\BVD1_ZSV17106962_772520181012_002161_201
81017_0002_000001_000025.xml".
Выполнение операции "Копирование файла" над целевым объектом "Элемент: C:\work\BVD1_ZSV17106962_772520181012_002161_20181017_0002_000001_000026.xml Назначение: \\tmn-ts-01\440p\Arhive\20112018\BVD1_ZSV17106962_772520181012_002161_201
81017_0002_000001_000026.xml".
Выполнение операции "Копирование файла" над целевым объектом "Элемент: C:\work\BVD1_ZSV17106962_772520181012_002161_20181017_0002_000001_000027.xml Назначение: \\tmn-ts-01\440p\Arhive\20112018\BVD1_ZSV17106962_772520181012_002161_201
81017_0002_000001_000027.xml".
Выполнение операции "Копирование файла" над целевым объектом "Элемент: C:\work\BVD1_ZSV17106962_772520181012_002161_20181017_0002_000001_000028.xml Назначение: \\tmn-ts-01\440p\Arhive\20112018\BVD1_ZSV17106962_772520181012_002161_201
81017_0002_000001_000028.xml".
Выполнение операции "Копирование файла" над целевым объектом "Элемент: C:\work\BVD1_ZSV17106962_772520181012_002161_20181017_0002_000001_000029.xml Назначение: \\tmn-ts-01\440p\Arhive\20112018\BVD1_ZSV17106962_772520181012_002161_201
81017_0002_000001_000029.xml".
Выполнение операции "Копирование файла" над целевым объектом "Элемент: C:\work\BVD1_ZSV17106962_772520181012_002161_20181017_0002_000001_000030.xml Назначение: \\tmn-ts-01\440p\Arhive\20112018\BVD1_ZSV17106962_772520181012_002161_201
81017_0002_000001_000030.xml".
Выполнение операции "Копирование файла" над целевым объектом "Элемент: C:\work\BVD1_ZSV17106962_772520181012_002161_20181017_0002_000001_000031.xml Назначение: \\tmn-ts-01\440p\Arhive\20112018\BVD1_ZSV17106962_772520181012_002161_201
81017_0002_000001_000031.xml".
Выполнение операции "Копирование файла" над целевым объектом "Элемент: C:\work\BVD1_ZSV17106962_772520181012_002161_20181017_0002_000001_000032.xml Назначение: \\tmn-ts-01\440p\Arhive\20112018\BVD1_ZSV17106962_772520181012_002161_201
81017_0002_000001_000032.xml".
Выполнение операции "Копирование файла" над целевым объектом "Элемент: C:\work\BVD1_ZSV17106962_772520181012_002161_20181017_0002_000001_000033.xml Назначение: \\tmn-ts-01\440p\Arhive\20112018\BVD1_ZSV17106962_772520181012_002161_201
81017_0002_000001_000033.xml".
Выполнение операции "Копирование файла" над целевым объектом "Элемент: C:\work\BVD1_ZSV17106962_772520181012_002161_20181017_0002_000001_000034.xml Назначение: \\tmn-ts-01\440p\Arhive\20112018\BVD1_ZSV17106962_772520181012_002161_201
81017_0002_000001_000034.xml".
Выполнение операции "Копирование файла" над целевым объектом "Элемент: C:\work\BVD1_ZSV17106962_772520181012_002161_20181017_0002_000001_000035.xml Назначение: \\tmn-ts-01\440p\Arhive\20112018\BVD1_ZSV17106962_772520181012_002161_201
81017_0002_000001_000035.xml".
Выполнение операции "Копирование файла" над целевым объектом "Элемент: C:\work\BVD1_ZSV17106962_772520181012_002161_20181017_0002_000001_000036.xml Назначение: \\tmn-ts-01\440p\Arhive\20112018\BVD1_ZSV17106962_772520181012_002161_201
81017_0002_000001_000036.xml".
Выполнение операции "Копирование файла" над целевым объектом "Элемент: C:\work\BVD1_ZSV17106962_772520181012_002161_20181017_0002_000001_000037.xml Назначение: \\tmn-ts-01\440p\Arhive\20112018\BVD1_ZSV17106962_772520181012_002161_201
81017_0002_000001_000037.xml".
Выполнение операции "Копирование файла" над целевым объектом "Элемент: C:\work\BVD1_ZSV17106962_772520181012_002161_20181017_0002_000001_000038.xml Назначение: \\tmn-ts-01\440p\Arhive\20112018\BVD1_ZSV17106962_772520181012_002161_201
81017_0002_000001_000038.xml".
Выполнение операции "Копирование файла" над целевым объектом "Элемент: C:\work\BVD1_ZSV17106962_772520181012_002161_20181017_0002_000001_000039.xml Назначение: \\tmn-ts-01\440p\Arhive\20112018\BVD1_ZSV17106962_772520181012_002161_201
81017_0002_000001_000039.xml".
Выполнение операции "Копирование файла" над целевым объектом "Элемент: C:\work\BVD1_ZSV17106962_772520181012_002161_20181017_0002_000001_000040.xml Назначение: \\tmn-ts-01\440p\Arhive\20112018\BVD1_ZSV17106962_772520181012_002161_201
81017_0002_000001_000040.xml".
Выполнение операции "Копирование файла" над целевым объектом "Элемент: C:\work\BVD1_ZSV17106962_772520181012_002161_20181017_0002_000001_000041.xml Назначение: \\tmn-ts-01\440p\Arhive\20112018\BVD1_ZSV17106962_772520181012_002161_201
81017_0002_000001_000041.xml".
Выполнение операции "Копирование файла" над целевым объектом "Элемент: C:\work\BVD1_ZSV17106962_772520181012_002161_20181017_0002_000001_000042.xml Назначение: \\tmn-ts-01\440p\Arhive\20112018\BVD1_ZSV17106962_772520181012_002161_201
81017_0002_000001_000042.xml".
Выполнение операции "Копирование файла" над целевым объектом "Элемент: C:\work\BVD1_ZSV17106962_772520181012_002161_20181017_0002_000001_000043.xml Назначение: \\tmn-ts-01\440p\Arhive\20112018\BVD1_ZSV17106962_772520181012_002161_201
81017_0002_000001_000043.xml".
Выполнение операции "Копирование файла" над целевым объектом "Элемент: C:\work\BVD1_ZSV17106962_772520181012_002161_20181017_0002_000001_000044.xml Назначение: \\tmn-ts-01\440p\Arhive\20112018\BVD1_ZSV17106962_772520181012_002161_201
81017_0002_000001_000044.xml".
Выполнение операции "Копирование файла" над целевым объектом "Элемент: C:\work\BVD1_ZSV17106962_772520181012_002161_20181017_0002_000002_000001.xml Назначение: \\tmn-ts-01\440p\Arhive\20112018\BVD1_ZSV17106962_772520181012_002161_201
81017_0002_000002_000001.xml".
Выполнение операции "Копирование файла" над целевым объектом "Элемент: C:\work\BVD1_ZSV17106962_772520181012_002161_20181017_0002_000003_000001.xml Назначение: \\tmn-ts-01\440p\Arhive\20112018\BVD1_ZSV17106962_772520181012_002161_201
81017_0002_000003_000001.xml".
Выполнение операции "Копирование файла" над целевым объектом "Элемент: C:\work\BVD1_ZSV17106962_772520181012_002161_20181017_0002_000003_000002.xml Назначение: \\tmn-ts-01\440p\Arhive\20112018\BVD1_ZSV17106962_772520181012_002161_201
81017_0002_000003_000002.xml".
Выполнение операции "Копирование файла" над целевым объектом "Элемент: C:\work\BVD1_ZSV17106962_772520181012_002161_20181017_0002_000003_000003.xml Назначение: \\tmn-ts-01\440p\Arhive\20112018\BVD1_ZSV17106962_772520181012_002161_201
81017_0002_000003_000003.xml".
Выполнение операции "Копирование файла" над целевым объектом "Элемент: C:\work\BVD1_ZSV17106962_772520181012_002161_20181017_0002_000003_000004.xml Назначение: \\tmn-ts-01\440p\Arhive\20112018\BVD1_ZSV17106962_772520181012_002161_201
81017_0002_000003_000004.xml".
Выполнение операции "Копирование файла" над целевым объектом "Элемент: C:\work\BVD1_ZSV17106962_772520181012_002161_20181017_0002_000003_000005.xml Назначение: \\tmn-ts-01\440p\Arhive\20112018\BVD1_ZSV17106962_772520181012_002161_201
81017_0002_000003_000005.xml".
Выполнение операции "Копирование файла" над целевым объектом "Элемент: C:\work\BVD1_ZSV17106962_772520181012_002161_20181017_0002_000003_000006.xml Назначение: \\tmn-ts-01\440p\Arhive\20112018\BVD1_ZSV17106962_772520181012_002161_201
81017_0002_000003_000006.xml".
Выполнение операции "Копирование файла" над целевым объектом "Элемент: C:\work\BVD1_ZSV17106962_772520181012_002161_20181017_0002_000003_000007.xml Назначение: \\tmn-ts-01\440p\Arhive\20112018\BVD1_ZSV17106962_772520181012_002161_201
81017_0002_000003_000007.xml".
Выполнение операции "Копирование файла" над целевым объектом "Элемент: C:\work\BVD1_ZSV17106962_772520181012_002161_20181017_0002_000003_000008.xml Назначение: \\tmn-ts-01\440p\Arhive\20112018\BVD1_ZSV17106962_772520181012_002161_201
81017_0002_000003_000008.xml".
Выполнение операции "Копирование файла" над целевым объектом "Элемент: C:\work\BVD1_ZSV17106962_772520181012_002161_20181017_0002_000003_000009.xml Назначение: \\tmn-ts-01\440p\Arhive\20112018\BVD1_ZSV17106962_772520181012_002161_201
81017_0002_000003_000009.xml".
Выполнение операции "Копирование файла" над целевым объектом "Элемент: C:\work\BVD1_ZSV17106962_772520181012_002161_20181017_0002_000003_000010.xml Назначение: \\tmn-ts-01\440p\Arhive\20112018\BVD1_ZSV17106962_772520181012_002161_201
81017_0002_000003_000010.xml".

[2018-11-20 08:40:56Z] - INFO - Копирование файлов в архив \\tmn-ts-01\440p\Arhive\20112018
[2018-11-20 08:40:56Z] - INFO - Переименовываем файлы *.xml -> *.vrb
[2018-11-20 08:40:56Z] - INFO - Подписываем все файлы
[2018-11-20 08:40:56Z] - INFO - Загружаем ключевую дискету c:\DISKET2017-1\Disk\DISK2
[2018-11-20 08:40:58Z] - INFO - Начинаем преобразование...
[2018-11-20 08:41:08Z] - INFO - Сравниваем до и после преобразования...
[2018-11-20 08:41:13Z] - INFO - Зашифровываем vrb-файлы
[2018-11-20 08:41:13Z] - INFO - Загружаем ключевую дискету c:\DISKET2018\Disk\DISK21
[2018-11-20 08:41:15Z] - INFO - Начинаем преобразование...
[2018-11-20 08:41:25Z] - INFO - Сравниваем до и после преобразования...
[2018-11-20 08:41:30Z] - INFO - Начинаем архивацию...
[2018-11-20 08:41:32Z] - INFO - Подписываем файл архива c:\work\AFN_7106962_MIFNS00_20181120_00001.arj
[2018-11-20 08:41:32Z] - INFO - Загружаем ключевую дискету c:\DISKET2017-1\Disk\DISK2
[2018-11-20 08:41:32Z] - INFO - Начинаем преобразование...
[2018-11-20 08:41:38Z] - INFO - Сравниваем до и после преобразования...
[2018-11-20 08:41:43Z] - INFO - Копируем файл архива AFN_7106962_MIFNS00_20181120_00001.arj в \\tmn-ts-01\440p\Arhive\20112018
[2018-11-20 08:41:44Z] - INFO - Копируем файл архива AFN_7106962_MIFNS00_20181120_00001.arj в l:\PTK PSD\Post\Post
[2018-11-20 08:41:45Z] - INFO - Отправленно всего 100 сообщений
Из них:
Справка: 3
Сведения: 97

[2018-11-20 08:41:45Z] - INFO - Загружаем исходную ключевую дискету
[2018-11-20 08:41:46Z] - INFO - Конец работы скрипта!
[2018-11-20 09:03:01Z] - INFO - Обработка отчетности - 440out
[2018-11-20 09:03:01Z] - WARN - Автоматическое копирование в папку c:\work произведено не было!
[2018-11-20 09:03:01Z] - ERRR - Путь C:\form440p\xsd-schemas не найден!
[2018-11-20 09:03:01Z] - INFO - Нажмите любую клавишу для продолжения
[2018-11-20 09:10:21Z] - INFO - Обработка отчетности - 440out
[2018-11-20 09:10:21Z] - WARN - Автоматическое копирование в папку c:\work произведено не было!
[2018-11-20 09:10:21Z] - INFO - Сохраняем текущею ключевую дискету
[2018-11-20 09:10:27Z] - INFO - Выполнение операции "Копирование файла" над целевым объектом "Элемент: C:\work\BOS1_RPO17106962_860320181015_000880_20181017_0002.xml Назначение: \\tmn-ts-01\440p\Arhive\20112018\BOS1_RPO17106962_860320181015_000880_20181017_0002.xml
".
Выполнение операции "Копирование файла" над целевым объектом "Элемент: C:\work\BOS1_RPO17106962_860320181015_001665_20181017_0002.xml Назначение: \\tmn-ts-01\440p\Arhive\20112018\BOS1_RPO17106962_860320181015_001665_20181017_0002.xml
".
Выполнение операции "Копирование файла" над целевым объектом "Элемент: C:\work\BOS1_RPO17106962_890520181016_000398_20181017_0002.xml Назначение: \\tmn-ts-01\440p\Arhive\20112018\BOS1_RPO17106962_890520181016_000398_20181017_0002.xml
".
Выполнение операции "Копирование файла" над целевым объектом "Элемент: C:\work\BVD1_ZSV17106962_720320181016_000130_20181017_0002_000001_000001.xml Назначение: \\tmn-ts-01\440p\Arhive\20112018\BVD1_ZSV17106962_720320181016_000130_201
81017_0002_000001_000001.xml".
Выполнение операции "Копирование файла" над целевым объектом "Элемент: C:\work\BVD1_ZSV17106962_720320181016_000208_20181017_0002_000001_000001.xml Назначение: \\tmn-ts-01\440p\Arhive\20112018\BVD1_ZSV17106962_720320181016_000208_201
81017_0002_000001_000001.xml".
Выполнение операции "Копирование файла" над целевым объектом "Элемент: C:\work\BVD1_ZSV17106962_720320181016_000304_20181017_0002_000001_000001.xml Назначение: \\tmn-ts-01\440p\Arhive\20112018\BVD1_ZSV17106962_720320181016_000304_201
81017_0002_000001_000001.xml".
Выполнение операции "Копирование файла" над целевым объектом "Элемент: C:\work\BVD1_ZSV17106962_720320181016_000736_20181017_0002_000001_000001.xml Назначение: \\tmn-ts-01\440p\Arhive\20112018\BVD1_ZSV17106962_720320181016_000736_201
81017_0002_000001_000001.xml".
Выполнение операции "Копирование файла" над целевым объектом "Элемент: C:\work\BVD1_ZSV17106962_720320181016_001186_20181017_0002_000001_000001.xml Назначение: \\tmn-ts-01\440p\Arhive\20112018\BVD1_ZSV17106962_720320181016_001186_201
81017_0002_000001_000001.xml".
Выполнение операции "Копирование файла" над целевым объектом "Элемент: C:\work\BVD1_ZSV17106962_720320181016_001186_20181017_0002_000001_000002.xml Назначение: \\tmn-ts-01\440p\Arhive\20112018\BVD1_ZSV17106962_720320181016_001186_201
81017_0002_000001_000002.xml".
Выполнение операции "Копирование файла" над целевым объектом "Элемент: C:\work\BVD1_ZSV17106962_720320181016_001395_20181017_0002_000001_000001.xml Назначение: \\tmn-ts-01\440p\Arhive\20112018\BVD1_ZSV17106962_720320181016_001395_201
81017_0002_000001_000001.xml".
Выполнение операции "Копирование файла" над целевым объектом "Элемент: C:\work\BVD1_ZSV17106962_720320181016_001479_20181017_0002_000001_000001.xml Назначение: \\tmn-ts-01\440p\Arhive\20112018\BVD1_ZSV17106962_720320181016_001479_201
81017_0002_000001_000001.xml".
Выполнение операции "Копирование файла" над целевым объектом "Элемент: C:\work\BVD1_ZSV17106962_720320181016_001479_20181017_0002_000001_000002.xml Назначение: \\tmn-ts-01\440p\Arhive\20112018\BVD1_ZSV17106962_720320181016_001479_201
81017_0002_000001_000002.xml".
Выполнение операции "Копирование файла" над целевым объектом "Элемент: C:\work\BVD1_ZSV17106962_720320181016_001479_20181017_0002_000002_000001.xml Назначение: \\tmn-ts-01\440p\Arhive\20112018\BVD1_ZSV17106962_720320181016_001479_201
81017_0002_000002_000001.xml".
Выполнение операции "Копирование файла" над целевым объектом "Элемент: C:\work\BVD1_ZSV17106962_720320181016_001576_20181017_0002_000001_000001.xml Назначение: \\tmn-ts-01\440p\Arhive\20112018\BVD1_ZSV17106962_720320181016_001576_201
81017_0002_000001_000001.xml".
Выполнение операции "Копирование файла" над целевым объектом "Элемент: C:\work\BVD1_ZSV17106962_720320181016_002141_20181017_0002_000001_000001.xml Назначение: \\tmn-ts-01\440p\Arhive\20112018\BVD1_ZSV17106962_720320181016_002141_201
81017_0002_000001_000001.xml".
Выполнение операции "Копирование файла" над целевым объектом "Элемент: C:\work\BVD1_ZSV17106962_720320181016_003286_20181017_0002_000001_000001.xml Назначение: \\tmn-ts-01\440p\Arhive\20112018\BVD1_ZSV17106962_720320181016_003286_201
81017_0002_000001_000001.xml".
Выполнение операции "Копирование файла" над целевым объектом "Элемент: C:\work\BVD1_ZSV17106962_720320181016_006073_20181017_0002_000001_000001.xml Назначение: \\tmn-ts-01\440p\Arhive\20112018\BVD1_ZSV17106962_720320181016_006073_201
81017_0002_000001_000001.xml".
Выполнение операции "Копирование файла" над целевым объектом "Элемент: C:\work\BVD1_ZSV17106962_720320181016_007706_20181017_0002_000001_000001.xml Назначение: \\tmn-ts-01\440p\Arhive\20112018\BVD1_ZSV17106962_720320181016_007706_201
81017_0002_000001_000001.xml".
Выполнение операции "Копирование файла" над целевым объектом "Элемент: C:\work\BVD1_ZSV17106962_720320181016_007964_20181017_0002_000001_000001.xml Назначение: \\tmn-ts-01\440p\Arhive\20112018\BVD1_ZSV17106962_720320181016_007964_201
81017_0002_000001_000001.xml".
Выполнение операции "Копирование файла" над целевым объектом "Элемент: C:\work\BVD1_ZSV17106962_720320181016_007964_20181017_0002_000002_000001.xml Назначение: \\tmn-ts-01\440p\Arhive\20112018\BVD1_ZSV17106962_720320181016_007964_201
81017_0002_000002_000001.xml".
Выполнение операции "Копирование файла" над целевым объектом "Элемент: C:\work\BVD1_ZSV17106962_720320181016_007964_20181017_0002_000003_000001.xml Назначение: \\tmn-ts-01\440p\Arhive\20112018\BVD1_ZSV17106962_720320181016_007964_201
81017_0002_000003_000001.xml".
Выполнение операции "Копирование файла" над целевым объектом "Элемент: C:\work\BVD1_ZSV17106962_720320181016_007964_20181017_0002_000004_000001.xml Назначение: \\tmn-ts-01\440p\Arhive\20112018\BVD1_ZSV17106962_720320181016_007964_201
81017_0002_000004_000001.xml".
Выполнение операции "Копирование файла" над целевым объектом "Элемент: C:\work\BVD1_ZSV17106962_720320181016_007964_20181017_0002_000005_000001.xml Назначение: \\tmn-ts-01\440p\Arhive\20112018\BVD1_ZSV17106962_720320181016_007964_201
81017_0002_000005_000001.xml".
Выполнение операции "Копирование файла" над целевым объектом "Элемент: C:\work\BVD1_ZSV17106962_720320181016_007964_20181017_0002_000006_000001.xml Назначение: \\tmn-ts-01\440p\Arhive\20112018\BVD1_ZSV17106962_720320181016_007964_201
81017_0002_000006_000001.xml".
Выполнение операции "Копирование файла" над целевым объектом "Элемент: C:\work\BVD1_ZSV17106962_720320181016_007964_20181017_0002_000007_000001.xml Назначение: \\tmn-ts-01\440p\Arhive\20112018\BVD1_ZSV17106962_720320181016_007964_201
81017_0002_000007_000001.xml".
Выполнение операции "Копирование файла" над целевым объектом "Элемент: C:\work\BVD1_ZSV17106962_720320181016_007964_20181017_0002_000008_000001.xml Назначение: \\tmn-ts-01\440p\Arhive\20112018\BVD1_ZSV17106962_720320181016_007964_201
81017_0002_000008_000001.xml".
Выполнение операции "Копирование файла" над целевым объектом "Элемент: C:\work\BVD1_ZSV17106962_720320181016_007964_20181017_0002_000009_000001.xml Назначение: \\tmn-ts-01\440p\Arhive\20112018\BVD1_ZSV17106962_720320181016_007964_201
81017_0002_000009_000001.xml".
Выполнение операции "Копирование файла" над целевым объектом "Элемент: C:\work\BVD1_ZSV17106962_720320181016_007964_20181017_0002_000010_000001.xml Назначение: \\tmn-ts-01\440p\Arhive\20112018\BVD1_ZSV17106962_720320181016_007964_201
81017_0002_000010_000001.xml".
Выполнение операции "Копирование файла" над целевым объектом "Элемент: C:\work\BVD1_ZSV17106962_720320181016_007964_20181017_0002_000011_000001.xml Назначение: \\tmn-ts-01\440p\Arhive\20112018\BVD1_ZSV17106962_720320181016_007964_201
81017_0002_000011_000001.xml".
Выполнение операции "Копирование файла" над целевым объектом "Элемент: C:\work\BVD1_ZSV17106962_720320181016_007964_20181017_0002_000012_000001.xml Назначение: \\tmn-ts-01\440p\Arhive\20112018\BVD1_ZSV17106962_720320181016_007964_201
81017_0002_000012_000001.xml".
Выполнение операции "Копирование файла" над целевым объектом "Элемент: C:\work\BVD1_ZSV17106962_720320181016_007964_20181017_0002_000013_000001.xml Назначение: \\tmn-ts-01\440p\Arhive\20112018\BVD1_ZSV17106962_720320181016_007964_201
81017_0002_000013_000001.xml".
Выполнение операции "Копирование файла" над целевым объектом "Элемент: C:\work\BVD1_ZSV17106962_720320181016_007964_20181017_0002_000014_000001.xml Назначение: \\tmn-ts-01\440p\Arhive\20112018\BVD1_ZSV17106962_720320181016_007964_201
81017_0002_000014_000001.xml".
Выполнение операции "Копирование файла" над целевым объектом "Элемент: C:\work\BVD1_ZSV17106962_720320181016_007964_20181017_0002_000015_000001.xml Назначение: \\tmn-ts-01\440p\Arhive\20112018\BVD1_ZSV17106962_720320181016_007964_201
81017_0002_000015_000001.xml".
Выполнение операции "Копирование файла" над целевым объектом "Элемент: C:\work\BVD1_ZSV17106962_720320181016_007964_20181017_0002_000016_000001.xml Назначение: \\tmn-ts-01\440p\Arhive\20112018\BVD1_ZSV17106962_720320181016_007964_201
81017_0002_000016_000001.xml".
Выполнение операции "Копирование файла" над целевым объектом "Элемент: C:\work\BVD1_ZSV17106962_720320181016_007964_20181017_0002_000017_000001.xml Назначение: \\tmn-ts-01\440p\Arhive\20112018\BVD1_ZSV17106962_720320181016_007964_201
81017_0002_000017_000001.xml".
Выполнение операции "Копирование файла" над целевым объектом "Элемент: C:\work\BVD1_ZSV17106962_720320181016_007964_20181017_0002_000018_000001.xml Назначение: \\tmn-ts-01\440p\Arhive\20112018\BVD1_ZSV17106962_720320181016_007964_201
81017_0002_000018_000001.xml".
Выполнение операции "Копирование файла" над целевым объектом "Элемент: C:\work\BVD1_ZSV17106962_720320181016_007964_20181017_0002_000019_000001.xml Назначение: \\tmn-ts-01\440p\Arhive\20112018\BVD1_ZSV17106962_720320181016_007964_201
81017_0002_000019_000001.xml".
Выполнение операции "Копирование файла" над целевым объектом "Элемент: C:\work\BVD1_ZSV17106962_720320181016_007964_20181017_0002_000020_000001.xml Назначение: \\tmn-ts-01\440p\Arhive\20112018\BVD1_ZSV17106962_720320181016_007964_201
81017_0002_000020_000001.xml".
Выполнение операции "Копирование файла" над целевым объектом "Элемент: C:\work\BVD1_ZSV17106962_720320181016_007964_20181017_0002_000021_000001.xml Назначение: \\tmn-ts-01\440p\Arhive\20112018\BVD1_ZSV17106962_720320181016_007964_201
81017_0002_000021_000001.xml".
Выполнение операции "Копирование файла" над целевым объектом "Элемент: C:\work\BVD1_ZSV17106962_720320181016_007964_20181017_0002_000022_000001.xml Назначение: \\tmn-ts-01\440p\Arhive\20112018\BVD1_ZSV17106962_720320181016_007964_201
81017_0002_000022_000001.xml".
Выполнение операции "Копирование файла" над целевым объектом "Элемент: C:\work\BVD1_ZSV17106962_720320181016_007964_20181017_0002_000023_000001.xml Назначение: \\tmn-ts-01\440p\Arhive\20112018\BVD1_ZSV17106962_720320181016_007964_201
81017_0002_000023_000001.xml".
Выполнение операции "Копирование файла" над целевым объектом "Элемент: C:\work\BVD1_ZSV17106962_720320181016_007964_20181017_0002_000024_000001.xml Назначение: \\tmn-ts-01\440p\Arhive\20112018\BVD1_ZSV17106962_720320181016_007964_201
81017_0002_000024_000001.xml".
Выполнение операции "Копирование файла" над целевым объектом "Элемент: C:\work\BVD1_ZSV17106962_720320181016_007964_20181017_0002_000025_000001.xml Назначение: \\tmn-ts-01\440p\Arhive\20112018\BVD1_ZSV17106962_720320181016_007964_201
81017_0002_000025_000001.xml".
Выполнение операции "Копирование файла" над целевым объектом "Элемент: C:\work\BVD1_ZSV17106962_720320181016_007964_20181017_0002_000026_000001.xml Назначение: \\tmn-ts-01\440p\Arhive\20112018\BVD1_ZSV17106962_720320181016_007964_201
81017_0002_000026_000001.xml".
Выполнение операции "Копирование файла" над целевым объектом "Элемент: C:\work\BVD1_ZSV17106962_720320181016_007964_20181017_0002_000027_000001.xml Назначение: \\tmn-ts-01\440p\Arhive\20112018\BVD1_ZSV17106962_720320181016_007964_201
81017_0002_000027_000001.xml".
Выполнение операции "Копирование файла" над целевым объектом "Элемент: C:\work\BVD1_ZSV17106962_772520181012_002161_20181017_0002_000001_000001.xml Назначение: \\tmn-ts-01\440p\Arhive\20112018\BVD1_ZSV17106962_772520181012_002161_201
81017_0002_000001_000001.xml".
Выполнение операции "Копирование файла" над целевым объектом "Элемент: C:\work\BVD1_ZSV17106962_772520181012_002161_20181017_0002_000001_000002.xml Назначение: \\tmn-ts-01\440p\Arhive\20112018\BVD1_ZSV17106962_772520181012_002161_201
81017_0002_000001_000002.xml".
Выполнение операции "Копирование файла" над целевым объектом "Элемент: C:\work\BVD1_ZSV17106962_772520181012_002161_20181017_0002_000001_000003.xml Назначение: \\tmn-ts-01\440p\Arhive\20112018\BVD1_ZSV17106962_772520181012_002161_201
81017_0002_000001_000003.xml".
Выполнение операции "Копирование файла" над целевым объектом "Элемент: C:\work\BVD1_ZSV17106962_772520181012_002161_20181017_0002_000001_000004.xml Назначение: \\tmn-ts-01\440p\Arhive\20112018\BVD1_ZSV17106962_772520181012_002161_201
81017_0002_000001_000004.xml".
Выполнение операции "Копирование файла" над целевым объектом "Элемент: C:\work\BVD1_ZSV17106962_772520181012_002161_20181017_0002_000001_000005.xml Назначение: \\tmn-ts-01\440p\Arhive\20112018\BVD1_ZSV17106962_772520181012_002161_201
81017_0002_000001_000005.xml".
Выполнение операции "Копирование файла" над целевым объектом "Элемент: C:\work\BVD1_ZSV17106962_772520181012_002161_20181017_0002_000001_000006.xml Назначение: \\tmn-ts-01\440p\Arhive\20112018\BVD1_ZSV17106962_772520181012_002161_201
81017_0002_000001_000006.xml".
Выполнение операции "Копирование файла" над целевым объектом "Элемент: C:\work\BVD1_ZSV17106962_772520181012_002161_20181017_0002_000001_000007.xml Назначение: \\tmn-ts-01\440p\Arhive\20112018\BVD1_ZSV17106962_772520181012_002161_201
81017_0002_000001_000007.xml".
Выполнение операции "Копирование файла" над целевым объектом "Элемент: C:\work\BVD1_ZSV17106962_772520181012_002161_20181017_0002_000001_000008.xml Назначение: \\tmn-ts-01\440p\Arhive\20112018\BVD1_ZSV17106962_772520181012_002161_201
81017_0002_000001_000008.xml".
Выполнение операции "Копирование файла" над целевым объектом "Элемент: C:\work\BVD1_ZSV17106962_772520181012_002161_20181017_0002_000001_000009.xml Назначение: \\tmn-ts-01\440p\Arhive\20112018\BVD1_ZSV17106962_772520181012_002161_201
81017_0002_000001_000009.xml".
Выполнение операции "Копирование файла" над целевым объектом "Элемент: C:\work\BVD1_ZSV17106962_772520181012_002161_20181017_0002_000001_000010.xml Назначение: \\tmn-ts-01\440p\Arhive\20112018\BVD1_ZSV17106962_772520181012_002161_201
81017_0002_000001_000010.xml".
Выполнение операции "Копирование файла" над целевым объектом "Элемент: C:\work\BVD1_ZSV17106962_772520181012_002161_20181017_0002_000001_000011.xml Назначение: \\tmn-ts-01\440p\Arhive\20112018\BVD1_ZSV17106962_772520181012_002161_201
81017_0002_000001_000011.xml".
Выполнение операции "Копирование файла" над целевым объектом "Элемент: C:\work\BVD1_ZSV17106962_772520181012_002161_20181017_0002_000001_000012.xml Назначение: \\tmn-ts-01\440p\Arhive\20112018\BVD1_ZSV17106962_772520181012_002161_201
81017_0002_000001_000012.xml".
Выполнение операции "Копирование файла" над целевым объектом "Элемент: C:\work\BVD1_ZSV17106962_772520181012_002161_20181017_0002_000001_000013.xml Назначение: \\tmn-ts-01\440p\Arhive\20112018\BVD1_ZSV17106962_772520181012_002161_201
81017_0002_000001_000013.xml".
Выполнение операции "Копирование файла" над целевым объектом "Элемент: C:\work\BVD1_ZSV17106962_772520181012_002161_20181017_0002_000001_000014.xml Назначение: \\tmn-ts-01\440p\Arhive\20112018\BVD1_ZSV17106962_772520181012_002161_201
81017_0002_000001_000014.xml".
Выполнение операции "Копирование файла" над целевым объектом "Элемент: C:\work\BVD1_ZSV17106962_772520181012_002161_20181017_0002_000001_000015.xml Назначение: \\tmn-ts-01\440p\Arhive\20112018\BVD1_ZSV17106962_772520181012_002161_201
81017_0002_000001_000015.xml".
Выполнение операции "Копирование файла" над целевым объектом "Элемент: C:\work\BVD1_ZSV17106962_772520181012_002161_20181017_0002_000001_000016.xml Назначение: \\tmn-ts-01\440p\Arhive\20112018\BVD1_ZSV17106962_772520181012_002161_201
81017_0002_000001_000016.xml".
Выполнение операции "Копирование файла" над целевым объектом "Элемент: C:\work\BVD1_ZSV17106962_772520181012_002161_20181017_0002_000001_000017.xml Назначение: \\tmn-ts-01\440p\Arhive\20112018\BVD1_ZSV17106962_772520181012_002161_201
81017_0002_000001_000017.xml".
Выполнение операции "Копирование файла" над целевым объектом "Элемент: C:\work\BVD1_ZSV17106962_772520181012_002161_20181017_0002_000001_000018.xml Назначение: \\tmn-ts-01\440p\Arhive\20112018\BVD1_ZSV17106962_772520181012_002161_201
81017_0002_000001_000018.xml".
Выполнение операции "Копирование файла" над целевым объектом "Элемент: C:\work\BVD1_ZSV17106962_772520181012_002161_20181017_0002_000001_000019.xml Назначение: \\tmn-ts-01\440p\Arhive\20112018\BVD1_ZSV17106962_772520181012_002161_201
81017_0002_000001_000019.xml".
Выполнение операции "Копирование файла" над целевым объектом "Элемент: C:\work\BVD1_ZSV17106962_772520181012_002161_20181017_0002_000001_000020.xml Назначение: \\tmn-ts-01\440p\Arhive\20112018\BVD1_ZSV17106962_772520181012_002161_201
81017_0002_000001_000020.xml".
Выполнение операции "Копирование файла" над целевым объектом "Элемент: C:\work\BVD1_ZSV17106962_772520181012_002161_20181017_0002_000001_000021.xml Назначение: \\tmn-ts-01\440p\Arhive\20112018\BVD1_ZSV17106962_772520181012_002161_201
81017_0002_000001_000021.xml".
Выполнение операции "Копирование файла" над целевым объектом "Элемент: C:\work\BVD1_ZSV17106962_772520181012_002161_20181017_0002_000001_000022.xml Назначение: \\tmn-ts-01\440p\Arhive\20112018\BVD1_ZSV17106962_772520181012_002161_201
81017_0002_000001_000022.xml".
Выполнение операции "Копирование файла" над целевым объектом "Элемент: C:\work\BVD1_ZSV17106962_772520181012_002161_20181017_0002_000001_000023.xml Назначение: \\tmn-ts-01\440p\Arhive\20112018\BVD1_ZSV17106962_772520181012_002161_201
81017_0002_000001_000023.xml".
Выполнение операции "Копирование файла" над целевым объектом "Элемент: C:\work\BVD1_ZSV17106962_772520181012_002161_20181017_0002_000001_000024.xml Назначение: \\tmn-ts-01\440p\Arhive\20112018\BVD1_ZSV17106962_772520181012_002161_201
81017_0002_000001_000024.xml".
Выполнение операции "Копирование файла" над целевым объектом "Элемент: C:\work\BVD1_ZSV17106962_772520181012_002161_20181017_0002_000001_000025.xml Назначение: \\tmn-ts-01\440p\Arhive\20112018\BVD1_ZSV17106962_772520181012_002161_201
81017_0002_000001_000025.xml".
Выполнение операции "Копирование файла" над целевым объектом "Элемент: C:\work\BVD1_ZSV17106962_772520181012_002161_20181017_0002_000001_000026.xml Назначение: \\tmn-ts-01\440p\Arhive\20112018\BVD1_ZSV17106962_772520181012_002161_201
81017_0002_000001_000026.xml".
Выполнение операции "Копирование файла" над целевым объектом "Элемент: C:\work\BVD1_ZSV17106962_772520181012_002161_20181017_0002_000001_000027.xml Назначение: \\tmn-ts-01\440p\Arhive\20112018\BVD1_ZSV17106962_772520181012_002161_201
81017_0002_000001_000027.xml".
Выполнение операции "Копирование файла" над целевым объектом "Элемент: C:\work\BVD1_ZSV17106962_772520181012_002161_20181017_0002_000001_000028.xml Назначение: \\tmn-ts-01\440p\Arhive\20112018\BVD1_ZSV17106962_772520181012_002161_201
81017_0002_000001_000028.xml".
Выполнение операции "Копирование файла" над целевым объектом "Элемент: C:\work\BVD1_ZSV17106962_772520181012_002161_20181017_0002_000001_000029.xml Назначение: \\tmn-ts-01\440p\Arhive\20112018\BVD1_ZSV17106962_772520181012_002161_201
81017_0002_000001_000029.xml".
Выполнение операции "Копирование файла" над целевым объектом "Элемент: C:\work\BVD1_ZSV17106962_772520181012_002161_20181017_0002_000001_000030.xml Назначение: \\tmn-ts-01\440p\Arhive\20112018\BVD1_ZSV17106962_772520181012_002161_201
81017_0002_000001_000030.xml".
Выполнение операции "Копирование файла" над целевым объектом "Элемент: C:\work\BVD1_ZSV17106962_772520181012_002161_20181017_0002_000001_000031.xml Назначение: \\tmn-ts-01\440p\Arhive\20112018\BVD1_ZSV17106962_772520181012_002161_201
81017_0002_000001_000031.xml".
Выполнение операции "Копирование файла" над целевым объектом "Элемент: C:\work\BVD1_ZSV17106962_772520181012_002161_20181017_0002_000001_000032.xml Назначение: \\tmn-ts-01\440p\Arhive\20112018\BVD1_ZSV17106962_772520181012_002161_201
81017_0002_000001_000032.xml".
Выполнение операции "Копирование файла" над целевым объектом "Элемент: C:\work\BVD1_ZSV17106962_772520181012_002161_20181017_0002_000001_000033.xml Назначение: \\tmn-ts-01\440p\Arhive\20112018\BVD1_ZSV17106962_772520181012_002161_201
81017_0002_000001_000033.xml".
Выполнение операции "Копирование файла" над целевым объектом "Элемент: C:\work\BVD1_ZSV17106962_772520181012_002161_20181017_0002_000001_000034.xml Назначение: \\tmn-ts-01\440p\Arhive\20112018\BVD1_ZSV17106962_772520181012_002161_201
81017_0002_000001_000034.xml".
Выполнение операции "Копирование файла" над целевым объектом "Элемент: C:\work\BVD1_ZSV17106962_772520181012_002161_20181017_0002_000001_000035.xml Назначение: \\tmn-ts-01\440p\Arhive\20112018\BVD1_ZSV17106962_772520181012_002161_201
81017_0002_000001_000035.xml".
Выполнение операции "Копирование файла" над целевым объектом "Элемент: C:\work\BVD1_ZSV17106962_772520181012_002161_20181017_0002_000001_000036.xml Назначение: \\tmn-ts-01\440p\Arhive\20112018\BVD1_ZSV17106962_772520181012_002161_201
81017_0002_000001_000036.xml".
Выполнение операции "Копирование файла" над целевым объектом "Элемент: C:\work\BVD1_ZSV17106962_772520181012_002161_20181017_0002_000001_000037.xml Назначение: \\tmn-ts-01\440p\Arhive\20112018\BVD1_ZSV17106962_772520181012_002161_201
81017_0002_000001_000037.xml".
Выполнение операции "Копирование файла" над целевым объектом "Элемент: C:\work\BVD1_ZSV17106962_772520181012_002161_20181017_0002_000001_000038.xml Назначение: \\tmn-ts-01\440p\Arhive\20112018\BVD1_ZSV17106962_772520181012_002161_201
81017_0002_000001_000038.xml".
Выполнение операции "Копирование файла" над целевым объектом "Элемент: C:\work\BVD1_ZSV17106962_772520181012_002161_20181017_0002_000001_000039.xml Назначение: \\tmn-ts-01\440p\Arhive\20112018\BVD1_ZSV17106962_772520181012_002161_201
81017_0002_000001_000039.xml".
Выполнение операции "Копирование файла" над целевым объектом "Элемент: C:\work\BVD1_ZSV17106962_772520181012_002161_20181017_0002_000001_000040.xml Назначение: \\tmn-ts-01\440p\Arhive\20112018\BVD1_ZSV17106962_772520181012_002161_201
81017_0002_000001_000040.xml".
Выполнение операции "Копирование файла" над целевым объектом "Элемент: C:\work\BVD1_ZSV17106962_772520181012_002161_20181017_0002_000001_000041.xml Назначение: \\tmn-ts-01\440p\Arhive\20112018\BVD1_ZSV17106962_772520181012_002161_201
81017_0002_000001_000041.xml".
Выполнение операции "Копирование файла" над целевым объектом "Элемент: C:\work\BVD1_ZSV17106962_772520181012_002161_20181017_0002_000001_000042.xml Назначение: \\tmn-ts-01\440p\Arhive\20112018\BVD1_ZSV17106962_772520181012_002161_201
81017_0002_000001_000042.xml".
Выполнение операции "Копирование файла" над целевым объектом "Элемент: C:\work\BVD1_ZSV17106962_772520181012_002161_20181017_0002_000001_000043.xml Назначение: \\tmn-ts-01\440p\Arhive\20112018\BVD1_ZSV17106962_772520181012_002161_201
81017_0002_000001_000043.xml".
Выполнение операции "Копирование файла" над целевым объектом "Элемент: C:\work\BVD1_ZSV17106962_772520181012_002161_20181017_0002_000001_000044.xml Назначение: \\tmn-ts-01\440p\Arhive\20112018\BVD1_ZSV17106962_772520181012_002161_201
81017_0002_000001_000044.xml".
Выполнение операции "Копирование файла" над целевым объектом "Элемент: C:\work\BVD1_ZSV17106962_772520181012_002161_20181017_0002_000002_000001.xml Назначение: \\tmn-ts-01\440p\Arhive\20112018\BVD1_ZSV17106962_772520181012_002161_201
81017_0002_000002_000001.xml".
Выполнение операции "Копирование файла" над целевым объектом "Элемент: C:\work\BVD1_ZSV17106962_772520181012_002161_20181017_0002_000003_000001.xml Назначение: \\tmn-ts-01\440p\Arhive\20112018\BVD1_ZSV17106962_772520181012_002161_201
81017_0002_000003_000001.xml".
Выполнение операции "Копирование файла" над целевым объектом "Элемент: C:\work\BVD1_ZSV17106962_772520181012_002161_20181017_0002_000003_000002.xml Назначение: \\tmn-ts-01\440p\Arhive\20112018\BVD1_ZSV17106962_772520181012_002161_201
81017_0002_000003_000002.xml".
Выполнение операции "Копирование файла" над целевым объектом "Элемент: C:\work\BVD1_ZSV17106962_772520181012_002161_20181017_0002_000003_000003.xml Назначение: \\tmn-ts-01\440p\Arhive\20112018\BVD1_ZSV17106962_772520181012_002161_201
81017_0002_000003_000003.xml".
Выполнение операции "Копирование файла" над целевым объектом "Элемент: C:\work\BVD1_ZSV17106962_772520181012_002161_20181017_0002_000003_000004.xml Назначение: \\tmn-ts-01\440p\Arhive\20112018\BVD1_ZSV17106962_772520181012_002161_201
81017_0002_000003_000004.xml".
Выполнение операции "Копирование файла" над целевым объектом "Элемент: C:\work\BVD1_ZSV17106962_772520181012_002161_20181017_0002_000003_000005.xml Назначение: \\tmn-ts-01\440p\Arhive\20112018\BVD1_ZSV17106962_772520181012_002161_201
81017_0002_000003_000005.xml".
Выполнение операции "Копирование файла" над целевым объектом "Элемент: C:\work\BVD1_ZSV17106962_772520181012_002161_20181017_0002_000003_000006.xml Назначение: \\tmn-ts-01\440p\Arhive\20112018\BVD1_ZSV17106962_772520181012_002161_201
81017_0002_000003_000006.xml".
Выполнение операции "Копирование файла" над целевым объектом "Элемент: C:\work\BVD1_ZSV17106962_772520181012_002161_20181017_0002_000003_000007.xml Назначение: \\tmn-ts-01\440p\Arhive\20112018\BVD1_ZSV17106962_772520181012_002161_201
81017_0002_000003_000007.xml".
Выполнение операции "Копирование файла" над целевым объектом "Элемент: C:\work\BVD1_ZSV17106962_772520181012_002161_20181017_0002_000003_000008.xml Назначение: \\tmn-ts-01\440p\Arhive\20112018\BVD1_ZSV17106962_772520181012_002161_201
81017_0002_000003_000008.xml".
Выполнение операции "Копирование файла" над целевым объектом "Элемент: C:\work\BVD1_ZSV17106962_772520181012_002161_20181017_0002_000003_000009.xml Назначение: \\tmn-ts-01\440p\Arhive\20112018\BVD1_ZSV17106962_772520181012_002161_201
81017_0002_000003_000009.xml".
Выполнение операции "Копирование файла" над целевым объектом "Элемент: C:\work\BVD1_ZSV17106962_772520181012_002161_20181017_0002_000003_000010.xml Назначение: \\tmn-ts-01\440p\Arhive\20112018\BVD1_ZSV17106962_772520181012_002161_201
81017_0002_000003_000010.xml".

[2018-11-20 09:10:27Z] - INFO - Копирование файлов в архив \\tmn-ts-01\440p\Arhive\20112018
[2018-11-20 09:10:27Z] - INFO - Переименовываем файлы *.xml -> *.vrb
[2018-11-20 09:10:28Z] - INFO - Подписываем все файлы
[2018-11-20 09:10:28Z] - INFO - Загружаем ключевую дискету c:\DISKET2017-1\Disk\DISK2
[2018-11-20 09:10:29Z] - INFO - Начинаем преобразование...
[2018-11-20 09:10:38Z] - INFO - Сравниваем до и после преобразования...
[2018-11-20 09:10:43Z] - INFO - Зашифровываем vrb-файлы
[2018-11-20 09:10:43Z] - INFO - Загружаем ключевую дискету c:\DISKET2018\Disk\DISK21
[2018-11-20 09:10:45Z] - INFO - Начинаем преобразование...
[2018-11-20 09:10:54Z] - INFO - Сравниваем до и после преобразования...
[2018-11-20 09:10:59Z] - INFO - Начинаем архивацию...
[2018-11-20 09:11:00Z] - INFO - Подписываем файл архива c:\work\AFN_7106962_MIFNS00_20181120_00002.arj
[2018-11-20 09:11:00Z] - INFO - Загружаем ключевую дискету c:\DISKET2017-1\Disk\DISK2
[2018-11-20 09:11:01Z] - INFO - Начинаем преобразование...
[2018-11-20 09:11:06Z] - INFO - Сравниваем до и после преобразования...
[2018-11-20 09:11:11Z] - INFO - Копируем файл архива AFN_7106962_MIFNS00_20181120_00002.arj в \\tmn-ts-01\440p\Arhive\20112018
[2018-11-20 09:11:12Z] - INFO - Копируем файл архива AFN_7106962_MIFNS00_20181120_00002.arj в l:\PTK PSD\Post\Post
[2018-11-20 09:11:13Z] - INFO - Отправленно всего 100 сообщений
Из них:
Справка: 3
Сведения: 97

[2018-11-20 09:11:13Z] - INFO - Загружаем исходную ключевую дискету
[2018-11-20 09:11:14Z] - INFO - Конец работы скрипта!
