[2019-11-06 11:52:20Z] - INFO - Начало работы Check Archive
[2019-11-06 11:52:21Z] - INFO - Конец работы скрипта!
[2019-11-06 11:53:06Z] - INFO - Начало работы CheckArchive
[2019-11-06 11:53:06Z] - INFO - Конец работы CheckArchive
[2019-11-06 14:33:37Z] - INFO - Начало работы CheckArchive
[2019-11-06 14:33:37Z] - INFO - Конец работы CheckArchive
[2019-11-06 14:42:08Z] - INFO - Начало работы CheckArchive
[2019-11-06 14:42:08Z] - INFO - Конец работы CheckArchive
[2019-11-06 14:42:23Z] - INFO - Начало работы CheckArchive
[2019-11-06 14:42:23Z] - INFO - Конец работы CheckArchive
[2019-11-06 14:42:44Z] - INFO - Начало работы CheckArchive
[2019-11-06 14:43:13Z] - INFO - Начало работы CheckArchive
[2019-11-06 14:43:16Z] - INFO - Конец работы CheckArchive
[2019-11-06 14:43:59Z] - INFO - Начало работы CheckArchive
[2019-11-06 14:43:59Z] - INFO - Конец работы CheckArchive
[2019-11-06 14:45:45Z] - INFO - Начало работы CheckArchive
[2019-11-06 14:45:45Z] - INFO - Конец работы CheckArchive
[2019-11-06 14:56:05Z] - INFO - Начало работы CheckArchive
[2019-11-06 14:56:05Z] - INFO - Конец работы CheckArchive
[2019-11-06 14:56:49Z] - INFO - Начало работы CheckArchive
[2019-11-06 14:56:49Z] - INFO - Конец работы CheckArchive
[2019-11-06 14:58:08Z] - INFO - Начало работы CheckArchive
[2019-11-06 14:58:08Z] - INFO - Конец работы CheckArchive
[2019-11-06 15:13:25Z] - INFO - Начало работы CheckArchive
[2019-11-06 15:13:25Z] - INFO - Конец работы CheckArchive
[2019-11-06 15:36:22Z] - INFO - Отправлены файлы по 440П за 06.11.2019
Архивов было отправлено 2 шт.
Файлов было отправлено 19 шт.

[2019-11-06 15:37:37Z] - INFO - Начало работы скрипта
[2019-11-06 15:37:46Z] - INFO - Отправлены файлы по 440П за 06.11.2019

Архивов было отправлено 2 шт.
Файлов было отправлено 19 шт.

[2019-11-06 15:38:33Z] - INFO - Начало работы скрипта
[2019-11-06 15:38:33Z] - ERRR - Путь D:\Ps1\checkArchive\temp\440p\Arhive\06112019 не найден!
[2019-11-06 15:38:46Z] - INFO - Начало работы скрипта
[2019-11-06 15:38:55Z] - INFO - Отправлены файлы по 440П за 06.11.2019

Архивов было отправлено 1 шт.
Файлов было отправлено 4 шт.

[2019-11-06 15:39:41Z] - INFO - Начало работы скрипта
[2019-11-06 15:39:51Z] - INFO - Отправлены файлы по 440П за 06.11.2019

Архивов было отправлено 1 шт.
Файлов было отправлено 4 шт.

[2019-11-06 15:47:58Z] - INFO - Начало работы скрипта
[2019-11-06 15:48:07Z] - INFO - Отправлены файлы по 440П за 06.11.2019

Архивов было отправлено 1 шт.
Файлов было отправлено 4 шт.

[2019-11-06 16:17:49Z] - INFO - Начало работы скрипта
[2019-11-06 16:17:58Z] - INFO - Отправлены файлы по 440П за 06.11.2019

Архивов было отправлено 1 шт.
Файлов было отправлено 4 шт.

[2019-11-06 16:19:31Z] - INFO - Начало работы скрипта
[2019-11-06 16:19:40Z] - INFO - Отправлены файлы по 440П за 06.11.2019

Архивов было отправлено 1 шт.
Файлов было отправлено 4 шт.

[2019-11-06 16:20:17Z] - INFO - Начало работы скрипта
[2019-11-06 16:20:27Z] - INFO - Отправлены файлы по 440П за 06.11.2019

Архивов было отправлено 1 шт.
Файлов было отправлено 4 шт.

[2019-11-06 16:21:07Z] - INFO - Начало работы скрипта
[2019-11-06 16:21:17Z] - INFO - Отправлены файлы по 440П за 06.11.2019

Архивов было отправлено 1 шт.
Файлов было отправлено 4 шт.

[2019-11-06 16:22:27Z] - INFO - Начало работы скрипта
[2019-11-06 16:22:36Z] - INFO - Отправлены файлы по 440П за 06.11.2019

Архивов было отправлено 1 шт.
Файлов было отправлено 4 шт.

[2019-11-06 16:23:04Z] - INFO - Начало работы скрипта
[2019-11-06 16:23:13Z] - INFO - Отправлены файлы по 440П за 06.11.2019

Архивов было отправлено 1 шт.
Файлов было отправлено 4 шт.

[2019-11-06 16:23:55Z] - INFO - Начало работы скрипта
[2019-11-06 16:24:04Z] - INFO - Отправлены файлы по 440П за 06.11.2019

Архивов было отправлено 1 шт.
Файлов было отправлено 4 шт.

[2019-11-06 16:24:59Z] - INFO - Начало работы скрипта
[2019-11-06 16:25:08Z] - INFO - Отправлены файлы по 440П за 06.11.2019

Архивов было отправлено 1 шт.
Файлов было отправлено 4 шт.

[2019-11-07 14:29:23Z] - INFO - Начало работы скрипта
[2019-11-07 14:29:24Z] - ERRR - Путь D:\Ps1\checkArchive\temp\440p\Arhive\07112019 не найден!
[2019-11-07 14:29:36Z] - INFO - Начало работы скрипта
[2019-11-07 14:29:36Z] - INFO - Отправлены файлы по 440П за 07.11.2019

Архивов было отправлено 2 шт.
Файлов было отправлено 8 шт.

[2019-11-07 14:30:41Z] - INFO - Начало работы скрипта
[2019-11-07 14:30:41Z] - INFO - Отправлены файлы по 440П за 07.11.2019

Архивов было отправлено 2 шт.
Файлов было отправлено 8 шт.

[2019-11-07 14:41:36Z] - INFO - Начало работы скрипта
[2019-11-07 14:41:36Z] - INFO - Отправлены файлы по 440П за 07.11.2019
Архивов было отправлено 2 шт.
Файлов было отправлено 8 шт.

[2019-11-07 14:46:51Z] - INFO - Начало работы скрипта
[2019-11-07 14:46:51Z] - INFO - Отправлены файлы по 440П за 07.11.2019
Архивов было отправлено 2 шт.
Файлов было отправлено 8 шт.

[2019-11-07 14:47:00Z] - INFO - Начало работы скрипта
[2019-11-07 14:47:00Z] - INFO - Отправлены файлы по 440П за 07.11.2019
Архивов было отправлено 2 шт.
Файлов было отправлено 8 шт.

[2019-11-07 14:47:13Z] - INFO - Начало работы скрипта
[2019-11-07 14:47:13Z] - INFO - Отправлены файлы по 440П за 07.11.2019
Архивов было отправлено 2 шт.
Файлов было отправлено 8 шт.

[2019-11-07 14:47:50Z] - INFO - Начало работы скрипта
[2019-11-07 14:47:50Z] - INFO - Отправлены файлы по 440П за 07.11.2019
Архивов было отправлено 2 шт.
Файлов было отправлено 8 шт.

[2019-11-07 14:50:10Z] - INFO - Начало работы скрипта
[2019-11-07 14:50:10Z] - INFO - Отправлены файлы по 440П за 07.11.2019
Архивов было отправлено 2 шт.
Файлов было отправлено 8 шт.

[2019-11-07 14:50:19Z] - INFO - Начало работы скрипта
[2019-11-07 14:50:19Z] - INFO - Отправлены файлы по 440П за 07.11.2019
Архивов было отправлено 2 шт.
Файлов было отправлено 8 шт.

[2019-11-07 14:50:31Z] - INFO - Начало работы скрипта
[2019-11-07 14:50:31Z] - INFO - Отправлены файлы по 440П за 07.11.2019
Архивов было отправлено 2 шт.
Файлов было отправлено 8 шт.

[2019-11-07 14:51:12Z] - INFO - Начало работы скрипта
[2019-11-07 14:51:12Z] - INFO - Отправлены файлы по 440П за 07.11.2019
Архивов было отправлено 2 шт.
Файлов было отправлено 8 шт.

[2019-11-07 14:51:19Z] - INFO - Начало работы скрипта
[2019-11-07 14:51:19Z] - INFO - Отправлены файлы по 440П за 07.11.2019
Архивов было отправлено 2 шт.
Файлов было отправлено 8 шт.

[2019-11-07 14:51:28Z] - INFO - Начало работы скрипта
[2019-11-07 14:51:28Z] - INFO - Отправлены файлы по 440П за 07.11.2019
Архивов было отправлено 2 шт.
Файлов было отправлено 8 шт.

[2019-11-07 14:54:13Z] - INFO - Начало работы скрипта
[2019-11-07 14:54:13Z] - INFO - Отправлены файлы по 440П за 07.11.2019
Архивов было отправлено 2 шт.
Файлов было отправлено 8 шт.

[2019-11-07 15:02:16Z] - INFO - Начало работы скрипта
[2019-11-07 15:17:22Z] - INFO - Начало работы скрипта
[2019-11-07 15:17:26Z] - INFO - Отправлены файлы по 440П за 07.11.2019
Архивов было отправлено 2 шт.
Файлов было отправлено 8 шт.

[2019-11-07 15:18:28Z] - INFO - Начало работы скрипта
[2019-11-07 15:18:42Z] - INFO - Начало работы скрипта
[2019-11-07 15:20:47Z] - INFO - Начало работы скрипта
[2019-11-07 15:21:39Z] - INFO - Начало работы скрипта
[2019-11-07 15:22:38Z] - INFO - Начало работы скрипта
[2019-11-07 15:22:47Z] - INFO - Отправлены файлы по 440П за 07.11.2019
Архивов было отправлено 2 шт.
Файлов было отправлено 8 шт.

[2019-11-07 15:23:11Z] - INFO - Начало работы скрипта
[2019-11-07 15:23:43Z] - INFO - Начало работы скрипта
[2019-11-07 15:27:24Z] - INFO - Начало работы скрипта
[2019-11-07 15:27:24Z] - INFO - Отправлены файлы по 440П за 07.11.2019
Архивов было отправлено 2 шт.
Файлов было отправлено 8 шт.

[2019-11-07 15:34:36Z] - INFO - Начало работы скрипта
[2019-11-07 15:34:36Z] - INFO - Отправлены файлы по 440П за 07.11.2019
Архивов было отправлено 2 шт.
ИмяФайла: AFN_7102803_MIFNS00_20191106_00001.arj[0] Результат: AFN_7102803_MIFNS00_20191106_00001.arj[1]
ИмяФайла: Положительный результат проверки[0] Результат: Положительный результат проверки[1]
ИмяФайла: AFN_7102803_MIFNS00_20191106_00002.arj[0] Результат: AFN_7102803_MIFNS00_20191106_00002.arj[1]
ИмяФайла: Положительный результат проверки[0] Результат: Положительный результат проверки[1]
Файлов было отправлено 8 шт.

[2019-11-07 15:35:02Z] - INFO - Начало работы скрипта
[2019-11-07 15:35:02Z] - INFO - Отправлены файлы по 440П за 07.11.2019
Архивов было отправлено 2 шт.
Файлов было отправлено 8 шт.

[2019-11-07 15:35:12Z] - INFO - Начало работы скрипта
[2019-11-07 15:35:12Z] - INFO - Отправлены файлы по 440П за 07.11.2019
Архивов было отправлено 2 шт.
Файлов было отправлено 8 шт.

[2019-11-07 15:35:24Z] - INFO - Начало работы скрипта
[2019-11-07 15:56:48Z] - INFO - Начало работы скрипта
[2019-11-07 15:56:48Z] - INFO - Отправлены файлы по 440П за 07.11.2019
Архивов было отправлено 2 шт.
Файлов было отправлено 8 шт.

[2019-11-07 15:57:24Z] - INFO - Начало работы скрипта
[2019-11-07 15:57:24Z] - INFO - Отправлены файлы по 440П за 07.11.2019
Архивов было отправлено 2 шт.
Файлов было отправлено 8 шт.

[2019-11-07 15:57:35Z] - INFO - Начало работы скрипта
[2019-11-07 15:57:36Z] - INFO - Отправлены файлы по 440П за 07.11.2019
Архивов было отправлено 2 шт.
Файлов было отправлено 8 шт.

[2019-11-07 15:57:45Z] - INFO - Начало работы скрипта
[2019-11-07 15:57:45Z] - INFO - Отправлены файлы по 440П за 07.11.2019
Архивов было отправлено 2 шт.
Файлов было отправлено 8 шт.

[2019-11-07 15:58:35Z] - INFO - Начало работы скрипта
[2019-11-07 16:02:41Z] - INFO - Начало работы скрипта
[2019-11-07 16:02:59Z] - INFO - Отправлены файлы по 440П за 07.11.2019
Архивов было отправлено 2 шт.
Файлов было отправлено 8 шт.

[2019-11-07 16:04:05Z] - INFO - Начало работы скрипта
[2019-11-07 16:04:05Z] - INFO - Отправлены файлы по 440П за 07.11.2019
Архивов было отправлено 2 шт.
Файлов было отправлено 8 шт.

[2019-11-07 16:04:11Z] - INFO - Начало работы скрипта
[2019-11-07 16:04:11Z] - INFO - Отправлены файлы по 440П за 07.11.2019
Архивов было отправлено 2 шт.
Файлов было отправлено 8 шт.

[2019-11-07 16:04:14Z] - INFO - Начало работы скрипта
[2019-11-07 16:04:14Z] - INFO - Отправлены файлы по 440П за 07.11.2019
Архивов было отправлено 2 шт.
Файлов было отправлено 8 шт.

[2019-11-07 16:04:39Z] - INFO - Начало работы скрипта
[2019-11-07 16:04:43Z] - INFO - Отправлены файлы по 440П за 07.11.2019
Архивов было отправлено 2 шт.
ИмяФайла: AFN_7102803_MIFNS00_20191106_00001.arj Положительный результат проверки[0] Результат: AFN_7102803_MIFNS00_20191106_00001.arj Положительный результат проверки[1]
ИмяФайла: AFN_7102803_MIFNS00_20191106_00002.arj Положительный результат проверки[0] Результат: AFN_7102803_MIFNS00_20191106_00002.arj Положительный результат проверки[1]
Файлов было отправлено 8 шт.

[2019-11-07 16:05:17Z] - INFO - Начало работы скрипта
[2019-11-07 16:05:18Z] - INFO - Отправлены файлы по 440П за 07.11.2019
Архивов было отправлено 2 шт.
ИмяФайла: AFN_7102803_MIFNS00_20191106_00001.arj Результат: Положительный результат проверки
ИмяФайла: AFN_7102803_MIFNS00_20191106_00002.arj Результат: Положительный результат проверки
Файлов было отправлено 8 шт.

[2019-11-07 16:12:36Z] - INFO - Начало работы скрипта
[2019-11-07 16:12:47Z] - INFO - Отправлены файлы по 440П за 07.11.2019
Архивов было отправлено 2 шт.
ИмяФайла: AFN_7102803_MIFNS00_20191106_00001.arj Результат: Положительный результат проверки
ИмяФайла: AFN_7102803_MIFNS00_20191106_00002.arj Результат: Положительный результат проверки
Файлов было отправлено 8 шт.

[2019-11-07 16:13:52Z] - INFO - Начало работы скрипта
[2019-11-07 16:14:01Z] - INFO - Отправлены файлы по 440П за 07.11.2019
Архивов было отправлено 2 шт.
ИмяФайла: AFN_7102803_MIFNS00_20191106_00001.arj Результат: Положительный результат проверки
ИмяФайла: AFN_7102803_MIFNS00_20191106_00002.arj Результат: Положительный результат проверки
Файлов было отправлено 8 шт.

[2019-11-07 16:15:28Z] - INFO - Начало работы скрипта
[2019-11-07 16:15:37Z] - INFO - Отправлены файлы по 440П за 07.11.2019
Архивов было отправлено 2 шт.
ИмяФайла: AFN_7102803_MIFNS00_20191106_00001.arj Результат: Положительный результат проверки
ИмяФайла: AFN_7102803_MIFNS00_20191106_00002.arj Результат: Положительный результат проверки
Файлов было отправлено 8 шт.

[2019-11-07 16:16:23Z] - INFO - Начало работы скрипта
[2019-11-07 16:16:33Z] - INFO - Отправлены файлы по 440П за 07.11.2019
Архивов было отправлено 2 шт.
ИмяФайла: AFN_7102803_MIFNS00_20191106_00001.arj Результат: Положительный результат проверки
ИмяФайла: AFN_7102803_MIFNS00_20191106_00002.arj Результат: Положительный результат проверки
Файлов было отправлено 8 шт.

[2019-11-07 16:23:45Z] - INFO - Начало работы скрипта
[2019-11-07 16:23:54Z] - INFO - Отправлены файлы по 440П за 07.11.2019
Архивов было отправлено 2 шт.
ИмяФайла: AFN_7102803_MIFNS00_20191106_00001.arj Результат: Положительный результат проверки
ИмяФайла: AFN_7102803_MIFNS00_20191106_00002.arj Результат: Положительный результат проверки
Файлов было отправлено 8 шт.

[2019-11-07 16:31:49Z] - INFO - Начало работы скрипта
[2019-11-07 16:31:59Z] - INFO - Отправлены файлы по 440П за 07.11.2019
Архивов было отправлено 2 шт.
ИмяФайла: AFN_7102803_MIFNS00_20191106_00001.arj Результат: Ошибка: System.Xml.XmlElement.Пояснение
ИмяФайла: AFN_7102803_MIFNS00_20191106_00002.arj Результат: Ошибка: System.Xml.XmlElement.Пояснение
Файлов было отправлено 8 шт.

[2019-11-07 16:33:02Z] - INFO - Начало работы скрипта
[2019-11-07 16:33:11Z] - INFO - Отправлены файлы по 440П за 07.11.2019
Архивов было отправлено 2 шт.
ИмяФайла: AFN_7102803_MIFNS00_20191106_00001.arj Результат: Ошибка: System.Xml.XmlElement.Пояснение
ИмяФайла: AFN_7102803_MIFNS00_20191106_00002.arj Результат: Ошибка: System.Xml.XmlElement.Пояснение
Файлов было отправлено 8 шт.

[2019-11-07 16:33:55Z] - INFO - Начало работы скрипта
[2019-11-07 16:34:04Z] - INFO - Отправлены файлы по 440П за 07.11.2019
Архивов было отправлено 2 шт.
ИмяФайла: AFN_7102803_MIFNS00_20191106_00001.arj Результат: Ошибка: Всё плохо!
ИмяФайла: AFN_7102803_MIFNS00_20191106_00002.arj Результат: Ошибка: Ещё хуже...
Файлов было отправлено 8 шт.

[2019-11-07 16:35:24Z] - INFO - Начало работы скрипта
[2019-11-07 16:35:33Z] - INFO - Отправлены файлы по 440П за 07.11.2019
Архивов было отправлено 2 шт.
ИмяФайла: AFN_7102803_MIFNS00_20191106_00001.arj Результат: Ошибка: Всё плохо!
ИмяФайла: AFN_7102803_MIFNS00_20191106_00002.arj Результат: Ошибка: Ещё хуже...
Файлов было отправлено 8 шт.

[2019-11-07 16:36:29Z] - INFO - Начало работы скрипта
[2019-11-07 16:36:39Z] - INFO - Отправлены файлы по 440П за 07.11.2019
Архивов было отправлено 2 шт.
ИмяФайла: AFN_7102803_MIFNS00_20191106_00001.arj Результат: Ошибка: Всё плохо!
ИмяФайла: AFN_7102803_MIFNS00_20191106_00002.arj Результат: Ошибка: Ещё хуже...
Файлов было отправлено 8 шт.

[2019-11-07 16:37:11Z] - INFO - Начало работы скрипта
[2019-11-07 16:37:21Z] - INFO - Отправлены файлы по 440П за 07.11.2019
Архивов было отправлено 2 шт.
ИмяФайла: AFN_7102803_MIFNS00_20191106_00001.arj Результат: Ошибка: Всё плохо!
ИмяФайла: AFN_7102803_MIFNS00_20191106_00002.arj Результат: Положительный результат проверки
Файлов было отправлено 8 шт.

[2019-11-07 16:39:18Z] - INFO - Начало работы скрипта
[2019-11-07 16:39:28Z] - INFO - Отправлены файлы по 440П за 07.11.2019
Архивов было отправлено 2 шт.
ИмяФайла: AFN_7102803_MIFNS00_20191106_00001.arj Результат: Ошибка: Всё плохо!
ИмяФайла: AFN_7102803_MIFNS00_20191106_00002.arj Результат: Ошибка: Ещё хуже!
Файлов было отправлено 8 шт.

[2019-11-11 09:50:13Z] - INFO - Начало работы скрипта
[2019-11-11 09:50:13Z] - ERRR - Путь D:\Ps1\checkArchive\temp\440p\Arhive\11112019 не найден!
[2019-11-11 09:51:32Z] - INFO - Начало работы скрипта
[2019-11-11 09:51:42Z] - INFO - Отправлены файлы по 440П за 08.11.2019
Архивов было отправлено 2 шт.
ИмяФайла: AFN_7102803_MIFNS00_20191108_00001.arj Результат: Ошибка: На найдено подтверждение о получении архива!
ИмяФайла: AFN_7102803_MIFNS00_20191108_00002.arj Результат: Ошибка: На найдено подтверждение о получении архива!
Файлов было отправлено 22 шт.

[2019-11-11 09:52:21Z] - INFO - Начало работы скрипта
[2019-11-11 09:55:26Z] - INFO - Начало работы скрипта
[2019-11-11 09:55:40Z] - INFO - Отправлены файлы по 440П за 8.11.2019
Архивов было отправлено 2 шт.
ИмяФайла: AFN_7102803_MIFNS00_20191108_00001.arj Результат: Положительный результат проверки
ИмяФайла: AFN_7102803_MIFNS00_20191108_00002.arj Результат: Положительный результат проверки
Файлов было отправлено 22 шт.

[2019-11-11 09:56:06Z] - INFO - Начало работы скрипта
[2019-11-11 09:56:23Z] - INFO - Отправлены файлы по 440П за 8.11.2019
Архивов было отправлено 2 шт.
ИмяФайла: AFN_7102803_MIFNS00_20191108_00001.arj Результат: Положительный результат проверки
ИмяФайла: AFN_7102803_MIFNS00_20191108_00002.arj Результат: Положительный результат проверки
Файлов было отправлено 22 шт.

