Òþìåíñêèé ôèëèàë ÀÎ ÊÁ "ÀÃÐÎÏÐÎÌÊÐÅÄÈÒ"
                C÷åò 30236810800020000002  çà 01.10.19-31.10.19
 
Âàëþòà: ðóá.
                                             
Ðàñ÷åòû ïî îïåðàöèÿì ñ ïëàòåæíûìè êàðòàìè â ÂÑÏ Áàíêà
Äàòà ïðåäûäóùåé âûïèñêè 30.09.19
-========T==T========T=========T====================T====================T================T================¬
¦  Äàòà  ¦ÐÎ¦Äîêóìåíò¦    ÊÁ   ¦     Âíåø.ñ÷åò      ¦    Ñ÷åò            ¦      Äåáåò     ¦     Êðåäèò     ¦
¦========¦==¦========¦=========¦====================¦====================+================+================¦
¦            Îñòàòîê íà íà÷àëî ïåðèîäà                                   ¦                ¦       290483.44¦
+--------T--T--------T---------T--------------------T--------------------+----------------+----------------+
¦01.10.19¦17¦   28015¦         ¦                    ¦40817810100020000001¦                ¦         5620.63¦
¦01.10.19¦1 ¦   28000¦         ¦                    ¦30302810100020000005¦                ¦        13675.25¦
¦01.10.19¦1 ¦   27994¦         ¦                    ¦30302810100020000005¦                ¦       196130.37¦
¦01.10.19¦1 ¦   27984¦         ¦                    ¦30302810100020000005¦                ¦       232028.92¦
¦01.10.19¦1 ¦   27943¦         ¦                    ¦30302810100020000005¦                ¦       266754.73¦
¦01.10.19¦1 ¦  000208¦047102803¦                    ¦40702810304020001335¦           70.00¦                ¦
¦01.10.19¦1 ¦  000021¦047102803¦                    ¦70601810400822740801¦          582.26¦                ¦
¦01.10.19¦1 ¦  000185¦047102803¦                    ¦40702810304020001335¦         1169.78¦                ¦
¦01.10.19¦1 ¦  000020¦047102803¦                    ¦40702810900020001661¦         1315.32¦                ¦
¦01.10.19¦1 ¦  000209¦047102803¦                    ¦40702810104020001629¦         2992.00¦                ¦
¦01.10.19¦1 ¦  000020¦046577964¦40702810938320001502¦30102810900020000803¦         3788.51¦                ¦
¦01.10.19¦1 ¦  000185¦047102803¦                    ¦40702810304020001335¦         6400.00¦                ¦
¦01.10.19¦1 ¦  000209¦047102803¦                    ¦40702810504020001630¦         7409.00¦                ¦
¦01.10.19¦1 ¦  000020¦047102803¦                    ¦40702810500020001469¦        15500.00¦                ¦
¦01.10.19¦1 ¦  000020¦046577964¦40702810938320001502¦30102810900020000803¦        15950.00¦                ¦
¦01.10.19¦1 ¦  000021¦047102803¦                    ¦40702810600020001440¦        46476.93¦                ¦
¦01.10.19¦17¦   08990¦         ¦                    ¦40702810530020000689¦        50325.12¦                ¦
¦01.10.19¦1 ¦  000020¦047102803¦                    ¦40702810200020001442¦       206870.42¦                ¦
¦01.10.19¦1 ¦  000208¦047102803¦                    ¦40702810804020001343¦       444602.14¦                ¦
¦02.10.19¦17¦   30354¦         ¦                    ¦40817810100020000001¦                ¦         1201.12¦
¦02.10.19¦17¦   31165¦         ¦                    ¦40817810430020000001¦                ¦         5186.10¦
¦02.10.19¦1 ¦   30403¦         ¦                    ¦30302810100020000005¦                ¦        18894.11¦
¦02.10.19¦1 ¦   30300¦         ¦                    ¦30302810100020000005¦                ¦       117631.66¦
¦02.10.19¦1 ¦   30325¦         ¦                    ¦30302810100020000005¦                ¦       187543.24¦
¦02.10.19¦1 ¦   30299¦         ¦                    ¦30302810100020000005¦                ¦       339676.81¦
¦02.10.19¦1 ¦  000023¦047102803¦                    ¦70601810400822740801¦          131.70¦                ¦
¦02.10.19¦1 ¦  000210¦047102803¦                    ¦40702810304020001335¦          754.82¦                ¦
¦02.10.19¦1 ¦  000210¦047102803¦                    ¦40702810304020001335¦         3000.00¦                ¦
¦02.10.19¦1 ¦  000022¦047102803¦                    ¦40702810900020001661¦         4744.86¦                ¦
¦02.10.19¦1 ¦  000023¦047102803¦                    ¦40702810600020001440¦        10040.45¦                ¦
¦02.10.19¦1 ¦  000017¦047102803¦                    ¦40702810500020001469¦        10500.00¦                ¦
¦02.10.19¦1 ¦  000022¦046577964¦40702810938320001502¦30102810900020000803¦        36788.90¦                ¦
¦02.10.19¦1 ¦  000210¦047102803¦                    ¦40702810804020001343¦        66651.23¦                ¦
¦02.10.19¦17¦   38581¦         ¦                    ¦40702810530020000689¦        72764.22¦                ¦
¦02.10.19¦1 ¦  000022¦047102803¦                    ¦40702810200020001442¦       139035.95¦                ¦
¦02.10.19¦1 ¦  000210¦047102803¦                    ¦40702810804020001343¦       316998.57¦                ¦
¦03.10.19¦17¦   32717¦         ¦                    ¦40817810430020000001¦                ¦         1729.96¦
¦03.10.19¦17¦   32718¦         ¦                    ¦40817810100020000001¦                ¦         1883.37¦
¦03.10.19¦17¦   32485¦         ¦                    ¦40817810100020000001¦                ¦         3548.64¦
¦03.10.19¦1 ¦   32453¦         ¦                    ¦30302810100020000005¦                ¦        57642.72¦
¦03.10.19¦1 ¦   32374¦         ¦                    ¦30302810100020000005¦                ¦       132028.89¦
¦03.10.19¦1 ¦   32383¦         ¦                    ¦30302810100020000005¦                ¦       262776.88¦
¦03.10.19¦1 ¦   32404¦         ¦                    ¦30302810100020000005¦                ¦       268472.25¦
¦03.10.19¦1 ¦  000186¦047102803¦                    ¦40702810304020001335¦           70.00¦                ¦
¦03.10.19¦1 ¦  000186¦047102803¦                    ¦40702810304020001335¦          414.96¦                ¦
¦03.10.19¦1 ¦  000186¦047102803¦                    ¦40702810804020001343¦         1452.91¦                ¦
¦03.10.19¦1 ¦  000024¦047102803¦                    ¦40702810900020001661¦         4517.85¦                ¦
¦03.10.19¦1 ¦  000186¦047102803¦                    ¦40702810304020001335¦         7500.00¦                ¦
¦03.10.19¦1 ¦  000003¦046577964¦40702810938320001502¦30102810900020000803¦        10000.00¦                ¦
¦03.10.19¦1 ¦  000024¦047102803¦                    ¦40702810500020001469¦        19600.00¦                ¦
¦03.10.19¦1 ¦  000024¦046577964¦40702810938320001502¦30102810900020000803¦        42176.03¦                ¦
¦03.10.19¦17¦   66664¦         ¦                    ¦40702810530020000689¦        75014.94¦                ¦
¦03.10.19¦1 ¦  000024¦047102803¦                    ¦40702810200020001442¦       133670.32¦                ¦
¦03.10.19¦1 ¦  000186¦047102803¦                    ¦40702810804020001343¦       388698.22¦                ¦
¦04.10.19¦1 ¦   35486¦         ¦                    ¦30302810100020000005¦                ¦        29881.73¦
¦04.10.19¦1 ¦   34621¦         ¦                    ¦30302810100020000005¦                ¦       174232.69¦
¦04.10.19¦1 ¦   34585¦         ¦                    ¦30302810100020000005¦                ¦       242403.41¦
¦04.10.19¦1 ¦   34605¦         ¦                    ¦30302810100020000005¦                ¦       242656.46¦
¦04.10.19¦1 ¦  000212¦047102803¦                    ¦40702810304020001335¦          140.00¦                ¦
¦04.10.19¦1 ¦  000212¦047102803¦                    ¦40702810804020001343¦          287.30¦                ¦
¦04.10.19¦1 ¦  000174¦047102803¦                    ¦40702810304020001335¦          414.96¦                ¦
¦04.10.19¦1 ¦  000025¦047102803¦                    ¦40702810500020001469¦         9500.00¦                ¦
¦04.10.19¦1 ¦  000025¦047102803¦                    ¦40702810900020001661¦         9991.88¦                ¦
¦04.10.19¦1 ¦  000004¦046577964¦40702810938320001502¦30102810900020000803¦        25650.34¦                ¦
¦04.10.19¦1 ¦  000025¦046577964¦40702810938320001502¦30102810900020000803¦        93506.42¦                ¦
¦04.10.19¦17¦   99196¦         ¦                    ¦40702810530020000689¦       106613.17¦                ¦
¦04.10.19¦1 ¦  000025¦047102803¦                    ¦40702810200020001442¦       116283.04¦                ¦
¦04.10.19¦1 ¦  000212¦047102803¦                    ¦40702810804020001343¦       208820.07¦                ¦
¦05.10.19¦1 ¦   36709¦         ¦                    ¦30302810100020000005¦                ¦        10293.42¦
¦05.10.19¦1 ¦   36587¦         ¦                    ¦30302810100020000005¦                ¦        69081.48¦
¦05.10.19¦1 ¦   36561¦         ¦                    ¦30302810100020000005¦                ¦       115098.79¦
¦05.10.19¦1 ¦   36546¦         ¦                    ¦30302810100020000005¦                ¦       140042.52¦
¦05.10.19¦1 ¦  000187¦047102803¦                    ¦40702810304020001335¦          792.37¦                ¦
¦05.10.19¦1 ¦  000185¦047102803¦                    ¦40702810304020001335¦         3000.00¦                ¦
¦05.10.19¦1 ¦  000187¦047102803¦                    ¦40702810804020001343¦       103209.95¦                ¦
¦07.10.19¦17¦   37435¦         ¦                    ¦40817810100020000001¦                ¦         4086.61¦
¦07.10.19¦17¦   37446¦         ¦                    ¦40817810100020000001¦                ¦        11452.57¦
¦07.10.19¦17¦   37496¦         ¦                    ¦40817810100020000111¦                ¦        15363.95¦
¦07.10.19¦1 ¦   37442¦         ¦                    ¦30302810100020000005¦                ¦        79333.68¦
¦07.10.19¦1 ¦   37437¦         ¦                    ¦30302810100020000005¦                ¦       262672.76¦
¦07.10.19¦1 ¦   37450¦         ¦                    ¦30302810100020000005¦                ¦       305647.93¦
¦07.10.19¦1 ¦   37439¦         ¦                    ¦30302810100020000005¦                ¦       432890.83¦
¦07.10.19¦1 ¦  000188¦047102803¦                    ¦40702810304020001335¦          490.00¦                ¦
¦07.10.19¦1 ¦  000030¦047102803¦                    ¦40702810900020001661¦         1773.27¦                ¦
¦07.10.19¦1 ¦  000006¦046577964¦40702810938320001502¦30102810900020000803¦         2000.00¦                ¦
¦07.10.19¦1 ¦  000019¦047102803¦                    ¦40702810500020001469¦         9000.00¦                ¦
¦07.10.19¦1 ¦  000188¦047102803¦                    ¦40702810804020001343¦        10753.24¦                ¦
¦07.10.19¦1 ¦  000188¦047102803¦                    ¦40702810304020001335¦        10900.00¦                ¦
¦07.10.19¦1 ¦  000020¦047102803¦                    ¦40702810500020001469¦        13400.00¦                ¦
¦07.10.19¦1 ¦  000013¦046577964¦40702810938320001502¦30102810900020000803¦        14969.56¦                ¦
¦07.10.19¦1 ¦  000026¦047102803¦                    ¦40702810900020001661¦        16388.83¦                ¦
¦07.10.19¦1 ¦  000020¦047102803¦                    ¦40702810200020001442¦        72058.71¦                ¦
¦07.10.19¦1 ¦  000026¦047102803¦                    ¦40702810200020001442¦       125426.35¦                ¦
¦07.10.19¦1 ¦  000020¦046577964¦40702810938320001502¦30102810900020000803¦       138281.91¦                ¦
¦07.10.19¦17¦   66184¦         ¦                    ¦40702810530020000689¦       138331.11¦                ¦
¦07.10.19¦1 ¦  000026¦046577964¦40702810938320001502¦30102810900020000803¦       207114.05¦                ¦
¦07.10.19¦1 ¦  000188¦047102803¦                    ¦40702810804020001343¦       467565.45¦                ¦
¦08.10.19¦1 ¦   39998¦         ¦                    ¦30302810100020000005¦                ¦          106.19¦
¦08.10.19¦17¦   40050¦         ¦                    ¦40817810430020000001¦                ¦         1075.37¦
¦08.10.19¦1 ¦   39761¦         ¦                    ¦30302810100020000005¦                ¦        33930.37¦
¦08.10.19¦1 ¦   39801¦         ¦                    ¦30302810100020000005¦                ¦       266105.24¦
¦08.10.19¦1 ¦   39757¦         ¦                    ¦30302810100020000005¦                ¦       320020.65¦
¦08.10.19¦1 ¦   39758¦         ¦                    ¦30302810100020000005¦                ¦       651071.52¦
¦08.10.19¦1 ¦  000030¦046577964¦40702810938320001502¦30102810900020000803¦          186.61¦                ¦
¦08.10.19¦1 ¦  000031¦047102803¦                    ¦70601810400822740801¦          348.89¦                ¦
¦08.10.19¦1 ¦  000215¦047102803¦                    ¦40702810304020001335¦          867.45¦                ¦
¦08.10.19¦1 ¦  000215¦047102803¦                    ¦40702810304020001335¦         6000.00¦                ¦
¦08.10.19¦1 ¦  000215¦047102803¦                    ¦40702810804020001343¦         7190.87¦                ¦
¦08.10.19¦1 ¦  000021¦047102803¦                    ¦40702810500020001469¦         7500.00¦                ¦
¦08.10.19¦1 ¦  000031¦047102803¦                    ¦40702810600020001440¦        33727.59¦                ¦
¦08.10.19¦1 ¦  000027¦047102803¦                    ¦40702810900020001661¦        49186.76¦                ¦
¦08.10.19¦1 ¦  000027¦047102803¦                    ¦40702810200020001442¦       106311.18¦                ¦
¦08.10.19¦17¦   91839¦         ¦                    ¦40702810530020000689¦       127360.61¦                ¦
¦08.10.19¦1 ¦  000027¦046577964¦40702810938320001502¦30102810900020000803¦       286147.50¦                ¦
¦08.10.19¦1 ¦  000215¦047102803¦                    ¦40702810804020001343¦       853720.03¦                ¦
¦09.10.19¦17¦   41988¦         ¦                    ¦40817810100020000001¦                ¦        10000.00¦
¦09.10.19¦1 ¦   41963¦         ¦                    ¦30302810100020000005¦                ¦        57688.35¦
¦09.10.19¦1 ¦   41912¦         ¦                    ¦30302810100020000005¦                ¦       156712.67¦
¦09.10.19¦1 ¦   41915¦         ¦                    ¦30302810100020000005¦                ¦       200657.99¦
¦09.10.19¦1 ¦   41926¦         ¦                    ¦30302810100020000005¦                ¦       417673.52¦
¦09.10.19¦1 ¦  000187¦047102803¦                    ¦40702810304020001335¦           35.00¦                ¦
¦09.10.19¦1 ¦  000033¦047102803¦                    ¦70601810400822740801¦           40.00¦                ¦
¦09.10.19¦1 ¦  000216¦047102803¦                    ¦40702810304020001335¦          754.82¦                ¦
¦09.10.19¦1 ¦  000033¦047102803¦                    ¦40702810600020001440¦         3000.00¦                ¦
¦09.10.19¦1 ¦  000032¦046577964¦40702810938320001502¦30102810900020000803¦         4089.62¦                ¦
¦09.10.19¦1 ¦  000189¦047102803¦                    ¦40702810304020001335¦         7700.00¦                ¦
¦09.10.19¦1 ¦  000028¦047102803¦                    ¦40702810900020001661¦        13393.46¦                ¦
¦09.10.19¦1 ¦  000028¦047102803¦                    ¦40702810500020001469¦        14300.00¦                ¦
¦09.10.19¦1 ¦  000189¦047102803¦                    ¦40702810804020001343¦        14519.89¦                ¦
¦09.10.19¦1 ¦  000028¦046577964¦40702810938320001502¦30102810900020000803¦       107533.02¦                ¦
¦09.10.19¦17¦   16315¦         ¦                    ¦40702810530020000689¦       123302.75¦                ¦
¦09.10.19¦1 ¦  000028¦047102803¦                    ¦40702810200020001442¦       134814.28¦                ¦
¦09.10.19¦1 ¦  000189¦047102803¦                    ¦40702810804020001343¦       523385.64¦                ¦
¦10.10.19¦17¦   44750¦         ¦                    ¦40817810430020000001¦                ¦         1196.55¦
¦10.10.19¦17¦   43831¦         ¦                    ¦40817810100020000001¦                ¦        10059.33¦
¦10.10.19¦1 ¦   43742¦         ¦                    ¦30302810100020000005¦                ¦        39363.77¦
¦10.10.19¦1 ¦   43743¦         ¦                    ¦30302810100020000005¦                ¦       277211.19¦
¦10.10.19¦1 ¦   43738¦         ¦                    ¦30302810100020000005¦                ¦       363804.68¦
¦10.10.19¦1 ¦   43741¦         ¦                    ¦30302810100020000005¦                ¦       461280.79¦
¦10.10.19¦1 ¦  000034¦047102803¦                    ¦70601810400822740801¦           87.00¦                ¦
¦10.10.19¦1 ¦  000217¦047102803¦                    ¦40702810304020001335¦          105.00¦                ¦
¦10.10.19¦1 ¦  000009¦046577964¦40702810938320001502¦30102810900020000803¦         1106.00¦                ¦
¦10.10.19¦1 ¦  000217¦047102803¦                    ¦40702810304020001335¦         1132.23¦                ¦
¦10.10.19¦1 ¦  000217¦047102803¦                    ¦40702810304020001335¦         3200.00¦                ¦
¦10.10.19¦1 ¦   44551¦         ¦                    ¦30301810800020000005¦         5638.23¦                ¦
¦10.10.19¦1 ¦  000034¦047102803¦                    ¦40702810600020001440¦         8700.00¦                ¦
¦10.10.19¦1 ¦  000029¦047102803¦                    ¦40702810900020001661¦         8925.29¦                ¦
¦10.10.19¦1 ¦  000217¦047102803¦                    ¦40702810804020001343¦        10567.93¦                ¦
¦10.10.19¦1 ¦  000029¦047102803¦                    ¦40702810500020001469¦        13600.00¦                ¦
¦10.10.19¦1 ¦  000029¦047102803¦                    ¦40702810200020001442¦        62453.18¦                ¦
¦10.10.19¦1 ¦  000029¦046577964¦40702810938320001502¦30102810900020000803¦        78162.96¦                ¦
¦10.10.19¦17¦   61076¦         ¦                    ¦40702810530020000689¦       106875.43¦                ¦
¦10.10.19¦1 ¦  000176¦047102803¦                    ¦40702810804020001343¦       755053.15¦                ¦
¦11.10.19¦17¦   46066¦         ¦                    ¦40817810100020000001¦                ¦         3000.00¦
¦11.10.19¦1 ¦   46058¦         ¦                    ¦30302810100020000005¦                ¦        59684.64¦
¦11.10.19¦1 ¦   46059¦         ¦                    ¦30302810100020000005¦                ¦       372774.73¦
¦11.10.19¦1 ¦   46057¦         ¦                    ¦30302810100020000005¦                ¦       563533.40¦
¦11.10.19¦1 ¦   46064¦         ¦                    ¦30302810100020000005¦                ¦       661547.46¦
¦11.10.19¦1 ¦  000036¦047102803¦                    ¦70601810400822740801¦           80.00¦                ¦
¦11.10.19¦1 ¦  000218¦047102803¦                    ¦40702810304020001335¦         1132.23¦                ¦
¦11.10.19¦1 ¦  000036¦047102803¦                    ¦40702810600020001440¦         2000.00¦                ¦
¦11.10.19¦1 ¦  000023¦046577964¦40702810938320001502¦30102810900020000803¦         7418.78¦                ¦
¦11.10.19¦1 ¦  000191¦047102803¦                    ¦40702810804020001343¦        11009.10¦                ¦
¦11.10.19¦1 ¦  000191¦047102803¦                    ¦40702810304020001335¦        12400.00¦                ¦
¦11.10.19¦1 ¦  000030¦047102803¦                    ¦40702810500020001469¦        15800.00¦                ¦
¦11.10.19¦1 ¦  000030¦047102803¦                    ¦40702810900020001661¦        38105.67¦                ¦
¦11.10.19¦1 ¦  000030¦047102803¦                    ¦40702810200020001442¦       100669.31¦                ¦
¦11.10.19¦1 ¦  000030¦046577964¦40702810938320001502¦30102810900020000803¦       106270.58¦                ¦
¦11.10.19¦17¦   07563¦         ¦                    ¦40702810530020000689¦       148601.48¦                ¦
¦11.10.19¦1 ¦  000191¦047102803¦                    ¦40702810804020001343¦      1245390.80¦                ¦
¦12.10.19¦1 ¦   48217¦         ¦                    ¦30302810100020000005¦                ¦        11000.51¦
¦12.10.19¦17¦   48195¦         ¦                    ¦40817810100020000001¦                ¦        13657.50¦
¦12.10.19¦1 ¦   48158¦         ¦                    ¦30302810100020000005¦                ¦       215855.72¦
¦12.10.19¦1 ¦   48165¦         ¦                    ¦30302810100020000005¦                ¦       274819.25¦
¦12.10.19¦1 ¦   48164¦         ¦                    ¦30302810100020000005¦                ¦       352161.14¦
¦12.10.19¦1 ¦  000219¦047102803¦                    ¦40702810304020001335¦          754.82¦                ¦
¦12.10.19¦1 ¦  000219¦047102803¦                    ¦40702810304020001335¦         1650.00¦                ¦
¦12.10.19¦1 ¦  000219¦047102803¦                    ¦40702810804020001343¦       654343.62¦                ¦
¦14.10.19¦17¦   49601¦         ¦                    ¦40817810100020000001¦                ¦         4094.60¦
¦14.10.19¦1 ¦   48960¦         ¦                    ¦30302810100020000005¦                ¦        46858.64¦
¦14.10.19¦1 ¦   48733¦         ¦                    ¦30302810100020000005¦                ¦       396169.57¦
¦14.10.19¦1 ¦   48732¦         ¦                    ¦30302810100020000005¦                ¦       471562.63¦
¦14.10.19¦1 ¦   48734¦         ¦                    ¦30302810100020000005¦                ¦       670064.73¦
¦14.10.19¦1 ¦  000220¦047102803¦                    ¦40702810304020001335¦          210.00¦                ¦
¦14.10.19¦1 ¦  000220¦047102803¦                    ¦40702810804020001343¦          214.42¦                ¦
¦14.10.19¦1 ¦  000024¦047102803¦                    ¦40702810900020001661¦          590.88¦                ¦
¦14.10.19¦1 ¦  000035¦047102803¦                    ¦40702810900020001661¦         4863.06¦                ¦
¦14.10.19¦1 ¦  000024¦047102803¦                    ¦40702810500020001469¦         8100.00¦                ¦
¦14.10.19¦1 ¦  000035¦046577964¦40702810938320001502¦30102810900020000803¦        12482.53¦                ¦
¦14.10.19¦1 ¦  000220¦047102803¦                    ¦40702810304020001335¦        26300.00¦                ¦
¦14.10.19¦1 ¦  000024¦047102803¦                    ¦40702810200020001442¦        48312.25¦                ¦
¦14.10.19¦17¦   04269¦         ¦                    ¦40702810530020000689¦        98847.46¦                ¦
¦14.10.19¦1 ¦  000031¦047102803¦                    ¦40702810200020001442¦       108177.82¦                ¦
¦14.10.19¦1 ¦  000031¦046577964¦40702810938320001502¦30102810900020000803¦       116483.21¦                ¦
¦14.10.19¦1 ¦  000024¦046577964¦40702810938320001502¦30102810900020000803¦       153742.55¦                ¦
¦14.10.19¦1 ¦  000220¦047102803¦                    ¦40702810804020001343¦      1129705.69¦                ¦
¦15.10.19¦17¦   53075¦         ¦                    ¦40817810100020000001¦                ¦         3711.10¦
¦15.10.19¦17¦   52489¦         ¦                    ¦40817810100020000001¦                ¦        17030.15¦
¦15.10.19¦1 ¦   51940¦         ¦                    ¦30302810100020000005¦                ¦       154285.60¦
¦15.10.19¦1 ¦   51938¦         ¦                    ¦30302810100020000005¦                ¦       657739.09¦
¦15.10.19¦1 ¦   51939¦         ¦                    ¦30302810100020000005¦                ¦       948830.35¦
¦15.10.19¦1 ¦   51936¦         ¦                    ¦30302810100020000005¦                ¦      1083061.88¦
¦15.10.19¦1 ¦  000179¦047102803¦                    ¦40702810304020001335¦           35.00¦                ¦
¦15.10.19¦1 ¦  000221¦047102803¦                    ¦40702810304020001335¦         1509.64¦                ¦
¦15.10.19¦1 ¦   53474¦         ¦                    ¦30301810800020000005¦         3893.92¦                ¦
¦15.10.19¦1 ¦  000221¦047102803¦                    ¦40702810304020001335¦         9200.00¦                ¦
¦15.10.19¦1 ¦  000032¦047102803¦                    ¦40702810500020001469¦        11700.00¦                ¦
¦15.10.19¦1 ¦  000179¦047102803¦                    ¦40702810804020001343¦        12821.53¦                ¦
¦15.10.19¦1 ¦  000032¦047102803¦                    ¦40702810900020001661¦        13314.35¦                ¦
¦15.10.19¦1 ¦  000039¦047102803¦                    ¦40702810600020001440¦        32879.54¦                ¦
¦15.10.19¦17¦     148¦         ¦                    ¦40702810530020000663¦        35220.00¦                ¦
¦15.10.19¦1 ¦  000021¦046577964¦40702810938320001502¦30102810900020000803¦        42675.02¦                ¦
¦15.10.19¦1 ¦  000032¦046577964¦40702810938320001502¦30102810900020000803¦        69229.83¦                ¦
¦15.10.19¦1 ¦  000032¦047102803¦                    ¦40702810200020001442¦       128453.86¦                ¦
¦15.10.19¦17¦   53981¦         ¦                    ¦40702810530020000689¦       129978.21¦                ¦
¦15.10.19¦1 ¦  000179¦047102803¦                    ¦40702810804020001343¦      2285675.26¦                ¦
¦16.10.19¦17¦   54942¦         ¦                    ¦40817810100020000001¦                ¦        32678.20¦
¦16.10.19¦17¦   56143¦         ¦                    ¦40817810100020000001¦                ¦        37723.70¦
¦16.10.19¦1 ¦   54773¦         ¦                    ¦30302810100020000005¦                ¦       330942.39¦
¦16.10.19¦1 ¦   54784¦         ¦                    ¦30302810100020000005¦                ¦       792385.34¦
¦16.10.19¦1 ¦   54774¦         ¦                    ¦30302810100020000005¦                ¦      1209768.89¦
¦16.10.19¦1 ¦   54770¦         ¦                    ¦30302810100020000005¦                ¦      1713146.60¦
¦16.10.19¦1 ¦  000180¦047102803¦                    ¦40702810304020001335¦           70.00¦                ¦
¦16.10.19¦1 ¦  000190¦047102803¦                    ¦40702810304020001335¦          792.37¦                ¦
¦16.10.19¦1 ¦   55029¦         ¦                    ¦30301810800020000005¦         2874.21¦                ¦
¦16.10.19¦1 ¦  000033¦047102803¦                    ¦40702810900020001661¦         5254.69¦                ¦
¦16.10.19¦1 ¦  000180¦047102803¦                    ¦40702810804020001343¦         6986.97¦                ¦
¦16.10.19¦1 ¦  000033¦047102803¦                    ¦40702810500020001469¦         7300.00¦                ¦
¦16.10.19¦1 ¦  000014¦046577964¦40702810938320001502¦30102810900020000803¦        16595.48¦                ¦
¦16.10.19¦1 ¦  000190¦047102803¦                    ¦40702810304020001335¦        18800.00¦                ¦
¦16.10.19¦17¦     007¦         ¦                    ¦40702810530020000663¦        54761.00¦                ¦
¦16.10.19¦1 ¦  000033¦046577964¦40702810938320001502¦30102810900020000803¦        92570.63¦                ¦
¦16.10.19¦17¦   06572¦         ¦                    ¦40702810530020000689¦        99104.82¦                ¦
¦16.10.19¦1 ¦  000034¦047102803¦                    ¦40702810600020001440¦       115782.37¦                ¦
¦16.10.19¦1 ¦  000033¦047102803¦                    ¦40702810200020001442¦       129280.44¦                ¦
¦16.10.19¦1 ¦  000193¦047102803¦                    ¦40702810804020001343¦      3569781.52¦                ¦
¦17.10.19¦17¦   57696¦         ¦                    ¦40817810430020000001¦                ¦         4000.00¦
¦17.10.19¦17¦   57399¦         ¦                    ¦40817810100020000001¦                ¦        19646.67¦
¦17.10.19¦17¦   57616¦         ¦                    ¦40817810100020000001¦                ¦        26012.36¦
¦17.10.19¦1 ¦   57407¦         ¦                    ¦30302810100020000005¦                ¦       176750.23¦
¦17.10.19¦1 ¦   57411¦         ¦                    ¦30302810100020000005¦                ¦       757137.83¦
¦17.10.19¦1 ¦   57390¦         ¦                    ¦30302810100020000005¦                ¦      1075776.52¦
¦17.10.19¦1 ¦   57389¦         ¦                    ¦30302810100020000005¦                ¦      1229902.31¦
¦17.10.19¦1 ¦  000191¦047102803¦                    ¦40702810304020001335¦          377.41¦                ¦
¦17.10.19¦1 ¦  000042¦047102803¦                    ¦40702810900020001661¦          599.24¦                ¦
¦17.10.19¦1 ¦  000194¦047102803¦                    ¦40702810304020001335¦          875.00¦                ¦
¦17.10.19¦1 ¦   58264¦         ¦                    ¦30301810800020000005¦         3111.78¦                ¦
¦17.10.19¦1 ¦  000223¦047102803¦                    ¦40702810804020001343¦         3616.83¦                ¦
¦17.10.19¦1 ¦   58259¦         ¦                    ¦30301810800020000005¦         5601.57¦                ¦
¦17.10.19¦1 ¦  000026¦047102803¦                    ¦40702810500020001469¦         9500.00¦                ¦
¦17.10.19¦1 ¦  000026¦046577964¦40702810938320001502¦30102810900020000803¦        18706.36¦                ¦
¦17.10.19¦1 ¦  000223¦047102803¦                    ¦40702810304020001335¦        26100.00¦                ¦
¦17.10.19¦17¦     099¦         ¦                    ¦40702810530020000663¦        37612.64¦                ¦
¦17.10.19¦1 ¦  000182¦047102803¦                    ¦40702810104020001629¦        39141.00¦                ¦
¦17.10.19¦1 ¦  000036¦047102803¦                    ¦40702810600020001440¦        71504.82¦                ¦
¦17.10.19¦17¦   44190¦         ¦                    ¦40702810530020000689¦        95892.33¦                ¦
¦17.10.19¦1 ¦  000224¦047102803¦                    ¦40702810504020001630¦        98283.00¦                ¦
¦17.10.19¦1 ¦  000035¦046577964¦40702810938320001502¦30102810900020000803¦       130002.22¦                ¦
¦17.10.19¦1 ¦  000035¦047102803¦                    ¦40702810200020001442¦       150309.95¦                ¦
¦17.10.19¦1 ¦  000092¦047102803¦                    ¦40702810804020001343¦      2645922.39¦                ¦
¦18.10.19¦9 ¦   59532¦         ¦                    ¦40817810100020000001¦                ¦        28273.39¦
¦18.10.19¦9 ¦   59475¦         ¦                    ¦40817810100020000001¦                ¦        34640.99¦
¦18.10.19¦1 ¦   59395¦         ¦                    ¦30302810100020000005¦                ¦       239140.80¦
¦18.10.19¦1 ¦   59272¦         ¦                    ¦30302810100020000005¦                ¦       759254.36¦
¦18.10.19¦1 ¦   59265¦         ¦                    ¦30302810100020000005¦                ¦      1007493.33¦
¦18.10.19¦1 ¦   59245¦         ¦                    ¦30302810100020000005¦                ¦      1153861.52¦
¦18.10.19¦1 ¦  000225¦047102803¦                    ¦40702810304020001335¦         1509.64¦                ¦
¦18.10.19¦1 ¦   60151¦         ¦                    ¦30301810800020000005¦         4603.38¦                ¦
¦18.10.19¦1 ¦  000037¦047102803¦                    ¦40702810900020001661¦         6534.87¦                ¦
¦18.10.19¦1 ¦  000037¦047102803¦                    ¦40702810500020001469¦         7400.00¦                ¦
¦18.10.19¦1 ¦   60573¦         ¦                    ¦30301810800020000005¦         9239.70¦                ¦
¦18.10.19¦1 ¦  000087¦047102803¦                    ¦40702810804020001343¦         9290.24¦                ¦
¦18.10.19¦1 ¦  000039¦047102803¦                    ¦40702810600020001440¦        21652.01¦                ¦
¦18.10.19¦1 ¦  000087¦047102803¦                    ¦40702810304020001335¦        28400.00¦                ¦
¦18.10.19¦17¦     021¦         ¦                    ¦40702810530020000663¦        51368.70¦                ¦
¦18.10.19¦17¦   83030¦         ¦                    ¦40702810530020000689¦        71118.68¦                ¦
¦18.10.19¦1 ¦  000037¦046577964¦40702810938320001502¦30102810900020000803¦       126095.41¦                ¦
¦18.10.19¦1 ¦  000037¦047102803¦                    ¦40702810200020001442¦       157253.62¦                ¦
¦18.10.19¦1 ¦  000093¦047102803¦                    ¦40702810804020001343¦      2726216.02¦                ¦
¦19.10.19¦9 ¦   61619¦         ¦                    ¦40817810100020000001¦                ¦         8427.41¦
¦19.10.19¦1 ¦   61584¦         ¦                    ¦30302810100020000005¦                ¦       164231.19¦
¦19.10.19¦1 ¦   61607¦         ¦                    ¦30302810100020000005¦                ¦       533301.31¦
¦19.10.19¦1 ¦   61581¦         ¦                    ¦30302810100020000005¦                ¦       598667.50¦
¦19.10.19¦1 ¦   61583¦         ¦                    ¦30302810100020000005¦                ¦       944635.22¦
¦19.10.19¦1 ¦  000226¦047102803¦                    ¦40702810804020001343¦        11530.52¦                ¦
¦19.10.19¦1 ¦  000226¦047102803¦                    ¦40702810304020001335¦        13900.00¦                ¦
¦19.10.19¦1 ¦  000196¦047102803¦                    ¦40702810804020001343¦      1946441.42¦                ¦
¦21.10.19¦9 ¦   63077¦         ¦                    ¦40817810430020000001¦                ¦          331.32¦
¦21.10.19¦9 ¦   63008¦         ¦                    ¦40817810100020000001¦                ¦         7020.16¦
¦21.10.19¦9 ¦   63947¦         ¦                    ¦40817810100020000001¦                ¦        26638.25¦
¦21.10.19¦1 ¦   62554¦         ¦                    ¦30302810100020000005¦                ¦       208521.01¦
¦21.10.19¦1 ¦   62561¦         ¦                    ¦30302810100020000005¦                ¦       983557.48¦
¦21.10.19¦1 ¦   62537¦         ¦                    ¦30302810100020000005¦                ¦      1503206.60¦
¦21.10.19¦1 ¦   62538¦         ¦                    ¦30302810100020000005¦                ¦      1544432.63¦
¦21.10.19¦1 ¦  000004¦046577964¦40702810938320001502¦30102810900020000803¦           10.00¦                ¦
¦21.10.19¦1 ¦  000197¦047102803¦                    ¦40702810304020001335¦           70.00¦                ¦
¦21.10.19¦1 ¦   63736¦         ¦                    ¦30301810800020000005¦          414.91¦                ¦
¦21.10.19¦1 ¦  000197¦047102803¦                    ¦40702810304020001335¦          414.96¦                ¦
¦21.10.19¦1 ¦  000194¦047102803¦                    ¦40702810804020001343¦          690.54¦                ¦
¦21.10.19¦1 ¦   64038¦         ¦                    ¦30301810800020000005¦         5675.25¦                ¦
¦21.10.19¦1 ¦  000028¦047102803¦                    ¦40702810600020001440¦         6097.44¦                ¦
¦21.10.19¦1 ¦  000038¦047102803¦                    ¦40702810500020001469¦         6300.00¦                ¦
¦21.10.19¦1 ¦  000029¦047102803¦                    ¦40702810900020001661¦         9085.48¦                ¦
¦21.10.19¦1 ¦  000038¦046577964¦40702810938320001502¦30102810900020000803¦         9099.87¦                ¦
¦21.10.19¦1 ¦  000038¦047102803¦                    ¦40702810900020001661¦        16214.75¦                ¦
¦21.10.19¦1 ¦  000018¦046577964¦40702810938320001502¦30102810900020000803¦        16569.17¦                ¦
¦21.10.19¦1 ¦  000029¦047102803¦                    ¦40702810500020001469¦        16900.00¦                ¦
¦21.10.19¦1 ¦  000185¦047102803¦                    ¦40702810304020001335¦        22000.00¦                ¦
¦21.10.19¦1 ¦  000038¦046577964¦40702810938320001502¦30102810900020000803¦        63457.50¦                ¦
¦21.10.19¦1 ¦  000029¦047102803¦                    ¦40702810200020001442¦       113037.98¦                ¦
¦21.10.19¦17¦     149¦         ¦                    ¦40702810530020000663¦       115734.90¦                ¦
¦21.10.19¦1 ¦  000029¦046577964¦40702810938320001502¦30102810900020000803¦       121798.06¦                ¦
¦21.10.19¦17¦   63478¦         ¦                    ¦40702810530020000689¦       141522.38¦                ¦
¦21.10.19¦1 ¦  000038¦047102803¦                    ¦40702810200020001442¦       155372.27¦                ¦
¦21.10.19¦1 ¦  000094¦047102803¦                    ¦40702810804020001343¦      3436402.52¦                ¦
¦22.10.19¦9 ¦   66160¦         ¦                    ¦40817810100020000001¦                ¦         9963.47¦
¦22.10.19¦9 ¦   66108¦         ¦                    ¦40817810100020000001¦                ¦        13135.28¦
¦22.10.19¦1 ¦   66064¦         ¦                    ¦30302810100020000005¦                ¦       156058.87¦
¦22.10.19¦1 ¦   66027¦         ¦                    ¦30302810100020000005¦                ¦       824996.20¦
¦22.10.19¦1 ¦   66012¦         ¦                    ¦30302810100020000005¦                ¦      1359945.10¦
¦22.10.19¦1 ¦   66014¦         ¦                    ¦30302810100020000005¦                ¦      1638184.67¦
¦22.10.19¦1 ¦  000186¦047102803¦                    ¦40702810304020001335¦           35.00¦                ¦
¦22.10.19¦1 ¦  000195¦047102803¦                    ¦40702810304020001335¦          792.37¦                ¦
¦22.10.19¦1 ¦  000030¦047102803¦                    ¦40702810900020001661¦         5019.60¦                ¦
¦22.10.19¦1 ¦  000030¦047102803¦                    ¦40702810500020001469¦        13200.00¦                ¦
¦22.10.19¦1 ¦  000195¦047102803¦                    ¦40702810304020001335¦        20900.00¦                ¦
¦22.10.19¦1 ¦  000195¦047102803¦                    ¦40702810804020001343¦        25924.79¦                ¦
¦22.10.19¦1 ¦  000199¦047102803¦                    ¦40702810104020001629¦        58603.18¦                ¦
¦22.10.19¦1 ¦  000168¦047102803¦                    ¦40702810530020000689¦        59191.11¦                ¦
¦22.10.19¦1 ¦  000199¦047102803¦                    ¦40702810504020001630¦        71319.82¦                ¦
¦22.10.19¦1 ¦  000187¦047102803¦                    ¦40702810530020000689¦        76191.83¦                ¦
¦22.10.19¦1 ¦  000030¦047102803¦                    ¦40702810200020001442¦       108147.98¦                ¦
¦22.10.19¦1 ¦  000030¦046577964¦40702810938320001502¦30102810900020000803¦       109589.12¦                ¦
¦22.10.19¦17¦     007¦         ¦                    ¦40702810530020000663¦       208306.96¦                ¦
¦22.10.19¦1 ¦  000042¦047102803¦                    ¦40702810600020001440¦       222253.23¦                ¦
¦22.10.19¦1 ¦  000198¦047102803¦                    ¦40702810804020001343¦      3136369.21¦                ¦
¦23.10.19¦17¦   68737¦         ¦                    ¦40817810304020000111¦                ¦         4546.95¦
¦23.10.19¦17¦   68192¦         ¦                    ¦40817810100020000001¦                ¦         7461.40¦
¦23.10.19¦17¦   67824¦         ¦                    ¦40817810100020000001¦                ¦         9131.34¦
¦23.10.19¦1 ¦   67864¦         ¦                    ¦30302810100020000005¦                ¦       140195.52¦
¦23.10.19¦1 ¦   67838¦         ¦                    ¦30302810100020000005¦                ¦       690510.03¦
¦23.10.19¦1 ¦   67823¦         ¦                    ¦30302810100020000005¦                ¦      1062120.07¦
¦23.10.19¦1 ¦   67832¦         ¦                    ¦30302810100020000005¦                ¦      1415476.09¦
¦23.10.19¦1 ¦  000187¦047102803¦                    ¦40702810304020001335¦           35.00¦                ¦
¦23.10.19¦1 ¦  000200¦047102803¦                    ¦40702810304020001335¦          414.96¦                ¦
¦23.10.19¦1 ¦  000039¦046577964¦40702810938320001502¦30102810900020000803¦         1539.14¦                ¦
¦23.10.19¦1 ¦  000092¦047102803¦                    ¦40702810104020001629¦         5800.00¦                ¦
¦23.10.19¦1 ¦  000092¦047102803¦                    ¦40702810504020001630¦         9300.00¦                ¦
¦23.10.19¦1 ¦  000039¦047102803¦                    ¦40702810500020001469¦        15500.00¦                ¦
¦23.10.19¦1 ¦  000039¦047102803¦                    ¦40702810900020001661¦        20020.81¦                ¦
¦23.10.19¦1 ¦  000229¦047102803¦                    ¦40702810304020001335¦        34000.00¦                ¦
¦23.10.19¦1 ¦  000040¦047102803¦                    ¦40702810600020001440¦        36676.08¦                ¦
¦23.10.19¦1 ¦  000170¦047102803¦                    ¦40702810530020000689¦        39591.68¦                ¦
¦23.10.19¦1 ¦  000189¦047102803¦                    ¦40702810530020000689¦        53468.38¦                ¦
¦23.10.19¦1 ¦  000169¦047102803¦                    ¦40702810530020000663¦        61879.78¦                ¦
¦23.10.19¦1 ¦  000188¦047102803¦                    ¦40702810530020000663¦       120272.76¦                ¦
¦23.10.19¦1 ¦  000039¦047102803¦                    ¦40702810200020001442¦       139340.26¦                ¦
¦23.10.19¦1 ¦  000039¦046577964¦40702810938320001502¦30102810900020000803¦       157727.45¦                ¦
¦23.10.19¦1 ¦  000229¦047102803¦                    ¦40702810804020001343¦      2786023.20¦                ¦
¦24.10.19¦17¦   70259¦         ¦                    ¦40817810100020000001¦                ¦         9773.34¦
¦24.10.19¦1 ¦   70061¦         ¦                    ¦30302810100020000005¦                ¦       207584.93¦
¦24.10.19¦1 ¦   70035¦         ¦                    ¦30302810100020000005¦                ¦       875566.09¦
¦24.10.19¦1 ¦   70031¦         ¦                    ¦30302810100020000005¦                ¦       894094.52¦
¦24.10.19¦1 ¦   70034¦         ¦                    ¦30302810100020000005¦                ¦      1108012.95¦
¦24.10.19¦1 ¦  000093¦047102803¦                    ¦40702810304020001335¦           35.00¦                ¦
¦24.10.19¦1 ¦  000041¦046577964¦40702810938320001502¦30102810900020000803¦          596.20¦                ¦
¦24.10.19¦1 ¦  000171¦047102803¦                    ¦40702810530020000663¦          700.00¦                ¦
¦24.10.19¦1 ¦  000041¦047102803¦                    ¦40702810900020001661¦        15690.80¦                ¦
¦24.10.19¦1 ¦  000197¦047102803¦                    ¦40702810304020001335¦        17300.00¦                ¦
¦24.10.19¦1 ¦  000041¦047102803¦                    ¦40702810500020001469¦        28100.00¦                ¦
¦24.10.19¦1 ¦  000042¦047102803¦                    ¦40702810600020001440¦        28315.03¦                ¦
¦24.10.19¦1 ¦  000201¦047102803¦                    ¦40702810804020001343¦        38130.09¦                ¦
¦24.10.19¦1 ¦  000191¦047102803¦                    ¦40702810530020000689¦        40344.13¦                ¦
¦24.10.19¦1 ¦  000172¦047102803¦                    ¦40702810530020000689¦        49321.59¦                ¦
¦24.10.19¦1 ¦  000041¦046577964¦40702810938320001502¦30102810900020000803¦        70995.68¦                ¦
¦24.10.19¦1 ¦  000041¦047102803¦                    ¦40702810200020001442¦       117188.18¦                ¦
¦24.10.19¦1 ¦  000190¦047102803¦                    ¦40702810530020000663¦       139222.29¦                ¦
¦24.10.19¦1 ¦  000197¦047102803¦                    ¦40702810804020001343¦      2605892.26¦                ¦
¦25.10.19¦17¦   72394¦         ¦                    ¦40817810100020000001¦                ¦         4953.54¦
¦25.10.19¦17¦   72173¦         ¦                    ¦40817810100020000001¦                ¦         6408.15¦
¦25.10.19¦1 ¦   72044¦         ¦                    ¦30302810100020000005¦                ¦        90903.78¦
¦25.10.19¦1 ¦   72012¦         ¦                    ¦30302810100020000005¦                ¦       672492.85¦
¦25.10.19¦1 ¦   72014¦         ¦                    ¦30302810100020000005¦                ¦       692322.93¦
¦25.10.19¦1 ¦   72013¦         ¦                    ¦30302810100020000005¦                ¦      1048041.80¦
¦25.10.19¦1 ¦  000202¦047102803¦                    ¦40702810304020001335¦          140.00¦                ¦
¦25.10.19¦1 ¦  000198¦047102803¦                    ¦40702810304020001335¦          792.37¦                ¦
¦25.10.19¦1 ¦  000087¦047102803¦                    ¦40702810530020000689¦         1431.32¦                ¦
¦25.10.19¦1 ¦  000092¦047102803¦                    ¦40702810530020000689¦         2871.00¦                ¦
¦25.10.19¦1 ¦  000045¦047102803¦                    ¦40702810600020001440¦         7895.86¦                ¦
¦25.10.19¦1 ¦  000189¦047102803¦                    ¦40702810804020001343¦         8726.88¦                ¦
¦25.10.19¦1 ¦   73417¦         ¦                    ¦30301810800020000005¦        11437.88¦                ¦
¦25.10.19¦1 ¦  000034¦047102803¦                    ¦40702810500020001469¦        12200.00¦                ¦
¦25.10.19¦1 ¦  000044¦046577964¦40702810938320001502¦30102810900020000803¦        21136.97¦                ¦
¦25.10.19¦1 ¦  000094¦047102803¦                    ¦40702810304020001335¦        32700.00¦                ¦
¦25.10.19¦1 ¦  000193¦047102803¦                    ¦40702810530020000689¦        34756.36¦                ¦
¦25.10.19¦1 ¦  000034¦047102803¦                    ¦40702810900020001661¦        42511.60¦                ¦
¦25.10.19¦1 ¦  000174¦047102803¦                    ¦40702810530020000689¦        45426.88¦                ¦
¦25.10.19¦1 ¦  000192¦047102803¦                    ¦40702810530020000663¦        45655.32¦                ¦
¦25.10.19¦1 ¦  000173¦047102803¦                    ¦40702810530020000663¦        52250.00¦                ¦
¦25.10.19¦1 ¦  000044¦046577964¦40702810938320001502¦30102810900020000803¦        64331.74¦                ¦
¦25.10.19¦1 ¦  000034¦047102803¦                    ¦40702810200020001442¦        98027.27¦                ¦
¦25.10.19¦1 ¦  000189¦047102803¦                    ¦40702810804020001343¦      2077557.88¦                ¦
¦26.10.19¦17¦   74534¦         ¦                    ¦40817810100020000001¦                ¦         2110.00¦
¦26.10.19¦1 ¦   74362¦         ¦                    ¦30302810100020000005¦                ¦        29209.76¦
¦26.10.19¦1 ¦   74314¦         ¦                    ¦30302810100020000005¦                ¦       214507.06¦
¦26.10.19¦1 ¦   74316¦         ¦                    ¦30302810100020000005¦                ¦       285038.72¦
¦26.10.19¦1 ¦   74307¦         ¦                    ¦30302810100020000005¦                ¦       413678.01¦
¦26.10.19¦1 ¦  000203¦047102803¦                    ¦40702810304020001335¦          385.00¦                ¦
¦26.10.19¦1 ¦  000175¦047102803¦                    ¦40702810530020000663¦         3300.00¦                ¦
¦26.10.19¦1 ¦  000204¦047102803¦                    ¦40702810104020001629¦         5650.00¦                ¦
¦26.10.19¦1 ¦  000095¦047102803¦                    ¦40702810304020001335¦         6200.00¦                ¦
¦26.10.19¦1 ¦  000194¦047102803¦                    ¦40702810530020000663¦        60771.00¦                ¦
¦26.10.19¦1 ¦  000203¦047102803¦                    ¦40702810804020001343¦       825639.95¦                ¦
¦28.10.19¦17¦   76280¦         ¦                    ¦40817810100020000001¦                ¦         1378.40¦
¦28.10.19¦17¦   75202¦         ¦                    ¦40817810100020000001¦                ¦        10319.68¦
¦28.10.19¦1 ¦   75875¦         ¦                    ¦30302810100020000005¦                ¦        47547.49¦
¦28.10.19¦1 ¦   75199¦         ¦                    ¦30302810100020000005¦                ¦       203166.76¦
¦28.10.19¦1 ¦   75210¦         ¦                    ¦30302810100020000005¦                ¦       272932.86¦
¦28.10.19¦1 ¦   75197¦         ¦                    ¦30302810100020000005¦                ¦       504123.79¦
¦28.10.19¦1 ¦  000233¦047102803¦                    ¦40702810304020001335¦           70.00¦                ¦
¦28.10.19¦1 ¦  000191¦047102803¦                    ¦40702810304020001335¦         1812.84¦                ¦
¦28.10.19¦1 ¦  000233¦047102803¦                    ¦40702810304020001335¦         3000.00¦                ¦
¦28.10.19¦1 ¦  000088¦047102803¦                    ¦40702810530020000689¦         3460.00¦                ¦
¦28.10.19¦1 ¦  000046¦047102803¦                    ¦40702810900020001661¦         4213.39¦                ¦
¦28.10.19¦1 ¦  000053¦047102803¦                    ¦40702810600020001440¦         5000.00¦                ¦
¦28.10.19¦1 ¦  000046¦046577964¦40702810938320001502¦30102810900020000803¦         9144.99¦                ¦
¦28.10.19¦1 ¦  000046¦047102803¦                    ¦40702810500020001469¦        19000.00¦                ¦
¦28.10.19¦1 ¦  000233¦047102803¦                    ¦40702810804020001343¦        21418.57¦                ¦
¦28.10.19¦1 ¦  000043¦047102803¦                    ¦40702810500020001469¦        24200.00¦                ¦
¦28.10.19¦1 ¦  000043¦046577964¦40702810938320001502¦30102810900020000803¦        26468.80¦                ¦
¦28.10.19¦1 ¦  000035¦047102803¦                    ¦40702810900020001661¦        26480.31¦                ¦
¦28.10.19¦1 ¦  000176¦047102803¦                    ¦40702810530020000689¦        52120.39¦                ¦
¦28.10.19¦1 ¦  000195¦047102803¦                    ¦40702810530020000689¦        56449.51¦                ¦
¦28.10.19¦1 ¦  000046¦047102803¦                    ¦40702810200020001442¦        74310.22¦                ¦
¦28.10.19¦1 ¦  000043¦047102803¦                    ¦40702810200020001442¦       153062.37¦                ¦
¦28.10.19¦1 ¦  000191¦047102803¦                    ¦40702810804020001343¦       504429.90¦                ¦
¦29.10.19¦1 ¦   77625¦         ¦                    ¦30302810100020000005¦                ¦         8125.41¦
¦29.10.19¦1 ¦   77498¦         ¦                    ¦30302810100020000005¦                ¦       130726.70¦
¦29.10.19¦1 ¦   77521¦         ¦                    ¦30302810100020000005¦                ¦       214363.89¦
¦29.10.19¦1 ¦   77481¦         ¦                    ¦30302810100020000005¦                ¦       341455.50¦
¦29.10.19¦1 ¦  000234¦047102803¦                    ¦40702810304020001335¦          105.00¦                ¦
¦29.10.19¦1 ¦  000205¦047102803¦                    ¦40702810304020001335¦          754.82¦                ¦
¦29.10.19¦1 ¦  000044¦047102803¦                    ¦40702810900020001661¦         1209.98¦                ¦
¦29.10.19¦1 ¦  000205¦047102803¦                    ¦40702810804020001343¦         2689.96¦                ¦
¦29.10.19¦1 ¦  000205¦047102803¦                    ¦40702810304020001335¦         6000.00¦                ¦
¦29.10.19¦1 ¦  000036¦046577964¦40702810938320001502¦30102810900020000803¦         8282.62¦                ¦
¦29.10.19¦1 ¦  000044¦047102803¦                    ¦40702810500020001469¦        11100.00¦                ¦
¦29.10.19¦1 ¦  000177¦047102803¦                    ¦40702810530020000663¦        19274.27¦                ¦
¦29.10.19¦1 ¦  000055¦047102803¦                    ¦40702810600020001440¦        20562.19¦                ¦
¦29.10.19¦1 ¦  000054¦046577964¦40702810938320001502¦30102810900020000803¦        31505.97¦                ¦
¦29.10.19¦1 ¦  000197¦047102803¦                    ¦40702810530020000689¦        35861.18¦                ¦
¦29.10.19¦1 ¦  000196¦047102803¦                    ¦40702810530020000663¦        39235.80¦                ¦
¦29.10.19¦1 ¦  000178¦047102803¦                    ¦40702810530020000689¦        54028.36¦                ¦
¦29.10.19¦1 ¦  000089¦047102803¦                    ¦40702810530020000663¦       128330.00¦                ¦
¦29.10.19¦1 ¦  000044¦047102803¦                    ¦40702810200020001442¦       137206.94¦                ¦
¦29.10.19¦1 ¦  000205¦047102803¦                    ¦40702810804020001343¦       398574.39¦                ¦
¦30.10.19¦17¦   79739¦         ¦                    ¦40817810430020000001¦                ¦          762.00¦
¦30.10.19¦1 ¦   79669¦         ¦                    ¦30302810100020000005¦                ¦        26970.93¦
¦30.10.19¦1 ¦   79591¦         ¦                    ¦30302810100020000005¦                ¦       127550.88¦
¦30.10.19¦1 ¦   79594¦         ¦                    ¦30302810100020000005¦                ¦       290583.09¦
¦30.10.19¦1 ¦   79680¦         ¦                    ¦30302810100020000005¦                ¦       472166.21¦
¦30.10.19¦1 ¦  000045¦047102803¦                    ¦40702810900020001661¦          441.60¦                ¦
¦30.10.19¦1 ¦  000093¦047102803¦                    ¦40702810530020000689¦         2574.08¦                ¦
¦30.10.19¦1 ¦  000026¦046577964¦40702810938320001502¦30102810900020000803¦         3000.00¦                ¦
¦30.10.19¦1 ¦  000046¦047102803¦                    ¦40702810600020001440¦         6533.87¦                ¦
¦30.10.19¦1 ¦  000045¦046577964¦40702810938320001502¦30102810900020000803¦         9623.93¦                ¦
¦30.10.19¦1 ¦   80910¦         ¦                    ¦30301810800020000005¦        10000.00¦                ¦
¦30.10.19¦1 ¦  000090¦047102803¦                    ¦40702810530020000663¦        12036.14¦                ¦
¦30.10.19¦1 ¦  000192¦047102803¦                    ¦40702810304020001335¦        12400.00¦                ¦
¦30.10.19¦1 ¦  000045¦047102803¦                    ¦40702810500020001469¦        15100.00¦                ¦
¦30.10.19¦1 ¦  000198¦047102803¦                    ¦40702810530020000663¦        25000.00¦                ¦
¦30.10.19¦1 ¦  000236¦047102803¦                    ¦40702810504020001630¦        28187.00¦                ¦
¦30.10.19¦1 ¦  000180¦047102803¦                    ¦40702810530020000689¦        42370.76¦                ¦
¦30.10.19¦1 ¦  000179¦047102803¦                    ¦40702810530020000663¦        46800.64¦                ¦
¦30.10.19¦1 ¦  000199¦047102803¦                    ¦40702810530020000689¦        52331.25¦                ¦
¦30.10.19¦1 ¦  000045¦047102803¦                    ¦40702810200020001442¦        78121.61¦                ¦
¦30.10.19¦1 ¦  000192¦047102803¦                    ¦40702810804020001343¦       302631.64¦                ¦
¦31.10.19¦1 ¦   82031¦         ¦                    ¦30302810100020000005¦                ¦        47787.19¦
¦31.10.19¦1 ¦   81913¦         ¦                    ¦30302810100020000005¦                ¦        60281.74¦
¦31.10.19¦1 ¦   82029¦         ¦                    ¦30302810100020000005¦                ¦       187632.36¦
¦31.10.19¦1 ¦   82056¦         ¦                    ¦30302810100020000005¦                ¦       314074.01¦
¦31.10.19¦1 ¦  000206¦047102803¦                    ¦40702810304020001335¦          105.00¦                ¦
¦31.10.19¦1 ¦  000092¦047102803¦                    ¦40702810530020000689¦          773.07¦                ¦
¦31.10.19¦1 ¦  000206¦047102803¦                    ¦40702810804020001343¦          774.91¦                ¦
¦31.10.19¦1 ¦  000048¦047102803¦                    ¦40702810900020001661¦         2121.08¦                ¦
¦31.10.19¦1 ¦  000091¦047102803¦                    ¦40702810530020000663¦         2611.52¦                ¦
¦31.10.19¦1 ¦  000237¦047102803¦                    ¦40702810304020001335¦         4700.00¦                ¦
¦31.10.19¦1 ¦  000039¦047102803¦                    ¦40702810600020001440¦        14027.44¦                ¦
¦31.10.19¦1 ¦  000038¦047102803¦                    ¦40702810500020001469¦        19000.00¦                ¦
¦31.10.19¦1 ¦  000201¦047102803¦                    ¦40702810530020000689¦        22630.33¦                ¦
¦31.10.19¦1 ¦  000182¦047102803¦                    ¦40702810530020000689¦        31355.74¦                ¦
¦31.10.19¦1 ¦  000048¦046577964¦40702810938320001502¦30102810900020000803¦        33190.51¦                ¦
¦31.10.19¦1 ¦  000181¦047102803¦                    ¦40702810530020000663¦        76800.00¦                ¦
¦31.10.19¦1 ¦  000200¦047102803¦                    ¦40702810530020000663¦       116445.65¦                ¦
¦31.10.19¦1 ¦  000038¦047102803¦                    ¦40702810200020001442¦       203342.18¦                ¦
¦31.10.19¦1 ¦  000206¦047102803¦                    ¦40702810804020001343¦       261483.21¦                ¦
¦========¦==¦========¦=========¦====================¦====================+================+================¦
¦            Èòîã îáîðîòîâ                                               ¦     48799373.57¦     48796843.17¦
+------------------------------------------------------------------------+----------------+----------------+
¦            Îñòàòîê íà êîíåö ïåðèîäà                                    ¦                ¦       287953.04¦
L------------------------------------------------------------------------+----------------+-----------------
=======================================================================================
