 
ਮ   01.12.2016  30.12.2016
⥫   .訬                         
                    
Ŀ
/     N 楢                                           ।       ᨬ   ,   ।,
                                                                            ⮪,   ⮪,     ⮪,                          
Ĵ
  140702810205020001159 "-"                                             48632.92       30870.59       51365.59       20495.00           0.00
  240702810405020000329 ""                                                    1493.24          67.04       11597.37       32219.46       35854.39
  340702810405020000413 "-"                                                    21.46          21.09          21.53           0.44           0.00
  440702810505020001383 ""                                                     723.33         100.00         950.00         200.00        1050.00
  540703810305020000033 ""                                                 16606.32         953.76       39464.71       38510.95        5517.02
  640802810005020000166                                      20901.98           7.02       80956.22      188735.12      173771.00
  740802810005020000768                                       403.33           0.00         550.00       94461.00       95011.00
  840802810105020000875   ()                                  3749.01         224.47       29430.01       92977.00       93727.54
  940802810200020000013                                  6104.34        5942.07        6153.73       34788.34       35000.00
 1040802810205020000241                                 1183.66         370.99        8910.99       56960.00       58000.00
 1140802810205020000869   ()                             443.33           0.00         650.00       89525.00       90175.00
 1240802810300020000793                                    1968.53           0.00       48256.00       47656.00       48256.00
 1340802810305020000044                                      559.43         148.23         919.23        6729.00        7500.00
 1440802810305020000769                                       1507.50           0.00       40425.00       39825.00       40425.00
 1540802810405020000180                                  25057.58         607.14       42985.14       42378.00       42005.10
 1640802810405020000850                                    4413.66          11.72        7011.72        5788.34        7000.00
 1740802810505020000051                              2414.80         193.80       12063.80       18560.00       20000.00
 1840802810505020000637                                   39537.16        2060.76       92791.09      637680.90      609270.64
 1940802810505020000776                                     403.33           0.00         550.00       84857.00       85407.00
 2040802810605020000786                                     1942.20           0.00       45616.00       88333.00       88983.00
 2140802810705020000165                                      15877.03          18.84       58978.67      440376.35      449364.64
 2240802810705020000275                                         116.90          36.42         657.83       18399.74       18950.00
 2340802810905020000554                                   1655.27           5.45       36709.06       36122.20       36703.61
 2440802810905020000787                                      9173.75         550.00       54984.20       84756.00       75051.80
                                                                                                                                                          
                        :                                                                                                                            
                                                                                     204890.08       42189.39      671997.89     2200333.84     2117022.74

࠭祭
 O                       c 0.01     999999999.00
 O ।                     c 0.01     999999999.00
