 
Период расчета с 01.12.2016 по 30.12.2016
Дополнительный офис в п.Излучинск                    
                    
┌───┬────────────────────┬────────────────────────────────────────────────────────┬───────────────┬───────────────┬───────────────┬───────────────┬───────────────┐
│п/п│     N лицевого     │ Наименование клиента                                   │ Среднедневной │ Минимальный   │  Максимальный │ Оборот дебет, │ Оборот кредит,│
│   │       счета        │                                                        │  остаток, руб │ остаток, руб  │  остаток, руб │      руб      │       руб     │
├───┼────────────────────┼────────────────────────────────────────────────────────┼───────────────┼───────────────┼───────────────┼───────────────┼───────────────┤
│  1│40702810103020001468│ООО "Глобал Сервис"                                     │      515793.23│           0.00│     1112795.80│     2330415.30│     2647732.10│
│  2│40702810303020009053│ООО "Глобал Сервис"                                     │       44803.23│           0.00│      176091.37│      417047.13│      445000.00│
│  3│40702810503020001453│ООО "Торговя Компания "Верона"                          │       15925.04│        1013.48│       34033.51│      131294.56│      124563.61│
│  4│40802810103020000453│ИП БАХАРЬ ПЕТР АЛЕКСЕЕВИЧ                               │       26224.15│         688.68│      409888.68│      765736.00│      409200.00│
│  5│40802810203020000379│ИП ЛАВРЕНОВ ВЯЧЕСЛАВ ОЛЕГОВИЧ                           │        2438.50│          25.10│       66025.10│       65418.00│       66000.00│
│  6│40802810403020000548│ИП ЛОСКУТОВА ИРИНА ВЛАДИМИРОВНА                         │        4691.15│         243.22│       29634.22│       29296.00│       41480.00│
│  7│40802810403020000755│ИП МЫРЗА ВЕРОНИКА ВЛАДИМИРОВНА                          │      621154.75│      373925.80│     1043618.58│     1434245.77│     1184547.80│
│  8│40802810503020000707│ИП ПИНЧУКОВ НИКОЛАЙ БОРИСОВИЧ                           │        7570.05│         170.05│       71170.05│       86500.00│       87500.00│
│  9│40802810603020000173│ИП АНДРЕЕВА НАТАЛЬЯ ВАСИЛЬЕВНА                          │       27484.23│       12550.36│       30004.33│       17453.97│        6282.00│
│ 10│40802810603020000238│ИП ПИНЧУКОВ СЕРГЕЙ БОРИСОВИЧ                            │       26716.72│         212.69│      152800.03│      382857.34│      378749.45│
│ 11│40802810603020000568│ИП СОКОЛОВА НАТАЛЬЯ ИВАНОВНА                            │        4303.22│         492.41│       23964.81│       44059.60│       61536.00│
│ 12│40802810703020000293│ИП ДИКОВИНКИН ОЛЕГ ВИКТОРОВИЧ                           │       36275.53│         681.99│      166321.65│      337060.34│      336180.00│
│ 13│40802810903020000569│ИП АВВАКУМОВА ИДА АРТУРОВНА                             │        1599.11│         240.28│        8494.52│       32926.76│       41181.00│
│   │                    │                                                        │               │               │               │               │               │
│   │                    │ ИТОГО:                                                 │               │               │               │               │               │
│   │                    │                                                        │     1334978.91│      390244.06│     3324842.65│     6074310.77│     5829951.96│
└───┴────────────────────┴────────────────────────────────────────────────────────┴───────────────┴───────────────┴───────────────┴───────────────┴───────────────┘
Ограничения
 Oборот дебет                      c 0.01   по  999999999.00
 Oборот кредит                     c 0.01   по  999999999.00
