 
ਮ   01.11.2016  30.11.2016
⥫   .⮢                
                    
Ŀ
/     N 楢                                           ।       ᨬ   ,   ।,
                                                                            ⮪,   ⮪,     ⮪,                          
Ĵ
  140702810108020000765 ""                                390190.08      331692.29      486868.27      201685.39       96683.78
  240702810608020001484  ""                                                 52599.58        4784.89      205437.14      272383.82      275833.33
  340702810708020000644 " "                                                 1462242.68     1054121.32     2845637.55     2329925.58      659155.74
  440702810808020000719 ""                                                      971.48           0.00        1370.20       96110.20       96000.00
  540703810808020000051 " "                                     144454.01      144294.01      144494.01         200.00           0.00
  640802810308020000342                                     1793.17        1513.17        2563.17      108550.00           0.00
  740802810308020000368                                        49162.06        1162.06      161162.06      310000.00      310000.00
  840802810308020000517                          96759.23        1858.15      429767.43      565582.85      106820.00
  940802810408020000310                                248930.66       96128.72      485003.37     1924854.89     2062852.91
 1040802810508020000702                                        775.02           0.00        9908.44        9908.44        9892.41
 1140802810608020000628                                 21297.00       14297.00       49297.00           0.00       35000.00
 1240802810808020000486                                        14142.48        1537.41      241537.41      240000.00      235066.00
 1340802810808020000732                                        17089.86        6456.53      106456.53      100000.00       57500.00
 1440802810908020000263                                     38278.98        6296.31       44106.31      217300.00       37810.00
 1540802810908020000331                                        45717.20        2515.47      307515.47      305000.00      266974.00
                                                                                                                                                          
                        :                                                                                                                            
                                                                                    2584403.49     1666657.33     5521124.36     6681501.17     4249588.17

࠭祭
 O                       c 0.01     999999999.00
 O ।                     c 0.01     999999999.00
