 
ਮ   01.12.2016  30.12.2016
⥫   .                     
                    
Ŀ
/     N 楢                                           ।       ᨬ   ,   ।,
                                                                            ⮪,   ⮪,     ⮪,                          
Ĵ
  140702810002020001459 "-"                                              5951.92        1805.25       10905.25        9100.00        3000.00
  240802810102020000111                                     74187.62       41255.37      146779.59      176565.33      123520.74
  340802810202020000778                                       5219.33           0.00       48710.00       97552.00       98102.00
  440802810302020000157                                     6344.17        5137.55       15137.55       15321.04       20000.00
  540802810302020000746                                         403.33           0.00         550.00       86944.00       87494.00
  640802810502020000708                                     40326.67           0.00      184350.00      444050.00      391350.00
  740802810502020000779                                         443.33           0.00         650.00       83596.00       84246.00
  840802810502020000889                                     22461.50       10332.75       34427.17       36556.00       17960.78
  940802810602020000190                                        31614.50           0.00      664665.00      754252.33      755540.00
 1040802810602020000475                                 35364.10        6932.94       62078.32      125048.20      148067.66
 1140802810602020000527                                   120861.36         603.05      315621.05      474537.01      746875.51
 1240802810602020000828                                  59245.24        4994.98      131306.22      139078.23      142027.22
 1340802810602020000873   ()                                     3898.19         601.54        6556.69       10668.00        7773.75
 1440802810702020000773                                        403.33           0.00         550.00       84836.00       85386.00
 1540802810702020000883                                    3939.00           0.00      107970.00      107370.00      107970.00
 1640802810802020000783                                   7823.67         250.00       43792.00       87582.00       88582.00
 1740802810902020000696                                  21866.64         289.67       94112.15      408894.06      431069.02
 1840802810902020000777                                     4451.93           0.00       40686.00       82628.00       83278.00
 1940802810902020000780                                      2838.33           0.00       24150.00      147596.00      118746.00
                                                                                                                                                          
                        :                                                                                                                            
                                                                                     447644.16       72203.10     1932996.99     3372174.20     3540988.68

࠭祭
 O                       c 0.01     999999999.00
 O ।                     c 0.01     999999999.00
