 
ਮ   01.01.2017  31.01.2017
᪨ 䨫   "M"              
 ( .ᮢ)   
Ŀ
/     N 楢                                           ।       ᨬ   ,   ।,
                                                                            ⮪,   ⮪,     ⮪,                          
Ĵ
  140702810000020001040 ""                                                     98801.99       98763.28       98913.28         150.00           0.00
  240702810100020001050 "ࢨ"                                            13489.29        1578.96      106165.00      106880.05      116401.00
  340702810100020001513 "⫠"                                                   34182.08       10769.04       82378.54       46034.85       83842.82
  440702810200020000731 ""                                               2555.23        1627.75       13627.75        9906.00       12000.00
  540702810200020001170 "-"                                             377.55           0.00         532.00         532.00           0.00
  640702810200020001594 " ""                                              14898.71          60.00      290060.00      895000.00      895000.00
  740702810400020000641 "- ""                                    25963.16        4120.75       56270.75       75561.17      109750.00
  840702810500020001210   ""                                       1563.72          80.49        6580.49        4730.00       11200.00
  940702810600020001204 ""                                      8061.63        1259.47       17821.55       27227.08       10665.00
 1040702810700020000639 " "                                           485444.69      381294.15      607986.24       29207.91      255900.00
 1140702810800020001431 ""                                                   1050.28         531.58        1680.14        5851.44        7000.00
 1240702810900020000769 ""                                                575693.17      329323.49      838487.49      509164.00           0.00
 1340703810100020000115   ""                    1217.32         941.51        1891.51         950.00           0.00
 1440703810400020000116 "᪮"                                             9391.21        6156.26       21329.41       28896.40       30728.05
 1540703810500020000074 ""                                                    4372.45           0.00       76480.59      250042.67      258480.59
 1640703810500020000100 ""                                                   306.43           6.71        1039.09        1867.62        2900.00
 1740703810600020000110 "१"                                                   1178.48         581.00        1463.00      100118.00      101000.00
 1840703810800020000114 "客"                                                   844.83         588.77        1470.77       15118.00       16000.00
 1940802810100020000566                                 70928.85       16103.31      111224.74           0.00       95121.43
 2040802810200020000615                                    113080.03       64382.25      152378.09           0.00       87995.84
 2140802810200020000770                                   2755.63         506.60       10466.60           0.00        9960.00
 2240802810200020000864   ()                               14132.55           0.00       21905.45       45094.55       67000.00
 2340802810200020000893                                   33596.95           0.00      184044.31      316283.11      334326.31
 2440802810300020000502                                13852.04        7819.52       99007.52       86612.00       93000.00
 2540802810300020000612                                        31111.00       27723.90       77723.90      105000.00      105000.00
 2640802810300020000722                                        5907.23         180.93       92777.37       91790.00       92596.44
 2740802810300020000735                                        34279.23         176.00       38176.00       37150.00       38000.00
 2840802810400020000392                                         3655.95        3617.24        3767.24         150.00           0.00
 2940802810400020000509                                        12209.19         596.29       40596.29           0.00       40000.00
 3040802810400020000790                                    33189.47         216.84       68216.84       68000.00       93138.81
 3140802810400020000842                                       19030.03        1299.00      209417.00      208118.00      208550.00
 3240802810500020000399                                     48031.21        1223.55      136538.25      118320.00      253484.70
 3340802810500020000771                                   2110.43         311.20        8279.20           0.00        7968.00
 3440802810500020000852                                    230707.11      211818.72      277648.72       30000.00       65830.00
 3540802810600020000396                                    122519.67       86628.01      148078.01       61306.09       61450.00
 3640802810600020000435                                        23902.18         888.16       61850.58      214542.90      214826.49
 3740802810600020000626                                    101733.77       46301.73      169997.73      129000.00      141852.75
 3840802810600020000639                                          1184.95        1146.24        1296.24         150.00           0.00
 3940802810600020000752                                       1175300.35     1164324.35     1185149.35           0.00       20825.00
 4040802810600020000833                                      91541.68       40792.24      123296.44         150.00       82654.20
 4140802810600020000846                                         423.55         390.42         469.42        3921.00        4000.00
 4240802810600020000888                                    97048.82       37758.77      156462.71       18003.06      136707.00
 4340802810700020000225                                  44195.81        2464.59      169120.59      237128.00      206940.01
 4440802810700020000474                                     4760.85        3693.81        7369.17       11324.64       15000.00
 4540802810700020000500                                     11957.02         268.37      106150.37      145118.00      146000.00
 4640802810700020000775                                         10021.42        1062.71       27062.71       26000.00        9960.00
 4740802810800020000060                                 133963.88        1250.85      181322.85           0.00      180072.00
 4840802810800020000552                                  43689.13       13114.29      107926.29       94812.00           0.00
 4940802810800020000633                                     38766.30       15863.07       75863.07      100000.00       45000.00
 5040802810800020000772                             7726.08        5926.85       13894.85           0.00        7968.00
 5140802810802020000534                               3574.90          54.12       32219.77       31500.00       32165.65
 5240802810900020000407                                     10119.34       10080.63       10230.63         150.00           0.00
 5340802810900020000724                                           1404.06         758.90        1758.90       72000.00       73000.00
 5440802810900020000766                                23353.24        3271.95       53271.95       50000.00       10360.00
 5540802810900020000782                                         10617.44         884.54       29884.54       29000.00        9960.00
                                                                                                                                                          
                        :                                                                                                                            
                                                                                    3905773.54     2610583.16     6419021.29     4437860.54     4901580.09

࠭祭
 O                       c 0.01     999999999.00
 O ।                     c 0.01     999999999.00
