01.04.2016 10:17:19	Copy e:\cli\i0106962.101 --> c:\uarm3\exg\cli
01.04.2016 10:17:19	Copy e:\cli\i0106962.102 --> c:\uarm3\exg\cli
01.04.2016 10:17:19	Copy e:\cli\i0106962.103 --> c:\uarm3\exg\cli
01.04.2016 10:17:19	Скопировано 3 файлов
01.04.2016 10:17:19	Delete e:\cli\i0106962.101
01.04.2016 10:17:19	Delete e:\cli\i0106962.102
01.04.2016 10:17:19	Delete e:\cli\i0106962.103
01.04.2016 10:17:19	Удалено 3 файлов
01.04.2016 10:47:49	Copy e:\cli\i0106962.001 --> c:\uarm3\exg\cli
01.04.2016 10:47:49	Скопировано 1 файлов
01.04.2016 10:47:49	Delete e:\cli\i0106962.001
01.04.2016 10:47:49	Удалено 1 файлов
01.04.2016 11:05:02	Copy e:\cli\p0106962.001 --> c:\uarm3\exg\cli
01.04.2016 11:05:02	Скопировано 1 файлов
01.04.2016 11:05:02	Delete e:\cli\p0106962.001
01.04.2016 11:05:02	Удалено 1 файлов
01.04.2016 11:13:55	Copy e:\cli\i0106962.003 --> c:\uarm3\exg\cli
01.04.2016 11:13:55	Скопировано 1 файлов
01.04.2016 11:13:55	Delete e:\cli\i0106962.003
01.04.2016 11:13:55	Удалено 1 файлов
01.04.2016 11:51:39	Copy e:\cli\i0106962.004 --> c:\uarm3\exg\cli
01.04.2016 11:51:39	Скопировано 1 файлов
01.04.2016 11:51:39	Delete e:\cli\i0106962.004
01.04.2016 11:51:39	Удалено 1 файлов
01.04.2016 12:18:35	Copy e:\cli\i0106962.005 --> c:\uarm3\exg\cli
01.04.2016 12:18:35	Скопировано 1 файлов
01.04.2016 12:18:35	Delete e:\cli\i0106962.005
01.04.2016 12:18:35	Удалено 1 файлов
01.04.2016 12:37:17	Copy e:\cli\i01.104 --> c:\uarm3\exg\cli
01.04.2016 12:37:17	Скопировано 1 файлов
01.04.2016 12:37:17	Delete e:\cli\i01.104
01.04.2016 12:37:17	Удалено 1 файлов
01.04.2016 14:10:23	Copy e:\cli\i0106962.006 --> c:\uarm3\exg\cli
01.04.2016 14:10:23	Скопировано 1 файлов
01.04.2016 14:10:23	Delete e:\cli\i0106962.006
01.04.2016 14:10:23	Удалено 1 файлов
01.04.2016 15:07:05	Copy e:\cli\i0106962.008 --> c:\uarm3\exg\cli
01.04.2016 15:07:05	Скопировано 1 файлов
01.04.2016 15:07:05	Delete e:\cli\i0106962.008
01.04.2016 15:07:05	Удалено 1 файлов
01.04.2016 15:31:30	Copy e:\cli\i0106962.009 --> c:\uarm3\exg\cli
01.04.2016 15:31:30	Скопировано 1 файлов
01.04.2016 15:31:30	Delete e:\cli\i0106962.009
01.04.2016 15:31:30	Удалено 1 файлов
01.04.2016 15:42:35	Copy e:\cli\i0106962.010 --> c:\uarm3\exg\cli
01.04.2016 15:42:35	Скопировано 1 файлов
01.04.2016 15:42:35	Delete e:\cli\i0106962.010
01.04.2016 15:42:35	Удалено 1 файлов
01.04.2016 15:54:50	Copy e:\cli\i01.105 --> c:\uarm3\exg\cli
01.04.2016 15:54:50	Copy e:\cli\i01.106 --> c:\uarm3\exg\cli
01.04.2016 15:54:50	Copy e:\cli\i01.107 --> c:\uarm3\exg\cli
01.04.2016 15:54:50	Copy e:\cli\i01.108 --> c:\uarm3\exg\cli
01.04.2016 15:54:50	Copy e:\cli\i01.109 --> c:\uarm3\exg\cli
01.04.2016 15:54:50	Скопировано 5 файлов
01.04.2016 15:54:50	Delete e:\cli\i01.105
01.04.2016 15:54:50	Delete e:\cli\i01.106
01.04.2016 15:54:50	Delete e:\cli\i01.107
01.04.2016 15:54:50	Delete e:\cli\i01.108
01.04.2016 15:54:50	Delete e:\cli\i01.109
01.04.2016 15:54:50	Удалено 5 файлов
01.04.2016 16:14:42	Copy e:\cli\i0106962.011 --> c:\uarm3\exg\cli
01.04.2016 16:14:42	Скопировано 1 файлов
01.04.2016 16:14:42	Delete e:\cli\i0106962.011
01.04.2016 16:14:42	Удалено 1 файлов
01.04.2016 16:23:42	Copy e:\cli\i0106962.012 --> c:\uarm3\exg\cli
01.04.2016 16:23:42	Скопировано 1 файлов
01.04.2016 16:23:42	Delete e:\cli\i0106962.012
01.04.2016 16:23:42	Удалено 1 файлов
01.04.2016 16:31:52	Copy e:\cli\i0106962.110 --> c:\uarm3\exg\cli
01.04.2016 16:31:52	Скопировано 1 файлов
01.04.2016 16:31:52	Delete e:\cli\i0106962.110
01.04.2016 16:31:52	Удалено 1 файлов
01.04.2016 16:39:13	Copy e:\cli\i0106962.013 --> c:\uarm3\exg\cli
01.04.2016 16:39:13	Скопировано 1 файлов
01.04.2016 16:39:13	Delete e:\cli\i0106962.013
01.04.2016 16:39:13	Удалено 1 файлов
01.04.2016 16:45:51	Copy e:\cli\i0106962.014 --> c:\uarm3\exg\cli
01.04.2016 16:45:51	Скопировано 1 файлов
01.04.2016 16:45:51	Delete e:\cli\i0106962.014
01.04.2016 16:45:51	Удалено 1 файлов
01.04.2016 16:59:26	Copy e:\cli\i0106962.016 --> c:\uarm3\exg\cli
01.04.2016 16:59:26	Скопировано 1 файлов
01.04.2016 16:59:26	Delete e:\cli\i0106962.016
01.04.2016 16:59:26	Удалено 1 файлов
