04.04.2016 11:06:27	Copy e:\cli\i0406962.001 --> c:\uarm3\exg\cli
04.04.2016 11:06:27	Скопировано 1 файлов
04.04.2016 11:06:27	Delete e:\cli\i0406962.001
04.04.2016 11:06:27	Удалено 1 файлов
04.04.2016 11:44:24	Copy e:\cli\i0406962.101 --> c:\uarm3\exg\cli
04.04.2016 11:44:24	Скопировано 1 файлов
04.04.2016 11:44:24	Delete e:\cli\i0406962.101
04.04.2016 11:44:24	Удалено 1 файлов
04.04.2016 11:48:46	Copy e:\cli\p0406962.001 --> c:\uarm3\exg\cli
04.04.2016 11:48:46	Скопировано 1 файлов
04.04.2016 11:48:46	Delete e:\cli\p0406962.001
04.04.2016 11:48:46	Удалено 1 файлов
04.04.2016 11:52:41	Copy e:\cli\i0406962.003 --> c:\uarm3\exg\cli
04.04.2016 11:52:41	Скопировано 1 файлов
04.04.2016 11:52:41	Delete e:\cli\i0406962.003
04.04.2016 11:52:41	Удалено 1 файлов
04.04.2016 12:42:50	Copy e:\cli\i0406962.004 --> c:\uarm3\exg\cli
04.04.2016 12:42:50	Скопировано 1 файлов
04.04.2016 12:42:50	Delete e:\cli\i0406962.004
04.04.2016 12:42:50	Удалено 1 файлов
04.04.2016 14:11:18	Copy e:\cli\i0406962.005 --> c:\uarm3\exg\cli
04.04.2016 14:11:18	Скопировано 1 файлов
04.04.2016 14:11:18	Delete e:\cli\i0406962.005
04.04.2016 14:11:18	Удалено 1 файлов
04.04.2016 14:28:28	Copy e:\cli\i0406962.006 --> c:\uarm3\exg\cli
04.04.2016 14:28:28	Скопировано 1 файлов
04.04.2016 14:28:28	Delete e:\cli\i0406962.006
04.04.2016 14:28:28	Удалено 1 файлов
04.04.2016 14:41:08	Copy e:\cli\i0406962.007 --> c:\uarm3\exg\cli
04.04.2016 14:41:08	Скопировано 1 файлов
04.04.2016 14:41:08	Delete e:\cli\i0406962.007
04.04.2016 14:41:08	Удалено 1 файлов
04.04.2016 15:01:13	Copy e:\cli\i0406962.008 --> c:\uarm3\exg\cli
04.04.2016 15:01:13	Скопировано 1 файлов
04.04.2016 15:01:13	Delete e:\cli\i0406962.008
04.04.2016 15:01:13	Удалено 1 файлов
04.04.2016 15:32:33	Copy e:\cli\i0406962.009 --> c:\uarm3\exg\cli
04.04.2016 15:32:33	Скопировано 1 файлов
04.04.2016 15:32:33	Delete e:\cli\i0406962.009
04.04.2016 15:32:33	Удалено 1 файлов
04.04.2016 15:45:46	Copy e:\cli\i04.102 --> c:\uarm3\exg\cli
04.04.2016 15:45:46	Copy e:\cli\i04.103 --> c:\uarm3\exg\cli
04.04.2016 15:45:46	Copy e:\cli\i04.104 --> c:\uarm3\exg\cli
04.04.2016 15:45:46	Скопировано 3 файлов
04.04.2016 15:45:46	Delete e:\cli\i04.102
04.04.2016 15:45:46	Delete e:\cli\i04.103
04.04.2016 15:45:46	Delete e:\cli\i04.104
04.04.2016 15:45:46	Удалено 3 файлов
04.04.2016 16:32:27	Copy e:\cli\i0406962.010 --> c:\uarm3\exg\cli
04.04.2016 16:32:27	Скопировано 1 файлов
04.04.2016 16:32:27	Delete e:\cli\i0406962.010
04.04.2016 16:32:27	Удалено 1 файлов
04.04.2016 16:55:21	Copy e:\cli\i0406962.011 --> c:\uarm3\exg\cli
04.04.2016 16:55:21	Скопировано 1 файлов
04.04.2016 16:55:21	Delete e:\cli\i0406962.011
04.04.2016 16:55:21	Удалено 1 файлов
04.04.2016 17:08:09	Copy e:\cli\i04.105 --> c:\uarm3\exg\cli
04.04.2016 17:08:09	Copy e:\cli\i04.106 --> c:\uarm3\exg\cli
04.04.2016 17:08:09	Copy e:\cli\i04.107 --> c:\uarm3\exg\cli
04.04.2016 17:08:09	Скопировано 3 файлов
04.04.2016 17:08:09	Delete e:\cli\i04.105
04.04.2016 17:08:09	Delete e:\cli\i04.106
04.04.2016 17:08:09	Delete e:\cli\i04.107
04.04.2016 17:08:09	Удалено 3 файлов
04.04.2016 17:25:46	Copy e:\cli\i04.108 --> c:\uarm3\exg\cli
04.04.2016 17:25:46	Скопировано 1 файлов
04.04.2016 17:25:46	Delete e:\cli\i04.108
04.04.2016 17:25:46	Удалено 1 файлов
04.04.2016 17:40:24	Copy e:\cli\i0406962.012 --> c:\uarm3\exg\cli
04.04.2016 17:40:24	Скопировано 1 файлов
04.04.2016 17:40:24	Delete e:\cli\i0406962.012
04.04.2016 17:40:24	Удалено 1 файлов
04.04.2016 17:50:11	Copy e:\cli\p0406962.002 --> c:\uarm3\exg\cli
04.04.2016 17:50:11	Скопировано 1 файлов
04.04.2016 17:50:11	Delete e:\cli\p0406962.002
04.04.2016 17:50:11	Удалено 1 файлов
