06.04.2016 10:19:44	Copy e:\cli\i0606962.001 --> c:\uarm3\exg\cli
06.04.2016 10:19:44	Скопировано 1 файлов
06.04.2016 10:19:44	Delete e:\cli\i0606962.001
06.04.2016 10:19:44	Удалено 1 файлов
06.04.2016 10:24:00	Copy e:\cli\p0606962.001 --> c:\uarm3\exg\cli
06.04.2016 10:24:00	Скопировано 1 файлов
06.04.2016 10:24:00	Delete e:\cli\p0606962.001
06.04.2016 10:24:00	Удалено 1 файлов
06.04.2016 10:45:21	Copy e:\cli\i0606962.002 --> c:\uarm3\exg\cli
06.04.2016 10:45:21	Скопировано 1 файлов
06.04.2016 10:45:21	Delete e:\cli\i0606962.002
06.04.2016 10:45:21	Удалено 1 файлов
06.04.2016 11:07:37	Copy e:\cli\i0606962.003 --> c:\uarm3\exg\cli
06.04.2016 11:07:37	Скопировано 1 файлов
06.04.2016 11:07:37	Delete e:\cli\i0606962.003
06.04.2016 11:07:37	Удалено 1 файлов
06.04.2016 11:26:43	Copy e:\cli\i0606962.004 --> c:\uarm3\exg\cli
06.04.2016 11:26:43	Скопировано 1 файлов
06.04.2016 11:26:43	Delete e:\cli\i0606962.004
06.04.2016 11:26:43	Удалено 1 файлов
06.04.2016 11:58:22	Copy e:\cli\i0606962.101 --> c:\uarm3\exg\cli
06.04.2016 11:58:22	Скопировано 1 файлов
06.04.2016 11:58:22	Delete e:\cli\i0606962.101
06.04.2016 11:58:22	Удалено 1 файлов
06.04.2016 12:06:57	Copy e:\cli\i0606962.005 --> c:\uarm3\exg\cli
06.04.2016 12:06:57	Скопировано 1 файлов
06.04.2016 12:06:57	Delete e:\cli\i0606962.005
06.04.2016 12:06:57	Удалено 1 файлов
06.04.2016 12:53:19	Copy e:\cli\i0606962.006 --> c:\uarm3\exg\cli
06.04.2016 12:53:19	Скопировано 1 файлов
06.04.2016 12:53:19	Delete e:\cli\i0606962.006
06.04.2016 12:53:19	Удалено 1 файлов
06.04.2016 14:41:11	Copy e:\cli\i0606962.007 --> c:\uarm3\exg\cli
06.04.2016 14:41:11	Скопировано 1 файлов
06.04.2016 14:41:11	Delete e:\cli\i0606962.007
06.04.2016 14:41:11	Удалено 1 файлов
06.04.2016 14:52:46	Copy e:\cli\i0606962.008 --> c:\uarm3\exg\cli
06.04.2016 14:52:46	Скопировано 1 файлов
06.04.2016 14:52:46	Delete e:\cli\i0606962.008
06.04.2016 14:52:46	Удалено 1 файлов
06.04.2016 15:14:57	Copy e:\cli\i0606962.009 --> c:\uarm3\exg\cli
06.04.2016 15:14:57	Скопировано 1 файлов
06.04.2016 15:14:58	Delete e:\cli\i0606962.009
06.04.2016 15:14:58	Удалено 1 файлов
06.04.2016 15:31:59	Copy e:\cli\i0606962.010 --> c:\uarm3\exg\cli
06.04.2016 15:31:59	Скопировано 1 файлов
06.04.2016 15:31:59	Delete e:\cli\i0606962.010
06.04.2016 15:31:59	Удалено 1 файлов
06.04.2016 15:53:55	Copy e:\cli\i06.102 --> c:\uarm3\exg\cli
06.04.2016 15:53:55	Copy e:\cli\i06.103 --> c:\uarm3\exg\cli
06.04.2016 15:53:55	Copy e:\cli\i06.104 --> c:\uarm3\exg\cli
06.04.2016 15:53:55	Copy e:\cli\i06.105 --> c:\uarm3\exg\cli
06.04.2016 15:53:55	Copy e:\cli\i06.106 --> c:\uarm3\exg\cli
06.04.2016 15:53:55	Скопировано 5 файлов
06.04.2016 15:53:55	Delete e:\cli\i06.102
06.04.2016 15:53:55	Delete e:\cli\i06.103
06.04.2016 15:53:55	Delete e:\cli\i06.104
06.04.2016 15:53:55	Delete e:\cli\i06.105
06.04.2016 15:53:55	Delete e:\cli\i06.106
06.04.2016 15:53:55	Удалено 5 файлов
06.04.2016 16:23:56	Copy e:\cli\i0606962.012 --> c:\uarm3\exg\cli
06.04.2016 16:23:56	Скопировано 1 файлов
06.04.2016 16:23:56	Delete e:\cli\i0606962.012
06.04.2016 16:23:56	Удалено 1 файлов
06.04.2016 16:30:24	Copy e:\cli\i0606962.013 --> c:\uarm3\exg\cli
06.04.2016 16:30:24	Скопировано 1 файлов
06.04.2016 16:30:24	Delete e:\cli\i0606962.013
06.04.2016 16:30:24	Удалено 1 файлов
06.04.2016 17:12:44	Copy e:\cli\i0606962.016 --> c:\uarm3\exg\cli
06.04.2016 17:12:44	Скопировано 1 файлов
06.04.2016 17:12:44	Delete e:\cli\i0606962.016
06.04.2016 17:12:44	Удалено 1 файлов
06.04.2016 17:36:48	Copy e:\cli\i0606962.018 --> c:\uarm3\exg\cli
06.04.2016 17:36:48	Скопировано 1 файлов
06.04.2016 17:36:48	Delete e:\cli\i0606962.018
06.04.2016 17:36:48	Удалено 1 файлов
06.04.2016 17:45:07	Copy e:\cli\i0606962.019 --> c:\uarm3\exg\cli
06.04.2016 17:45:07	Скопировано 1 файлов
06.04.2016 17:45:08	Delete e:\cli\i0606962.019
06.04.2016 17:45:08	Удалено 1 файлов
06.04.2016 17:51:09	Copy e:\cli\i06.107 --> c:\uarm3\exg\cli
06.04.2016 17:51:09	Copy e:\cli\i06.108 --> c:\uarm3\exg\cli
06.04.2016 17:51:09	Copy e:\cli\i06.109 --> c:\uarm3\exg\cli
06.04.2016 17:51:09	Copy e:\cli\i06.110 --> c:\uarm3\exg\cli
06.04.2016 17:51:09	Copy e:\cli\i06.111 --> c:\uarm3\exg\cli
06.04.2016 17:51:09	Copy e:\cli\i06.112 --> c:\uarm3\exg\cli
06.04.2016 17:51:09	Скопировано 6 файлов
06.04.2016 17:51:09	Delete e:\cli\i06.107
06.04.2016 17:51:09	Delete e:\cli\i06.108
06.04.2016 17:51:09	Delete e:\cli\i06.109
06.04.2016 17:51:09	Delete e:\cli\i06.110
06.04.2016 17:51:09	Delete e:\cli\i06.111
06.04.2016 17:51:09	Delete e:\cli\i06.112
06.04.2016 17:51:09	Удалено 6 файлов
