08.04.2016 10:03:11	Copy e:\cli\i0806962.001 --> c:\uarm3\exg\cli
08.04.2016 10:03:11	Скопировано 1 файлов
08.04.2016 10:03:11	Delete e:\cli\i0806962.001
08.04.2016 10:03:11	Удалено 1 файлов
08.04.2016 10:54:02	Copy e:\cli\i0806962.002 --> c:\uarm3\exg\cli
08.04.2016 10:54:02	Скопировано 1 файлов
08.04.2016 10:54:02	Delete e:\cli\i0806962.002
08.04.2016 10:54:02	Удалено 1 файлов
08.04.2016 11:20:06	Copy e:\cli\i0806962.003 --> c:\uarm3\exg\cli
08.04.2016 11:20:06	Скопировано 1 файлов
08.04.2016 11:20:06	Delete e:\cli\i0806962.003
08.04.2016 11:20:06	Удалено 1 файлов
08.04.2016 12:13:08	Copy e:\cli\i0806962.004 --> c:\uarm3\exg\cli
08.04.2016 12:13:08	Скопировано 1 файлов
08.04.2016 12:13:08	Delete e:\cli\i0806962.004
08.04.2016 12:13:08	Удалено 1 файлов
08.04.2016 12:37:33	Copy e:\cli\i0806962.101 --> c:\uarm3\exg\cli
08.04.2016 12:37:33	Скопировано 1 файлов
08.04.2016 12:37:33	Delete e:\cli\i0806962.101
08.04.2016 12:37:33	Удалено 1 файлов
08.04.2016 12:45:17	Copy e:\cli\i0806962.006 --> c:\uarm3\exg\cli
08.04.2016 12:45:17	Скопировано 1 файлов
08.04.2016 12:45:17	Delete e:\cli\i0806962.006
08.04.2016 12:45:17	Удалено 1 файлов
08.04.2016 12:55:27	Copy e:\cli\i0806962.007 --> c:\uarm3\exg\cli
08.04.2016 12:55:27	Скопировано 1 файлов
08.04.2016 12:55:27	Delete e:\cli\i0806962.007
08.04.2016 12:55:27	Удалено 1 файлов
08.04.2016 14:23:27	Copy e:\cli\i0806962.008 --> c:\uarm3\exg\cli
08.04.2016 14:23:27	Скопировано 1 файлов
08.04.2016 14:23:27	Delete e:\cli\i0806962.008
08.04.2016 14:23:27	Удалено 1 файлов
08.04.2016 14:33:45	Copy e:\cli\i0806962.009 --> c:\uarm3\exg\cli
08.04.2016 14:33:45	Скопировано 1 файлов
08.04.2016 14:33:45	Delete e:\cli\i0806962.009
08.04.2016 14:33:45	Удалено 1 файлов
08.04.2016 14:58:06	Copy e:\cli\i0806962.010 --> c:\uarm3\exg\cli
08.04.2016 14:58:06	Скопировано 1 файлов
08.04.2016 14:58:06	Delete e:\cli\i0806962.010
08.04.2016 14:58:06	Удалено 1 файлов
08.04.2016 15:10:10	Copy e:\cli\i0806962.011 --> c:\uarm3\exg\cli
08.04.2016 15:10:10	Скопировано 1 файлов
08.04.2016 15:10:10	Delete e:\cli\i0806962.011
08.04.2016 15:10:10	Удалено 1 файлов
08.04.2016 15:40:32	Copy e:\cli\i0806962.012 --> c:\uarm3\exg\cli
08.04.2016 15:40:32	Скопировано 1 файлов
08.04.2016 15:40:32	Delete e:\cli\i0806962.012
08.04.2016 15:40:32	Удалено 1 файлов
08.04.2016 16:00:52	Copy e:\cli\i0806962.102 --> c:\uarm3\exg\cli
08.04.2016 16:00:52	Скопировано 1 файлов
08.04.2016 16:00:52	Delete e:\cli\i0806962.102
08.04.2016 16:00:52	Удалено 1 файлов
08.04.2016 16:10:36	Copy e:\cli\i0806962.014 --> c:\uarm3\exg\cli
08.04.2016 16:10:36	Скопировано 1 файлов
08.04.2016 16:10:36	Delete e:\cli\i0806962.014
08.04.2016 16:10:36	Удалено 1 файлов
08.04.2016 16:40:02	Copy e:\cli\i0806962.016 --> c:\uarm3\exg\cli
08.04.2016 16:40:02	Скопировано 1 файлов
08.04.2016 16:40:02	Delete e:\cli\i0806962.016
08.04.2016 16:40:02	Удалено 1 файлов
08.04.2016 16:53:54	Copy e:\cli\i0806962.018 --> c:\uarm3\exg\cli
08.04.2016 16:53:54	Скопировано 1 файлов
08.04.2016 16:53:54	Delete e:\cli\i0806962.018
08.04.2016 16:53:54	Удалено 1 файлов
08.04.2016 17:02:20	Copy e:\cli\i0806962.103 --> c:\uarm3\exg\cli
08.04.2016 17:02:20	Copy e:\cli\i0806962.104 --> c:\uarm3\exg\cli
08.04.2016 17:02:20	Copy e:\cli\i0806962.105 --> c:\uarm3\exg\cli
08.04.2016 17:02:20	Copy e:\cli\i0806962.106 --> c:\uarm3\exg\cli
08.04.2016 17:02:20	Copy e:\cli\i0806962.107 --> c:\uarm3\exg\cli
08.04.2016 17:02:20	Copy e:\cli\i0806962.108 --> c:\uarm3\exg\cli
08.04.2016 17:02:20	Copy e:\cli\i0806962.109 --> c:\uarm3\exg\cli
08.04.2016 17:02:20	Copy e:\cli\i0806962.110 --> c:\uarm3\exg\cli
08.04.2016 17:02:20	Copy e:\cli\i0806962.111 --> c:\uarm3\exg\cli
08.04.2016 17:02:20	Copy e:\cli\i0806962.112 --> c:\uarm3\exg\cli
08.04.2016 17:02:20	Скопировано 10 файлов
08.04.2016 17:02:20	Delete e:\cli\i0806962.103
08.04.2016 17:02:20	Delete e:\cli\i0806962.104
08.04.2016 17:02:20	Delete e:\cli\i0806962.105
08.04.2016 17:02:20	Delete e:\cli\i0806962.106
08.04.2016 17:02:20	Delete e:\cli\i0806962.107
08.04.2016 17:02:20	Delete e:\cli\i0806962.108
08.04.2016 17:02:20	Delete e:\cli\i0806962.109
08.04.2016 17:02:20	Delete e:\cli\i0806962.110
08.04.2016 17:02:20	Delete e:\cli\i0806962.111
08.04.2016 17:02:20	Delete e:\cli\i0806962.112
08.04.2016 17:02:20	Удалено 10 файлов
08.04.2016 17:13:40	Copy e:\cli\p0806962.001 --> c:\uarm3\exg\cli
08.04.2016 17:13:40	Скопировано 1 файлов
08.04.2016 17:13:40	Delete e:\cli\p0806962.001
08.04.2016 17:13:40	Удалено 1 файлов
