25.03.2016 10:12:08	Copy e:\cli\i2506962.001 --> c:\uarm3\exg\cli
25.03.2016 10:12:08	Скопировано 1 файлов
25.03.2016 10:12:08	Delete e:\cli\i2506962.001
25.03.2016 10:12:08	Удалено 1 файлов
25.03.2016 10:18:36	Copy e:\cli\i2506962.002 --> c:\uarm3\exg\cli
25.03.2016 10:18:36	Скопировано 1 файлов
25.03.2016 10:18:36	Delete e:\cli\i2506962.002
25.03.2016 10:18:36	Удалено 1 файлов
25.03.2016 10:25:28	Copy e:\cli\i2506962.003 --> c:\uarm3\exg\cli
25.03.2016 10:25:28	Скопировано 1 файлов
25.03.2016 10:25:28	Delete e:\cli\i2506962.003
25.03.2016 10:25:28	Удалено 1 файлов
25.03.2016 10:43:11	Copy e:\cli\i2506962.004 --> c:\uarm3\exg\cli
25.03.2016 10:43:11	Скопировано 1 файлов
25.03.2016 10:43:11	Delete e:\cli\i2506962.004
25.03.2016 10:43:11	Удалено 1 файлов
25.03.2016 11:37:04	Copy e:\cli\i2506962.005 --> c:\uarm3\exg\cli
25.03.2016 11:37:04	Скопировано 1 файлов
25.03.2016 11:37:04	Delete e:\cli\i2506962.005
25.03.2016 11:37:04	Удалено 1 файлов
25.03.2016 11:59:02	Copy e:\cli\p2506962.001 --> c:\uarm3\exg\cli
25.03.2016 11:59:02	Скопировано 1 файлов
25.03.2016 11:59:02	Delete e:\cli\p2506962.001
25.03.2016 11:59:02	Удалено 1 файлов
25.03.2016 13:37:08	Copy e:\cli\i2506962.006 --> c:\uarm3\exg\cli
25.03.2016 13:37:08	Скопировано 1 файлов
25.03.2016 13:37:08	Delete e:\cli\i2506962.006
25.03.2016 13:37:08	Удалено 1 файлов
25.03.2016 13:55:35	Copy e:\cli\p2506962.002 --> c:\uarm3\exg\cli
25.03.2016 13:55:35	Скопировано 1 файлов
25.03.2016 13:55:35	Delete e:\cli\p2506962.002
25.03.2016 13:55:35	Удалено 1 файлов
25.03.2016 14:56:13	Copy e:\cli\i2506962.007 --> c:\uarm3\exg\cli
25.03.2016 14:56:13	Скопировано 1 файлов
25.03.2016 14:56:13	Delete e:\cli\i2506962.007
25.03.2016 14:56:13	Удалено 1 файлов
25.03.2016 15:15:52	Copy e:\cli\i2506962.008 --> c:\uarm3\exg\cli
25.03.2016 15:15:52	Скопировано 1 файлов
25.03.2016 15:15:52	Delete e:\cli\i2506962.008
25.03.2016 15:15:52	Удалено 1 файлов
25.03.2016 15:26:03	Copy e:\cli\i2506962.009 --> c:\uarm3\exg\cli
25.03.2016 15:26:03	Скопировано 1 файлов
25.03.2016 15:26:03	Delete e:\cli\i2506962.009
25.03.2016 15:26:03	Удалено 1 файлов
25.03.2016 15:38:36	Copy e:\cli\i2506962.101 --> c:\uarm3\exg\cli
25.03.2016 15:38:36	Copy e:\cli\i2506962.102 --> c:\uarm3\exg\cli
25.03.2016 15:38:36	Скопировано 2 файлов
25.03.2016 15:38:36	Delete e:\cli\i2506962.101
25.03.2016 15:38:36	Delete e:\cli\i2506962.102
25.03.2016 15:38:36	Удалено 2 файлов
25.03.2016 16:05:25	Copy e:\cli\i2506962.010 --> c:\uarm3\exg\cli
25.03.2016 16:05:25	Скопировано 1 файлов
25.03.2016 16:05:25	Delete e:\cli\i2506962.010
25.03.2016 16:05:25	Удалено 1 файлов
25.03.2016 16:35:06	Copy e:\cli\i2506962.011 --> c:\uarm3\exg\cli
25.03.2016 16:35:06	Скопировано 1 файлов
25.03.2016 16:35:06	Delete e:\cli\i2506962.011
25.03.2016 16:35:06	Удалено 1 файлов
25.03.2016 16:47:43	Copy e:\cli\i2506962.012 --> c:\uarm3\exg\cli
25.03.2016 16:47:43	Скопировано 1 файлов
25.03.2016 16:47:43	Delete e:\cli\i2506962.012
25.03.2016 16:47:43	Удалено 1 файлов
25.03.2016 17:15:07	Copy e:\cli\i2506962.013 --> c:\uarm3\exg\cli
25.03.2016 17:15:07	Скопировано 1 файлов
25.03.2016 17:15:08	Delete e:\cli\i2506962.013
25.03.2016 17:15:08	Удалено 1 файлов
