28.03.2016 09:43:19	Copy e:\cli\i2806962.001 --> c:\uarm3\exg\cli
28.03.2016 09:43:19	Скопировано 1 файлов
28.03.2016 09:43:19	Delete e:\cli\i2806962.001
28.03.2016 09:43:19	Удалено 1 файлов
28.03.2016 09:51:31	Copy e:\cli\i2806962.002 --> c:\uarm3\exg\cli
28.03.2016 09:51:31	Скопировано 1 файлов
28.03.2016 09:51:31	Delete e:\cli\i2806962.002
28.03.2016 09:51:31	Удалено 1 файлов
28.03.2016 11:09:15	Copy e:\cli\i2806962.003 --> c:\uarm3\exg\cli
28.03.2016 11:09:15	Скопировано 1 файлов
28.03.2016 11:09:15	Delete e:\cli\i2806962.003
28.03.2016 11:09:15	Удалено 1 файлов
28.03.2016 11:18:35	Copy e:\cli\i2806962.004 --> c:\uarm3\exg\cli
28.03.2016 11:18:35	Скопировано 1 файлов
28.03.2016 11:18:35	Delete e:\cli\i2806962.004
28.03.2016 11:18:35	Удалено 1 файлов
28.03.2016 11:44:53	Copy e:\cli\i2806962.005 --> c:\uarm3\exg\cli
28.03.2016 11:44:53	Скопировано 1 файлов
28.03.2016 11:44:53	Delete e:\cli\i2806962.005
28.03.2016 11:44:53	Удалено 1 файлов
28.03.2016 11:54:41	Copy e:\cli\p2806962.001 --> c:\uarm3\exg\cli
28.03.2016 11:54:41	Скопировано 1 файлов
28.03.2016 11:54:41	Delete e:\cli\p2806962.001
28.03.2016 11:54:41	Удалено 1 файлов
28.03.2016 12:05:24	Copy e:\cli\i2806962.006 --> c:\uarm3\exg\cli
28.03.2016 12:05:24	Скопировано 1 файлов
28.03.2016 12:05:24	Delete e:\cli\i2806962.006
28.03.2016 12:05:24	Удалено 1 файлов
28.03.2016 12:35:02	Copy e:\cli\i2806962.008 --> c:\uarm3\exg\cli
28.03.2016 12:35:02	Скопировано 1 файлов
28.03.2016 12:35:02	Delete e:\cli\i2806962.008
28.03.2016 12:35:02	Удалено 1 файлов
28.03.2016 12:50:53	Copy e:\cli\i2806962.102 --> c:\uarm3\exg\cli
28.03.2016 12:50:53	Copy e:\cli\i2806962.103 --> c:\uarm3\exg\cli
28.03.2016 12:50:53	Copy e:\cli\i2806962.104 --> c:\uarm3\exg\cli
28.03.2016 12:50:53	Copy e:\cli\i2806962.105 --> c:\uarm3\exg\cli
28.03.2016 12:50:53	Copy e:\cli\i2806962.106 --> c:\uarm3\exg\cli
28.03.2016 12:50:53	Скопировано 5 файлов
28.03.2016 12:50:53	Delete e:\cli\i2806962.102
28.03.2016 12:50:53	Delete e:\cli\i2806962.103
28.03.2016 12:50:53	Delete e:\cli\i2806962.104
28.03.2016 12:50:53	Delete e:\cli\i2806962.105
28.03.2016 12:50:53	Delete e:\cli\i2806962.106
28.03.2016 12:50:53	Удалено 5 файлов
28.03.2016 14:36:58	Copy e:\cli\i2806962.009 --> c:\uarm3\exg\cli
28.03.2016 14:36:58	Скопировано 1 файлов
28.03.2016 14:36:58	Delete e:\cli\i2806962.009
28.03.2016 14:36:58	Удалено 1 файлов
28.03.2016 15:19:05	Copy e:\cli\i28.107 --> c:\uarm3\exg\cli
28.03.2016 15:19:05	Copy e:\cli\i28.108 --> c:\uarm3\exg\cli
28.03.2016 15:19:05	Copy e:\cli\i28.109 --> c:\uarm3\exg\cli
28.03.2016 15:19:05	Copy e:\cli\i28.110 --> c:\uarm3\exg\cli
28.03.2016 15:19:05	Copy e:\cli\i28.111 --> c:\uarm3\exg\cli
28.03.2016 15:19:05	Copy e:\cli\i28.112 --> c:\uarm3\exg\cli
28.03.2016 15:19:05	Copy e:\cli\i28.113 --> c:\uarm3\exg\cli
28.03.2016 15:19:05	Copy e:\cli\i28.114 --> c:\uarm3\exg\cli
28.03.2016 15:19:05	Copy e:\cli\i28.115 --> c:\uarm3\exg\cli
28.03.2016 15:19:05	Copy e:\cli\i28.116 --> c:\uarm3\exg\cli
28.03.2016 15:19:05	Copy e:\cli\i28.117 --> c:\uarm3\exg\cli
28.03.2016 15:19:05	Copy e:\cli\i28.118 --> c:\uarm3\exg\cli
28.03.2016 15:19:05	Copy e:\cli\i28.119 --> c:\uarm3\exg\cli
28.03.2016 15:19:05	Copy e:\cli\i28.120 --> c:\uarm3\exg\cli
28.03.2016 15:19:05	Скопировано 14 файлов
28.03.2016 15:19:05	Delete e:\cli\i28.107
28.03.2016 15:19:05	Delete e:\cli\i28.108
28.03.2016 15:19:05	Delete e:\cli\i28.109
28.03.2016 15:19:05	Delete e:\cli\i28.110
28.03.2016 15:19:05	Delete e:\cli\i28.111
28.03.2016 15:19:05	Delete e:\cli\i28.112
28.03.2016 15:19:05	Delete e:\cli\i28.113
28.03.2016 15:19:05	Delete e:\cli\i28.114
28.03.2016 15:19:06	Delete e:\cli\i28.115
28.03.2016 15:19:06	Delete e:\cli\i28.116
28.03.2016 15:19:06	Delete e:\cli\i28.117
28.03.2016 15:19:06	Delete e:\cli\i28.118
28.03.2016 15:19:06	Delete e:\cli\i28.119
28.03.2016 15:19:06	Delete e:\cli\i28.120
28.03.2016 15:19:06	Удалено 14 файлов
28.03.2016 15:31:41	Copy e:\cli\i2806962.010 --> c:\uarm3\exg\cli
28.03.2016 15:31:41	Скопировано 1 файлов
28.03.2016 15:31:41	Delete e:\cli\i2806962.010
28.03.2016 15:31:41	Удалено 1 файлов
28.03.2016 15:56:44	Copy e:\cli\i2806962.011 --> c:\uarm3\exg\cli
28.03.2016 15:56:44	Скопировано 1 файлов
28.03.2016 15:56:44	Delete e:\cli\i2806962.011
28.03.2016 15:56:44	Удалено 1 файлов
28.03.2016 16:18:51	Copy e:\cli\i2806962.012 --> c:\uarm3\exg\cli
28.03.2016 16:18:51	Скопировано 1 файлов
28.03.2016 16:18:51	Delete e:\cli\i2806962.012
28.03.2016 16:18:51	Удалено 1 файлов
28.03.2016 16:42:59	Copy e:\cli\i2806962.013 --> c:\uarm3\exg\cli
28.03.2016 16:42:59	Скопировано 1 файлов
28.03.2016 16:42:59	Delete e:\cli\i2806962.013
28.03.2016 16:42:59	Удалено 1 файлов
28.03.2016 16:51:24	Copy e:\cli\i2806962.014 --> c:\uarm3\exg\cli
28.03.2016 16:51:24	Скопировано 1 файлов
28.03.2016 16:51:24	Delete e:\cli\i2806962.014
28.03.2016 16:51:24	Удалено 1 файлов
28.03.2016 17:01:50	Copy e:\cli\i28.121 --> c:\uarm3\exg\cli
28.03.2016 17:01:50	Copy e:\cli\i28.122 --> c:\uarm3\exg\cli
28.03.2016 17:01:50	Copy e:\cli\i2806962.123 --> c:\uarm3\exg\cli
28.03.2016 17:01:50	Скопировано 3 файлов
28.03.2016 17:01:50	Delete e:\cli\i28.121
28.03.2016 17:01:50	Delete e:\cli\i28.122
28.03.2016 17:01:51	Delete e:\cli\i2806962.123
28.03.2016 17:01:51	Удалено 3 файлов
28.03.2016 17:18:12	Copy e:\cli\i2806962.016 --> c:\uarm3\exg\cli
28.03.2016 17:18:12	Скопировано 1 файлов
28.03.2016 17:18:12	Delete e:\cli\i2806962.016
28.03.2016 17:18:12	Удалено 1 файлов
28.03.2016 18:14:56	Copy e:\cli\i2806962.018 --> c:\uarm3\exg\cli
28.03.2016 18:14:56	Скопировано 1 файлов
28.03.2016 18:14:56	Delete e:\cli\i2806962.018
28.03.2016 18:14:56	Удалено 1 файлов
