29.03.2016 09:50:44	Copy e:\cli\i2906962.001 --> c:\uarm3\exg\cli
29.03.2016 09:50:44	Скопировано 1 файлов
29.03.2016 09:50:44	Delete e:\cli\i2906962.001
29.03.2016 09:50:44	Удалено 1 файлов
29.03.2016 10:37:30	Copy e:\cli\i2906962.003 --> c:\uarm3\exg\cli
29.03.2016 10:37:30	Скопировано 1 файлов
29.03.2016 10:37:30	Delete e:\cli\i2906962.003
29.03.2016 10:37:30	Удалено 1 файлов
29.03.2016 11:13:26	Copy e:\cli\i29.101 --> c:\uarm3\exg\cli
29.03.2016 11:13:27	Copy e:\cli\i29.102 --> c:\uarm3\exg\cli
29.03.2016 11:13:27	Copy e:\cli\i29.103 --> c:\uarm3\exg\cli
29.03.2016 11:13:27	Copy e:\cli\i29.104 --> c:\uarm3\exg\cli
29.03.2016 11:13:27	Copy e:\cli\i29.105 --> c:\uarm3\exg\cli
29.03.2016 11:13:27	Copy e:\cli\i29.106 --> c:\uarm3\exg\cli
29.03.2016 11:13:27	Скопировано 6 файлов
29.03.2016 11:13:27	Delete e:\cli\i29.101
29.03.2016 11:13:27	Delete e:\cli\i29.102
29.03.2016 11:13:27	Delete e:\cli\i29.103
29.03.2016 11:13:27	Delete e:\cli\i29.104
29.03.2016 11:13:27	Delete e:\cli\i29.105
29.03.2016 11:13:27	Delete e:\cli\i29.106
29.03.2016 11:13:27	Удалено 6 файлов
29.03.2016 11:41:13	Copy e:\cli\i2906962.005 --> c:\uarm3\exg\cli
29.03.2016 11:41:13	Скопировано 1 файлов
29.03.2016 11:41:13	Delete e:\cli\i2906962.005
29.03.2016 11:41:13	Удалено 1 файлов
29.03.2016 11:58:47	Copy e:\cli\i2906962.006 --> c:\uarm3\exg\cli
29.03.2016 11:58:47	Скопировано 1 файлов
29.03.2016 11:58:47	Delete e:\cli\i2906962.006
29.03.2016 11:58:47	Удалено 1 файлов
29.03.2016 12:25:02	Copy e:\cli\i2906962.007 --> c:\uarm3\exg\cli
29.03.2016 12:25:02	Скопировано 1 файлов
29.03.2016 12:25:02	Delete e:\cli\i2906962.007
29.03.2016 12:25:02	Удалено 1 файлов
29.03.2016 15:38:35	Copy e:\cli\i2906962.008 --> c:\uarm3\exg\cli
29.03.2016 15:38:35	Скопировано 1 файлов
29.03.2016 15:38:35	Delete e:\cli\i2906962.008
29.03.2016 15:38:35	Удалено 1 файлов
29.03.2016 15:47:31	Copy e:\cli\i2906962.009 --> c:\uarm3\exg\cli
29.03.2016 15:47:31	Скопировано 1 файлов
29.03.2016 15:47:31	Delete e:\cli\i2906962.009
29.03.2016 15:47:31	Удалено 1 файлов
29.03.2016 15:58:00	Copy e:\cli\i2906962.010 --> c:\uarm3\exg\cli
29.03.2016 15:58:00	Скопировано 1 файлов
29.03.2016 15:58:00	Delete e:\cli\i2906962.010
29.03.2016 15:58:00	Удалено 1 файлов
29.03.2016 16:20:05	Copy e:\cli\i2906962.011 --> c:\uarm3\exg\cli
29.03.2016 16:20:05	Скопировано 1 файлов
29.03.2016 16:20:05	Delete e:\cli\i2906962.011
29.03.2016 16:20:05	Удалено 1 файлов
29.03.2016 16:31:53	Copy e:\cli\p2906962.001 --> c:\uarm3\exg\cli
29.03.2016 16:31:53	Скопировано 1 файлов
29.03.2016 16:31:53	Delete e:\cli\p2906962.001
29.03.2016 16:31:53	Удалено 1 файлов
29.03.2016 16:36:24	Copy e:\cli\i2906962.012 --> c:\uarm3\exg\cli
29.03.2016 16:36:24	Скопировано 1 файлов
29.03.2016 16:36:24	Delete e:\cli\i2906962.012
29.03.2016 16:36:24	Удалено 1 файлов
29.03.2016 17:01:07	Copy e:\cli\i2906962.013 --> c:\uarm3\exg\cli
29.03.2016 17:01:07	Скопировано 1 файлов
29.03.2016 17:01:07	Delete e:\cli\i2906962.013
29.03.2016 17:01:07	Удалено 1 файлов
29.03.2016 17:22:03	Copy e:\cli\i2906962.015 --> c:\uarm3\exg\cli
29.03.2016 17:22:03	Скопировано 1 файлов
29.03.2016 17:22:03	Delete e:\cli\i2906962.015
29.03.2016 17:22:03	Удалено 1 файлов
29.03.2016 17:26:23	Copy e:\cli\p2906962.002 --> c:\uarm3\exg\cli
29.03.2016 17:26:23	Скопировано 1 файлов
29.03.2016 17:26:23	Delete e:\cli\p2906962.002
29.03.2016 17:26:23	Удалено 1 файлов
29.03.2016 17:35:59	Copy e:\cli\i2906962.016 --> c:\uarm3\exg\cli
29.03.2016 17:35:59	Скопировано 1 файлов
29.03.2016 17:35:59	Delete e:\cli\i2906962.016
29.03.2016 17:35:59	Удалено 1 файлов
29.03.2016 17:48:15	Copy e:\cli\i2906962.017 --> c:\uarm3\exg\cli
29.03.2016 17:48:15	Скопировано 1 файлов
29.03.2016 17:48:15	Delete e:\cli\i2906962.017
29.03.2016 17:48:15	Удалено 1 файлов
