30.03.2016 10:01:38	Copy e:\cli\29.03.2016 --> c:\uarm3\exg\cli
30.03.2016 10:01:38	Copy e:\cli\i3006962.001 --> c:\uarm3\exg\cli
30.03.2016 10:01:38	Скопировано 2 файлов
30.03.2016 10:01:38	Delete e:\cli\29.03.2016
30.03.2016 10:01:38	Delete e:\cli\i3006962.001
30.03.2016 10:01:38	Удалено 2 файлов
30.03.2016 10:21:00	Copy e:\cli\p3006962.001 --> c:\uarm3\exg\cli
30.03.2016 10:21:00	Скопировано 1 файлов
30.03.2016 10:21:00	Delete e:\cli\p3006962.001
30.03.2016 10:21:00	Удалено 1 файлов
30.03.2016 10:30:15	Copy e:\cli\i3006962.004 --> c:\uarm3\exg\cli
30.03.2016 10:30:15	Скопировано 1 файлов
30.03.2016 10:30:15	Delete e:\cli\i3006962.004
30.03.2016 10:30:15	Удалено 1 файлов
30.03.2016 11:01:46	Copy e:\cli\i3006962.005 --> c:\uarm3\exg\cli
30.03.2016 11:01:46	Скопировано 1 файлов
30.03.2016 11:01:46	Delete e:\cli\i3006962.005
30.03.2016 11:01:46	Удалено 1 файлов
30.03.2016 11:16:40	Copy e:\cli\i3006962.006 --> c:\uarm3\exg\cli
30.03.2016 11:16:40	Скопировано 1 файлов
30.03.2016 11:16:40	Delete e:\cli\i3006962.006
30.03.2016 11:16:40	Удалено 1 файлов
30.03.2016 11:50:12	Copy e:\cli\i3006962.007 --> c:\uarm3\exg\cli
30.03.2016 11:50:12	Скопировано 1 файлов
30.03.2016 11:50:12	Delete e:\cli\i3006962.007
30.03.2016 11:50:12	Удалено 1 файлов
30.03.2016 12:09:28	Copy e:\cli\i30.101 --> c:\uarm3\exg\cli
30.03.2016 12:09:28	Скопировано 1 файлов
30.03.2016 12:09:28	Delete e:\cli\i30.101
30.03.2016 12:09:28	Удалено 1 файлов
30.03.2016 12:45:25	Copy e:\cli\i3006962.010 --> c:\uarm3\exg\cli
30.03.2016 12:45:25	Скопировано 1 файлов
30.03.2016 12:45:25	Delete e:\cli\i3006962.010
30.03.2016 12:45:25	Удалено 1 файлов
30.03.2016 12:53:15	Copy e:\cli\i3006962.011 --> c:\uarm3\exg\cli
30.03.2016 12:53:15	Скопировано 1 файлов
30.03.2016 12:53:15	Delete e:\cli\i3006962.011
30.03.2016 12:53:15	Удалено 1 файлов
30.03.2016 14:17:44	Copy e:\cli\i3006962.012 --> c:\uarm3\exg\cli
30.03.2016 14:17:44	Скопировано 1 файлов
30.03.2016 14:17:44	Delete e:\cli\i3006962.012
30.03.2016 14:17:44	Удалено 1 файлов
30.03.2016 14:47:25	Copy e:\cli\i3006962.013 --> c:\uarm3\exg\cli
30.03.2016 14:47:25	Скопировано 1 файлов
30.03.2016 14:47:25	Delete e:\cli\i3006962.013
30.03.2016 14:47:25	Удалено 1 файлов
30.03.2016 15:03:01	Copy e:\cli\i3006962.014 --> c:\uarm3\exg\cli
30.03.2016 15:03:01	Скопировано 1 файлов
30.03.2016 15:03:01	Delete e:\cli\i3006962.014
30.03.2016 15:03:01	Удалено 1 файлов
30.03.2016 15:35:28	Copy e:\cli\i3006962.015 --> c:\uarm3\exg\cli
30.03.2016 15:35:28	Скопировано 1 файлов
30.03.2016 15:35:28	Delete e:\cli\i3006962.015
30.03.2016 15:35:28	Удалено 1 файлов
30.03.2016 16:04:59	Copy e:\cli\i3006962.017 --> c:\uarm3\exg\cli
30.03.2016 16:04:59	Скопировано 1 файлов
30.03.2016 16:04:59	Delete e:\cli\i3006962.017
30.03.2016 16:04:59	Удалено 1 файлов
30.03.2016 16:19:50	Copy e:\cli\i30.127 --> c:\uarm3\exg\cli
30.03.2016 16:19:50	Copy e:\cli\i30.128 --> c:\uarm3\exg\cli
30.03.2016 16:19:50	Copy e:\cli\i30.129 --> c:\uarm3\exg\cli
30.03.2016 16:19:50	Copy e:\cli\i30.102 --> c:\uarm3\exg\cli
30.03.2016 16:19:50	Copy e:\cli\i30.103 --> c:\uarm3\exg\cli
30.03.2016 16:19:50	Copy e:\cli\i30.104 --> c:\uarm3\exg\cli
30.03.2016 16:19:50	Copy e:\cli\i30.105 --> c:\uarm3\exg\cli
30.03.2016 16:19:50	Copy e:\cli\i30.106 --> c:\uarm3\exg\cli
30.03.2016 16:19:50	Copy e:\cli\i30.107 --> c:\uarm3\exg\cli
30.03.2016 16:19:50	Copy e:\cli\i30.108 --> c:\uarm3\exg\cli
30.03.2016 16:19:50	Copy e:\cli\i30.109 --> c:\uarm3\exg\cli
30.03.2016 16:19:50	Copy e:\cli\i30.110 --> c:\uarm3\exg\cli
30.03.2016 16:19:50	Copy e:\cli\i30.111 --> c:\uarm3\exg\cli
30.03.2016 16:19:50	Copy e:\cli\i30.112 --> c:\uarm3\exg\cli
30.03.2016 16:19:50	Copy e:\cli\i30.113 --> c:\uarm3\exg\cli
30.03.2016 16:19:50	Copy e:\cli\i30.114 --> c:\uarm3\exg\cli
30.03.2016 16:19:50	Copy e:\cli\i30.115 --> c:\uarm3\exg\cli
30.03.2016 16:19:50	Copy e:\cli\i30.116 --> c:\uarm3\exg\cli
30.03.2016 16:19:50	Copy e:\cli\i30.117 --> c:\uarm3\exg\cli
30.03.2016 16:19:50	Copy e:\cli\i30.118 --> c:\uarm3\exg\cli
30.03.2016 16:19:50	Copy e:\cli\i30.119 --> c:\uarm3\exg\cli
30.03.2016 16:19:50	Copy e:\cli\i30.120 --> c:\uarm3\exg\cli
30.03.2016 16:19:50	Copy e:\cli\i30.121 --> c:\uarm3\exg\cli
30.03.2016 16:19:50	Copy e:\cli\i30.122 --> c:\uarm3\exg\cli
30.03.2016 16:19:50	Copy e:\cli\i30.123 --> c:\uarm3\exg\cli
30.03.2016 16:19:50	Copy e:\cli\i30.124 --> c:\uarm3\exg\cli
30.03.2016 16:19:50	Copy e:\cli\i30.125 --> c:\uarm3\exg\cli
30.03.2016 16:19:50	Copy e:\cli\i30.126 --> c:\uarm3\exg\cli
30.03.2016 16:19:50	Скопировано 28 файлов
30.03.2016 16:19:50	Delete e:\cli\i30.127
30.03.2016 16:19:51	Delete e:\cli\i30.128
30.03.2016 16:19:51	Delete e:\cli\i30.129
30.03.2016 16:19:51	Delete e:\cli\i30.102
30.03.2016 16:19:51	Delete e:\cli\i30.103
30.03.2016 16:19:51	Delete e:\cli\i30.104
30.03.2016 16:19:51	Delete e:\cli\i30.105
30.03.2016 16:19:51	Delete e:\cli\i30.106
30.03.2016 16:19:51	Delete e:\cli\i30.107
30.03.2016 16:19:51	Delete e:\cli\i30.108
30.03.2016 16:19:51	Delete e:\cli\i30.109
30.03.2016 16:19:51	Delete e:\cli\i30.110
30.03.2016 16:19:51	Delete e:\cli\i30.111
30.03.2016 16:19:51	Delete e:\cli\i30.112
30.03.2016 16:19:51	Delete e:\cli\i30.113
30.03.2016 16:19:51	Delete e:\cli\i30.114
30.03.2016 16:19:51	Delete e:\cli\i30.115
30.03.2016 16:19:51	Delete e:\cli\i30.116
30.03.2016 16:19:51	Delete e:\cli\i30.117
30.03.2016 16:19:51	Delete e:\cli\i30.118
30.03.2016 16:19:51	Delete e:\cli\i30.119
30.03.2016 16:19:51	Delete e:\cli\i30.120
30.03.2016 16:19:51	Delete e:\cli\i30.121
30.03.2016 16:19:51	Delete e:\cli\i30.122
30.03.2016 16:19:51	Delete e:\cli\i30.123
30.03.2016 16:19:51	Delete e:\cli\i30.124
30.03.2016 16:19:51	Delete e:\cli\i30.125
30.03.2016 16:19:51	Delete e:\cli\i30.126
30.03.2016 16:19:51	Удалено 28 файлов
30.03.2016 16:27:48	Copy e:\cli\i3006962.018 --> c:\uarm3\exg\cli
30.03.2016 16:27:48	Скопировано 1 файлов
30.03.2016 16:27:48	Delete e:\cli\i3006962.018
30.03.2016 16:27:48	Удалено 1 файлов
30.03.2016 16:34:46	Copy e:\cli\i3006962.019 --> c:\uarm3\exg\cli
30.03.2016 16:34:46	Скопировано 1 файлов
30.03.2016 16:34:46	Delete e:\cli\i3006962.019
30.03.2016 16:34:46	Удалено 1 файлов
30.03.2016 16:58:20	Copy e:\cli\i3006962.020 --> c:\uarm3\exg\cli
30.03.2016 16:58:20	Скопировано 1 файлов
30.03.2016 16:58:20	Delete e:\cli\i3006962.020
30.03.2016 16:58:20	Удалено 1 файлов
30.03.2016 17:08:33	Copy e:\cli\i3006962.021 --> c:\uarm3\exg\cli
30.03.2016 17:08:33	Скопировано 1 файлов
30.03.2016 17:08:33	Delete e:\cli\i3006962.021
30.03.2016 17:08:33	Удалено 1 файлов
30.03.2016 17:23:32	Copy e:\cli\i3006962.022 --> c:\uarm3\exg\cli
30.03.2016 17:23:32	Скопировано 1 файлов
30.03.2016 17:23:32	Delete e:\cli\i3006962.022
30.03.2016 17:23:32	Удалено 1 файлов
30.03.2016 17:33:26	Copy e:\cli\p3006962.002 --> c:\uarm3\exg\cli
30.03.2016 17:33:26	Скопировано 1 файлов
30.03.2016 17:33:26	Delete e:\cli\p3006962.002
30.03.2016 17:33:26	Удалено 1 файлов
30.03.2016 17:39:16	Copy e:\cli\i3006962.024 --> c:\uarm3\exg\cli
30.03.2016 17:39:16	Скопировано 1 файлов
30.03.2016 17:39:16	Delete e:\cli\i3006962.024
30.03.2016 17:39:16	Удалено 1 файлов
30.03.2016 17:48:05	Copy e:\cli\i3006962.025 --> c:\uarm3\exg\cli
30.03.2016 17:48:05	Скопировано 1 файлов
30.03.2016 17:48:05	Delete e:\cli\i3006962.025
30.03.2016 17:48:05	Удалено 1 файлов
30.03.2016 17:52:46	Copy e:\cli\i3006962.026 --> c:\uarm3\exg\cli
30.03.2016 17:52:46	Скопировано 1 файлов
30.03.2016 17:52:46	Delete e:\cli\i3006962.026
30.03.2016 17:52:46	Удалено 1 файлов
30.03.2016 18:02:28	Copy e:\cli\i3006962.028 --> c:\uarm3\exg\cli
30.03.2016 18:02:28	Скопировано 1 файлов
30.03.2016 18:02:28	Delete e:\cli\i3006962.028
30.03.2016 18:02:28	Удалено 1 файлов
