31.03.2016 10:00:21	Copy e:\cli\i3106962.001 --> c:\uarm3\exg\cli
31.03.2016 10:00:21	Скопировано 1 файлов
31.03.2016 10:00:21	Delete e:\cli\i3106962.001
31.03.2016 10:00:21	Удалено 1 файлов
31.03.2016 10:18:31	Copy e:\cli\i3106962.002 --> c:\uarm3\exg\cli
31.03.2016 10:18:31	Скопировано 1 файлов
31.03.2016 10:18:31	Delete e:\cli\i3106962.002
31.03.2016 10:18:31	Удалено 1 файлов
31.03.2016 10:46:40	Copy e:\cli\i3106962.003 --> c:\uarm3\exg\cli
31.03.2016 10:46:40	Скопировано 1 файлов
31.03.2016 10:46:40	Delete e:\cli\i3106962.003
31.03.2016 10:46:40	Удалено 1 файлов
31.03.2016 11:14:57	Copy e:\cli\i3106962.004 --> c:\uarm3\exg\cli
31.03.2016 11:14:57	Скопировано 1 файлов
31.03.2016 11:14:57	Delete e:\cli\i3106962.004
31.03.2016 11:14:57	Удалено 1 файлов
31.03.2016 11:22:00	Copy e:\cli\i3106962.005 --> c:\uarm3\exg\cli
31.03.2016 11:22:00	Скопировано 1 файлов
31.03.2016 11:22:00	Delete e:\cli\i3106962.005
31.03.2016 11:22:00	Удалено 1 файлов
31.03.2016 11:48:44	Copy e:\cli\i31.101 --> c:\uarm3\exg\cli
31.03.2016 11:48:44	Copy e:\cli\i31.102 --> c:\uarm3\exg\cli
31.03.2016 11:48:44	Copy e:\cli\i31.103 --> c:\uarm3\exg\cli
31.03.2016 11:48:44	Скопировано 3 файлов
31.03.2016 11:48:44	Delete e:\cli\i31.101
31.03.2016 11:48:44	Delete e:\cli\i31.102
31.03.2016 11:48:44	Delete e:\cli\i31.103
31.03.2016 11:48:44	Удалено 3 файлов
31.03.2016 11:54:55	Copy e:\cli\i3106962.006 --> c:\uarm3\exg\cli
31.03.2016 11:54:55	Скопировано 1 файлов
31.03.2016 11:54:55	Delete e:\cli\i3106962.006
31.03.2016 11:54:55	Удалено 1 файлов
31.03.2016 12:16:27	Copy e:\cli\i3106962.007 --> c:\uarm3\exg\cli
31.03.2016 12:16:27	Скопировано 1 файлов
31.03.2016 12:16:27	Delete e:\cli\i3106962.007
31.03.2016 12:16:27	Удалено 1 файлов
31.03.2016 12:48:18	Copy e:\cli\i3106962.008 --> c:\uarm3\exg\cli
31.03.2016 12:48:18	Скопировано 1 файлов
31.03.2016 12:48:18	Delete e:\cli\i3106962.008
31.03.2016 12:48:18	Удалено 1 файлов
31.03.2016 12:57:01	Copy e:\cli\i3106962.009 --> c:\uarm3\exg\cli
31.03.2016 12:57:01	Скопировано 1 файлов
31.03.2016 12:57:01	Delete e:\cli\i3106962.009
31.03.2016 12:57:01	Удалено 1 файлов
31.03.2016 14:21:48	Copy e:\cli\i3106962.010 --> c:\uarm3\exg\cli
31.03.2016 14:21:48	Скопировано 1 файлов
31.03.2016 14:21:48	Delete e:\cli\i3106962.010
31.03.2016 14:21:48	Удалено 1 файлов
31.03.2016 14:27:23	Copy e:\cli\i3106962.011 --> c:\uarm3\exg\cli
31.03.2016 14:27:23	Скопировано 1 файлов
31.03.2016 14:27:23	Delete e:\cli\i3106962.011
31.03.2016 14:27:23	Удалено 1 файлов
31.03.2016 14:33:49	Copy e:\cli\i3106962.013 --> c:\uarm3\exg\cli
31.03.2016 14:33:49	Скопировано 1 файлов
31.03.2016 14:33:49	Delete e:\cli\i3106962.013
31.03.2016 14:33:49	Удалено 1 файлов
31.03.2016 14:51:55	Copy e:\cli\i3106962.014 --> c:\uarm3\exg\cli
31.03.2016 14:51:55	Скопировано 1 файлов
31.03.2016 14:51:55	Delete e:\cli\i3106962.014
31.03.2016 14:51:55	Удалено 1 файлов
31.03.2016 15:05:40	Copy e:\cli\i31.104 --> c:\uarm3\exg\cli
31.03.2016 15:05:40	Скопировано 1 файлов
31.03.2016 15:05:40	Delete e:\cli\i31.104
31.03.2016 15:05:40	Удалено 1 файлов
31.03.2016 15:15:49	Copy e:\cli\i3106962.016 --> c:\uarm3\exg\cli
31.03.2016 15:15:49	Скопировано 1 файлов
31.03.2016 15:15:49	Delete e:\cli\i3106962.016
31.03.2016 15:15:49	Удалено 1 файлов
31.03.2016 15:23:17	Copy e:\cli\i31.105 --> c:\uarm3\exg\cli
31.03.2016 15:23:17	Скопировано 1 файлов
31.03.2016 15:23:17	Delete e:\cli\i31.105
31.03.2016 15:23:17	Удалено 1 файлов
31.03.2016 15:37:17	Copy e:\cli\i3106962.018 --> c:\uarm3\exg\cli
31.03.2016 15:37:17	Скопировано 1 файлов
31.03.2016 15:37:17	Delete e:\cli\i3106962.018
31.03.2016 15:37:17	Удалено 1 файлов
31.03.2016 15:40:56	Copy e:\cli\i3106962.019 --> c:\uarm3\exg\cli
31.03.2016 15:40:56	Скопировано 1 файлов
31.03.2016 15:40:56	Delete e:\cli\i3106962.019
31.03.2016 15:40:56	Удалено 1 файлов
31.03.2016 15:48:50	Copy e:\cli\i3106962.020 --> c:\uarm3\exg\cli
31.03.2016 15:48:50	Скопировано 1 файлов
31.03.2016 15:48:50	Delete e:\cli\i3106962.020
31.03.2016 15:48:50	Удалено 1 файлов
31.03.2016 16:26:57	Copy e:\cli\i3106962.021 --> c:\uarm3\exg\cli
31.03.2016 16:26:57	Скопировано 1 файлов
31.03.2016 16:26:57	Delete e:\cli\i3106962.021
31.03.2016 16:26:57	Удалено 1 файлов
31.03.2016 16:35:05	Copy e:\cli\p3106962.001 --> c:\uarm3\exg\cli
31.03.2016 16:35:05	Скопировано 1 файлов
31.03.2016 16:35:05	Delete e:\cli\p3106962.001
31.03.2016 16:35:05	Удалено 1 файлов
31.03.2016 16:57:47	Copy e:\cli\i3106962.023 --> c:\uarm3\exg\cli
31.03.2016 16:57:47	Скопировано 1 файлов
31.03.2016 16:57:47	Delete e:\cli\i3106962.023
31.03.2016 16:57:47	Удалено 1 файлов
31.03.2016 17:20:05	Copy e:\cli\i3106962.024 --> c:\uarm3\exg\cli
31.03.2016 17:20:05	Скопировано 1 файлов
31.03.2016 17:20:05	Delete e:\cli\i3106962.024
31.03.2016 17:20:05	Удалено 1 файлов
31.03.2016 17:26:58	Copy e:\cli\i3106962.025 --> c:\uarm3\exg\cli
31.03.2016 17:26:58	Скопировано 1 файлов
31.03.2016 17:26:58	Delete e:\cli\i3106962.025
31.03.2016 17:26:58	Удалено 1 файлов
31.03.2016 17:29:29	Copy e:\cli\i3106962.026 --> c:\uarm3\exg\cli
31.03.2016 17:29:29	Скопировано 1 файлов
31.03.2016 17:29:29	Delete e:\cli\i3106962.026
31.03.2016 17:29:29	Удалено 1 файлов
31.03.2016 17:44:45	Copy e:\cli\p3106962.002 --> c:\uarm3\exg\cli
31.03.2016 17:44:45	Скопировано 1 файлов
31.03.2016 17:44:45	Delete e:\cli\p3106962.002
31.03.2016 17:44:45	Удалено 1 файлов
