Тюменский филиал АО КБ "АГРОПРОМКРЕДИТ"
                Cчет 40911810000020061224  за 24.10.18
 
Валюта: руб.
                                             
Расчеты по Договору 19/1224 от 07.11.2011 с "Тюменьэнергосбыт" - Филиал ОАО 
"ЭК "Восток"
Дата предыдущей выписки 23.10.18
-==T========T=========T====================T================T================T============================================¬
¦РО¦Документ¦    КБ   ¦        Счет        ¦      Дебет     ¦     Кредит     ¦          Назначение операции               ¦
¦==¦========¦=========¦====================+================+================+============================================¦
¦            Остаток на начало дня         ¦                ¦        16777.00¦                                            ¦
+--T--------T---------T--------------------+----------------+----------------+--------------------------------------------+
¦  ¦        ¦         ¦                    ¦                ¦                ¦                                            ¦
¦==¦========¦=========¦====================+================+================+============================================¦
¦            Итог оборотов                 ¦            0.00¦            0.00¦                                            ¦
+------------------------------------------+----------------+----------------+--------------------------------------------+
¦            Остаток на конец дня          ¦            0.00¦            0.00¦                                            ¦
L------------------------------------------+----------------+----------------+---------------------------------------------
=================================================================================================================
Тюменский филиал АО КБ "АГРОПРОМКРЕДИТ"
                Cчет 40911810800020070004  за 24.10.18
 
Валюта: руб.
                                             
Переводы денежных средств в пользу третьих лиц
Дата предыдущей выписки 23.10.18
-==T========T=========T====================T================T================T============================================¬
¦РО¦Документ¦    КБ   ¦        Счет        ¦      Дебет     ¦     Кредит     ¦          Назначение операции               ¦
¦==¦========¦=========¦====================+================+================+============================================¦
¦            Остаток на начало дня         ¦                ¦         4365.72¦                                            ¦
+--T--------T---------T--------------------+----------------+----------------+--------------------------------------------+
¦4 ¦12349650¦         ¦20202810230020000001¦                ¦            8.94¦Получено от : ГРАЧЕВА ВАСИЛИНА НИКОЛАЕВНА . ¦
¦  ¦        ¦         ¦                    ¦                ¦                ¦Основание : ДОГОВОР № 1082 ОТ 13.06.2018Г.  ¦
¦  ¦        ¦         ¦                    ¦                ¦                ¦ОПЛАТА ПЕНИ ЗА Т/ЭНЕРГИЮ. ПЛАТЕЛЬЩИК:       ¦
¦  ¦        ¦         ¦                    ¦                ¦                ¦ЗАВЬЯЛОВА ОЛЬГА АНАТОЛЬЕВНА.НДС . Приложение¦
¦  ¦        ¦         ¦                    ¦                ¦                ¦:                                           ¦
¦  ¦        ¦         ¦                    ¦                ¦                ¦Роспись (Символ, Сумма, Назначение):        ¦
¦  ¦        ¦         ¦                    ¦                ¦                ¦011     8.94 Поступления выручки от реализа.¦
¦4 ¦12352685¦         ¦20202810800020000004¦                ¦          600.00¦Получено от : ПТИЦЫНА НАТАЛЬЯ АНАНЬЕВНА .   ¦
¦  ¦        ¦         ¦                    ¦                ¦                ¦Основание : ПЕРЕВОД Д/С ПО З-Ю ОТ 24.10.18  ¦
¦  ¦        ¦         ¦                    ¦                ¦                ¦ОПЛ. ЗА ЭЛ. ЭН. Л/СЧ № 679 ПАШАЕВ А.А.  ПО  ¦
¦  ¦        ¦         ¦                    ¦                ¦                ¦АДРЕСУ Г. НОЯБРЬСК УЛ.УРЕН . Приложение :   ¦
¦  ¦        ¦         ¦                    ¦                ¦                ¦Роспись (Символ, Сумма, Назначение):        ¦
¦  ¦        ¦         ¦                    ¦                ¦                ¦011   600.00 Поступления выручки от реализа.¦
¦4 ¦12353265¦         ¦20202810530020000002¦                ¦          600.00¦Получено от : КАРЕЛИНА ИРИНА АЛЕКСАНДРОВНА .¦
¦  ¦        ¦         ¦                    ¦                ¦                ¦Основание : ОПЛАТА ГОС.ПОШЛИНЫ ПО РЕШЕНИЮ   ¦
¦  ¦        ¦         ¦                    ¦                ¦                ¦СУДА. . Приложение :                        ¦
¦  ¦        ¦         ¦                    ¦                ¦                ¦Роспись (Символ, Сумма, Назначение):        ¦
¦  ¦        ¦         ¦                    ¦                ¦                ¦012   600.00 Поступления налогов, сборов, в.¦
¦4 ¦12349222¦         ¦20202810230020000001¦                ¦          649.37¦Получено от : ГРАЧЕВА ВАСИЛИНА НИКОЛАЕВНА . ¦
¦  ¦        ¦         ¦                    ¦                ¦                ¦Основание : ДОГОВОР № 921 В ОТ 01.09.2014Г. ¦
¦  ¦        ¦         ¦                    ¦                ¦                ¦ОПЛАТА ЗА ВОДУ С/НО С/ФАКТУРЫ № 17086 ОТ 30 ¦
¦  ¦        ¦         ¦                    ¦                ¦                ¦СЕНТЯБРЯ 2018Г. НДС В Т. . Приложение :     ¦
¦  ¦        ¦         ¦                    ¦                ¦                ¦Роспись (Символ, Сумма, Назначение):        ¦
¦  ¦        ¦         ¦                    ¦                ¦                ¦011   649.37 Поступления выручки от реализа.¦
¦4 ¦12349132¦         ¦20202810230020000001¦                ¦         3970.69¦Получено от : ГРАЧЕВА ВАСИЛИНА НИКОЛАЕВНА . ¦
¦  ¦        ¦         ¦                    ¦                ¦                ¦Основание : ДОГОВОР № 921 ОТ 01.09.2014Г.   ¦
¦  ¦        ¦         ¦                    ¦                ¦                ¦ОПЛАТА ЗА Т/ЭНЕРГИЮ С/НО С/ФАКТУРЫ № 17085  ¦
¦  ¦        ¦         ¦                    ¦                ¦                ¦ОТ 30 СЕНТЯБРЯ 2018Г. ПЛАТЕ . Приложение :  ¦
¦  ¦        ¦         ¦                    ¦                ¦                ¦Роспись (Символ, Сумма, Назначение):        ¦
¦  ¦        ¦         ¦                    ¦                ¦                ¦011  3970.69 Поступления выручки от реализа.¦
¦4 ¦12352324¦         ¦20202810530020000002¦                ¦         4373.52¦Получено от : КАРЕЛИНА ИРИНА АЛЕКСАНДРОВНА .¦
¦  ¦        ¦         ¦                    ¦                ¦                ¦Основание : ДОГОВОР № 773 В ОТ 01.09.2014Г. ¦
¦  ¦        ¦         ¦                    ¦                ¦                ¦ОПЛАТА ЗА ВОДУ С/НО С/ФАКТУРЫ № 17021 ОТ 30 ¦
¦  ¦        ¦         ¦                    ¦                ¦                ¦СЕНТЯБРЯ 2018Г. ПЛАТЕЛЬЩ . Приложение :     ¦
¦  ¦        ¦         ¦                    ¦                ¦                ¦Роспись (Символ, Сумма, Назначение):        ¦
¦  ¦        ¦         ¦                    ¦                ¦                ¦011  4373.52 Поступления выручки от реализа.¦
¦4 ¦12349499¦         ¦20202810800020000004¦                ¦         6000.00¦Получено от : ПТИЦЫНА НАТАЛЬЯ АНАНЬЕВНА .   ¦
¦  ¦        ¦         ¦                    ¦                ¦                ¦Основание : ПЕРЕВОД Д/С ПО З-Ю ОТ 24.10.18  ¦
¦  ¦        ¦         ¦                    ¦                ¦                ¦ОПЛ. ЗА ЭЛ. ЭН. Л/СЧ №48990 ГАЙНЕЕВА С.Ю. ПО¦
¦  ¦        ¦         ¦                    ¦                ¦                ¦АДРЕСУ Г. НОЯБРЬСК УЛ. Ш . Приложение :     ¦
¦  ¦        ¦         ¦                    ¦                ¦                ¦Роспись (Символ, Сумма, Назначение):        ¦
¦  ¦        ¦         ¦                    ¦                ¦                ¦011  6000.00 Поступления выручки от реализа.¦
¦4 ¦12353107¦         ¦20202810530020000002¦                ¦         9123.27¦Получено от : КАРЕЛИНА ИРИНА АЛЕКСАНДРОВНА .¦
¦  ¦        ¦         ¦                    ¦                ¦                ¦Основание : ОПЛАТА ПО ДОГОВОРУ 483 ОТ       ¦
¦  ¦        ¦         ¦                    ¦                ¦                ¦20.04.2015Г.НДС В Т.Ч. . Приложение :       ¦
¦  ¦        ¦         ¦                    ¦                ¦                ¦Роспись (Символ, Сумма, Назначение):        ¦
¦  ¦        ¦         ¦                    ¦                ¦                ¦011  9123.27 Поступления выручки от реализа.¦
¦==¦========¦=========¦====================+================+================+============================================¦
¦            Итог оборотов                 ¦            0.00¦        25325.79¦                                            ¦
+------------------------------------------+----------------+----------------+--------------------------------------------+
¦            Остаток на конец дня          ¦                ¦        21073.52¦                                            ¦
L------------------------------------------+----------------+----------------+---------------------------------------------
=================================================================================================================
Тюменский филиал АО КБ "АГРОПРОМКРЕДИТ"
                Cчет 40911810900024400004  за 24.10.18
 
Валюта: руб.
                                             
Тюмень Принятые переводы по Золотая Корона по России (рез) (РУБ.)
Дата предыдущей выписки 23.10.18
-==T========T=========T====================T================T================T============================================¬
¦РО¦Документ¦    КБ   ¦        Счет        ¦      Дебет     ¦     Кредит     ¦          Назначение операции               ¦
¦==¦========¦=========¦====================+================+================+============================================¦
¦            Остаток на начало дня         ¦            0.00¦            0.00¦                                            ¦
+--T--------T---------T--------------------+----------------+----------------+--------------------------------------------+
¦4 ¦12349491¦         ¦20202810500020000003¦                ¦           49.00¦Получено от : БЕЛОВА СВЕТЛАНА ВИКТОРОВНА .  ¦
¦  ¦        ¦         ¦                    ¦                ¦                ¦Основание : Взнос для перевода без открытия ¦
¦  ¦        ¦         ¦                    ¦                ¦                ¦счета . Приложение :                        ¦
¦  ¦        ¦         ¦                    ¦                ¦                ¦Роспись (Символ, Сумма, Назначение):        ¦
¦  ¦        ¦         ¦                    ¦                ¦                ¦032    49.00 Прочие поступления.            ¦
¦4 ¦12349465¦         ¦20202810531020000001¦                ¦          145.00¦Получено от : ШИРИАЗДАНОВА АНАСТАСИЯ        ¦
¦  ¦        ¦         ¦                    ¦                ¦                ¦АЛЕКСАНДРОВНА . Основание : Комиссия банка  ¦
¦  ¦        ¦         ¦                    ¦                ¦                ¦за перевод (ЧУДИНОВА АННА АЛЕКСЕЕВНА). .    ¦
¦  ¦        ¦         ¦                    ¦                ¦                ¦Приложение :                                ¦
¦  ¦        ¦         ¦                    ¦                ¦                ¦Роспись (Символ, Сумма, Назначение):        ¦
¦  ¦        ¦         ¦                    ¦                ¦                ¦032   145.00 Прочие поступления.            ¦
¦4 ¦12349490¦         ¦20202810500020000003¦                ¦         7000.00¦Получено от : БЕЛОВА СВЕТЛАНА ВИКТОРОВНА .  ¦
¦  ¦        ¦         ¦                    ¦                ¦                ¦Основание : Взнос для перевода без открытия ¦
¦  ¦        ¦         ¦                    ¦                ¦                ¦счета . Приложение :                        ¦
¦  ¦        ¦         ¦                    ¦                ¦                ¦Роспись (Символ, Сумма, Назначение):        ¦
¦  ¦        ¦         ¦                    ¦                ¦                ¦013  7000.00 Поступления от совершения опер.¦
¦4 ¦12351619¦         ¦20202810832020000001¦                ¦        11500.00¦Получено от : ПИКУЛЕВА МАРИНА ВЯЧЕСЛАВОВНА .¦
¦  ¦        ¦         ¦                    ¦                ¦                ¦Основание : Взнос для перевода без открытия ¦
¦  ¦        ¦         ¦                    ¦                ¦                ¦счета . Приложение :                        ¦
¦  ¦        ¦         ¦                    ¦                ¦                ¦Роспись (Символ, Сумма, Назначение):        ¦
¦  ¦        ¦         ¦                    ¦                ¦                ¦014 11500.00 Поступления в погашение займом.¦
¦4 ¦12349531¦         ¦20202810230020000001¦                ¦        14500.00¦Получено от : ГРАЧЕВА ВАСИЛИНА НИКОЛАЕВНА . ¦
¦  ¦        ¦         ¦                    ¦                ¦                ¦Основание : Взнос для перевода без открытия ¦
¦  ¦        ¦         ¦                    ¦                ¦                ¦счета . Приложение :                        ¦
¦  ¦        ¦         ¦                    ¦                ¦                ¦Роспись (Символ, Сумма, Назначение):        ¦
¦  ¦        ¦         ¦                    ¦                ¦                ¦014 14500.00 Поступления в погашение займом.¦
¦4 ¦12352059¦         ¦20202810230020000001¦                ¦        15000.00¦Получено от : ГРАЧЕВА ВАСИЛИНА НИКОЛАЕВНА . ¦
¦  ¦        ¦         ¦                    ¦                ¦                ¦Основание : Взнос для перевода без открытия ¦
¦  ¦        ¦         ¦                    ¦                ¦                ¦счета . Приложение :                        ¦
¦  ¦        ¦         ¦                    ¦                ¦                ¦Роспись (Символ, Сумма, Назначение):        ¦
¦  ¦        ¦         ¦                    ¦                ¦                ¦014 15000.00 Поступления в погашение займом.¦
¦4 ¦12352792¦         ¦20202810530020000002¦                ¦        17088.00¦Получено от : КАРЕЛИНА ИРИНА АЛЕКСАНДРОВНА .¦
¦  ¦        ¦         ¦                    ¦                ¦                ¦Основание : Взнос для перевода без открытия ¦
¦  ¦        ¦         ¦                    ¦                ¦                ¦счета . Приложение :                        ¦
¦  ¦        ¦         ¦                    ¦                ¦                ¦Роспись (Символ, Сумма, Назначение):        ¦
¦  ¦        ¦         ¦                    ¦                ¦                ¦014 17088.00 Поступления в погашение займом.¦
¦4 ¦12349911¦         ¦20202810230020000001¦                ¦        20000.00¦Получено от : ГРАЧЕВА ВАСИЛИНА НИКОЛАЕВНА . ¦
¦  ¦        ¦         ¦                    ¦                ¦                ¦Основание : Взнос для перевода без открытия ¦
¦  ¦        ¦         ¦                    ¦                ¦                ¦счета . Приложение :                        ¦
¦  ¦        ¦         ¦                    ¦                ¦                ¦Роспись (Символ, Сумма, Назначение):        ¦
¦  ¦        ¦         ¦                    ¦                ¦                ¦014 20000.00 Поступления в погашение займом.¦
¦4 ¦12349464¦         ¦20202810531020000001¦                ¦        29000.00¦Получено от : ШИРИАЗДАНОВА АНАСТАСИЯ        ¦
¦  ¦        ¦         ¦                    ¦                ¦                ¦АЛЕКСАНДРОВНА . Основание : Взнос для       ¦
¦  ¦        ¦         ¦                    ¦                ¦                ¦перевода без открытия счета . Приложение :  ¦
¦  ¦        ¦         ¦                    ¦                ¦                ¦Роспись (Символ, Сумма, Назначение):        ¦
¦  ¦        ¦         ¦                    ¦                ¦                ¦014 29000.00 Поступления в погашение займом.¦
¦4 ¦12352693¦         ¦20202810531020000001¦                ¦        32000.00¦Получено от : ШИРИАЗДАНОВА АНАСТАСИЯ        ¦
¦  ¦        ¦         ¦                    ¦                ¦                ¦АЛЕКСАНДРОВНА . Основание : Взнос для       ¦
¦  ¦        ¦         ¦                    ¦                ¦                ¦перевода без открытия счета . Приложение :  ¦
¦  ¦        ¦         ¦                    ¦                ¦                ¦Роспись (Символ, Сумма, Назначение):        ¦
¦  ¦        ¦         ¦                    ¦                ¦                ¦014 32000.00 Поступления в погашение займом.¦
¦4 ¦12353908¦         ¦20202810530020000002¦                ¦       104000.00¦Получено от : КАРЕЛИНА ИРИНА АЛЕКСАНДРОВНА .¦
¦  ¦        ¦         ¦                    ¦                ¦                ¦Основание : Взнос для перевода без открытия ¦
¦  ¦        ¦         ¦                    ¦                ¦                ¦счета . Приложение :                        ¦
¦  ¦        ¦         ¦                    ¦                ¦                ¦Роспись (Символ, Сумма, Назначение):        ¦
¦  ¦        ¦         ¦                    ¦                ¦                ¦014 104000.00 Поступления в погашение займо.¦
¦4 ¦12351185¦         ¦20202810230020000001¦                ¦       220000.00¦Получено от : ГРАЧЕВА ВАСИЛИНА НИКОЛАЕВНА . ¦
¦  ¦        ¦         ¦                    ¦                ¦                ¦Основание : Взнос для перевода без открытия ¦
¦  ¦        ¦         ¦                    ¦                ¦                ¦счета . Приложение :                        ¦
¦  ¦        ¦         ¦                    ¦                ¦                ¦Роспись (Символ, Сумма, Назначение):        ¦
¦  ¦        ¦         ¦                    ¦                ¦                ¦014 220000.00 Поступления в погашение займо.¦
¦1 ¦12349492¦047106962¦30301810400020000007¦         7049.00¦                ¦Сумма к переводу с учетом комиссии Компании ¦
¦1 ¦12351620¦047106962¦30301810400020000007¦        11500.00¦                ¦Взнос для перевода без открытия счета       ¦
¦1 ¦12349532¦047106962¦30301810400020000007¦        14500.00¦                ¦Взнос для перевода без открытия счета       ¦
¦1 ¦12352060¦047106962¦30301810400020000007¦        15000.00¦                ¦Взнос для перевода без открытия счета       ¦
¦1 ¦12352793¦047106962¦30301810400020000007¦        17088.00¦                ¦Взнос для перевода без открытия счета       ¦
¦1 ¦12349912¦047106962¦30301810400020000007¦        20000.00¦                ¦Взнос для перевода без открытия счета       ¦
¦1 ¦12349466¦047106962¦30301810400020000007¦        29145.00¦                ¦Взнос для перевода без открытия счета       ¦
¦1 ¦12352694¦047106962¦30301810400020000007¦        32000.00¦                ¦Взнос для перевода без открытия счета       ¦
¦1 ¦12353909¦047106962¦30301810400020000007¦       104000.00¦                ¦Взнос для перевода без открытия счета       ¦
¦1 ¦12351186¦047106962¦30301810400020000007¦       220000.00¦                ¦Взнос для перевода без открытия счета       ¦
¦==¦========¦=========¦====================+================+================+============================================¦
¦            Итог оборотов                 ¦       470282.00¦       470282.00¦                                            ¦
+------------------------------------------+----------------+----------------+--------------------------------------------+
¦            Остаток на конец дня          ¦            0.00¦            0.00¦                                            ¦
L------------------------------------------+----------------+----------------+---------------------------------------------
=================================================================================================================
